[2023-11-20T22:03:13.875+0000] {taskinstance.py:1159} INFO - Dependencies all met for dep_context=non-requeueable deps ti=<TaskInstance: Projet1.send_email_on_success manual__2023-11-20T22:02:01.831389+00:00 [queued]>
[2023-11-20T22:03:13.887+0000] {taskinstance.py:1159} INFO - Dependencies all met for dep_context=requeueable deps ti=<TaskInstance: Projet1.send_email_on_success manual__2023-11-20T22:02:01.831389+00:00 [queued]>
[2023-11-20T22:03:13.888+0000] {taskinstance.py:1361} INFO - Starting attempt 1 of 1
[2023-11-20T22:03:13.902+0000] {taskinstance.py:1382} INFO - Executing <Task(EmailOperator): send_email_on_success> on 2023-11-20 22:02:01.831389+00:00
[2023-11-20T22:03:13.908+0000] {standard_task_runner.py:57} INFO - Started process 2461 to run task
[2023-11-20T22:03:13.912+0000] {standard_task_runner.py:84} INFO - Running: ['***', 'tasks', 'run', 'Projet1', 'send_email_on_success', 'manual__2023-11-20T22:02:01.831389+00:00', '--job-id', '353', '--raw', '--subdir', 'DAGS_FOLDER/Projet.py', '--cfg-path', '/tmp/tmpu0f0w6b8']
[2023-11-20T22:03:13.914+0000] {standard_task_runner.py:85} INFO - Job 353: Subtask send_email_on_success
[2023-11-20T22:03:13.965+0000] {task_command.py:416} INFO - Running <TaskInstance: Projet1.send_email_on_success manual__2023-11-20T22:02:01.831389+00:00 [running]> on host b36ebcee5948
[2023-11-20T22:03:14.056+0000] {taskinstance.py:1662} INFO - Exporting env vars: AIRFLOW_CTX_DAG_OWNER='***' AIRFLOW_CTX_DAG_ID='Projet1' AIRFLOW_CTX_TASK_ID='send_email_on_success' AIRFLOW_CTX_EXECUTION_DATE='2023-11-20T22:02:01.831389+00:00' AIRFLOW_CTX_TRY_NUMBER='1' AIRFLOW_CTX_DAG_RUN_ID='manual__2023-11-20T22:02:01.831389+00:00'
[2023-11-20T22:03:14.070+0000] {warnings.py:109} WARNING - /home/***/.local/lib/python3.8/site-packages/***/utils/email.py:154: RemovedInAirflow3Warning: Fetching SMTP credentials from configuration variables will be deprecated in a future release. Please set credentials using a connection instead.
  send_mime_email(e_from=mail_from, e_to=recipients, mime_msg=msg, conn_id=conn_id, dryrun=dryrun)

[2023-11-20T22:03:14.070+0000] {configuration.py:1068} WARNING - section/key [smtp/smtp_user] not found in config
[2023-11-20T22:03:14.071+0000] {email.py:270} INFO - Email alerting: attempt 1
[2023-11-20T22:03:14.077+0000] {taskinstance.py:1937} ERROR - Task failed with exception
Traceback (most recent call last):
  File "/home/airflow/.local/lib/python3.8/site-packages/airflow/operators/email.py", line 77, in execute
    send_email(
  File "/home/airflow/.local/lib/python3.8/site-packages/airflow/utils/email.py", line 80, in send_email
    return backend(
  File "/home/airflow/.local/lib/python3.8/site-packages/airflow/utils/email.py", line 154, in send_email_smtp
    send_mime_email(e_from=mail_from, e_to=recipients, mime_msg=msg, conn_id=conn_id, dryrun=dryrun)
  File "/home/airflow/.local/lib/python3.8/site-packages/airflow/utils/email.py", line 272, in send_mime_email
    smtp_conn = _get_smtp_connection(smtp_host, smtp_port, smtp_timeout, smtp_ssl)
  File "/home/airflow/.local/lib/python3.8/site-packages/airflow/utils/email.py", line 316, in _get_smtp_connection
    return smtplib.SMTP(host=host, port=port, timeout=timeout)
  File "/usr/local/lib/python3.8/smtplib.py", line 255, in __init__
    (code, msg) = self.connect(host, port)
  File "/usr/local/lib/python3.8/smtplib.py", line 339, in connect
    self.sock = self._get_socket(host, port, self.timeout)
  File "/usr/local/lib/python3.8/smtplib.py", line 310, in _get_socket
    return socket.create_connection((host, port), timeout,
  File "/usr/local/lib/python3.8/socket.py", line 808, in create_connection
    raise err
  File "/usr/local/lib/python3.8/socket.py", line 796, in create_connection
    sock.connect(sa)
OSError: [Errno 99] Cannot assign requested address
[2023-11-20T22:03:14.089+0000] {taskinstance.py:1400} INFO - Marking task as FAILED. dag_id=Projet1, task_id=send_email_on_success, execution_date=20231120T220201, start_date=20231120T220313, end_date=20231120T220314
[2023-11-20T22:03:14.107+0000] {standard_task_runner.py:104} ERROR - Failed to execute job 353 for task send_email_on_success ([Errno 99] Cannot assign requested address; 2461)
[2023-11-20T22:03:14.125+0000] {local_task_job_runner.py:228} INFO - Task exited with return code 1
[2023-11-20T22:03:14.144+0000] {taskinstance.py:2778} INFO - 0 downstream tasks scheduled from follow-on schedule check
