[2023-11-09T11:25:26.130+0000] {taskinstance.py:1159} INFO - Dependencies all met for dep_context=non-requeueable deps ti=<TaskInstance: essai.t2 manual__2023-11-09T11:20:21.863232+00:00 [queued]>
[2023-11-09T11:25:26.140+0000] {taskinstance.py:1159} INFO - Dependencies all met for dep_context=requeueable deps ti=<TaskInstance: essai.t2 manual__2023-11-09T11:20:21.863232+00:00 [queued]>
[2023-11-09T11:25:26.141+0000] {taskinstance.py:1361} INFO - Starting attempt 2 of 2
[2023-11-09T11:25:26.155+0000] {taskinstance.py:1382} INFO - Executing <Task(_PythonDecoratedOperator): t2> on 2023-11-09 11:20:21.863232+00:00
[2023-11-09T11:25:26.161+0000] {standard_task_runner.py:57} INFO - Started process 7853 to run task
[2023-11-09T11:25:26.164+0000] {standard_task_runner.py:84} INFO - Running: ['***', 'tasks', 'run', 'essai', 't2', 'manual__2023-11-09T11:20:21.863232+00:00', '--job-id', '20', '--raw', '--subdir', 'DAGS_FOLDER/Part1.py', '--cfg-path', '/tmp/tmpara_uqz8']
[2023-11-09T11:25:26.166+0000] {standard_task_runner.py:85} INFO - Job 20: Subtask t2
[2023-11-09T11:25:26.241+0000] {task_command.py:416} INFO - Running <TaskInstance: essai.t2 manual__2023-11-09T11:20:21.863232+00:00 [running]> on host fb26c01043df
[2023-11-09T11:25:26.366+0000] {taskinstance.py:1662} INFO - Exporting env vars: AIRFLOW_CTX_DAG_EMAIL='***@example.com' AIRFLOW_CTX_DAG_OWNER='***' AIRFLOW_CTX_DAG_ID='essai' AIRFLOW_CTX_TASK_ID='t2' AIRFLOW_CTX_EXECUTION_DATE='2023-11-09T11:20:21.863232+00:00' AIRFLOW_CTX_TRY_NUMBER='2' AIRFLOW_CTX_DAG_RUN_ID='manual__2023-11-09T11:20:21.863232+00:00'
[2023-11-09T11:25:26.376+0000] {taskinstance.py:1937} ERROR - Task failed with exception
Traceback (most recent call last):
  File "/home/airflow/.local/lib/python3.8/site-packages/airflow/decorators/base.py", line 221, in execute
    return_value = super().execute(context)
  File "/home/airflow/.local/lib/python3.8/site-packages/airflow/operators/python.py", line 192, in execute
    return_value = self.execute_callable()
  File "/home/airflow/.local/lib/python3.8/site-packages/airflow/operators/python.py", line 209, in execute_callable
    return self.python_callable(*self.op_args, **self.op_kwargs)
  File "/opt/airflow/dags/Part1.py", line 19, in data_transform
    data = pd.read_csv('${AIRFLOW_HOME}/data/valeurs_foncieres.txt', delimiter='|')
  File "/home/airflow/.local/lib/python3.8/site-packages/pandas/io/parsers/readers.py", line 912, in read_csv
    return _read(filepath_or_buffer, kwds)
  File "/home/airflow/.local/lib/python3.8/site-packages/pandas/io/parsers/readers.py", line 577, in _read
    parser = TextFileReader(filepath_or_buffer, **kwds)
  File "/home/airflow/.local/lib/python3.8/site-packages/pandas/io/parsers/readers.py", line 1407, in __init__
    self._engine = self._make_engine(f, self.engine)
  File "/home/airflow/.local/lib/python3.8/site-packages/pandas/io/parsers/readers.py", line 1661, in _make_engine
    self.handles = get_handle(
  File "/home/airflow/.local/lib/python3.8/site-packages/pandas/io/common.py", line 859, in get_handle
    handle = open(
FileNotFoundError: [Errno 2] No such file or directory: '${AIRFLOW_HOME}/data/valeurs_foncieres.txt'
[2023-11-09T11:25:26.389+0000] {taskinstance.py:1400} INFO - Marking task as FAILED. dag_id=essai, task_id=t2, execution_date=20231109T112021, start_date=20231109T112526, end_date=20231109T112526
[2023-11-09T11:25:26.405+0000] {standard_task_runner.py:104} ERROR - Failed to execute job 20 for task t2 ([Errno 2] No such file or directory: '${AIRFLOW_HOME}/data/valeurs_foncieres.txt'; 7853)
[2023-11-09T11:25:26.419+0000] {local_task_job_runner.py:228} INFO - Task exited with return code 1
[2023-11-09T11:25:26.446+0000] {taskinstance.py:2778} INFO - 0 downstream tasks scheduled from follow-on schedule check
