[2023-11-15T16:35:05.209+0000] {taskinstance.py:1159} INFO - Dependencies all met for dep_context=non-requeueable deps ti=<TaskInstance: Projet1.Extract manual__2023-11-15T16:35:02.580282+00:00 [queued]>
[2023-11-15T16:35:05.219+0000] {taskinstance.py:1159} INFO - Dependencies all met for dep_context=requeueable deps ti=<TaskInstance: Projet1.Extract manual__2023-11-15T16:35:02.580282+00:00 [queued]>
[2023-11-15T16:35:05.220+0000] {taskinstance.py:1361} INFO - Starting attempt 1 of 1
[2023-11-15T16:35:05.238+0000] {taskinstance.py:1382} INFO - Executing <Task(PythonOperator): Extract> on 2023-11-15 16:35:02.580282+00:00
[2023-11-15T16:35:05.254+0000] {standard_task_runner.py:57} INFO - Started process 53935 to run task
[2023-11-15T16:35:05.257+0000] {standard_task_runner.py:84} INFO - Running: ['***', 'tasks', 'run', 'Projet1', 'Extract', 'manual__2023-11-15T16:35:02.580282+00:00', '--job-id', '187', '--raw', '--subdir', 'DAGS_FOLDER/Projet.py', '--cfg-path', '/tmp/tmpjq12_fa_']
[2023-11-15T16:35:05.259+0000] {standard_task_runner.py:85} INFO - Job 187: Subtask Extract
[2023-11-15T16:35:05.328+0000] {task_command.py:416} INFO - Running <TaskInstance: Projet1.Extract manual__2023-11-15T16:35:02.580282+00:00 [running]> on host fb26c01043df
[2023-11-15T16:35:05.422+0000] {taskinstance.py:1662} INFO - Exporting env vars: AIRFLOW_CTX_DAG_OWNER='***' AIRFLOW_CTX_DAG_ID='Projet1' AIRFLOW_CTX_TASK_ID='Extract' AIRFLOW_CTX_EXECUTION_DATE='2023-11-15T16:35:02.580282+00:00' AIRFLOW_CTX_TRY_NUMBER='1' AIRFLOW_CTX_DAG_RUN_ID='manual__2023-11-15T16:35:02.580282+00:00'
[2023-11-15T16:35:05.767+0000] {logging_mixin.py:151} INFO -   Code tranches d'age;Age
0            0; tous âges
1               1;0-4 ans
2              2;5-14 ans
3             3;15-44 ans
4             4;45-64 ans
5             5;65-74 ans
6        6;75 ans ou plus
[2023-11-15T16:35:05.805+0000] {logging_mixin.py:151} INFO - khchkfchjbmklhnùlkhl===================
[2023-11-15T16:35:05.807+0000] {taskinstance.py:1937} ERROR - Task failed with exception
Traceback (most recent call last):
  File "/home/airflow/.local/lib/python3.8/site-packages/pandas/core/indexes/base.py", line 3653, in get_loc
    return self._engine.get_loc(casted_key)
  File "pandas/_libs/index.pyx", line 147, in pandas._libs.index.IndexEngine.get_loc
  File "pandas/_libs/index.pyx", line 176, in pandas._libs.index.IndexEngine.get_loc
  File "pandas/_libs/hashtable_class_helper.pxi", line 7080, in pandas._libs.hashtable.PyObjectHashTable.get_item
  File "pandas/_libs/hashtable_class_helper.pxi", line 7088, in pandas._libs.hashtable.PyObjectHashTable.get_item
KeyError: 'date_de_passage'

The above exception was the direct cause of the following exception:

Traceback (most recent call last):
  File "/home/airflow/.local/lib/python3.8/site-packages/airflow/operators/python.py", line 192, in execute
    return_value = self.execute_callable()
  File "/home/airflow/.local/lib/python3.8/site-packages/airflow/operators/python.py", line 209, in execute_callable
    return self.python_callable(*self.op_args, **self.op_kwargs)
  File "/opt/airflow/dags/Projet.py", line 33, in extract_data
    print(df_urgences['date_de_passage'])
  File "/home/airflow/.local/lib/python3.8/site-packages/pandas/core/frame.py", line 3761, in __getitem__
    indexer = self.columns.get_loc(key)
  File "/home/airflow/.local/lib/python3.8/site-packages/pandas/core/indexes/base.py", line 3655, in get_loc
    raise KeyError(key) from err
KeyError: 'date_de_passage'
[2023-11-15T16:35:05.852+0000] {taskinstance.py:1400} INFO - Marking task as FAILED. dag_id=Projet1, task_id=Extract, execution_date=20231115T163502, start_date=20231115T163505, end_date=20231115T163505
[2023-11-15T16:35:05.867+0000] {standard_task_runner.py:104} ERROR - Failed to execute job 187 for task Extract ('date_de_passage'; 53935)
[2023-11-15T16:35:05.914+0000] {local_task_job_runner.py:228} INFO - Task exited with return code 1
[2023-11-15T16:35:05.951+0000] {taskinstance.py:2778} INFO - 0 downstream tasks scheduled from follow-on schedule check
