[2023-11-23T17:46:35.725+0000] {taskinstance.py:1159} INFO - Dependencies all met for dep_context=non-requeueable deps ti=<TaskInstance: Projet1.Extract manual__2023-11-23T17:46:32.791065+00:00 [queued]>
[2023-11-23T17:46:35.737+0000] {taskinstance.py:1159} INFO - Dependencies all met for dep_context=requeueable deps ti=<TaskInstance: Projet1.Extract manual__2023-11-23T17:46:32.791065+00:00 [queued]>
[2023-11-23T17:46:35.738+0000] {taskinstance.py:1361} INFO - Starting attempt 1 of 1
[2023-11-23T17:46:35.753+0000] {taskinstance.py:1382} INFO - Executing <Task(PythonOperator): Extract> on 2023-11-23 17:46:32.791065+00:00
[2023-11-23T17:46:35.760+0000] {standard_task_runner.py:57} INFO - Started process 5792 to run task
[2023-11-23T17:46:35.767+0000] {standard_task_runner.py:84} INFO - Running: ['***', 'tasks', 'run', 'Projet1', 'Extract', 'manual__2023-11-23T17:46:32.791065+00:00', '--job-id', '611', '--raw', '--subdir', 'DAGS_FOLDER/Projet.py', '--cfg-path', '/tmp/tmpabuy5mmz']
[2023-11-23T17:46:35.770+0000] {standard_task_runner.py:85} INFO - Job 611: Subtask Extract
[2023-11-23T17:46:35.927+0000] {task_command.py:416} INFO - Running <TaskInstance: Projet1.Extract manual__2023-11-23T17:46:32.791065+00:00 [running]> on host b36ebcee5948
[2023-11-23T17:46:36.109+0000] {taskinstance.py:1662} INFO - Exporting env vars: AIRFLOW_CTX_DAG_OWNER='***' AIRFLOW_CTX_DAG_ID='Projet1' AIRFLOW_CTX_TASK_ID='Extract' AIRFLOW_CTX_EXECUTION_DATE='2023-11-23T17:46:32.791065+00:00' AIRFLOW_CTX_TRY_NUMBER='1' AIRFLOW_CTX_DAG_RUN_ID='manual__2023-11-23T17:46:32.791065+00:00'
[2023-11-23T17:46:36.431+0000] {warnings.py:109} WARNING - /opt/***/dags/Projet.py:21: DtypeWarning: Columns (0) have mixed types. Specify dtype option on import or set low_memory=False.
  df_urgences = pd.read_csv(csv_file_path_urgences, delimiter=';')

[2023-11-23T17:46:37.104+0000] {logging_mixin.py:151} INFO - 101
[2023-11-23T17:46:37.108+0000] {logging_mixin.py:151} INFO - 99
[2023-11-23T17:46:37.117+0000] {logging_mixin.py:151} INFO -    Code tranches d'age             Age
0                    0       tous âges
1                    1         0-4 ans
2                    2        5-14 ans
3                    3       15-44 ans
4                    4       45-64 ans
5                    5       65-74 ans
6                    6  75 ans ou plus
[2023-11-23T17:46:37.119+0000] {logging_mixin.py:151} INFO - Index(['code_age', 'agess'], dtype='object')
[2023-11-23T17:46:37.119+0000] {logging_mixin.py:151} INFO - Une erreur s'est produite lors de l'extraction des données Age : 'DataFrame' object has no attribute 'append'
[2023-11-23T17:46:37.129+0000] {base.py:73} INFO - Using connection ID 'postgres_connexion' for task execution.
[2023-11-23T17:46:37.184+0000] {logging_mixin.py:151} INFO - Une erreur s'est produite : (psycopg2.errors.UniqueViolation) duplicate key value violates unique constraint "Departements_pkey"
DETAIL:  Key (num_dep)=(1) already exists.

[SQL: INSERT INTO "Departements" (num_dep, dep_name, region_name) VALUES (%(num_dep)s, %(dep_name)s, %(region_name)s)]
[parameters: ({'num_dep': 1, 'dep_name': 'Ain', 'region_name': 'Auvergne-Rhône-Alpes'}, {'num_dep': 2, 'dep_name': 'Aisne', 'region_name': 'Hauts-de-France'}, {'num_dep': 3, 'dep_name': 'Allier', 'region_name': 'Auvergne-Rhône-Alpes'}, {'num_dep': 4, 'dep_name': 'Alpes-de-Haute-Provence', 'region_name': "Provence-Alpes-Côte d'Azur"}, {'num_dep': 5, 'dep_name': 'Hautes-Alpes', 'region_name': "Provence-Alpes-Côte d'Azur"}, {'num_dep': 6, 'dep_name': 'Alpes-Maritimes', 'region_name': "Provence-Alpes-Côte d'Azur"}, {'num_dep': 7, 'dep_name': 'Ardèche', 'region_name': 'Auvergne-Rhône-Alpes'}, {'num_dep': 8, 'dep_name': 'Ardennes', 'region_name': 'Grand Est'}  ... displaying 10 of 99 total bound parameter sets ...  {'num_dep': 974, 'dep_name': 'La Réunion', 'region_name': 'La Réunion'}, {'num_dep': 976, 'dep_name': 'Mayotte', 'region_name': 'Mayotte'})]
(Background on this error at: https://sqlalche.me/e/14/gkpj)
[2023-11-23T17:46:37.185+0000] {python.py:194} INFO - Done. Returned value was: None
[2023-11-23T17:46:37.198+0000] {taskinstance.py:1400} INFO - Marking task as SUCCESS. dag_id=Projet1, task_id=Extract, execution_date=20231123T174632, start_date=20231123T174635, end_date=20231123T174637
[2023-11-23T17:46:37.242+0000] {local_task_job_runner.py:228} INFO - Task exited with return code 0
[2023-11-23T17:46:37.270+0000] {taskinstance.py:2778} INFO - 0 downstream tasks scheduled from follow-on schedule check
