[2023-11-20T22:14:54.836+0000] {taskinstance.py:1159} INFO - Dependencies all met for dep_context=non-requeueable deps ti=<TaskInstance: Projet1.join_table manual__2023-11-20T22:11:19.694154+00:00 [queued]>
[2023-11-20T22:14:54.858+0000] {taskinstance.py:1159} INFO - Dependencies all met for dep_context=requeueable deps ti=<TaskInstance: Projet1.join_table manual__2023-11-20T22:11:19.694154+00:00 [queued]>
[2023-11-20T22:14:54.859+0000] {taskinstance.py:1361} INFO - Starting attempt 1 of 1
[2023-11-20T22:14:54.915+0000] {taskinstance.py:1382} INFO - Executing <Task(PostgresOperator): join_table> on 2023-11-20 22:11:19.694154+00:00
[2023-11-20T22:14:54.950+0000] {standard_task_runner.py:57} INFO - Started process 2625 to run task
[2023-11-20T22:14:54.956+0000] {standard_task_runner.py:84} INFO - Running: ['***', 'tasks', 'run', 'Projet1', 'join_table', 'manual__2023-11-20T22:11:19.694154+00:00', '--job-id', '360', '--raw', '--subdir', 'DAGS_FOLDER/Projet.py', '--cfg-path', '/tmp/tmp68qr0tnp']
[2023-11-20T22:14:54.961+0000] {standard_task_runner.py:85} INFO - Job 360: Subtask join_table
[2023-11-20T22:14:55.139+0000] {task_command.py:416} INFO - Running <TaskInstance: Projet1.join_table manual__2023-11-20T22:11:19.694154+00:00 [running]> on host b36ebcee5948
[2023-11-20T22:14:55.298+0000] {taskinstance.py:1662} INFO - Exporting env vars: AIRFLOW_CTX_DAG_OWNER='***' AIRFLOW_CTX_DAG_ID='Projet1' AIRFLOW_CTX_TASK_ID='join_table' AIRFLOW_CTX_EXECUTION_DATE='2023-11-20T22:11:19.694154+00:00' AIRFLOW_CTX_TRY_NUMBER='1' AIRFLOW_CTX_DAG_RUN_ID='manual__2023-11-20T22:11:19.694154+00:00'
[2023-11-20T22:14:55.302+0000] {sql.py:274} INFO - Executing: SELECT *
FROM "Urgences"
INNER JOIN "Departements" ON "Urgences".dep = "Departements".num_dep;




--SELECT *
--FROM Urgences
--INNER JOIN Age ON Urgences.sursaud_cl_age_corona = Age.Code tranches d'age;



[2023-11-20T22:14:55.318+0000] {base.py:73} INFO - Using connection ID 'postgres_connexion' for task execution.
[2023-11-20T22:14:55.333+0000] {base.py:73} INFO - Using connection ID 'postgres_connexion' for task execution.
[2023-11-20T22:14:55.390+0000] {sql.py:418} INFO - Running statement: SELECT *
FROM "Urgences"
INNER JOIN "Departements" ON "Urgences".dep = "Departements".num_dep;




--SELECT *
--FROM Urgences
--INNER JOIN Age ON Urgences.sursaud_cl_age_corona = Age.Code tranches d'age;


, parameters: None
[2023-11-20T22:14:55.538+0000] {sql.py:427} INFO - Rows affected: 0
[2023-11-20T22:14:55.609+0000] {taskinstance.py:1400} INFO - Marking task as SUCCESS. dag_id=Projet1, task_id=join_table, execution_date=20231120T221119, start_date=20231120T221454, end_date=20231120T221455
[2023-11-20T22:14:55.657+0000] {local_task_job_runner.py:228} INFO - Task exited with return code 0
[2023-11-20T22:14:55.728+0000] {taskinstance.py:2778} INFO - 1 downstream tasks scheduled from follow-on schedule check
