[2023-11-23T19:16:37.293+0000] {taskinstance.py:1159} INFO - Dependencies all met for dep_context=non-requeueable deps ti=<TaskInstance: Projet1.Extract manual__2023-11-23T19:16:21.886679+00:00 [queued]>
[2023-11-23T19:16:37.304+0000] {taskinstance.py:1159} INFO - Dependencies all met for dep_context=requeueable deps ti=<TaskInstance: Projet1.Extract manual__2023-11-23T19:16:21.886679+00:00 [queued]>
[2023-11-23T19:16:37.304+0000] {taskinstance.py:1361} INFO - Starting attempt 1 of 1
[2023-11-23T19:16:37.319+0000] {taskinstance.py:1382} INFO - Executing <Task(PythonOperator): Extract> on 2023-11-23 19:16:21.886679+00:00
[2023-11-23T19:16:37.325+0000] {standard_task_runner.py:57} INFO - Started process 733 to run task
[2023-11-23T19:16:37.329+0000] {standard_task_runner.py:84} INFO - Running: ['***', 'tasks', 'run', 'Projet1', 'Extract', 'manual__2023-11-23T19:16:21.886679+00:00', '--job-id', '652', '--raw', '--subdir', 'DAGS_FOLDER/Projet.py', '--cfg-path', '/tmp/tmph9nx2qfv']
[2023-11-23T19:16:37.331+0000] {standard_task_runner.py:85} INFO - Job 652: Subtask Extract
[2023-11-23T19:16:37.379+0000] {task_command.py:416} INFO - Running <TaskInstance: Projet1.Extract manual__2023-11-23T19:16:21.886679+00:00 [running]> on host b36ebcee5948
[2023-11-23T19:16:37.461+0000] {taskinstance.py:1662} INFO - Exporting env vars: AIRFLOW_CTX_DAG_OWNER='***' AIRFLOW_CTX_DAG_ID='Projet1' AIRFLOW_CTX_TASK_ID='Extract' AIRFLOW_CTX_EXECUTION_DATE='2023-11-23T19:16:21.886679+00:00' AIRFLOW_CTX_TRY_NUMBER='1' AIRFLOW_CTX_DAG_RUN_ID='manual__2023-11-23T19:16:21.886679+00:00'
[2023-11-23T19:16:37.753+0000] {warnings.py:109} WARNING - /opt/***/dags/Projet.py:31: DtypeWarning: Columns (0) have mixed types. Specify dtype option on import or set low_memory=False.
  df_urgences = pd.read_csv(csv_file_path_urgences, delimiter=';')

[2023-11-23T19:16:38.196+0000] {logging_mixin.py:151} INFO - 101
[2023-11-23T19:16:38.199+0000] {logging_mixin.py:151} INFO - 99
[2023-11-23T19:16:38.210+0000] {logging_mixin.py:151} INFO -    Code tranches d'age             Age
0                    0       tous âges
1                    1         0-4 ans
2                    2        5-14 ans
3                    3       15-44 ans
4                    4       45-64 ans
5                    5       65-74 ans
6                    6  75 ans ou plus
[2023-11-23T19:16:38.214+0000] {logging_mixin.py:151} INFO - Index(['code_age', 'agess'], dtype='object')
[2023-11-23T19:16:38.215+0000] {logging_mixin.py:151} INFO - Une erreur s'est produite lors de l'extraction des données Age : 'DataFrame' object has no attribute 'append'
[2023-11-23T19:16:38.227+0000] {base.py:73} INFO - Using connection ID 'postgres_connexion' for task execution.
[2023-11-23T19:16:38.269+0000] {base.py:73} INFO - Using connection ID 'postgres_connexion' for task execution.
[2023-11-23T19:16:38.307+0000] {base.py:73} INFO - Using connection ID 'postgres_connexion' for task execution.
[2023-11-23T19:16:44.939+0000] {logging_mixin.py:151} INFO - Une erreur s'est produite : (psycopg2.errors.ForeignKeyViolation) insert or update on table "Urgences" violates foreign key constraint "urgences_dep_fkey"
DETAIL:  Key (dep)=(0) is not present in table "Departements".

[SQL: INSERT INTO "Urgences" (dep, date_de_passage, sursaud_cl_age_corona, nbre_pass_corona, nbre_pass_tot, nbre_hospit_corona, nbre_pass_corona_h, nbre_pass_corona_f, nbre_pass_tot_h, nbre_pass_tot_f, nbre_hospit_corona_h, nbre_hospit_corona_f, nbre_acte_corona, nbre_acte_tot, nbre_acte_corona_h, nbre_acte_corona_f, nbre_acte_tot_h, nbre_acte_tot_f) VALUES (%(dep)s, %(date_de_passage)s, %(sursaud_cl_age_corona)s, %(nbre_pass_corona)s, %(nbre_pass_tot)s, %(nbre_hospit_corona)s, %(nbre_pass_corona_h)s, %(nbre_pass_corona_f)s, %(nbre_pass_tot_h)s, %(nbre_pass_tot_f)s, %(nbre_hospit_corona_h)s, %(nbre_hospit_corona_f)s, %(nbre_acte_corona)s, %(nbre_acte_tot)s, %(nbre_acte_corona_h)s, %(nbre_acte_corona_f)s, %(nbre_acte_tot_h)s, %(nbre_acte_tot_f)s)]
[parameters: ({'dep': 29.0, 'date_de_passage': datetime.datetime(2023, 8, 30, 0, 0), 'sursaud_cl_age_corona': 4, 'nbre_pass_corona': 1.0, 'nbre_pass_tot': 114.0, 'nbre_hospit_corona': 0.0, 'nbre_pass_corona_h': 0.0, 'nbre_pass_corona_f': 0.0, 'nbre_pass_tot_h': 0.0, 'nbre_pass_tot_f': 0.0, 'nbre_hospit_corona_h': 0.0, 'nbre_hospit_corona_f': 0.0, 'nbre_acte_corona': 4.0, 'nbre_acte_tot': 30.0, 'nbre_acte_corona_h': 0.0, 'nbre_acte_corona_f': 0.0, 'nbre_acte_tot_h': 0.0, 'nbre_acte_tot_f': 0.0}, {'dep': 29.0, 'date_de_passage': datetime.datetime(2023, 8, 30, 0, 0), 'sursaud_cl_age_corona': 5, 'nbre_pass_corona': 1.0, 'nbre_pass_tot': 86.0, 'nbre_hospit_corona': 1.0, 'nbre_pass_corona_h': 0.0, 'nbre_pass_corona_f': 0.0, 'nbre_pass_tot_h': 0.0, 'nbre_pass_tot_f': 0.0, 'nbre_hospit_corona_h': 0.0, 'nbre_hospit_corona_f': 0.0, 'nbre_acte_corona': 0.0, 'nbre_acte_tot': 14.0, 'nbre_acte_corona_h': 0.0, 'nbre_acte_corona_f': 0.0, 'nbre_acte_tot_h': 0.0, 'nbre_acte_tot_f': 0.0}, {'dep': 29.0, 'date_de_passage': datetime.datetime(2023, 8, 30, 0, 0), 'sursaud_cl_age_corona': 6, 'nbre_pass_corona': 0.0, 'nbre_pass_tot': 132.0, 'nbre_hospit_corona': 0.0, 'nbre_pass_corona_h': 0.0, 'nbre_pass_corona_f': 0.0, 'nbre_pass_tot_h': 0.0, 'nbre_pass_tot_f': 0.0, 'nbre_hospit_corona_h': 0.0, 'nbre_hospit_corona_f': 0.0, 'nbre_acte_corona': 0.0, 'nbre_acte_tot': 14.0, 'nbre_acte_corona_h': 0.0, 'nbre_acte_corona_f': 0.0, 'nbre_acte_tot_h': 0.0, 'nbre_acte_tot_f': 0.0}, {'dep': 29.0, 'date_de_passage': datetime.datetime(2023, 8, 31, 0, 0), 'sursaud_cl_age_corona': 0, 'nbre_pass_corona': 3.0, 'nbre_pass_tot': 673.0, 'nbre_hospit_corona': 0.0, 'nbre_pass_corona_h': 2.0, 'nbre_pass_corona_f': 1.0, 'nbre_pass_tot_h': 345.0, 'nbre_pass_tot_f': 328.0, 'nbre_hospit_corona_h': 0.0, 'nbre_hospit_corona_f': 0.0, 'nbre_acte_corona': 9.0, 'nbre_acte_tot': 159.0, 'nbre_acte_corona_h': 4.0, 'nbre_acte_corona_f': 5.0, 'nbre_acte_tot_h': 67.0, 'nbre_acte_tot_f': 92.0}, {'dep': 29.0, 'date_de_passage': datetime.datetime(2023, 8, 31, 0, 0), 'sursaud_cl_age_corona': 1, 'nbre_pass_corona': 1.0, 'nbre_pass_tot': 35.0, 'nbre_hospit_corona': 0.0, 'nbre_pass_corona_h': 0.0, 'nbre_pass_corona_f': 0.0, 'nbre_pass_tot_h': 0.0, 'nbre_pass_tot_f': 0.0, 'nbre_hospit_corona_h': 0.0, 'nbre_hospit_corona_f': 0.0, 'nbre_acte_corona': 0.0, 'nbre_acte_tot': 18.0, 'nbre_acte_corona_h': 0.0, 'nbre_acte_corona_f': 0.0, 'nbre_acte_tot_h': 0.0, 'nbre_acte_tot_f': 0.0}, {'dep': 29.0, 'date_de_passage': datetime.datetime(2023, 8, 31, 0, 0), 'sursaud_cl_age_corona': 2, 'nbre_pass_corona': 0.0, 'nbre_pass_tot': 53.0, 'nbre_hospit_corona': 0.0, 'nbre_pass_corona_h': 0.0, 'nbre_pass_corona_f': 0.0, 'nbre_pass_tot_h': 0.0, 'nbre_pass_tot_f': 0.0, 'nbre_hospit_corona_h': 0.0, 'nbre_hospit_corona_f': 0.0, 'nbre_acte_corona': 0.0, 'nbre_acte_tot': 19.0, 'nbre_acte_corona_h': 0.0, 'nbre_acte_corona_f': 0.0, 'nbre_acte_tot_h': 0.0, 'nbre_acte_tot_f': 0.0}, {'dep': 29.0, 'date_de_passage': datetime.datetime(2023, 8, 31, 0, 0), 'sursaud_cl_age_corona': 3, 'nbre_pass_corona': 1.0, 'nbre_pass_tot': 212.0, 'nbre_hospit_corona': 0.0, 'nbre_pass_corona_h': 0.0, 'nbre_pass_corona_f': 0.0, 'nbre_pass_tot_h': 0.0, 'nbre_pass_tot_f': 0.0, 'nbre_hospit_corona_h': 0.0, 'nbre_hospit_corona_f': 0.0, 'nbre_acte_corona': 6.0, 'nbre_acte_tot': 70.0, 'nbre_acte_corona_h': 0.0, 'nbre_acte_corona_f': 0.0, 'nbre_acte_tot_h': 0.0, 'nbre_acte_tot_f': 0.0}, {'dep': 29.0, 'date_de_passage': datetime.datetime(2023, 8, 31, 0, 0), 'sursaud_cl_age_corona': 4, 'nbre_pass_corona': 1.0, 'nbre_pass_tot': 139.0, 'nbre_hospit_corona': 0.0, 'nbre_pass_corona_h': 0.0, 'nbre_pass_corona_f': 0.0, 'nbre_pass_tot_h': 0.0, 'nbre_pass_tot_f': 0.0, 'nbre_hospit_corona_h': 0.0, 'nbre_hospit_corona_f': 0.0, 'nbre_acte_corona': 3.0, 'nbre_acte_tot': 28.0, 'nbre_acte_corona_h': 0.0, 'nbre_acte_corona_f': 0.0, 'nbre_acte_tot_h': 0.0, 'nbre_acte_tot_f': 0.0}  ... displaying 10 of 1000 total bound parameter sets ...  {'dep': 0.0, 'date_de_passage': datetime.datetime(2023, 3, 23, 0, 0), 'sursaud_cl_age_corona': 1, 'nbre_pass_corona': 0.0, 'nbre_pass_tot': 8.0, 'nbre_hospit_corona': 0.0, 'nbre_pass_corona_h': 0.0, 'nbre_pass_corona_f': 0.0, 'nbre_pass_tot_h': 0.0, 'nbre_pass_tot_f': 0.0, 'nbre_hospit_corona_h': 0.0, 'nbre_hospit_corona_f': 0.0, 'nbre_acte_corona': 0.0, 'nbre_acte_tot': 43.0, 'nbre_acte_corona_h': 0.0, 'nbre_acte_corona_f': 0.0, 'nbre_acte_tot_h': 0.0, 'nbre_acte_tot_f': 0.0}, {'dep': 0.0, 'date_de_passage': datetime.datetime(2023, 3, 23, 0, 0), 'sursaud_cl_age_corona': 2, 'nbre_pass_corona': 0.0, 'nbre_pass_tot': 14.0, 'nbre_hospit_corona': 0.0, 'nbre_pass_corona_h': 0.0, 'nbre_pass_corona_f': 0.0, 'nbre_pass_tot_h': 0.0, 'nbre_pass_tot_f': 0.0, 'nbre_hospit_corona_h': 0.0, 'nbre_hospit_corona_f': 0.0, 'nbre_acte_corona': 1.0, 'nbre_acte_tot': 57.0, 'nbre_acte_corona_h': 0.0, 'nbre_acte_corona_f': 0.0, 'nbre_acte_tot_h': 0.0, 'nbre_acte_tot_f': 0.0})]
(Background on this error at: https://sqlalche.me/e/14/gkpj)
[2023-11-23T19:16:45.640+0000] {python.py:194} INFO - Done. Returned value was: None
[2023-11-23T19:16:45.652+0000] {taskinstance.py:1400} INFO - Marking task as SUCCESS. dag_id=Projet1, task_id=Extract, execution_date=20231123T191621, start_date=20231123T191637, end_date=20231123T191645
[2023-11-23T19:16:45.683+0000] {local_task_job_runner.py:228} INFO - Task exited with return code 0
[2023-11-23T19:16:45.700+0000] {taskinstance.py:2778} INFO - 0 downstream tasks scheduled from follow-on schedule check
