[2023-11-22T14:03:36.862+0000] {taskinstance.py:1159} INFO - Dependencies all met for dep_context=non-requeueable deps ti=<TaskInstance: Projet1.create_table manual__2023-11-22T14:03:28.863956+00:00 [queued]>
[2023-11-22T14:03:36.885+0000] {taskinstance.py:1159} INFO - Dependencies all met for dep_context=requeueable deps ti=<TaskInstance: Projet1.create_table manual__2023-11-22T14:03:28.863956+00:00 [queued]>
[2023-11-22T14:03:36.888+0000] {taskinstance.py:1361} INFO - Starting attempt 1 of 1
[2023-11-22T14:03:36.935+0000] {taskinstance.py:1382} INFO - Executing <Task(PostgresOperator): create_table> on 2023-11-22 14:03:28.863956+00:00
[2023-11-22T14:03:36.946+0000] {standard_task_runner.py:57} INFO - Started process 680 to run task
[2023-11-22T14:03:36.960+0000] {standard_task_runner.py:84} INFO - Running: ['***', 'tasks', 'run', 'Projet1', 'create_table', 'manual__2023-11-22T14:03:28.863956+00:00', '--job-id', '383', '--raw', '--subdir', 'DAGS_FOLDER/Projet.py', '--cfg-path', '/tmp/tmpwwedp_6o']
[2023-11-22T14:03:36.967+0000] {standard_task_runner.py:85} INFO - Job 383: Subtask create_table
[2023-11-22T14:03:37.124+0000] {task_command.py:416} INFO - Running <TaskInstance: Projet1.create_table manual__2023-11-22T14:03:28.863956+00:00 [running]> on host b36ebcee5948
[2023-11-22T14:03:37.381+0000] {taskinstance.py:1662} INFO - Exporting env vars: AIRFLOW_CTX_DAG_OWNER='***' AIRFLOW_CTX_DAG_ID='Projet1' AIRFLOW_CTX_TASK_ID='create_table' AIRFLOW_CTX_EXECUTION_DATE='2023-11-22T14:03:28.863956+00:00' AIRFLOW_CTX_TRY_NUMBER='1' AIRFLOW_CTX_DAG_RUN_ID='manual__2023-11-22T14:03:28.863956+00:00'
[2023-11-22T14:03:37.391+0000] {sql.py:274} INFO - Executing: 

CREATE TABLE IF NOT EXISTS "Urgences"(
    dep VARCHAR(255),
    sursaud_cl_age_corona VARCHAR(255), 
    nbre_pass_corona FLOAT, 
    nbre_pass_tot FLOAT, 
    nbre_hospit_corona FLOAT,
    nbre_pass_corona_h FLOAT, 
    nbre_pass_corona_f FLOAT, 
    nbre_pass_tot_h FLOAT, 
    nbre_pass_tot_f FLOAT,
    nbre_hospit_corona_h FLOAT, 
    nbre_hospit_corona_f FLOAT, 
    nbre_acte_corona FLOAT, 
    nbre_acte_tot FLOAT,
    nbre_acte_corona_h FLOAT, 
    nbre_acte_corona_f FLOAT, 
    nbre_acte_tot_h FLOAT, 
    nbre_acte_tot_f FLOAT
);

-- DROP TABLE IF EXISTS "Departements";
CREATE TABLE IF NOT EXISTS "Departements"
(
    num_dep VARCHAR(255) ,
    dep_name VARCHAR(255),
    region_name VARCHAR(255)
);


CREATE TABLE IF NOT EXISTS "Age"
(
   Code_age VARCHAR(255),
   age VARCHAR(255)
);



[2023-11-22T14:03:37.425+0000] {base.py:73} INFO - Using connection ID 'postgres_connexion' for task execution.
[2023-11-22T14:03:37.458+0000] {base.py:73} INFO - Using connection ID 'postgres_connexion' for task execution.
[2023-11-22T14:03:37.536+0000] {sql.py:418} INFO - Running statement: 

CREATE TABLE IF NOT EXISTS "Urgences"(
    dep VARCHAR(255),
    sursaud_cl_age_corona VARCHAR(255), 
    nbre_pass_corona FLOAT, 
    nbre_pass_tot FLOAT, 
    nbre_hospit_corona FLOAT,
    nbre_pass_corona_h FLOAT, 
    nbre_pass_corona_f FLOAT, 
    nbre_pass_tot_h FLOAT, 
    nbre_pass_tot_f FLOAT,
    nbre_hospit_corona_h FLOAT, 
    nbre_hospit_corona_f FLOAT, 
    nbre_acte_corona FLOAT, 
    nbre_acte_tot FLOAT,
    nbre_acte_corona_h FLOAT, 
    nbre_acte_corona_f FLOAT, 
    nbre_acte_tot_h FLOAT, 
    nbre_acte_tot_f FLOAT
);

-- DROP TABLE IF EXISTS "Departements";
CREATE TABLE IF NOT EXISTS "Departements"
(
    num_dep VARCHAR(255) ,
    dep_name VARCHAR(255),
    region_name VARCHAR(255)
);


CREATE TABLE IF NOT EXISTS "Age"
(
   Code_age VARCHAR(255),
   age VARCHAR(255)
);


, parameters: None
[2023-11-22T14:03:37.610+0000] {taskinstance.py:1400} INFO - Marking task as SUCCESS. dag_id=Projet1, task_id=create_table, execution_date=20231122T140328, start_date=20231122T140336, end_date=20231122T140337
[2023-11-22T14:03:37.668+0000] {local_task_job_runner.py:228} INFO - Task exited with return code 0
[2023-11-22T14:03:37.826+0000] {taskinstance.py:2778} INFO - 1 downstream tasks scheduled from follow-on schedule check
