[2023-11-22T14:31:24.196+0000] {taskinstance.py:1159} INFO - Dependencies all met for dep_context=non-requeueable deps ti=<TaskInstance: Projet1.create_table manual__2023-11-22T14:30:49.954771+00:00 [queued]>
[2023-11-22T14:31:24.247+0000] {taskinstance.py:1159} INFO - Dependencies all met for dep_context=requeueable deps ti=<TaskInstance: Projet1.create_table manual__2023-11-22T14:30:49.954771+00:00 [queued]>
[2023-11-22T14:31:24.250+0000] {taskinstance.py:1361} INFO - Starting attempt 1 of 1
[2023-11-22T14:31:24.341+0000] {taskinstance.py:1382} INFO - Executing <Task(PostgresOperator): create_table> on 2023-11-22 14:30:49.954771+00:00
[2023-11-22T14:31:24.397+0000] {standard_task_runner.py:57} INFO - Started process 1073 to run task
[2023-11-22T14:31:24.407+0000] {standard_task_runner.py:84} INFO - Running: ['***', 'tasks', 'run', 'Projet1', 'create_table', 'manual__2023-11-22T14:30:49.954771+00:00', '--job-id', '391', '--raw', '--subdir', 'DAGS_FOLDER/Projet.py', '--cfg-path', '/tmp/tmpbp6olt64']
[2023-11-22T14:31:24.410+0000] {standard_task_runner.py:85} INFO - Job 391: Subtask create_table
[2023-11-22T14:31:24.785+0000] {task_command.py:416} INFO - Running <TaskInstance: Projet1.create_table manual__2023-11-22T14:30:49.954771+00:00 [running]> on host b36ebcee5948
[2023-11-22T14:31:25.251+0000] {taskinstance.py:1662} INFO - Exporting env vars: AIRFLOW_CTX_DAG_OWNER='***' AIRFLOW_CTX_DAG_ID='Projet1' AIRFLOW_CTX_TASK_ID='create_table' AIRFLOW_CTX_EXECUTION_DATE='2023-11-22T14:30:49.954771+00:00' AIRFLOW_CTX_TRY_NUMBER='1' AIRFLOW_CTX_DAG_RUN_ID='manual__2023-11-22T14:30:49.954771+00:00'
[2023-11-22T14:31:25.264+0000] {sql.py:274} INFO - Executing: 

-- CREATE TABLE IF NOT EXISTS "Urgences"(
--     dep VARCHAR(255),
--     sursaud_cl_age_corona VARCHAR(255), 
--     nbre_pass_corona FLOAT, 
--     nbre_pass_tot FLOAT, 
--     nbre_hospit_corona FLOAT,
--     nbre_pass_corona_h FLOAT, 
--     nbre_pass_corona_f FLOAT, 
--     nbre_pass_tot_h FLOAT, 
--     nbre_pass_tot_f FLOAT,
--     nbre_hospit_corona_h FLOAT, 
--     nbre_hospit_corona_f FLOAT, 
--     nbre_acte_corona FLOAT, 
--     nbre_acte_tot FLOAT,
--     nbre_acte_corona_h FLOAT, 
--     nbre_acte_corona_f FLOAT, 
--     nbre_acte_tot_h FLOAT, 
--     nbre_acte_tot_f FLOAT
-- );

-- CREATE TABLE IF NOT EXISTS "Departements"
-- (
--     num_dep VARCHAR(255) ,
--     dep_name VARCHAR(255),
--     region_name VARCHAR(255)
-- );


-- CREATE TABLE IF NOT EXISTS "Age"
-- (
--    Code_age VARCHAR(255),
--    age VARCHAR(255)
-- );

-- Supprimer la contrainte de clé étrangère dans "Urgences" si elle existe
ALTER TABLE "Urgences" DROP CONSTRAINT IF EXISTS Urgences_dep_fkey CASCADE;

-- Supprimer la contrainte de clé étrangère dans "Urgences" si elle existe
ALTER TABLE "Urgences" DROP CONSTRAINT IF EXISTS Urgences_dep_fkey1 CASCADE;

-- Supprimer la table "Urgences" si elle existe
DROP TABLE IF EXISTS "Urgences" CASCADE;

-- Supprimer la table "Departements" si elle existe
DROP TABLE IF EXISTS "Departements" CASCADE;

-- Supprimer la table "Age" si elle existe
DROP TABLE IF EXISTS "Age" CASCADE;


[2023-11-22T14:31:25.318+0000] {base.py:73} INFO - Using connection ID 'postgres_connexion' for task execution.
[2023-11-22T14:31:25.357+0000] {base.py:73} INFO - Using connection ID 'postgres_connexion' for task execution.
[2023-11-22T14:31:25.625+0000] {sql.py:418} INFO - Running statement: 

-- CREATE TABLE IF NOT EXISTS "Urgences"(
--     dep VARCHAR(255),
--     sursaud_cl_age_corona VARCHAR(255), 
--     nbre_pass_corona FLOAT, 
--     nbre_pass_tot FLOAT, 
--     nbre_hospit_corona FLOAT,
--     nbre_pass_corona_h FLOAT, 
--     nbre_pass_corona_f FLOAT, 
--     nbre_pass_tot_h FLOAT, 
--     nbre_pass_tot_f FLOAT,
--     nbre_hospit_corona_h FLOAT, 
--     nbre_hospit_corona_f FLOAT, 
--     nbre_acte_corona FLOAT, 
--     nbre_acte_tot FLOAT,
--     nbre_acte_corona_h FLOAT, 
--     nbre_acte_corona_f FLOAT, 
--     nbre_acte_tot_h FLOAT, 
--     nbre_acte_tot_f FLOAT
-- );

-- CREATE TABLE IF NOT EXISTS "Departements"
-- (
--     num_dep VARCHAR(255) ,
--     dep_name VARCHAR(255),
--     region_name VARCHAR(255)
-- );


-- CREATE TABLE IF NOT EXISTS "Age"
-- (
--    Code_age VARCHAR(255),
--    age VARCHAR(255)
-- );

-- Supprimer la contrainte de clé étrangère dans "Urgences" si elle existe
ALTER TABLE "Urgences" DROP CONSTRAINT IF EXISTS Urgences_dep_fkey CASCADE;

-- Supprimer la contrainte de clé étrangère dans "Urgences" si elle existe
ALTER TABLE "Urgences" DROP CONSTRAINT IF EXISTS Urgences_dep_fkey1 CASCADE;

-- Supprimer la table "Urgences" si elle existe
DROP TABLE IF EXISTS "Urgences" CASCADE;

-- Supprimer la table "Departements" si elle existe
DROP TABLE IF EXISTS "Departements" CASCADE;

-- Supprimer la table "Age" si elle existe
DROP TABLE IF EXISTS "Age" CASCADE;

, parameters: None
[2023-11-22T14:31:26.603+0000] {taskinstance.py:1400} INFO - Marking task as SUCCESS. dag_id=Projet1, task_id=create_table, execution_date=20231122T143049, start_date=20231122T143124, end_date=20231122T143126
[2023-11-22T14:31:26.918+0000] {local_task_job_runner.py:228} INFO - Task exited with return code 0
[2023-11-22T14:31:27.240+0000] {taskinstance.py:2778} INFO - 0 downstream tasks scheduled from follow-on schedule check
