[2023-11-20T22:10:19.241+0000] {taskinstance.py:1159} INFO - Dependencies all met for dep_context=non-requeueable deps ti=<TaskInstance: Projet1.join_table manual__2023-11-20T22:06:58.874242+00:00 [queued]>
[2023-11-20T22:10:19.327+0000] {taskinstance.py:1159} INFO - Dependencies all met for dep_context=requeueable deps ti=<TaskInstance: Projet1.join_table manual__2023-11-20T22:06:58.874242+00:00 [queued]>
[2023-11-20T22:10:19.330+0000] {taskinstance.py:1361} INFO - Starting attempt 1 of 1
[2023-11-20T22:10:19.428+0000] {taskinstance.py:1382} INFO - Executing <Task(PostgresOperator): join_table> on 2023-11-20 22:06:58.874242+00:00
[2023-11-20T22:10:19.491+0000] {standard_task_runner.py:57} INFO - Started process 2557 to run task
[2023-11-20T22:10:19.498+0000] {standard_task_runner.py:84} INFO - Running: ['***', 'tasks', 'run', 'Projet1', 'join_table', 'manual__2023-11-20T22:06:58.874242+00:00', '--job-id', '356', '--raw', '--subdir', 'DAGS_FOLDER/Projet.py', '--cfg-path', '/tmp/tmp3w33xg7x']
[2023-11-20T22:10:19.501+0000] {standard_task_runner.py:85} INFO - Job 356: Subtask join_table
[2023-11-20T22:10:19.800+0000] {task_command.py:416} INFO - Running <TaskInstance: Projet1.join_table manual__2023-11-20T22:06:58.874242+00:00 [running]> on host b36ebcee5948
[2023-11-20T22:10:20.246+0000] {taskinstance.py:1662} INFO - Exporting env vars: AIRFLOW_CTX_DAG_OWNER='***' AIRFLOW_CTX_DAG_ID='Projet1' AIRFLOW_CTX_TASK_ID='join_table' AIRFLOW_CTX_EXECUTION_DATE='2023-11-20T22:06:58.874242+00:00' AIRFLOW_CTX_TRY_NUMBER='1' AIRFLOW_CTX_DAG_RUN_ID='manual__2023-11-20T22:06:58.874242+00:00'
[2023-11-20T22:10:20.254+0000] {sql.py:274} INFO - Executing: SELECT *
FROM "Urgences"
INNER JOIN "Departements" ON "Urgences".dep = "Departements".num_dep;




--SELECT *
--FROM Urgences
--INNER JOIN Age ON Urgences.sursaud_cl_age_corona = Age.Code tranches d'age;



[2023-11-20T22:10:20.300+0000] {base.py:73} INFO - Using connection ID 'postgres_connexion' for task execution.
[2023-11-20T22:10:20.342+0000] {base.py:73} INFO - Using connection ID 'postgres_connexion' for task execution.
[2023-11-20T22:10:20.500+0000] {sql.py:418} INFO - Running statement: SELECT *
FROM "Urgences"
INNER JOIN "Departements" ON "Urgences".dep = "Departements".num_dep;




--SELECT *
--FROM Urgences
--INNER JOIN Age ON Urgences.sursaud_cl_age_corona = Age.Code tranches d'age;


, parameters: None
[2023-11-20T22:10:20.943+0000] {sql.py:427} INFO - Rows affected: 0
[2023-11-20T22:10:21.050+0000] {taskinstance.py:1400} INFO - Marking task as SUCCESS. dag_id=Projet1, task_id=join_table, execution_date=20231120T220658, start_date=20231120T221019, end_date=20231120T221021
[2023-11-20T22:10:21.124+0000] {local_task_job_runner.py:228} INFO - Task exited with return code 0
[2023-11-20T22:10:21.201+0000] {taskinstance.py:2778} INFO - 1 downstream tasks scheduled from follow-on schedule check
