[2023-11-22T14:22:06.922+0000] {taskinstance.py:1159} INFO - Dependencies all met for dep_context=non-requeueable deps ti=<TaskInstance: Projet1.join_table manual__2023-11-22T14:18:53.709458+00:00 [queued]>
[2023-11-22T14:22:07.056+0000] {taskinstance.py:1159} INFO - Dependencies all met for dep_context=requeueable deps ti=<TaskInstance: Projet1.join_table manual__2023-11-22T14:18:53.709458+00:00 [queued]>
[2023-11-22T14:22:07.058+0000] {taskinstance.py:1361} INFO - Starting attempt 1 of 1
[2023-11-22T14:22:07.291+0000] {taskinstance.py:1382} INFO - Executing <Task(PostgresOperator): join_table> on 2023-11-22 14:18:53.709458+00:00
[2023-11-22T14:22:07.520+0000] {standard_task_runner.py:57} INFO - Started process 957 to run task
[2023-11-22T14:22:07.556+0000] {standard_task_runner.py:84} INFO - Running: ['***', 'tasks', 'run', 'Projet1', 'join_table', 'manual__2023-11-22T14:18:53.709458+00:00', '--job-id', '390', '--raw', '--subdir', 'DAGS_FOLDER/Projet.py', '--cfg-path', '/tmp/tmpu7rtim7a']
[2023-11-22T14:22:07.585+0000] {standard_task_runner.py:85} INFO - Job 390: Subtask join_table
[2023-11-22T14:22:08.430+0000] {task_command.py:416} INFO - Running <TaskInstance: Projet1.join_table manual__2023-11-22T14:18:53.709458+00:00 [running]> on host b36ebcee5948
[2023-11-22T14:22:11.381+0000] {taskinstance.py:1662} INFO - Exporting env vars: AIRFLOW_CTX_DAG_OWNER='***' AIRFLOW_CTX_DAG_ID='Projet1' AIRFLOW_CTX_TASK_ID='join_table' AIRFLOW_CTX_EXECUTION_DATE='2023-11-22T14:18:53.709458+00:00' AIRFLOW_CTX_TRY_NUMBER='1' AIRFLOW_CTX_DAG_RUN_ID='manual__2023-11-22T14:18:53.709458+00:00'
[2023-11-22T14:22:11.476+0000] {sql.py:274} INFO - Executing: SELECT *
FROM "Urgences"
INNER JOIN "Departements" ON "Urgences".dep = "Departements".num_dep;




--SELECT *
--FROM Urgences
--INNER JOIN Age ON Urgences.sursaud_cl_age_corona = Age.Code tranches d'age;



[2023-11-22T14:22:11.599+0000] {base.py:73} INFO - Using connection ID 'postgres_connexion' for task execution.
[2023-11-22T14:22:11.646+0000] {base.py:73} INFO - Using connection ID 'postgres_connexion' for task execution.
[2023-11-22T14:22:11.863+0000] {sql.py:418} INFO - Running statement: SELECT *
FROM "Urgences"
INNER JOIN "Departements" ON "Urgences".dep = "Departements".num_dep;




--SELECT *
--FROM Urgences
--INNER JOIN Age ON Urgences.sursaud_cl_age_corona = Age.Code tranches d'age;


, parameters: None
[2023-11-22T14:22:11.891+0000] {taskinstance.py:1937} ERROR - Task failed with exception
Traceback (most recent call last):
  File "/home/airflow/.local/lib/python3.8/site-packages/airflow/providers/common/sql/operators/sql.py", line 280, in execute
    output = hook.run(
  File "/home/airflow/.local/lib/python3.8/site-packages/airflow/providers/common/sql/hooks/sql.py", line 392, in run
    self._run_command(cur, sql_statement, parameters)
  File "/home/airflow/.local/lib/python3.8/site-packages/airflow/providers/common/sql/hooks/sql.py", line 423, in _run_command
    cur.execute(sql_statement)
psycopg2.errors.UndefinedTable: relation "Urgences" does not exist
LINE 2: FROM "Urgences"
             ^

[2023-11-22T14:22:12.729+0000] {taskinstance.py:1400} INFO - Marking task as FAILED. dag_id=Projet1, task_id=join_table, execution_date=20231122T141853, start_date=20231122T142206, end_date=20231122T142212
[2023-11-22T14:22:13.162+0000] {standard_task_runner.py:104} ERROR - Failed to execute job 390 for task join_table (relation "Urgences" does not exist
LINE 2: FROM "Urgences"
             ^
; 957)
[2023-11-22T14:22:13.351+0000] {local_task_job_runner.py:228} INFO - Task exited with return code 1
[2023-11-22T14:22:13.597+0000] {taskinstance.py:2778} INFO - 0 downstream tasks scheduled from follow-on schedule check
