[2023-11-24T19:25:05.994+0000] {taskinstance.py:1159} INFO - Dependencies all met for dep_context=non-requeueable deps ti=<TaskInstance: Projet1.create_table manual__2023-11-24T19:25:03.913339+00:00 [queued]>
[2023-11-24T19:25:06.007+0000] {taskinstance.py:1159} INFO - Dependencies all met for dep_context=requeueable deps ti=<TaskInstance: Projet1.create_table manual__2023-11-24T19:25:03.913339+00:00 [queued]>
[2023-11-24T19:25:06.007+0000] {taskinstance.py:1361} INFO - Starting attempt 1 of 2
[2023-11-24T19:25:06.024+0000] {taskinstance.py:1382} INFO - Executing <Task(PostgresOperator): create_table> on 2023-11-24 19:25:03.913339+00:00
[2023-11-24T19:25:06.031+0000] {standard_task_runner.py:57} INFO - Started process 3100 to run task
[2023-11-24T19:25:06.038+0000] {standard_task_runner.py:84} INFO - Running: ['***', 'tasks', 'run', 'Projet1', 'create_table', 'manual__2023-11-24T19:25:03.913339+00:00', '--job-id', '1044', '--raw', '--subdir', 'DAGS_FOLDER/Projet.py', '--cfg-path', '/tmp/tmpoyp784iz']
[2023-11-24T19:25:06.040+0000] {standard_task_runner.py:85} INFO - Job 1044: Subtask create_table
[2023-11-24T19:25:06.118+0000] {task_command.py:416} INFO - Running <TaskInstance: Projet1.create_table manual__2023-11-24T19:25:03.913339+00:00 [running]> on host b36ebcee5948
[2023-11-24T19:25:06.229+0000] {taskinstance.py:1662} INFO - Exporting env vars: AIRFLOW_CTX_DAG_EMAIL='filali.dia18@gmail.com' AIRFLOW_CTX_DAG_OWNER='***' AIRFLOW_CTX_DAG_ID='Projet1' AIRFLOW_CTX_TASK_ID='create_table' AIRFLOW_CTX_EXECUTION_DATE='2023-11-24T19:25:03.913339+00:00' AIRFLOW_CTX_TRY_NUMBER='1' AIRFLOW_CTX_DAG_RUN_ID='manual__2023-11-24T19:25:03.913339+00:00'
[2023-11-24T19:25:06.235+0000] {sql.py:274} INFO - Executing: -- Suppression des tables s'ils existent
DROP TABLE IF EXISTS "Urgences";
DROP TABLE IF EXISTS "Ages";
DROP TABLE IF EXISTS "Departements";


-- Création des tables


CREATE TABLE "Departements"
(
   num_dep VARCHAR(255) PRIMARY KEY,
   dep_name VARCHAR(255),
   region_name VARCHAR(255)
);


CREATE TABLE "Ages"
(
   Code_age integer PRIMARY KEY,
   Agess VARCHAR(255)
);


CREATE TABLE "Urgences"
(
   dep VARCHAR(255),
   date_de_passage date ,
   sursaud_cl_age_corona integer ,
   nbre_pass_corona FLOAT,
   nbre_pass_tot FLOAT,
   nbre_hospit_corona FLOAT,
   nbre_pass_corona_h FLOAT,
   nbre_pass_corona_f FLOAT,
   nbre_pass_tot_h FLOAT,
   nbre_pass_tot_f FLOAT,
   nbre_hospit_corona_h FLOAT,
   nbre_hospit_corona_f FLOAT,
   nbre_acte_corona FLOAT,
   nbre_acte_tot FLOAT,
   nbre_acte_corona_h FLOAT,
   nbre_acte_corona_f FLOAT,
   nbre_acte_tot_h FLOAT,
   nbre_acte_tot_f FLOAT
);


-- Ajout des contraintes de clé étrangère
ALTER TABLE "Urgences" ADD CONSTRAINT Urgences_dep_fkey FOREIGN KEY (dep) REFERENCES "Departements"(num_dep);
ALTER TABLE "Urgences" ADD CONSTRAINT Urgences_age_fkey FOREIGN KEY (sursaud_cl_age_corona) REFERENCES "Ages"(Code_age);






















































-- -- Suppression des tables s'ils existent
-- DROP TABLE IF EXISTS "Urgence";
-- DROP TABLE IF EXISTS "Age";
-- DROP TABLE IF EXISTS "Departement";


-- -- -- Création des tables

-- CREATE TABLE "Departement"
-- (
--     num_dep VARCHAR(255) PRIMARY KEY,
--     dep_name VARCHAR(255),
--     region_name VARCHAR(255)
-- );

-- CREATE TABLE "Age"
-- (
--     Code_age integer PRIMARY KEY,
--     Agess VARCHAR(255)
-- );

-- -- -- CREATE TABLE "passage_urgence"
-- -- -- (
-- -- --    num_dep 
-- -- --    DATA
-- -- --    tranche_age
-- -- --    );

-- -- -- CREATE TABLE "hospitalisation"
-- -- --    num_dep
-- -- --    date
-- -- --    );


-- CREATE TABLE "Urgence"
-- (
--     dep VARCHAR(255),
--     date_de_passage date ,
--     sursaud_cl_age_corona integer , 
--     nbre_pass_corona FLOAT, 
--     nbre_pass_tot FLOAT, 
--     nbre_hospit_corona FLOAT,
--     nbre_pass_corona_h FLOAT, 
--     nbre_pass_corona_f FLOAT, 
--     nbre_pass_tot_h FLOAT, 
--     nbre_pass_tot_f FLOAT,
--     nbre_hospit_corona_h FLOAT, 
--     nbre_hospit_corona_f FLOAT, 
--     nbre_acte_corona FLOAT, 
--     nbre_acte_tot FLOAT,
--     nbre_acte_corona_h FLOAT, 
--     nbre_acte_corona_f FLOAT, 
--     nbre_acte_tot_h FLOAT, 
--     nbre_acte_tot_f FLOAT
-- );

-- -- -- Ajout des contraintes de clé étrangère
-- ALTER TABLE "Urgence" ADD CONSTRAINT Urgence_dep_fkey FOREIGN KEY (dep) REFERENCES "Departement"(num_dep);
-- ALTER TABLE "Urgence" ADD CONSTRAINT Urgence_age_fkey FOREIGN KEY (sursaud_cl_age_corona) REFERENCES "Age"(Code_age);

[2023-11-24T19:25:06.253+0000] {base.py:73} INFO - Using connection ID 'postgres_connexion' for task execution.
[2023-11-24T19:25:06.266+0000] {base.py:73} INFO - Using connection ID 'postgres_connexion' for task execution.
[2023-11-24T19:25:06.282+0000] {sql.py:418} INFO - Running statement: -- Suppression des tables s'ils existent
DROP TABLE IF EXISTS "Urgences";
DROP TABLE IF EXISTS "Ages";
DROP TABLE IF EXISTS "Departements";


-- Création des tables


CREATE TABLE "Departements"
(
   num_dep VARCHAR(255) PRIMARY KEY,
   dep_name VARCHAR(255),
   region_name VARCHAR(255)
);


CREATE TABLE "Ages"
(
   Code_age integer PRIMARY KEY,
   Agess VARCHAR(255)
);


CREATE TABLE "Urgences"
(
   dep VARCHAR(255),
   date_de_passage date ,
   sursaud_cl_age_corona integer ,
   nbre_pass_corona FLOAT,
   nbre_pass_tot FLOAT,
   nbre_hospit_corona FLOAT,
   nbre_pass_corona_h FLOAT,
   nbre_pass_corona_f FLOAT,
   nbre_pass_tot_h FLOAT,
   nbre_pass_tot_f FLOAT,
   nbre_hospit_corona_h FLOAT,
   nbre_hospit_corona_f FLOAT,
   nbre_acte_corona FLOAT,
   nbre_acte_tot FLOAT,
   nbre_acte_corona_h FLOAT,
   nbre_acte_corona_f FLOAT,
   nbre_acte_tot_h FLOAT,
   nbre_acte_tot_f FLOAT
);


-- Ajout des contraintes de clé étrangère
ALTER TABLE "Urgences" ADD CONSTRAINT Urgences_dep_fkey FOREIGN KEY (dep) REFERENCES "Departements"(num_dep);
ALTER TABLE "Urgences" ADD CONSTRAINT Urgences_age_fkey FOREIGN KEY (sursaud_cl_age_corona) REFERENCES "Ages"(Code_age);






















































-- -- Suppression des tables s'ils existent
-- DROP TABLE IF EXISTS "Urgence";
-- DROP TABLE IF EXISTS "Age";
-- DROP TABLE IF EXISTS "Departement";


-- -- -- Création des tables

-- CREATE TABLE "Departement"
-- (
--     num_dep VARCHAR(255) PRIMARY KEY,
--     dep_name VARCHAR(255),
--     region_name VARCHAR(255)
-- );

-- CREATE TABLE "Age"
-- (
--     Code_age integer PRIMARY KEY,
--     Agess VARCHAR(255)
-- );

-- -- -- CREATE TABLE "passage_urgence"
-- -- -- (
-- -- --    num_dep 
-- -- --    DATA
-- -- --    tranche_age
-- -- --    );

-- -- -- CREATE TABLE "hospitalisation"
-- -- --    num_dep
-- -- --    date
-- -- --    );


-- CREATE TABLE "Urgence"
-- (
--     dep VARCHAR(255),
--     date_de_passage date ,
--     sursaud_cl_age_corona integer , 
--     nbre_pass_corona FLOAT, 
--     nbre_pass_tot FLOAT, 
--     nbre_hospit_corona FLOAT,
--     nbre_pass_corona_h FLOAT, 
--     nbre_pass_corona_f FLOAT, 
--     nbre_pass_tot_h FLOAT, 
--     nbre_pass_tot_f FLOAT,
--     nbre_hospit_corona_h FLOAT, 
--     nbre_hospit_corona_f FLOAT, 
--     nbre_acte_corona FLOAT, 
--     nbre_acte_tot FLOAT,
--     nbre_acte_corona_h FLOAT, 
--     nbre_acte_corona_f FLOAT, 
--     nbre_acte_tot_h FLOAT, 
--     nbre_acte_tot_f FLOAT
-- );

-- -- -- Ajout des contraintes de clé étrangère
-- ALTER TABLE "Urgence" ADD CONSTRAINT Urgence_dep_fkey FOREIGN KEY (dep) REFERENCES "Departement"(num_dep);
-- ALTER TABLE "Urgence" ADD CONSTRAINT Urgence_age_fkey FOREIGN KEY (sursaud_cl_age_corona) REFERENCES "Age"(Code_age);
, parameters: None
[2023-11-24T19:25:06.339+0000] {taskinstance.py:1400} INFO - Marking task as SUCCESS. dag_id=Projet1, task_id=create_table, execution_date=20231124T192503, start_date=20231124T192505, end_date=20231124T192506
[2023-11-24T19:25:06.372+0000] {local_task_job_runner.py:228} INFO - Task exited with return code 0
[2023-11-24T19:25:06.413+0000] {taskinstance.py:2778} INFO - 0 downstream tasks scheduled from follow-on schedule check
