[2023-11-12T21:56:03.077+0000] {taskinstance.py:1159} INFO - Dependencies all met for dep_context=non-requeueable deps ti=<TaskInstance: Projet1.create_table manual__2023-11-12T21:55:56.202708+00:00 [queued]>
[2023-11-12T21:56:03.086+0000] {taskinstance.py:1159} INFO - Dependencies all met for dep_context=requeueable deps ti=<TaskInstance: Projet1.create_table manual__2023-11-12T21:55:56.202708+00:00 [queued]>
[2023-11-12T21:56:03.086+0000] {taskinstance.py:1361} INFO - Starting attempt 1 of 1
[2023-11-12T21:56:03.101+0000] {taskinstance.py:1382} INFO - Executing <Task(PostgresOperator): create_table> on 2023-11-12 21:55:56.202708+00:00
[2023-11-12T21:56:03.106+0000] {standard_task_runner.py:57} INFO - Started process 33762 to run task
[2023-11-12T21:56:03.110+0000] {standard_task_runner.py:84} INFO - Running: ['***', 'tasks', 'run', 'Projet1', 'create_table', 'manual__2023-11-12T21:55:56.202708+00:00', '--job-id', '155', '--raw', '--subdir', 'DAGS_FOLDER/Projet.py', '--cfg-path', '/tmp/tmpj53jcxe3']
[2023-11-12T21:56:03.112+0000] {standard_task_runner.py:85} INFO - Job 155: Subtask create_table
[2023-11-12T21:56:03.161+0000] {task_command.py:416} INFO - Running <TaskInstance: Projet1.create_table manual__2023-11-12T21:55:56.202708+00:00 [running]> on host fb26c01043df
[2023-11-12T21:56:03.243+0000] {taskinstance.py:1662} INFO - Exporting env vars: AIRFLOW_CTX_DAG_OWNER='***' AIRFLOW_CTX_DAG_ID='Projet1' AIRFLOW_CTX_TASK_ID='create_table' AIRFLOW_CTX_EXECUTION_DATE='2023-11-12T21:55:56.202708+00:00' AIRFLOW_CTX_TRY_NUMBER='1' AIRFLOW_CTX_DAG_RUN_ID='manual__2023-11-12T21:55:56.202708+00:00'
[2023-11-12T21:56:03.246+0000] {sql.py:274} INFO - Executing: CREATE TABLE IF NOT EXISTS prix(
      code_commune VARCHAR(10),
      prix_moyen FLOAT
    );

Select *
From analyse_prix
[2023-11-12T21:56:03.257+0000] {base.py:73} INFO - Using connection ID 'postgres_connexion' for task execution.
[2023-11-12T21:56:03.265+0000] {base.py:73} INFO - Using connection ID 'postgres_connexion' for task execution.
[2023-11-12T21:56:03.279+0000] {sql.py:418} INFO - Running statement: CREATE TABLE IF NOT EXISTS prix(
      code_commune VARCHAR(10),
      prix_moyen FLOAT
    );

Select *
From analyse_prix, parameters: None
[2023-11-12T21:56:03.281+0000] {sql.py:427} INFO - Rows affected: 0
[2023-11-12T21:56:03.305+0000] {taskinstance.py:1400} INFO - Marking task as SUCCESS. dag_id=Projet1, task_id=create_table, execution_date=20231112T215556, start_date=20231112T215603, end_date=20231112T215603
[2023-11-12T21:56:03.323+0000] {local_task_job_runner.py:228} INFO - Task exited with return code 0
[2023-11-12T21:56:03.344+0000] {taskinstance.py:2778} INFO - 0 downstream tasks scheduled from follow-on schedule check
