[2023-11-15T16:29:03.081+0000] {taskinstance.py:1159} INFO - Dependencies all met for dep_context=non-requeueable deps ti=<TaskInstance: Projet1.Extract manual__2023-11-15T16:29:00.539824+00:00 [queued]>
[2023-11-15T16:29:03.090+0000] {taskinstance.py:1159} INFO - Dependencies all met for dep_context=requeueable deps ti=<TaskInstance: Projet1.Extract manual__2023-11-15T16:29:00.539824+00:00 [queued]>
[2023-11-15T16:29:03.091+0000] {taskinstance.py:1361} INFO - Starting attempt 1 of 1
[2023-11-15T16:29:03.107+0000] {taskinstance.py:1382} INFO - Executing <Task(PythonOperator): Extract> on 2023-11-15 16:29:00.539824+00:00
[2023-11-15T16:29:03.113+0000] {standard_task_runner.py:57} INFO - Started process 53829 to run task
[2023-11-15T16:29:03.116+0000] {standard_task_runner.py:84} INFO - Running: ['***', 'tasks', 'run', 'Projet1', 'Extract', 'manual__2023-11-15T16:29:00.539824+00:00', '--job-id', '181', '--raw', '--subdir', 'DAGS_FOLDER/Projet.py', '--cfg-path', '/tmp/tmpyya87ddy']
[2023-11-15T16:29:03.118+0000] {standard_task_runner.py:85} INFO - Job 181: Subtask Extract
[2023-11-15T16:29:03.169+0000] {task_command.py:416} INFO - Running <TaskInstance: Projet1.Extract manual__2023-11-15T16:29:00.539824+00:00 [running]> on host fb26c01043df
[2023-11-15T16:29:03.261+0000] {taskinstance.py:1662} INFO - Exporting env vars: AIRFLOW_CTX_DAG_OWNER='***' AIRFLOW_CTX_DAG_ID='Projet1' AIRFLOW_CTX_TASK_ID='Extract' AIRFLOW_CTX_EXECUTION_DATE='2023-11-15T16:29:00.539824+00:00' AIRFLOW_CTX_TRY_NUMBER='1' AIRFLOW_CTX_DAG_RUN_ID='manual__2023-11-15T16:29:00.539824+00:00'
[2023-11-15T16:29:03.526+0000] {logging_mixin.py:151} INFO -   Code tranches d'age;Age
0            0; tous âges
1               1;0-4 ans
2              2;5-14 ans
3             3;15-44 ans
4             4;45-64 ans
5             5;65-74 ans
6        6;75 ans ou plus
[2023-11-15T16:29:03.568+0000] {logging_mixin.py:151} INFO - Index(['Code tranches d'age;Age'], dtype='object')
[2023-11-15T16:29:03.569+0000] {logging_mixin.py:151} INFO - jawek semeh
[2023-11-15T16:29:03.575+0000] {python.py:194} INFO - Done. Returned value was: None
[2023-11-15T16:29:03.587+0000] {taskinstance.py:1400} INFO - Marking task as SUCCESS. dag_id=Projet1, task_id=Extract, execution_date=20231115T162900, start_date=20231115T162903, end_date=20231115T162903
[2023-11-15T16:29:03.612+0000] {local_task_job_runner.py:228} INFO - Task exited with return code 0
[2023-11-15T16:29:03.636+0000] {taskinstance.py:2778} INFO - 1 downstream tasks scheduled from follow-on schedule check
