[2023-11-12T22:20:47.625+0000] {taskinstance.py:1159} INFO - Dependencies all met for dep_context=non-requeueable deps ti=<TaskInstance: Projet1.Extract manual__2023-11-12T22:20:45.515257+00:00 [queued]>
[2023-11-12T22:20:47.634+0000] {taskinstance.py:1159} INFO - Dependencies all met for dep_context=requeueable deps ti=<TaskInstance: Projet1.Extract manual__2023-11-12T22:20:45.515257+00:00 [queued]>
[2023-11-12T22:20:47.635+0000] {taskinstance.py:1361} INFO - Starting attempt 1 of 1
[2023-11-12T22:20:47.649+0000] {taskinstance.py:1382} INFO - Executing <Task(PythonOperator): Extract> on 2023-11-12 22:20:45.515257+00:00
[2023-11-12T22:20:47.655+0000] {standard_task_runner.py:57} INFO - Started process 34168 to run task
[2023-11-12T22:20:47.658+0000] {standard_task_runner.py:84} INFO - Running: ['***', 'tasks', 'run', 'Projet1', 'Extract', 'manual__2023-11-12T22:20:45.515257+00:00', '--job-id', '167', '--raw', '--subdir', 'DAGS_FOLDER/Projet.py', '--cfg-path', '/tmp/tmpun853cb_']
[2023-11-12T22:20:47.660+0000] {standard_task_runner.py:85} INFO - Job 167: Subtask Extract
[2023-11-12T22:20:47.714+0000] {task_command.py:416} INFO - Running <TaskInstance: Projet1.Extract manual__2023-11-12T22:20:45.515257+00:00 [running]> on host fb26c01043df
[2023-11-12T22:20:47.820+0000] {taskinstance.py:1662} INFO - Exporting env vars: AIRFLOW_CTX_DAG_OWNER='***' AIRFLOW_CTX_DAG_ID='Projet1' AIRFLOW_CTX_TASK_ID='Extract' AIRFLOW_CTX_EXECUTION_DATE='2023-11-12T22:20:45.515257+00:00' AIRFLOW_CTX_TRY_NUMBER='1' AIRFLOW_CTX_DAG_RUN_ID='manual__2023-11-12T22:20:45.515257+00:00'
[2023-11-12T22:20:48.090+0000] {taskinstance.py:1937} ERROR - Task failed with exception
Traceback (most recent call last):
  File "/home/airflow/.local/lib/python3.8/site-packages/airflow/operators/python.py", line 192, in execute
    return_value = self.execute_callable()
  File "/home/airflow/.local/lib/python3.8/site-packages/airflow/operators/python.py", line 209, in execute_callable
    return self.python_callable(*self.op_args, **self.op_kwargs)
  File "/opt/airflow/dags/Projet.py", line 23, in extract_data
    print(df)
NameError: name 'df' is not defined
[2023-11-12T22:20:48.102+0000] {taskinstance.py:1400} INFO - Marking task as FAILED. dag_id=Projet1, task_id=Extract, execution_date=20231112T222045, start_date=20231112T222047, end_date=20231112T222048
[2023-11-12T22:20:48.117+0000] {standard_task_runner.py:104} ERROR - Failed to execute job 167 for task Extract (name 'df' is not defined; 34168)
[2023-11-12T22:20:48.155+0000] {local_task_job_runner.py:228} INFO - Task exited with return code 1
[2023-11-12T22:20:48.179+0000] {taskinstance.py:2778} INFO - 0 downstream tasks scheduled from follow-on schedule check
