[2023-11-23T14:31:33.549+0000] {taskinstance.py:1159} INFO - Dependencies all met for dep_context=non-requeueable deps ti=<TaskInstance: Projet1.create_table manual__2023-11-23T14:31:31.712088+00:00 [queued]>
[2023-11-23T14:31:33.559+0000] {taskinstance.py:1159} INFO - Dependencies all met for dep_context=requeueable deps ti=<TaskInstance: Projet1.create_table manual__2023-11-23T14:31:31.712088+00:00 [queued]>
[2023-11-23T14:31:33.560+0000] {taskinstance.py:1361} INFO - Starting attempt 1 of 1
[2023-11-23T14:31:33.573+0000] {taskinstance.py:1382} INFO - Executing <Task(PostgresOperator): create_table> on 2023-11-23 14:31:31.712088+00:00
[2023-11-23T14:31:33.579+0000] {standard_task_runner.py:57} INFO - Started process 3881 to run task
[2023-11-23T14:31:33.583+0000] {standard_task_runner.py:84} INFO - Running: ['***', 'tasks', 'run', 'Projet1', 'create_table', 'manual__2023-11-23T14:31:31.712088+00:00', '--job-id', '579', '--raw', '--subdir', 'DAGS_FOLDER/Projet.py', '--cfg-path', '/tmp/tmprnbb6aeo']
[2023-11-23T14:31:33.584+0000] {standard_task_runner.py:85} INFO - Job 579: Subtask create_table
[2023-11-23T14:31:33.635+0000] {task_command.py:416} INFO - Running <TaskInstance: Projet1.create_table manual__2023-11-23T14:31:31.712088+00:00 [running]> on host b36ebcee5948
[2023-11-23T14:31:33.723+0000] {taskinstance.py:1662} INFO - Exporting env vars: AIRFLOW_CTX_DAG_OWNER='***' AIRFLOW_CTX_DAG_ID='Projet1' AIRFLOW_CTX_TASK_ID='create_table' AIRFLOW_CTX_EXECUTION_DATE='2023-11-23T14:31:31.712088+00:00' AIRFLOW_CTX_TRY_NUMBER='1' AIRFLOW_CTX_DAG_RUN_ID='manual__2023-11-23T14:31:31.712088+00:00'
[2023-11-23T14:31:33.728+0000] {sql.py:274} INFO - Executing: -- Suppression des tables s'ils existent
DROP TABLE IF EXISTS "Urgences";
DROP TABLE IF EXISTS "Ages";
DROP TABLE IF EXISTS "Departements";

-- Création des tables

CREATE TABLE "Departements"
(
    num_dep integer PRIMARY KEY,
    dep_name VARCHAR(255),
    region_name VARCHAR(255)
);

CREATE TABLE "Ages"
(
    Code_age integer PRIMARY KEY,
    Agess VARCHAR(255)
);

CREATE TABLE "Urgences"
(
    dep integer,
    date_de_passage date ,
    sursaud_cl_age_corona integer , 
    nbre_pass_corona FLOAT, 
    nbre_pass_tot FLOAT, 
    nbre_hospit_corona FLOAT,
    nbre_pass_corona_h FLOAT, 
    nbre_pass_corona_f FLOAT, 
    nbre_pass_tot_h FLOAT, 
    nbre_pass_tot_f FLOAT,
    nbre_hospit_corona_h FLOAT, 
    nbre_hospit_corona_f FLOAT, 
    nbre_acte_corona FLOAT, 
    nbre_acte_tot FLOAT,
    nbre_acte_corona_h FLOAT, 
    nbre_acte_corona_f FLOAT, 
    nbre_acte_tot_h FLOAT, 
    nbre_acte_tot_f FLOAT
);

-- Ajout des contraintes de clé étrangère
ALTER TABLE "Urgences" ADD CONSTRAINT Urgences_dep_fkey FOREIGN KEY (dep) REFERENCES "Departements"(num_dep);
ALTER TABLE "Urgences" ADD CONSTRAINT Urgences_age_fkey FOREIGN KEY (sursaud_cl_age_corona) REFERENCES "Ages"(Code_age);

[2023-11-23T14:31:33.739+0000] {base.py:73} INFO - Using connection ID 'postgres_connexion' for task execution.
[2023-11-23T14:31:33.763+0000] {base.py:73} INFO - Using connection ID 'postgres_connexion' for task execution.
[2023-11-23T14:31:33.778+0000] {sql.py:418} INFO - Running statement: -- Suppression des tables s'ils existent
DROP TABLE IF EXISTS "Urgences";
DROP TABLE IF EXISTS "Ages";
DROP TABLE IF EXISTS "Departements";

-- Création des tables

CREATE TABLE "Departements"
(
    num_dep integer PRIMARY KEY,
    dep_name VARCHAR(255),
    region_name VARCHAR(255)
);

CREATE TABLE "Ages"
(
    Code_age integer PRIMARY KEY,
    Agess VARCHAR(255)
);

CREATE TABLE "Urgences"
(
    dep integer,
    date_de_passage date ,
    sursaud_cl_age_corona integer , 
    nbre_pass_corona FLOAT, 
    nbre_pass_tot FLOAT, 
    nbre_hospit_corona FLOAT,
    nbre_pass_corona_h FLOAT, 
    nbre_pass_corona_f FLOAT, 
    nbre_pass_tot_h FLOAT, 
    nbre_pass_tot_f FLOAT,
    nbre_hospit_corona_h FLOAT, 
    nbre_hospit_corona_f FLOAT, 
    nbre_acte_corona FLOAT, 
    nbre_acte_tot FLOAT,
    nbre_acte_corona_h FLOAT, 
    nbre_acte_corona_f FLOAT, 
    nbre_acte_tot_h FLOAT, 
    nbre_acte_tot_f FLOAT
);

-- Ajout des contraintes de clé étrangère
ALTER TABLE "Urgences" ADD CONSTRAINT Urgences_dep_fkey FOREIGN KEY (dep) REFERENCES "Departements"(num_dep);
ALTER TABLE "Urgences" ADD CONSTRAINT Urgences_age_fkey FOREIGN KEY (sursaud_cl_age_corona) REFERENCES "Ages"(Code_age);
, parameters: None
[2023-11-23T14:31:33.814+0000] {taskinstance.py:1400} INFO - Marking task as SUCCESS. dag_id=Projet1, task_id=create_table, execution_date=20231123T143131, start_date=20231123T143133, end_date=20231123T143133
[2023-11-23T14:31:33.837+0000] {local_task_job_runner.py:228} INFO - Task exited with return code 0
[2023-11-23T14:31:33.861+0000] {taskinstance.py:2778} INFO - 1 downstream tasks scheduled from follow-on schedule check
