[2023-11-24T18:15:20.912+0000] {taskinstance.py:1159} INFO - Dependencies all met for dep_context=non-requeueable deps ti=<TaskInstance: Projet1.Extract manual__2023-11-24T18:15:05.781072+00:00 [queued]>
[2023-11-24T18:15:20.924+0000] {taskinstance.py:1159} INFO - Dependencies all met for dep_context=requeueable deps ti=<TaskInstance: Projet1.Extract manual__2023-11-24T18:15:05.781072+00:00 [queued]>
[2023-11-24T18:15:20.924+0000] {taskinstance.py:1361} INFO - Starting attempt 1 of 2
[2023-11-24T18:15:20.939+0000] {taskinstance.py:1382} INFO - Executing <Task(PythonOperator): Extract> on 2023-11-24 18:15:05.781072+00:00
[2023-11-24T18:15:20.946+0000] {standard_task_runner.py:57} INFO - Started process 1836 to run task
[2023-11-24T18:15:20.950+0000] {standard_task_runner.py:84} INFO - Running: ['***', 'tasks', 'run', 'Projet1', 'Extract', 'manual__2023-11-24T18:15:05.781072+00:00', '--job-id', '972', '--raw', '--subdir', 'DAGS_FOLDER/Projet.py', '--cfg-path', '/tmp/tmppodqkex4']
[2023-11-24T18:15:20.952+0000] {standard_task_runner.py:85} INFO - Job 972: Subtask Extract
[2023-11-24T18:15:21.014+0000] {task_command.py:416} INFO - Running <TaskInstance: Projet1.Extract manual__2023-11-24T18:15:05.781072+00:00 [running]> on host b36ebcee5948
[2023-11-24T18:15:21.124+0000] {taskinstance.py:1662} INFO - Exporting env vars: AIRFLOW_CTX_DAG_EMAIL='filali.dia18@gmail.com' AIRFLOW_CTX_DAG_OWNER='***' AIRFLOW_CTX_DAG_ID='Projet1' AIRFLOW_CTX_TASK_ID='Extract' AIRFLOW_CTX_EXECUTION_DATE='2023-11-24T18:15:05.781072+00:00' AIRFLOW_CTX_TRY_NUMBER='1' AIRFLOW_CTX_DAG_RUN_ID='manual__2023-11-24T18:15:05.781072+00:00'
[2023-11-24T18:15:21.377+0000] {warnings.py:109} WARNING - /opt/***/dags/Projet.py:44: DtypeWarning: Columns (0) have mixed types. Specify dtype option on import or set low_memory=False.
  df_urgences = pd.read_csv(csv_file_path_urgences, delimiter=';')

[2023-11-24T18:15:21.677+0000] {logging_mixin.py:151} INFO - Index(['code_age', 'agess'], dtype='object')
[2023-11-24T18:15:21.689+0000] {base.py:73} INFO - Using connection ID 'postgres_connexion' for task execution.
[2023-11-24T18:15:21.733+0000] {base.py:73} INFO - Using connection ID 'postgres_connexion' for task execution.
[2023-11-24T18:15:21.769+0000] {base.py:73} INFO - Using connection ID 'postgres_connexion' for task execution.
[2023-11-24T18:15:43.944+0000] {logging_mixin.py:151} INFO - ########################################################################
[2023-11-24T18:15:43.945+0000] {logging_mixin.py:151} INFO - #                                                                      #
[2023-11-24T18:15:43.946+0000] {logging_mixin.py:151} INFO - #   ce dessous est la visualisation du contenu de la table Urgences :  #
[2023-11-24T18:15:43.946+0000] {logging_mixin.py:151} INFO - #                                                                      #
[2023-11-24T18:15:43.946+0000] {logging_mixin.py:151} INFO - ########################################################################
[2023-11-24T18:15:43.954+0000] {base.py:73} INFO - Using connection ID 'postgres_connexion' for task execution.
[2023-11-24T18:15:43.966+0000] {warnings.py:109} WARNING - /home/***/.local/lib/python3.8/site-packages/***/providers/common/sql/hooks/sql.py:219: UserWarning: pandas only supports SQLAlchemy connectable (engine/connection) or database string URI or sqlite3 DBAPI2 connection. Other DBAPI2 objects are not tested. Please consider using SQLAlchemy.
  return psql.read_sql(sql, con=conn, params=parameters, **kwargs)

[2023-11-24T18:15:44.070+0000] {logging_mixin.py:151} INFO -           h       f dep
0     985.0  1017.0  75
1    1786.0  1814.0  13
2     812.0   940.0  93
3     971.0  1081.0  94
4     603.0   687.0  95
..      ...     ...  ..
96    295.0   304.0  50
97    188.0   226.0  90
98    256.0   261.0  16
99    368.0   363.0  26
100   438.0   400.0  71

[101 rows x 3 columns]
[2023-11-24T18:15:44.071+0000] {logging_mixin.py:151} INFO - ========================
[2023-11-24T18:15:45.552+0000] {python.py:194} INFO - Done. Returned value was: None
[2023-11-24T18:15:45.568+0000] {taskinstance.py:1400} INFO - Marking task as SUCCESS. dag_id=Projet1, task_id=Extract, execution_date=20231124T181505, start_date=20231124T181520, end_date=20231124T181545
[2023-11-24T18:15:45.626+0000] {local_task_job_runner.py:228} INFO - Task exited with return code 0
[2023-11-24T18:15:45.665+0000] {taskinstance.py:2778} INFO - 1 downstream tasks scheduled from follow-on schedule check
