[2023-11-12T15:13:22.530+0000] {taskinstance.py:1159} INFO - Dependencies all met for dep_context=non-requeueable deps ti=<TaskInstance: Projet1.Extract manual__2023-11-12T15:08:18.243536+00:00 [queued]>
[2023-11-12T15:13:22.539+0000] {taskinstance.py:1159} INFO - Dependencies all met for dep_context=requeueable deps ti=<TaskInstance: Projet1.Extract manual__2023-11-12T15:08:18.243536+00:00 [queued]>
[2023-11-12T15:13:22.540+0000] {taskinstance.py:1361} INFO - Starting attempt 2 of 2
[2023-11-12T15:13:22.552+0000] {taskinstance.py:1382} INFO - Executing <Task(BashOperator): Extract> on 2023-11-12 15:08:18.243536+00:00
[2023-11-12T15:13:22.558+0000] {standard_task_runner.py:57} INFO - Started process 29048 to run task
[2023-11-12T15:13:22.561+0000] {standard_task_runner.py:84} INFO - Running: ['***', 'tasks', 'run', 'Projet1', 'Extract', 'manual__2023-11-12T15:08:18.243536+00:00', '--job-id', '107', '--raw', '--subdir', 'DAGS_FOLDER/Projet.py', '--cfg-path', '/tmp/tmpv_76cbwz']
[2023-11-12T15:13:22.565+0000] {standard_task_runner.py:85} INFO - Job 107: Subtask Extract
[2023-11-12T15:13:22.615+0000] {task_command.py:416} INFO - Running <TaskInstance: Projet1.Extract manual__2023-11-12T15:08:18.243536+00:00 [running]> on host fb26c01043df
[2023-11-12T15:13:22.720+0000] {taskinstance.py:1662} INFO - Exporting env vars: AIRFLOW_CTX_DAG_OWNER='votre_propriétaire' AIRFLOW_CTX_DAG_ID='Projet1' AIRFLOW_CTX_TASK_ID='Extract' AIRFLOW_CTX_EXECUTION_DATE='2023-11-12T15:08:18.243536+00:00' AIRFLOW_CTX_TRY_NUMBER='2' AIRFLOW_CTX_DAG_RUN_ID='manual__2023-11-12T15:08:18.243536+00:00'
[2023-11-12T15:13:22.723+0000] {subprocess.py:63} INFO - Tmp dir root location: /tmp
[2023-11-12T15:13:22.724+0000] {subprocess.py:75} INFO - Running command: ['/bin/bash', '-c', 'cp /Users/celinahamzaoui/Desktop/Cours_Sup_de_vinci/Datawarehouse/TP3/TP_Airflow/data/donnees-urgences-SOS-medecins.csv ${AIRFLOW_HOME}/data/foncieres.csv']
[2023-11-12T15:13:22.737+0000] {subprocess.py:86} INFO - Output:
[2023-11-12T15:13:22.744+0000] {subprocess.py:93} INFO - cp: cannot stat '/Users/celinahamzaoui/Desktop/Cours_Sup_de_vinci/Datawarehouse/TP3/TP_Airflow/data/donnees-urgences-SOS-medecins.csv': No such file or directory
[2023-11-12T15:13:22.745+0000] {subprocess.py:97} INFO - Command exited with return code 1
[2023-11-12T15:13:22.756+0000] {taskinstance.py:1937} ERROR - Task failed with exception
Traceback (most recent call last):
  File "/home/airflow/.local/lib/python3.8/site-packages/airflow/operators/bash.py", line 210, in execute
    raise AirflowException(
airflow.exceptions.AirflowException: Bash command failed. The command returned a non-zero exit code 1.
[2023-11-12T15:13:22.764+0000] {taskinstance.py:1400} INFO - Marking task as FAILED. dag_id=Projet1, task_id=Extract, execution_date=20231112T150818, start_date=20231112T151322, end_date=20231112T151322
[2023-11-12T15:13:22.780+0000] {standard_task_runner.py:104} ERROR - Failed to execute job 107 for task Extract (Bash command failed. The command returned a non-zero exit code 1.; 29048)
[2023-11-12T15:13:22.814+0000] {local_task_job_runner.py:228} INFO - Task exited with return code 1
[2023-11-12T15:13:22.836+0000] {taskinstance.py:2778} INFO - 0 downstream tasks scheduled from follow-on schedule check
