[2023-11-23T19:22:31.687+0000] {taskinstance.py:1159} INFO - Dependencies all met for dep_context=non-requeueable deps ti=<TaskInstance: Projet1.Extract manual__2023-11-23T19:22:16.398075+00:00 [queued]>
[2023-11-23T19:22:31.698+0000] {taskinstance.py:1159} INFO - Dependencies all met for dep_context=requeueable deps ti=<TaskInstance: Projet1.Extract manual__2023-11-23T19:22:16.398075+00:00 [queued]>
[2023-11-23T19:22:31.699+0000] {taskinstance.py:1361} INFO - Starting attempt 1 of 1
[2023-11-23T19:22:31.713+0000] {taskinstance.py:1382} INFO - Executing <Task(PythonOperator): Extract> on 2023-11-23 19:22:16.398075+00:00
[2023-11-23T19:22:31.718+0000] {standard_task_runner.py:57} INFO - Started process 873 to run task
[2023-11-23T19:22:31.721+0000] {standard_task_runner.py:84} INFO - Running: ['***', 'tasks', 'run', 'Projet1', 'Extract', 'manual__2023-11-23T19:22:16.398075+00:00', '--job-id', '664', '--raw', '--subdir', 'DAGS_FOLDER/Projet.py', '--cfg-path', '/tmp/tmpc4lqw__7']
[2023-11-23T19:22:31.723+0000] {standard_task_runner.py:85} INFO - Job 664: Subtask Extract
[2023-11-23T19:22:31.777+0000] {task_command.py:416} INFO - Running <TaskInstance: Projet1.Extract manual__2023-11-23T19:22:16.398075+00:00 [running]> on host b36ebcee5948
[2023-11-23T19:22:31.866+0000] {taskinstance.py:1662} INFO - Exporting env vars: AIRFLOW_CTX_DAG_OWNER='***' AIRFLOW_CTX_DAG_ID='Projet1' AIRFLOW_CTX_TASK_ID='Extract' AIRFLOW_CTX_EXECUTION_DATE='2023-11-23T19:22:16.398075+00:00' AIRFLOW_CTX_TRY_NUMBER='1' AIRFLOW_CTX_DAG_RUN_ID='manual__2023-11-23T19:22:16.398075+00:00'
[2023-11-23T19:22:32.087+0000] {warnings.py:109} WARNING - /opt/***/dags/Projet.py:31: DtypeWarning: Columns (0) have mixed types. Specify dtype option on import or set low_memory=False.
  df_urgences = pd.read_csv(csv_file_path_urgences, delimiter=';')

[2023-11-23T19:22:32.408+0000] {logging_mixin.py:151} INFO - Index(['code_age', 'agess'], dtype='object')
[2023-11-23T19:22:32.409+0000] {logging_mixin.py:151} INFO - Une erreur s'est produite lors de l'extraction des données Age : 'DataFrame' object has no attribute 'append'
[2023-11-23T19:22:32.420+0000] {base.py:73} INFO - Using connection ID 'postgres_connexion' for task execution.
[2023-11-23T19:22:32.461+0000] {base.py:73} INFO - Using connection ID 'postgres_connexion' for task execution.
[2023-11-23T19:22:32.496+0000] {base.py:73} INFO - Using connection ID 'postgres_connexion' for task execution.
[2023-11-23T19:22:55.252+0000] {logging_mixin.py:151} INFO - ########################################################################
[2023-11-23T19:22:55.255+0000] {logging_mixin.py:151} INFO - #                                                                      #
[2023-11-23T19:22:55.256+0000] {logging_mixin.py:151} INFO - #   ce dessous est la visualisation du contenu de la table Urgences :  #
[2023-11-23T19:22:55.256+0000] {logging_mixin.py:151} INFO - #                                                                      #
[2023-11-23T19:22:55.257+0000] {logging_mixin.py:151} INFO - ########################################################################
[2023-11-23T19:22:55.273+0000] {base.py:73} INFO - Using connection ID 'postgres_connexion' for task execution.
[2023-11-23T19:22:55.299+0000] {warnings.py:109} WARNING - /home/***/.local/lib/python3.8/site-packages/***/providers/common/sql/hooks/sql.py:219: UserWarning: pandas only supports SQLAlchemy connectable (engine/connection) or database string URI or sqlite3 DBAPI2 connection. Other DBAPI2 objects are not tested. Please consider using SQLAlchemy.
  return psql.read_sql(sql, con=conn, params=parameters, **kwargs)

[2023-11-23T19:22:55.605+0000] {logging_mixin.py:151} INFO -        date_de_passage
0           2022-12-26
1           2022-12-26
2           2022-12-26
3           2022-12-26
4           2022-12-26
...                ...
214216      2023-10-24
214217      2023-10-24
214218      2023-10-24
214219      2023-10-24
214220      2023-10-24

[214221 rows x 1 columns]
[2023-11-23T19:22:55.605+0000] {logging_mixin.py:151} INFO - ========================
[2023-11-23T19:22:56.089+0000] {python.py:194} INFO - Done. Returned value was: None
[2023-11-23T19:22:56.101+0000] {taskinstance.py:1400} INFO - Marking task as SUCCESS. dag_id=Projet1, task_id=Extract, execution_date=20231123T192216, start_date=20231123T192231, end_date=20231123T192256
[2023-11-23T19:22:56.146+0000] {local_task_job_runner.py:228} INFO - Task exited with return code 0
[2023-11-23T19:22:56.167+0000] {taskinstance.py:2778} INFO - 0 downstream tasks scheduled from follow-on schedule check
