[2023-11-15T16:30:16.571+0000] {taskinstance.py:1159} INFO - Dependencies all met for dep_context=non-requeueable deps ti=<TaskInstance: Projet1.Extract manual__2023-11-15T16:30:12.674287+00:00 [queued]>
[2023-11-15T16:30:16.584+0000] {taskinstance.py:1159} INFO - Dependencies all met for dep_context=requeueable deps ti=<TaskInstance: Projet1.Extract manual__2023-11-15T16:30:12.674287+00:00 [queued]>
[2023-11-15T16:30:16.585+0000] {taskinstance.py:1361} INFO - Starting attempt 1 of 1
[2023-11-15T16:30:16.602+0000] {taskinstance.py:1382} INFO - Executing <Task(PythonOperator): Extract> on 2023-11-15 16:30:12.674287+00:00
[2023-11-15T16:30:16.608+0000] {standard_task_runner.py:57} INFO - Started process 53859 to run task
[2023-11-15T16:30:16.615+0000] {standard_task_runner.py:84} INFO - Running: ['***', 'tasks', 'run', 'Projet1', 'Extract', 'manual__2023-11-15T16:30:12.674287+00:00', '--job-id', '183', '--raw', '--subdir', 'DAGS_FOLDER/Projet.py', '--cfg-path', '/tmp/tmpbpmdv0q0']
[2023-11-15T16:30:16.619+0000] {standard_task_runner.py:85} INFO - Job 183: Subtask Extract
[2023-11-15T16:30:16.695+0000] {task_command.py:416} INFO - Running <TaskInstance: Projet1.Extract manual__2023-11-15T16:30:12.674287+00:00 [running]> on host fb26c01043df
[2023-11-15T16:30:16.793+0000] {taskinstance.py:1662} INFO - Exporting env vars: AIRFLOW_CTX_DAG_OWNER='***' AIRFLOW_CTX_DAG_ID='Projet1' AIRFLOW_CTX_TASK_ID='Extract' AIRFLOW_CTX_EXECUTION_DATE='2023-11-15T16:30:12.674287+00:00' AIRFLOW_CTX_TRY_NUMBER='1' AIRFLOW_CTX_DAG_RUN_ID='manual__2023-11-15T16:30:12.674287+00:00'
[2023-11-15T16:30:17.305+0000] {logging_mixin.py:151} INFO -   Code tranches d'age;Age
0            0; tous âges
1               1;0-4 ans
2              2;5-14 ans
3             3;15-44 ans
4             4;45-64 ans
5             5;65-74 ans
6        6;75 ans ou plus
[2023-11-15T16:30:17.335+0000] {logging_mixin.py:151} INFO - dep;date_de_passage;sursaud_cl_age_corona;nbre_pass_corona;nbre_pass_tot;nbre_hospit_corona;nbre_pass_corona_h;nbre_pass_corona_f;nbre_pass_tot_h;nbre_pass_tot_f;nbre_hospit_corona_h;nbre_hospit_corona_f;nbre_acte_corona;nbre_acte_tot;nbre_acte_corona_h;nbre_acte_corona_f;nbre_acte_tot_h;nbre_acte_tot_f
[2023-11-15T16:30:17.336+0000] {logging_mixin.py:151} INFO - jawek semeh
[2023-11-15T16:30:17.340+0000] {python.py:194} INFO - Done. Returned value was: None
[2023-11-15T16:30:17.350+0000] {taskinstance.py:1400} INFO - Marking task as SUCCESS. dag_id=Projet1, task_id=Extract, execution_date=20231115T163012, start_date=20231115T163016, end_date=20231115T163017
[2023-11-15T16:30:17.392+0000] {local_task_job_runner.py:228} INFO - Task exited with return code 0
[2023-11-15T16:30:17.415+0000] {taskinstance.py:2778} INFO - 1 downstream tasks scheduled from follow-on schedule check
