[2023-11-11T21:50:45.528+0000] {taskinstance.py:1159} INFO - Dependencies all met for dep_context=non-requeueable deps ti=<TaskInstance: A.Extract manual__2023-11-11T21:50:43.650376+00:00 [queued]>
[2023-11-11T21:50:45.537+0000] {taskinstance.py:1159} INFO - Dependencies all met for dep_context=requeueable deps ti=<TaskInstance: A.Extract manual__2023-11-11T21:50:43.650376+00:00 [queued]>
[2023-11-11T21:50:45.538+0000] {taskinstance.py:1361} INFO - Starting attempt 1 of 1
[2023-11-11T21:50:45.551+0000] {taskinstance.py:1382} INFO - Executing <Task(BashOperator): Extract> on 2023-11-11 21:50:43.650376+00:00
[2023-11-11T21:50:45.557+0000] {standard_task_runner.py:57} INFO - Started process 27061 to run task
[2023-11-11T21:50:45.561+0000] {standard_task_runner.py:84} INFO - Running: ['***', 'tasks', 'run', 'A', 'Extract', 'manual__2023-11-11T21:50:43.650376+00:00', '--job-id', '89', '--raw', '--subdir', 'DAGS_FOLDER/Projet.py', '--cfg-path', '/tmp/tmp4p0q0j_3']
[2023-11-11T21:50:45.562+0000] {standard_task_runner.py:85} INFO - Job 89: Subtask Extract
[2023-11-11T21:50:45.612+0000] {task_command.py:416} INFO - Running <TaskInstance: A.Extract manual__2023-11-11T21:50:43.650376+00:00 [running]> on host fb26c01043df
[2023-11-11T21:50:45.688+0000] {taskinstance.py:1662} INFO - Exporting env vars: AIRFLOW_CTX_DAG_OWNER='***' AIRFLOW_CTX_DAG_ID='A' AIRFLOW_CTX_TASK_ID='Extract' AIRFLOW_CTX_EXECUTION_DATE='2023-11-11T21:50:43.650376+00:00' AIRFLOW_CTX_TRY_NUMBER='1' AIRFLOW_CTX_DAG_RUN_ID='manual__2023-11-11T21:50:43.650376+00:00'
[2023-11-11T21:50:45.692+0000] {subprocess.py:63} INFO - Tmp dir root location: /tmp
[2023-11-11T21:50:45.693+0000] {subprocess.py:75} INFO - Running command: ['/bin/bash', '-c', 'curl --keepalive-time 6000 -o ${AIRFLOW_HOME}/data/valeurs.csv file:///data/code-tranches-dage-donnees-urgences.csv']
[2023-11-11T21:50:45.709+0000] {subprocess.py:86} INFO - Output:
[2023-11-11T21:50:45.719+0000] {subprocess.py:93} INFO - curl: (37) Couldn't open file /data/code-tranches-dage-donnees-urgences.csv
[2023-11-11T21:50:45.720+0000] {subprocess.py:97} INFO - Command exited with return code 37
[2023-11-11T21:50:45.731+0000] {taskinstance.py:1937} ERROR - Task failed with exception
Traceback (most recent call last):
  File "/home/airflow/.local/lib/python3.8/site-packages/airflow/operators/bash.py", line 210, in execute
    raise AirflowException(
airflow.exceptions.AirflowException: Bash command failed. The command returned a non-zero exit code 37.
[2023-11-11T21:50:45.735+0000] {taskinstance.py:1400} INFO - Marking task as FAILED. dag_id=A, task_id=Extract, execution_date=20231111T215043, start_date=20231111T215045, end_date=20231111T215045
[2023-11-11T21:50:45.748+0000] {standard_task_runner.py:104} ERROR - Failed to execute job 89 for task Extract (Bash command failed. The command returned a non-zero exit code 37.; 27061)
[2023-11-11T21:50:45.774+0000] {local_task_job_runner.py:228} INFO - Task exited with return code 1
[2023-11-11T21:50:45.792+0000] {taskinstance.py:2778} INFO - 0 downstream tasks scheduled from follow-on schedule check
