[2023-11-24T14:37:35.753+0000] {taskinstance.py:1159} INFO - Dependencies all met for dep_context=non-requeueable deps ti=<TaskInstance: Projet1.install_matplotlib manual__2023-11-24T14:37:32.047893+00:00 [queued]>
[2023-11-24T14:37:35.775+0000] {taskinstance.py:1159} INFO - Dependencies all met for dep_context=requeueable deps ti=<TaskInstance: Projet1.install_matplotlib manual__2023-11-24T14:37:32.047893+00:00 [queued]>
[2023-11-24T14:37:35.775+0000] {taskinstance.py:1361} INFO - Starting attempt 1 of 2
[2023-11-24T14:37:35.810+0000] {taskinstance.py:1382} INFO - Executing <Task(BashOperator): install_matplotlib> on 2023-11-24 14:37:32.047893+00:00
[2023-11-24T14:37:35.834+0000] {standard_task_runner.py:57} INFO - Started process 4793 to run task
[2023-11-24T14:37:35.847+0000] {standard_task_runner.py:84} INFO - Running: ['***', 'tasks', 'run', 'Projet1', 'install_matplotlib', 'manual__2023-11-24T14:37:32.047893+00:00', '--job-id', '884', '--raw', '--subdir', 'DAGS_FOLDER/Projet.py', '--cfg-path', '/tmp/tmp9xtf09td']
[2023-11-24T14:37:35.851+0000] {standard_task_runner.py:85} INFO - Job 884: Subtask install_matplotlib
[2023-11-24T14:37:36.199+0000] {task_command.py:416} INFO - Running <TaskInstance: Projet1.install_matplotlib manual__2023-11-24T14:37:32.047893+00:00 [running]> on host b36ebcee5948
[2023-11-24T14:37:36.293+0000] {taskinstance.py:1662} INFO - Exporting env vars: AIRFLOW_CTX_DAG_OWNER='***' AIRFLOW_CTX_DAG_ID='Projet1' AIRFLOW_CTX_TASK_ID='install_matplotlib' AIRFLOW_CTX_EXECUTION_DATE='2023-11-24T14:37:32.047893+00:00' AIRFLOW_CTX_TRY_NUMBER='1' AIRFLOW_CTX_DAG_RUN_ID='manual__2023-11-24T14:37:32.047893+00:00'
[2023-11-24T14:37:36.298+0000] {subprocess.py:63} INFO - Tmp dir root location: /tmp
[2023-11-24T14:37:36.300+0000] {subprocess.py:75} INFO - Running command: ['/bin/bash', '-c', 'pip install matplotlib']
[2023-11-24T14:37:36.315+0000] {subprocess.py:86} INFO - Output:
[2023-11-24T14:37:37.769+0000] {subprocess.py:93} INFO - Defaulting to user installation because normal site-packages is not writeable
[2023-11-24T14:37:38.063+0000] {subprocess.py:93} INFO - Requirement already satisfied: matplotlib in /home/***/.local/lib/python3.8/site-packages (3.7.4)
[2023-11-24T14:37:38.075+0000] {subprocess.py:93} INFO - Requirement already satisfied: cycler>=0.10 in /home/***/.local/lib/python3.8/site-packages (from matplotlib) (0.12.1)
[2023-11-24T14:37:38.076+0000] {subprocess.py:93} INFO - Requirement already satisfied: python-dateutil>=2.7 in /home/***/.local/lib/python3.8/site-packages (from matplotlib) (2.8.2)
[2023-11-24T14:37:38.078+0000] {subprocess.py:93} INFO - Requirement already satisfied: importlib-resources>=3.2.0 in /home/***/.local/lib/python3.8/site-packages (from matplotlib) (6.1.0)
[2023-11-24T14:37:38.079+0000] {subprocess.py:93} INFO - Requirement already satisfied: contourpy>=1.0.1 in /home/***/.local/lib/python3.8/site-packages (from matplotlib) (1.1.1)
[2023-11-24T14:37:38.080+0000] {subprocess.py:93} INFO - Requirement already satisfied: pyparsing>=2.3.1 in /home/***/.local/lib/python3.8/site-packages (from matplotlib) (3.1.1)
[2023-11-24T14:37:38.081+0000] {subprocess.py:93} INFO - Requirement already satisfied: packaging>=20.0 in /home/***/.local/lib/python3.8/site-packages (from matplotlib) (23.2)
[2023-11-24T14:37:38.082+0000] {subprocess.py:93} INFO - Requirement already satisfied: pillow>=6.2.0 in /home/***/.local/lib/python3.8/site-packages (from matplotlib) (10.1.0)
[2023-11-24T14:37:38.083+0000] {subprocess.py:93} INFO - Requirement already satisfied: fonttools>=4.22.0 in /home/***/.local/lib/python3.8/site-packages (from matplotlib) (4.45.1)
[2023-11-24T14:37:38.084+0000] {subprocess.py:93} INFO - Requirement already satisfied: kiwisolver>=1.0.1 in /home/***/.local/lib/python3.8/site-packages (from matplotlib) (1.4.5)
[2023-11-24T14:37:38.085+0000] {subprocess.py:93} INFO - Requirement already satisfied: numpy<2,>=1.20 in /home/***/.local/lib/python3.8/site-packages (from matplotlib) (1.24.4)
[2023-11-24T14:37:38.180+0000] {subprocess.py:93} INFO - Requirement already satisfied: zipp>=3.1.0 in /home/***/.local/lib/python3.8/site-packages (from importlib-resources>=3.2.0->matplotlib) (3.17.0)
[2023-11-24T14:37:38.207+0000] {subprocess.py:93} INFO - Requirement already satisfied: six>=1.5 in /home/***/.local/lib/python3.8/site-packages (from python-dateutil>=2.7->matplotlib) (1.16.0)
[2023-11-24T14:37:45.400+0000] {subprocess.py:93} INFO - 
[2023-11-24T14:37:45.401+0000] {subprocess.py:93} INFO - [notice] A new release of pip is available: 23.0.1 -> 23.3.1
[2023-11-24T14:37:45.402+0000] {subprocess.py:93} INFO - [notice] To update, run: pip install --upgrade pip
[2023-11-24T14:37:45.682+0000] {subprocess.py:97} INFO - Command exited with return code 0
[2023-11-24T14:37:45.718+0000] {taskinstance.py:1400} INFO - Marking task as SUCCESS. dag_id=Projet1, task_id=install_matplotlib, execution_date=20231124T143732, start_date=20231124T143735, end_date=20231124T143745
[2023-11-24T14:37:45.772+0000] {local_task_job_runner.py:228} INFO - Task exited with return code 0
[2023-11-24T14:37:45.797+0000] {taskinstance.py:2778} INFO - 1 downstream tasks scheduled from follow-on schedule check
