[2023-11-15T16:54:47.683+0000] {taskinstance.py:1159} INFO - Dependencies all met for dep_context=non-requeueable deps ti=<TaskInstance: Projet1.Extract manual__2023-11-15T16:54:45.727102+00:00 [queued]>
[2023-11-15T16:54:47.700+0000] {taskinstance.py:1159} INFO - Dependencies all met for dep_context=requeueable deps ti=<TaskInstance: Projet1.Extract manual__2023-11-15T16:54:45.727102+00:00 [queued]>
[2023-11-15T16:54:47.701+0000] {taskinstance.py:1361} INFO - Starting attempt 1 of 1
[2023-11-15T16:54:47.718+0000] {taskinstance.py:1382} INFO - Executing <Task(PythonOperator): Extract> on 2023-11-15 16:54:45.727102+00:00
[2023-11-15T16:54:47.725+0000] {standard_task_runner.py:57} INFO - Started process 54261 to run task
[2023-11-15T16:54:47.729+0000] {standard_task_runner.py:84} INFO - Running: ['***', 'tasks', 'run', 'Projet1', 'Extract', 'manual__2023-11-15T16:54:45.727102+00:00', '--job-id', '197', '--raw', '--subdir', 'DAGS_FOLDER/Projet.py', '--cfg-path', '/tmp/tmpq_ndq_eb']
[2023-11-15T16:54:47.731+0000] {standard_task_runner.py:85} INFO - Job 197: Subtask Extract
[2023-11-15T16:54:47.792+0000] {task_command.py:416} INFO - Running <TaskInstance: Projet1.Extract manual__2023-11-15T16:54:45.727102+00:00 [running]> on host fb26c01043df
[2023-11-15T16:54:47.882+0000] {taskinstance.py:1662} INFO - Exporting env vars: AIRFLOW_CTX_DAG_OWNER='***' AIRFLOW_CTX_DAG_ID='Projet1' AIRFLOW_CTX_TASK_ID='Extract' AIRFLOW_CTX_EXECUTION_DATE='2023-11-15T16:54:45.727102+00:00' AIRFLOW_CTX_TRY_NUMBER='1' AIRFLOW_CTX_DAG_RUN_ID='manual__2023-11-15T16:54:45.727102+00:00'
[2023-11-15T16:54:48.117+0000] {warnings.py:109} WARNING - /opt/***/dags/Projet.py:15: DtypeWarning: Columns (0) have mixed types. Specify dtype option on import or set low_memory=False.
  df_urgences = pd.read_csv(csv_file_path_urgences,  delimiter=';' )

[2023-11-15T16:54:48.453+0000] {logging_mixin.py:151} INFO - 0           1
1           1
2           1
3           1
4           1
         ... 
214216    976
214217    976
214218    976
214219    976
214220    976
Name: dep, Length: 214221, dtype: object
[2023-11-15T16:54:48.523+0000] {python.py:194} INFO - Done. Returned value was: None
[2023-11-15T16:54:48.539+0000] {taskinstance.py:1400} INFO - Marking task as SUCCESS. dag_id=Projet1, task_id=Extract, execution_date=20231115T165445, start_date=20231115T165447, end_date=20231115T165448
[2023-11-15T16:54:48.627+0000] {local_task_job_runner.py:228} INFO - Task exited with return code 0
[2023-11-15T16:54:48.669+0000] {taskinstance.py:2778} INFO - 1 downstream tasks scheduled from follow-on schedule check
