[2023-11-23T10:14:37.262+0000] {taskinstance.py:1159} INFO - Dependencies all met for dep_context=non-requeueable deps ti=<TaskInstance: Projet1.Extract manual__2023-11-23T10:14:32.683419+00:00 [queued]>
[2023-11-23T10:14:37.272+0000] {taskinstance.py:1159} INFO - Dependencies all met for dep_context=requeueable deps ti=<TaskInstance: Projet1.Extract manual__2023-11-23T10:14:32.683419+00:00 [queued]>
[2023-11-23T10:14:37.273+0000] {taskinstance.py:1361} INFO - Starting attempt 1 of 1
[2023-11-23T10:14:37.288+0000] {taskinstance.py:1382} INFO - Executing <Task(PythonOperator): Extract> on 2023-11-23 10:14:32.683419+00:00
[2023-11-23T10:14:37.294+0000] {standard_task_runner.py:57} INFO - Started process 809 to run task
[2023-11-23T10:14:37.297+0000] {standard_task_runner.py:84} INFO - Running: ['***', 'tasks', 'run', 'Projet1', 'Extract', 'manual__2023-11-23T10:14:32.683419+00:00', '--job-id', '475', '--raw', '--subdir', 'DAGS_FOLDER/Projet.py', '--cfg-path', '/tmp/tmpb6708_33']
[2023-11-23T10:14:37.299+0000] {standard_task_runner.py:85} INFO - Job 475: Subtask Extract
[2023-11-23T10:14:37.347+0000] {task_command.py:416} INFO - Running <TaskInstance: Projet1.Extract manual__2023-11-23T10:14:32.683419+00:00 [running]> on host b36ebcee5948
[2023-11-23T10:14:37.429+0000] {taskinstance.py:1662} INFO - Exporting env vars: AIRFLOW_CTX_DAG_OWNER='***' AIRFLOW_CTX_DAG_ID='Projet1' AIRFLOW_CTX_TASK_ID='Extract' AIRFLOW_CTX_EXECUTION_DATE='2023-11-23T10:14:32.683419+00:00' AIRFLOW_CTX_TRY_NUMBER='1' AIRFLOW_CTX_DAG_RUN_ID='manual__2023-11-23T10:14:32.683419+00:00'
[2023-11-23T10:14:37.657+0000] {warnings.py:109} WARNING - /opt/***/dags/Projet.py:17: DtypeWarning: Columns (0) have mixed types. Specify dtype option on import or set low_memory=False.
  df_urgences = pd.read_csv(csv_file_path_urgences,  delimiter=';' )

[2023-11-23T10:14:38.230+0000] {logging_mixin.py:151} INFO - 101
[2023-11-23T10:14:38.233+0000] {logging_mixin.py:151} INFO - 99
[2023-11-23T10:14:38.252+0000] {base.py:73} INFO - Using connection ID 'postgres_connexion' for task execution.
[2023-11-23T10:14:38.264+0000] {sql.py:418} INFO - Running statement: ALTER TABLE Urgences DROP CONSTRAINT IF EXISTS Urgences_dep_fkey, parameters: None
[2023-11-23T10:14:38.268+0000] {taskinstance.py:1937} ERROR - Task failed with exception
Traceback (most recent call last):
  File "/home/airflow/.local/lib/python3.8/site-packages/airflow/operators/python.py", line 192, in execute
    return_value = self.execute_callable()
  File "/home/airflow/.local/lib/python3.8/site-packages/airflow/operators/python.py", line 209, in execute_callable
    return self.python_callable(*self.op_args, **self.op_kwargs)
  File "/opt/airflow/dags/Projet.py", line 131, in extract_data
    postgres_sql_upload.run("ALTER TABLE Urgences DROP CONSTRAINT IF EXISTS Urgences_dep_fkey")
  File "/home/airflow/.local/lib/python3.8/site-packages/airflow/providers/common/sql/hooks/sql.py", line 392, in run
    self._run_command(cur, sql_statement, parameters)
  File "/home/airflow/.local/lib/python3.8/site-packages/airflow/providers/common/sql/hooks/sql.py", line 423, in _run_command
    cur.execute(sql_statement)
psycopg2.errors.UndefinedTable: relation "urgences" does not exist

[2023-11-23T10:14:38.284+0000] {taskinstance.py:1400} INFO - Marking task as FAILED. dag_id=Projet1, task_id=Extract, execution_date=20231123T101432, start_date=20231123T101437, end_date=20231123T101438
[2023-11-23T10:14:38.298+0000] {standard_task_runner.py:104} ERROR - Failed to execute job 475 for task Extract (relation "urgences" does not exist
; 809)
[2023-11-23T10:14:38.318+0000] {local_task_job_runner.py:228} INFO - Task exited with return code 1
[2023-11-23T10:14:38.340+0000] {taskinstance.py:2778} INFO - 0 downstream tasks scheduled from follow-on schedule check
