[2023-11-23T19:39:19.705+0000] {taskinstance.py:1159} INFO - Dependencies all met for dep_context=non-requeueable deps ti=<TaskInstance: Projet1.Extract manual__2023-11-23T19:39:02.131235+00:00 [queued]>
[2023-11-23T19:39:19.716+0000] {taskinstance.py:1159} INFO - Dependencies all met for dep_context=requeueable deps ti=<TaskInstance: Projet1.Extract manual__2023-11-23T19:39:02.131235+00:00 [queued]>
[2023-11-23T19:39:19.716+0000] {taskinstance.py:1361} INFO - Starting attempt 1 of 1
[2023-11-23T19:39:19.730+0000] {taskinstance.py:1382} INFO - Executing <Task(PythonOperator): Extract> on 2023-11-23 19:39:02.131235+00:00
[2023-11-23T19:39:19.735+0000] {standard_task_runner.py:57} INFO - Started process 1244 to run task
[2023-11-23T19:39:19.739+0000] {standard_task_runner.py:84} INFO - Running: ['***', 'tasks', 'run', 'Projet1', 'Extract', 'manual__2023-11-23T19:39:02.131235+00:00', '--job-id', '691', '--raw', '--subdir', 'DAGS_FOLDER/Projet.py', '--cfg-path', '/tmp/tmpv3ytrims']
[2023-11-23T19:39:19.740+0000] {standard_task_runner.py:85} INFO - Job 691: Subtask Extract
[2023-11-23T19:39:19.787+0000] {task_command.py:416} INFO - Running <TaskInstance: Projet1.Extract manual__2023-11-23T19:39:02.131235+00:00 [running]> on host b36ebcee5948
[2023-11-23T19:39:19.868+0000] {taskinstance.py:1662} INFO - Exporting env vars: AIRFLOW_CTX_DAG_OWNER='***' AIRFLOW_CTX_DAG_ID='Projet1' AIRFLOW_CTX_TASK_ID='Extract' AIRFLOW_CTX_EXECUTION_DATE='2023-11-23T19:39:02.131235+00:00' AIRFLOW_CTX_TRY_NUMBER='1' AIRFLOW_CTX_DAG_RUN_ID='manual__2023-11-23T19:39:02.131235+00:00'
[2023-11-23T19:39:20.151+0000] {warnings.py:109} WARNING - /opt/***/dags/Projet.py:31: DtypeWarning: Columns (0) have mixed types. Specify dtype option on import or set low_memory=False.
  df_urgences = pd.read_csv(csv_file_path_urgences, delimiter=';')

[2023-11-23T19:39:20.473+0000] {logging_mixin.py:151} INFO - Index(['code_age', 'agess'], dtype='object')
[2023-11-23T19:39:20.474+0000] {logging_mixin.py:151} INFO - Une erreur s'est produite lors de l'extraction des données Age : 'DataFrame' object has no attribute 'append'
[2023-11-23T19:39:20.483+0000] {base.py:73} INFO - Using connection ID 'postgres_connexion' for task execution.
[2023-11-23T19:39:20.525+0000] {base.py:73} INFO - Using connection ID 'postgres_connexion' for task execution.
[2023-11-23T19:39:20.555+0000] {base.py:73} INFO - Using connection ID 'postgres_connexion' for task execution.
[2023-11-23T19:39:42.149+0000] {logging_mixin.py:151} INFO - ########################################################################
[2023-11-23T19:39:42.150+0000] {logging_mixin.py:151} INFO - #                                                                      #
[2023-11-23T19:39:42.151+0000] {logging_mixin.py:151} INFO - #   ce dessous est la visualisation du contenu de la table Urgences :  #
[2023-11-23T19:39:42.151+0000] {logging_mixin.py:151} INFO - #                                                                      #
[2023-11-23T19:39:42.152+0000] {logging_mixin.py:151} INFO - ########################################################################
[2023-11-23T19:39:42.159+0000] {base.py:73} INFO - Using connection ID 'postgres_connexion' for task execution.
[2023-11-23T19:39:42.216+0000] {warnings.py:109} WARNING - /home/***/.local/lib/python3.8/site-packages/***/providers/common/sql/hooks/sql.py:219: UserWarning: pandas only supports SQLAlchemy connectable (engine/connection) or database string URI or sqlite3 DBAPI2 connection. Other DBAPI2 objects are not tested. Please consider using SQLAlchemy.
  return psql.read_sql(sql, con=conn, params=parameters, **kwargs)

[2023-11-23T19:39:42.309+0000] {logging_mixin.py:151} INFO -      total  dep
0   1618.0    0
1   1246.0    1
2   2036.0    2
3   1038.0    3
4    760.0    4
..     ...  ...
95  1154.0  971
96   886.0  972
97   590.0  973
98  1930.0  974
99    24.0  976

[100 rows x 2 columns]
[2023-11-23T19:39:42.310+0000] {logging_mixin.py:151} INFO - ========================
[2023-11-23T19:39:43.196+0000] {python.py:194} INFO - Done. Returned value was: None
[2023-11-23T19:39:43.216+0000] {taskinstance.py:1400} INFO - Marking task as SUCCESS. dag_id=Projet1, task_id=Extract, execution_date=20231123T193902, start_date=20231123T193919, end_date=20231123T193943
[2023-11-23T19:39:43.265+0000] {local_task_job_runner.py:228} INFO - Task exited with return code 0
[2023-11-23T19:39:43.290+0000] {taskinstance.py:2778} INFO - 0 downstream tasks scheduled from follow-on schedule check
