[2023-11-19T19:46:12.085+0000] {taskinstance.py:1159} INFO - Dependencies all met for dep_context=non-requeueable deps ti=<TaskInstance: Projet1.Extract manual__2023-11-19T19:45:44.659376+00:00 [queued]>
[2023-11-19T19:46:12.105+0000] {taskinstance.py:1159} INFO - Dependencies all met for dep_context=requeueable deps ti=<TaskInstance: Projet1.Extract manual__2023-11-19T19:45:44.659376+00:00 [queued]>
[2023-11-19T19:46:12.106+0000] {taskinstance.py:1361} INFO - Starting attempt 1 of 1
[2023-11-19T19:46:12.137+0000] {taskinstance.py:1382} INFO - Executing <Task(PythonOperator): Extract> on 2023-11-19 19:45:44.659376+00:00
[2023-11-19T19:46:12.153+0000] {standard_task_runner.py:57} INFO - Started process 403 to run task
[2023-11-19T19:46:12.160+0000] {standard_task_runner.py:84} INFO - Running: ['***', 'tasks', 'run', 'Projet1', 'Extract', 'manual__2023-11-19T19:45:44.659376+00:00', '--job-id', '272', '--raw', '--subdir', 'DAGS_FOLDER/Projet.py', '--cfg-path', '/tmp/tmpr0qu9696']
[2023-11-19T19:46:12.163+0000] {standard_task_runner.py:85} INFO - Job 272: Subtask Extract
[2023-11-19T19:46:12.237+0000] {task_command.py:416} INFO - Running <TaskInstance: Projet1.Extract manual__2023-11-19T19:45:44.659376+00:00 [running]> on host b36ebcee5948
[2023-11-19T19:46:12.371+0000] {taskinstance.py:1662} INFO - Exporting env vars: AIRFLOW_CTX_DAG_OWNER='***' AIRFLOW_CTX_DAG_ID='Projet1' AIRFLOW_CTX_TASK_ID='Extract' AIRFLOW_CTX_EXECUTION_DATE='2023-11-19T19:45:44.659376+00:00' AIRFLOW_CTX_TRY_NUMBER='1' AIRFLOW_CTX_DAG_RUN_ID='manual__2023-11-19T19:45:44.659376+00:00'
[2023-11-19T19:46:13.186+0000] {warnings.py:109} WARNING - /opt/***/dags/Projet.py:16: DtypeWarning: Columns (0) have mixed types. Specify dtype option on import or set low_memory=False.
  df_urgences = pd.read_csv(csv_file_path_urgences,  delimiter=';' )

[2023-11-19T19:46:17.150+0000] {logging_mixin.py:151} INFO - hello
[2023-11-19T19:46:17.174+0000] {taskinstance.py:1937} ERROR - Task failed with exception
Traceback (most recent call last):
  File "/home/airflow/.local/lib/python3.8/site-packages/pandas/core/indexes/base.py", line 3653, in get_loc
    return self._engine.get_loc(casted_key)
  File "pandas/_libs/index.pyx", line 147, in pandas._libs.index.IndexEngine.get_loc
  File "pandas/_libs/index.pyx", line 176, in pandas._libs.index.IndexEngine.get_loc
  File "pandas/_libs/hashtable_class_helper.pxi", line 7080, in pandas._libs.hashtable.PyObjectHashTable.get_item
  File "pandas/_libs/hashtable_class_helper.pxi", line 7088, in pandas._libs.hashtable.PyObjectHashTable.get_item
KeyError: "Code tranches d'age"

The above exception was the direct cause of the following exception:

Traceback (most recent call last):
  File "/home/airflow/.local/lib/python3.8/site-packages/airflow/operators/python.py", line 192, in execute
    return_value = self.execute_callable()
  File "/home/airflow/.local/lib/python3.8/site-packages/airflow/operators/python.py", line 209, in execute_callable
    return self.python_callable(*self.op_args, **self.op_kwargs)
  File "/opt/airflow/dags/Projet.py", line 46, in extract_data
    df_age["Code tranches d'age"] = df_departements["Code tranches d'age"].astype(str)
  File "/home/airflow/.local/lib/python3.8/site-packages/pandas/core/frame.py", line 3761, in __getitem__
    indexer = self.columns.get_loc(key)
  File "/home/airflow/.local/lib/python3.8/site-packages/pandas/core/indexes/base.py", line 3655, in get_loc
    raise KeyError(key) from err
KeyError: "Code tranches d'age"
[2023-11-19T19:46:17.224+0000] {taskinstance.py:1400} INFO - Marking task as FAILED. dag_id=Projet1, task_id=Extract, execution_date=20231119T194544, start_date=20231119T194612, end_date=20231119T194617
[2023-11-19T19:46:17.289+0000] {standard_task_runner.py:104} ERROR - Failed to execute job 272 for task Extract ("Code tranches d'age"; 403)
[2023-11-19T19:46:17.322+0000] {local_task_job_runner.py:228} INFO - Task exited with return code 1
[2023-11-19T19:46:17.355+0000] {taskinstance.py:2778} INFO - 0 downstream tasks scheduled from follow-on schedule check
