[2023-11-12T21:45:09.871+0000] {taskinstance.py:1159} INFO - Dependencies all met for dep_context=non-requeueable deps ti=<TaskInstance: Projet1.create_table manual__2023-11-12T21:45:05.055022+00:00 [queued]>
[2023-11-12T21:45:09.885+0000] {taskinstance.py:1159} INFO - Dependencies all met for dep_context=requeueable deps ti=<TaskInstance: Projet1.create_table manual__2023-11-12T21:45:05.055022+00:00 [queued]>
[2023-11-12T21:45:09.887+0000] {taskinstance.py:1361} INFO - Starting attempt 1 of 1
[2023-11-12T21:45:09.904+0000] {taskinstance.py:1382} INFO - Executing <Task(PostgresOperator): create_table> on 2023-11-12 21:45:05.055022+00:00
[2023-11-12T21:45:09.914+0000] {standard_task_runner.py:57} INFO - Started process 33575 to run task
[2023-11-12T21:45:09.920+0000] {standard_task_runner.py:84} INFO - Running: ['***', 'tasks', 'run', 'Projet1', 'create_table', 'manual__2023-11-12T21:45:05.055022+00:00', '--job-id', '146', '--raw', '--subdir', 'DAGS_FOLDER/Projet.py', '--cfg-path', '/tmp/tmp82udkz8c']
[2023-11-12T21:45:09.922+0000] {standard_task_runner.py:85} INFO - Job 146: Subtask create_table
[2023-11-12T21:45:09.974+0000] {task_command.py:416} INFO - Running <TaskInstance: Projet1.create_table manual__2023-11-12T21:45:05.055022+00:00 [running]> on host fb26c01043df
[2023-11-12T21:45:10.059+0000] {taskinstance.py:1662} INFO - Exporting env vars: AIRFLOW_CTX_DAG_OWNER='***' AIRFLOW_CTX_DAG_ID='Projet1' AIRFLOW_CTX_TASK_ID='create_table' AIRFLOW_CTX_EXECUTION_DATE='2023-11-12T21:45:05.055022+00:00' AIRFLOW_CTX_TRY_NUMBER='1' AIRFLOW_CTX_DAG_RUN_ID='manual__2023-11-12T21:45:05.055022+00:00'
[2023-11-12T21:45:10.062+0000] {sql.py:274} INFO - Executing: CREATE TABLE IF NOT EXISTS prix(
      code_commune VARCHAR(10),
      prix_moyen FLOAT
    );

Select *
From analyse_prix
[2023-11-12T21:45:10.074+0000] {base.py:73} INFO - Using connection ID 'postgres_connexion' for task execution.
[2023-11-12T21:45:10.082+0000] {base.py:73} INFO - Using connection ID 'postgres_connexion' for task execution.
[2023-11-12T21:45:10.095+0000] {sql.py:418} INFO - Running statement: CREATE TABLE IF NOT EXISTS prix(
      code_commune VARCHAR(10),
      prix_moyen FLOAT
    );

Select *
From analyse_prix, parameters: None
[2023-11-12T21:45:10.098+0000] {sql.py:427} INFO - Rows affected: 0
[2023-11-12T21:45:10.123+0000] {taskinstance.py:1400} INFO - Marking task as SUCCESS. dag_id=Projet1, task_id=create_table, execution_date=20231112T214505, start_date=20231112T214509, end_date=20231112T214510
[2023-11-12T21:45:10.173+0000] {local_task_job_runner.py:228} INFO - Task exited with return code 0
[2023-11-12T21:45:10.191+0000] {taskinstance.py:2778} INFO - 0 downstream tasks scheduled from follow-on schedule check
