[2023-11-23T20:50:59.643+0000] {taskinstance.py:1159} INFO - Dependencies all met for dep_context=non-requeueable deps ti=<TaskInstance: Projet1.Extract manual__2023-11-23T20:50:43.979841+00:00 [queued]>
[2023-11-23T20:50:59.656+0000] {taskinstance.py:1159} INFO - Dependencies all met for dep_context=requeueable deps ti=<TaskInstance: Projet1.Extract manual__2023-11-23T20:50:43.979841+00:00 [queued]>
[2023-11-23T20:50:59.657+0000] {taskinstance.py:1361} INFO - Starting attempt 1 of 2
[2023-11-23T20:50:59.672+0000] {taskinstance.py:1382} INFO - Executing <Task(PythonOperator): Extract> on 2023-11-23 20:50:43.979841+00:00
[2023-11-23T20:50:59.679+0000] {standard_task_runner.py:57} INFO - Started process 151 to run task
[2023-11-23T20:50:59.684+0000] {standard_task_runner.py:84} INFO - Running: ['***', 'tasks', 'run', 'Projet1', 'Extract', 'manual__2023-11-23T20:50:43.979841+00:00', '--job-id', '733', '--raw', '--subdir', 'DAGS_FOLDER/Projet.py', '--cfg-path', '/tmp/tmp6fcwwu0n']
[2023-11-23T20:50:59.686+0000] {standard_task_runner.py:85} INFO - Job 733: Subtask Extract
[2023-11-23T20:50:59.738+0000] {task_command.py:416} INFO - Running <TaskInstance: Projet1.Extract manual__2023-11-23T20:50:43.979841+00:00 [running]> on host b36ebcee5948
[2023-11-23T20:50:59.821+0000] {taskinstance.py:1662} INFO - Exporting env vars: AIRFLOW_CTX_DAG_EMAIL='filali.dia18@gmail.com' AIRFLOW_CTX_DAG_OWNER='***' AIRFLOW_CTX_DAG_ID='Projet1' AIRFLOW_CTX_TASK_ID='Extract' AIRFLOW_CTX_EXECUTION_DATE='2023-11-23T20:50:43.979841+00:00' AIRFLOW_CTX_TRY_NUMBER='1' AIRFLOW_CTX_DAG_RUN_ID='manual__2023-11-23T20:50:43.979841+00:00'
[2023-11-23T20:51:00.055+0000] {warnings.py:109} WARNING - /opt/***/dags/Projet.py:34: DtypeWarning: Columns (0) have mixed types. Specify dtype option on import or set low_memory=False.
  df_urgences = pd.read_csv(csv_file_path_urgences, delimiter=';')

[2023-11-23T20:51:00.494+0000] {logging_mixin.py:151} INFO - Index(['code_age', 'agess'], dtype='object')
[2023-11-23T20:51:00.495+0000] {logging_mixin.py:151} INFO - Une erreur s'est produite lors de l'extraction des données Age : 'DataFrame' object has no attribute 'append'
[2023-11-23T20:51:00.504+0000] {base.py:73} INFO - Using connection ID 'postgres_connexion' for task execution.
[2023-11-23T20:51:00.545+0000] {base.py:73} INFO - Using connection ID 'postgres_connexion' for task execution.
[2023-11-23T20:51:00.582+0000] {base.py:73} INFO - Using connection ID 'postgres_connexion' for task execution.
[2023-11-23T20:51:22.606+0000] {logging_mixin.py:151} INFO - ########################################################################
[2023-11-23T20:51:22.608+0000] {logging_mixin.py:151} INFO - #                                                                      #
[2023-11-23T20:51:22.608+0000] {logging_mixin.py:151} INFO - #   ce dessous est la visualisation du contenu de la table Urgences :  #
[2023-11-23T20:51:22.609+0000] {logging_mixin.py:151} INFO - #                                                                      #
[2023-11-23T20:51:22.609+0000] {logging_mixin.py:151} INFO - ########################################################################
[2023-11-23T20:51:22.617+0000] {base.py:73} INFO - Using connection ID 'postgres_connexion' for task execution.
[2023-11-23T20:51:22.628+0000] {warnings.py:109} WARNING - /home/***/.local/lib/python3.8/site-packages/***/providers/common/sql/hooks/sql.py:219: UserWarning: pandas only supports SQLAlchemy connectable (engine/connection) or database string URI or sqlite3 DBAPI2 connection. Other DBAPI2 objects are not tested. Please consider using SQLAlchemy.
  return psql.read_sql(sql, con=conn, params=parameters, **kwargs)

[2023-11-23T20:51:22.677+0000] {logging_mixin.py:151} INFO -         h      f  dep
0   382.0  427.0    0
1   277.0  346.0    1
2   494.0  524.0    2
3   250.0  269.0    3
4   175.0  205.0    4
..    ...    ...  ...
95  293.0  284.0  971
96  218.0  225.0  972
97  121.0  174.0  973
98  453.0  512.0  974
99    6.0    6.0  976

[100 rows x 3 columns]
[2023-11-23T20:51:22.678+0000] {logging_mixin.py:151} INFO - ========================
[2023-11-23T20:51:23.162+0000] {python.py:194} INFO - Done. Returned value was: None
[2023-11-23T20:51:23.173+0000] {taskinstance.py:1400} INFO - Marking task as SUCCESS. dag_id=Projet1, task_id=Extract, execution_date=20231123T205043, start_date=20231123T205059, end_date=20231123T205123
[2023-11-23T20:51:23.228+0000] {local_task_job_runner.py:228} INFO - Task exited with return code 0
[2023-11-23T20:51:23.259+0000] {taskinstance.py:2778} INFO - 1 downstream tasks scheduled from follow-on schedule check
