[2023-11-15T16:58:31.142+0000] {taskinstance.py:1159} INFO - Dependencies all met for dep_context=non-requeueable deps ti=<TaskInstance: Projet1.Extract manual__2023-11-15T16:58:29.175726+00:00 [queued]>
[2023-11-15T16:58:31.150+0000] {taskinstance.py:1159} INFO - Dependencies all met for dep_context=requeueable deps ti=<TaskInstance: Projet1.Extract manual__2023-11-15T16:58:29.175726+00:00 [queued]>
[2023-11-15T16:58:31.151+0000] {taskinstance.py:1361} INFO - Starting attempt 1 of 1
[2023-11-15T16:58:31.164+0000] {taskinstance.py:1382} INFO - Executing <Task(PythonOperator): Extract> on 2023-11-15 16:58:29.175726+00:00
[2023-11-15T16:58:31.170+0000] {standard_task_runner.py:57} INFO - Started process 54336 to run task
[2023-11-15T16:58:31.174+0000] {standard_task_runner.py:84} INFO - Running: ['***', 'tasks', 'run', 'Projet1', 'Extract', 'manual__2023-11-15T16:58:29.175726+00:00', '--job-id', '203', '--raw', '--subdir', 'DAGS_FOLDER/Projet.py', '--cfg-path', '/tmp/tmp2in4dpqh']
[2023-11-15T16:58:31.176+0000] {standard_task_runner.py:85} INFO - Job 203: Subtask Extract
[2023-11-15T16:58:31.230+0000] {task_command.py:416} INFO - Running <TaskInstance: Projet1.Extract manual__2023-11-15T16:58:29.175726+00:00 [running]> on host fb26c01043df
[2023-11-15T16:58:31.322+0000] {taskinstance.py:1662} INFO - Exporting env vars: AIRFLOW_CTX_DAG_OWNER='***' AIRFLOW_CTX_DAG_ID='Projet1' AIRFLOW_CTX_TASK_ID='Extract' AIRFLOW_CTX_EXECUTION_DATE='2023-11-15T16:58:29.175726+00:00' AIRFLOW_CTX_TRY_NUMBER='1' AIRFLOW_CTX_DAG_RUN_ID='manual__2023-11-15T16:58:29.175726+00:00'
[2023-11-15T16:58:31.538+0000] {warnings.py:109} WARNING - /opt/***/dags/Projet.py:15: DtypeWarning: Columns (0) have mixed types. Specify dtype option on import or set low_memory=False.
  df_urgences = pd.read_csv(csv_file_path_urgences,  delimiter=';' )

[2023-11-15T16:58:32.131+0000] {logging_mixin.py:151} INFO -           dep date_de_passage  ...  nbre_acte_tot_h  nbre_acte_tot_f
0         1.0      2022-12-26  ...              0.0              0.0
1         1.0      2022-12-26  ...              0.0              0.0
2         1.0      2022-12-26  ...              0.0              0.0
3         1.0      2022-12-26  ...              0.0              0.0
4         1.0      2022-12-26  ...              0.0              0.0
...       ...             ...  ...              ...              ...
214216  976.0      2023-10-24  ...              0.0              0.0
214217  976.0      2023-10-24  ...              0.0              0.0
214218  976.0      2023-10-24  ...              0.0              0.0
214219  976.0      2023-10-24  ...              0.0              0.0
214220  976.0      2023-10-24  ...              0.0              0.0

[214221 rows x 18 columns]
[2023-11-15T16:58:32.265+0000] {logging_mixin.py:151} INFO - jawek semeh
[2023-11-15T16:58:32.268+0000] {python.py:194} INFO - Done. Returned value was: None
[2023-11-15T16:58:32.279+0000] {taskinstance.py:1400} INFO - Marking task as SUCCESS. dag_id=Projet1, task_id=Extract, execution_date=20231115T165829, start_date=20231115T165831, end_date=20231115T165832
[2023-11-15T16:58:32.313+0000] {local_task_job_runner.py:228} INFO - Task exited with return code 0
[2023-11-15T16:58:32.341+0000] {taskinstance.py:2778} INFO - 1 downstream tasks scheduled from follow-on schedule check
