[2023-11-17T21:42:00.525+0000] {taskinstance.py:1159} INFO - Dependencies all met for dep_context=non-requeueable deps ti=<TaskInstance: Projet1.create_table manual__2023-11-17T21:41:53.336458+00:00 [queued]>
[2023-11-17T21:42:00.535+0000] {taskinstance.py:1159} INFO - Dependencies all met for dep_context=requeueable deps ti=<TaskInstance: Projet1.create_table manual__2023-11-17T21:41:53.336458+00:00 [queued]>
[2023-11-17T21:42:00.536+0000] {taskinstance.py:1361} INFO - Starting attempt 1 of 1
[2023-11-17T21:42:00.551+0000] {taskinstance.py:1382} INFO - Executing <Task(PostgresOperator): create_table> on 2023-11-17 21:41:53.336458+00:00
[2023-11-17T21:42:00.556+0000] {standard_task_runner.py:57} INFO - Started process 62816 to run task
[2023-11-17T21:42:00.560+0000] {standard_task_runner.py:84} INFO - Running: ['***', 'tasks', 'run', 'Projet1', 'create_table', 'manual__2023-11-17T21:41:53.336458+00:00', '--job-id', '222', '--raw', '--subdir', 'DAGS_FOLDER/Projet.py', '--cfg-path', '/tmp/tmpjc5ffmkl']
[2023-11-17T21:42:00.562+0000] {standard_task_runner.py:85} INFO - Job 222: Subtask create_table
[2023-11-17T21:42:00.613+0000] {task_command.py:416} INFO - Running <TaskInstance: Projet1.create_table manual__2023-11-17T21:41:53.336458+00:00 [running]> on host fb26c01043df
[2023-11-17T21:42:00.698+0000] {taskinstance.py:1662} INFO - Exporting env vars: AIRFLOW_CTX_DAG_OWNER='***' AIRFLOW_CTX_DAG_ID='Projet1' AIRFLOW_CTX_TASK_ID='create_table' AIRFLOW_CTX_EXECUTION_DATE='2023-11-17T21:41:53.336458+00:00' AIRFLOW_CTX_TRY_NUMBER='1' AIRFLOW_CTX_DAG_RUN_ID='manual__2023-11-17T21:41:53.336458+00:00'
[2023-11-17T21:42:00.702+0000] {sql.py:274} INFO - Executing: CREATE TABLE IF NOT EXISTS Urgences(
    id_departememnt INTEGER,
    sursaud_cl_age_corona FLOAT, 
    nbre_pass_corona FLOAT, 
    nbre_pass_tot FLOAT, 
    nbre_hospit_corona FLOAT,
    nbre_pass_corona_h FLOAT, 
    nbre_pass_corona_f FLOAT, 
    nbre_pass_tot_h FLOAT, 
    nbre_pass_tot_f FLOAT,
    nbre_hospit_corona_h FLOAT, 
    nbre_hospit_corona_f FLOAT, 
    nbre_acte_corona FLOAT, 
    nbre_acte_tot FLOAT,
    nbre_acte_corona_h FLOAT, 
    nbre_acte_corona_f FLOAT, 
    nbre_acte_tot_h FLOAT, 
    nbre_acte_tot_f FLOAT
);

CREATE TABLE IF NOT EXISTS Departements
(
    id_departements INTEGER,
    nom_departement INTEGER,
    nom_region INTEGER
);
[2023-11-17T21:42:00.713+0000] {base.py:73} INFO - Using connection ID 'postgres_connexion' for task execution.
[2023-11-17T21:42:00.722+0000] {base.py:73} INFO - Using connection ID 'postgres_connexion' for task execution.
[2023-11-17T21:42:00.737+0000] {sql.py:418} INFO - Running statement: CREATE TABLE IF NOT EXISTS Urgences(
    id_departememnt INTEGER,
    sursaud_cl_age_corona FLOAT, 
    nbre_pass_corona FLOAT, 
    nbre_pass_tot FLOAT, 
    nbre_hospit_corona FLOAT,
    nbre_pass_corona_h FLOAT, 
    nbre_pass_corona_f FLOAT, 
    nbre_pass_tot_h FLOAT, 
    nbre_pass_tot_f FLOAT,
    nbre_hospit_corona_h FLOAT, 
    nbre_hospit_corona_f FLOAT, 
    nbre_acte_corona FLOAT, 
    nbre_acte_tot FLOAT,
    nbre_acte_corona_h FLOAT, 
    nbre_acte_corona_f FLOAT, 
    nbre_acte_tot_h FLOAT, 
    nbre_acte_tot_f FLOAT
);

CREATE TABLE IF NOT EXISTS Departements
(
    id_departements INTEGER,
    nom_departement INTEGER,
    nom_region INTEGER
);, parameters: None
[2023-11-17T21:42:00.808+0000] {taskinstance.py:1400} INFO - Marking task as SUCCESS. dag_id=Projet1, task_id=create_table, execution_date=20231117T214153, start_date=20231117T214200, end_date=20231117T214200
[2023-11-17T21:42:00.854+0000] {local_task_job_runner.py:228} INFO - Task exited with return code 0
[2023-11-17T21:42:00.871+0000] {taskinstance.py:2778} INFO - 0 downstream tasks scheduled from follow-on schedule check
