[2023-11-12T17:51:31.879+0000] {taskinstance.py:1159} INFO - Dependencies all met for dep_context=non-requeueable deps ti=<TaskInstance: Projet1.create_table manual__2023-11-12T17:51:03.843530+00:00 [queued]>
[2023-11-12T17:51:31.901+0000] {taskinstance.py:1159} INFO - Dependencies all met for dep_context=requeueable deps ti=<TaskInstance: Projet1.create_table manual__2023-11-12T17:51:03.843530+00:00 [queued]>
[2023-11-12T17:51:31.902+0000] {taskinstance.py:1361} INFO - Starting attempt 1 of 1
[2023-11-12T17:51:31.929+0000] {taskinstance.py:1382} INFO - Executing <Task(PostgresOperator): create_table> on 2023-11-12 17:51:03.843530+00:00
[2023-11-12T17:51:31.944+0000] {standard_task_runner.py:57} INFO - Started process 30809 to run task
[2023-11-12T17:51:31.951+0000] {standard_task_runner.py:84} INFO - Running: ['***', 'tasks', 'run', 'Projet1', 'create_table', 'manual__2023-11-12T17:51:03.843530+00:00', '--job-id', '118', '--raw', '--subdir', 'DAGS_FOLDER/Projet.py', '--cfg-path', '/tmp/tmp87xnau70']
[2023-11-12T17:51:31.953+0000] {standard_task_runner.py:85} INFO - Job 118: Subtask create_table
[2023-11-12T17:51:32.080+0000] {task_command.py:416} INFO - Running <TaskInstance: Projet1.create_table manual__2023-11-12T17:51:03.843530+00:00 [running]> on host fb26c01043df
[2023-11-12T17:51:32.273+0000] {taskinstance.py:1662} INFO - Exporting env vars: AIRFLOW_CTX_DAG_OWNER='***' AIRFLOW_CTX_DAG_ID='Projet1' AIRFLOW_CTX_TASK_ID='create_table' AIRFLOW_CTX_EXECUTION_DATE='2023-11-12T17:51:03.843530+00:00' AIRFLOW_CTX_TRY_NUMBER='1' AIRFLOW_CTX_DAG_RUN_ID='manual__2023-11-12T17:51:03.843530+00:00'
[2023-11-12T17:51:32.284+0000] {sql.py:274} INFO - Executing: CREATE TABLE IF NOT EXISTS analyse_prix(
      code_commune VARCHAR(10),
      prix_moyen FLOAT
    );
[2023-11-12T17:51:32.318+0000] {base.py:73} INFO - Using connection ID 'postgres_connexion' for task execution.
[2023-11-12T17:51:32.335+0000] {base.py:73} INFO - Using connection ID 'postgres_connexion' for task execution.
[2023-11-12T17:51:32.450+0000] {sql.py:418} INFO - Running statement: CREATE TABLE IF NOT EXISTS analyse_prix(
      code_commune VARCHAR(10),
      prix_moyen FLOAT
    );, parameters: None
[2023-11-12T17:51:32.486+0000] {taskinstance.py:1400} INFO - Marking task as SUCCESS. dag_id=Projet1, task_id=create_table, execution_date=20231112T175103, start_date=20231112T175131, end_date=20231112T175132
[2023-11-12T17:51:32.579+0000] {local_task_job_runner.py:228} INFO - Task exited with return code 0
[2023-11-12T17:51:32.628+0000] {taskinstance.py:2778} INFO - 0 downstream tasks scheduled from follow-on schedule check
