[2023-11-12T14:41:43.267+0000] {taskinstance.py:1159} INFO - Dependencies all met for dep_context=non-requeueable deps ti=<TaskInstance: Projet1.Extract manual__2023-11-12T14:41:40.511819+00:00 [queued]>
[2023-11-12T14:41:43.276+0000] {taskinstance.py:1159} INFO - Dependencies all met for dep_context=requeueable deps ti=<TaskInstance: Projet1.Extract manual__2023-11-12T14:41:40.511819+00:00 [queued]>
[2023-11-12T14:41:43.277+0000] {taskinstance.py:1361} INFO - Starting attempt 1 of 1
[2023-11-12T14:41:43.293+0000] {taskinstance.py:1382} INFO - Executing <Task(PythonOperator): Extract> on 2023-11-12 14:41:40.511819+00:00
[2023-11-12T14:41:43.299+0000] {standard_task_runner.py:57} INFO - Started process 28557 to run task
[2023-11-12T14:41:43.303+0000] {standard_task_runner.py:84} INFO - Running: ['***', 'tasks', 'run', 'Projet1', 'Extract', 'manual__2023-11-12T14:41:40.511819+00:00', '--job-id', '102', '--raw', '--subdir', 'DAGS_FOLDER/Projet.py', '--cfg-path', '/tmp/tmpvqjh9sg_']
[2023-11-12T14:41:43.305+0000] {standard_task_runner.py:85} INFO - Job 102: Subtask Extract
[2023-11-12T14:41:43.359+0000] {task_command.py:416} INFO - Running <TaskInstance: Projet1.Extract manual__2023-11-12T14:41:40.511819+00:00 [running]> on host fb26c01043df
[2023-11-12T14:41:43.458+0000] {taskinstance.py:1662} INFO - Exporting env vars: AIRFLOW_CTX_DAG_OWNER='***' AIRFLOW_CTX_DAG_ID='Projet1' AIRFLOW_CTX_TASK_ID='Extract' AIRFLOW_CTX_EXECUTION_DATE='2023-11-12T14:41:40.511819+00:00' AIRFLOW_CTX_TRY_NUMBER='1' AIRFLOW_CTX_DAG_RUN_ID='manual__2023-11-12T14:41:40.511819+00:00'
[2023-11-12T14:41:43.726+0000] {logging_mixin.py:151} INFO -        dep;date_de_passage;sursaud_cl_age_corona;nbre_pass_corona;nbre_pass_tot;nbre_hospit_corona;nbre_pass_corona_h;nbre_pass_corona_f;nbre_pass_tot_h;nbre_pass_tot_f;nbre_hospit_corona_h;nbre_hospit_corona_f;nbre_acte_corona;nbre_acte_tot;nbre_acte_corona_h;nbre_acte_corona_f;nbre_acte_tot_h;nbre_acte_tot_f
0           01;2022-12-26;0;9;435;4;6;3;219;216;1;3;;;;;;                                                                                                                                                                                                                                                              
1                      01;2022-12-26;1;0;58;0;;;;;;;;;;;;                                                                                                                                                                                                                                                              
2                      01;2022-12-26;2;0;30;0;;;;;;;;;;;;                                                                                                                                                                                                                                                              
3                     01;2022-12-26;3;1;138;0;;;;;;;;;;;;                                                                                                                                                                                                                                                              
4                      01;2022-12-26;4;1;88;0;;;;;;;;;;;;                                                                                                                                                                                                                                                              
...                                                   ...                                                                                                                                                                                                                                                              
214216                 976;2023-10-24;2;0;4;0;;;;;;;;;;;;                                                                                                                                                                                                                                                              
214217                976;2023-10-24;3;0;22;0;;;;;;;;;;;;                                                                                                                                                                                                                                                              
214218                 976;2023-10-24;4;0;6;0;;;;;;;;;;;;                                                                                                                                                                                                                                                              
214219                 976;2023-10-24;5;0;1;0;;;;;;;;;;;;                                                                                                                                                                                                                                                              
214220                    976;2023-10-24;6;;;;;;;;;;;;;;;                                                                                                                                                                                                                                                              

[214221 rows x 1 columns]
[2023-11-12T14:41:43.733+0000] {logging_mixin.py:151} INFO -   Code tranches d'age;Age
0            0; tous âges
1               1;0-4 ans
2              2;5-14 ans
3             3;15-44 ans
4             4;45-64 ans
5             5;65-74 ans
6        6;75 ans ou plus
[2023-11-12T14:41:43.737+0000] {taskinstance.py:1937} ERROR - Task failed with exception
Traceback (most recent call last):
  File "/home/airflow/.local/lib/python3.8/site-packages/airflow/operators/python.py", line 192, in execute
    return_value = self.execute_callable()
  File "/home/airflow/.local/lib/python3.8/site-packages/airflow/operators/python.py", line 209, in execute_callable
    return self.python_callable(*self.op_args, **self.op_kwargs)
  File "/opt/airflow/dags/Projet.py", line 20, in extract_data
    df_departements = pd.read_csv(csv_file_path_departements, dtype="unicode",  sep=",")
  File "/home/airflow/.local/lib/python3.8/site-packages/pandas/io/parsers/readers.py", line 912, in read_csv
    return _read(filepath_or_buffer, kwds)
  File "/home/airflow/.local/lib/python3.8/site-packages/pandas/io/parsers/readers.py", line 583, in _read
    return parser.read(nrows)
  File "/home/airflow/.local/lib/python3.8/site-packages/pandas/io/parsers/readers.py", line 1704, in read
    ) = self._engine.read(  # type: ignore[attr-defined]
  File "/home/airflow/.local/lib/python3.8/site-packages/pandas/io/parsers/c_parser_wrapper.py", line 234, in read
    chunks = self._reader.read_low_memory(nrows)
  File "pandas/_libs/parsers.pyx", line 814, in pandas._libs.parsers.TextReader.read_low_memory
  File "pandas/_libs/parsers.pyx", line 875, in pandas._libs.parsers.TextReader._read_rows
  File "pandas/_libs/parsers.pyx", line 850, in pandas._libs.parsers.TextReader._tokenize_rows
  File "pandas/_libs/parsers.pyx", line 861, in pandas._libs.parsers.TextReader._check_tokenize_status
  File "pandas/_libs/parsers.pyx", line 2029, in pandas._libs.parsers.raise_parser_error
pandas.errors.ParserError: Error tokenizing data. C error: Expected 1 fields in line 3, saw 2

[2023-11-12T14:41:43.766+0000] {taskinstance.py:1400} INFO - Marking task as FAILED. dag_id=Projet1, task_id=Extract, execution_date=20231112T144140, start_date=20231112T144143, end_date=20231112T144143
[2023-11-12T14:41:43.784+0000] {standard_task_runner.py:104} ERROR - Failed to execute job 102 for task Extract (Error tokenizing data. C error: Expected 1 fields in line 3, saw 2
; 28557)
[2023-11-12T14:41:43.798+0000] {local_task_job_runner.py:228} INFO - Task exited with return code 1
[2023-11-12T14:41:43.817+0000] {taskinstance.py:2778} INFO - 0 downstream tasks scheduled from follow-on schedule check
