[2023-11-24T13:59:21.247+0000] {taskinstance.py:1159} INFO - Dependencies all met for dep_context=non-requeueable deps ti=<TaskInstance: Projet1.Extract manual__2023-11-24T13:59:18.726931+00:00 [queued]>
[2023-11-24T13:59:21.257+0000] {taskinstance.py:1159} INFO - Dependencies all met for dep_context=requeueable deps ti=<TaskInstance: Projet1.Extract manual__2023-11-24T13:59:18.726931+00:00 [queued]>
[2023-11-24T13:59:21.258+0000] {taskinstance.py:1361} INFO - Starting attempt 1 of 2
[2023-11-24T13:59:21.279+0000] {taskinstance.py:1382} INFO - Executing <Task(PythonOperator): Extract> on 2023-11-24 13:59:18.726931+00:00
[2023-11-24T13:59:21.289+0000] {standard_task_runner.py:57} INFO - Started process 4118 to run task
[2023-11-24T13:59:21.294+0000] {standard_task_runner.py:84} INFO - Running: ['***', 'tasks', 'run', 'Projet1', 'Extract', 'manual__2023-11-24T13:59:18.726931+00:00', '--job-id', '856', '--raw', '--subdir', 'DAGS_FOLDER/Projet.py', '--cfg-path', '/tmp/tmpwfoyfymq']
[2023-11-24T13:59:21.295+0000] {standard_task_runner.py:85} INFO - Job 856: Subtask Extract
[2023-11-24T13:59:21.370+0000] {task_command.py:416} INFO - Running <TaskInstance: Projet1.Extract manual__2023-11-24T13:59:18.726931+00:00 [running]> on host b36ebcee5948
[2023-11-24T13:59:21.474+0000] {taskinstance.py:1662} INFO - Exporting env vars: AIRFLOW_CTX_DAG_OWNER='***' AIRFLOW_CTX_DAG_ID='Projet1' AIRFLOW_CTX_TASK_ID='Extract' AIRFLOW_CTX_EXECUTION_DATE='2023-11-24T13:59:18.726931+00:00' AIRFLOW_CTX_TRY_NUMBER='1' AIRFLOW_CTX_DAG_RUN_ID='manual__2023-11-24T13:59:18.726931+00:00'
[2023-11-24T13:59:21.731+0000] {warnings.py:109} WARNING - /opt/***/dags/Projet.py:34: DtypeWarning: Columns (0) have mixed types. Specify dtype option on import or set low_memory=False.
  df_urgences = pd.read_csv(csv_file_path_urgences, delimiter=';')

[2023-11-24T13:59:22.192+0000] {logging_mixin.py:151} INFO - Index(['code_age', 'agess'], dtype='object')
[2023-11-24T13:59:22.193+0000] {logging_mixin.py:151} INFO - Une erreur s'est produite lors de l'extraction des données Age : 'DataFrame' object has no attribute 'append'
[2023-11-24T13:59:22.202+0000] {base.py:73} INFO - Using connection ID 'postgres_connexion' for task execution.
[2023-11-24T13:59:22.247+0000] {base.py:73} INFO - Using connection ID 'postgres_connexion' for task execution.
[2023-11-24T13:59:22.276+0000] {base.py:73} INFO - Using connection ID 'postgres_connexion' for task execution.
[2023-11-24T13:59:43.858+0000] {logging_mixin.py:151} INFO - ########################################################################
[2023-11-24T13:59:43.860+0000] {logging_mixin.py:151} INFO - #                                                                      #
[2023-11-24T13:59:43.860+0000] {logging_mixin.py:151} INFO - #   ce dessous est la visualisation du contenu de la table Urgences :  #
[2023-11-24T13:59:43.860+0000] {logging_mixin.py:151} INFO - #                                                                      #
[2023-11-24T13:59:43.860+0000] {logging_mixin.py:151} INFO - ########################################################################
[2023-11-24T13:59:43.867+0000] {base.py:73} INFO - Using connection ID 'postgres_connexion' for task execution.
[2023-11-24T13:59:43.877+0000] {warnings.py:109} WARNING - /home/***/.local/lib/python3.8/site-packages/***/providers/common/sql/hooks/sql.py:219: UserWarning: pandas only supports SQLAlchemy connectable (engine/connection) or database string URI or sqlite3 DBAPI2 connection. Other DBAPI2 objects are not tested. Please consider using SQLAlchemy.
  return psql.read_sql(sql, con=conn, params=parameters, **kwargs)

[2023-11-24T13:59:44.051+0000] {logging_mixin.py:151} INFO -          h       f    dep
0   1146.0  1281.0    0.0
1    831.0  1038.0    1.0
2    411.0   345.0   10.0
3    492.0   522.0   11.0
4    213.0   141.0   12.0
..     ...     ...    ...
95   879.0   852.0  971.0
96   654.0   675.0  972.0
97   363.0   522.0  973.0
98  1359.0  1536.0  974.0
99    18.0    18.0  976.0

[100 rows x 3 columns]
[2023-11-24T13:59:44.051+0000] {logging_mixin.py:151} INFO - ========================
[2023-11-24T13:59:44.638+0000] {category.py:223} INFO - Using categorical units to plot a list of strings that are all parsable as floats or dates. If these strings should be plotted as numbers, cast to the appropriate data type before plotting.
[2023-11-24T13:59:44.642+0000] {category.py:223} INFO - Using categorical units to plot a list of strings that are all parsable as floats or dates. If these strings should be plotted as numbers, cast to the appropriate data type before plotting.
[2023-11-24T13:59:44.670+0000] {category.py:223} INFO - Using categorical units to plot a list of strings that are all parsable as floats or dates. If these strings should be plotted as numbers, cast to the appropriate data type before plotting.
[2023-11-24T13:59:44.675+0000] {category.py:223} INFO - Using categorical units to plot a list of strings that are all parsable as floats or dates. If these strings should be plotted as numbers, cast to the appropriate data type before plotting.
[2023-11-24T13:59:44.677+0000] {category.py:223} INFO - Using categorical units to plot a list of strings that are all parsable as floats or dates. If these strings should be plotted as numbers, cast to the appropriate data type before plotting.
[2023-11-24T13:59:44.679+0000] {category.py:223} INFO - Using categorical units to plot a list of strings that are all parsable as floats or dates. If these strings should be plotted as numbers, cast to the appropriate data type before plotting.
[2023-11-24T13:59:44.690+0000] {python.py:194} INFO - Done. Returned value was: None
[2023-11-24T13:59:44.702+0000] {taskinstance.py:1400} INFO - Marking task as SUCCESS. dag_id=Projet1, task_id=Extract, execution_date=20231124T135918, start_date=20231124T135921, end_date=20231124T135944
[2023-11-24T13:59:44.750+0000] {local_task_job_runner.py:228} INFO - Task exited with return code 0
[2023-11-24T13:59:44.771+0000] {taskinstance.py:2778} INFO - 0 downstream tasks scheduled from follow-on schedule check
