[2023-11-09T11:45:40.639+0000] {taskinstance.py:1159} INFO - Dependencies all met for dep_context=non-requeueable deps ti=<TaskInstance: essai.t2 manual__2023-11-09T11:38:26.089681+00:00 [queued]>
[2023-11-09T11:45:40.737+0000] {taskinstance.py:1159} INFO - Dependencies all met for dep_context=requeueable deps ti=<TaskInstance: essai.t2 manual__2023-11-09T11:38:26.089681+00:00 [queued]>
[2023-11-09T11:45:40.739+0000] {taskinstance.py:1361} INFO - Starting attempt 2 of 2
[2023-11-09T11:45:40.870+0000] {taskinstance.py:1382} INFO - Executing <Task(_PythonDecoratedOperator): t2> on 2023-11-09 11:38:26.089681+00:00
[2023-11-09T11:45:40.893+0000] {standard_task_runner.py:57} INFO - Started process 8125 to run task
[2023-11-09T11:45:40.907+0000] {standard_task_runner.py:84} INFO - Running: ['***', 'tasks', 'run', 'essai', 't2', 'manual__2023-11-09T11:38:26.089681+00:00', '--job-id', '31', '--raw', '--subdir', 'DAGS_FOLDER/Part1.py', '--cfg-path', '/tmp/tmpd_5sk0fe']
[2023-11-09T11:45:40.969+0000] {standard_task_runner.py:85} INFO - Job 31: Subtask t2
[2023-11-09T11:45:41.458+0000] {task_command.py:416} INFO - Running <TaskInstance: essai.t2 manual__2023-11-09T11:38:26.089681+00:00 [running]> on host fb26c01043df
[2023-11-09T11:45:41.733+0000] {taskinstance.py:1662} INFO - Exporting env vars: AIRFLOW_CTX_DAG_EMAIL='***@example.com' AIRFLOW_CTX_DAG_OWNER='***' AIRFLOW_CTX_DAG_ID='essai' AIRFLOW_CTX_TASK_ID='t2' AIRFLOW_CTX_EXECUTION_DATE='2023-11-09T11:38:26.089681+00:00' AIRFLOW_CTX_TRY_NUMBER='2' AIRFLOW_CTX_DAG_RUN_ID='manual__2023-11-09T11:38:26.089681+00:00'
[2023-11-09T11:45:43.036+0000] {logging_mixin.py:151} INFO - jaweek hlow
[2023-11-09T11:45:43.231+0000] {logging_mixin.py:151} INFO - Empty DataFrame
Columns: [Code commune, prix_moyen]
Index: []
[2023-11-09T11:45:43.233+0000] {logging_mixin.py:151} INFO - jaweek behy
[2023-11-09T11:45:43.238+0000] {python.py:194} INFO - Done. Returned value was: Empty DataFrame
Columns: [Code commune, prix_moyen]
Index: []
[2023-11-09T11:45:44.358+0000] {taskinstance.py:1400} INFO - Marking task as SUCCESS. dag_id=essai, task_id=t2, execution_date=20231109T113826, start_date=20231109T114540, end_date=20231109T114544
[2023-11-09T11:45:44.478+0000] {local_task_job_runner.py:228} INFO - Task exited with return code 0
[2023-11-09T11:45:44.651+0000] {taskinstance.py:2778} INFO - 0 downstream tasks scheduled from follow-on schedule check
