[2023-11-23T15:33:37.887+0000] {taskinstance.py:1159} INFO - Dependencies all met for dep_context=non-requeueable deps ti=<TaskInstance: Projet1.Extract manual__2023-11-23T15:33:35.688253+00:00 [queued]>
[2023-11-23T15:33:37.898+0000] {taskinstance.py:1159} INFO - Dependencies all met for dep_context=requeueable deps ti=<TaskInstance: Projet1.Extract manual__2023-11-23T15:33:35.688253+00:00 [queued]>
[2023-11-23T15:33:37.899+0000] {taskinstance.py:1361} INFO - Starting attempt 1 of 1
[2023-11-23T15:33:37.916+0000] {taskinstance.py:1382} INFO - Executing <Task(PythonOperator): Extract> on 2023-11-23 15:33:35.688253+00:00
[2023-11-23T15:33:37.922+0000] {standard_task_runner.py:57} INFO - Started process 4456 to run task
[2023-11-23T15:33:37.927+0000] {standard_task_runner.py:84} INFO - Running: ['***', 'tasks', 'run', 'Projet1', 'Extract', 'manual__2023-11-23T15:33:35.688253+00:00', '--job-id', '603', '--raw', '--subdir', 'DAGS_FOLDER/Projet.py', '--cfg-path', '/tmp/tmpn66_354v']
[2023-11-23T15:33:37.928+0000] {standard_task_runner.py:85} INFO - Job 603: Subtask Extract
[2023-11-23T15:33:37.987+0000] {task_command.py:416} INFO - Running <TaskInstance: Projet1.Extract manual__2023-11-23T15:33:35.688253+00:00 [running]> on host b36ebcee5948
[2023-11-23T15:33:38.084+0000] {taskinstance.py:1662} INFO - Exporting env vars: AIRFLOW_CTX_DAG_OWNER='***' AIRFLOW_CTX_DAG_ID='Projet1' AIRFLOW_CTX_TASK_ID='Extract' AIRFLOW_CTX_EXECUTION_DATE='2023-11-23T15:33:35.688253+00:00' AIRFLOW_CTX_TRY_NUMBER='1' AIRFLOW_CTX_DAG_RUN_ID='manual__2023-11-23T15:33:35.688253+00:00'
[2023-11-23T15:33:38.398+0000] {warnings.py:109} WARNING - /opt/***/dags/Projet.py:27: DtypeWarning: Columns (0) have mixed types. Specify dtype option on import or set low_memory=False.
  df_urgences = pd.read_csv(csv_file_path_urgences, delimiter=';')

[2023-11-23T15:33:38.975+0000] {logging_mixin.py:151} INFO - 102
[2023-11-23T15:33:38.979+0000] {logging_mixin.py:151} INFO - 100
[2023-11-23T15:33:38.992+0000] {logging_mixin.py:151} INFO -    Code tranches d'age             Age
0                    0       tous âges
1                    1         0-4 ans
2                    2        5-14 ans
3                    3       15-44 ans
4                    4       45-64 ans
5                    5       65-74 ans
6                    6  75 ans ou plus
[2023-11-23T15:33:38.994+0000] {logging_mixin.py:151} INFO - Index(['code_age', 'agess'], dtype='object')
[2023-11-23T15:33:38.994+0000] {logging_mixin.py:151} INFO - zmmmmmmarr 
[2023-11-23T15:33:38.995+0000] {logging_mixin.py:151} INFO - Index(['dep', 'date_de_passage', 'sursaud_cl_age_corona', 'nbre_pass_corona',
       'nbre_pass_tot', 'nbre_hospit_corona', 'nbre_pass_corona_h',
       'nbre_pass_corona_f', 'nbre_pass_tot_h', 'nbre_pass_tot_f',
       'nbre_hospit_corona_h', 'nbre_hospit_corona_f', 'nbre_acte_corona',
       'nbre_acte_tot', 'nbre_acte_corona_h', 'nbre_acte_corona_f',
       'nbre_acte_tot_h', 'nbre_acte_tot_f'],
      dtype='object')
[2023-11-23T15:33:38.997+0000] {logging_mixin.py:151} INFO - Index(['code_age', 'agess'], dtype='object')
[2023-11-23T15:33:38.997+0000] {logging_mixin.py:151} INFO - zmmmmmmarr 
[2023-11-23T15:33:38.998+0000] {logging_mixin.py:151} INFO - Index(['dep', 'date_de_passage', 'sursaud_cl_age_corona', 'nbre_pass_corona',
       'nbre_pass_tot', 'nbre_hospit_corona', 'nbre_pass_corona_h',
       'nbre_pass_corona_f', 'nbre_pass_tot_h', 'nbre_pass_tot_f',
       'nbre_hospit_corona_h', 'nbre_hospit_corona_f', 'nbre_acte_corona',
       'nbre_acte_tot', 'nbre_acte_corona_h', 'nbre_acte_corona_f',
       'nbre_acte_tot_h', 'nbre_acte_tot_f'],
      dtype='object')
[2023-11-23T15:33:39.011+0000] {base.py:73} INFO - Using connection ID 'postgres_connexion' for task execution.
[2023-11-23T15:33:39.053+0000] {logging_mixin.py:151} INFO - Une erreur s'est produite : (psycopg2.errors.UniqueViolation) duplicate key value violates unique constraint "Departements_pkey"
DETAIL:  Key (num_dep)=(1) already exists.

[SQL: INSERT INTO "Departements" (num_dep, dep_name, region_name) VALUES (%(num_dep)s, %(dep_name)s, %(region_name)s)]
[parameters: ({'num_dep': 1, 'dep_name': 'Ain', 'region_name': 'Auvergne-Rhône-Alpes'}, {'num_dep': 2, 'dep_name': 'Aisne', 'region_name': 'Hauts-de-France'}, {'num_dep': 3, 'dep_name': 'Allier', 'region_name': 'Auvergne-Rhône-Alpes'}, {'num_dep': 4, 'dep_name': 'Alpes-de-Haute-Provence', 'region_name': "Provence-Alpes-Côte d'Azur"}, {'num_dep': 5, 'dep_name': 'Hautes-Alpes', 'region_name': "Provence-Alpes-Côte d'Azur"}, {'num_dep': 6, 'dep_name': 'Alpes-Maritimes', 'region_name': "Provence-Alpes-Côte d'Azur"}, {'num_dep': 7, 'dep_name': 'Ardèche', 'region_name': 'Auvergne-Rhône-Alpes'}, {'num_dep': 8, 'dep_name': 'Ardennes', 'region_name': 'Grand Est'}  ... displaying 10 of 100 total bound parameter sets ...  {'num_dep': 0, 'dep_name': 'BENGUERDEN', 'region_name': 'TUNISIE'}, {'num_dep': 976, 'dep_name': 'Mayotte', 'region_name': 'Mayotte'})]
(Background on this error at: https://sqlalche.me/e/14/gkpj)
[2023-11-23T15:33:39.054+0000] {python.py:194} INFO - Done. Returned value was: None
[2023-11-23T15:33:39.067+0000] {taskinstance.py:1400} INFO - Marking task as SUCCESS. dag_id=Projet1, task_id=Extract, execution_date=20231123T153335, start_date=20231123T153337, end_date=20231123T153339
[2023-11-23T15:33:39.105+0000] {local_task_job_runner.py:228} INFO - Task exited with return code 0
[2023-11-23T15:33:39.134+0000] {taskinstance.py:2778} INFO - 1 downstream tasks scheduled from follow-on schedule check
