[2023-11-23T15:47:44.576+0000] {taskinstance.py:1159} INFO - Dependencies all met for dep_context=non-requeueable deps ti=<TaskInstance: Projet1.Extract manual__2023-11-23T15:47:41.539535+00:00 [queued]>
[2023-11-23T15:47:44.586+0000] {taskinstance.py:1159} INFO - Dependencies all met for dep_context=requeueable deps ti=<TaskInstance: Projet1.Extract manual__2023-11-23T15:47:41.539535+00:00 [queued]>
[2023-11-23T15:47:44.587+0000] {taskinstance.py:1361} INFO - Starting attempt 1 of 1
[2023-11-23T15:47:44.605+0000] {taskinstance.py:1382} INFO - Executing <Task(PythonOperator): Extract> on 2023-11-23 15:47:41.539535+00:00
[2023-11-23T15:47:44.612+0000] {standard_task_runner.py:57} INFO - Started process 4681 to run task
[2023-11-23T15:47:44.615+0000] {standard_task_runner.py:84} INFO - Running: ['***', 'tasks', 'run', 'Projet1', 'Extract', 'manual__2023-11-23T15:47:41.539535+00:00', '--job-id', '606', '--raw', '--subdir', 'DAGS_FOLDER/Projet.py', '--cfg-path', '/tmp/tmpcmf67z4t']
[2023-11-23T15:47:44.617+0000] {standard_task_runner.py:85} INFO - Job 606: Subtask Extract
[2023-11-23T15:47:44.692+0000] {task_command.py:416} INFO - Running <TaskInstance: Projet1.Extract manual__2023-11-23T15:47:41.539535+00:00 [running]> on host b36ebcee5948
[2023-11-23T15:47:44.788+0000] {taskinstance.py:1662} INFO - Exporting env vars: AIRFLOW_CTX_DAG_OWNER='***' AIRFLOW_CTX_DAG_ID='Projet1' AIRFLOW_CTX_TASK_ID='Extract' AIRFLOW_CTX_EXECUTION_DATE='2023-11-23T15:47:41.539535+00:00' AIRFLOW_CTX_TRY_NUMBER='1' AIRFLOW_CTX_DAG_RUN_ID='manual__2023-11-23T15:47:41.539535+00:00'
[2023-11-23T15:47:45.027+0000] {warnings.py:109} WARNING - /opt/***/dags/Projet.py:28: DtypeWarning: Columns (0) have mixed types. Specify dtype option on import or set low_memory=False.
  df_urgences = pd.read_csv(csv_file_path_urgences, delimiter=';')

[2023-11-23T15:47:45.510+0000] {logging_mixin.py:151} INFO - 102
[2023-11-23T15:47:45.513+0000] {logging_mixin.py:151} INFO - 100
[2023-11-23T15:47:45.521+0000] {logging_mixin.py:151} INFO -    Code tranches d'age             Age
0                    0       tous âges
1                    1         0-4 ans
2                    2        5-14 ans
3                    3       15-44 ans
4                    4       45-64 ans
5                    5       65-74 ans
6                    6  75 ans ou plus
[2023-11-23T15:47:45.523+0000] {logging_mixin.py:151} INFO - Index(['code_age', 'agess'], dtype='object')
[2023-11-23T15:47:45.523+0000] {logging_mixin.py:151} INFO - Une erreur s'est produite lors de l'extraction des données Age : 'DataFrame' object has no attribute 'append'
[2023-11-23T15:47:45.533+0000] {base.py:73} INFO - Using connection ID 'postgres_connexion' for task execution.
[2023-11-23T15:47:45.569+0000] {base.py:73} INFO - Using connection ID 'postgres_connexion' for task execution.
[2023-11-23T15:47:45.597+0000] {base.py:73} INFO - Using connection ID 'postgres_connexion' for task execution.
[2023-11-23T15:48:10.640+0000] {logging_mixin.py:151} INFO - ########################################################################
[2023-11-23T15:48:10.641+0000] {logging_mixin.py:151} INFO - #                                                                      #
[2023-11-23T15:48:10.642+0000] {logging_mixin.py:151} INFO - #   ce dessous est la visualisation du contenu de la table Urgences :  #
[2023-11-23T15:48:10.643+0000] {logging_mixin.py:151} INFO - #                                                                      #
[2023-11-23T15:48:10.644+0000] {logging_mixin.py:151} INFO - ########################################################################
[2023-11-23T15:48:10.654+0000] {base.py:73} INFO - Using connection ID 'postgres_connexion' for task execution.
[2023-11-23T15:48:10.688+0000] {warnings.py:109} WARNING - /home/***/.local/lib/python3.8/site-packages/***/providers/common/sql/hooks/sql.py:219: UserWarning: pandas only supports SQLAlchemy connectable (engine/connection) or database string URI or sqlite3 DBAPI2 connection. Other DBAPI2 objects are not tested. Please consider using SQLAlchemy.
  return psql.read_sql(sql, con=conn, params=parameters, **kwargs)

[2023-11-23T15:48:12.448+0000] {logging_mixin.py:151} INFO -         dep date_de_passage  ...  nbre_acte_tot_h  nbre_acte_tot_f
0         1      2022-12-26  ...              0.0              0.0
1         1      2022-12-26  ...              0.0              0.0
2         1      2022-12-26  ...              0.0              0.0
3         1      2022-12-26  ...              0.0              0.0
4         1      2022-12-26  ...              0.0              0.0
...     ...             ...  ...              ...              ...
214216  976      2023-10-24  ...              0.0              0.0
214217  976      2023-10-24  ...              0.0              0.0
214218  976      2023-10-24  ...              0.0              0.0
214219  976      2023-10-24  ...              0.0              0.0
214220  976      2023-10-24  ...              0.0              0.0

[214221 rows x 18 columns]
[2023-11-23T15:48:12.448+0000] {logging_mixin.py:151} INFO - ========================
[2023-11-23T15:48:12.466+0000] {python.py:194} INFO - Done. Returned value was: None
[2023-11-23T15:48:12.478+0000] {taskinstance.py:1400} INFO - Marking task as SUCCESS. dag_id=Projet1, task_id=Extract, execution_date=20231123T154741, start_date=20231123T154744, end_date=20231123T154812
[2023-11-23T15:48:12.545+0000] {local_task_job_runner.py:228} INFO - Task exited with return code 0
[2023-11-23T15:48:12.566+0000] {taskinstance.py:2778} INFO - 0 downstream tasks scheduled from follow-on schedule check
