[2023-11-20T19:17:32.608+0000] {processor.py:157} INFO - Started process (PID=88) to work on /opt/airflow/dags/dag_sample.py
[2023-11-20T19:17:32.846+0000] {processor.py:829} INFO - Processing file /opt/airflow/dags/dag_sample.py for tasks to queue
[2023-11-20T19:17:33.314+0000] {logging_mixin.py:151} INFO - [2023-11-20T19:17:33.281+0000] {dagbag.py:536} INFO - Filling up the DagBag from /opt/airflow/dags/dag_sample.py
[2023-11-20T19:17:34.765+0000] {processor.py:839} INFO - DAG(s) dict_keys(['FirstDag']) retrieved from /opt/airflow/dags/dag_sample.py
[2023-11-20T19:17:38.192+0000] {logging_mixin.py:151} INFO - [2023-11-20T19:17:38.150+0000] {dag.py:2941} INFO - Sync 1 DAGs
[2023-11-20T19:17:38.697+0000] {logging_mixin.py:151} INFO - [2023-11-20T19:17:38.693+0000] {dag.py:3722} INFO - Setting next_dagrun for FirstDag to 2023-11-19T19:17:38.687142+00:00, run_after=2023-11-20T19:17:38.687142+00:00
[2023-11-20T19:17:39.009+0000] {processor.py:179} INFO - Processing /opt/airflow/dags/dag_sample.py took 6.748 seconds
[2023-11-20T19:21:31.362+0000] {processor.py:157} INFO - Started process (PID=185) to work on /opt/airflow/dags/dag_sample.py
[2023-11-20T19:21:31.375+0000] {processor.py:829} INFO - Processing file /opt/airflow/dags/dag_sample.py for tasks to queue
[2023-11-20T19:21:31.379+0000] {logging_mixin.py:151} INFO - [2023-11-20T19:21:31.378+0000] {dagbag.py:536} INFO - Filling up the DagBag from /opt/airflow/dags/dag_sample.py
[2023-11-20T19:21:31.457+0000] {processor.py:839} INFO - DAG(s) dict_keys(['FirstDag']) retrieved from /opt/airflow/dags/dag_sample.py
[2023-11-20T19:21:31.600+0000] {logging_mixin.py:151} INFO - [2023-11-20T19:21:31.599+0000] {dag.py:2941} INFO - Sync 1 DAGs
[2023-11-20T19:21:31.692+0000] {logging_mixin.py:151} INFO - [2023-11-20T19:21:31.691+0000] {dag.py:3722} INFO - Setting next_dagrun for FirstDag to 2023-11-19T19:21:31.691070+00:00, run_after=2023-11-20T19:21:31.691070+00:00
[2023-11-20T19:21:31.737+0000] {processor.py:179} INFO - Processing /opt/airflow/dags/dag_sample.py took 0.413 seconds
[2023-11-20T19:22:02.364+0000] {processor.py:157} INFO - Started process (PID=242) to work on /opt/airflow/dags/dag_sample.py
[2023-11-20T19:22:02.376+0000] {processor.py:829} INFO - Processing file /opt/airflow/dags/dag_sample.py for tasks to queue
[2023-11-20T19:22:02.387+0000] {logging_mixin.py:151} INFO - [2023-11-20T19:22:02.384+0000] {dagbag.py:536} INFO - Filling up the DagBag from /opt/airflow/dags/dag_sample.py
[2023-11-20T19:22:02.483+0000] {processor.py:839} INFO - DAG(s) dict_keys(['FirstDag']) retrieved from /opt/airflow/dags/dag_sample.py
[2023-11-20T19:22:03.199+0000] {logging_mixin.py:151} INFO - [2023-11-20T19:22:03.198+0000] {dag.py:2941} INFO - Sync 1 DAGs
[2023-11-20T19:22:03.261+0000] {logging_mixin.py:151} INFO - [2023-11-20T19:22:03.261+0000] {dag.py:3722} INFO - Setting next_dagrun for FirstDag to 2023-11-19T19:22:03.260901+00:00, run_after=2023-11-20T19:22:03.260901+00:00
[2023-11-20T19:22:03.356+0000] {processor.py:179} INFO - Processing /opt/airflow/dags/dag_sample.py took 1.012 seconds
[2023-11-20T19:22:50.299+0000] {processor.py:157} INFO - Started process (PID=303) to work on /opt/airflow/dags/dag_sample.py
[2023-11-20T19:22:50.304+0000] {processor.py:829} INFO - Processing file /opt/airflow/dags/dag_sample.py for tasks to queue
[2023-11-20T19:22:50.310+0000] {logging_mixin.py:151} INFO - [2023-11-20T19:22:50.309+0000] {dagbag.py:536} INFO - Filling up the DagBag from /opt/airflow/dags/dag_sample.py
[2023-11-20T19:22:50.357+0000] {processor.py:839} INFO - DAG(s) dict_keys(['FirstDag']) retrieved from /opt/airflow/dags/dag_sample.py
[2023-11-20T19:22:50.982+0000] {logging_mixin.py:151} INFO - [2023-11-20T19:22:50.979+0000] {dag.py:2941} INFO - Sync 1 DAGs
[2023-11-20T19:22:51.490+0000] {logging_mixin.py:151} INFO - [2023-11-20T19:22:51.490+0000] {dag.py:3722} INFO - Setting next_dagrun for FirstDag to 2023-11-19T19:22:51.489331+00:00, run_after=2023-11-20T19:22:51.489331+00:00
[2023-11-20T19:22:51.553+0000] {processor.py:179} INFO - Processing /opt/airflow/dags/dag_sample.py took 1.268 seconds
[2023-11-20T19:23:23.151+0000] {processor.py:157} INFO - Started process (PID=353) to work on /opt/airflow/dags/dag_sample.py
[2023-11-20T19:23:23.153+0000] {processor.py:829} INFO - Processing file /opt/airflow/dags/dag_sample.py for tasks to queue
[2023-11-20T19:23:23.155+0000] {logging_mixin.py:151} INFO - [2023-11-20T19:23:23.155+0000] {dagbag.py:536} INFO - Filling up the DagBag from /opt/airflow/dags/dag_sample.py
[2023-11-20T19:23:23.171+0000] {processor.py:839} INFO - DAG(s) dict_keys(['FirstDag']) retrieved from /opt/airflow/dags/dag_sample.py
[2023-11-20T19:23:23.415+0000] {logging_mixin.py:151} INFO - [2023-11-20T19:23:23.415+0000] {dag.py:2941} INFO - Sync 1 DAGs
[2023-11-20T19:23:23.457+0000] {logging_mixin.py:151} INFO - [2023-11-20T19:23:23.457+0000] {dag.py:3722} INFO - Setting next_dagrun for FirstDag to 2023-11-19T19:23:23.456465+00:00, run_after=2023-11-20T19:23:23.456465+00:00
[2023-11-20T19:23:23.493+0000] {processor.py:179} INFO - Processing /opt/airflow/dags/dag_sample.py took 0.348 seconds
[2023-11-20T19:23:55.708+0000] {processor.py:157} INFO - Started process (PID=389) to work on /opt/airflow/dags/dag_sample.py
[2023-11-20T19:23:55.714+0000] {processor.py:829} INFO - Processing file /opt/airflow/dags/dag_sample.py for tasks to queue
[2023-11-20T19:23:55.717+0000] {logging_mixin.py:151} INFO - [2023-11-20T19:23:55.716+0000] {dagbag.py:536} INFO - Filling up the DagBag from /opt/airflow/dags/dag_sample.py
[2023-11-20T19:23:55.784+0000] {processor.py:839} INFO - DAG(s) dict_keys(['FirstDag']) retrieved from /opt/airflow/dags/dag_sample.py
[2023-11-20T19:23:55.897+0000] {logging_mixin.py:151} INFO - [2023-11-20T19:23:55.897+0000] {dag.py:2941} INFO - Sync 1 DAGs
[2023-11-20T19:23:55.940+0000] {logging_mixin.py:151} INFO - [2023-11-20T19:23:55.940+0000] {dag.py:3722} INFO - Setting next_dagrun for FirstDag to 2023-11-19T19:23:55.940139+00:00, run_after=2023-11-20T19:23:55.940139+00:00
[2023-11-20T19:23:55.986+0000] {processor.py:179} INFO - Processing /opt/airflow/dags/dag_sample.py took 0.292 seconds
[2023-11-20T19:24:26.556+0000] {processor.py:157} INFO - Started process (PID=448) to work on /opt/airflow/dags/dag_sample.py
[2023-11-20T19:24:26.558+0000] {processor.py:829} INFO - Processing file /opt/airflow/dags/dag_sample.py for tasks to queue
[2023-11-20T19:24:26.559+0000] {logging_mixin.py:151} INFO - [2023-11-20T19:24:26.559+0000] {dagbag.py:536} INFO - Filling up the DagBag from /opt/airflow/dags/dag_sample.py
[2023-11-20T19:24:26.571+0000] {processor.py:839} INFO - DAG(s) dict_keys(['FirstDag']) retrieved from /opt/airflow/dags/dag_sample.py
[2023-11-20T19:24:26.699+0000] {logging_mixin.py:151} INFO - [2023-11-20T19:24:26.699+0000] {dag.py:2941} INFO - Sync 1 DAGs
[2023-11-20T19:24:26.725+0000] {logging_mixin.py:151} INFO - [2023-11-20T19:24:26.725+0000] {dag.py:3722} INFO - Setting next_dagrun for FirstDag to 2023-11-19T19:24:26.725134+00:00, run_after=2023-11-20T19:24:26.725134+00:00
[2023-11-20T19:24:26.750+0000] {processor.py:179} INFO - Processing /opt/airflow/dags/dag_sample.py took 0.199 seconds
[2023-11-20T19:24:57.312+0000] {processor.py:157} INFO - Started process (PID=507) to work on /opt/airflow/dags/dag_sample.py
[2023-11-20T19:24:57.344+0000] {processor.py:829} INFO - Processing file /opt/airflow/dags/dag_sample.py for tasks to queue
[2023-11-20T19:24:57.463+0000] {logging_mixin.py:151} INFO - [2023-11-20T19:24:57.457+0000] {dagbag.py:536} INFO - Filling up the DagBag from /opt/airflow/dags/dag_sample.py
[2023-11-20T19:24:57.596+0000] {processor.py:839} INFO - DAG(s) dict_keys(['FirstDag']) retrieved from /opt/airflow/dags/dag_sample.py
[2023-11-20T19:24:58.470+0000] {logging_mixin.py:151} INFO - [2023-11-20T19:24:58.469+0000] {dag.py:2941} INFO - Sync 1 DAGs
[2023-11-20T19:24:59.218+0000] {logging_mixin.py:151} INFO - [2023-11-20T19:24:59.215+0000] {dag.py:3722} INFO - Setting next_dagrun for FirstDag to 2023-11-19T19:24:59.214239+00:00, run_after=2023-11-20T19:24:59.214239+00:00
[2023-11-20T19:24:59.506+0000] {processor.py:179} INFO - Processing /opt/airflow/dags/dag_sample.py took 2.243 seconds
[2023-11-20T19:25:31.236+0000] {processor.py:157} INFO - Started process (PID=562) to work on /opt/airflow/dags/dag_sample.py
[2023-11-20T19:25:31.258+0000] {processor.py:829} INFO - Processing file /opt/airflow/dags/dag_sample.py for tasks to queue
[2023-11-20T19:25:31.264+0000] {logging_mixin.py:151} INFO - [2023-11-20T19:25:31.264+0000] {dagbag.py:536} INFO - Filling up the DagBag from /opt/airflow/dags/dag_sample.py
[2023-11-20T19:25:31.301+0000] {processor.py:839} INFO - DAG(s) dict_keys(['FirstDag']) retrieved from /opt/airflow/dags/dag_sample.py
[2023-11-20T19:25:31.716+0000] {logging_mixin.py:151} INFO - [2023-11-20T19:25:31.716+0000] {dag.py:2941} INFO - Sync 1 DAGs
[2023-11-20T19:25:31.791+0000] {logging_mixin.py:151} INFO - [2023-11-20T19:25:31.791+0000] {dag.py:3722} INFO - Setting next_dagrun for FirstDag to 2023-11-19T19:25:31.790293+00:00, run_after=2023-11-20T19:25:31.790293+00:00
[2023-11-20T19:25:31.852+0000] {processor.py:179} INFO - Processing /opt/airflow/dags/dag_sample.py took 0.625 seconds
[2023-11-20T19:26:01.912+0000] {processor.py:157} INFO - Started process (PID=622) to work on /opt/airflow/dags/dag_sample.py
[2023-11-20T19:26:01.916+0000] {processor.py:829} INFO - Processing file /opt/airflow/dags/dag_sample.py for tasks to queue
[2023-11-20T19:26:01.917+0000] {logging_mixin.py:151} INFO - [2023-11-20T19:26:01.917+0000] {dagbag.py:536} INFO - Filling up the DagBag from /opt/airflow/dags/dag_sample.py
[2023-11-20T19:26:01.945+0000] {processor.py:839} INFO - DAG(s) dict_keys(['FirstDag']) retrieved from /opt/airflow/dags/dag_sample.py
[2023-11-20T19:26:01.979+0000] {logging_mixin.py:151} INFO - [2023-11-20T19:26:01.979+0000] {dag.py:2941} INFO - Sync 1 DAGs
[2023-11-20T19:26:02.017+0000] {logging_mixin.py:151} INFO - [2023-11-20T19:26:02.017+0000] {dag.py:3722} INFO - Setting next_dagrun for FirstDag to 2023-11-19T19:26:02.016584+00:00, run_after=2023-11-20T19:26:02.016584+00:00
[2023-11-20T19:26:02.043+0000] {processor.py:179} INFO - Processing /opt/airflow/dags/dag_sample.py took 0.136 seconds
[2023-11-20T19:26:32.429+0000] {processor.py:157} INFO - Started process (PID=679) to work on /opt/airflow/dags/dag_sample.py
[2023-11-20T19:26:32.433+0000] {processor.py:829} INFO - Processing file /opt/airflow/dags/dag_sample.py for tasks to queue
[2023-11-20T19:26:32.436+0000] {logging_mixin.py:151} INFO - [2023-11-20T19:26:32.435+0000] {dagbag.py:536} INFO - Filling up the DagBag from /opt/airflow/dags/dag_sample.py
[2023-11-20T19:26:32.461+0000] {processor.py:839} INFO - DAG(s) dict_keys(['FirstDag']) retrieved from /opt/airflow/dags/dag_sample.py
[2023-11-20T19:26:32.485+0000] {logging_mixin.py:151} INFO - [2023-11-20T19:26:32.485+0000] {dag.py:2941} INFO - Sync 1 DAGs
[2023-11-20T19:26:32.519+0000] {logging_mixin.py:151} INFO - [2023-11-20T19:26:32.518+0000] {dag.py:3722} INFO - Setting next_dagrun for FirstDag to 2023-11-19T19:26:32.518586+00:00, run_after=2023-11-20T19:26:32.518586+00:00
[2023-11-20T19:26:32.545+0000] {processor.py:179} INFO - Processing /opt/airflow/dags/dag_sample.py took 0.121 seconds
[2023-11-20T19:27:06.964+0000] {processor.py:157} INFO - Started process (PID=739) to work on /opt/airflow/dags/dag_sample.py
[2023-11-20T19:27:06.968+0000] {processor.py:829} INFO - Processing file /opt/airflow/dags/dag_sample.py for tasks to queue
[2023-11-20T19:27:06.970+0000] {logging_mixin.py:151} INFO - [2023-11-20T19:27:06.969+0000] {dagbag.py:536} INFO - Filling up the DagBag from /opt/airflow/dags/dag_sample.py
[2023-11-20T19:27:06.992+0000] {processor.py:839} INFO - DAG(s) dict_keys(['FirstDag']) retrieved from /opt/airflow/dags/dag_sample.py
[2023-11-20T19:27:07.263+0000] {logging_mixin.py:151} INFO - [2023-11-20T19:27:07.263+0000] {dag.py:2941} INFO - Sync 1 DAGs
[2023-11-20T19:27:07.298+0000] {logging_mixin.py:151} INFO - [2023-11-20T19:27:07.298+0000] {dag.py:3722} INFO - Setting next_dagrun for FirstDag to 2023-11-19T19:27:07.297529+00:00, run_after=2023-11-20T19:27:07.297529+00:00
[2023-11-20T19:27:07.355+0000] {processor.py:179} INFO - Processing /opt/airflow/dags/dag_sample.py took 0.400 seconds
[2023-11-20T19:27:37.951+0000] {processor.py:157} INFO - Started process (PID=782) to work on /opt/airflow/dags/dag_sample.py
[2023-11-20T19:27:37.953+0000] {processor.py:829} INFO - Processing file /opt/airflow/dags/dag_sample.py for tasks to queue
[2023-11-20T19:27:37.955+0000] {logging_mixin.py:151} INFO - [2023-11-20T19:27:37.955+0000] {dagbag.py:536} INFO - Filling up the DagBag from /opt/airflow/dags/dag_sample.py
[2023-11-20T19:27:37.976+0000] {processor.py:839} INFO - DAG(s) dict_keys(['FirstDag']) retrieved from /opt/airflow/dags/dag_sample.py
[2023-11-20T19:27:38.063+0000] {logging_mixin.py:151} INFO - [2023-11-20T19:27:38.063+0000] {dag.py:2941} INFO - Sync 1 DAGs
[2023-11-20T19:27:38.132+0000] {logging_mixin.py:151} INFO - [2023-11-20T19:27:38.131+0000] {dag.py:3722} INFO - Setting next_dagrun for FirstDag to 2023-11-19T19:27:38.131257+00:00, run_after=2023-11-20T19:27:38.131257+00:00
[2023-11-20T19:27:38.171+0000] {processor.py:179} INFO - Processing /opt/airflow/dags/dag_sample.py took 0.229 seconds
[2023-11-20T19:28:11.540+0000] {processor.py:157} INFO - Started process (PID=843) to work on /opt/airflow/dags/dag_sample.py
[2023-11-20T19:28:11.545+0000] {processor.py:829} INFO - Processing file /opt/airflow/dags/dag_sample.py for tasks to queue
[2023-11-20T19:28:11.548+0000] {logging_mixin.py:151} INFO - [2023-11-20T19:28:11.547+0000] {dagbag.py:536} INFO - Filling up the DagBag from /opt/airflow/dags/dag_sample.py
[2023-11-20T19:28:11.590+0000] {processor.py:839} INFO - DAG(s) dict_keys(['FirstDag']) retrieved from /opt/airflow/dags/dag_sample.py
[2023-11-20T19:28:11.633+0000] {logging_mixin.py:151} INFO - [2023-11-20T19:28:11.632+0000] {dag.py:2941} INFO - Sync 1 DAGs
[2023-11-20T19:28:11.692+0000] {logging_mixin.py:151} INFO - [2023-11-20T19:28:11.691+0000] {dag.py:3722} INFO - Setting next_dagrun for FirstDag to 2023-11-19T19:28:11.690635+00:00, run_after=2023-11-20T19:28:11.690635+00:00
[2023-11-20T19:28:11.741+0000] {processor.py:179} INFO - Processing /opt/airflow/dags/dag_sample.py took 0.207 seconds
[2023-11-20T19:28:42.941+0000] {processor.py:157} INFO - Started process (PID=898) to work on /opt/airflow/dags/dag_sample.py
[2023-11-20T19:28:42.944+0000] {processor.py:829} INFO - Processing file /opt/airflow/dags/dag_sample.py for tasks to queue
[2023-11-20T19:28:42.947+0000] {logging_mixin.py:151} INFO - [2023-11-20T19:28:42.946+0000] {dagbag.py:536} INFO - Filling up the DagBag from /opt/airflow/dags/dag_sample.py
[2023-11-20T19:28:42.990+0000] {processor.py:839} INFO - DAG(s) dict_keys(['FirstDag']) retrieved from /opt/airflow/dags/dag_sample.py
[2023-11-20T19:28:43.410+0000] {logging_mixin.py:151} INFO - [2023-11-20T19:28:43.410+0000] {dag.py:2941} INFO - Sync 1 DAGs
[2023-11-20T19:28:43.636+0000] {logging_mixin.py:151} INFO - [2023-11-20T19:28:43.633+0000] {dag.py:3722} INFO - Setting next_dagrun for FirstDag to 2023-11-19T19:28:43.632207+00:00, run_after=2023-11-20T19:28:43.632207+00:00
[2023-11-20T19:28:43.730+0000] {processor.py:179} INFO - Processing /opt/airflow/dags/dag_sample.py took 0.796 seconds
[2023-11-20T19:29:19.124+0000] {processor.py:157} INFO - Started process (PID=952) to work on /opt/airflow/dags/dag_sample.py
[2023-11-20T19:29:19.128+0000] {processor.py:829} INFO - Processing file /opt/airflow/dags/dag_sample.py for tasks to queue
[2023-11-20T19:29:19.131+0000] {logging_mixin.py:151} INFO - [2023-11-20T19:29:19.130+0000] {dagbag.py:536} INFO - Filling up the DagBag from /opt/airflow/dags/dag_sample.py
[2023-11-20T19:29:19.166+0000] {processor.py:839} INFO - DAG(s) dict_keys(['FirstDag']) retrieved from /opt/airflow/dags/dag_sample.py
[2023-11-20T19:29:19.229+0000] {logging_mixin.py:151} INFO - [2023-11-20T19:29:19.228+0000] {dag.py:2941} INFO - Sync 1 DAGs
[2023-11-20T19:29:19.325+0000] {logging_mixin.py:151} INFO - [2023-11-20T19:29:19.325+0000] {dag.py:3722} INFO - Setting next_dagrun for FirstDag to 2023-11-19T19:29:19.324558+00:00, run_after=2023-11-20T19:29:19.324558+00:00
[2023-11-20T19:29:19.406+0000] {processor.py:179} INFO - Processing /opt/airflow/dags/dag_sample.py took 0.290 seconds
[2023-11-20T19:29:49.771+0000] {processor.py:157} INFO - Started process (PID=1011) to work on /opt/airflow/dags/dag_sample.py
[2023-11-20T19:29:49.780+0000] {processor.py:829} INFO - Processing file /opt/airflow/dags/dag_sample.py for tasks to queue
[2023-11-20T19:29:49.799+0000] {logging_mixin.py:151} INFO - [2023-11-20T19:29:49.797+0000] {dagbag.py:536} INFO - Filling up the DagBag from /opt/airflow/dags/dag_sample.py
[2023-11-20T19:29:49.851+0000] {processor.py:839} INFO - DAG(s) dict_keys(['FirstDag']) retrieved from /opt/airflow/dags/dag_sample.py
[2023-11-20T19:29:50.250+0000] {logging_mixin.py:151} INFO - [2023-11-20T19:29:50.249+0000] {dag.py:2941} INFO - Sync 1 DAGs
[2023-11-20T19:29:50.301+0000] {logging_mixin.py:151} INFO - [2023-11-20T19:29:50.300+0000] {dag.py:3722} INFO - Setting next_dagrun for FirstDag to 2023-11-19T19:29:50.300585+00:00, run_after=2023-11-20T19:29:50.300585+00:00
[2023-11-20T19:29:50.346+0000] {processor.py:179} INFO - Processing /opt/airflow/dags/dag_sample.py took 0.607 seconds
[2023-11-20T19:30:20.844+0000] {processor.py:157} INFO - Started process (PID=1069) to work on /opt/airflow/dags/dag_sample.py
[2023-11-20T19:30:20.863+0000] {processor.py:829} INFO - Processing file /opt/airflow/dags/dag_sample.py for tasks to queue
[2023-11-20T19:30:20.871+0000] {logging_mixin.py:151} INFO - [2023-11-20T19:30:20.869+0000] {dagbag.py:536} INFO - Filling up the DagBag from /opt/airflow/dags/dag_sample.py
[2023-11-20T19:30:20.960+0000] {processor.py:839} INFO - DAG(s) dict_keys(['FirstDag']) retrieved from /opt/airflow/dags/dag_sample.py
[2023-11-20T19:30:21.116+0000] {logging_mixin.py:151} INFO - [2023-11-20T19:30:21.115+0000] {dag.py:2941} INFO - Sync 1 DAGs
[2023-11-20T19:30:21.284+0000] {logging_mixin.py:151} INFO - [2023-11-20T19:30:21.284+0000] {dag.py:3722} INFO - Setting next_dagrun for FirstDag to 2023-11-19T19:30:21.282403+00:00, run_after=2023-11-20T19:30:21.282403+00:00
[2023-11-20T19:30:21.410+0000] {processor.py:179} INFO - Processing /opt/airflow/dags/dag_sample.py took 0.609 seconds
[2023-11-20T19:30:51.847+0000] {processor.py:157} INFO - Started process (PID=1129) to work on /opt/airflow/dags/dag_sample.py
[2023-11-20T19:30:51.853+0000] {processor.py:829} INFO - Processing file /opt/airflow/dags/dag_sample.py for tasks to queue
[2023-11-20T19:30:51.861+0000] {logging_mixin.py:151} INFO - [2023-11-20T19:30:51.857+0000] {dagbag.py:536} INFO - Filling up the DagBag from /opt/airflow/dags/dag_sample.py
[2023-11-20T19:30:51.927+0000] {processor.py:839} INFO - DAG(s) dict_keys(['FirstDag']) retrieved from /opt/airflow/dags/dag_sample.py
[2023-11-20T19:30:52.010+0000] {logging_mixin.py:151} INFO - [2023-11-20T19:30:52.009+0000] {dag.py:2941} INFO - Sync 1 DAGs
[2023-11-20T19:30:52.114+0000] {logging_mixin.py:151} INFO - [2023-11-20T19:30:52.113+0000] {dag.py:3722} INFO - Setting next_dagrun for FirstDag to 2023-11-19T19:30:52.112186+00:00, run_after=2023-11-20T19:30:52.112186+00:00
[2023-11-20T19:30:52.172+0000] {processor.py:179} INFO - Processing /opt/airflow/dags/dag_sample.py took 0.355 seconds
[2023-11-20T19:31:26.551+0000] {processor.py:157} INFO - Started process (PID=1186) to work on /opt/airflow/dags/dag_sample.py
[2023-11-20T19:31:26.555+0000] {processor.py:829} INFO - Processing file /opt/airflow/dags/dag_sample.py for tasks to queue
[2023-11-20T19:31:26.558+0000] {logging_mixin.py:151} INFO - [2023-11-20T19:31:26.558+0000] {dagbag.py:536} INFO - Filling up the DagBag from /opt/airflow/dags/dag_sample.py
[2023-11-20T19:31:26.589+0000] {processor.py:839} INFO - DAG(s) dict_keys(['FirstDag']) retrieved from /opt/airflow/dags/dag_sample.py
[2023-11-20T19:31:28.105+0000] {logging_mixin.py:151} INFO - [2023-11-20T19:31:28.101+0000] {dag.py:2941} INFO - Sync 1 DAGs
[2023-11-20T19:31:28.338+0000] {logging_mixin.py:151} INFO - [2023-11-20T19:31:28.336+0000] {dag.py:3722} INFO - Setting next_dagrun for FirstDag to 2023-11-19T19:31:28.335736+00:00, run_after=2023-11-20T19:31:28.335736+00:00
[2023-11-20T19:31:28.480+0000] {processor.py:179} INFO - Processing /opt/airflow/dags/dag_sample.py took 1.945 seconds
[2023-11-20T19:32:00.385+0000] {processor.py:157} INFO - Started process (PID=1244) to work on /opt/airflow/dags/dag_sample.py
[2023-11-20T19:32:00.390+0000] {processor.py:829} INFO - Processing file /opt/airflow/dags/dag_sample.py for tasks to queue
[2023-11-20T19:32:00.392+0000] {logging_mixin.py:151} INFO - [2023-11-20T19:32:00.392+0000] {dagbag.py:536} INFO - Filling up the DagBag from /opt/airflow/dags/dag_sample.py
[2023-11-20T19:32:00.423+0000] {processor.py:839} INFO - DAG(s) dict_keys(['FirstDag']) retrieved from /opt/airflow/dags/dag_sample.py
[2023-11-20T19:32:00.465+0000] {logging_mixin.py:151} INFO - [2023-11-20T19:32:00.464+0000] {dag.py:2941} INFO - Sync 1 DAGs
[2023-11-20T19:32:00.667+0000] {logging_mixin.py:151} INFO - [2023-11-20T19:32:00.667+0000] {dag.py:3722} INFO - Setting next_dagrun for FirstDag to 2023-11-19T19:32:00.583999+00:00, run_after=2023-11-20T19:32:00.583999+00:00
[2023-11-20T19:32:00.827+0000] {processor.py:179} INFO - Processing /opt/airflow/dags/dag_sample.py took 0.449 seconds
[2023-11-20T19:33:12.290+0000] {processor.py:157} INFO - Started process (PID=1271) to work on /opt/airflow/dags/dag_sample.py
[2023-11-20T19:33:12.305+0000] {processor.py:829} INFO - Processing file /opt/airflow/dags/dag_sample.py for tasks to queue
[2023-11-20T19:33:12.311+0000] {logging_mixin.py:151} INFO - [2023-11-20T19:33:12.309+0000] {dagbag.py:536} INFO - Filling up the DagBag from /opt/airflow/dags/dag_sample.py
[2023-11-20T19:33:12.356+0000] {processor.py:839} INFO - DAG(s) dict_keys(['FirstDag']) retrieved from /opt/airflow/dags/dag_sample.py
[2023-11-20T19:33:12.603+0000] {logging_mixin.py:151} INFO - [2023-11-20T19:33:12.602+0000] {dag.py:2941} INFO - Sync 1 DAGs
[2023-11-20T19:33:12.979+0000] {logging_mixin.py:151} INFO - [2023-11-20T19:33:12.979+0000] {dag.py:3722} INFO - Setting next_dagrun for FirstDag to 2023-11-19T19:33:12.978490+00:00, run_after=2023-11-20T19:33:12.978490+00:00
[2023-11-20T19:33:13.033+0000] {processor.py:179} INFO - Processing /opt/airflow/dags/dag_sample.py took 0.761 seconds
[2023-11-20T19:33:43.092+0000] {processor.py:157} INFO - Started process (PID=1328) to work on /opt/airflow/dags/dag_sample.py
[2023-11-20T19:33:43.096+0000] {processor.py:829} INFO - Processing file /opt/airflow/dags/dag_sample.py for tasks to queue
[2023-11-20T19:33:43.099+0000] {logging_mixin.py:151} INFO - [2023-11-20T19:33:43.098+0000] {dagbag.py:536} INFO - Filling up the DagBag from /opt/airflow/dags/dag_sample.py
[2023-11-20T19:33:43.130+0000] {processor.py:839} INFO - DAG(s) dict_keys(['FirstDag']) retrieved from /opt/airflow/dags/dag_sample.py
[2023-11-20T19:33:43.215+0000] {logging_mixin.py:151} INFO - [2023-11-20T19:33:43.215+0000] {dag.py:2941} INFO - Sync 1 DAGs
[2023-11-20T19:33:43.300+0000] {logging_mixin.py:151} INFO - [2023-11-20T19:33:43.300+0000] {dag.py:3722} INFO - Setting next_dagrun for FirstDag to 2023-11-19T19:33:43.299424+00:00, run_after=2023-11-20T19:33:43.299424+00:00
[2023-11-20T19:33:43.391+0000] {processor.py:179} INFO - Processing /opt/airflow/dags/dag_sample.py took 0.309 seconds
[2023-11-20T19:34:15.641+0000] {processor.py:157} INFO - Started process (PID=1387) to work on /opt/airflow/dags/dag_sample.py
[2023-11-20T19:34:15.644+0000] {processor.py:829} INFO - Processing file /opt/airflow/dags/dag_sample.py for tasks to queue
[2023-11-20T19:34:15.654+0000] {logging_mixin.py:151} INFO - [2023-11-20T19:34:15.653+0000] {dagbag.py:536} INFO - Filling up the DagBag from /opt/airflow/dags/dag_sample.py
[2023-11-20T19:34:15.740+0000] {processor.py:839} INFO - DAG(s) dict_keys(['FirstDag']) retrieved from /opt/airflow/dags/dag_sample.py
[2023-11-20T19:34:16.735+0000] {logging_mixin.py:151} INFO - [2023-11-20T19:34:16.733+0000] {dag.py:2941} INFO - Sync 1 DAGs
[2023-11-20T19:34:16.909+0000] {logging_mixin.py:151} INFO - [2023-11-20T19:34:16.908+0000] {dag.py:3722} INFO - Setting next_dagrun for FirstDag to 2023-11-19T19:34:16.908141+00:00, run_after=2023-11-20T19:34:16.908141+00:00
[2023-11-20T19:34:17.011+0000] {processor.py:179} INFO - Processing /opt/airflow/dags/dag_sample.py took 1.383 seconds
[2023-11-20T19:34:51.684+0000] {processor.py:157} INFO - Started process (PID=1431) to work on /opt/airflow/dags/dag_sample.py
[2023-11-20T19:34:51.692+0000] {processor.py:829} INFO - Processing file /opt/airflow/dags/dag_sample.py for tasks to queue
[2023-11-20T19:34:51.698+0000] {logging_mixin.py:151} INFO - [2023-11-20T19:34:51.696+0000] {dagbag.py:536} INFO - Filling up the DagBag from /opt/airflow/dags/dag_sample.py
[2023-11-20T19:34:51.747+0000] {processor.py:839} INFO - DAG(s) dict_keys(['FirstDag']) retrieved from /opt/airflow/dags/dag_sample.py
[2023-11-20T19:34:51.816+0000] {logging_mixin.py:151} INFO - [2023-11-20T19:34:51.816+0000] {dag.py:2941} INFO - Sync 1 DAGs
[2023-11-20T19:34:51.884+0000] {logging_mixin.py:151} INFO - [2023-11-20T19:34:51.884+0000] {dag.py:3722} INFO - Setting next_dagrun for FirstDag to 2023-11-19T19:34:51.883784+00:00, run_after=2023-11-20T19:34:51.883784+00:00
[2023-11-20T19:34:51.955+0000] {processor.py:179} INFO - Processing /opt/airflow/dags/dag_sample.py took 0.282 seconds
[2023-11-20T19:35:24.510+0000] {processor.py:157} INFO - Started process (PID=1485) to work on /opt/airflow/dags/dag_sample.py
[2023-11-20T19:35:24.520+0000] {processor.py:829} INFO - Processing file /opt/airflow/dags/dag_sample.py for tasks to queue
[2023-11-20T19:35:24.527+0000] {logging_mixin.py:151} INFO - [2023-11-20T19:35:24.523+0000] {dagbag.py:536} INFO - Filling up the DagBag from /opt/airflow/dags/dag_sample.py
[2023-11-20T19:35:24.863+0000] {processor.py:839} INFO - DAG(s) dict_keys(['FirstDag']) retrieved from /opt/airflow/dags/dag_sample.py
[2023-11-20T19:35:26.996+0000] {logging_mixin.py:151} INFO - [2023-11-20T19:35:26.989+0000] {dag.py:2941} INFO - Sync 1 DAGs
[2023-11-20T19:35:29.729+0000] {logging_mixin.py:151} INFO - [2023-11-20T19:35:29.727+0000] {dag.py:3722} INFO - Setting next_dagrun for FirstDag to 2023-11-19T19:35:29.721591+00:00, run_after=2023-11-20T19:35:29.721591+00:00
[2023-11-20T19:35:29.831+0000] {processor.py:179} INFO - Processing /opt/airflow/dags/dag_sample.py took 5.387 seconds
[2023-11-20T19:36:00.978+0000] {processor.py:157} INFO - Started process (PID=1544) to work on /opt/airflow/dags/dag_sample.py
[2023-11-20T19:36:00.985+0000] {processor.py:829} INFO - Processing file /opt/airflow/dags/dag_sample.py for tasks to queue
[2023-11-20T19:36:00.988+0000] {logging_mixin.py:151} INFO - [2023-11-20T19:36:00.987+0000] {dagbag.py:536} INFO - Filling up the DagBag from /opt/airflow/dags/dag_sample.py
[2023-11-20T19:36:01.009+0000] {processor.py:839} INFO - DAG(s) dict_keys(['FirstDag']) retrieved from /opt/airflow/dags/dag_sample.py
[2023-11-20T19:36:01.061+0000] {logging_mixin.py:151} INFO - [2023-11-20T19:36:01.060+0000] {dag.py:2941} INFO - Sync 1 DAGs
[2023-11-20T19:36:01.115+0000] {logging_mixin.py:151} INFO - [2023-11-20T19:36:01.115+0000] {dag.py:3722} INFO - Setting next_dagrun for FirstDag to 2023-11-19T19:36:01.113306+00:00, run_after=2023-11-20T19:36:01.113306+00:00
[2023-11-20T19:36:01.159+0000] {processor.py:179} INFO - Processing /opt/airflow/dags/dag_sample.py took 0.186 seconds
[2023-11-20T19:36:31.606+0000] {processor.py:157} INFO - Started process (PID=1603) to work on /opt/airflow/dags/dag_sample.py
[2023-11-20T19:36:31.652+0000] {processor.py:829} INFO - Processing file /opt/airflow/dags/dag_sample.py for tasks to queue
[2023-11-20T19:36:31.680+0000] {logging_mixin.py:151} INFO - [2023-11-20T19:36:31.674+0000] {dagbag.py:536} INFO - Filling up the DagBag from /opt/airflow/dags/dag_sample.py
[2023-11-20T19:36:31.927+0000] {processor.py:839} INFO - DAG(s) dict_keys(['FirstDag']) retrieved from /opt/airflow/dags/dag_sample.py
[2023-11-20T19:36:33.246+0000] {logging_mixin.py:151} INFO - [2023-11-20T19:36:33.244+0000] {dag.py:2941} INFO - Sync 1 DAGs
[2023-11-20T19:36:33.402+0000] {logging_mixin.py:151} INFO - [2023-11-20T19:36:33.401+0000] {dag.py:3722} INFO - Setting next_dagrun for FirstDag to 2023-11-19T19:36:33.400164+00:00, run_after=2023-11-20T19:36:33.400164+00:00
[2023-11-20T19:36:33.608+0000] {processor.py:179} INFO - Processing /opt/airflow/dags/dag_sample.py took 2.159 seconds
[2023-11-20T19:37:04.063+0000] {processor.py:157} INFO - Started process (PID=1663) to work on /opt/airflow/dags/dag_sample.py
[2023-11-20T19:37:04.071+0000] {processor.py:829} INFO - Processing file /opt/airflow/dags/dag_sample.py for tasks to queue
[2023-11-20T19:37:04.076+0000] {logging_mixin.py:151} INFO - [2023-11-20T19:37:04.073+0000] {dagbag.py:536} INFO - Filling up the DagBag from /opt/airflow/dags/dag_sample.py
[2023-11-20T19:37:04.158+0000] {processor.py:839} INFO - DAG(s) dict_keys(['FirstDag']) retrieved from /opt/airflow/dags/dag_sample.py
[2023-11-20T19:37:04.253+0000] {logging_mixin.py:151} INFO - [2023-11-20T19:37:04.253+0000] {dag.py:2941} INFO - Sync 1 DAGs
[2023-11-20T19:37:04.306+0000] {logging_mixin.py:151} INFO - [2023-11-20T19:37:04.305+0000] {dag.py:3722} INFO - Setting next_dagrun for FirstDag to 2023-11-19T19:37:04.305201+00:00, run_after=2023-11-20T19:37:04.305201+00:00
[2023-11-20T19:37:04.355+0000] {processor.py:179} INFO - Processing /opt/airflow/dags/dag_sample.py took 0.301 seconds
[2023-11-20T19:37:35.364+0000] {processor.py:157} INFO - Started process (PID=1722) to work on /opt/airflow/dags/dag_sample.py
[2023-11-20T19:37:35.366+0000] {processor.py:829} INFO - Processing file /opt/airflow/dags/dag_sample.py for tasks to queue
[2023-11-20T19:37:35.368+0000] {logging_mixin.py:151} INFO - [2023-11-20T19:37:35.367+0000] {dagbag.py:536} INFO - Filling up the DagBag from /opt/airflow/dags/dag_sample.py
[2023-11-20T19:37:35.382+0000] {processor.py:839} INFO - DAG(s) dict_keys(['FirstDag']) retrieved from /opt/airflow/dags/dag_sample.py
[2023-11-20T19:37:35.642+0000] {logging_mixin.py:151} INFO - [2023-11-20T19:37:35.641+0000] {dag.py:2941} INFO - Sync 1 DAGs
[2023-11-20T19:37:36.146+0000] {logging_mixin.py:151} INFO - [2023-11-20T19:37:36.146+0000] {dag.py:3722} INFO - Setting next_dagrun for FirstDag to 2023-11-19T19:37:36.145079+00:00, run_after=2023-11-20T19:37:36.145079+00:00
[2023-11-20T19:37:36.189+0000] {processor.py:179} INFO - Processing /opt/airflow/dags/dag_sample.py took 0.830 seconds
[2023-11-20T19:38:21.484+0000] {processor.py:157} INFO - Started process (PID=1788) to work on /opt/airflow/dags/dag_sample.py
[2023-11-20T19:38:21.495+0000] {processor.py:829} INFO - Processing file /opt/airflow/dags/dag_sample.py for tasks to queue
[2023-11-20T19:38:21.499+0000] {logging_mixin.py:151} INFO - [2023-11-20T19:38:21.497+0000] {dagbag.py:536} INFO - Filling up the DagBag from /opt/airflow/dags/dag_sample.py
[2023-11-20T19:38:21.535+0000] {processor.py:839} INFO - DAG(s) dict_keys(['FirstDag']) retrieved from /opt/airflow/dags/dag_sample.py
[2023-11-20T19:38:21.607+0000] {logging_mixin.py:151} INFO - [2023-11-20T19:38:21.606+0000] {dag.py:2941} INFO - Sync 1 DAGs
[2023-11-20T19:38:21.669+0000] {logging_mixin.py:151} INFO - [2023-11-20T19:38:21.668+0000] {dag.py:3722} INFO - Setting next_dagrun for FirstDag to 2023-11-19T19:38:21.667717+00:00, run_after=2023-11-20T19:38:21.667717+00:00
[2023-11-20T19:38:21.747+0000] {processor.py:179} INFO - Processing /opt/airflow/dags/dag_sample.py took 0.273 seconds
[2023-11-20T19:38:52.458+0000] {processor.py:157} INFO - Started process (PID=1847) to work on /opt/airflow/dags/dag_sample.py
[2023-11-20T19:38:52.463+0000] {processor.py:829} INFO - Processing file /opt/airflow/dags/dag_sample.py for tasks to queue
[2023-11-20T19:38:52.466+0000] {logging_mixin.py:151} INFO - [2023-11-20T19:38:52.465+0000] {dagbag.py:536} INFO - Filling up the DagBag from /opt/airflow/dags/dag_sample.py
[2023-11-20T19:38:52.491+0000] {processor.py:839} INFO - DAG(s) dict_keys(['FirstDag']) retrieved from /opt/airflow/dags/dag_sample.py
[2023-11-20T19:38:52.752+0000] {logging_mixin.py:151} INFO - [2023-11-20T19:38:52.752+0000] {dag.py:2941} INFO - Sync 1 DAGs
[2023-11-20T19:38:52.801+0000] {logging_mixin.py:151} INFO - [2023-11-20T19:38:52.800+0000] {dag.py:3722} INFO - Setting next_dagrun for FirstDag to 2023-11-19T19:38:52.800085+00:00, run_after=2023-11-20T19:38:52.800085+00:00
[2023-11-20T19:38:52.840+0000] {processor.py:179} INFO - Processing /opt/airflow/dags/dag_sample.py took 0.390 seconds
[2023-11-20T19:39:25.048+0000] {processor.py:157} INFO - Started process (PID=1896) to work on /opt/airflow/dags/dag_sample.py
[2023-11-20T19:39:25.052+0000] {processor.py:829} INFO - Processing file /opt/airflow/dags/dag_sample.py for tasks to queue
[2023-11-20T19:39:25.055+0000] {logging_mixin.py:151} INFO - [2023-11-20T19:39:25.054+0000] {dagbag.py:536} INFO - Filling up the DagBag from /opt/airflow/dags/dag_sample.py
[2023-11-20T19:39:25.081+0000] {processor.py:839} INFO - DAG(s) dict_keys(['FirstDag']) retrieved from /opt/airflow/dags/dag_sample.py
[2023-11-20T19:39:25.136+0000] {logging_mixin.py:151} INFO - [2023-11-20T19:39:25.135+0000] {dag.py:2941} INFO - Sync 1 DAGs
[2023-11-20T19:39:25.211+0000] {logging_mixin.py:151} INFO - [2023-11-20T19:39:25.210+0000] {dag.py:3722} INFO - Setting next_dagrun for FirstDag to 2023-11-19T19:39:25.209805+00:00, run_after=2023-11-20T19:39:25.209805+00:00
[2023-11-20T19:39:25.263+0000] {processor.py:179} INFO - Processing /opt/airflow/dags/dag_sample.py took 0.225 seconds
[2023-11-20T19:40:01.141+0000] {processor.py:157} INFO - Started process (PID=1940) to work on /opt/airflow/dags/dag_sample.py
[2023-11-20T19:40:01.146+0000] {processor.py:829} INFO - Processing file /opt/airflow/dags/dag_sample.py for tasks to queue
[2023-11-20T19:40:01.148+0000] {logging_mixin.py:151} INFO - [2023-11-20T19:40:01.148+0000] {dagbag.py:536} INFO - Filling up the DagBag from /opt/airflow/dags/dag_sample.py
[2023-11-20T19:40:01.173+0000] {processor.py:839} INFO - DAG(s) dict_keys(['FirstDag']) retrieved from /opt/airflow/dags/dag_sample.py
[2023-11-20T19:40:01.609+0000] {logging_mixin.py:151} INFO - [2023-11-20T19:40:01.603+0000] {dag.py:2941} INFO - Sync 1 DAGs
[2023-11-20T19:40:01.707+0000] {logging_mixin.py:151} INFO - [2023-11-20T19:40:01.706+0000] {dag.py:3722} INFO - Setting next_dagrun for FirstDag to 2023-11-19T19:40:01.706188+00:00, run_after=2023-11-20T19:40:01.706188+00:00
[2023-11-20T19:40:01.774+0000] {processor.py:179} INFO - Processing /opt/airflow/dags/dag_sample.py took 0.640 seconds
[2023-11-20T19:40:31.875+0000] {processor.py:157} INFO - Started process (PID=1994) to work on /opt/airflow/dags/dag_sample.py
[2023-11-20T19:40:31.884+0000] {processor.py:829} INFO - Processing file /opt/airflow/dags/dag_sample.py for tasks to queue
[2023-11-20T19:40:31.888+0000] {logging_mixin.py:151} INFO - [2023-11-20T19:40:31.888+0000] {dagbag.py:536} INFO - Filling up the DagBag from /opt/airflow/dags/dag_sample.py
[2023-11-20T19:40:31.911+0000] {processor.py:839} INFO - DAG(s) dict_keys(['FirstDag']) retrieved from /opt/airflow/dags/dag_sample.py
[2023-11-20T19:40:31.980+0000] {logging_mixin.py:151} INFO - [2023-11-20T19:40:31.979+0000] {dag.py:2941} INFO - Sync 1 DAGs
[2023-11-20T19:40:32.117+0000] {logging_mixin.py:151} INFO - [2023-11-20T19:40:32.117+0000] {dag.py:3722} INFO - Setting next_dagrun for FirstDag to 2023-11-19T19:40:32.115869+00:00, run_after=2023-11-20T19:40:32.115869+00:00
[2023-11-20T19:40:32.330+0000] {processor.py:179} INFO - Processing /opt/airflow/dags/dag_sample.py took 0.463 seconds
