[2023-11-20T19:16:53.116+0000] {processor.py:157} INFO - Started process (PID=77) to work on /opt/airflow/dags/h.py
[2023-11-20T19:16:53.130+0000] {processor.py:829} INFO - Processing file /opt/airflow/dags/h.py for tasks to queue
[2023-11-20T19:16:53.155+0000] {logging_mixin.py:151} INFO - [2023-11-20T19:16:53.155+0000] {dagbag.py:536} INFO - Filling up the DagBag from /opt/airflow/dags/h.py
[2023-11-20T19:17:28.595+0000] {logging_mixin.py:151} INFO - [2023-11-20T19:17:23.795+0000] {timeout.py:68} ERROR - Process timed out, PID: 77
[2023-11-20T19:17:29.748+0000] {logging_mixin.py:151} INFO - [2023-11-20T19:17:28.676+0000] {dagbag.py:346} ERROR - Failed to import: /opt/airflow/dags/h.py
Traceback (most recent call last):
  File "/home/airflow/.local/lib/python3.8/site-packages/airflow/models/dagbag.py", line 342, in parse
    loader.exec_module(new_module)
  File "<frozen importlib._bootstrap_external>", line 843, in exec_module
  File "<frozen importlib._bootstrap>", line 219, in _call_with_frames_removed
  File "/opt/airflow/dags/h.py", line 4, in <module>
    import pandas as pd
  File "/home/airflow/.local/lib/python3.8/site-packages/pandas/__init__.py", line 48, in <module>
    from pandas.core.api import (
  File "/home/airflow/.local/lib/python3.8/site-packages/pandas/core/api.py", line 47, in <module>
    from pandas.core.groupby import (
  File "/home/airflow/.local/lib/python3.8/site-packages/pandas/core/groupby/__init__.py", line 1, in <module>
    from pandas.core.groupby.generic import (
  File "/home/airflow/.local/lib/python3.8/site-packages/pandas/core/groupby/generic.py", line 77, in <module>
    from pandas.core.frame import DataFrame
  File "/home/airflow/.local/lib/python3.8/site-packages/pandas/core/frame.py", line 182, in <module>
    from pandas.core.generic import NDFrame
  File "/home/airflow/.local/lib/python3.8/site-packages/pandas/core/generic.py", line 138, in <module>
    from pandas.core import (
  File "/home/airflow/.local/lib/python3.8/site-packages/pandas/core/indexing.py", line 77, in <module>
    from pandas.core.indexes.api import (
  File "/home/airflow/.local/lib/python3.8/site-packages/pandas/core/indexes/api.py", line 18, in <module>
    from pandas.core.indexes.base import (
  File "/home/airflow/.local/lib/python3.8/site-packages/pandas/core/indexes/base.py", line 28, in <module>
    from pandas._libs import (
  File "pandas/_libs/index.pyx", line 1, in init pandas._libs.index
  File "<frozen importlib._bootstrap>", line 194, in _lock_unlock_module
  File "/home/airflow/.local/lib/python3.8/site-packages/airflow/utils/timeout.py", line 69, in handle_timeout
    raise AirflowTaskTimeout(self.error_message)
airflow.exceptions.AirflowTaskTimeout: DagBag import timeout for /opt/airflow/dags/h.py after 30.0s.
Please take a look at these docs to improve your DAG import time:
* https://airflow.apache.org/docs/apache-airflow/2.7.2/best-practices.html#top-level-python-code
* https://airflow.apache.org/docs/apache-airflow/2.7.2/best-practices.html#reducing-dag-complexity, PID: 77
[2023-11-20T19:17:29.886+0000] {processor.py:841} WARNING - No viable dags retrieved from /opt/airflow/dags/h.py
[2023-11-20T19:17:31.181+0000] {processor.py:179} INFO - Processing /opt/airflow/dags/h.py took 37.366 seconds
[2023-11-20T19:21:25.499+0000] {processor.py:157} INFO - Started process (PID=182) to work on /opt/airflow/dags/h.py
[2023-11-20T19:21:25.534+0000] {processor.py:829} INFO - Processing file /opt/airflow/dags/h.py for tasks to queue
[2023-11-20T19:21:25.538+0000] {logging_mixin.py:151} INFO - [2023-11-20T19:21:25.537+0000] {dagbag.py:536} INFO - Filling up the DagBag from /opt/airflow/dags/h.py
[2023-11-20T19:21:37.239+0000] {processor.py:839} INFO - DAG(s) dict_keys(['Projet12']) retrieved from /opt/airflow/dags/h.py
[2023-11-20T19:21:39.938+0000] {logging_mixin.py:151} INFO - [2023-11-20T19:21:39.853+0000] {dag.py:2941} INFO - Sync 1 DAGs
[2023-11-20T19:21:40.222+0000] {logging_mixin.py:151} INFO - [2023-11-20T19:21:40.220+0000] {dag.py:3722} INFO - Setting next_dagrun for Projet12 to None, run_after=None
[2023-11-20T19:21:40.323+0000] {processor.py:179} INFO - Processing /opt/airflow/dags/h.py took 14.954 seconds
[2023-11-20T19:22:10.451+0000] {processor.py:157} INFO - Started process (PID=246) to work on /opt/airflow/dags/h.py
[2023-11-20T19:22:10.458+0000] {processor.py:829} INFO - Processing file /opt/airflow/dags/h.py for tasks to queue
[2023-11-20T19:22:10.459+0000] {logging_mixin.py:151} INFO - [2023-11-20T19:22:10.459+0000] {dagbag.py:536} INFO - Filling up the DagBag from /opt/airflow/dags/h.py
[2023-11-20T19:22:36.778+0000] {processor.py:839} INFO - DAG(s) dict_keys(['Projet12']) retrieved from /opt/airflow/dags/h.py
[2023-11-20T19:22:37.036+0000] {logging_mixin.py:151} INFO - [2023-11-20T19:22:37.026+0000] {dag.py:2941} INFO - Sync 1 DAGs
[2023-11-20T19:22:37.230+0000] {logging_mixin.py:151} INFO - [2023-11-20T19:22:37.229+0000] {dag.py:3722} INFO - Setting next_dagrun for Projet12 to None, run_after=None
[2023-11-20T19:22:37.331+0000] {processor.py:179} INFO - Processing /opt/airflow/dags/h.py took 26.879 seconds
[2023-11-20T19:23:08.019+0000] {processor.py:157} INFO - Started process (PID=315) to work on /opt/airflow/dags/h.py
[2023-11-20T19:23:08.603+0000] {processor.py:829} INFO - Processing file /opt/airflow/dags/h.py for tasks to queue
[2023-11-20T19:23:08.613+0000] {logging_mixin.py:151} INFO - [2023-11-20T19:23:08.611+0000] {dagbag.py:536} INFO - Filling up the DagBag from /opt/airflow/dags/h.py
[2023-11-20T19:23:16.474+0000] {processor.py:839} INFO - DAG(s) dict_keys(['Projet12']) retrieved from /opt/airflow/dags/h.py
[2023-11-20T19:23:16.619+0000] {logging_mixin.py:151} INFO - [2023-11-20T19:23:16.615+0000] {dag.py:2941} INFO - Sync 1 DAGs
[2023-11-20T19:23:17.043+0000] {logging_mixin.py:151} INFO - [2023-11-20T19:23:17.041+0000] {dag.py:3722} INFO - Setting next_dagrun for Projet12 to None, run_after=None
[2023-11-20T19:23:17.889+0000] {processor.py:179} INFO - Processing /opt/airflow/dags/h.py took 9.950 seconds
[2023-11-20T19:23:50.143+0000] {processor.py:157} INFO - Started process (PID=381) to work on /opt/airflow/dags/h.py
[2023-11-20T19:23:50.173+0000] {processor.py:829} INFO - Processing file /opt/airflow/dags/h.py for tasks to queue
[2023-11-20T19:23:50.182+0000] {logging_mixin.py:151} INFO - [2023-11-20T19:23:50.178+0000] {dagbag.py:536} INFO - Filling up the DagBag from /opt/airflow/dags/h.py
[2023-11-20T19:23:55.202+0000] {processor.py:839} INFO - DAG(s) dict_keys(['Projet12']) retrieved from /opt/airflow/dags/h.py
[2023-11-20T19:23:55.403+0000] {logging_mixin.py:151} INFO - [2023-11-20T19:23:55.401+0000] {dag.py:2941} INFO - Sync 1 DAGs
[2023-11-20T19:23:55.543+0000] {logging_mixin.py:151} INFO - [2023-11-20T19:23:55.540+0000] {dag.py:3722} INFO - Setting next_dagrun for Projet12 to None, run_after=None
[2023-11-20T19:23:55.610+0000] {processor.py:179} INFO - Processing /opt/airflow/dags/h.py took 5.515 seconds
[2023-11-20T19:24:25.720+0000] {processor.py:157} INFO - Started process (PID=446) to work on /opt/airflow/dags/h.py
[2023-11-20T19:24:25.722+0000] {processor.py:829} INFO - Processing file /opt/airflow/dags/h.py for tasks to queue
[2023-11-20T19:24:25.724+0000] {logging_mixin.py:151} INFO - [2023-11-20T19:24:25.724+0000] {dagbag.py:536} INFO - Filling up the DagBag from /opt/airflow/dags/h.py
[2023-11-20T19:24:26.980+0000] {processor.py:839} INFO - DAG(s) dict_keys(['Projet12']) retrieved from /opt/airflow/dags/h.py
[2023-11-20T19:24:27.003+0000] {logging_mixin.py:151} INFO - [2023-11-20T19:24:27.002+0000] {dag.py:2941} INFO - Sync 1 DAGs
[2023-11-20T19:24:27.016+0000] {logging_mixin.py:151} INFO - [2023-11-20T19:24:27.016+0000] {dag.py:3722} INFO - Setting next_dagrun for Projet12 to None, run_after=None
[2023-11-20T19:24:27.035+0000] {processor.py:179} INFO - Processing /opt/airflow/dags/h.py took 1.321 seconds
[2023-11-20T19:24:58.340+0000] {processor.py:157} INFO - Started process (PID=508) to work on /opt/airflow/dags/h.py
[2023-11-20T19:24:58.357+0000] {processor.py:829} INFO - Processing file /opt/airflow/dags/h.py for tasks to queue
[2023-11-20T19:24:58.366+0000] {logging_mixin.py:151} INFO - [2023-11-20T19:24:58.363+0000] {dagbag.py:536} INFO - Filling up the DagBag from /opt/airflow/dags/h.py
[2023-11-20T19:25:21.742+0000] {processor.py:839} INFO - DAG(s) dict_keys(['Projet12']) retrieved from /opt/airflow/dags/h.py
[2023-11-20T19:25:21.831+0000] {logging_mixin.py:151} INFO - [2023-11-20T19:25:21.830+0000] {dag.py:2941} INFO - Sync 1 DAGs
[2023-11-20T19:25:21.856+0000] {logging_mixin.py:151} INFO - [2023-11-20T19:25:21.855+0000] {dag.py:3722} INFO - Setting next_dagrun for Projet12 to None, run_after=None
[2023-11-20T19:25:21.902+0000] {processor.py:179} INFO - Processing /opt/airflow/dags/h.py took 23.589 seconds
[2023-11-20T19:25:52.578+0000] {processor.py:157} INFO - Started process (PID=578) to work on /opt/airflow/dags/h.py
[2023-11-20T19:25:52.587+0000] {processor.py:829} INFO - Processing file /opt/airflow/dags/h.py for tasks to queue
[2023-11-20T19:25:52.590+0000] {logging_mixin.py:151} INFO - [2023-11-20T19:25:52.589+0000] {dagbag.py:536} INFO - Filling up the DagBag from /opt/airflow/dags/h.py
[2023-11-20T19:25:54.311+0000] {processor.py:839} INFO - DAG(s) dict_keys(['Projet12']) retrieved from /opt/airflow/dags/h.py
[2023-11-20T19:25:54.633+0000] {logging_mixin.py:151} INFO - [2023-11-20T19:25:54.631+0000] {dag.py:2941} INFO - Sync 1 DAGs
[2023-11-20T19:25:54.655+0000] {logging_mixin.py:151} INFO - [2023-11-20T19:25:54.655+0000] {dag.py:3722} INFO - Setting next_dagrun for Projet12 to None, run_after=None
[2023-11-20T19:25:54.698+0000] {processor.py:179} INFO - Processing /opt/airflow/dags/h.py took 2.134 seconds
[2023-11-20T19:26:25.131+0000] {processor.py:157} INFO - Started process (PID=639) to work on /opt/airflow/dags/h.py
[2023-11-20T19:26:25.136+0000] {processor.py:829} INFO - Processing file /opt/airflow/dags/h.py for tasks to queue
[2023-11-20T19:26:25.138+0000] {logging_mixin.py:151} INFO - [2023-11-20T19:26:25.138+0000] {dagbag.py:536} INFO - Filling up the DagBag from /opt/airflow/dags/h.py
[2023-11-20T19:26:27.193+0000] {processor.py:839} INFO - DAG(s) dict_keys(['Projet12']) retrieved from /opt/airflow/dags/h.py
[2023-11-20T19:26:27.388+0000] {logging_mixin.py:151} INFO - [2023-11-20T19:26:27.385+0000] {dag.py:2941} INFO - Sync 1 DAGs
[2023-11-20T19:26:27.548+0000] {logging_mixin.py:151} INFO - [2023-11-20T19:26:27.547+0000] {dag.py:3722} INFO - Setting next_dagrun for Projet12 to None, run_after=None
[2023-11-20T19:26:27.610+0000] {processor.py:179} INFO - Processing /opt/airflow/dags/h.py took 2.487 seconds
[2023-11-20T19:26:58.661+0000] {processor.py:157} INFO - Started process (PID=699) to work on /opt/airflow/dags/h.py
[2023-11-20T19:26:58.663+0000] {processor.py:829} INFO - Processing file /opt/airflow/dags/h.py for tasks to queue
[2023-11-20T19:26:58.666+0000] {logging_mixin.py:151} INFO - [2023-11-20T19:26:58.665+0000] {dagbag.py:536} INFO - Filling up the DagBag from /opt/airflow/dags/h.py
[2023-11-20T19:27:00.163+0000] {processor.py:839} INFO - DAG(s) dict_keys(['Projet12']) retrieved from /opt/airflow/dags/h.py
[2023-11-20T19:27:00.326+0000] {logging_mixin.py:151} INFO - [2023-11-20T19:27:00.323+0000] {dag.py:2941} INFO - Sync 1 DAGs
[2023-11-20T19:27:00.426+0000] {logging_mixin.py:151} INFO - [2023-11-20T19:27:00.425+0000] {dag.py:3722} INFO - Setting next_dagrun for Projet12 to None, run_after=None
[2023-11-20T19:27:00.572+0000] {processor.py:179} INFO - Processing /opt/airflow/dags/h.py took 1.923 seconds
[2023-11-20T19:27:31.718+0000] {processor.py:157} INFO - Started process (PID=759) to work on /opt/airflow/dags/h.py
[2023-11-20T19:27:31.745+0000] {processor.py:829} INFO - Processing file /opt/airflow/dags/h.py for tasks to queue
[2023-11-20T19:27:31.767+0000] {logging_mixin.py:151} INFO - [2023-11-20T19:27:31.762+0000] {dagbag.py:536} INFO - Filling up the DagBag from /opt/airflow/dags/h.py
[2023-11-20T19:27:34.116+0000] {processor.py:839} INFO - DAG(s) dict_keys(['Projet12']) retrieved from /opt/airflow/dags/h.py
[2023-11-20T19:27:34.299+0000] {logging_mixin.py:151} INFO - [2023-11-20T19:27:34.297+0000] {dag.py:2941} INFO - Sync 1 DAGs
[2023-11-20T19:27:34.446+0000] {logging_mixin.py:151} INFO - [2023-11-20T19:27:34.445+0000] {dag.py:3722} INFO - Setting next_dagrun for Projet12 to None, run_after=None
[2023-11-20T19:27:34.577+0000] {processor.py:179} INFO - Processing /opt/airflow/dags/h.py took 2.912 seconds
[2023-11-20T19:28:05.442+0000] {processor.py:157} INFO - Started process (PID=820) to work on /opt/airflow/dags/h.py
[2023-11-20T19:28:05.464+0000] {processor.py:829} INFO - Processing file /opt/airflow/dags/h.py for tasks to queue
[2023-11-20T19:28:05.471+0000] {logging_mixin.py:151} INFO - [2023-11-20T19:28:05.469+0000] {dagbag.py:536} INFO - Filling up the DagBag from /opt/airflow/dags/h.py
[2023-11-20T19:28:07.688+0000] {processor.py:839} INFO - DAG(s) dict_keys(['Projet12']) retrieved from /opt/airflow/dags/h.py
[2023-11-20T19:28:07.823+0000] {logging_mixin.py:151} INFO - [2023-11-20T19:28:07.821+0000] {dag.py:2941} INFO - Sync 1 DAGs
[2023-11-20T19:28:07.867+0000] {logging_mixin.py:151} INFO - [2023-11-20T19:28:07.867+0000] {dag.py:3722} INFO - Setting next_dagrun for Projet12 to None, run_after=None
[2023-11-20T19:28:07.958+0000] {processor.py:179} INFO - Processing /opt/airflow/dags/h.py took 2.534 seconds
[2023-11-20T19:28:38.615+0000] {processor.py:157} INFO - Started process (PID=880) to work on /opt/airflow/dags/h.py
[2023-11-20T19:28:38.623+0000] {processor.py:829} INFO - Processing file /opt/airflow/dags/h.py for tasks to queue
[2023-11-20T19:28:38.628+0000] {logging_mixin.py:151} INFO - [2023-11-20T19:28:38.627+0000] {dagbag.py:536} INFO - Filling up the DagBag from /opt/airflow/dags/h.py
[2023-11-20T19:28:40.310+0000] {processor.py:839} INFO - DAG(s) dict_keys(['Projet12']) retrieved from /opt/airflow/dags/h.py
[2023-11-20T19:28:40.373+0000] {logging_mixin.py:151} INFO - [2023-11-20T19:28:40.369+0000] {dag.py:2941} INFO - Sync 1 DAGs
[2023-11-20T19:28:40.397+0000] {logging_mixin.py:151} INFO - [2023-11-20T19:28:40.397+0000] {dag.py:3722} INFO - Setting next_dagrun for Projet12 to None, run_after=None
[2023-11-20T19:28:40.439+0000] {processor.py:179} INFO - Processing /opt/airflow/dags/h.py took 1.851 seconds
[2023-11-20T19:29:10.773+0000] {processor.py:157} INFO - Started process (PID=940) to work on /opt/airflow/dags/h.py
[2023-11-20T19:29:10.785+0000] {processor.py:829} INFO - Processing file /opt/airflow/dags/h.py for tasks to queue
[2023-11-20T19:29:10.793+0000] {logging_mixin.py:151} INFO - [2023-11-20T19:29:10.790+0000] {dagbag.py:536} INFO - Filling up the DagBag from /opt/airflow/dags/h.py
[2023-11-20T19:29:16.732+0000] {processor.py:839} INFO - DAG(s) dict_keys(['Projet12']) retrieved from /opt/airflow/dags/h.py
[2023-11-20T19:29:17.481+0000] {logging_mixin.py:151} INFO - [2023-11-20T19:29:17.475+0000] {dag.py:2941} INFO - Sync 1 DAGs
[2023-11-20T19:29:17.723+0000] {logging_mixin.py:151} INFO - [2023-11-20T19:29:17.722+0000] {dag.py:3722} INFO - Setting next_dagrun for Projet12 to None, run_after=None
[2023-11-20T19:29:17.948+0000] {processor.py:179} INFO - Processing /opt/airflow/dags/h.py took 7.206 seconds
[2023-11-20T19:29:48.782+0000] {processor.py:157} INFO - Started process (PID=1009) to work on /opt/airflow/dags/h.py
[2023-11-20T19:29:48.800+0000] {processor.py:829} INFO - Processing file /opt/airflow/dags/h.py for tasks to queue
[2023-11-20T19:29:48.811+0000] {logging_mixin.py:151} INFO - [2023-11-20T19:29:48.810+0000] {dagbag.py:536} INFO - Filling up the DagBag from /opt/airflow/dags/h.py
[2023-11-20T19:29:50.876+0000] {processor.py:839} INFO - DAG(s) dict_keys(['Projet12']) retrieved from /opt/airflow/dags/h.py
[2023-11-20T19:29:51.026+0000] {logging_mixin.py:151} INFO - [2023-11-20T19:29:51.025+0000] {dag.py:2941} INFO - Sync 1 DAGs
[2023-11-20T19:29:51.089+0000] {logging_mixin.py:151} INFO - [2023-11-20T19:29:51.089+0000] {dag.py:3722} INFO - Setting next_dagrun for Projet12 to None, run_after=None
[2023-11-20T19:29:51.168+0000] {processor.py:179} INFO - Processing /opt/airflow/dags/h.py took 2.501 seconds
[2023-11-20T19:30:21.490+0000] {processor.py:157} INFO - Started process (PID=1070) to work on /opt/airflow/dags/h.py
[2023-11-20T19:30:21.493+0000] {processor.py:829} INFO - Processing file /opt/airflow/dags/h.py for tasks to queue
[2023-11-20T19:30:21.497+0000] {logging_mixin.py:151} INFO - [2023-11-20T19:30:21.496+0000] {dagbag.py:536} INFO - Filling up the DagBag from /opt/airflow/dags/h.py
[2023-11-20T19:30:24.517+0000] {processor.py:839} INFO - DAG(s) dict_keys(['Projet12']) retrieved from /opt/airflow/dags/h.py
[2023-11-20T19:30:24.605+0000] {logging_mixin.py:151} INFO - [2023-11-20T19:30:24.599+0000] {dag.py:2941} INFO - Sync 1 DAGs
[2023-11-20T19:30:24.697+0000] {logging_mixin.py:151} INFO - [2023-11-20T19:30:24.696+0000] {dag.py:3722} INFO - Setting next_dagrun for Projet12 to None, run_after=None
[2023-11-20T19:30:24.801+0000] {processor.py:179} INFO - Processing /opt/airflow/dags/h.py took 3.322 seconds
[2023-11-20T19:30:55.566+0000] {processor.py:157} INFO - Started process (PID=1133) to work on /opt/airflow/dags/h.py
[2023-11-20T19:30:55.577+0000] {processor.py:829} INFO - Processing file /opt/airflow/dags/h.py for tasks to queue
[2023-11-20T19:30:55.586+0000] {logging_mixin.py:151} INFO - [2023-11-20T19:30:55.584+0000] {dagbag.py:536} INFO - Filling up the DagBag from /opt/airflow/dags/h.py
[2023-11-20T19:31:05.599+0000] {processor.py:839} INFO - DAG(s) dict_keys(['Projet12']) retrieved from /opt/airflow/dags/h.py
[2023-11-20T19:31:05.740+0000] {logging_mixin.py:151} INFO - [2023-11-20T19:31:05.738+0000] {dag.py:2941} INFO - Sync 1 DAGs
[2023-11-20T19:31:05.799+0000] {logging_mixin.py:151} INFO - [2023-11-20T19:31:05.798+0000] {dag.py:3722} INFO - Setting next_dagrun for Projet12 to None, run_after=None
[2023-11-20T19:31:05.876+0000] {processor.py:179} INFO - Processing /opt/airflow/dags/h.py took 10.364 seconds
[2023-11-20T19:31:38.837+0000] {processor.py:157} INFO - Started process (PID=1194) to work on /opt/airflow/dags/h.py
[2023-11-20T19:31:38.849+0000] {processor.py:829} INFO - Processing file /opt/airflow/dags/h.py for tasks to queue
[2023-11-20T19:31:38.858+0000] {logging_mixin.py:151} INFO - [2023-11-20T19:31:38.857+0000] {dagbag.py:536} INFO - Filling up the DagBag from /opt/airflow/dags/h.py
[2023-11-20T19:31:41.295+0000] {processor.py:839} INFO - DAG(s) dict_keys(['Projet12']) retrieved from /opt/airflow/dags/h.py
[2023-11-20T19:31:41.338+0000] {logging_mixin.py:151} INFO - [2023-11-20T19:31:41.335+0000] {dag.py:2941} INFO - Sync 1 DAGs
[2023-11-20T19:31:41.375+0000] {logging_mixin.py:151} INFO - [2023-11-20T19:31:41.374+0000] {dag.py:3722} INFO - Setting next_dagrun for Projet12 to None, run_after=None
[2023-11-20T19:31:41.422+0000] {processor.py:179} INFO - Processing /opt/airflow/dags/h.py took 2.629 seconds
[2023-11-20T19:33:04.080+0000] {processor.py:157} INFO - Started process (PID=1268) to work on /opt/airflow/dags/h.py
[2023-11-20T19:33:04.119+0000] {processor.py:829} INFO - Processing file /opt/airflow/dags/h.py for tasks to queue
[2023-11-20T19:33:04.280+0000] {logging_mixin.py:151} INFO - [2023-11-20T19:33:04.177+0000] {dagbag.py:536} INFO - Filling up the DagBag from /opt/airflow/dags/h.py
[2023-11-20T19:33:31.111+0000] {processor.py:839} INFO - DAG(s) dict_keys(['Projet12']) retrieved from /opt/airflow/dags/h.py
[2023-11-20T19:33:31.156+0000] {logging_mixin.py:151} INFO - [2023-11-20T19:33:31.155+0000] {dag.py:2941} INFO - Sync 1 DAGs
[2023-11-20T19:33:31.189+0000] {logging_mixin.py:151} INFO - [2023-11-20T19:33:31.189+0000] {dag.py:3722} INFO - Setting next_dagrun for Projet12 to None, run_after=None
[2023-11-20T19:33:31.272+0000] {processor.py:179} INFO - Processing /opt/airflow/dags/h.py took 27.423 seconds
[2023-11-20T19:34:02.394+0000] {processor.py:157} INFO - Started process (PID=1347) to work on /opt/airflow/dags/h.py
[2023-11-20T19:34:02.401+0000] {processor.py:829} INFO - Processing file /opt/airflow/dags/h.py for tasks to queue
[2023-11-20T19:34:02.405+0000] {logging_mixin.py:151} INFO - [2023-11-20T19:34:02.404+0000] {dagbag.py:536} INFO - Filling up the DagBag from /opt/airflow/dags/h.py
[2023-11-20T19:34:04.737+0000] {processor.py:839} INFO - DAG(s) dict_keys(['Projet12']) retrieved from /opt/airflow/dags/h.py
[2023-11-20T19:34:04.940+0000] {logging_mixin.py:151} INFO - [2023-11-20T19:34:04.939+0000] {dag.py:2941} INFO - Sync 1 DAGs
[2023-11-20T19:34:04.959+0000] {logging_mixin.py:151} INFO - [2023-11-20T19:34:04.959+0000] {dag.py:3722} INFO - Setting next_dagrun for Projet12 to None, run_after=None
[2023-11-20T19:34:04.995+0000] {processor.py:179} INFO - Processing /opt/airflow/dags/h.py took 2.611 seconds
[2023-11-20T19:34:36.875+0000] {processor.py:157} INFO - Started process (PID=1407) to work on /opt/airflow/dags/h.py
[2023-11-20T19:34:36.882+0000] {processor.py:829} INFO - Processing file /opt/airflow/dags/h.py for tasks to queue
[2023-11-20T19:34:36.889+0000] {logging_mixin.py:151} INFO - [2023-11-20T19:34:36.888+0000] {dagbag.py:536} INFO - Filling up the DagBag from /opt/airflow/dags/h.py
[2023-11-20T19:34:48.913+0000] {processor.py:839} INFO - DAG(s) dict_keys(['Projet12']) retrieved from /opt/airflow/dags/h.py
[2023-11-20T19:34:49.036+0000] {logging_mixin.py:151} INFO - [2023-11-20T19:34:49.033+0000] {dag.py:2941} INFO - Sync 1 DAGs
[2023-11-20T19:34:49.096+0000] {logging_mixin.py:151} INFO - [2023-11-20T19:34:49.095+0000] {dag.py:3722} INFO - Setting next_dagrun for Projet12 to None, run_after=None
[2023-11-20T19:34:49.167+0000] {processor.py:179} INFO - Processing /opt/airflow/dags/h.py took 12.317 seconds
[2023-11-20T19:35:20.969+0000] {processor.py:157} INFO - Started process (PID=1480) to work on /opt/airflow/dags/h.py
[2023-11-20T19:35:20.990+0000] {processor.py:829} INFO - Processing file /opt/airflow/dags/h.py for tasks to queue
[2023-11-20T19:35:21.010+0000] {logging_mixin.py:151} INFO - [2023-11-20T19:35:21.008+0000] {dagbag.py:536} INFO - Filling up the DagBag from /opt/airflow/dags/h.py
[2023-11-20T19:35:29.919+0000] {processor.py:839} INFO - DAG(s) dict_keys(['Projet12']) retrieved from /opt/airflow/dags/h.py
[2023-11-20T19:35:30.066+0000] {logging_mixin.py:151} INFO - [2023-11-20T19:35:30.063+0000] {dag.py:2941} INFO - Sync 1 DAGs
[2023-11-20T19:35:30.111+0000] {logging_mixin.py:151} INFO - [2023-11-20T19:35:30.111+0000] {dag.py:3722} INFO - Setting next_dagrun for Projet12 to None, run_after=None
[2023-11-20T19:35:30.207+0000] {processor.py:179} INFO - Processing /opt/airflow/dags/h.py took 9.310 seconds
[2023-11-20T19:36:00.918+0000] {processor.py:157} INFO - Started process (PID=1543) to work on /opt/airflow/dags/h.py
[2023-11-20T19:36:00.921+0000] {processor.py:829} INFO - Processing file /opt/airflow/dags/h.py for tasks to queue
[2023-11-20T19:36:00.923+0000] {logging_mixin.py:151} INFO - [2023-11-20T19:36:00.923+0000] {dagbag.py:536} INFO - Filling up the DagBag from /opt/airflow/dags/h.py
[2023-11-20T19:36:01.648+0000] {processor.py:839} INFO - DAG(s) dict_keys(['Projet12']) retrieved from /opt/airflow/dags/h.py
[2023-11-20T19:36:01.668+0000] {logging_mixin.py:151} INFO - [2023-11-20T19:36:01.667+0000] {dag.py:2941} INFO - Sync 1 DAGs
[2023-11-20T19:36:01.684+0000] {logging_mixin.py:151} INFO - [2023-11-20T19:36:01.684+0000] {dag.py:3722} INFO - Setting next_dagrun for Projet12 to None, run_after=None
[2023-11-20T19:36:01.706+0000] {processor.py:179} INFO - Processing /opt/airflow/dags/h.py took 0.798 seconds
[2023-11-20T19:36:32.405+0000] {processor.py:157} INFO - Started process (PID=1604) to work on /opt/airflow/dags/h.py
[2023-11-20T19:36:32.500+0000] {processor.py:829} INFO - Processing file /opt/airflow/dags/h.py for tasks to queue
[2023-11-20T19:36:32.515+0000] {logging_mixin.py:151} INFO - [2023-11-20T19:36:32.511+0000] {dagbag.py:536} INFO - Filling up the DagBag from /opt/airflow/dags/h.py
[2023-11-20T19:36:38.598+0000] {processor.py:839} INFO - DAG(s) dict_keys(['Projet12']) retrieved from /opt/airflow/dags/h.py
[2023-11-20T19:36:38.635+0000] {logging_mixin.py:151} INFO - [2023-11-20T19:36:38.633+0000] {dag.py:2941} INFO - Sync 1 DAGs
[2023-11-20T19:36:38.662+0000] {logging_mixin.py:151} INFO - [2023-11-20T19:36:38.661+0000] {dag.py:3722} INFO - Setting next_dagrun for Projet12 to None, run_after=None
[2023-11-20T19:36:38.692+0000] {processor.py:179} INFO - Processing /opt/airflow/dags/h.py took 6.518 seconds
[2023-11-20T19:37:08.789+0000] {processor.py:157} INFO - Started process (PID=1667) to work on /opt/airflow/dags/h.py
[2023-11-20T19:37:08.802+0000] {processor.py:829} INFO - Processing file /opt/airflow/dags/h.py for tasks to queue
[2023-11-20T19:37:08.806+0000] {logging_mixin.py:151} INFO - [2023-11-20T19:37:08.805+0000] {dagbag.py:536} INFO - Filling up the DagBag from /opt/airflow/dags/h.py
[2023-11-20T19:37:23.501+0000] {processor.py:839} INFO - DAG(s) dict_keys(['Projet12']) retrieved from /opt/airflow/dags/h.py
[2023-11-20T19:37:23.835+0000] {logging_mixin.py:151} INFO - [2023-11-20T19:37:23.832+0000] {dag.py:2941} INFO - Sync 1 DAGs
[2023-11-20T19:37:24.104+0000] {logging_mixin.py:151} INFO - [2023-11-20T19:37:24.073+0000] {dag.py:3722} INFO - Setting next_dagrun for Projet12 to None, run_after=None
[2023-11-20T19:37:24.424+0000] {processor.py:179} INFO - Processing /opt/airflow/dags/h.py took 15.641 seconds
[2023-11-20T19:37:55.858+0000] {processor.py:157} INFO - Started process (PID=1737) to work on /opt/airflow/dags/h.py
[2023-11-20T19:37:55.864+0000] {processor.py:829} INFO - Processing file /opt/airflow/dags/h.py for tasks to queue
[2023-11-20T19:37:55.877+0000] {logging_mixin.py:151} INFO - [2023-11-20T19:37:55.869+0000] {dagbag.py:536} INFO - Filling up the DagBag from /opt/airflow/dags/h.py
[2023-11-20T19:38:04.749+0000] {processor.py:839} INFO - DAG(s) dict_keys(['Projet12']) retrieved from /opt/airflow/dags/h.py
[2023-11-20T19:38:04.810+0000] {logging_mixin.py:151} INFO - [2023-11-20T19:38:04.809+0000] {dag.py:2941} INFO - Sync 1 DAGs
[2023-11-20T19:38:04.834+0000] {logging_mixin.py:151} INFO - [2023-11-20T19:38:04.833+0000] {dag.py:3722} INFO - Setting next_dagrun for Projet12 to None, run_after=None
[2023-11-20T19:38:04.973+0000] {processor.py:179} INFO - Processing /opt/airflow/dags/h.py took 9.196 seconds
[2023-11-20T19:38:35.271+0000] {processor.py:157} INFO - Started process (PID=1797) to work on /opt/airflow/dags/h.py
[2023-11-20T19:38:35.277+0000] {processor.py:829} INFO - Processing file /opt/airflow/dags/h.py for tasks to queue
[2023-11-20T19:38:35.283+0000] {logging_mixin.py:151} INFO - [2023-11-20T19:38:35.281+0000] {dagbag.py:536} INFO - Filling up the DagBag from /opt/airflow/dags/h.py
[2023-11-20T19:38:38.100+0000] {processor.py:839} INFO - DAG(s) dict_keys(['Projet12']) retrieved from /opt/airflow/dags/h.py
[2023-11-20T19:38:38.254+0000] {logging_mixin.py:151} INFO - [2023-11-20T19:38:38.253+0000] {dag.py:2941} INFO - Sync 1 DAGs
[2023-11-20T19:38:38.316+0000] {logging_mixin.py:151} INFO - [2023-11-20T19:38:38.316+0000] {dag.py:3722} INFO - Setting next_dagrun for Projet12 to None, run_after=None
[2023-11-20T19:38:38.396+0000] {processor.py:179} INFO - Processing /opt/airflow/dags/h.py took 3.160 seconds
[2023-11-20T19:39:08.808+0000] {processor.py:157} INFO - Started process (PID=1857) to work on /opt/airflow/dags/h.py
[2023-11-20T19:39:08.819+0000] {processor.py:829} INFO - Processing file /opt/airflow/dags/h.py for tasks to queue
[2023-11-20T19:39:08.821+0000] {logging_mixin.py:151} INFO - [2023-11-20T19:39:08.821+0000] {dagbag.py:536} INFO - Filling up the DagBag from /opt/airflow/dags/h.py
[2023-11-20T19:39:15.165+0000] {processor.py:839} INFO - DAG(s) dict_keys(['Projet12']) retrieved from /opt/airflow/dags/h.py
[2023-11-20T19:39:15.369+0000] {logging_mixin.py:151} INFO - [2023-11-20T19:39:15.349+0000] {dag.py:2941} INFO - Sync 1 DAGs
[2023-11-20T19:39:15.498+0000] {logging_mixin.py:151} INFO - [2023-11-20T19:39:15.498+0000] {dag.py:3722} INFO - Setting next_dagrun for Projet12 to None, run_after=None
[2023-11-20T19:39:15.624+0000] {processor.py:179} INFO - Processing /opt/airflow/dags/h.py took 6.847 seconds
[2023-11-20T19:39:46.439+0000] {processor.py:157} INFO - Started process (PID=1917) to work on /opt/airflow/dags/h.py
[2023-11-20T19:39:46.443+0000] {processor.py:829} INFO - Processing file /opt/airflow/dags/h.py for tasks to queue
[2023-11-20T19:39:46.447+0000] {logging_mixin.py:151} INFO - [2023-11-20T19:39:46.446+0000] {dagbag.py:536} INFO - Filling up the DagBag from /opt/airflow/dags/h.py
[2023-11-20T19:39:50.290+0000] {processor.py:839} INFO - DAG(s) dict_keys(['Projet12']) retrieved from /opt/airflow/dags/h.py
[2023-11-20T19:39:51.005+0000] {logging_mixin.py:151} INFO - [2023-11-20T19:39:51.000+0000] {dag.py:2941} INFO - Sync 1 DAGs
[2023-11-20T19:39:51.090+0000] {logging_mixin.py:151} INFO - [2023-11-20T19:39:51.090+0000] {dag.py:3722} INFO - Setting next_dagrun for Projet12 to None, run_after=None
[2023-11-20T19:39:51.133+0000] {processor.py:179} INFO - Processing /opt/airflow/dags/h.py took 4.710 seconds
[2023-11-20T19:40:22.402+0000] {processor.py:157} INFO - Started process (PID=1983) to work on /opt/airflow/dags/h.py
[2023-11-20T19:40:22.407+0000] {processor.py:829} INFO - Processing file /opt/airflow/dags/h.py for tasks to queue
[2023-11-20T19:40:22.412+0000] {logging_mixin.py:151} INFO - [2023-11-20T19:40:22.410+0000] {dagbag.py:536} INFO - Filling up the DagBag from /opt/airflow/dags/h.py
[2023-11-20T19:40:24.779+0000] {processor.py:839} INFO - DAG(s) dict_keys(['Projet12']) retrieved from /opt/airflow/dags/h.py
[2023-11-20T19:40:24.845+0000] {logging_mixin.py:151} INFO - [2023-11-20T19:40:24.844+0000] {dag.py:2941} INFO - Sync 1 DAGs
[2023-11-20T19:40:24.883+0000] {logging_mixin.py:151} INFO - [2023-11-20T19:40:24.882+0000] {dag.py:3722} INFO - Setting next_dagrun for Projet12 to None, run_after=None
[2023-11-20T19:40:24.934+0000] {processor.py:179} INFO - Processing /opt/airflow/dags/h.py took 2.555 seconds
