[2023-11-20T19:16:53.037+0000] {processor.py:157} INFO - Started process (PID=76) to work on /opt/airflow/dags/Projet.py
[2023-11-20T19:16:53.048+0000] {processor.py:829} INFO - Processing file /opt/airflow/dags/Projet.py for tasks to queue
[2023-11-20T19:16:53.065+0000] {logging_mixin.py:151} INFO - [2023-11-20T19:16:53.063+0000] {dagbag.py:536} INFO - Filling up the DagBag from /opt/airflow/dags/Projet.py
[2023-11-20T19:17:28.319+0000] {logging_mixin.py:151} INFO - [2023-11-20T19:17:27.757+0000] {timeout.py:68} ERROR - Process timed out, PID: 76
[2023-11-20T19:17:29.835+0000] {logging_mixin.py:151} INFO - [2023-11-20T19:17:28.368+0000] {dagbag.py:346} ERROR - Failed to import: /opt/airflow/dags/Projet.py
Traceback (most recent call last):
  File "/home/airflow/.local/lib/python3.8/site-packages/airflow/models/dagbag.py", line 342, in parse
    loader.exec_module(new_module)
  File "<frozen importlib._bootstrap_external>", line 843, in exec_module
  File "<frozen importlib._bootstrap>", line 219, in _call_with_frames_removed
  File "/opt/airflow/dags/Projet.py", line 3, in <module>
    import pandas as pd
  File "/home/airflow/.local/lib/python3.8/site-packages/pandas/__init__.py", line 48, in <module>
    from pandas.core.api import (
  File "/home/airflow/.local/lib/python3.8/site-packages/pandas/core/api.py", line 47, in <module>
    from pandas.core.groupby import (
  File "/home/airflow/.local/lib/python3.8/site-packages/pandas/core/groupby/__init__.py", line 1, in <module>
    from pandas.core.groupby.generic import (
  File "/home/airflow/.local/lib/python3.8/site-packages/pandas/core/groupby/generic.py", line 77, in <module>
    from pandas.core.frame import DataFrame
  File "/home/airflow/.local/lib/python3.8/site-packages/pandas/core/frame.py", line 182, in <module>
    from pandas.core.generic import NDFrame
  File "/home/airflow/.local/lib/python3.8/site-packages/pandas/core/generic.py", line 138, in <module>
    from pandas.core import (
  File "/home/airflow/.local/lib/python3.8/site-packages/pandas/core/indexing.py", line 77, in <module>
    from pandas.core.indexes.api import (
  File "/home/airflow/.local/lib/python3.8/site-packages/pandas/core/indexes/api.py", line 18, in <module>
    from pandas.core.indexes.base import (
  File "/home/airflow/.local/lib/python3.8/site-packages/pandas/core/indexes/base.py", line 35, in <module>
    import pandas._libs.join as libjoin
  File "<frozen importlib._bootstrap>", line 389, in parent
  File "/home/airflow/.local/lib/python3.8/site-packages/airflow/utils/timeout.py", line 69, in handle_timeout
    raise AirflowTaskTimeout(self.error_message)
airflow.exceptions.AirflowTaskTimeout: DagBag import timeout for /opt/airflow/dags/Projet.py after 30.0s.
Please take a look at these docs to improve your DAG import time:
* https://airflow.apache.org/docs/apache-airflow/2.7.2/best-practices.html#top-level-python-code
* https://airflow.apache.org/docs/apache-airflow/2.7.2/best-practices.html#reducing-dag-complexity, PID: 76
[2023-11-20T19:17:30.089+0000] {processor.py:841} WARNING - No viable dags retrieved from /opt/airflow/dags/Projet.py
[2023-11-20T19:17:31.368+0000] {processor.py:179} INFO - Processing /opt/airflow/dags/Projet.py took 37.626 seconds
[2023-11-20T19:20:40.928+0000] {processor.py:157} INFO - Started process (PID=173) to work on /opt/airflow/dags/Projet.py
[2023-11-20T19:20:40.992+0000] {processor.py:829} INFO - Processing file /opt/airflow/dags/Projet.py for tasks to queue
[2023-11-20T19:20:41.014+0000] {logging_mixin.py:151} INFO - [2023-11-20T19:20:41.013+0000] {dagbag.py:536} INFO - Filling up the DagBag from /opt/airflow/dags/Projet.py
[2023-11-20T19:22:02.116+0000] {processor.py:157} INFO - Started process (PID=241) to work on /opt/airflow/dags/Projet.py
[2023-11-20T19:22:02.146+0000] {processor.py:829} INFO - Processing file /opt/airflow/dags/Projet.py for tasks to queue
[2023-11-20T19:22:02.154+0000] {logging_mixin.py:151} INFO - [2023-11-20T19:22:02.153+0000] {dagbag.py:536} INFO - Filling up the DagBag from /opt/airflow/dags/Projet.py
[2023-11-20T19:22:04.551+0000] {processor.py:839} INFO - DAG(s) dict_keys(['Projet1']) retrieved from /opt/airflow/dags/Projet.py
[2023-11-20T19:22:05.080+0000] {logging_mixin.py:151} INFO - [2023-11-20T19:22:05.079+0000] {dag.py:2941} INFO - Sync 1 DAGs
[2023-11-20T19:22:05.107+0000] {logging_mixin.py:151} INFO - [2023-11-20T19:22:05.106+0000] {dag.py:3722} INFO - Setting next_dagrun for Projet1 to None, run_after=None
[2023-11-20T19:22:05.148+0000] {processor.py:179} INFO - Processing /opt/airflow/dags/Projet.py took 3.207 seconds
[2023-11-20T19:22:45.704+0000] {processor.py:157} INFO - Started process (PID=300) to work on /opt/airflow/dags/Projet.py
[2023-11-20T19:22:45.710+0000] {processor.py:829} INFO - Processing file /opt/airflow/dags/Projet.py for tasks to queue
[2023-11-20T19:22:45.713+0000] {logging_mixin.py:151} INFO - [2023-11-20T19:22:45.712+0000] {dagbag.py:536} INFO - Filling up the DagBag from /opt/airflow/dags/Projet.py
[2023-11-20T19:22:50.110+0000] {processor.py:839} INFO - DAG(s) dict_keys(['Projet1']) retrieved from /opt/airflow/dags/Projet.py
[2023-11-20T19:22:50.401+0000] {logging_mixin.py:151} INFO - [2023-11-20T19:22:50.399+0000] {dag.py:2941} INFO - Sync 1 DAGs
[2023-11-20T19:22:50.676+0000] {logging_mixin.py:151} INFO - [2023-11-20T19:22:50.673+0000] {dag.py:3722} INFO - Setting next_dagrun for Projet1 to None, run_after=None
[2023-11-20T19:22:50.805+0000] {processor.py:179} INFO - Processing /opt/airflow/dags/Projet.py took 5.108 seconds
[2023-11-20T19:23:23.010+0000] {processor.py:157} INFO - Started process (PID=352) to work on /opt/airflow/dags/Projet.py
[2023-11-20T19:23:23.012+0000] {processor.py:829} INFO - Processing file /opt/airflow/dags/Projet.py for tasks to queue
[2023-11-20T19:23:23.013+0000] {logging_mixin.py:151} INFO - [2023-11-20T19:23:23.013+0000] {dagbag.py:536} INFO - Filling up the DagBag from /opt/airflow/dags/Projet.py
[2023-11-20T19:23:24.272+0000] {processor.py:839} INFO - DAG(s) dict_keys(['Projet1']) retrieved from /opt/airflow/dags/Projet.py
[2023-11-20T19:23:24.324+0000] {logging_mixin.py:151} INFO - [2023-11-20T19:23:24.323+0000] {dag.py:2941} INFO - Sync 1 DAGs
[2023-11-20T19:23:24.349+0000] {logging_mixin.py:151} INFO - [2023-11-20T19:23:24.349+0000] {dag.py:3722} INFO - Setting next_dagrun for Projet1 to None, run_after=None
[2023-11-20T19:23:24.385+0000] {processor.py:179} INFO - Processing /opt/airflow/dags/Projet.py took 1.379 seconds
[2023-11-20T19:23:55.576+0000] {processor.py:157} INFO - Started process (PID=388) to work on /opt/airflow/dags/Projet.py
[2023-11-20T19:23:55.581+0000] {processor.py:829} INFO - Processing file /opt/airflow/dags/Projet.py for tasks to queue
[2023-11-20T19:23:55.585+0000] {logging_mixin.py:151} INFO - [2023-11-20T19:23:55.584+0000] {dagbag.py:536} INFO - Filling up the DagBag from /opt/airflow/dags/Projet.py
[2023-11-20T19:23:57.567+0000] {processor.py:839} INFO - DAG(s) dict_keys(['Projet1']) retrieved from /opt/airflow/dags/Projet.py
[2023-11-20T19:23:57.639+0000] {logging_mixin.py:151} INFO - [2023-11-20T19:23:57.638+0000] {dag.py:2941} INFO - Sync 1 DAGs
[2023-11-20T19:23:57.660+0000] {logging_mixin.py:151} INFO - [2023-11-20T19:23:57.659+0000] {dag.py:3722} INFO - Setting next_dagrun for Projet1 to None, run_after=None
[2023-11-20T19:23:57.690+0000] {processor.py:179} INFO - Processing /opt/airflow/dags/Projet.py took 2.135 seconds
[2023-11-20T19:24:28.131+0000] {processor.py:157} INFO - Started process (PID=450) to work on /opt/airflow/dags/Projet.py
[2023-11-20T19:24:28.133+0000] {processor.py:829} INFO - Processing file /opt/airflow/dags/Projet.py for tasks to queue
[2023-11-20T19:24:28.134+0000] {logging_mixin.py:151} INFO - [2023-11-20T19:24:28.134+0000] {dagbag.py:536} INFO - Filling up the DagBag from /opt/airflow/dags/Projet.py
[2023-11-20T19:24:28.638+0000] {processor.py:839} INFO - DAG(s) dict_keys(['Projet1']) retrieved from /opt/airflow/dags/Projet.py
[2023-11-20T19:24:28.658+0000] {logging_mixin.py:151} INFO - [2023-11-20T19:24:28.657+0000] {dag.py:2941} INFO - Sync 1 DAGs
[2023-11-20T19:24:28.672+0000] {logging_mixin.py:151} INFO - [2023-11-20T19:24:28.671+0000] {dag.py:3722} INFO - Setting next_dagrun for Projet1 to None, run_after=None
[2023-11-20T19:24:28.692+0000] {processor.py:179} INFO - Processing /opt/airflow/dags/Projet.py took 0.566 seconds
[2023-11-20T19:25:10.066+0000] {processor.py:157} INFO - Started process (PID=517) to work on /opt/airflow/dags/Projet.py
[2023-11-20T19:25:10.083+0000] {processor.py:829} INFO - Processing file /opt/airflow/dags/Projet.py for tasks to queue
[2023-11-20T19:25:10.087+0000] {logging_mixin.py:151} INFO - [2023-11-20T19:25:10.086+0000] {dagbag.py:536} INFO - Filling up the DagBag from /opt/airflow/dags/Projet.py
[2023-11-20T19:25:21.767+0000] {processor.py:839} INFO - DAG(s) dict_keys(['Projet1']) retrieved from /opt/airflow/dags/Projet.py
[2023-11-20T19:25:21.837+0000] {logging_mixin.py:151} INFO - [2023-11-20T19:25:21.836+0000] {dag.py:2941} INFO - Sync 1 DAGs
[2023-11-20T19:25:21.860+0000] {logging_mixin.py:151} INFO - [2023-11-20T19:25:21.860+0000] {dag.py:3722} INFO - Setting next_dagrun for Projet1 to None, run_after=None
[2023-11-20T19:25:21.907+0000] {processor.py:179} INFO - Processing /opt/airflow/dags/Projet.py took 11.929 seconds
[2023-11-20T19:25:52.547+0000] {processor.py:157} INFO - Started process (PID=577) to work on /opt/airflow/dags/Projet.py
[2023-11-20T19:25:52.554+0000] {processor.py:829} INFO - Processing file /opt/airflow/dags/Projet.py for tasks to queue
[2023-11-20T19:25:52.558+0000] {logging_mixin.py:151} INFO - [2023-11-20T19:25:52.557+0000] {dagbag.py:536} INFO - Filling up the DagBag from /opt/airflow/dags/Projet.py
[2023-11-20T19:25:54.443+0000] {processor.py:839} INFO - DAG(s) dict_keys(['Projet1']) retrieved from /opt/airflow/dags/Projet.py
[2023-11-20T19:25:54.589+0000] {logging_mixin.py:151} INFO - [2023-11-20T19:25:54.588+0000] {dag.py:2941} INFO - Sync 1 DAGs
[2023-11-20T19:25:54.656+0000] {logging_mixin.py:151} INFO - [2023-11-20T19:25:54.656+0000] {dag.py:3722} INFO - Setting next_dagrun for Projet1 to None, run_after=None
[2023-11-20T19:25:54.720+0000] {processor.py:179} INFO - Processing /opt/airflow/dags/Projet.py took 2.189 seconds
[2023-11-20T19:26:25.011+0000] {processor.py:157} INFO - Started process (PID=638) to work on /opt/airflow/dags/Projet.py
[2023-11-20T19:26:25.016+0000] {processor.py:829} INFO - Processing file /opt/airflow/dags/Projet.py for tasks to queue
[2023-11-20T19:26:25.019+0000] {logging_mixin.py:151} INFO - [2023-11-20T19:26:25.018+0000] {dagbag.py:536} INFO - Filling up the DagBag from /opt/airflow/dags/Projet.py
[2023-11-20T19:26:27.520+0000] {processor.py:839} INFO - DAG(s) dict_keys(['Projet1']) retrieved from /opt/airflow/dags/Projet.py
[2023-11-20T19:26:27.619+0000] {logging_mixin.py:151} INFO - [2023-11-20T19:26:27.618+0000] {dag.py:2941} INFO - Sync 1 DAGs
[2023-11-20T19:26:27.645+0000] {logging_mixin.py:151} INFO - [2023-11-20T19:26:27.644+0000] {dag.py:3722} INFO - Setting next_dagrun for Projet1 to None, run_after=None
[2023-11-20T19:26:27.691+0000] {processor.py:179} INFO - Processing /opt/airflow/dags/Projet.py took 2.697 seconds
[2023-11-20T19:26:58.652+0000] {processor.py:157} INFO - Started process (PID=698) to work on /opt/airflow/dags/Projet.py
[2023-11-20T19:26:58.660+0000] {processor.py:829} INFO - Processing file /opt/airflow/dags/Projet.py for tasks to queue
[2023-11-20T19:26:58.662+0000] {logging_mixin.py:151} INFO - [2023-11-20T19:26:58.661+0000] {dagbag.py:536} INFO - Filling up the DagBag from /opt/airflow/dags/Projet.py
[2023-11-20T19:27:00.192+0000] {processor.py:839} INFO - DAG(s) dict_keys(['Projet1']) retrieved from /opt/airflow/dags/Projet.py
[2023-11-20T19:27:00.326+0000] {logging_mixin.py:151} INFO - [2023-11-20T19:27:00.324+0000] {dag.py:2941} INFO - Sync 1 DAGs
[2023-11-20T19:27:00.400+0000] {logging_mixin.py:151} INFO - [2023-11-20T19:27:00.399+0000] {dag.py:3722} INFO - Setting next_dagrun for Projet1 to None, run_after=None
[2023-11-20T19:27:00.569+0000] {processor.py:179} INFO - Processing /opt/airflow/dags/Projet.py took 1.943 seconds
[2023-11-20T19:27:31.490+0000] {processor.py:157} INFO - Started process (PID=758) to work on /opt/airflow/dags/Projet.py
[2023-11-20T19:27:31.515+0000] {processor.py:829} INFO - Processing file /opt/airflow/dags/Projet.py for tasks to queue
[2023-11-20T19:27:31.547+0000] {logging_mixin.py:151} INFO - [2023-11-20T19:27:31.523+0000] {dagbag.py:536} INFO - Filling up the DagBag from /opt/airflow/dags/Projet.py
[2023-11-20T19:27:34.171+0000] {processor.py:839} INFO - DAG(s) dict_keys(['Projet1']) retrieved from /opt/airflow/dags/Projet.py
[2023-11-20T19:27:34.311+0000] {logging_mixin.py:151} INFO - [2023-11-20T19:27:34.304+0000] {dag.py:2941} INFO - Sync 1 DAGs
[2023-11-20T19:27:34.429+0000] {logging_mixin.py:151} INFO - [2023-11-20T19:27:34.429+0000] {dag.py:3722} INFO - Setting next_dagrun for Projet1 to None, run_after=None
[2023-11-20T19:27:34.578+0000] {processor.py:179} INFO - Processing /opt/airflow/dags/Projet.py took 3.097 seconds
[2023-11-20T19:28:05.442+0000] {processor.py:157} INFO - Started process (PID=819) to work on /opt/airflow/dags/Projet.py
[2023-11-20T19:28:05.464+0000] {processor.py:829} INFO - Processing file /opt/airflow/dags/Projet.py for tasks to queue
[2023-11-20T19:28:05.471+0000] {logging_mixin.py:151} INFO - [2023-11-20T19:28:05.470+0000] {dagbag.py:536} INFO - Filling up the DagBag from /opt/airflow/dags/Projet.py
[2023-11-20T19:28:07.729+0000] {processor.py:839} INFO - DAG(s) dict_keys(['Projet1']) retrieved from /opt/airflow/dags/Projet.py
[2023-11-20T19:28:07.884+0000] {logging_mixin.py:151} INFO - [2023-11-20T19:28:07.882+0000] {dag.py:2941} INFO - Sync 1 DAGs
[2023-11-20T19:28:07.961+0000] {logging_mixin.py:151} INFO - [2023-11-20T19:28:07.960+0000] {dag.py:3722} INFO - Setting next_dagrun for Projet1 to None, run_after=None
[2023-11-20T19:28:08.037+0000] {processor.py:179} INFO - Processing /opt/airflow/dags/Projet.py took 2.618 seconds
[2023-11-20T19:28:38.615+0000] {processor.py:157} INFO - Started process (PID=879) to work on /opt/airflow/dags/Projet.py
[2023-11-20T19:28:38.623+0000] {processor.py:829} INFO - Processing file /opt/airflow/dags/Projet.py for tasks to queue
[2023-11-20T19:28:38.628+0000] {logging_mixin.py:151} INFO - [2023-11-20T19:28:38.627+0000] {dagbag.py:536} INFO - Filling up the DagBag from /opt/airflow/dags/Projet.py
[2023-11-20T19:28:40.325+0000] {processor.py:839} INFO - DAG(s) dict_keys(['Projet1']) retrieved from /opt/airflow/dags/Projet.py
[2023-11-20T19:28:40.378+0000] {logging_mixin.py:151} INFO - [2023-11-20T19:28:40.376+0000] {dag.py:2941} INFO - Sync 1 DAGs
[2023-11-20T19:28:40.400+0000] {logging_mixin.py:151} INFO - [2023-11-20T19:28:40.399+0000] {dag.py:3722} INFO - Setting next_dagrun for Projet1 to None, run_after=None
[2023-11-20T19:28:40.439+0000] {processor.py:179} INFO - Processing /opt/airflow/dags/Projet.py took 1.856 seconds
[2023-11-20T19:29:10.740+0000] {processor.py:157} INFO - Started process (PID=939) to work on /opt/airflow/dags/Projet.py
[2023-11-20T19:29:10.752+0000] {processor.py:829} INFO - Processing file /opt/airflow/dags/Projet.py for tasks to queue
[2023-11-20T19:29:10.764+0000] {logging_mixin.py:151} INFO - [2023-11-20T19:29:10.760+0000] {dagbag.py:536} INFO - Filling up the DagBag from /opt/airflow/dags/Projet.py
[2023-11-20T19:29:16.893+0000] {processor.py:839} INFO - DAG(s) dict_keys(['Projet1']) retrieved from /opt/airflow/dags/Projet.py
[2023-11-20T19:29:17.519+0000] {logging_mixin.py:151} INFO - [2023-11-20T19:29:17.516+0000] {dag.py:2941} INFO - Sync 1 DAGs
[2023-11-20T19:29:17.804+0000] {logging_mixin.py:151} INFO - [2023-11-20T19:29:17.803+0000] {dag.py:3722} INFO - Setting next_dagrun for Projet1 to None, run_after=None
[2023-11-20T19:29:18.083+0000] {processor.py:179} INFO - Processing /opt/airflow/dags/Projet.py took 7.420 seconds
[2023-11-20T19:29:33.118+0000] {processor.py:157} INFO - Started process (PID=999) to work on /opt/airflow/dags/Projet.py
[2023-11-20T19:29:33.135+0000] {processor.py:829} INFO - Processing file /opt/airflow/dags/Projet.py for tasks to queue
[2023-11-20T19:29:33.141+0000] {logging_mixin.py:151} INFO - [2023-11-20T19:29:33.139+0000] {dagbag.py:536} INFO - Filling up the DagBag from /opt/airflow/dags/Projet.py
[2023-11-20T19:29:35.131+0000] {processor.py:839} INFO - DAG(s) dict_keys(['Projet1']) retrieved from /opt/airflow/dags/Projet.py
[2023-11-20T19:29:35.408+0000] {logging_mixin.py:151} INFO - [2023-11-20T19:29:35.406+0000] {dag.py:2941} INFO - Sync 1 DAGs
[2023-11-20T19:29:35.452+0000] {logging_mixin.py:151} INFO - [2023-11-20T19:29:35.451+0000] {dag.py:3722} INFO - Setting next_dagrun for Projet1 to None, run_after=None
[2023-11-20T19:29:35.546+0000] {processor.py:179} INFO - Processing /opt/airflow/dags/Projet.py took 2.445 seconds
[2023-11-20T19:30:06.074+0000] {processor.py:157} INFO - Started process (PID=1060) to work on /opt/airflow/dags/Projet.py
[2023-11-20T19:30:06.076+0000] {processor.py:829} INFO - Processing file /opt/airflow/dags/Projet.py for tasks to queue
[2023-11-20T19:30:06.079+0000] {logging_mixin.py:151} INFO - [2023-11-20T19:30:06.078+0000] {dagbag.py:536} INFO - Filling up the DagBag from /opt/airflow/dags/Projet.py
[2023-11-20T19:30:07.205+0000] {processor.py:839} INFO - DAG(s) dict_keys(['Projet1']) retrieved from /opt/airflow/dags/Projet.py
[2023-11-20T19:30:07.252+0000] {logging_mixin.py:151} INFO - [2023-11-20T19:30:07.251+0000] {dag.py:2941} INFO - Sync 1 DAGs
[2023-11-20T19:30:07.304+0000] {logging_mixin.py:151} INFO - [2023-11-20T19:30:07.303+0000] {dag.py:3722} INFO - Setting next_dagrun for Projet1 to None, run_after=None
[2023-11-20T19:30:07.400+0000] {processor.py:179} INFO - Processing /opt/airflow/dags/Projet.py took 1.332 seconds
[2023-11-20T19:30:33.268+0000] {processor.py:157} INFO - Started process (PID=1118) to work on /opt/airflow/dags/Projet.py
[2023-11-20T19:30:33.273+0000] {processor.py:829} INFO - Processing file /opt/airflow/dags/Projet.py for tasks to queue
[2023-11-20T19:30:33.281+0000] {logging_mixin.py:151} INFO - [2023-11-20T19:30:33.279+0000] {dagbag.py:536} INFO - Filling up the DagBag from /opt/airflow/dags/Projet.py
[2023-11-20T19:30:35.161+0000] {processor.py:839} INFO - DAG(s) dict_keys(['Projet1']) retrieved from /opt/airflow/dags/Projet.py
[2023-11-20T19:30:35.304+0000] {logging_mixin.py:151} INFO - [2023-11-20T19:30:35.303+0000] {dag.py:2941} INFO - Sync 1 DAGs
[2023-11-20T19:30:35.425+0000] {logging_mixin.py:151} INFO - [2023-11-20T19:30:35.423+0000] {dag.py:3722} INFO - Setting next_dagrun for Projet1 to None, run_after=None
[2023-11-20T19:30:35.532+0000] {processor.py:179} INFO - Processing /opt/airflow/dags/Projet.py took 2.270 seconds
[2023-11-20T19:31:26.521+0000] {processor.py:157} INFO - Started process (PID=1185) to work on /opt/airflow/dags/Projet.py
[2023-11-20T19:31:26.526+0000] {processor.py:829} INFO - Processing file /opt/airflow/dags/Projet.py for tasks to queue
[2023-11-20T19:31:26.529+0000] {logging_mixin.py:151} INFO - [2023-11-20T19:31:26.528+0000] {dagbag.py:536} INFO - Filling up the DagBag from /opt/airflow/dags/Projet.py
[2023-11-20T19:31:36.063+0000] {processor.py:839} INFO - DAG(s) dict_keys(['Projet1']) retrieved from /opt/airflow/dags/Projet.py
[2023-11-20T19:31:36.552+0000] {logging_mixin.py:151} INFO - [2023-11-20T19:31:36.549+0000] {dag.py:2941} INFO - Sync 1 DAGs
[2023-11-20T19:31:36.635+0000] {logging_mixin.py:151} INFO - [2023-11-20T19:31:36.634+0000] {dag.py:3722} INFO - Setting next_dagrun for Projet1 to None, run_after=None
[2023-11-20T19:31:37.162+0000] {processor.py:179} INFO - Processing /opt/airflow/dags/Projet.py took 10.628 seconds
[2023-11-20T19:32:07.522+0000] {processor.py:157} INFO - Started process (PID=1249) to work on /opt/airflow/dags/Projet.py
[2023-11-20T19:32:07.535+0000] {processor.py:829} INFO - Processing file /opt/airflow/dags/Projet.py for tasks to queue
[2023-11-20T19:32:07.694+0000] {logging_mixin.py:151} INFO - [2023-11-20T19:32:07.692+0000] {dagbag.py:536} INFO - Filling up the DagBag from /opt/airflow/dags/Projet.py
[2023-11-20T19:32:43.479+0000] {logging_mixin.py:151} INFO - [2023-11-20T19:32:43.465+0000] {timeout.py:68} ERROR - Process timed out, PID: 1249
[2023-11-20T19:32:43.485+0000] {logging_mixin.py:151} WARNING - Exception ignored in: <function WeakKeyDictionary.__init__.<locals>.remove at 0x7f91f46384c0>
[2023-11-20T19:32:43.491+0000] {logging_mixin.py:151} WARNING - Traceback (most recent call last):
[2023-11-20T19:32:43.493+0000] {logging_mixin.py:151} WARNING -   File "/usr/local/lib/python3.8/weakref.py", line 345, in remove
[2023-11-20T19:32:43.496+0000] {logging_mixin.py:151} WARNING -     def remove(k, selfref=ref(self)):
[2023-11-20T19:32:43.498+0000] {logging_mixin.py:151} WARNING -   File "/home/airflow/.local/lib/python3.8/site-packages/airflow/utils/timeout.py", line 69, in handle_timeout
[2023-11-20T19:32:43.499+0000] {logging_mixin.py:151} WARNING -     raise AirflowTaskTimeout(self.error_message)
[2023-11-20T19:32:43.501+0000] {logging_mixin.py:151} WARNING - airflow.exceptions.AirflowTaskTimeout: DagBag import timeout for /opt/airflow/dags/Projet.py after 30.0s.
Please take a look at these docs to improve your DAG import time:
* https://airflow.apache.org/docs/apache-airflow/2.7.2/best-practices.html#top-level-python-code
* https://airflow.apache.org/docs/apache-airflow/2.7.2/best-practices.html#reducing-dag-complexity, PID: 1249
[2023-11-20T19:33:37.598+0000] {processor.py:157} INFO - Started process (PID=1323) to work on /opt/airflow/dags/Projet.py
[2023-11-20T19:33:37.607+0000] {processor.py:829} INFO - Processing file /opt/airflow/dags/Projet.py for tasks to queue
[2023-11-20T19:33:37.615+0000] {logging_mixin.py:151} INFO - [2023-11-20T19:33:37.614+0000] {dagbag.py:536} INFO - Filling up the DagBag from /opt/airflow/dags/Projet.py
[2023-11-20T19:33:41.313+0000] {processor.py:839} INFO - DAG(s) dict_keys(['Projet1']) retrieved from /opt/airflow/dags/Projet.py
[2023-11-20T19:33:41.608+0000] {logging_mixin.py:151} INFO - [2023-11-20T19:33:41.607+0000] {dag.py:2941} INFO - Sync 1 DAGs
[2023-11-20T19:33:41.640+0000] {logging_mixin.py:151} INFO - [2023-11-20T19:33:41.640+0000] {dag.py:3722} INFO - Setting next_dagrun for Projet1 to None, run_after=None
[2023-11-20T19:33:41.699+0000] {processor.py:179} INFO - Processing /opt/airflow/dags/Projet.py took 4.119 seconds
[2023-11-20T19:34:11.825+0000] {processor.py:157} INFO - Started process (PID=1383) to work on /opt/airflow/dags/Projet.py
[2023-11-20T19:34:11.829+0000] {processor.py:829} INFO - Processing file /opt/airflow/dags/Projet.py for tasks to queue
[2023-11-20T19:34:11.831+0000] {logging_mixin.py:151} INFO - [2023-11-20T19:34:11.830+0000] {dagbag.py:536} INFO - Filling up the DagBag from /opt/airflow/dags/Projet.py
[2023-11-20T19:34:15.534+0000] {processor.py:839} INFO - DAG(s) dict_keys(['Projet1']) retrieved from /opt/airflow/dags/Projet.py
[2023-11-20T19:34:15.608+0000] {logging_mixin.py:151} INFO - [2023-11-20T19:34:15.605+0000] {dag.py:2941} INFO - Sync 1 DAGs
[2023-11-20T19:34:15.666+0000] {logging_mixin.py:151} INFO - [2023-11-20T19:34:15.665+0000] {dag.py:3722} INFO - Setting next_dagrun for Projet1 to None, run_after=None
[2023-11-20T19:34:15.748+0000] {processor.py:179} INFO - Processing /opt/airflow/dags/Projet.py took 3.928 seconds
[2023-11-20T19:34:51.635+0000] {processor.py:157} INFO - Started process (PID=1430) to work on /opt/airflow/dags/Projet.py
[2023-11-20T19:34:51.637+0000] {processor.py:829} INFO - Processing file /opt/airflow/dags/Projet.py for tasks to queue
[2023-11-20T19:34:51.639+0000] {logging_mixin.py:151} INFO - [2023-11-20T19:34:51.638+0000] {dagbag.py:536} INFO - Filling up the DagBag from /opt/airflow/dags/Projet.py
[2023-11-20T19:34:53.372+0000] {processor.py:839} INFO - DAG(s) dict_keys(['Projet1']) retrieved from /opt/airflow/dags/Projet.py
[2023-11-20T19:34:53.457+0000] {logging_mixin.py:151} INFO - [2023-11-20T19:34:53.456+0000] {dag.py:2941} INFO - Sync 1 DAGs
[2023-11-20T19:34:53.493+0000] {logging_mixin.py:151} INFO - [2023-11-20T19:34:53.493+0000] {dag.py:3722} INFO - Setting next_dagrun for Projet1 to None, run_after=None
[2023-11-20T19:34:53.557+0000] {processor.py:179} INFO - Processing /opt/airflow/dags/Projet.py took 1.931 seconds
[2023-11-20T19:35:32.552+0000] {processor.py:157} INFO - Started process (PID=1493) to work on /opt/airflow/dags/Projet.py
[2023-11-20T19:35:32.556+0000] {processor.py:829} INFO - Processing file /opt/airflow/dags/Projet.py for tasks to queue
[2023-11-20T19:35:32.560+0000] {logging_mixin.py:151} INFO - [2023-11-20T19:35:32.559+0000] {dagbag.py:536} INFO - Filling up the DagBag from /opt/airflow/dags/Projet.py
[2023-11-20T19:35:36.307+0000] {processor.py:839} INFO - DAG(s) dict_keys(['Projet1']) retrieved from /opt/airflow/dags/Projet.py
[2023-11-20T19:35:36.387+0000] {logging_mixin.py:151} INFO - [2023-11-20T19:35:36.381+0000] {dag.py:2941} INFO - Sync 1 DAGs
[2023-11-20T19:35:36.442+0000] {logging_mixin.py:151} INFO - [2023-11-20T19:35:36.441+0000] {dag.py:3722} INFO - Setting next_dagrun for Projet1 to None, run_after=None
[2023-11-20T19:35:36.529+0000] {processor.py:179} INFO - Processing /opt/airflow/dags/Projet.py took 3.988 seconds
[2023-11-20T19:36:07.631+0000] {processor.py:157} INFO - Started process (PID=1555) to work on /opt/airflow/dags/Projet.py
[2023-11-20T19:36:07.633+0000] {processor.py:829} INFO - Processing file /opt/airflow/dags/Projet.py for tasks to queue
[2023-11-20T19:36:07.635+0000] {logging_mixin.py:151} INFO - [2023-11-20T19:36:07.634+0000] {dagbag.py:536} INFO - Filling up the DagBag from /opt/airflow/dags/Projet.py
[2023-11-20T19:36:10.399+0000] {processor.py:839} INFO - DAG(s) dict_keys(['Projet1']) retrieved from /opt/airflow/dags/Projet.py
[2023-11-20T19:36:10.440+0000] {logging_mixin.py:151} INFO - [2023-11-20T19:36:10.439+0000] {dag.py:2941} INFO - Sync 1 DAGs
[2023-11-20T19:36:10.466+0000] {logging_mixin.py:151} INFO - [2023-11-20T19:36:10.465+0000] {dag.py:3722} INFO - Setting next_dagrun for Projet1 to None, run_after=None
[2023-11-20T19:36:10.498+0000] {processor.py:179} INFO - Processing /opt/airflow/dags/Projet.py took 2.873 seconds
[2023-11-20T19:36:41.307+0000] {processor.py:157} INFO - Started process (PID=1616) to work on /opt/airflow/dags/Projet.py
[2023-11-20T19:36:41.310+0000] {processor.py:829} INFO - Processing file /opt/airflow/dags/Projet.py for tasks to queue
[2023-11-20T19:36:41.312+0000] {logging_mixin.py:151} INFO - [2023-11-20T19:36:41.312+0000] {dagbag.py:536} INFO - Filling up the DagBag from /opt/airflow/dags/Projet.py
[2023-11-20T19:36:42.471+0000] {processor.py:839} INFO - DAG(s) dict_keys(['Projet1']) retrieved from /opt/airflow/dags/Projet.py
[2023-11-20T19:36:42.502+0000] {logging_mixin.py:151} INFO - [2023-11-20T19:36:42.501+0000] {dag.py:2941} INFO - Sync 1 DAGs
[2023-11-20T19:36:42.519+0000] {logging_mixin.py:151} INFO - [2023-11-20T19:36:42.519+0000] {dag.py:3722} INFO - Setting next_dagrun for Projet1 to None, run_after=None
[2023-11-20T19:36:42.566+0000] {processor.py:179} INFO - Processing /opt/airflow/dags/Projet.py took 1.272 seconds
[2023-11-20T19:37:16.719+0000] {processor.py:157} INFO - Started process (PID=1678) to work on /opt/airflow/dags/Projet.py
[2023-11-20T19:37:16.722+0000] {processor.py:829} INFO - Processing file /opt/airflow/dags/Projet.py for tasks to queue
[2023-11-20T19:37:16.725+0000] {logging_mixin.py:151} INFO - [2023-11-20T19:37:16.724+0000] {dagbag.py:536} INFO - Filling up the DagBag from /opt/airflow/dags/Projet.py
[2023-11-20T19:37:23.580+0000] {processor.py:839} INFO - DAG(s) dict_keys(['Projet1']) retrieved from /opt/airflow/dags/Projet.py
[2023-11-20T19:37:23.860+0000] {logging_mixin.py:151} INFO - [2023-11-20T19:37:23.855+0000] {dag.py:2941} INFO - Sync 1 DAGs
[2023-11-20T19:37:24.047+0000] {logging_mixin.py:151} INFO - [2023-11-20T19:37:24.046+0000] {dag.py:3722} INFO - Setting next_dagrun for Projet1 to None, run_after=None
[2023-11-20T19:37:24.453+0000] {processor.py:179} INFO - Processing /opt/airflow/dags/Projet.py took 7.751 seconds
[2023-11-20T19:37:54.890+0000] {processor.py:157} INFO - Started process (PID=1736) to work on /opt/airflow/dags/Projet.py
[2023-11-20T19:37:54.909+0000] {processor.py:829} INFO - Processing file /opt/airflow/dags/Projet.py for tasks to queue
[2023-11-20T19:37:54.915+0000] {logging_mixin.py:151} INFO - [2023-11-20T19:37:54.912+0000] {dagbag.py:536} INFO - Filling up the DagBag from /opt/airflow/dags/Projet.py
[2023-11-20T19:38:04.750+0000] {processor.py:839} INFO - DAG(s) dict_keys(['Projet1']) retrieved from /opt/airflow/dags/Projet.py
[2023-11-20T19:38:04.810+0000] {logging_mixin.py:151} INFO - [2023-11-20T19:38:04.809+0000] {dag.py:2941} INFO - Sync 1 DAGs
[2023-11-20T19:38:04.834+0000] {logging_mixin.py:151} INFO - [2023-11-20T19:38:04.834+0000] {dag.py:3722} INFO - Setting next_dagrun for Projet1 to None, run_after=None
[2023-11-20T19:38:04.979+0000] {processor.py:179} INFO - Processing /opt/airflow/dags/Projet.py took 10.153 seconds
[2023-11-20T19:38:35.270+0000] {processor.py:157} INFO - Started process (PID=1796) to work on /opt/airflow/dags/Projet.py
[2023-11-20T19:38:35.276+0000] {processor.py:829} INFO - Processing file /opt/airflow/dags/Projet.py for tasks to queue
[2023-11-20T19:38:35.283+0000] {logging_mixin.py:151} INFO - [2023-11-20T19:38:35.281+0000] {dagbag.py:536} INFO - Filling up the DagBag from /opt/airflow/dags/Projet.py
[2023-11-20T19:38:38.140+0000] {processor.py:839} INFO - DAG(s) dict_keys(['Projet1']) retrieved from /opt/airflow/dags/Projet.py
[2023-11-20T19:38:38.254+0000] {logging_mixin.py:151} INFO - [2023-11-20T19:38:38.251+0000] {dag.py:2941} INFO - Sync 1 DAGs
[2023-11-20T19:38:38.318+0000] {logging_mixin.py:151} INFO - [2023-11-20T19:38:38.316+0000] {dag.py:3722} INFO - Setting next_dagrun for Projet1 to None, run_after=None
[2023-11-20T19:38:38.396+0000] {processor.py:179} INFO - Processing /opt/airflow/dags/Projet.py took 3.181 seconds
[2023-11-20T19:39:08.747+0000] {processor.py:157} INFO - Started process (PID=1856) to work on /opt/airflow/dags/Projet.py
[2023-11-20T19:39:08.765+0000] {processor.py:829} INFO - Processing file /opt/airflow/dags/Projet.py for tasks to queue
[2023-11-20T19:39:08.777+0000] {logging_mixin.py:151} INFO - [2023-11-20T19:39:08.775+0000] {dagbag.py:536} INFO - Filling up the DagBag from /opt/airflow/dags/Projet.py
[2023-11-20T19:39:15.203+0000] {processor.py:839} INFO - DAG(s) dict_keys(['Projet1']) retrieved from /opt/airflow/dags/Projet.py
[2023-11-20T19:39:15.371+0000] {logging_mixin.py:151} INFO - [2023-11-20T19:39:15.369+0000] {dag.py:2941} INFO - Sync 1 DAGs
[2023-11-20T19:39:15.484+0000] {logging_mixin.py:151} INFO - [2023-11-20T19:39:15.483+0000] {dag.py:3722} INFO - Setting next_dagrun for Projet1 to None, run_after=None
[2023-11-20T19:39:15.606+0000] {processor.py:179} INFO - Processing /opt/airflow/dags/Projet.py took 6.885 seconds
[2023-11-20T19:39:46.356+0000] {processor.py:157} INFO - Started process (PID=1916) to work on /opt/airflow/dags/Projet.py
[2023-11-20T19:39:46.362+0000] {processor.py:829} INFO - Processing file /opt/airflow/dags/Projet.py for tasks to queue
[2023-11-20T19:39:46.367+0000] {logging_mixin.py:151} INFO - [2023-11-20T19:39:46.366+0000] {dagbag.py:536} INFO - Filling up the DagBag from /opt/airflow/dags/Projet.py
[2023-11-20T19:39:50.800+0000] {processor.py:839} INFO - DAG(s) dict_keys(['Projet1']) retrieved from /opt/airflow/dags/Projet.py
[2023-11-20T19:39:51.014+0000] {logging_mixin.py:151} INFO - [2023-11-20T19:39:51.010+0000] {dag.py:2941} INFO - Sync 1 DAGs
[2023-11-20T19:39:51.090+0000] {logging_mixin.py:151} INFO - [2023-11-20T19:39:51.090+0000] {dag.py:3722} INFO - Setting next_dagrun for Projet1 to None, run_after=None
[2023-11-20T19:39:51.133+0000] {processor.py:179} INFO - Processing /opt/airflow/dags/Projet.py took 4.806 seconds
[2023-11-20T19:40:22.365+0000] {processor.py:157} INFO - Started process (PID=1982) to work on /opt/airflow/dags/Projet.py
[2023-11-20T19:40:22.374+0000] {processor.py:829} INFO - Processing file /opt/airflow/dags/Projet.py for tasks to queue
[2023-11-20T19:40:22.386+0000] {logging_mixin.py:151} INFO - [2023-11-20T19:40:22.380+0000] {dagbag.py:536} INFO - Filling up the DagBag from /opt/airflow/dags/Projet.py
[2023-11-20T19:40:24.797+0000] {processor.py:839} INFO - DAG(s) dict_keys(['Projet1']) retrieved from /opt/airflow/dags/Projet.py
[2023-11-20T19:40:24.850+0000] {logging_mixin.py:151} INFO - [2023-11-20T19:40:24.849+0000] {dag.py:2941} INFO - Sync 1 DAGs
[2023-11-20T19:40:24.886+0000] {logging_mixin.py:151} INFO - [2023-11-20T19:40:24.886+0000] {dag.py:3722} INFO - Setting next_dagrun for Projet1 to None, run_after=None
[2023-11-20T19:40:24.936+0000] {processor.py:179} INFO - Processing /opt/airflow/dags/Projet.py took 2.587 seconds
