[2023-11-15T17:59:19.336+0000] {taskinstance.py:1159} INFO - Dependencies all met for dep_context=non-requeueable deps ti=<TaskInstance: Projet1.Extract manual__2023-11-15T17:59:17.410168+00:00 [queued]>
[2023-11-15T17:59:19.346+0000] {taskinstance.py:1159} INFO - Dependencies all met for dep_context=requeueable deps ti=<TaskInstance: Projet1.Extract manual__2023-11-15T17:59:17.410168+00:00 [queued]>
[2023-11-15T17:59:19.346+0000] {taskinstance.py:1361} INFO - Starting attempt 1 of 1
[2023-11-15T17:59:19.363+0000] {taskinstance.py:1382} INFO - Executing <Task(PythonOperator): Extract> on 2023-11-15 17:59:17.410168+00:00
[2023-11-15T17:59:19.370+0000] {standard_task_runner.py:57} INFO - Started process 55248 to run task
[2023-11-15T17:59:19.373+0000] {standard_task_runner.py:84} INFO - Running: ['***', 'tasks', 'run', 'Projet1', 'Extract', 'manual__2023-11-15T17:59:17.410168+00:00', '--job-id', '207', '--raw', '--subdir', 'DAGS_FOLDER/Projet.py', '--cfg-path', '/tmp/tmpy72pvuip']
[2023-11-15T17:59:19.375+0000] {standard_task_runner.py:85} INFO - Job 207: Subtask Extract
[2023-11-15T17:59:19.432+0000] {task_command.py:416} INFO - Running <TaskInstance: Projet1.Extract manual__2023-11-15T17:59:17.410168+00:00 [running]> on host fb26c01043df
[2023-11-15T17:59:19.525+0000] {taskinstance.py:1662} INFO - Exporting env vars: AIRFLOW_CTX_DAG_OWNER='***' AIRFLOW_CTX_DAG_ID='Projet1' AIRFLOW_CTX_TASK_ID='Extract' AIRFLOW_CTX_EXECUTION_DATE='2023-11-15T17:59:17.410168+00:00' AIRFLOW_CTX_TRY_NUMBER='1' AIRFLOW_CTX_DAG_RUN_ID='manual__2023-11-15T17:59:17.410168+00:00'
[2023-11-15T17:59:19.823+0000] {warnings.py:109} WARNING - /opt/***/dags/Projet.py:15: DtypeWarning: Columns (0) have mixed types. Specify dtype option on import or set low_memory=False.
  df_urgences = pd.read_csv(csv_file_path_urgences,  delimiter=';' )

[2023-11-15T17:59:20.963+0000] {logging_mixin.py:151} INFO -           dep date_de_passage  ...  nbre_acte_tot_h  nbre_acte_tot_f
0         1.0      2022-12-26  ...              0.0              0.0
1         1.0      2022-12-26  ...              0.0              0.0
2         1.0      2022-12-26  ...              0.0              0.0
3         1.0      2022-12-26  ...              0.0              0.0
4         1.0      2022-12-26  ...              0.0              0.0
...       ...             ...  ...              ...              ...
214216  976.0      2023-10-24  ...              0.0              0.0
214217  976.0      2023-10-24  ...              0.0              0.0
214218  976.0      2023-10-24  ...              0.0              0.0
214219  976.0      2023-10-24  ...              0.0              0.0
214220  976.0      2023-10-24  ...              0.0              0.0

[214221 rows x 18 columns]
[2023-11-15T17:59:21.126+0000] {logging_mixin.py:151} INFO - jawek semeh
[2023-11-15T17:59:21.129+0000] {python.py:194} INFO - Done. Returned value was: None
[2023-11-15T17:59:21.140+0000] {taskinstance.py:1400} INFO - Marking task as SUCCESS. dag_id=Projet1, task_id=Extract, execution_date=20231115T175917, start_date=20231115T175919, end_date=20231115T175921
[2023-11-15T17:59:21.197+0000] {local_task_job_runner.py:228} INFO - Task exited with return code 0
[2023-11-15T17:59:21.225+0000] {taskinstance.py:2778} INFO - 1 downstream tasks scheduled from follow-on schedule check
