[2023-11-08T11:27:55.487+0000] {taskinstance.py:1159} INFO - Dependencies all met for dep_context=non-requeueable deps ti=<TaskInstance: FirstDag.templated manual__2023-11-08T11:27:39.753246+00:00 [queued]>
[2023-11-08T11:27:55.505+0000] {taskinstance.py:1159} INFO - Dependencies all met for dep_context=requeueable deps ti=<TaskInstance: FirstDag.templated manual__2023-11-08T11:27:39.753246+00:00 [queued]>
[2023-11-08T11:27:55.507+0000] {taskinstance.py:1361} INFO - Starting attempt 1 of 2
[2023-11-08T11:27:55.537+0000] {taskinstance.py:1382} INFO - Executing <Task(BashOperator): templated> on 2023-11-08 11:27:39.753246+00:00
[2023-11-08T11:27:55.561+0000] {standard_task_runner.py:57} INFO - Started process 127 to run task
[2023-11-08T11:27:55.566+0000] {standard_task_runner.py:84} INFO - Running: ['***', 'tasks', 'run', 'FirstDag', 'templated', 'manual__2023-11-08T11:27:39.753246+00:00', '--job-id', '11', '--raw', '--subdir', 'DAGS_FOLDER/test/dag_sample.py', '--cfg-path', '/tmp/tmp4mnbkenc']
[2023-11-08T11:27:55.572+0000] {standard_task_runner.py:85} INFO - Job 11: Subtask templated
[2023-11-08T11:27:55.685+0000] {task_command.py:416} INFO - Running <TaskInstance: FirstDag.templated manual__2023-11-08T11:27:39.753246+00:00 [running]> on host 804f32b99ebb
[2023-11-08T11:27:55.852+0000] {taskinstance.py:1662} INFO - Exporting env vars: AIRFLOW_CTX_DAG_EMAIL='***@example.com' AIRFLOW_CTX_DAG_OWNER='***' AIRFLOW_CTX_DAG_ID='FirstDag' AIRFLOW_CTX_TASK_ID='templated' AIRFLOW_CTX_EXECUTION_DATE='2023-11-08T11:27:39.753246+00:00' AIRFLOW_CTX_TRY_NUMBER='1' AIRFLOW_CTX_DAG_RUN_ID='manual__2023-11-08T11:27:39.753246+00:00'
[2023-11-08T11:27:55.856+0000] {subprocess.py:63} INFO - Tmp dir root location: /tmp
[2023-11-08T11:27:55.858+0000] {subprocess.py:75} INFO - Running command: ['/bin/bash', '-c', '\n\n    echo "2023-11-08"\n    echo "2023-11-15"\n    echo "Parameter I passed in"\n\n    echo "2023-11-08"\n    echo "2023-11-15"\n    echo "Parameter I passed in"\n\n    echo "2023-11-08"\n    echo "2023-11-15"\n    echo "Parameter I passed in"\n\n    echo "2023-11-08"\n    echo "2023-11-15"\n    echo "Parameter I passed in"\n\n    echo "2023-11-08"\n    echo "2023-11-15"\n    echo "Parameter I passed in"\n']
[2023-11-08T11:27:55.889+0000] {subprocess.py:86} INFO - Output:
[2023-11-08T11:27:55.894+0000] {subprocess.py:93} INFO - 2023-11-08
[2023-11-08T11:27:55.896+0000] {subprocess.py:93} INFO - 2023-11-15
[2023-11-08T11:27:55.900+0000] {subprocess.py:93} INFO - Parameter I passed in
[2023-11-08T11:27:55.901+0000] {subprocess.py:93} INFO - 2023-11-08
[2023-11-08T11:27:55.902+0000] {subprocess.py:93} INFO - 2023-11-15
[2023-11-08T11:27:55.902+0000] {subprocess.py:93} INFO - Parameter I passed in
[2023-11-08T11:27:55.903+0000] {subprocess.py:93} INFO - 2023-11-08
[2023-11-08T11:27:55.904+0000] {subprocess.py:93} INFO - 2023-11-15
[2023-11-08T11:27:55.905+0000] {subprocess.py:93} INFO - Parameter I passed in
[2023-11-08T11:27:55.905+0000] {subprocess.py:93} INFO - 2023-11-08
[2023-11-08T11:27:55.906+0000] {subprocess.py:93} INFO - 2023-11-15
[2023-11-08T11:27:55.906+0000] {subprocess.py:93} INFO - Parameter I passed in
[2023-11-08T11:27:55.907+0000] {subprocess.py:93} INFO - 2023-11-08
[2023-11-08T11:27:55.907+0000] {subprocess.py:93} INFO - 2023-11-15
[2023-11-08T11:27:55.908+0000] {subprocess.py:93} INFO - Parameter I passed in
[2023-11-08T11:27:55.909+0000] {subprocess.py:97} INFO - Command exited with return code 0
[2023-11-08T11:27:55.969+0000] {taskinstance.py:1400} INFO - Marking task as SUCCESS. dag_id=FirstDag, task_id=templated, execution_date=20231108T112739, start_date=20231108T112755, end_date=20231108T112755
[2023-11-08T11:27:56.028+0000] {local_task_job_runner.py:228} INFO - Task exited with return code 0
[2023-11-08T11:27:56.056+0000] {taskinstance.py:2778} INFO - 0 downstream tasks scheduled from follow-on schedule check
