[2023-11-12T22:22:45.076+0000] {taskinstance.py:1159} INFO - Dependencies all met for dep_context=non-requeueable deps ti=<TaskInstance: Projet1.Extract manual__2023-11-12T22:22:42.831143+00:00 [queued]>
[2023-11-12T22:22:45.085+0000] {taskinstance.py:1159} INFO - Dependencies all met for dep_context=requeueable deps ti=<TaskInstance: Projet1.Extract manual__2023-11-12T22:22:42.831143+00:00 [queued]>
[2023-11-12T22:22:45.085+0000] {taskinstance.py:1361} INFO - Starting attempt 1 of 1
[2023-11-12T22:22:45.098+0000] {taskinstance.py:1382} INFO - Executing <Task(PythonOperator): Extract> on 2023-11-12 22:22:42.831143+00:00
[2023-11-12T22:22:45.112+0000] {standard_task_runner.py:57} INFO - Started process 34201 to run task
[2023-11-12T22:22:45.116+0000] {standard_task_runner.py:84} INFO - Running: ['***', 'tasks', 'run', 'Projet1', 'Extract', 'manual__2023-11-12T22:22:42.831143+00:00', '--job-id', '170', '--raw', '--subdir', 'DAGS_FOLDER/Projet.py', '--cfg-path', '/tmp/tmpoowibcij']
[2023-11-12T22:22:45.118+0000] {standard_task_runner.py:85} INFO - Job 170: Subtask Extract
[2023-11-12T22:22:45.175+0000] {task_command.py:416} INFO - Running <TaskInstance: Projet1.Extract manual__2023-11-12T22:22:42.831143+00:00 [running]> on host fb26c01043df
[2023-11-12T22:22:45.296+0000] {taskinstance.py:1662} INFO - Exporting env vars: AIRFLOW_CTX_DAG_OWNER='***' AIRFLOW_CTX_DAG_ID='Projet1' AIRFLOW_CTX_TASK_ID='Extract' AIRFLOW_CTX_EXECUTION_DATE='2023-11-12T22:22:42.831143+00:00' AIRFLOW_CTX_TRY_NUMBER='1' AIRFLOW_CTX_DAG_RUN_ID='manual__2023-11-12T22:22:42.831143+00:00'
[2023-11-12T22:22:45.495+0000] {logging_mixin.py:151} INFO -   Code tranches d'age;Age
0            0; tous âges
1               1;0-4 ans
2              2;5-14 ans
3             3;15-44 ans
4             4;45-64 ans
5             5;65-74 ans
6        6;75 ans ou plus
[2023-11-12T22:22:45.502+0000] {python.py:194} INFO - Done. Returned value was: None
[2023-11-12T22:22:45.526+0000] {taskinstance.py:1400} INFO - Marking task as SUCCESS. dag_id=Projet1, task_id=Extract, execution_date=20231112T222242, start_date=20231112T222245, end_date=20231112T222245
[2023-11-12T22:22:45.571+0000] {local_task_job_runner.py:228} INFO - Task exited with return code 0
[2023-11-12T22:22:45.596+0000] {taskinstance.py:2778} INFO - 1 downstream tasks scheduled from follow-on schedule check
