[2023-11-15T16:30:19.243+0000] {taskinstance.py:1159} INFO - Dependencies all met for dep_context=non-requeueable deps ti=<TaskInstance: Projet1.create_table manual__2023-11-15T16:30:12.674287+00:00 [queued]>
[2023-11-15T16:30:19.252+0000] {taskinstance.py:1159} INFO - Dependencies all met for dep_context=requeueable deps ti=<TaskInstance: Projet1.create_table manual__2023-11-15T16:30:12.674287+00:00 [queued]>
[2023-11-15T16:30:19.253+0000] {taskinstance.py:1361} INFO - Starting attempt 1 of 1
[2023-11-15T16:30:19.266+0000] {taskinstance.py:1382} INFO - Executing <Task(PostgresOperator): create_table> on 2023-11-15 16:30:12.674287+00:00
[2023-11-15T16:30:19.272+0000] {standard_task_runner.py:57} INFO - Started process 53862 to run task
[2023-11-15T16:30:19.275+0000] {standard_task_runner.py:84} INFO - Running: ['***', 'tasks', 'run', 'Projet1', 'create_table', 'manual__2023-11-15T16:30:12.674287+00:00', '--job-id', '184', '--raw', '--subdir', 'DAGS_FOLDER/Projet.py', '--cfg-path', '/tmp/tmp4j4y_l2g']
[2023-11-15T16:30:19.277+0000] {standard_task_runner.py:85} INFO - Job 184: Subtask create_table
[2023-11-15T16:30:19.328+0000] {task_command.py:416} INFO - Running <TaskInstance: Projet1.create_table manual__2023-11-15T16:30:12.674287+00:00 [running]> on host fb26c01043df
[2023-11-15T16:30:19.415+0000] {taskinstance.py:1662} INFO - Exporting env vars: AIRFLOW_CTX_DAG_OWNER='***' AIRFLOW_CTX_DAG_ID='Projet1' AIRFLOW_CTX_TASK_ID='create_table' AIRFLOW_CTX_EXECUTION_DATE='2023-11-15T16:30:12.674287+00:00' AIRFLOW_CTX_TRY_NUMBER='1' AIRFLOW_CTX_DAG_RUN_ID='manual__2023-11-15T16:30:12.674287+00:00'
[2023-11-15T16:30:19.418+0000] {sql.py:274} INFO - Executing: CREATE TABLE IF NOT EXISTS prix(
      code_commune VARCHAR(10),
      prix_moyen FLOAT
    );

Select *
From analyse_prix
[2023-11-15T16:30:19.429+0000] {base.py:73} INFO - Using connection ID 'postgres_connexion' for task execution.
[2023-11-15T16:30:19.437+0000] {base.py:73} INFO - Using connection ID 'postgres_connexion' for task execution.
[2023-11-15T16:30:19.450+0000] {sql.py:418} INFO - Running statement: CREATE TABLE IF NOT EXISTS prix(
      code_commune VARCHAR(10),
      prix_moyen FLOAT
    );

Select *
From analyse_prix, parameters: None
[2023-11-15T16:30:19.453+0000] {sql.py:427} INFO - Rows affected: 0
[2023-11-15T16:30:19.476+0000] {taskinstance.py:1400} INFO - Marking task as SUCCESS. dag_id=Projet1, task_id=create_table, execution_date=20231115T163012, start_date=20231115T163019, end_date=20231115T163019
[2023-11-15T16:30:19.529+0000] {local_task_job_runner.py:228} INFO - Task exited with return code 0
[2023-11-15T16:30:19.557+0000] {taskinstance.py:2778} INFO - 0 downstream tasks scheduled from follow-on schedule check
