[2023-11-23T13:36:49.580+0000] {taskinstance.py:1159} INFO - Dependencies all met for dep_context=non-requeueable deps ti=<TaskInstance: Projet1.Extract manual__2023-11-23T13:36:43.815870+00:00 [queued]>
[2023-11-23T13:36:49.591+0000] {taskinstance.py:1159} INFO - Dependencies all met for dep_context=requeueable deps ti=<TaskInstance: Projet1.Extract manual__2023-11-23T13:36:43.815870+00:00 [queued]>
[2023-11-23T13:36:49.591+0000] {taskinstance.py:1361} INFO - Starting attempt 1 of 1
[2023-11-23T13:36:49.606+0000] {taskinstance.py:1382} INFO - Executing <Task(PythonOperator): Extract> on 2023-11-23 13:36:43.815870+00:00
[2023-11-23T13:36:49.612+0000] {standard_task_runner.py:57} INFO - Started process 3037 to run task
[2023-11-23T13:36:49.617+0000] {standard_task_runner.py:84} INFO - Running: ['***', 'tasks', 'run', 'Projet1', 'Extract', 'manual__2023-11-23T13:36:43.815870+00:00', '--job-id', '570', '--raw', '--subdir', 'DAGS_FOLDER/Projet.py', '--cfg-path', '/tmp/tmpchh0kve8']
[2023-11-23T13:36:49.618+0000] {standard_task_runner.py:85} INFO - Job 570: Subtask Extract
[2023-11-23T13:36:49.669+0000] {task_command.py:416} INFO - Running <TaskInstance: Projet1.Extract manual__2023-11-23T13:36:43.815870+00:00 [running]> on host b36ebcee5948
[2023-11-23T13:36:49.755+0000] {taskinstance.py:1662} INFO - Exporting env vars: AIRFLOW_CTX_DAG_OWNER='***' AIRFLOW_CTX_DAG_ID='Projet1' AIRFLOW_CTX_TASK_ID='Extract' AIRFLOW_CTX_EXECUTION_DATE='2023-11-23T13:36:43.815870+00:00' AIRFLOW_CTX_TRY_NUMBER='1' AIRFLOW_CTX_DAG_RUN_ID='manual__2023-11-23T13:36:43.815870+00:00'
[2023-11-23T13:36:50.170+0000] {warnings.py:109} WARNING - /opt/***/dags/Projet.py:17: DtypeWarning: Columns (0) have mixed types. Specify dtype option on import or set low_memory=False.
  df_urgences = pd.read_csv(csv_file_path_urgences,  delimiter=';' )

[2023-11-23T13:36:51.445+0000] {logging_mixin.py:151} INFO - 102
[2023-11-23T13:36:51.448+0000] {logging_mixin.py:151} INFO - 100
[2023-11-23T13:36:51.459+0000] {logging_mixin.py:151} INFO -    Code tranches d'age             Age
0                    0       tous âges
1                    1         0-4 ans
2                    2        5-14 ans
3                    3       15-44 ans
4                    4       45-64 ans
5                    5       65-74 ans
6                    6  75 ans ou plus
[2023-11-23T13:36:51.460+0000] {logging_mixin.py:151} INFO - Index(['Code tranches d'age', 'Age'], dtype='object')
[2023-11-23T13:36:51.462+0000] {logging_mixin.py:151} INFO - Index(['code_age', 'agess'], dtype='object')
[2023-11-23T13:36:51.462+0000] {logging_mixin.py:151} INFO - zmmmmmmarr 
[2023-11-23T13:36:51.463+0000] {logging_mixin.py:151} INFO - Index(['dep', 'date_de_passage', 'sursaud_cl_age_corona', 'nbre_pass_corona',
       'nbre_pass_tot', 'nbre_hospit_corona', 'nbre_pass_corona_h',
       'nbre_pass_corona_f', 'nbre_pass_tot_h', 'nbre_pass_tot_f',
       'nbre_hospit_corona_h', 'nbre_hospit_corona_f', 'nbre_acte_corona',
       'nbre_acte_tot', 'nbre_acte_corona_h', 'nbre_acte_corona_f',
       'nbre_acte_tot_h', 'nbre_acte_tot_f'],
      dtype='object')
[2023-11-23T13:36:51.472+0000] {base.py:73} INFO - Using connection ID 'postgres_connexion' for task execution.
[2023-11-23T13:36:51.519+0000] {base.py:73} INFO - Using connection ID 'postgres_connexion' for task execution.
[2023-11-23T13:36:51.550+0000] {base.py:73} INFO - Using connection ID 'postgres_connexion' for task execution.
[2023-11-23T13:37:13.882+0000] {taskinstance.py:1937} ERROR - Task failed with exception
Traceback (most recent call last):
  File "/home/airflow/.local/lib/python3.8/site-packages/airflow/operators/python.py", line 192, in execute
    return_value = self.execute_callable()
  File "/home/airflow/.local/lib/python3.8/site-packages/airflow/operators/python.py", line 209, in execute_callable
    return self.python_callable(*self.op_args, **self.op_kwargs)
  File "/opt/airflow/dags/Projet.py", line 125, in extract_data
    data = np.arange(1,20)
NameError: name 'np' is not defined
[2023-11-23T13:37:13.894+0000] {taskinstance.py:1400} INFO - Marking task as FAILED. dag_id=Projet1, task_id=Extract, execution_date=20231123T133643, start_date=20231123T133649, end_date=20231123T133713
[2023-11-23T13:37:13.908+0000] {standard_task_runner.py:104} ERROR - Failed to execute job 570 for task Extract (name 'np' is not defined; 3037)
[2023-11-23T13:37:13.930+0000] {local_task_job_runner.py:228} INFO - Task exited with return code 1
[2023-11-23T13:37:13.947+0000] {taskinstance.py:2778} INFO - 0 downstream tasks scheduled from follow-on schedule check
