[2023-11-11T20:51:32.957+0000] {taskinstance.py:1159} INFO - Dependencies all met for dep_context=non-requeueable deps ti=<TaskInstance: ETL.Extract manual__2023-11-11T20:51:28.117224+00:00 [queued]>
[2023-11-11T20:51:32.976+0000] {taskinstance.py:1159} INFO - Dependencies all met for dep_context=requeueable deps ti=<TaskInstance: ETL.Extract manual__2023-11-11T20:51:28.117224+00:00 [queued]>
[2023-11-11T20:51:32.977+0000] {taskinstance.py:1361} INFO - Starting attempt 1 of 1
[2023-11-11T20:51:32.998+0000] {taskinstance.py:1382} INFO - Executing <Task(BashOperator): Extract> on 2023-11-11 20:51:28.117224+00:00
[2023-11-11T20:51:33.019+0000] {standard_task_runner.py:57} INFO - Started process 26120 to run task
[2023-11-11T20:51:33.029+0000] {standard_task_runner.py:84} INFO - Running: ['***', 'tasks', 'run', 'ETL', 'Extract', 'manual__2023-11-11T20:51:28.117224+00:00', '--job-id', '72', '--raw', '--subdir', 'DAGS_FOLDER/h.py', '--cfg-path', '/tmp/tmpfswoi2o9']
[2023-11-11T20:51:33.035+0000] {standard_task_runner.py:85} INFO - Job 72: Subtask Extract
[2023-11-11T20:51:33.221+0000] {task_command.py:416} INFO - Running <TaskInstance: ETL.Extract manual__2023-11-11T20:51:28.117224+00:00 [running]> on host fb26c01043df
[2023-11-11T20:51:33.446+0000] {taskinstance.py:1662} INFO - Exporting env vars: AIRFLOW_CTX_DAG_OWNER='***' AIRFLOW_CTX_DAG_ID='ETL' AIRFLOW_CTX_TASK_ID='Extract' AIRFLOW_CTX_EXECUTION_DATE='2023-11-11T20:51:28.117224+00:00' AIRFLOW_CTX_TRY_NUMBER='1' AIRFLOW_CTX_DAG_RUN_ID='manual__2023-11-11T20:51:28.117224+00:00'
[2023-11-11T20:51:33.475+0000] {subprocess.py:63} INFO - Tmp dir root location: /tmp
[2023-11-11T20:51:33.480+0000] {subprocess.py:75} INFO - Running command: ['/bin/bash', '-c', 'curl --keepalive-time 6000 -o ${AIRFLOW_HOME}/data/code-tranches-dage-donnees-urgences.csv "Users/celinahamzaoui/Desktop/Cours_Sup_de_vinci/Datawarehouse/TP3/TP_Airflow/data/code-tranches-dage-donnees-urgences.csv"']
[2023-11-11T20:51:33.510+0000] {subprocess.py:86} INFO - Output:
[2023-11-11T20:51:33.533+0000] {subprocess.py:93} INFO -   % Total    % Received % Xferd  Average Speed   Time    Time     Time  Current
[2023-11-11T20:51:33.534+0000] {subprocess.py:93} INFO -                                  Dload  Upload   Total   Spent    Left  Speed
[2023-11-11T20:51:33.720+0000] {subprocess.py:93} INFO -   0     0    0     0    0     0      0      0 --:--:-- --:--:-- --:--:--     0curl: (6) Could not resolve host: Users
[2023-11-11T20:51:33.721+0000] {subprocess.py:97} INFO - Command exited with return code 6
[2023-11-11T20:51:33.748+0000] {taskinstance.py:1937} ERROR - Task failed with exception
Traceback (most recent call last):
  File "/home/airflow/.local/lib/python3.8/site-packages/airflow/operators/bash.py", line 210, in execute
    raise AirflowException(
airflow.exceptions.AirflowException: Bash command failed. The command returned a non-zero exit code 6.
[2023-11-11T20:51:33.758+0000] {taskinstance.py:1400} INFO - Marking task as FAILED. dag_id=ETL, task_id=Extract, execution_date=20231111T205128, start_date=20231111T205132, end_date=20231111T205133
[2023-11-11T20:51:33.796+0000] {standard_task_runner.py:104} ERROR - Failed to execute job 72 for task Extract (Bash command failed. The command returned a non-zero exit code 6.; 26120)
[2023-11-11T20:51:33.827+0000] {local_task_job_runner.py:228} INFO - Task exited with return code 1
[2023-11-11T20:51:33.859+0000] {taskinstance.py:2778} INFO - 0 downstream tasks scheduled from follow-on schedule check
