[2023-11-11T21:53:58.984+0000] {taskinstance.py:1159} INFO - Dependencies all met for dep_context=non-requeueable deps ti=<TaskInstance: A.Extract manual__2023-11-11T21:53:56.670675+00:00 [queued]>
[2023-11-11T21:53:58.993+0000] {taskinstance.py:1159} INFO - Dependencies all met for dep_context=requeueable deps ti=<TaskInstance: A.Extract manual__2023-11-11T21:53:56.670675+00:00 [queued]>
[2023-11-11T21:53:58.994+0000] {taskinstance.py:1361} INFO - Starting attempt 1 of 1
[2023-11-11T21:53:59.006+0000] {taskinstance.py:1382} INFO - Executing <Task(BashOperator): Extract> on 2023-11-11 21:53:56.670675+00:00
[2023-11-11T21:53:59.012+0000] {standard_task_runner.py:57} INFO - Started process 27113 to run task
[2023-11-11T21:53:59.016+0000] {standard_task_runner.py:84} INFO - Running: ['***', 'tasks', 'run', 'A', 'Extract', 'manual__2023-11-11T21:53:56.670675+00:00', '--job-id', '90', '--raw', '--subdir', 'DAGS_FOLDER/Projet.py', '--cfg-path', '/tmp/tmpwl85t0jk']
[2023-11-11T21:53:59.017+0000] {standard_task_runner.py:85} INFO - Job 90: Subtask Extract
[2023-11-11T21:53:59.067+0000] {task_command.py:416} INFO - Running <TaskInstance: A.Extract manual__2023-11-11T21:53:56.670675+00:00 [running]> on host fb26c01043df
[2023-11-11T21:53:59.145+0000] {taskinstance.py:1662} INFO - Exporting env vars: AIRFLOW_CTX_DAG_OWNER='***' AIRFLOW_CTX_DAG_ID='A' AIRFLOW_CTX_TASK_ID='Extract' AIRFLOW_CTX_EXECUTION_DATE='2023-11-11T21:53:56.670675+00:00' AIRFLOW_CTX_TRY_NUMBER='1' AIRFLOW_CTX_DAG_RUN_ID='manual__2023-11-11T21:53:56.670675+00:00'
[2023-11-11T21:53:59.148+0000] {subprocess.py:63} INFO - Tmp dir root location: /tmp
[2023-11-11T21:53:59.151+0000] {subprocess.py:75} INFO - Running command: ['/bin/bash', '-c', 'curl --keepalive-time 6000 -o ${AIRFLOW_HOME}/data/valeurs.csv /data/code-tranches-dage-donnees-urgences.csv']
[2023-11-11T21:53:59.162+0000] {subprocess.py:86} INFO - Output:
[2023-11-11T21:53:59.172+0000] {subprocess.py:93} INFO - curl: (3) URL using bad/illegal format or missing URL
[2023-11-11T21:53:59.173+0000] {subprocess.py:97} INFO - Command exited with return code 3
[2023-11-11T21:53:59.184+0000] {taskinstance.py:1937} ERROR - Task failed with exception
Traceback (most recent call last):
  File "/home/airflow/.local/lib/python3.8/site-packages/airflow/operators/bash.py", line 210, in execute
    raise AirflowException(
airflow.exceptions.AirflowException: Bash command failed. The command returned a non-zero exit code 3.
[2023-11-11T21:53:59.187+0000] {taskinstance.py:1400} INFO - Marking task as FAILED. dag_id=A, task_id=Extract, execution_date=20231111T215356, start_date=20231111T215358, end_date=20231111T215359
[2023-11-11T21:53:59.201+0000] {standard_task_runner.py:104} ERROR - Failed to execute job 90 for task Extract (Bash command failed. The command returned a non-zero exit code 3.; 27113)
[2023-11-11T21:53:59.229+0000] {local_task_job_runner.py:228} INFO - Task exited with return code 1
[2023-11-11T21:53:59.249+0000] {taskinstance.py:2778} INFO - 0 downstream tasks scheduled from follow-on schedule check
