[2023-11-12T22:22:46.896+0000] {taskinstance.py:1159} INFO - Dependencies all met for dep_context=non-requeueable deps ti=<TaskInstance: Projet1.create_table manual__2023-11-12T22:22:42.831143+00:00 [queued]>
[2023-11-12T22:22:46.906+0000] {taskinstance.py:1159} INFO - Dependencies all met for dep_context=requeueable deps ti=<TaskInstance: Projet1.create_table manual__2023-11-12T22:22:42.831143+00:00 [queued]>
[2023-11-12T22:22:46.906+0000] {taskinstance.py:1361} INFO - Starting attempt 1 of 1
[2023-11-12T22:22:46.922+0000] {taskinstance.py:1382} INFO - Executing <Task(PostgresOperator): create_table> on 2023-11-12 22:22:42.831143+00:00
[2023-11-12T22:22:46.927+0000] {standard_task_runner.py:57} INFO - Started process 34204 to run task
[2023-11-12T22:22:46.931+0000] {standard_task_runner.py:84} INFO - Running: ['***', 'tasks', 'run', 'Projet1', 'create_table', 'manual__2023-11-12T22:22:42.831143+00:00', '--job-id', '171', '--raw', '--subdir', 'DAGS_FOLDER/Projet.py', '--cfg-path', '/tmp/tmp2c6cxa5v']
[2023-11-12T22:22:46.933+0000] {standard_task_runner.py:85} INFO - Job 171: Subtask create_table
[2023-11-12T22:22:46.983+0000] {task_command.py:416} INFO - Running <TaskInstance: Projet1.create_table manual__2023-11-12T22:22:42.831143+00:00 [running]> on host fb26c01043df
[2023-11-12T22:22:47.073+0000] {taskinstance.py:1662} INFO - Exporting env vars: AIRFLOW_CTX_DAG_OWNER='***' AIRFLOW_CTX_DAG_ID='Projet1' AIRFLOW_CTX_TASK_ID='create_table' AIRFLOW_CTX_EXECUTION_DATE='2023-11-12T22:22:42.831143+00:00' AIRFLOW_CTX_TRY_NUMBER='1' AIRFLOW_CTX_DAG_RUN_ID='manual__2023-11-12T22:22:42.831143+00:00'
[2023-11-12T22:22:47.076+0000] {sql.py:274} INFO - Executing: CREATE TABLE IF NOT EXISTS prix(
      code_commune VARCHAR(10),
      prix_moyen FLOAT
    );

Select *
From analyse_prix
[2023-11-12T22:22:47.087+0000] {base.py:73} INFO - Using connection ID 'postgres_connexion' for task execution.
[2023-11-12T22:22:47.094+0000] {base.py:73} INFO - Using connection ID 'postgres_connexion' for task execution.
[2023-11-12T22:22:47.103+0000] {sql.py:418} INFO - Running statement: CREATE TABLE IF NOT EXISTS prix(
      code_commune VARCHAR(10),
      prix_moyen FLOAT
    );

Select *
From analyse_prix, parameters: None
[2023-11-12T22:22:47.105+0000] {sql.py:427} INFO - Rows affected: 0
[2023-11-12T22:22:47.127+0000] {taskinstance.py:1400} INFO - Marking task as SUCCESS. dag_id=Projet1, task_id=create_table, execution_date=20231112T222242, start_date=20231112T222246, end_date=20231112T222247
[2023-11-12T22:22:47.144+0000] {local_task_job_runner.py:228} INFO - Task exited with return code 0
[2023-11-12T22:22:47.163+0000] {taskinstance.py:2778} INFO - 0 downstream tasks scheduled from follow-on schedule check
