[2023-11-15T16:32:56.519+0000] {taskinstance.py:1159} INFO - Dependencies all met for dep_context=non-requeueable deps ti=<TaskInstance: Projet1.Extract manual__2023-11-15T16:32:54.279820+00:00 [queued]>
[2023-11-15T16:32:56.528+0000] {taskinstance.py:1159} INFO - Dependencies all met for dep_context=requeueable deps ti=<TaskInstance: Projet1.Extract manual__2023-11-15T16:32:54.279820+00:00 [queued]>
[2023-11-15T16:32:56.529+0000] {taskinstance.py:1361} INFO - Starting attempt 1 of 1
[2023-11-15T16:32:56.544+0000] {taskinstance.py:1382} INFO - Executing <Task(PythonOperator): Extract> on 2023-11-15 16:32:54.279820+00:00
[2023-11-15T16:32:56.550+0000] {standard_task_runner.py:57} INFO - Started process 53900 to run task
[2023-11-15T16:32:56.554+0000] {standard_task_runner.py:84} INFO - Running: ['***', 'tasks', 'run', 'Projet1', 'Extract', 'manual__2023-11-15T16:32:54.279820+00:00', '--job-id', '186', '--raw', '--subdir', 'DAGS_FOLDER/Projet.py', '--cfg-path', '/tmp/tmpukedw7ln']
[2023-11-15T16:32:56.555+0000] {standard_task_runner.py:85} INFO - Job 186: Subtask Extract
[2023-11-15T16:32:56.606+0000] {task_command.py:416} INFO - Running <TaskInstance: Projet1.Extract manual__2023-11-15T16:32:54.279820+00:00 [running]> on host fb26c01043df
[2023-11-15T16:32:56.688+0000] {taskinstance.py:1662} INFO - Exporting env vars: AIRFLOW_CTX_DAG_OWNER='***' AIRFLOW_CTX_DAG_ID='Projet1' AIRFLOW_CTX_TASK_ID='Extract' AIRFLOW_CTX_EXECUTION_DATE='2023-11-15T16:32:54.279820+00:00' AIRFLOW_CTX_TRY_NUMBER='1' AIRFLOW_CTX_DAG_RUN_ID='manual__2023-11-15T16:32:54.279820+00:00'
[2023-11-15T16:32:56.979+0000] {logging_mixin.py:151} INFO -   Code tranches d'age;Age
0            0; tous âges
1               1;0-4 ans
2              2;5-14 ans
3             3;15-44 ans
4             4;45-64 ans
5             5;65-74 ans
6        6;75 ans ou plus
[2023-11-15T16:32:57.010+0000] {logging_mixin.py:151} INFO - khchkfchjbmklhnùlkhl===================
[2023-11-15T16:32:57.010+0000] {taskinstance.py:1937} ERROR - Task failed with exception
Traceback (most recent call last):
  File "/home/airflow/.local/lib/python3.8/site-packages/airflow/operators/python.py", line 192, in execute
    return_value = self.execute_callable()
  File "/home/airflow/.local/lib/python3.8/site-packages/airflow/operators/python.py", line 209, in execute_callable
    return self.python_callable(*self.op_args, **self.op_kwargs)
  File "/opt/airflow/dags/Projet.py", line 33, in extract_data
    print(df_urgences.columns[2])
  File "/home/airflow/.local/lib/python3.8/site-packages/pandas/core/indexes/base.py", line 5175, in __getitem__
    return getitem(key)
IndexError: index 2 is out of bounds for axis 0 with size 1
[2023-11-15T16:32:57.021+0000] {taskinstance.py:1400} INFO - Marking task as FAILED. dag_id=Projet1, task_id=Extract, execution_date=20231115T163254, start_date=20231115T163256, end_date=20231115T163257
[2023-11-15T16:32:57.035+0000] {standard_task_runner.py:104} ERROR - Failed to execute job 186 for task Extract (index 2 is out of bounds for axis 0 with size 1; 53900)
[2023-11-15T16:32:57.049+0000] {local_task_job_runner.py:228} INFO - Task exited with return code 1
[2023-11-15T16:32:57.073+0000] {taskinstance.py:2778} INFO - 0 downstream tasks scheduled from follow-on schedule check
