[2023-11-19T22:52:08.096+0000] {taskinstance.py:1159} INFO - Dependencies all met for dep_context=non-requeueable deps ti=<TaskInstance: Projet1.join_table manual__2023-11-19T22:46:29.086851+00:00 [queued]>
[2023-11-19T22:52:08.153+0000] {taskinstance.py:1159} INFO - Dependencies all met for dep_context=requeueable deps ti=<TaskInstance: Projet1.join_table manual__2023-11-19T22:46:29.086851+00:00 [queued]>
[2023-11-19T22:52:08.155+0000] {taskinstance.py:1361} INFO - Starting attempt 1 of 1
[2023-11-19T22:52:08.226+0000] {taskinstance.py:1382} INFO - Executing <Task(PostgresOperator): join_table> on 2023-11-19 22:46:29.086851+00:00
[2023-11-19T22:52:08.281+0000] {standard_task_runner.py:57} INFO - Started process 3186 to run task
[2023-11-19T22:52:08.301+0000] {standard_task_runner.py:84} INFO - Running: ['***', 'tasks', 'run', 'Projet1', 'join_table', 'manual__2023-11-19T22:46:29.086851+00:00', '--job-id', '330', '--raw', '--subdir', 'DAGS_FOLDER/Projet.py', '--cfg-path', '/tmp/tmp1nz4ax9f']
[2023-11-19T22:52:08.309+0000] {standard_task_runner.py:85} INFO - Job 330: Subtask join_table
[2023-11-19T22:52:08.596+0000] {task_command.py:416} INFO - Running <TaskInstance: Projet1.join_table manual__2023-11-19T22:46:29.086851+00:00 [running]> on host b36ebcee5948
[2023-11-19T22:52:08.984+0000] {taskinstance.py:1662} INFO - Exporting env vars: AIRFLOW_CTX_DAG_OWNER='***' AIRFLOW_CTX_DAG_ID='Projet1' AIRFLOW_CTX_TASK_ID='join_table' AIRFLOW_CTX_EXECUTION_DATE='2023-11-19T22:46:29.086851+00:00' AIRFLOW_CTX_TRY_NUMBER='1' AIRFLOW_CTX_DAG_RUN_ID='manual__2023-11-19T22:46:29.086851+00:00'
[2023-11-19T22:52:08.997+0000] {sql.py:274} INFO - Executing: -- Utilisez la conversion explicite des types de données dans la clause INNER JOIN je dois renommer la colonne tranches d'age a cause de ' sino  on aura des erreurs 
SELECT *
FROM "Urgences"
INNER JOIN "Departements" ON "Urgences".dep = "Departements".num_dep;


--SELECT *
--FROM Urgences
--INNER JOIN Age ON Urgences.sursaud_cl_age_corona = Age.Code tranches d'age;
[2023-11-19T22:52:09.023+0000] {base.py:73} INFO - Using connection ID 'postgres_connexion' for task execution.
[2023-11-19T22:52:09.057+0000] {base.py:73} INFO - Using connection ID 'postgres_connexion' for task execution.
[2023-11-19T22:52:09.124+0000] {sql.py:418} INFO - Running statement: -- Utilisez la conversion explicite des types de données dans la clause INNER JOIN je dois renommer la colonne tranches d'age a cause de ' sino  on aura des erreurs 
SELECT *
FROM "Urgences"
INNER JOIN "Departements" ON "Urgences".dep = "Departements".num_dep;


--SELECT *
--FROM Urgences
--INNER JOIN Age ON Urgences.sursaud_cl_age_corona = Age.Code tranches d'age;, parameters: None
[2023-11-19T22:52:09.320+0000] {sql.py:427} INFO - Rows affected: 0
[2023-11-19T22:52:09.558+0000] {taskinstance.py:1400} INFO - Marking task as SUCCESS. dag_id=Projet1, task_id=join_table, execution_date=20231119T224629, start_date=20231119T225208, end_date=20231119T225209
[2023-11-19T22:52:09.819+0000] {local_task_job_runner.py:228} INFO - Task exited with return code 0
[2023-11-19T22:52:10.021+0000] {taskinstance.py:2778} INFO - 0 downstream tasks scheduled from follow-on schedule check
