[2023-11-12T21:58:35.754+0000] {taskinstance.py:1159} INFO - Dependencies all met for dep_context=non-requeueable deps ti=<TaskInstance: Projet1.Extract manual__2023-11-12T21:58:33.375090+00:00 [queued]>
[2023-11-12T21:58:35.762+0000] {taskinstance.py:1159} INFO - Dependencies all met for dep_context=requeueable deps ti=<TaskInstance: Projet1.Extract manual__2023-11-12T21:58:33.375090+00:00 [queued]>
[2023-11-12T21:58:35.763+0000] {taskinstance.py:1361} INFO - Starting attempt 1 of 1
[2023-11-12T21:58:35.777+0000] {taskinstance.py:1382} INFO - Executing <Task(PythonOperator): Extract> on 2023-11-12 21:58:33.375090+00:00
[2023-11-12T21:58:35.783+0000] {standard_task_runner.py:57} INFO - Started process 33797 to run task
[2023-11-12T21:58:35.786+0000] {standard_task_runner.py:84} INFO - Running: ['***', 'tasks', 'run', 'Projet1', 'Extract', 'manual__2023-11-12T21:58:33.375090+00:00', '--job-id', '156', '--raw', '--subdir', 'DAGS_FOLDER/Projet.py', '--cfg-path', '/tmp/tmp2_x3d2ex']
[2023-11-12T21:58:35.787+0000] {standard_task_runner.py:85} INFO - Job 156: Subtask Extract
[2023-11-12T21:58:35.837+0000] {task_command.py:416} INFO - Running <TaskInstance: Projet1.Extract manual__2023-11-12T21:58:33.375090+00:00 [running]> on host fb26c01043df
[2023-11-12T21:58:35.921+0000] {taskinstance.py:1662} INFO - Exporting env vars: AIRFLOW_CTX_DAG_OWNER='***' AIRFLOW_CTX_DAG_ID='Projet1' AIRFLOW_CTX_TASK_ID='Extract' AIRFLOW_CTX_EXECUTION_DATE='2023-11-12T21:58:33.375090+00:00' AIRFLOW_CTX_TRY_NUMBER='1' AIRFLOW_CTX_DAG_RUN_ID='manual__2023-11-12T21:58:33.375090+00:00'
[2023-11-12T21:58:36.133+0000] {logging_mixin.py:151} INFO -        dep;date_de_passage;sursaud_cl_age_corona;nbre_pass_corona;nbre_pass_tot;nbre_hospit_corona;nbre_pass_corona_h;nbre_pass_corona_f;nbre_pass_tot_h;nbre_pass_tot_f;nbre_hospit_corona_h;nbre_hospit_corona_f;nbre_acte_corona;nbre_acte_tot;nbre_acte_corona_h;nbre_acte_corona_f;nbre_acte_tot_h;nbre_acte_tot_f
0           01;2022-12-26;0;9;435;4;6;3;219;216;1;3;;;;;;                                                                                                                                                                                                                                                              
1                      01;2022-12-26;1;0;58;0;;;;;;;;;;;;                                                                                                                                                                                                                                                              
2                      01;2022-12-26;2;0;30;0;;;;;;;;;;;;                                                                                                                                                                                                                                                              
3                     01;2022-12-26;3;1;138;0;;;;;;;;;;;;                                                                                                                                                                                                                                                              
4                      01;2022-12-26;4;1;88;0;;;;;;;;;;;;                                                                                                                                                                                                                                                              
...                                                   ...                                                                                                                                                                                                                                                              
214216                 976;2023-10-24;2;0;4;0;;;;;;;;;;;;                                                                                                                                                                                                                                                              
214217                976;2023-10-24;3;0;22;0;;;;;;;;;;;;                                                                                                                                                                                                                                                              
214218                 976;2023-10-24;4;0;6;0;;;;;;;;;;;;                                                                                                                                                                                                                                                              
214219                 976;2023-10-24;5;0;1;0;;;;;;;;;;;;                                                                                                                                                                                                                                                              
214220                    976;2023-10-24;6;;;;;;;;;;;;;;;                                                                                                                                                                                                                                                              

[214221 rows x 1 columns]
[2023-11-12T21:58:36.136+0000] {taskinstance.py:1937} ERROR - Task failed with exception
Traceback (most recent call last):
  File "/home/airflow/.local/lib/python3.8/site-packages/airflow/operators/python.py", line 192, in execute
    return_value = self.execute_callable()
  File "/home/airflow/.local/lib/python3.8/site-packages/airflow/operators/python.py", line 209, in execute_callable
    return self.python_callable(*self.op_args, **self.op_kwargs)
  File "/opt/airflow/dags/Projet.py", line 21, in extract_data
    df_age = df_age.rename(columns={"Age": "age"}, inplace=True)
AttributeError: 'NoneType' object has no attribute 'rename'
[2023-11-12T21:58:36.148+0000] {taskinstance.py:1400} INFO - Marking task as FAILED. dag_id=Projet1, task_id=Extract, execution_date=20231112T215833, start_date=20231112T215835, end_date=20231112T215836
[2023-11-12T21:58:36.162+0000] {standard_task_runner.py:104} ERROR - Failed to execute job 156 for task Extract ('NoneType' object has no attribute 'rename'; 33797)
[2023-11-12T21:58:36.201+0000] {local_task_job_runner.py:228} INFO - Task exited with return code 1
[2023-11-12T21:58:36.228+0000] {taskinstance.py:2778} INFO - 0 downstream tasks scheduled from follow-on schedule check
