[2023-11-15T16:26:11.068+0000] {taskinstance.py:1159} INFO - Dependencies all met for dep_context=non-requeueable deps ti=<TaskInstance: Projet1.Extract manual__2023-11-15T16:26:06.933611+00:00 [queued]>
[2023-11-15T16:26:11.078+0000] {taskinstance.py:1159} INFO - Dependencies all met for dep_context=requeueable deps ti=<TaskInstance: Projet1.Extract manual__2023-11-15T16:26:06.933611+00:00 [queued]>
[2023-11-15T16:26:11.078+0000] {taskinstance.py:1361} INFO - Starting attempt 1 of 1
[2023-11-15T16:26:11.092+0000] {taskinstance.py:1382} INFO - Executing <Task(PythonOperator): Extract> on 2023-11-15 16:26:06.933611+00:00
[2023-11-15T16:26:11.099+0000] {standard_task_runner.py:57} INFO - Started process 53786 to run task
[2023-11-15T16:26:11.103+0000] {standard_task_runner.py:84} INFO - Running: ['***', 'tasks', 'run', 'Projet1', 'Extract', 'manual__2023-11-15T16:26:06.933611+00:00', '--job-id', '180', '--raw', '--subdir', 'DAGS_FOLDER/Projet.py', '--cfg-path', '/tmp/tmpf0gxd1vn']
[2023-11-15T16:26:11.105+0000] {standard_task_runner.py:85} INFO - Job 180: Subtask Extract
[2023-11-15T16:26:11.164+0000] {task_command.py:416} INFO - Running <TaskInstance: Projet1.Extract manual__2023-11-15T16:26:06.933611+00:00 [running]> on host fb26c01043df
[2023-11-15T16:26:11.255+0000] {taskinstance.py:1662} INFO - Exporting env vars: AIRFLOW_CTX_DAG_OWNER='***' AIRFLOW_CTX_DAG_ID='Projet1' AIRFLOW_CTX_TASK_ID='Extract' AIRFLOW_CTX_EXECUTION_DATE='2023-11-15T16:26:06.933611+00:00' AIRFLOW_CTX_TRY_NUMBER='1' AIRFLOW_CTX_DAG_RUN_ID='manual__2023-11-15T16:26:06.933611+00:00'
[2023-11-15T16:26:11.504+0000] {logging_mixin.py:151} INFO -   Code tranches d'age;Age
0            0; tous âges
1               1;0-4 ans
2              2;5-14 ans
3             3;15-44 ans
4             4;45-64 ans
5             5;65-74 ans
6        6;75 ans ou plus
[2023-11-15T16:26:11.543+0000] {taskinstance.py:1937} ERROR - Task failed with exception
Traceback (most recent call last):
  File "/home/airflow/.local/lib/python3.8/site-packages/airflow/operators/python.py", line 192, in execute
    return_value = self.execute_callable()
  File "/home/airflow/.local/lib/python3.8/site-packages/airflow/operators/python.py", line 209, in execute_callable
    return self.python_callable(*self.op_args, **self.op_kwargs)
  File "/opt/airflow/dags/Projet.py", line 33, in extract_data
    df_urgences[columns_to_convert] = df_urgences[columns_to_convert].apply(pd.to_numeric, errors='coerce')
  File "/home/airflow/.local/lib/python3.8/site-packages/pandas/core/frame.py", line 3767, in __getitem__
    indexer = self.columns._get_indexer_strict(key, "columns")[1]
  File "/home/airflow/.local/lib/python3.8/site-packages/pandas/core/indexes/base.py", line 5877, in _get_indexer_strict
    self._raise_if_missing(keyarr, indexer, axis_name)
  File "/home/airflow/.local/lib/python3.8/site-packages/pandas/core/indexes/base.py", line 5938, in _raise_if_missing
    raise KeyError(f"None of [{key}] are in the [{axis_name}]")
KeyError: "None of [Index(['dep', 'sursaud_cl_age_corona', 'nbre_pass_corona', 'nbre_pass_tot',\n       'nbre_hospit_corona', 'nbre_pass_corona_h', 'nbre_pass_corona_f',\n       'nbre_pass_tot_h', 'nbre_pass_tot_f', 'nbre_hospit_corona_h',\n       'nbre_hospit_corona_f', 'nbre_acte_corona', 'nbre_acte_tot',\n       'nbre_acte_corona_h', 'nbre_acte_corona_f', 'nbre_acte_tot_h',\n       'nbre_acte_tot_f'],\n      dtype='object')] are in the [columns]"
[2023-11-15T16:26:11.564+0000] {taskinstance.py:1400} INFO - Marking task as FAILED. dag_id=Projet1, task_id=Extract, execution_date=20231115T162606, start_date=20231115T162611, end_date=20231115T162611
[2023-11-15T16:26:11.577+0000] {standard_task_runner.py:104} ERROR - Failed to execute job 180 for task Extract ("None of [Index(['dep', 'sursaud_cl_age_corona', 'nbre_pass_corona', 'nbre_pass_tot',\n       'nbre_hospit_corona', 'nbre_pass_corona_h', 'nbre_pass_corona_f',\n       'nbre_pass_tot_h', 'nbre_pass_tot_f', 'nbre_hospit_corona_h',\n       'nbre_hospit_corona_f', 'nbre_acte_corona', 'nbre_acte_tot',\n       'nbre_acte_corona_h', 'nbre_acte_corona_f', 'nbre_acte_tot_h',\n       'nbre_acte_tot_f'],\n      dtype='object')] are in the [columns]"; 53786)
[2023-11-15T16:26:11.599+0000] {local_task_job_runner.py:228} INFO - Task exited with return code 1
[2023-11-15T16:26:11.641+0000] {taskinstance.py:2778} INFO - 0 downstream tasks scheduled from follow-on schedule check
