[2023-11-19T22:26:11.342+0000] {taskinstance.py:1159} INFO - Dependencies all met for dep_context=non-requeueable deps ti=<TaskInstance: Projet1.join_table manual__2023-11-19T22:24:39.758054+00:00 [queued]>
[2023-11-19T22:26:11.391+0000] {taskinstance.py:1159} INFO - Dependencies all met for dep_context=requeueable deps ti=<TaskInstance: Projet1.join_table manual__2023-11-19T22:24:39.758054+00:00 [queued]>
[2023-11-19T22:26:11.393+0000] {taskinstance.py:1361} INFO - Starting attempt 1 of 1
[2023-11-19T22:26:11.450+0000] {taskinstance.py:1382} INFO - Executing <Task(PostgresOperator): join_table> on 2023-11-19 22:24:39.758054+00:00
[2023-11-19T22:26:11.512+0000] {standard_task_runner.py:57} INFO - Started process 2812 to run task
[2023-11-19T22:26:11.526+0000] {standard_task_runner.py:84} INFO - Running: ['***', 'tasks', 'run', 'Projet1', 'join_table', 'manual__2023-11-19T22:24:39.758054+00:00', '--job-id', '318', '--raw', '--subdir', 'DAGS_FOLDER/Projet.py', '--cfg-path', '/tmp/tmpy4x91h5l']
[2023-11-19T22:26:11.530+0000] {standard_task_runner.py:85} INFO - Job 318: Subtask join_table
[2023-11-19T22:26:11.708+0000] {task_command.py:416} INFO - Running <TaskInstance: Projet1.join_table manual__2023-11-19T22:24:39.758054+00:00 [running]> on host b36ebcee5948
[2023-11-19T22:26:11.947+0000] {taskinstance.py:1662} INFO - Exporting env vars: AIRFLOW_CTX_DAG_OWNER='***' AIRFLOW_CTX_DAG_ID='Projet1' AIRFLOW_CTX_TASK_ID='join_table' AIRFLOW_CTX_EXECUTION_DATE='2023-11-19T22:24:39.758054+00:00' AIRFLOW_CTX_TRY_NUMBER='1' AIRFLOW_CTX_DAG_RUN_ID='manual__2023-11-19T22:24:39.758054+00:00'
[2023-11-19T22:26:11.956+0000] {sql.py:274} INFO - Executing: -- Utilisez la conversion explicite des types de données dans la clause INNER JOIN
SELECT *
FROM "Urgences"
INNER JOIN "Departements" ON "Urgences".dep = "Departements".num_dep;
[2023-11-19T22:26:11.984+0000] {base.py:73} INFO - Using connection ID 'postgres_connexion' for task execution.
[2023-11-19T22:26:12.005+0000] {base.py:73} INFO - Using connection ID 'postgres_connexion' for task execution.
[2023-11-19T22:26:12.048+0000] {sql.py:418} INFO - Running statement: -- Utilisez la conversion explicite des types de données dans la clause INNER JOIN
SELECT *
FROM "Urgences"
INNER JOIN "Departements" ON "Urgences".dep = "Departements".num_dep;, parameters: None
[2023-11-19T22:26:12.411+0000] {sql.py:427} INFO - Rows affected: 0
[2023-11-19T22:26:12.492+0000] {taskinstance.py:1400} INFO - Marking task as SUCCESS. dag_id=Projet1, task_id=join_table, execution_date=20231119T222439, start_date=20231119T222611, end_date=20231119T222612
[2023-11-19T22:26:12.568+0000] {local_task_job_runner.py:228} INFO - Task exited with return code 0
[2023-11-19T22:26:12.619+0000] {taskinstance.py:2778} INFO - 0 downstream tasks scheduled from follow-on schedule check
