[2023-11-22T13:47:40.262+0000] {taskinstance.py:1159} INFO - Dependencies all met for dep_context=non-requeueable deps ti=<TaskInstance: Projet1.send_email_on_failure manual__2023-11-22T13:47:06.949908+00:00 [queued]>
[2023-11-22T13:47:40.279+0000] {taskinstance.py:1159} INFO - Dependencies all met for dep_context=requeueable deps ti=<TaskInstance: Projet1.send_email_on_failure manual__2023-11-22T13:47:06.949908+00:00 [queued]>
[2023-11-22T13:47:40.280+0000] {taskinstance.py:1361} INFO - Starting attempt 1 of 1
[2023-11-22T13:47:40.300+0000] {taskinstance.py:1382} INFO - Executing <Task(EmailOperator): send_email_on_failure> on 2023-11-22 13:47:06.949908+00:00
[2023-11-22T13:47:40.307+0000] {standard_task_runner.py:57} INFO - Started process 409 to run task
[2023-11-22T13:47:40.312+0000] {standard_task_runner.py:84} INFO - Running: ['***', 'tasks', 'run', 'Projet1', 'send_email_on_failure', 'manual__2023-11-22T13:47:06.949908+00:00', '--job-id', '368', '--raw', '--subdir', 'DAGS_FOLDER/Projet.py', '--cfg-path', '/tmp/tmp7iuif24g']
[2023-11-22T13:47:40.314+0000] {standard_task_runner.py:85} INFO - Job 368: Subtask send_email_on_failure
[2023-11-22T13:47:40.406+0000] {task_command.py:416} INFO - Running <TaskInstance: Projet1.send_email_on_failure manual__2023-11-22T13:47:06.949908+00:00 [running]> on host b36ebcee5948
[2023-11-22T13:47:40.543+0000] {taskinstance.py:1662} INFO - Exporting env vars: AIRFLOW_CTX_DAG_OWNER='***' AIRFLOW_CTX_DAG_ID='Projet1' AIRFLOW_CTX_TASK_ID='send_email_on_failure' AIRFLOW_CTX_EXECUTION_DATE='2023-11-22T13:47:06.949908+00:00' AIRFLOW_CTX_TRY_NUMBER='1' AIRFLOW_CTX_DAG_RUN_ID='manual__2023-11-22T13:47:06.949908+00:00'
[2023-11-22T13:47:40.565+0000] {warnings.py:109} WARNING - /home/***/.local/lib/python3.8/site-packages/***/utils/email.py:154: RemovedInAirflow3Warning: Fetching SMTP credentials from configuration variables will be deprecated in a future release. Please set credentials using a connection instead.
  send_mime_email(e_from=mail_from, e_to=recipients, mime_msg=msg, conn_id=conn_id, dryrun=dryrun)

[2023-11-22T13:47:40.566+0000] {configuration.py:1068} WARNING - section/key [smtp/smtp_user] not found in config
[2023-11-22T13:47:40.566+0000] {email.py:270} INFO - Email alerting: attempt 1
[2023-11-22T13:47:40.568+0000] {taskinstance.py:1937} ERROR - Task failed with exception
Traceback (most recent call last):
  File "/home/airflow/.local/lib/python3.8/site-packages/airflow/operators/email.py", line 77, in execute
    send_email(
  File "/home/airflow/.local/lib/python3.8/site-packages/airflow/utils/email.py", line 80, in send_email
    return backend(
  File "/home/airflow/.local/lib/python3.8/site-packages/airflow/utils/email.py", line 154, in send_email_smtp
    send_mime_email(e_from=mail_from, e_to=recipients, mime_msg=msg, conn_id=conn_id, dryrun=dryrun)
  File "/home/airflow/.local/lib/python3.8/site-packages/airflow/utils/email.py", line 272, in send_mime_email
    smtp_conn = _get_smtp_connection(smtp_host, smtp_port, smtp_timeout, smtp_ssl)
  File "/home/airflow/.local/lib/python3.8/site-packages/airflow/utils/email.py", line 316, in _get_smtp_connection
    return smtplib.SMTP(host=host, port=port, timeout=timeout)
  File "/usr/local/lib/python3.8/smtplib.py", line 255, in __init__
    (code, msg) = self.connect(host, port)
  File "/usr/local/lib/python3.8/smtplib.py", line 339, in connect
    self.sock = self._get_socket(host, port, self.timeout)
  File "/usr/local/lib/python3.8/smtplib.py", line 310, in _get_socket
    return socket.create_connection((host, port), timeout,
  File "/usr/local/lib/python3.8/socket.py", line 808, in create_connection
    raise err
  File "/usr/local/lib/python3.8/socket.py", line 796, in create_connection
    sock.connect(sa)
OSError: [Errno 99] Cannot assign requested address
[2023-11-22T13:47:40.581+0000] {taskinstance.py:1400} INFO - Marking task as FAILED. dag_id=Projet1, task_id=send_email_on_failure, execution_date=20231122T134706, start_date=20231122T134740, end_date=20231122T134740
[2023-11-22T13:47:40.599+0000] {standard_task_runner.py:104} ERROR - Failed to execute job 368 for task send_email_on_failure ([Errno 99] Cannot assign requested address; 409)
[2023-11-22T13:47:40.647+0000] {local_task_job_runner.py:228} INFO - Task exited with return code 1
[2023-11-22T13:47:40.681+0000] {taskinstance.py:2778} INFO - 0 downstream tasks scheduled from follow-on schedule check
