[2023-11-17T22:12:14.080+0000] {taskinstance.py:1159} INFO - Dependencies all met for dep_context=non-requeueable deps ti=<TaskInstance: Projet1.load_to_sql manual__2023-11-17T22:12:09.973010+00:00 [queued]>
[2023-11-17T22:12:14.090+0000] {taskinstance.py:1159} INFO - Dependencies all met for dep_context=requeueable deps ti=<TaskInstance: Projet1.load_to_sql manual__2023-11-17T22:12:09.973010+00:00 [queued]>
[2023-11-17T22:12:14.091+0000] {taskinstance.py:1361} INFO - Starting attempt 1 of 1
[2023-11-17T22:12:14.106+0000] {taskinstance.py:1382} INFO - Executing <Task(PythonOperator): load_to_sql> on 2023-11-17 22:12:09.973010+00:00
[2023-11-17T22:12:14.115+0000] {standard_task_runner.py:57} INFO - Started process 63272 to run task
[2023-11-17T22:12:14.118+0000] {standard_task_runner.py:84} INFO - Running: ['***', 'tasks', 'run', 'Projet1', 'load_to_sql', 'manual__2023-11-17T22:12:09.973010+00:00', '--job-id', '227', '--raw', '--subdir', 'DAGS_FOLDER/Projet.py', '--cfg-path', '/tmp/tmp53lbp_n4']
[2023-11-17T22:12:14.121+0000] {standard_task_runner.py:85} INFO - Job 227: Subtask load_to_sql
[2023-11-17T22:12:14.256+0000] {task_command.py:416} INFO - Running <TaskInstance: Projet1.load_to_sql manual__2023-11-17T22:12:09.973010+00:00 [running]> on host fb26c01043df
[2023-11-17T22:12:14.405+0000] {taskinstance.py:1662} INFO - Exporting env vars: AIRFLOW_CTX_DAG_OWNER='***' AIRFLOW_CTX_DAG_ID='Projet1' AIRFLOW_CTX_TASK_ID='load_to_sql' AIRFLOW_CTX_EXECUTION_DATE='2023-11-17T22:12:09.973010+00:00' AIRFLOW_CTX_TRY_NUMBER='1' AIRFLOW_CTX_DAG_RUN_ID='manual__2023-11-17T22:12:09.973010+00:00'
[2023-11-17T22:12:14.414+0000] {taskinstance.py:1937} ERROR - Task failed with exception
Traceback (most recent call last):
  File "/home/airflow/.local/lib/python3.8/site-packages/airflow/operators/python.py", line 192, in execute
    return_value = self.execute_callable()
  File "/home/airflow/.local/lib/python3.8/site-packages/airflow/operators/python.py", line 209, in execute_callable
    return self.python_callable(*self.op_args, **self.op_kwargs)
  File "/opt/airflow/dags/Projet.py", line 46, in load_data_to_sql
    df_urgences.to_sql('Urgences', pg_hook.get_conn(), if_exists='replace', index=False)
NameError: name 'df_urgences' is not defined
[2023-11-17T22:12:14.429+0000] {taskinstance.py:1400} INFO - Marking task as FAILED. dag_id=Projet1, task_id=load_to_sql, execution_date=20231117T221209, start_date=20231117T221214, end_date=20231117T221214
[2023-11-17T22:12:14.447+0000] {standard_task_runner.py:104} ERROR - Failed to execute job 227 for task load_to_sql (name 'df_urgences' is not defined; 63272)
[2023-11-17T22:12:14.460+0000] {local_task_job_runner.py:228} INFO - Task exited with return code 1
[2023-11-17T22:12:14.484+0000] {taskinstance.py:2778} INFO - 0 downstream tasks scheduled from follow-on schedule check
