[2023-11-12T15:04:48.081+0000] {taskinstance.py:1159} INFO - Dependencies all met for dep_context=non-requeueable deps ti=<TaskInstance: Projet1.Extract manual__2023-11-12T14:59:39.775966+00:00 [queued]>
[2023-11-12T15:04:48.091+0000] {taskinstance.py:1159} INFO - Dependencies all met for dep_context=requeueable deps ti=<TaskInstance: Projet1.Extract manual__2023-11-12T14:59:39.775966+00:00 [queued]>
[2023-11-12T15:04:48.092+0000] {taskinstance.py:1361} INFO - Starting attempt 2 of 2
[2023-11-12T15:04:48.107+0000] {taskinstance.py:1382} INFO - Executing <Task(BashOperator): Extract> on 2023-11-12 14:59:39.775966+00:00
[2023-11-12T15:04:48.112+0000] {standard_task_runner.py:57} INFO - Started process 28912 to run task
[2023-11-12T15:04:48.116+0000] {standard_task_runner.py:84} INFO - Running: ['***', 'tasks', 'run', 'Projet1', 'Extract', 'manual__2023-11-12T14:59:39.775966+00:00', '--job-id', '105', '--raw', '--subdir', 'DAGS_FOLDER/Projet.py', '--cfg-path', '/tmp/tmpwfyx_dt5']
[2023-11-12T15:04:48.121+0000] {standard_task_runner.py:85} INFO - Job 105: Subtask Extract
[2023-11-12T15:04:48.171+0000] {task_command.py:416} INFO - Running <TaskInstance: Projet1.Extract manual__2023-11-12T14:59:39.775966+00:00 [running]> on host fb26c01043df
[2023-11-12T15:04:48.251+0000] {taskinstance.py:1662} INFO - Exporting env vars: AIRFLOW_CTX_DAG_OWNER='votre_propriétaire' AIRFLOW_CTX_DAG_ID='Projet1' AIRFLOW_CTX_TASK_ID='Extract' AIRFLOW_CTX_EXECUTION_DATE='2023-11-12T14:59:39.775966+00:00' AIRFLOW_CTX_TRY_NUMBER='2' AIRFLOW_CTX_DAG_RUN_ID='manual__2023-11-12T14:59:39.775966+00:00'
[2023-11-12T15:04:48.253+0000] {subprocess.py:63} INFO - Tmp dir root location: /tmp
[2023-11-12T15:04:48.254+0000] {subprocess.py:75} INFO - Running command: ['/bin/bash', '-c', 'cp /Users/celinahamzaoui/Desktop/Cours_Sup_de_vinci/Datawarehouse/TP3/TP_Airflow/data/donnees-urgences-SOS-medecins.csv ${AIRFLOW_HOME}/data/foncieres.csv']
[2023-11-12T15:04:48.267+0000] {subprocess.py:86} INFO - Output:
[2023-11-12T15:04:48.275+0000] {subprocess.py:93} INFO - cp: cannot stat '/Users/celinahamzaoui/Desktop/Cours_Sup_de_vinci/Datawarehouse/TP3/TP_Airflow/data/donnees-urgences-SOS-medecins.csv': No such file or directory
[2023-11-12T15:04:48.277+0000] {subprocess.py:97} INFO - Command exited with return code 1
[2023-11-12T15:04:48.289+0000] {taskinstance.py:1937} ERROR - Task failed with exception
Traceback (most recent call last):
  File "/home/airflow/.local/lib/python3.8/site-packages/airflow/operators/bash.py", line 210, in execute
    raise AirflowException(
airflow.exceptions.AirflowException: Bash command failed. The command returned a non-zero exit code 1.
[2023-11-12T15:04:48.294+0000] {taskinstance.py:1400} INFO - Marking task as FAILED. dag_id=Projet1, task_id=Extract, execution_date=20231112T145939, start_date=20231112T150448, end_date=20231112T150448
[2023-11-12T15:04:48.307+0000] {standard_task_runner.py:104} ERROR - Failed to execute job 105 for task Extract (Bash command failed. The command returned a non-zero exit code 1.; 28912)
[2023-11-12T15:04:48.329+0000] {local_task_job_runner.py:228} INFO - Task exited with return code 1
[2023-11-12T15:04:48.349+0000] {taskinstance.py:2778} INFO - 0 downstream tasks scheduled from follow-on schedule check
