[2023-11-09T11:45:41.527+0000] {taskinstance.py:1159} INFO - Dependencies all met for dep_context=non-requeueable deps ti=<TaskInstance: essai.t2 manual__2023-11-09T11:45:26.593656+00:00 [queued]>
[2023-11-09T11:45:41.553+0000] {taskinstance.py:1159} INFO - Dependencies all met for dep_context=requeueable deps ti=<TaskInstance: essai.t2 manual__2023-11-09T11:45:26.593656+00:00 [queued]>
[2023-11-09T11:45:41.556+0000] {taskinstance.py:1361} INFO - Starting attempt 1 of 2
[2023-11-09T11:45:41.597+0000] {taskinstance.py:1382} INFO - Executing <Task(_PythonDecoratedOperator): t2> on 2023-11-09 11:45:26.593656+00:00
[2023-11-09T11:45:41.615+0000] {standard_task_runner.py:57} INFO - Started process 8126 to run task
[2023-11-09T11:45:41.628+0000] {standard_task_runner.py:84} INFO - Running: ['***', 'tasks', 'run', 'essai', 't2', 'manual__2023-11-09T11:45:26.593656+00:00', '--job-id', '32', '--raw', '--subdir', 'DAGS_FOLDER/Part1.py', '--cfg-path', '/tmp/tmpa14ol6jb']
[2023-11-09T11:45:41.632+0000] {standard_task_runner.py:85} INFO - Job 32: Subtask t2
[2023-11-09T11:45:41.802+0000] {task_command.py:416} INFO - Running <TaskInstance: essai.t2 manual__2023-11-09T11:45:26.593656+00:00 [running]> on host fb26c01043df
[2023-11-09T11:45:42.173+0000] {taskinstance.py:1662} INFO - Exporting env vars: AIRFLOW_CTX_DAG_EMAIL='***@example.com' AIRFLOW_CTX_DAG_OWNER='***' AIRFLOW_CTX_DAG_ID='essai' AIRFLOW_CTX_TASK_ID='t2' AIRFLOW_CTX_EXECUTION_DATE='2023-11-09T11:45:26.593656+00:00' AIRFLOW_CTX_TRY_NUMBER='1' AIRFLOW_CTX_DAG_RUN_ID='manual__2023-11-09T11:45:26.593656+00:00'
[2023-11-09T11:45:43.273+0000] {logging_mixin.py:151} INFO - jaweek hlow
[2023-11-09T11:45:43.405+0000] {logging_mixin.py:151} INFO - Empty DataFrame
Columns: [Code commune, prix_moyen]
Index: []
[2023-11-09T11:45:43.406+0000] {logging_mixin.py:151} INFO - jaweek behy
[2023-11-09T11:45:43.408+0000] {python.py:194} INFO - Done. Returned value was: Empty DataFrame
Columns: [Code commune, prix_moyen]
Index: []
[2023-11-09T11:45:44.359+0000] {taskinstance.py:1400} INFO - Marking task as SUCCESS. dag_id=essai, task_id=t2, execution_date=20231109T114526, start_date=20231109T114541, end_date=20231109T114544
[2023-11-09T11:45:44.479+0000] {local_task_job_runner.py:228} INFO - Task exited with return code 0
[2023-11-09T11:45:44.646+0000] {taskinstance.py:2778} INFO - 0 downstream tasks scheduled from follow-on schedule check
