[2023-11-20T19:19:03.920+0000] {processor.py:157} INFO - Started process (PID=114) to work on /home/airflow/.local/lib/python3.8/site-packages/airflow/example_dags/example_short_circuit_decorator.py
[2023-11-20T19:19:05.672+0000] {processor.py:829} INFO - Processing file /home/airflow/.local/lib/python3.8/site-packages/airflow/example_dags/example_short_circuit_decorator.py for tasks to queue
[2023-11-20T19:19:05.946+0000] {logging_mixin.py:151} INFO - [2023-11-20T19:19:05.741+0000] {dagbag.py:536} INFO - Filling up the DagBag from /home/airflow/.local/lib/python3.8/site-packages/airflow/example_dags/example_short_circuit_decorator.py
[2023-11-20T19:19:21.313+0000] {processor.py:839} INFO - DAG(s) dict_keys(['example_short_circuit_decorator']) retrieved from /home/airflow/.local/lib/python3.8/site-packages/airflow/example_dags/example_short_circuit_decorator.py
[2023-11-20T19:19:26.433+0000] {logging_mixin.py:151} INFO - [2023-11-20T19:19:26.431+0000] {dag.py:2941} INFO - Sync 1 DAGs
[2023-11-20T19:19:28.282+0000] {logging_mixin.py:151} INFO - [2023-11-20T19:19:28.278+0000] {dag.py:3722} INFO - Setting next_dagrun for example_short_circuit_decorator to 2023-11-19T19:19:28.233490+00:00, run_after=2023-11-20T19:19:28.233490+00:00
[2023-11-20T19:19:29.436+0000] {processor.py:179} INFO - Processing /home/airflow/.local/lib/python3.8/site-packages/airflow/example_dags/example_short_circuit_decorator.py took 28.220 seconds
[2023-11-20T19:21:45.941+0000] {processor.py:157} INFO - Started process (PID=196) to work on /home/airflow/.local/lib/python3.8/site-packages/airflow/example_dags/example_short_circuit_decorator.py
[2023-11-20T19:21:45.947+0000] {processor.py:829} INFO - Processing file /home/airflow/.local/lib/python3.8/site-packages/airflow/example_dags/example_short_circuit_decorator.py for tasks to queue
[2023-11-20T19:21:45.951+0000] {logging_mixin.py:151} INFO - [2023-11-20T19:21:45.950+0000] {dagbag.py:536} INFO - Filling up the DagBag from /home/airflow/.local/lib/python3.8/site-packages/airflow/example_dags/example_short_circuit_decorator.py
[2023-11-20T19:21:46.033+0000] {processor.py:839} INFO - DAG(s) dict_keys(['example_short_circuit_decorator']) retrieved from /home/airflow/.local/lib/python3.8/site-packages/airflow/example_dags/example_short_circuit_decorator.py
[2023-11-20T19:21:46.148+0000] {logging_mixin.py:151} INFO - [2023-11-20T19:21:46.148+0000] {dag.py:2941} INFO - Sync 1 DAGs
[2023-11-20T19:21:46.205+0000] {logging_mixin.py:151} INFO - [2023-11-20T19:21:46.204+0000] {dag.py:3722} INFO - Setting next_dagrun for example_short_circuit_decorator to 2023-11-19T19:21:46.204075+00:00, run_after=2023-11-20T19:21:46.204075+00:00
[2023-11-20T19:21:46.286+0000] {processor.py:179} INFO - Processing /home/airflow/.local/lib/python3.8/site-packages/airflow/example_dags/example_short_circuit_decorator.py took 0.389 seconds
[2023-11-20T19:22:40.478+0000] {processor.py:157} INFO - Started process (PID=263) to work on /home/airflow/.local/lib/python3.8/site-packages/airflow/example_dags/example_short_circuit_decorator.py
[2023-11-20T19:22:40.495+0000] {processor.py:829} INFO - Processing file /home/airflow/.local/lib/python3.8/site-packages/airflow/example_dags/example_short_circuit_decorator.py for tasks to queue
[2023-11-20T19:22:40.527+0000] {logging_mixin.py:151} INFO - [2023-11-20T19:22:40.519+0000] {dagbag.py:536} INFO - Filling up the DagBag from /home/airflow/.local/lib/python3.8/site-packages/airflow/example_dags/example_short_circuit_decorator.py
[2023-11-20T19:22:40.871+0000] {processor.py:839} INFO - DAG(s) dict_keys(['example_short_circuit_decorator']) retrieved from /home/airflow/.local/lib/python3.8/site-packages/airflow/example_dags/example_short_circuit_decorator.py
[2023-11-20T19:22:41.000+0000] {logging_mixin.py:151} INFO - [2023-11-20T19:22:41.000+0000] {dag.py:2941} INFO - Sync 1 DAGs
[2023-11-20T19:22:41.074+0000] {logging_mixin.py:151} INFO - [2023-11-20T19:22:41.074+0000] {dag.py:3722} INFO - Setting next_dagrun for example_short_circuit_decorator to 2023-11-19T19:22:41.073509+00:00, run_after=2023-11-20T19:22:41.073509+00:00
[2023-11-20T19:22:41.120+0000] {processor.py:179} INFO - Processing /home/airflow/.local/lib/python3.8/site-packages/airflow/example_dags/example_short_circuit_decorator.py took 0.751 seconds
[2023-11-20T19:23:16.854+0000] {processor.py:157} INFO - Started process (PID=323) to work on /home/airflow/.local/lib/python3.8/site-packages/airflow/example_dags/example_short_circuit_decorator.py
[2023-11-20T19:23:16.864+0000] {processor.py:829} INFO - Processing file /home/airflow/.local/lib/python3.8/site-packages/airflow/example_dags/example_short_circuit_decorator.py for tasks to queue
[2023-11-20T19:23:16.868+0000] {logging_mixin.py:151} INFO - [2023-11-20T19:23:16.867+0000] {dagbag.py:536} INFO - Filling up the DagBag from /home/airflow/.local/lib/python3.8/site-packages/airflow/example_dags/example_short_circuit_decorator.py
[2023-11-20T19:23:17.041+0000] {processor.py:839} INFO - DAG(s) dict_keys(['example_short_circuit_decorator']) retrieved from /home/airflow/.local/lib/python3.8/site-packages/airflow/example_dags/example_short_circuit_decorator.py
[2023-11-20T19:23:18.142+0000] {logging_mixin.py:151} INFO - [2023-11-20T19:23:18.141+0000] {dag.py:2941} INFO - Sync 1 DAGs
[2023-11-20T19:23:18.236+0000] {logging_mixin.py:151} INFO - [2023-11-20T19:23:18.236+0000] {dag.py:3722} INFO - Setting next_dagrun for example_short_circuit_decorator to 2023-11-19T19:23:18.235434+00:00, run_after=2023-11-20T19:23:18.235434+00:00
[2023-11-20T19:23:18.346+0000] {processor.py:179} INFO - Processing /home/airflow/.local/lib/python3.8/site-packages/airflow/example_dags/example_short_circuit_decorator.py took 1.508 seconds
[2023-11-20T19:23:50.293+0000] {processor.py:157} INFO - Started process (PID=382) to work on /home/airflow/.local/lib/python3.8/site-packages/airflow/example_dags/example_short_circuit_decorator.py
[2023-11-20T19:23:50.299+0000] {processor.py:829} INFO - Processing file /home/airflow/.local/lib/python3.8/site-packages/airflow/example_dags/example_short_circuit_decorator.py for tasks to queue
[2023-11-20T19:23:50.319+0000] {logging_mixin.py:151} INFO - [2023-11-20T19:23:50.317+0000] {dagbag.py:536} INFO - Filling up the DagBag from /home/airflow/.local/lib/python3.8/site-packages/airflow/example_dags/example_short_circuit_decorator.py
[2023-11-20T19:23:50.390+0000] {processor.py:839} INFO - DAG(s) dict_keys(['example_short_circuit_decorator']) retrieved from /home/airflow/.local/lib/python3.8/site-packages/airflow/example_dags/example_short_circuit_decorator.py
[2023-11-20T19:23:50.601+0000] {logging_mixin.py:151} INFO - [2023-11-20T19:23:50.601+0000] {dag.py:2941} INFO - Sync 1 DAGs
[2023-11-20T19:23:50.943+0000] {logging_mixin.py:151} INFO - [2023-11-20T19:23:50.941+0000] {dag.py:3722} INFO - Setting next_dagrun for example_short_circuit_decorator to 2023-11-19T19:23:50.939502+00:00, run_after=2023-11-20T19:23:50.939502+00:00
[2023-11-20T19:23:51.070+0000] {processor.py:179} INFO - Processing /home/airflow/.local/lib/python3.8/site-packages/airflow/example_dags/example_short_circuit_decorator.py took 0.789 seconds
[2023-11-20T19:24:21.193+0000] {processor.py:157} INFO - Started process (PID=441) to work on /home/airflow/.local/lib/python3.8/site-packages/airflow/example_dags/example_short_circuit_decorator.py
[2023-11-20T19:24:21.195+0000] {processor.py:829} INFO - Processing file /home/airflow/.local/lib/python3.8/site-packages/airflow/example_dags/example_short_circuit_decorator.py for tasks to queue
[2023-11-20T19:24:21.196+0000] {logging_mixin.py:151} INFO - [2023-11-20T19:24:21.196+0000] {dagbag.py:536} INFO - Filling up the DagBag from /home/airflow/.local/lib/python3.8/site-packages/airflow/example_dags/example_short_circuit_decorator.py
[2023-11-20T19:24:21.216+0000] {processor.py:839} INFO - DAG(s) dict_keys(['example_short_circuit_decorator']) retrieved from /home/airflow/.local/lib/python3.8/site-packages/airflow/example_dags/example_short_circuit_decorator.py
[2023-11-20T19:24:21.251+0000] {logging_mixin.py:151} INFO - [2023-11-20T19:24:21.251+0000] {dag.py:2941} INFO - Sync 1 DAGs
[2023-11-20T19:24:21.281+0000] {logging_mixin.py:151} INFO - [2023-11-20T19:24:21.281+0000] {dag.py:3722} INFO - Setting next_dagrun for example_short_circuit_decorator to 2023-11-19T19:24:21.280696+00:00, run_after=2023-11-20T19:24:21.280696+00:00
[2023-11-20T19:24:21.302+0000] {processor.py:179} INFO - Processing /home/airflow/.local/lib/python3.8/site-packages/airflow/example_dags/example_short_circuit_decorator.py took 0.113 seconds
[2023-11-20T19:24:52.095+0000] {processor.py:157} INFO - Started process (PID=502) to work on /home/airflow/.local/lib/python3.8/site-packages/airflow/example_dags/example_short_circuit_decorator.py
[2023-11-20T19:24:52.133+0000] {processor.py:829} INFO - Processing file /home/airflow/.local/lib/python3.8/site-packages/airflow/example_dags/example_short_circuit_decorator.py for tasks to queue
[2023-11-20T19:24:52.136+0000] {logging_mixin.py:151} INFO - [2023-11-20T19:24:52.135+0000] {dagbag.py:536} INFO - Filling up the DagBag from /home/airflow/.local/lib/python3.8/site-packages/airflow/example_dags/example_short_circuit_decorator.py
[2023-11-20T19:24:52.197+0000] {processor.py:839} INFO - DAG(s) dict_keys(['example_short_circuit_decorator']) retrieved from /home/airflow/.local/lib/python3.8/site-packages/airflow/example_dags/example_short_circuit_decorator.py
[2023-11-20T19:24:52.368+0000] {logging_mixin.py:151} INFO - [2023-11-20T19:24:52.358+0000] {dag.py:2941} INFO - Sync 1 DAGs
[2023-11-20T19:24:53.096+0000] {logging_mixin.py:151} INFO - [2023-11-20T19:24:53.093+0000] {dag.py:3722} INFO - Setting next_dagrun for example_short_circuit_decorator to 2023-11-19T19:24:53.079107+00:00, run_after=2023-11-20T19:24:53.079107+00:00
[2023-11-20T19:24:53.328+0000] {processor.py:179} INFO - Processing /home/airflow/.local/lib/python3.8/site-packages/airflow/example_dags/example_short_circuit_decorator.py took 1.250 seconds
[2023-11-20T19:25:25.831+0000] {processor.py:157} INFO - Started process (PID=536) to work on /home/airflow/.local/lib/python3.8/site-packages/airflow/example_dags/example_short_circuit_decorator.py
[2023-11-20T19:25:25.838+0000] {processor.py:829} INFO - Processing file /home/airflow/.local/lib/python3.8/site-packages/airflow/example_dags/example_short_circuit_decorator.py for tasks to queue
[2023-11-20T19:25:25.839+0000] {logging_mixin.py:151} INFO - [2023-11-20T19:25:25.839+0000] {dagbag.py:536} INFO - Filling up the DagBag from /home/airflow/.local/lib/python3.8/site-packages/airflow/example_dags/example_short_circuit_decorator.py
[2023-11-20T19:25:25.855+0000] {processor.py:839} INFO - DAG(s) dict_keys(['example_short_circuit_decorator']) retrieved from /home/airflow/.local/lib/python3.8/site-packages/airflow/example_dags/example_short_circuit_decorator.py
[2023-11-20T19:25:25.896+0000] {logging_mixin.py:151} INFO - [2023-11-20T19:25:25.895+0000] {dag.py:2941} INFO - Sync 1 DAGs
[2023-11-20T19:25:25.970+0000] {logging_mixin.py:151} INFO - [2023-11-20T19:25:25.970+0000] {dag.py:3722} INFO - Setting next_dagrun for example_short_circuit_decorator to 2023-11-19T19:25:25.970119+00:00, run_after=2023-11-20T19:25:25.970119+00:00
[2023-11-20T19:25:26.048+0000] {processor.py:179} INFO - Processing /home/airflow/.local/lib/python3.8/site-packages/airflow/example_dags/example_short_circuit_decorator.py took 0.224 seconds
[2023-11-20T19:25:56.980+0000] {processor.py:157} INFO - Started process (PID=597) to work on /home/airflow/.local/lib/python3.8/site-packages/airflow/example_dags/example_short_circuit_decorator.py
[2023-11-20T19:25:56.983+0000] {processor.py:829} INFO - Processing file /home/airflow/.local/lib/python3.8/site-packages/airflow/example_dags/example_short_circuit_decorator.py for tasks to queue
[2023-11-20T19:25:56.986+0000] {logging_mixin.py:151} INFO - [2023-11-20T19:25:56.985+0000] {dagbag.py:536} INFO - Filling up the DagBag from /home/airflow/.local/lib/python3.8/site-packages/airflow/example_dags/example_short_circuit_decorator.py
[2023-11-20T19:25:57.030+0000] {processor.py:839} INFO - DAG(s) dict_keys(['example_short_circuit_decorator']) retrieved from /home/airflow/.local/lib/python3.8/site-packages/airflow/example_dags/example_short_circuit_decorator.py
[2023-11-20T19:25:57.189+0000] {logging_mixin.py:151} INFO - [2023-11-20T19:25:57.188+0000] {dag.py:2941} INFO - Sync 1 DAGs
[2023-11-20T19:25:57.236+0000] {logging_mixin.py:151} INFO - [2023-11-20T19:25:57.235+0000] {dag.py:3722} INFO - Setting next_dagrun for example_short_circuit_decorator to 2023-11-19T19:25:57.235402+00:00, run_after=2023-11-20T19:25:57.235402+00:00
[2023-11-20T19:25:57.275+0000] {processor.py:179} INFO - Processing /home/airflow/.local/lib/python3.8/site-packages/airflow/example_dags/example_short_circuit_decorator.py took 0.299 seconds
[2023-11-20T19:26:28.925+0000] {processor.py:157} INFO - Started process (PID=651) to work on /home/airflow/.local/lib/python3.8/site-packages/airflow/example_dags/example_short_circuit_decorator.py
[2023-11-20T19:26:28.932+0000] {processor.py:829} INFO - Processing file /home/airflow/.local/lib/python3.8/site-packages/airflow/example_dags/example_short_circuit_decorator.py for tasks to queue
[2023-11-20T19:26:28.933+0000] {logging_mixin.py:151} INFO - [2023-11-20T19:26:28.933+0000] {dagbag.py:536} INFO - Filling up the DagBag from /home/airflow/.local/lib/python3.8/site-packages/airflow/example_dags/example_short_circuit_decorator.py
[2023-11-20T19:26:28.950+0000] {processor.py:839} INFO - DAG(s) dict_keys(['example_short_circuit_decorator']) retrieved from /home/airflow/.local/lib/python3.8/site-packages/airflow/example_dags/example_short_circuit_decorator.py
[2023-11-20T19:26:28.987+0000] {logging_mixin.py:151} INFO - [2023-11-20T19:26:28.987+0000] {dag.py:2941} INFO - Sync 1 DAGs
[2023-11-20T19:26:29.016+0000] {logging_mixin.py:151} INFO - [2023-11-20T19:26:29.016+0000] {dag.py:3722} INFO - Setting next_dagrun for example_short_circuit_decorator to 2023-11-19T19:26:29.016421+00:00, run_after=2023-11-20T19:26:29.016421+00:00
[2023-11-20T19:26:29.042+0000] {processor.py:179} INFO - Processing /home/airflow/.local/lib/python3.8/site-packages/airflow/example_dags/example_short_circuit_decorator.py took 0.122 seconds
[2023-11-20T19:27:03.053+0000] {processor.py:157} INFO - Started process (PID=711) to work on /home/airflow/.local/lib/python3.8/site-packages/airflow/example_dags/example_short_circuit_decorator.py
[2023-11-20T19:27:03.057+0000] {processor.py:829} INFO - Processing file /home/airflow/.local/lib/python3.8/site-packages/airflow/example_dags/example_short_circuit_decorator.py for tasks to queue
[2023-11-20T19:27:03.060+0000] {logging_mixin.py:151} INFO - [2023-11-20T19:27:03.059+0000] {dagbag.py:536} INFO - Filling up the DagBag from /home/airflow/.local/lib/python3.8/site-packages/airflow/example_dags/example_short_circuit_decorator.py
[2023-11-20T19:27:03.089+0000] {processor.py:839} INFO - DAG(s) dict_keys(['example_short_circuit_decorator']) retrieved from /home/airflow/.local/lib/python3.8/site-packages/airflow/example_dags/example_short_circuit_decorator.py
[2023-11-20T19:27:03.147+0000] {logging_mixin.py:151} INFO - [2023-11-20T19:27:03.147+0000] {dag.py:2941} INFO - Sync 1 DAGs
[2023-11-20T19:27:03.217+0000] {logging_mixin.py:151} INFO - [2023-11-20T19:27:03.217+0000] {dag.py:3722} INFO - Setting next_dagrun for example_short_circuit_decorator to 2023-11-19T19:27:03.216706+00:00, run_after=2023-11-20T19:27:03.216706+00:00
[2023-11-20T19:27:03.288+0000] {processor.py:179} INFO - Processing /home/airflow/.local/lib/python3.8/site-packages/airflow/example_dags/example_short_circuit_decorator.py took 0.245 seconds
[2023-11-20T19:27:36.512+0000] {processor.py:157} INFO - Started process (PID=771) to work on /home/airflow/.local/lib/python3.8/site-packages/airflow/example_dags/example_short_circuit_decorator.py
[2023-11-20T19:27:36.515+0000] {processor.py:829} INFO - Processing file /home/airflow/.local/lib/python3.8/site-packages/airflow/example_dags/example_short_circuit_decorator.py for tasks to queue
[2023-11-20T19:27:36.517+0000] {logging_mixin.py:151} INFO - [2023-11-20T19:27:36.517+0000] {dagbag.py:536} INFO - Filling up the DagBag from /home/airflow/.local/lib/python3.8/site-packages/airflow/example_dags/example_short_circuit_decorator.py
[2023-11-20T19:27:36.553+0000] {processor.py:839} INFO - DAG(s) dict_keys(['example_short_circuit_decorator']) retrieved from /home/airflow/.local/lib/python3.8/site-packages/airflow/example_dags/example_short_circuit_decorator.py
[2023-11-20T19:27:36.615+0000] {logging_mixin.py:151} INFO - [2023-11-20T19:27:36.614+0000] {dag.py:2941} INFO - Sync 1 DAGs
[2023-11-20T19:27:36.680+0000] {logging_mixin.py:151} INFO - [2023-11-20T19:27:36.680+0000] {dag.py:3722} INFO - Setting next_dagrun for example_short_circuit_decorator to 2023-11-19T19:27:36.680125+00:00, run_after=2023-11-20T19:27:36.680125+00:00
[2023-11-20T19:27:36.724+0000] {processor.py:179} INFO - Processing /home/airflow/.local/lib/python3.8/site-packages/airflow/example_dags/example_short_circuit_decorator.py took 0.221 seconds
[2023-11-20T19:28:09.700+0000] {processor.py:157} INFO - Started process (PID=832) to work on /home/airflow/.local/lib/python3.8/site-packages/airflow/example_dags/example_short_circuit_decorator.py
[2023-11-20T19:28:09.702+0000] {processor.py:829} INFO - Processing file /home/airflow/.local/lib/python3.8/site-packages/airflow/example_dags/example_short_circuit_decorator.py for tasks to queue
[2023-11-20T19:28:09.703+0000] {logging_mixin.py:151} INFO - [2023-11-20T19:28:09.703+0000] {dagbag.py:536} INFO - Filling up the DagBag from /home/airflow/.local/lib/python3.8/site-packages/airflow/example_dags/example_short_circuit_decorator.py
[2023-11-20T19:28:09.736+0000] {processor.py:839} INFO - DAG(s) dict_keys(['example_short_circuit_decorator']) retrieved from /home/airflow/.local/lib/python3.8/site-packages/airflow/example_dags/example_short_circuit_decorator.py
[2023-11-20T19:28:09.801+0000] {logging_mixin.py:151} INFO - [2023-11-20T19:28:09.800+0000] {dag.py:2941} INFO - Sync 1 DAGs
[2023-11-20T19:28:09.866+0000] {logging_mixin.py:151} INFO - [2023-11-20T19:28:09.866+0000] {dag.py:3722} INFO - Setting next_dagrun for example_short_circuit_decorator to 2023-11-19T19:28:09.865300+00:00, run_after=2023-11-20T19:28:09.865300+00:00
[2023-11-20T19:28:09.920+0000] {processor.py:179} INFO - Processing /home/airflow/.local/lib/python3.8/site-packages/airflow/example_dags/example_short_circuit_decorator.py took 0.231 seconds
[2023-11-20T19:28:41.979+0000] {processor.py:157} INFO - Started process (PID=892) to work on /home/airflow/.local/lib/python3.8/site-packages/airflow/example_dags/example_short_circuit_decorator.py
[2023-11-20T19:28:41.985+0000] {processor.py:829} INFO - Processing file /home/airflow/.local/lib/python3.8/site-packages/airflow/example_dags/example_short_circuit_decorator.py for tasks to queue
[2023-11-20T19:28:41.988+0000] {logging_mixin.py:151} INFO - [2023-11-20T19:28:41.987+0000] {dagbag.py:536} INFO - Filling up the DagBag from /home/airflow/.local/lib/python3.8/site-packages/airflow/example_dags/example_short_circuit_decorator.py
[2023-11-20T19:28:42.017+0000] {processor.py:839} INFO - DAG(s) dict_keys(['example_short_circuit_decorator']) retrieved from /home/airflow/.local/lib/python3.8/site-packages/airflow/example_dags/example_short_circuit_decorator.py
[2023-11-20T19:28:42.093+0000] {logging_mixin.py:151} INFO - [2023-11-20T19:28:42.093+0000] {dag.py:2941} INFO - Sync 1 DAGs
[2023-11-20T19:28:42.154+0000] {logging_mixin.py:151} INFO - [2023-11-20T19:28:42.153+0000] {dag.py:3722} INFO - Setting next_dagrun for example_short_circuit_decorator to 2023-11-19T19:28:42.153454+00:00, run_after=2023-11-20T19:28:42.153454+00:00
[2023-11-20T19:28:42.197+0000] {processor.py:179} INFO - Processing /home/airflow/.local/lib/python3.8/site-packages/airflow/example_dags/example_short_circuit_decorator.py took 0.224 seconds
[2023-11-20T19:29:21.783+0000] {processor.py:157} INFO - Started process (PID=961) to work on /home/airflow/.local/lib/python3.8/site-packages/airflow/example_dags/example_short_circuit_decorator.py
[2023-11-20T19:29:21.786+0000] {processor.py:829} INFO - Processing file /home/airflow/.local/lib/python3.8/site-packages/airflow/example_dags/example_short_circuit_decorator.py for tasks to queue
[2023-11-20T19:29:21.788+0000] {logging_mixin.py:151} INFO - [2023-11-20T19:29:21.788+0000] {dagbag.py:536} INFO - Filling up the DagBag from /home/airflow/.local/lib/python3.8/site-packages/airflow/example_dags/example_short_circuit_decorator.py
[2023-11-20T19:29:21.835+0000] {processor.py:839} INFO - DAG(s) dict_keys(['example_short_circuit_decorator']) retrieved from /home/airflow/.local/lib/python3.8/site-packages/airflow/example_dags/example_short_circuit_decorator.py
[2023-11-20T19:29:21.904+0000] {logging_mixin.py:151} INFO - [2023-11-20T19:29:21.903+0000] {dag.py:2941} INFO - Sync 1 DAGs
[2023-11-20T19:29:21.980+0000] {logging_mixin.py:151} INFO - [2023-11-20T19:29:21.979+0000] {dag.py:3722} INFO - Setting next_dagrun for example_short_circuit_decorator to 2023-11-19T19:29:21.979176+00:00, run_after=2023-11-20T19:29:21.979176+00:00
[2023-11-20T19:29:22.052+0000] {processor.py:179} INFO - Processing /home/airflow/.local/lib/python3.8/site-packages/airflow/example_dags/example_short_circuit_decorator.py took 0.281 seconds
[2023-11-20T19:29:53.672+0000] {processor.py:157} INFO - Started process (PID=1022) to work on /home/airflow/.local/lib/python3.8/site-packages/airflow/example_dags/example_short_circuit_decorator.py
[2023-11-20T19:29:53.673+0000] {processor.py:829} INFO - Processing file /home/airflow/.local/lib/python3.8/site-packages/airflow/example_dags/example_short_circuit_decorator.py for tasks to queue
[2023-11-20T19:29:53.676+0000] {logging_mixin.py:151} INFO - [2023-11-20T19:29:53.675+0000] {dagbag.py:536} INFO - Filling up the DagBag from /home/airflow/.local/lib/python3.8/site-packages/airflow/example_dags/example_short_circuit_decorator.py
[2023-11-20T19:29:53.705+0000] {processor.py:839} INFO - DAG(s) dict_keys(['example_short_circuit_decorator']) retrieved from /home/airflow/.local/lib/python3.8/site-packages/airflow/example_dags/example_short_circuit_decorator.py
[2023-11-20T19:29:53.795+0000] {logging_mixin.py:151} INFO - [2023-11-20T19:29:53.794+0000] {dag.py:2941} INFO - Sync 1 DAGs
[2023-11-20T19:29:53.852+0000] {logging_mixin.py:151} INFO - [2023-11-20T19:29:53.851+0000] {dag.py:3722} INFO - Setting next_dagrun for example_short_circuit_decorator to 2023-11-19T19:29:53.850437+00:00, run_after=2023-11-20T19:29:53.850437+00:00
[2023-11-20T19:29:53.893+0000] {processor.py:179} INFO - Processing /home/airflow/.local/lib/python3.8/site-packages/airflow/example_dags/example_short_circuit_decorator.py took 0.230 seconds
[2023-11-20T19:30:26.486+0000] {processor.py:157} INFO - Started process (PID=1082) to work on /home/airflow/.local/lib/python3.8/site-packages/airflow/example_dags/example_short_circuit_decorator.py
[2023-11-20T19:30:26.494+0000] {processor.py:829} INFO - Processing file /home/airflow/.local/lib/python3.8/site-packages/airflow/example_dags/example_short_circuit_decorator.py for tasks to queue
[2023-11-20T19:30:26.515+0000] {logging_mixin.py:151} INFO - [2023-11-20T19:30:26.511+0000] {dagbag.py:536} INFO - Filling up the DagBag from /home/airflow/.local/lib/python3.8/site-packages/airflow/example_dags/example_short_circuit_decorator.py
[2023-11-20T19:30:26.619+0000] {processor.py:839} INFO - DAG(s) dict_keys(['example_short_circuit_decorator']) retrieved from /home/airflow/.local/lib/python3.8/site-packages/airflow/example_dags/example_short_circuit_decorator.py
[2023-11-20T19:30:26.924+0000] {logging_mixin.py:151} INFO - [2023-11-20T19:30:26.920+0000] {dag.py:2941} INFO - Sync 1 DAGs
[2023-11-20T19:30:27.137+0000] {logging_mixin.py:151} INFO - [2023-11-20T19:30:27.136+0000] {dag.py:3722} INFO - Setting next_dagrun for example_short_circuit_decorator to 2023-11-19T19:30:27.136293+00:00, run_after=2023-11-20T19:30:27.136293+00:00
[2023-11-20T19:30:27.236+0000] {processor.py:179} INFO - Processing /home/airflow/.local/lib/python3.8/site-packages/airflow/example_dags/example_short_circuit_decorator.py took 0.769 seconds
[2023-11-20T19:31:08.854+0000] {processor.py:157} INFO - Started process (PID=1142) to work on /home/airflow/.local/lib/python3.8/site-packages/airflow/example_dags/example_short_circuit_decorator.py
[2023-11-20T19:31:08.878+0000] {processor.py:829} INFO - Processing file /home/airflow/.local/lib/python3.8/site-packages/airflow/example_dags/example_short_circuit_decorator.py for tasks to queue
[2023-11-20T19:31:08.888+0000] {logging_mixin.py:151} INFO - [2023-11-20T19:31:08.885+0000] {dagbag.py:536} INFO - Filling up the DagBag from /home/airflow/.local/lib/python3.8/site-packages/airflow/example_dags/example_short_circuit_decorator.py
[2023-11-20T19:31:09.083+0000] {processor.py:839} INFO - DAG(s) dict_keys(['example_short_circuit_decorator']) retrieved from /home/airflow/.local/lib/python3.8/site-packages/airflow/example_dags/example_short_circuit_decorator.py
[2023-11-20T19:31:09.304+0000] {logging_mixin.py:151} INFO - [2023-11-20T19:31:09.303+0000] {dag.py:2941} INFO - Sync 1 DAGs
[2023-11-20T19:31:09.388+0000] {logging_mixin.py:151} INFO - [2023-11-20T19:31:09.388+0000] {dag.py:3722} INFO - Setting next_dagrun for example_short_circuit_decorator to 2023-11-19T19:31:09.387269+00:00, run_after=2023-11-20T19:31:09.387269+00:00
[2023-11-20T19:31:09.475+0000] {processor.py:179} INFO - Processing /home/airflow/.local/lib/python3.8/site-packages/airflow/example_dags/example_short_circuit_decorator.py took 0.804 seconds
[2023-11-20T19:31:41.506+0000] {processor.py:157} INFO - Started process (PID=1202) to work on /home/airflow/.local/lib/python3.8/site-packages/airflow/example_dags/example_short_circuit_decorator.py
[2023-11-20T19:31:41.513+0000] {processor.py:829} INFO - Processing file /home/airflow/.local/lib/python3.8/site-packages/airflow/example_dags/example_short_circuit_decorator.py for tasks to queue
[2023-11-20T19:31:41.515+0000] {logging_mixin.py:151} INFO - [2023-11-20T19:31:41.514+0000] {dagbag.py:536} INFO - Filling up the DagBag from /home/airflow/.local/lib/python3.8/site-packages/airflow/example_dags/example_short_circuit_decorator.py
[2023-11-20T19:31:41.557+0000] {processor.py:839} INFO - DAG(s) dict_keys(['example_short_circuit_decorator']) retrieved from /home/airflow/.local/lib/python3.8/site-packages/airflow/example_dags/example_short_circuit_decorator.py
[2023-11-20T19:31:41.653+0000] {logging_mixin.py:151} INFO - [2023-11-20T19:31:41.652+0000] {dag.py:2941} INFO - Sync 1 DAGs
[2023-11-20T19:31:41.768+0000] {logging_mixin.py:151} INFO - [2023-11-20T19:31:41.767+0000] {dag.py:3722} INFO - Setting next_dagrun for example_short_circuit_decorator to 2023-11-19T19:31:41.766900+00:00, run_after=2023-11-20T19:31:41.766900+00:00
[2023-11-20T19:31:41.858+0000] {processor.py:179} INFO - Processing /home/airflow/.local/lib/python3.8/site-packages/airflow/example_dags/example_short_circuit_decorator.py took 0.362 seconds
[2023-11-20T19:33:21.229+0000] {processor.py:157} INFO - Started process (PID=1281) to work on /home/airflow/.local/lib/python3.8/site-packages/airflow/example_dags/example_short_circuit_decorator.py
[2023-11-20T19:33:21.238+0000] {processor.py:829} INFO - Processing file /home/airflow/.local/lib/python3.8/site-packages/airflow/example_dags/example_short_circuit_decorator.py for tasks to queue
[2023-11-20T19:33:21.263+0000] {logging_mixin.py:151} INFO - [2023-11-20T19:33:21.262+0000] {dagbag.py:536} INFO - Filling up the DagBag from /home/airflow/.local/lib/python3.8/site-packages/airflow/example_dags/example_short_circuit_decorator.py
[2023-11-20T19:33:21.382+0000] {processor.py:839} INFO - DAG(s) dict_keys(['example_short_circuit_decorator']) retrieved from /home/airflow/.local/lib/python3.8/site-packages/airflow/example_dags/example_short_circuit_decorator.py
[2023-11-20T19:33:21.551+0000] {logging_mixin.py:151} INFO - [2023-11-20T19:33:21.550+0000] {dag.py:2941} INFO - Sync 1 DAGs
[2023-11-20T19:33:21.640+0000] {logging_mixin.py:151} INFO - [2023-11-20T19:33:21.640+0000] {dag.py:3722} INFO - Setting next_dagrun for example_short_circuit_decorator to 2023-11-19T19:33:21.639183+00:00, run_after=2023-11-20T19:33:21.639183+00:00
[2023-11-20T19:33:21.723+0000] {processor.py:179} INFO - Processing /home/airflow/.local/lib/python3.8/site-packages/airflow/example_dags/example_short_circuit_decorator.py took 0.541 seconds
[2023-11-20T19:33:52.157+0000] {processor.py:157} INFO - Started process (PID=1338) to work on /home/airflow/.local/lib/python3.8/site-packages/airflow/example_dags/example_short_circuit_decorator.py
[2023-11-20T19:33:52.159+0000] {processor.py:829} INFO - Processing file /home/airflow/.local/lib/python3.8/site-packages/airflow/example_dags/example_short_circuit_decorator.py for tasks to queue
[2023-11-20T19:33:52.162+0000] {logging_mixin.py:151} INFO - [2023-11-20T19:33:52.161+0000] {dagbag.py:536} INFO - Filling up the DagBag from /home/airflow/.local/lib/python3.8/site-packages/airflow/example_dags/example_short_circuit_decorator.py
[2023-11-20T19:33:52.197+0000] {processor.py:839} INFO - DAG(s) dict_keys(['example_short_circuit_decorator']) retrieved from /home/airflow/.local/lib/python3.8/site-packages/airflow/example_dags/example_short_circuit_decorator.py
[2023-11-20T19:33:52.350+0000] {logging_mixin.py:151} INFO - [2023-11-20T19:33:52.349+0000] {dag.py:2941} INFO - Sync 1 DAGs
[2023-11-20T19:33:52.428+0000] {logging_mixin.py:151} INFO - [2023-11-20T19:33:52.428+0000] {dag.py:3722} INFO - Setting next_dagrun for example_short_circuit_decorator to 2023-11-19T19:33:52.427033+00:00, run_after=2023-11-20T19:33:52.427033+00:00
[2023-11-20T19:33:52.500+0000] {processor.py:179} INFO - Processing /home/airflow/.local/lib/python3.8/site-packages/airflow/example_dags/example_short_circuit_decorator.py took 0.359 seconds
[2023-11-20T19:34:23.884+0000] {processor.py:157} INFO - Started process (PID=1398) to work on /home/airflow/.local/lib/python3.8/site-packages/airflow/example_dags/example_short_circuit_decorator.py
[2023-11-20T19:34:23.896+0000] {processor.py:829} INFO - Processing file /home/airflow/.local/lib/python3.8/site-packages/airflow/example_dags/example_short_circuit_decorator.py for tasks to queue
[2023-11-20T19:34:23.920+0000] {logging_mixin.py:151} INFO - [2023-11-20T19:34:23.919+0000] {dagbag.py:536} INFO - Filling up the DagBag from /home/airflow/.local/lib/python3.8/site-packages/airflow/example_dags/example_short_circuit_decorator.py
[2023-11-20T19:34:23.983+0000] {processor.py:839} INFO - DAG(s) dict_keys(['example_short_circuit_decorator']) retrieved from /home/airflow/.local/lib/python3.8/site-packages/airflow/example_dags/example_short_circuit_decorator.py
[2023-11-20T19:34:24.153+0000] {logging_mixin.py:151} INFO - [2023-11-20T19:34:24.153+0000] {dag.py:2941} INFO - Sync 1 DAGs
[2023-11-20T19:34:24.337+0000] {logging_mixin.py:151} INFO - [2023-11-20T19:34:24.325+0000] {dag.py:3722} INFO - Setting next_dagrun for example_short_circuit_decorator to 2023-11-19T19:34:24.324514+00:00, run_after=2023-11-20T19:34:24.324514+00:00
[2023-11-20T19:34:24.422+0000] {processor.py:179} INFO - Processing /home/airflow/.local/lib/python3.8/site-packages/airflow/example_dags/example_short_circuit_decorator.py took 0.544 seconds
[2023-11-20T19:34:58.631+0000] {processor.py:157} INFO - Started process (PID=1458) to work on /home/airflow/.local/lib/python3.8/site-packages/airflow/example_dags/example_short_circuit_decorator.py
[2023-11-20T19:34:58.635+0000] {processor.py:829} INFO - Processing file /home/airflow/.local/lib/python3.8/site-packages/airflow/example_dags/example_short_circuit_decorator.py for tasks to queue
[2023-11-20T19:34:58.645+0000] {logging_mixin.py:151} INFO - [2023-11-20T19:34:58.644+0000] {dagbag.py:536} INFO - Filling up the DagBag from /home/airflow/.local/lib/python3.8/site-packages/airflow/example_dags/example_short_circuit_decorator.py
[2023-11-20T19:34:58.678+0000] {processor.py:839} INFO - DAG(s) dict_keys(['example_short_circuit_decorator']) retrieved from /home/airflow/.local/lib/python3.8/site-packages/airflow/example_dags/example_short_circuit_decorator.py
[2023-11-20T19:34:58.736+0000] {logging_mixin.py:151} INFO - [2023-11-20T19:34:58.735+0000] {dag.py:2941} INFO - Sync 1 DAGs
[2023-11-20T19:34:58.807+0000] {logging_mixin.py:151} INFO - [2023-11-20T19:34:58.806+0000] {dag.py:3722} INFO - Setting next_dagrun for example_short_circuit_decorator to 2023-11-19T19:34:58.805266+00:00, run_after=2023-11-20T19:34:58.805266+00:00
[2023-11-20T19:34:58.844+0000] {processor.py:179} INFO - Processing /home/airflow/.local/lib/python3.8/site-packages/airflow/example_dags/example_short_circuit_decorator.py took 0.220 seconds
[2023-11-20T19:35:37.595+0000] {processor.py:157} INFO - Started process (PID=1504) to work on /home/airflow/.local/lib/python3.8/site-packages/airflow/example_dags/example_short_circuit_decorator.py
[2023-11-20T19:35:37.602+0000] {processor.py:829} INFO - Processing file /home/airflow/.local/lib/python3.8/site-packages/airflow/example_dags/example_short_circuit_decorator.py for tasks to queue
[2023-11-20T19:35:37.605+0000] {logging_mixin.py:151} INFO - [2023-11-20T19:35:37.604+0000] {dagbag.py:536} INFO - Filling up the DagBag from /home/airflow/.local/lib/python3.8/site-packages/airflow/example_dags/example_short_circuit_decorator.py
[2023-11-20T19:35:37.639+0000] {processor.py:839} INFO - DAG(s) dict_keys(['example_short_circuit_decorator']) retrieved from /home/airflow/.local/lib/python3.8/site-packages/airflow/example_dags/example_short_circuit_decorator.py
[2023-11-20T19:35:37.709+0000] {logging_mixin.py:151} INFO - [2023-11-20T19:35:37.709+0000] {dag.py:2941} INFO - Sync 1 DAGs
[2023-11-20T19:35:37.790+0000] {logging_mixin.py:151} INFO - [2023-11-20T19:35:37.789+0000] {dag.py:3722} INFO - Setting next_dagrun for example_short_circuit_decorator to 2023-11-19T19:35:37.788374+00:00, run_after=2023-11-20T19:35:37.788374+00:00
[2023-11-20T19:35:37.841+0000] {processor.py:179} INFO - Processing /home/airflow/.local/lib/python3.8/site-packages/airflow/example_dags/example_short_circuit_decorator.py took 0.257 seconds
[2023-11-20T19:36:10.999+0000] {processor.py:157} INFO - Started process (PID=1564) to work on /home/airflow/.local/lib/python3.8/site-packages/airflow/example_dags/example_short_circuit_decorator.py
[2023-11-20T19:36:11.002+0000] {processor.py:829} INFO - Processing file /home/airflow/.local/lib/python3.8/site-packages/airflow/example_dags/example_short_circuit_decorator.py for tasks to queue
[2023-11-20T19:36:11.004+0000] {logging_mixin.py:151} INFO - [2023-11-20T19:36:11.003+0000] {dagbag.py:536} INFO - Filling up the DagBag from /home/airflow/.local/lib/python3.8/site-packages/airflow/example_dags/example_short_circuit_decorator.py
[2023-11-20T19:36:11.024+0000] {processor.py:839} INFO - DAG(s) dict_keys(['example_short_circuit_decorator']) retrieved from /home/airflow/.local/lib/python3.8/site-packages/airflow/example_dags/example_short_circuit_decorator.py
[2023-11-20T19:36:11.066+0000] {logging_mixin.py:151} INFO - [2023-11-20T19:36:11.066+0000] {dag.py:2941} INFO - Sync 1 DAGs
[2023-11-20T19:36:11.105+0000] {logging_mixin.py:151} INFO - [2023-11-20T19:36:11.105+0000] {dag.py:3722} INFO - Setting next_dagrun for example_short_circuit_decorator to 2023-11-19T19:36:11.104944+00:00, run_after=2023-11-20T19:36:11.104944+00:00
[2023-11-20T19:36:11.135+0000] {processor.py:179} INFO - Processing /home/airflow/.local/lib/python3.8/site-packages/airflow/example_dags/example_short_circuit_decorator.py took 0.142 seconds
[2023-11-20T19:36:42.851+0000] {processor.py:157} INFO - Started process (PID=1631) to work on /home/airflow/.local/lib/python3.8/site-packages/airflow/example_dags/example_short_circuit_decorator.py
[2023-11-20T19:36:42.852+0000] {processor.py:829} INFO - Processing file /home/airflow/.local/lib/python3.8/site-packages/airflow/example_dags/example_short_circuit_decorator.py for tasks to queue
[2023-11-20T19:36:42.854+0000] {logging_mixin.py:151} INFO - [2023-11-20T19:36:42.853+0000] {dagbag.py:536} INFO - Filling up the DagBag from /home/airflow/.local/lib/python3.8/site-packages/airflow/example_dags/example_short_circuit_decorator.py
[2023-11-20T19:36:42.869+0000] {processor.py:839} INFO - DAG(s) dict_keys(['example_short_circuit_decorator']) retrieved from /home/airflow/.local/lib/python3.8/site-packages/airflow/example_dags/example_short_circuit_decorator.py
[2023-11-20T19:36:42.927+0000] {logging_mixin.py:151} INFO - [2023-11-20T19:36:42.927+0000] {dag.py:2941} INFO - Sync 1 DAGs
[2023-11-20T19:36:42.972+0000] {logging_mixin.py:151} INFO - [2023-11-20T19:36:42.971+0000] {dag.py:3722} INFO - Setting next_dagrun for example_short_circuit_decorator to 2023-11-19T19:36:42.971550+00:00, run_after=2023-11-20T19:36:42.971550+00:00
[2023-11-20T19:36:43.017+0000] {processor.py:179} INFO - Processing /home/airflow/.local/lib/python3.8/site-packages/airflow/example_dags/example_short_circuit_decorator.py took 0.173 seconds
[2023-11-20T19:37:29.242+0000] {processor.py:157} INFO - Started process (PID=1689) to work on /home/airflow/.local/lib/python3.8/site-packages/airflow/example_dags/example_short_circuit_decorator.py
[2023-11-20T19:37:29.251+0000] {processor.py:829} INFO - Processing file /home/airflow/.local/lib/python3.8/site-packages/airflow/example_dags/example_short_circuit_decorator.py for tasks to queue
[2023-11-20T19:37:29.253+0000] {logging_mixin.py:151} INFO - [2023-11-20T19:37:29.252+0000] {dagbag.py:536} INFO - Filling up the DagBag from /home/airflow/.local/lib/python3.8/site-packages/airflow/example_dags/example_short_circuit_decorator.py
[2023-11-20T19:37:29.280+0000] {processor.py:839} INFO - DAG(s) dict_keys(['example_short_circuit_decorator']) retrieved from /home/airflow/.local/lib/python3.8/site-packages/airflow/example_dags/example_short_circuit_decorator.py
[2023-11-20T19:37:29.350+0000] {logging_mixin.py:151} INFO - [2023-11-20T19:37:29.350+0000] {dag.py:2941} INFO - Sync 1 DAGs
[2023-11-20T19:37:29.412+0000] {logging_mixin.py:151} INFO - [2023-11-20T19:37:29.411+0000] {dag.py:3722} INFO - Setting next_dagrun for example_short_circuit_decorator to 2023-11-19T19:37:29.410581+00:00, run_after=2023-11-20T19:37:29.410581+00:00
[2023-11-20T19:37:29.458+0000] {processor.py:179} INFO - Processing /home/airflow/.local/lib/python3.8/site-packages/airflow/example_dags/example_short_circuit_decorator.py took 0.224 seconds
[2023-11-20T19:38:11.924+0000] {processor.py:157} INFO - Started process (PID=1749) to work on /home/airflow/.local/lib/python3.8/site-packages/airflow/example_dags/example_short_circuit_decorator.py
[2023-11-20T19:38:11.932+0000] {processor.py:829} INFO - Processing file /home/airflow/.local/lib/python3.8/site-packages/airflow/example_dags/example_short_circuit_decorator.py for tasks to queue
[2023-11-20T19:38:11.935+0000] {logging_mixin.py:151} INFO - [2023-11-20T19:38:11.935+0000] {dagbag.py:536} INFO - Filling up the DagBag from /home/airflow/.local/lib/python3.8/site-packages/airflow/example_dags/example_short_circuit_decorator.py
[2023-11-20T19:38:11.987+0000] {processor.py:839} INFO - DAG(s) dict_keys(['example_short_circuit_decorator']) retrieved from /home/airflow/.local/lib/python3.8/site-packages/airflow/example_dags/example_short_circuit_decorator.py
[2023-11-20T19:38:12.117+0000] {logging_mixin.py:151} INFO - [2023-11-20T19:38:12.110+0000] {dag.py:2941} INFO - Sync 1 DAGs
[2023-11-20T19:38:12.340+0000] {logging_mixin.py:151} INFO - [2023-11-20T19:38:12.339+0000] {dag.py:3722} INFO - Setting next_dagrun for example_short_circuit_decorator to 2023-11-19T19:38:12.334192+00:00, run_after=2023-11-20T19:38:12.334192+00:00
[2023-11-20T19:38:12.459+0000] {processor.py:179} INFO - Processing /home/airflow/.local/lib/python3.8/site-packages/airflow/example_dags/example_short_circuit_decorator.py took 0.550 seconds
[2023-11-20T19:38:43.029+0000] {processor.py:157} INFO - Started process (PID=1809) to work on /home/airflow/.local/lib/python3.8/site-packages/airflow/example_dags/example_short_circuit_decorator.py
[2023-11-20T19:38:43.034+0000] {processor.py:829} INFO - Processing file /home/airflow/.local/lib/python3.8/site-packages/airflow/example_dags/example_short_circuit_decorator.py for tasks to queue
[2023-11-20T19:38:43.037+0000] {logging_mixin.py:151} INFO - [2023-11-20T19:38:43.036+0000] {dagbag.py:536} INFO - Filling up the DagBag from /home/airflow/.local/lib/python3.8/site-packages/airflow/example_dags/example_short_circuit_decorator.py
[2023-11-20T19:38:43.077+0000] {processor.py:839} INFO - DAG(s) dict_keys(['example_short_circuit_decorator']) retrieved from /home/airflow/.local/lib/python3.8/site-packages/airflow/example_dags/example_short_circuit_decorator.py
[2023-11-20T19:38:43.157+0000] {logging_mixin.py:151} INFO - [2023-11-20T19:38:43.156+0000] {dag.py:2941} INFO - Sync 1 DAGs
[2023-11-20T19:38:43.259+0000] {logging_mixin.py:151} INFO - [2023-11-20T19:38:43.259+0000] {dag.py:3722} INFO - Setting next_dagrun for example_short_circuit_decorator to 2023-11-19T19:38:43.259227+00:00, run_after=2023-11-20T19:38:43.259227+00:00
[2023-11-20T19:38:43.305+0000] {processor.py:179} INFO - Processing /home/airflow/.local/lib/python3.8/site-packages/airflow/example_dags/example_short_circuit_decorator.py took 0.287 seconds
[2023-11-20T19:39:21.605+0000] {processor.py:157} INFO - Started process (PID=1876) to work on /home/airflow/.local/lib/python3.8/site-packages/airflow/example_dags/example_short_circuit_decorator.py
[2023-11-20T19:39:21.608+0000] {processor.py:829} INFO - Processing file /home/airflow/.local/lib/python3.8/site-packages/airflow/example_dags/example_short_circuit_decorator.py for tasks to queue
[2023-11-20T19:39:21.610+0000] {logging_mixin.py:151} INFO - [2023-11-20T19:39:21.609+0000] {dagbag.py:536} INFO - Filling up the DagBag from /home/airflow/.local/lib/python3.8/site-packages/airflow/example_dags/example_short_circuit_decorator.py
[2023-11-20T19:39:21.633+0000] {processor.py:839} INFO - DAG(s) dict_keys(['example_short_circuit_decorator']) retrieved from /home/airflow/.local/lib/python3.8/site-packages/airflow/example_dags/example_short_circuit_decorator.py
[2023-11-20T19:39:21.720+0000] {logging_mixin.py:151} INFO - [2023-11-20T19:39:21.720+0000] {dag.py:2941} INFO - Sync 1 DAGs
[2023-11-20T19:39:21.794+0000] {logging_mixin.py:151} INFO - [2023-11-20T19:39:21.794+0000] {dag.py:3722} INFO - Setting next_dagrun for example_short_circuit_decorator to 2023-11-19T19:39:21.793118+00:00, run_after=2023-11-20T19:39:21.793118+00:00
[2023-11-20T19:39:21.852+0000] {processor.py:179} INFO - Processing /home/airflow/.local/lib/python3.8/site-packages/airflow/example_dags/example_short_circuit_decorator.py took 0.253 seconds
[2023-11-20T19:39:59.971+0000] {processor.py:157} INFO - Started process (PID=1936) to work on /home/airflow/.local/lib/python3.8/site-packages/airflow/example_dags/example_short_circuit_decorator.py
[2023-11-20T19:39:59.975+0000] {processor.py:829} INFO - Processing file /home/airflow/.local/lib/python3.8/site-packages/airflow/example_dags/example_short_circuit_decorator.py for tasks to queue
[2023-11-20T19:39:59.979+0000] {logging_mixin.py:151} INFO - [2023-11-20T19:39:59.978+0000] {dagbag.py:536} INFO - Filling up the DagBag from /home/airflow/.local/lib/python3.8/site-packages/airflow/example_dags/example_short_circuit_decorator.py
[2023-11-20T19:40:00.156+0000] {processor.py:839} INFO - DAG(s) dict_keys(['example_short_circuit_decorator']) retrieved from /home/airflow/.local/lib/python3.8/site-packages/airflow/example_dags/example_short_circuit_decorator.py
[2023-11-20T19:40:00.509+0000] {logging_mixin.py:151} INFO - [2023-11-20T19:40:00.509+0000] {dag.py:2941} INFO - Sync 1 DAGs
[2023-11-20T19:40:00.655+0000] {logging_mixin.py:151} INFO - [2023-11-20T19:40:00.653+0000] {dag.py:3722} INFO - Setting next_dagrun for example_short_circuit_decorator to 2023-11-19T19:40:00.652199+00:00, run_after=2023-11-20T19:40:00.652199+00:00
[2023-11-20T19:40:00.748+0000] {processor.py:179} INFO - Processing /home/airflow/.local/lib/python3.8/site-packages/airflow/example_dags/example_short_circuit_decorator.py took 0.783 seconds
[2023-11-20T19:40:32.975+0000] {processor.py:157} INFO - Started process (PID=1997) to work on /home/airflow/.local/lib/python3.8/site-packages/airflow/example_dags/example_short_circuit_decorator.py
[2023-11-20T19:40:32.978+0000] {processor.py:829} INFO - Processing file /home/airflow/.local/lib/python3.8/site-packages/airflow/example_dags/example_short_circuit_decorator.py for tasks to queue
[2023-11-20T19:40:32.982+0000] {logging_mixin.py:151} INFO - [2023-11-20T19:40:32.982+0000] {dagbag.py:536} INFO - Filling up the DagBag from /home/airflow/.local/lib/python3.8/site-packages/airflow/example_dags/example_short_circuit_decorator.py
[2023-11-20T19:40:33.037+0000] {processor.py:839} INFO - DAG(s) dict_keys(['example_short_circuit_decorator']) retrieved from /home/airflow/.local/lib/python3.8/site-packages/airflow/example_dags/example_short_circuit_decorator.py
[2023-11-20T19:40:33.123+0000] {logging_mixin.py:151} INFO - [2023-11-20T19:40:33.122+0000] {dag.py:2941} INFO - Sync 1 DAGs
[2023-11-20T19:40:33.324+0000] {logging_mixin.py:151} INFO - [2023-11-20T19:40:33.323+0000] {dag.py:3722} INFO - Setting next_dagrun for example_short_circuit_decorator to 2023-11-19T19:40:33.322156+00:00, run_after=2023-11-20T19:40:33.322156+00:00
[2023-11-20T19:40:33.516+0000] {processor.py:179} INFO - Processing /home/airflow/.local/lib/python3.8/site-packages/airflow/example_dags/example_short_circuit_decorator.py took 0.551 seconds
