[2023-11-20T19:20:17.501+0000] {processor.py:157} INFO - Started process (PID=149) to work on /home/airflow/.local/lib/python3.8/site-packages/airflow/example_dags/example_branch_operator.py
[2023-11-20T19:20:17.512+0000] {processor.py:829} INFO - Processing file /home/airflow/.local/lib/python3.8/site-packages/airflow/example_dags/example_branch_operator.py for tasks to queue
[2023-11-20T19:20:17.519+0000] {logging_mixin.py:151} INFO - [2023-11-20T19:20:17.518+0000] {dagbag.py:536} INFO - Filling up the DagBag from /home/airflow/.local/lib/python3.8/site-packages/airflow/example_dags/example_branch_operator.py
[2023-11-20T19:20:17.618+0000] {processor.py:839} INFO - DAG(s) dict_keys(['example_branch_operator']) retrieved from /home/airflow/.local/lib/python3.8/site-packages/airflow/example_dags/example_branch_operator.py
[2023-11-20T19:20:17.794+0000] {logging_mixin.py:151} INFO - [2023-11-20T19:20:17.793+0000] {dag.py:2941} INFO - Sync 1 DAGs
[2023-11-20T19:20:17.911+0000] {logging_mixin.py:151} INFO - [2023-11-20T19:20:17.910+0000] {dag.py:3722} INFO - Setting next_dagrun for example_branch_operator to 2023-11-19T00:00:00+00:00, run_after=2023-11-20T00:00:00+00:00
[2023-11-20T19:20:18.127+0000] {processor.py:179} INFO - Processing /home/airflow/.local/lib/python3.8/site-packages/airflow/example_dags/example_branch_operator.py took 0.645 seconds
[2023-11-20T19:21:52.803+0000] {processor.py:157} INFO - Started process (PID=216) to work on /home/airflow/.local/lib/python3.8/site-packages/airflow/example_dags/example_branch_operator.py
[2023-11-20T19:21:52.805+0000] {processor.py:829} INFO - Processing file /home/airflow/.local/lib/python3.8/site-packages/airflow/example_dags/example_branch_operator.py for tasks to queue
[2023-11-20T19:21:52.806+0000] {logging_mixin.py:151} INFO - [2023-11-20T19:21:52.805+0000] {dagbag.py:536} INFO - Filling up the DagBag from /home/airflow/.local/lib/python3.8/site-packages/airflow/example_dags/example_branch_operator.py
[2023-11-20T19:21:52.823+0000] {processor.py:839} INFO - DAG(s) dict_keys(['example_branch_operator']) retrieved from /home/airflow/.local/lib/python3.8/site-packages/airflow/example_dags/example_branch_operator.py
[2023-11-20T19:21:52.921+0000] {logging_mixin.py:151} INFO - [2023-11-20T19:21:52.915+0000] {dag.py:2941} INFO - Sync 1 DAGs
[2023-11-20T19:21:53.106+0000] {logging_mixin.py:151} INFO - [2023-11-20T19:21:53.105+0000] {dag.py:3722} INFO - Setting next_dagrun for example_branch_operator to 2023-11-19T00:00:00+00:00, run_after=2023-11-20T00:00:00+00:00
[2023-11-20T19:21:53.174+0000] {processor.py:179} INFO - Processing /home/airflow/.local/lib/python3.8/site-packages/airflow/example_dags/example_branch_operator.py took 0.377 seconds
[2023-11-20T19:22:43.869+0000] {processor.py:157} INFO - Started process (PID=283) to work on /home/airflow/.local/lib/python3.8/site-packages/airflow/example_dags/example_branch_operator.py
[2023-11-20T19:22:43.875+0000] {processor.py:829} INFO - Processing file /home/airflow/.local/lib/python3.8/site-packages/airflow/example_dags/example_branch_operator.py for tasks to queue
[2023-11-20T19:22:43.876+0000] {logging_mixin.py:151} INFO - [2023-11-20T19:22:43.876+0000] {dagbag.py:536} INFO - Filling up the DagBag from /home/airflow/.local/lib/python3.8/site-packages/airflow/example_dags/example_branch_operator.py
[2023-11-20T19:22:43.897+0000] {processor.py:839} INFO - DAG(s) dict_keys(['example_branch_operator']) retrieved from /home/airflow/.local/lib/python3.8/site-packages/airflow/example_dags/example_branch_operator.py
[2023-11-20T19:22:43.944+0000] {logging_mixin.py:151} INFO - [2023-11-20T19:22:43.944+0000] {dag.py:2941} INFO - Sync 1 DAGs
[2023-11-20T19:22:44.008+0000] {logging_mixin.py:151} INFO - [2023-11-20T19:22:44.007+0000] {dag.py:3722} INFO - Setting next_dagrun for example_branch_operator to 2023-11-19T00:00:00+00:00, run_after=2023-11-20T00:00:00+00:00
[2023-11-20T19:22:44.038+0000] {processor.py:179} INFO - Processing /home/airflow/.local/lib/python3.8/site-packages/airflow/example_dags/example_branch_operator.py took 0.174 seconds
[2023-11-20T19:23:22.240+0000] {processor.py:157} INFO - Started process (PID=343) to work on /home/airflow/.local/lib/python3.8/site-packages/airflow/example_dags/example_branch_operator.py
[2023-11-20T19:23:22.244+0000] {processor.py:829} INFO - Processing file /home/airflow/.local/lib/python3.8/site-packages/airflow/example_dags/example_branch_operator.py for tasks to queue
[2023-11-20T19:23:22.245+0000] {logging_mixin.py:151} INFO - [2023-11-20T19:23:22.245+0000] {dagbag.py:536} INFO - Filling up the DagBag from /home/airflow/.local/lib/python3.8/site-packages/airflow/example_dags/example_branch_operator.py
[2023-11-20T19:23:22.264+0000] {processor.py:839} INFO - DAG(s) dict_keys(['example_branch_operator']) retrieved from /home/airflow/.local/lib/python3.8/site-packages/airflow/example_dags/example_branch_operator.py
[2023-11-20T19:23:22.317+0000] {logging_mixin.py:151} INFO - [2023-11-20T19:23:22.316+0000] {dag.py:2941} INFO - Sync 1 DAGs
[2023-11-20T19:23:22.361+0000] {logging_mixin.py:151} INFO - [2023-11-20T19:23:22.361+0000] {dag.py:3722} INFO - Setting next_dagrun for example_branch_operator to 2023-11-19T00:00:00+00:00, run_after=2023-11-20T00:00:00+00:00
[2023-11-20T19:23:22.402+0000] {processor.py:179} INFO - Processing /home/airflow/.local/lib/python3.8/site-packages/airflow/example_dags/example_branch_operator.py took 0.169 seconds
[2023-11-20T19:24:01.383+0000] {processor.py:157} INFO - Started process (PID=408) to work on /home/airflow/.local/lib/python3.8/site-packages/airflow/example_dags/example_branch_operator.py
[2023-11-20T19:24:01.386+0000] {processor.py:829} INFO - Processing file /home/airflow/.local/lib/python3.8/site-packages/airflow/example_dags/example_branch_operator.py for tasks to queue
[2023-11-20T19:24:01.387+0000] {logging_mixin.py:151} INFO - [2023-11-20T19:24:01.387+0000] {dagbag.py:536} INFO - Filling up the DagBag from /home/airflow/.local/lib/python3.8/site-packages/airflow/example_dags/example_branch_operator.py
[2023-11-20T19:24:01.408+0000] {processor.py:839} INFO - DAG(s) dict_keys(['example_branch_operator']) retrieved from /home/airflow/.local/lib/python3.8/site-packages/airflow/example_dags/example_branch_operator.py
[2023-11-20T19:24:01.468+0000] {logging_mixin.py:151} INFO - [2023-11-20T19:24:01.468+0000] {dag.py:2941} INFO - Sync 1 DAGs
[2023-11-20T19:24:01.522+0000] {logging_mixin.py:151} INFO - [2023-11-20T19:24:01.522+0000] {dag.py:3722} INFO - Setting next_dagrun for example_branch_operator to 2023-11-19T00:00:00+00:00, run_after=2023-11-20T00:00:00+00:00
[2023-11-20T19:24:01.568+0000] {processor.py:179} INFO - Processing /home/airflow/.local/lib/python3.8/site-packages/airflow/example_dags/example_branch_operator.py took 0.194 seconds
[2023-11-20T19:24:31.613+0000] {processor.py:157} INFO - Started process (PID=468) to work on /home/airflow/.local/lib/python3.8/site-packages/airflow/example_dags/example_branch_operator.py
[2023-11-20T19:24:31.615+0000] {processor.py:829} INFO - Processing file /home/airflow/.local/lib/python3.8/site-packages/airflow/example_dags/example_branch_operator.py for tasks to queue
[2023-11-20T19:24:31.616+0000] {logging_mixin.py:151} INFO - [2023-11-20T19:24:31.616+0000] {dagbag.py:536} INFO - Filling up the DagBag from /home/airflow/.local/lib/python3.8/site-packages/airflow/example_dags/example_branch_operator.py
[2023-11-20T19:24:31.629+0000] {processor.py:839} INFO - DAG(s) dict_keys(['example_branch_operator']) retrieved from /home/airflow/.local/lib/python3.8/site-packages/airflow/example_dags/example_branch_operator.py
[2023-11-20T19:24:31.664+0000] {logging_mixin.py:151} INFO - [2023-11-20T19:24:31.664+0000] {dag.py:2941} INFO - Sync 1 DAGs
[2023-11-20T19:24:31.700+0000] {logging_mixin.py:151} INFO - [2023-11-20T19:24:31.699+0000] {dag.py:3722} INFO - Setting next_dagrun for example_branch_operator to 2023-11-19T00:00:00+00:00, run_after=2023-11-20T00:00:00+00:00
[2023-11-20T19:24:31.727+0000] {processor.py:179} INFO - Processing /home/airflow/.local/lib/python3.8/site-packages/airflow/example_dags/example_branch_operator.py took 0.118 seconds
[2023-11-20T19:25:27.511+0000] {processor.py:157} INFO - Started process (PID=545) to work on /home/airflow/.local/lib/python3.8/site-packages/airflow/example_dags/example_branch_operator.py
[2023-11-20T19:25:27.524+0000] {processor.py:829} INFO - Processing file /home/airflow/.local/lib/python3.8/site-packages/airflow/example_dags/example_branch_operator.py for tasks to queue
[2023-11-20T19:25:27.530+0000] {logging_mixin.py:151} INFO - [2023-11-20T19:25:27.528+0000] {dagbag.py:536} INFO - Filling up the DagBag from /home/airflow/.local/lib/python3.8/site-packages/airflow/example_dags/example_branch_operator.py
[2023-11-20T19:25:27.575+0000] {processor.py:839} INFO - DAG(s) dict_keys(['example_branch_operator']) retrieved from /home/airflow/.local/lib/python3.8/site-packages/airflow/example_dags/example_branch_operator.py
[2023-11-20T19:25:27.645+0000] {logging_mixin.py:151} INFO - [2023-11-20T19:25:27.644+0000] {dag.py:2941} INFO - Sync 1 DAGs
[2023-11-20T19:25:27.734+0000] {logging_mixin.py:151} INFO - [2023-11-20T19:25:27.734+0000] {dag.py:3722} INFO - Setting next_dagrun for example_branch_operator to 2023-11-19T00:00:00+00:00, run_after=2023-11-20T00:00:00+00:00
[2023-11-20T19:25:27.804+0000] {processor.py:179} INFO - Processing /home/airflow/.local/lib/python3.8/site-packages/airflow/example_dags/example_branch_operator.py took 0.305 seconds
[2023-11-20T19:25:58.118+0000] {processor.py:157} INFO - Started process (PID=606) to work on /home/airflow/.local/lib/python3.8/site-packages/airflow/example_dags/example_branch_operator.py
[2023-11-20T19:25:58.123+0000] {processor.py:829} INFO - Processing file /home/airflow/.local/lib/python3.8/site-packages/airflow/example_dags/example_branch_operator.py for tasks to queue
[2023-11-20T19:25:58.125+0000] {logging_mixin.py:151} INFO - [2023-11-20T19:25:58.124+0000] {dagbag.py:536} INFO - Filling up the DagBag from /home/airflow/.local/lib/python3.8/site-packages/airflow/example_dags/example_branch_operator.py
[2023-11-20T19:25:58.147+0000] {processor.py:839} INFO - DAG(s) dict_keys(['example_branch_operator']) retrieved from /home/airflow/.local/lib/python3.8/site-packages/airflow/example_dags/example_branch_operator.py
[2023-11-20T19:25:58.202+0000] {logging_mixin.py:151} INFO - [2023-11-20T19:25:58.202+0000] {dag.py:2941} INFO - Sync 1 DAGs
[2023-11-20T19:25:58.255+0000] {logging_mixin.py:151} INFO - [2023-11-20T19:25:58.255+0000] {dag.py:3722} INFO - Setting next_dagrun for example_branch_operator to 2023-11-19T00:00:00+00:00, run_after=2023-11-20T00:00:00+00:00
[2023-11-20T19:25:58.281+0000] {processor.py:179} INFO - Processing /home/airflow/.local/lib/python3.8/site-packages/airflow/example_dags/example_branch_operator.py took 0.173 seconds
[2023-11-20T19:26:30.511+0000] {processor.py:157} INFO - Started process (PID=667) to work on /home/airflow/.local/lib/python3.8/site-packages/airflow/example_dags/example_branch_operator.py
[2023-11-20T19:26:30.515+0000] {processor.py:829} INFO - Processing file /home/airflow/.local/lib/python3.8/site-packages/airflow/example_dags/example_branch_operator.py for tasks to queue
[2023-11-20T19:26:30.517+0000] {logging_mixin.py:151} INFO - [2023-11-20T19:26:30.516+0000] {dagbag.py:536} INFO - Filling up the DagBag from /home/airflow/.local/lib/python3.8/site-packages/airflow/example_dags/example_branch_operator.py
[2023-11-20T19:26:30.528+0000] {processor.py:839} INFO - DAG(s) dict_keys(['example_branch_operator']) retrieved from /home/airflow/.local/lib/python3.8/site-packages/airflow/example_dags/example_branch_operator.py
[2023-11-20T19:26:30.559+0000] {logging_mixin.py:151} INFO - [2023-11-20T19:26:30.558+0000] {dag.py:2941} INFO - Sync 1 DAGs
[2023-11-20T19:26:30.588+0000] {logging_mixin.py:151} INFO - [2023-11-20T19:26:30.587+0000] {dag.py:3722} INFO - Setting next_dagrun for example_branch_operator to 2023-11-19T00:00:00+00:00, run_after=2023-11-20T00:00:00+00:00
[2023-11-20T19:26:30.637+0000] {processor.py:179} INFO - Processing /home/airflow/.local/lib/python3.8/site-packages/airflow/example_dags/example_branch_operator.py took 0.131 seconds
[2023-11-20T19:27:05.549+0000] {processor.py:157} INFO - Started process (PID=727) to work on /home/airflow/.local/lib/python3.8/site-packages/airflow/example_dags/example_branch_operator.py
[2023-11-20T19:27:05.554+0000] {processor.py:829} INFO - Processing file /home/airflow/.local/lib/python3.8/site-packages/airflow/example_dags/example_branch_operator.py for tasks to queue
[2023-11-20T19:27:05.559+0000] {logging_mixin.py:151} INFO - [2023-11-20T19:27:05.558+0000] {dagbag.py:536} INFO - Filling up the DagBag from /home/airflow/.local/lib/python3.8/site-packages/airflow/example_dags/example_branch_operator.py
[2023-11-20T19:27:05.602+0000] {processor.py:839} INFO - DAG(s) dict_keys(['example_branch_operator']) retrieved from /home/airflow/.local/lib/python3.8/site-packages/airflow/example_dags/example_branch_operator.py
[2023-11-20T19:27:05.745+0000] {logging_mixin.py:151} INFO - [2023-11-20T19:27:05.744+0000] {dag.py:2941} INFO - Sync 1 DAGs
[2023-11-20T19:27:05.835+0000] {logging_mixin.py:151} INFO - [2023-11-20T19:27:05.834+0000] {dag.py:3722} INFO - Setting next_dagrun for example_branch_operator to 2023-11-19T00:00:00+00:00, run_after=2023-11-20T00:00:00+00:00
[2023-11-20T19:27:05.894+0000] {processor.py:179} INFO - Processing /home/airflow/.local/lib/python3.8/site-packages/airflow/example_dags/example_branch_operator.py took 0.358 seconds
[2023-11-20T19:27:40.203+0000] {processor.py:157} INFO - Started process (PID=792) to work on /home/airflow/.local/lib/python3.8/site-packages/airflow/example_dags/example_branch_operator.py
[2023-11-20T19:27:40.205+0000] {processor.py:829} INFO - Processing file /home/airflow/.local/lib/python3.8/site-packages/airflow/example_dags/example_branch_operator.py for tasks to queue
[2023-11-20T19:27:40.208+0000] {logging_mixin.py:151} INFO - [2023-11-20T19:27:40.207+0000] {dagbag.py:536} INFO - Filling up the DagBag from /home/airflow/.local/lib/python3.8/site-packages/airflow/example_dags/example_branch_operator.py
[2023-11-20T19:27:40.227+0000] {processor.py:839} INFO - DAG(s) dict_keys(['example_branch_operator']) retrieved from /home/airflow/.local/lib/python3.8/site-packages/airflow/example_dags/example_branch_operator.py
[2023-11-20T19:27:40.310+0000] {logging_mixin.py:151} INFO - [2023-11-20T19:27:40.309+0000] {dag.py:2941} INFO - Sync 1 DAGs
[2023-11-20T19:27:40.385+0000] {logging_mixin.py:151} INFO - [2023-11-20T19:27:40.384+0000] {dag.py:3722} INFO - Setting next_dagrun for example_branch_operator to 2023-11-19T00:00:00+00:00, run_after=2023-11-20T00:00:00+00:00
[2023-11-20T19:27:40.454+0000] {processor.py:179} INFO - Processing /home/airflow/.local/lib/python3.8/site-packages/airflow/example_dags/example_branch_operator.py took 0.257 seconds
[2023-11-20T19:28:12.791+0000] {processor.py:157} INFO - Started process (PID=853) to work on /home/airflow/.local/lib/python3.8/site-packages/airflow/example_dags/example_branch_operator.py
[2023-11-20T19:28:12.794+0000] {processor.py:829} INFO - Processing file /home/airflow/.local/lib/python3.8/site-packages/airflow/example_dags/example_branch_operator.py for tasks to queue
[2023-11-20T19:28:12.797+0000] {logging_mixin.py:151} INFO - [2023-11-20T19:28:12.796+0000] {dagbag.py:536} INFO - Filling up the DagBag from /home/airflow/.local/lib/python3.8/site-packages/airflow/example_dags/example_branch_operator.py
[2023-11-20T19:28:12.831+0000] {processor.py:839} INFO - DAG(s) dict_keys(['example_branch_operator']) retrieved from /home/airflow/.local/lib/python3.8/site-packages/airflow/example_dags/example_branch_operator.py
[2023-11-20T19:28:12.905+0000] {logging_mixin.py:151} INFO - [2023-11-20T19:28:12.904+0000] {dag.py:2941} INFO - Sync 1 DAGs
[2023-11-20T19:28:12.964+0000] {logging_mixin.py:151} INFO - [2023-11-20T19:28:12.964+0000] {dag.py:3722} INFO - Setting next_dagrun for example_branch_operator to 2023-11-19T00:00:00+00:00, run_after=2023-11-20T00:00:00+00:00
[2023-11-20T19:28:13.006+0000] {processor.py:179} INFO - Processing /home/airflow/.local/lib/python3.8/site-packages/airflow/example_dags/example_branch_operator.py took 0.222 seconds
[2023-11-20T19:28:45.513+0000] {processor.py:157} INFO - Started process (PID=921) to work on /home/airflow/.local/lib/python3.8/site-packages/airflow/example_dags/example_branch_operator.py
[2023-11-20T19:28:45.515+0000] {processor.py:829} INFO - Processing file /home/airflow/.local/lib/python3.8/site-packages/airflow/example_dags/example_branch_operator.py for tasks to queue
[2023-11-20T19:28:45.517+0000] {logging_mixin.py:151} INFO - [2023-11-20T19:28:45.516+0000] {dagbag.py:536} INFO - Filling up the DagBag from /home/airflow/.local/lib/python3.8/site-packages/airflow/example_dags/example_branch_operator.py
[2023-11-20T19:28:45.544+0000] {processor.py:839} INFO - DAG(s) dict_keys(['example_branch_operator']) retrieved from /home/airflow/.local/lib/python3.8/site-packages/airflow/example_dags/example_branch_operator.py
[2023-11-20T19:28:45.613+0000] {logging_mixin.py:151} INFO - [2023-11-20T19:28:45.612+0000] {dag.py:2941} INFO - Sync 1 DAGs
[2023-11-20T19:28:45.677+0000] {logging_mixin.py:151} INFO - [2023-11-20T19:28:45.677+0000] {dag.py:3722} INFO - Setting next_dagrun for example_branch_operator to 2023-11-19T00:00:00+00:00, run_after=2023-11-20T00:00:00+00:00
[2023-11-20T19:28:45.723+0000] {processor.py:179} INFO - Processing /home/airflow/.local/lib/python3.8/site-packages/airflow/example_dags/example_branch_operator.py took 0.217 seconds
[2023-11-20T19:29:28.604+0000] {processor.py:157} INFO - Started process (PID=981) to work on /home/airflow/.local/lib/python3.8/site-packages/airflow/example_dags/example_branch_operator.py
[2023-11-20T19:29:28.608+0000] {processor.py:829} INFO - Processing file /home/airflow/.local/lib/python3.8/site-packages/airflow/example_dags/example_branch_operator.py for tasks to queue
[2023-11-20T19:29:28.612+0000] {logging_mixin.py:151} INFO - [2023-11-20T19:29:28.611+0000] {dagbag.py:536} INFO - Filling up the DagBag from /home/airflow/.local/lib/python3.8/site-packages/airflow/example_dags/example_branch_operator.py
[2023-11-20T19:29:28.658+0000] {processor.py:839} INFO - DAG(s) dict_keys(['example_branch_operator']) retrieved from /home/airflow/.local/lib/python3.8/site-packages/airflow/example_dags/example_branch_operator.py
[2023-11-20T19:29:28.755+0000] {logging_mixin.py:151} INFO - [2023-11-20T19:29:28.755+0000] {dag.py:2941} INFO - Sync 1 DAGs
[2023-11-20T19:29:28.823+0000] {logging_mixin.py:151} INFO - [2023-11-20T19:29:28.822+0000] {dag.py:3722} INFO - Setting next_dagrun for example_branch_operator to 2023-11-19T00:00:00+00:00, run_after=2023-11-20T00:00:00+00:00
[2023-11-20T19:29:28.932+0000] {processor.py:179} INFO - Processing /home/airflow/.local/lib/python3.8/site-packages/airflow/example_dags/example_branch_operator.py took 0.335 seconds
[2023-11-20T19:29:59.484+0000] {processor.py:157} INFO - Started process (PID=1042) to work on /home/airflow/.local/lib/python3.8/site-packages/airflow/example_dags/example_branch_operator.py
[2023-11-20T19:29:59.487+0000] {processor.py:829} INFO - Processing file /home/airflow/.local/lib/python3.8/site-packages/airflow/example_dags/example_branch_operator.py for tasks to queue
[2023-11-20T19:29:59.489+0000] {logging_mixin.py:151} INFO - [2023-11-20T19:29:59.489+0000] {dagbag.py:536} INFO - Filling up the DagBag from /home/airflow/.local/lib/python3.8/site-packages/airflow/example_dags/example_branch_operator.py
[2023-11-20T19:29:59.509+0000] {processor.py:839} INFO - DAG(s) dict_keys(['example_branch_operator']) retrieved from /home/airflow/.local/lib/python3.8/site-packages/airflow/example_dags/example_branch_operator.py
[2023-11-20T19:29:59.563+0000] {logging_mixin.py:151} INFO - [2023-11-20T19:29:59.563+0000] {dag.py:2941} INFO - Sync 1 DAGs
[2023-11-20T19:29:59.622+0000] {logging_mixin.py:151} INFO - [2023-11-20T19:29:59.621+0000] {dag.py:3722} INFO - Setting next_dagrun for example_branch_operator to 2023-11-19T00:00:00+00:00, run_after=2023-11-20T00:00:00+00:00
[2023-11-20T19:29:59.666+0000] {processor.py:179} INFO - Processing /home/airflow/.local/lib/python3.8/site-packages/airflow/example_dags/example_branch_operator.py took 0.188 seconds
[2023-11-20T19:30:30.676+0000] {processor.py:157} INFO - Started process (PID=1102) to work on /home/airflow/.local/lib/python3.8/site-packages/airflow/example_dags/example_branch_operator.py
[2023-11-20T19:30:30.682+0000] {processor.py:829} INFO - Processing file /home/airflow/.local/lib/python3.8/site-packages/airflow/example_dags/example_branch_operator.py for tasks to queue
[2023-11-20T19:30:30.684+0000] {logging_mixin.py:151} INFO - [2023-11-20T19:30:30.683+0000] {dagbag.py:536} INFO - Filling up the DagBag from /home/airflow/.local/lib/python3.8/site-packages/airflow/example_dags/example_branch_operator.py
[2023-11-20T19:30:30.710+0000] {processor.py:839} INFO - DAG(s) dict_keys(['example_branch_operator']) retrieved from /home/airflow/.local/lib/python3.8/site-packages/airflow/example_dags/example_branch_operator.py
[2023-11-20T19:30:30.778+0000] {logging_mixin.py:151} INFO - [2023-11-20T19:30:30.777+0000] {dag.py:2941} INFO - Sync 1 DAGs
[2023-11-20T19:30:30.837+0000] {logging_mixin.py:151} INFO - [2023-11-20T19:30:30.836+0000] {dag.py:3722} INFO - Setting next_dagrun for example_branch_operator to 2023-11-19T00:00:00+00:00, run_after=2023-11-20T00:00:00+00:00
[2023-11-20T19:30:30.890+0000] {processor.py:179} INFO - Processing /home/airflow/.local/lib/python3.8/site-packages/airflow/example_dags/example_branch_operator.py took 0.223 seconds
[2023-11-20T19:31:18.549+0000] {processor.py:157} INFO - Started process (PID=1168) to work on /home/airflow/.local/lib/python3.8/site-packages/airflow/example_dags/example_branch_operator.py
[2023-11-20T19:31:18.564+0000] {processor.py:829} INFO - Processing file /home/airflow/.local/lib/python3.8/site-packages/airflow/example_dags/example_branch_operator.py for tasks to queue
[2023-11-20T19:31:18.577+0000] {logging_mixin.py:151} INFO - [2023-11-20T19:31:18.571+0000] {dagbag.py:536} INFO - Filling up the DagBag from /home/airflow/.local/lib/python3.8/site-packages/airflow/example_dags/example_branch_operator.py
[2023-11-20T19:31:18.666+0000] {processor.py:839} INFO - DAG(s) dict_keys(['example_branch_operator']) retrieved from /home/airflow/.local/lib/python3.8/site-packages/airflow/example_dags/example_branch_operator.py
[2023-11-20T19:31:19.084+0000] {logging_mixin.py:151} INFO - [2023-11-20T19:31:19.075+0000] {dag.py:2941} INFO - Sync 1 DAGs
[2023-11-20T19:31:19.276+0000] {logging_mixin.py:151} INFO - [2023-11-20T19:31:19.276+0000] {dag.py:3722} INFO - Setting next_dagrun for example_branch_operator to 2023-11-19T00:00:00+00:00, run_after=2023-11-20T00:00:00+00:00
[2023-11-20T19:31:19.385+0000] {processor.py:179} INFO - Processing /home/airflow/.local/lib/python3.8/site-packages/airflow/example_dags/example_branch_operator.py took 0.859 seconds
[2023-11-20T19:31:50.026+0000] {processor.py:157} INFO - Started process (PID=1229) to work on /home/airflow/.local/lib/python3.8/site-packages/airflow/example_dags/example_branch_operator.py
[2023-11-20T19:31:50.038+0000] {processor.py:829} INFO - Processing file /home/airflow/.local/lib/python3.8/site-packages/airflow/example_dags/example_branch_operator.py for tasks to queue
[2023-11-20T19:31:50.071+0000] {logging_mixin.py:151} INFO - [2023-11-20T19:31:50.070+0000] {dagbag.py:536} INFO - Filling up the DagBag from /home/airflow/.local/lib/python3.8/site-packages/airflow/example_dags/example_branch_operator.py
[2023-11-20T19:31:50.491+0000] {processor.py:839} INFO - DAG(s) dict_keys(['example_branch_operator']) retrieved from /home/airflow/.local/lib/python3.8/site-packages/airflow/example_dags/example_branch_operator.py
[2023-11-20T19:31:51.968+0000] {logging_mixin.py:151} INFO - [2023-11-20T19:31:51.939+0000] {dag.py:2941} INFO - Sync 1 DAGs
[2023-11-20T19:31:52.925+0000] {logging_mixin.py:151} INFO - [2023-11-20T19:31:52.923+0000] {dag.py:3722} INFO - Setting next_dagrun for example_branch_operator to 2023-11-19T00:00:00+00:00, run_after=2023-11-20T00:00:00+00:00
[2023-11-20T19:31:53.545+0000] {processor.py:179} INFO - Processing /home/airflow/.local/lib/python3.8/site-packages/airflow/example_dags/example_branch_operator.py took 3.543 seconds
[2023-11-20T19:33:33.067+0000] {processor.py:157} INFO - Started process (PID=1301) to work on /home/airflow/.local/lib/python3.8/site-packages/airflow/example_dags/example_branch_operator.py
[2023-11-20T19:33:33.071+0000] {processor.py:829} INFO - Processing file /home/airflow/.local/lib/python3.8/site-packages/airflow/example_dags/example_branch_operator.py for tasks to queue
[2023-11-20T19:33:33.073+0000] {logging_mixin.py:151} INFO - [2023-11-20T19:33:33.072+0000] {dagbag.py:536} INFO - Filling up the DagBag from /home/airflow/.local/lib/python3.8/site-packages/airflow/example_dags/example_branch_operator.py
[2023-11-20T19:33:33.111+0000] {processor.py:839} INFO - DAG(s) dict_keys(['example_branch_operator']) retrieved from /home/airflow/.local/lib/python3.8/site-packages/airflow/example_dags/example_branch_operator.py
[2023-11-20T19:33:33.173+0000] {logging_mixin.py:151} INFO - [2023-11-20T19:33:33.172+0000] {dag.py:2941} INFO - Sync 1 DAGs
[2023-11-20T19:33:33.257+0000] {logging_mixin.py:151} INFO - [2023-11-20T19:33:33.256+0000] {dag.py:3722} INFO - Setting next_dagrun for example_branch_operator to 2023-11-19T00:00:00+00:00, run_after=2023-11-20T00:00:00+00:00
[2023-11-20T19:33:33.304+0000] {processor.py:179} INFO - Processing /home/airflow/.local/lib/python3.8/site-packages/airflow/example_dags/example_branch_operator.py took 0.245 seconds
[2023-11-20T19:34:05.418+0000] {processor.py:157} INFO - Started process (PID=1360) to work on /home/airflow/.local/lib/python3.8/site-packages/airflow/example_dags/example_branch_operator.py
[2023-11-20T19:34:05.423+0000] {processor.py:829} INFO - Processing file /home/airflow/.local/lib/python3.8/site-packages/airflow/example_dags/example_branch_operator.py for tasks to queue
[2023-11-20T19:34:05.424+0000] {logging_mixin.py:151} INFO - [2023-11-20T19:34:05.424+0000] {dagbag.py:536} INFO - Filling up the DagBag from /home/airflow/.local/lib/python3.8/site-packages/airflow/example_dags/example_branch_operator.py
[2023-11-20T19:34:05.467+0000] {processor.py:839} INFO - DAG(s) dict_keys(['example_branch_operator']) retrieved from /home/airflow/.local/lib/python3.8/site-packages/airflow/example_dags/example_branch_operator.py
[2023-11-20T19:34:05.544+0000] {logging_mixin.py:151} INFO - [2023-11-20T19:34:05.544+0000] {dag.py:2941} INFO - Sync 1 DAGs
[2023-11-20T19:34:05.611+0000] {logging_mixin.py:151} INFO - [2023-11-20T19:34:05.610+0000] {dag.py:3722} INFO - Setting next_dagrun for example_branch_operator to 2023-11-19T00:00:00+00:00, run_after=2023-11-20T00:00:00+00:00
[2023-11-20T19:34:05.657+0000] {processor.py:179} INFO - Processing /home/airflow/.local/lib/python3.8/site-packages/airflow/example_dags/example_branch_operator.py took 0.244 seconds
[2023-11-20T19:34:50.614+0000] {processor.py:157} INFO - Started process (PID=1427) to work on /home/airflow/.local/lib/python3.8/site-packages/airflow/example_dags/example_branch_operator.py
[2023-11-20T19:34:50.620+0000] {processor.py:829} INFO - Processing file /home/airflow/.local/lib/python3.8/site-packages/airflow/example_dags/example_branch_operator.py for tasks to queue
[2023-11-20T19:34:50.653+0000] {logging_mixin.py:151} INFO - [2023-11-20T19:34:50.650+0000] {dagbag.py:536} INFO - Filling up the DagBag from /home/airflow/.local/lib/python3.8/site-packages/airflow/example_dags/example_branch_operator.py
[2023-11-20T19:34:50.713+0000] {processor.py:839} INFO - DAG(s) dict_keys(['example_branch_operator']) retrieved from /home/airflow/.local/lib/python3.8/site-packages/airflow/example_dags/example_branch_operator.py
[2023-11-20T19:34:50.936+0000] {logging_mixin.py:151} INFO - [2023-11-20T19:34:50.930+0000] {dag.py:2941} INFO - Sync 1 DAGs
[2023-11-20T19:34:51.166+0000] {logging_mixin.py:151} INFO - [2023-11-20T19:34:51.165+0000] {dag.py:3722} INFO - Setting next_dagrun for example_branch_operator to 2023-11-19T00:00:00+00:00, run_after=2023-11-20T00:00:00+00:00
[2023-11-20T19:34:51.291+0000] {processor.py:179} INFO - Processing /home/airflow/.local/lib/python3.8/site-packages/airflow/example_dags/example_branch_operator.py took 0.709 seconds
[2023-11-20T19:35:30.909+0000] {processor.py:157} INFO - Started process (PID=1489) to work on /home/airflow/.local/lib/python3.8/site-packages/airflow/example_dags/example_branch_operator.py
[2023-11-20T19:35:30.915+0000] {processor.py:829} INFO - Processing file /home/airflow/.local/lib/python3.8/site-packages/airflow/example_dags/example_branch_operator.py for tasks to queue
[2023-11-20T19:35:30.924+0000] {logging_mixin.py:151} INFO - [2023-11-20T19:35:30.921+0000] {dagbag.py:536} INFO - Filling up the DagBag from /home/airflow/.local/lib/python3.8/site-packages/airflow/example_dags/example_branch_operator.py
[2023-11-20T19:35:30.987+0000] {processor.py:839} INFO - DAG(s) dict_keys(['example_branch_operator']) retrieved from /home/airflow/.local/lib/python3.8/site-packages/airflow/example_dags/example_branch_operator.py
[2023-11-20T19:35:31.180+0000] {logging_mixin.py:151} INFO - [2023-11-20T19:35:31.179+0000] {dag.py:2941} INFO - Sync 1 DAGs
[2023-11-20T19:35:31.319+0000] {logging_mixin.py:151} INFO - [2023-11-20T19:35:31.319+0000] {dag.py:3722} INFO - Setting next_dagrun for example_branch_operator to 2023-11-19T00:00:00+00:00, run_after=2023-11-20T00:00:00+00:00
[2023-11-20T19:35:31.407+0000] {processor.py:179} INFO - Processing /home/airflow/.local/lib/python3.8/site-packages/airflow/example_dags/example_branch_operator.py took 0.509 seconds
[2023-11-20T19:36:01.739+0000] {processor.py:157} INFO - Started process (PID=1549) to work on /home/airflow/.local/lib/python3.8/site-packages/airflow/example_dags/example_branch_operator.py
[2023-11-20T19:36:01.743+0000] {processor.py:829} INFO - Processing file /home/airflow/.local/lib/python3.8/site-packages/airflow/example_dags/example_branch_operator.py for tasks to queue
[2023-11-20T19:36:01.745+0000] {logging_mixin.py:151} INFO - [2023-11-20T19:36:01.744+0000] {dagbag.py:536} INFO - Filling up the DagBag from /home/airflow/.local/lib/python3.8/site-packages/airflow/example_dags/example_branch_operator.py
[2023-11-20T19:36:01.758+0000] {processor.py:839} INFO - DAG(s) dict_keys(['example_branch_operator']) retrieved from /home/airflow/.local/lib/python3.8/site-packages/airflow/example_dags/example_branch_operator.py
[2023-11-20T19:36:01.791+0000] {logging_mixin.py:151} INFO - [2023-11-20T19:36:01.791+0000] {dag.py:2941} INFO - Sync 1 DAGs
[2023-11-20T19:36:01.827+0000] {logging_mixin.py:151} INFO - [2023-11-20T19:36:01.827+0000] {dag.py:3722} INFO - Setting next_dagrun for example_branch_operator to 2023-11-19T00:00:00+00:00, run_after=2023-11-20T00:00:00+00:00
[2023-11-20T19:36:01.851+0000] {processor.py:179} INFO - Processing /home/airflow/.local/lib/python3.8/site-packages/airflow/example_dags/example_branch_operator.py took 0.116 seconds
[2023-11-20T19:36:37.769+0000] {processor.py:157} INFO - Started process (PID=1609) to work on /home/airflow/.local/lib/python3.8/site-packages/airflow/example_dags/example_branch_operator.py
[2023-11-20T19:36:37.775+0000] {processor.py:829} INFO - Processing file /home/airflow/.local/lib/python3.8/site-packages/airflow/example_dags/example_branch_operator.py for tasks to queue
[2023-11-20T19:36:37.781+0000] {logging_mixin.py:151} INFO - [2023-11-20T19:36:37.781+0000] {dagbag.py:536} INFO - Filling up the DagBag from /home/airflow/.local/lib/python3.8/site-packages/airflow/example_dags/example_branch_operator.py
[2023-11-20T19:36:37.825+0000] {processor.py:839} INFO - DAG(s) dict_keys(['example_branch_operator']) retrieved from /home/airflow/.local/lib/python3.8/site-packages/airflow/example_dags/example_branch_operator.py
[2023-11-20T19:36:37.986+0000] {logging_mixin.py:151} INFO - [2023-11-20T19:36:37.985+0000] {dag.py:2941} INFO - Sync 1 DAGs
[2023-11-20T19:36:38.086+0000] {logging_mixin.py:151} INFO - [2023-11-20T19:36:38.085+0000] {dag.py:3722} INFO - Setting next_dagrun for example_branch_operator to 2023-11-19T00:00:00+00:00, run_after=2023-11-20T00:00:00+00:00
[2023-11-20T19:36:38.208+0000] {processor.py:179} INFO - Processing /home/airflow/.local/lib/python3.8/site-packages/airflow/example_dags/example_branch_operator.py took 0.450 seconds
[2023-11-20T19:37:08.986+0000] {processor.py:157} INFO - Started process (PID=1668) to work on /home/airflow/.local/lib/python3.8/site-packages/airflow/example_dags/example_branch_operator.py
[2023-11-20T19:37:09.013+0000] {processor.py:829} INFO - Processing file /home/airflow/.local/lib/python3.8/site-packages/airflow/example_dags/example_branch_operator.py for tasks to queue
[2023-11-20T19:37:09.022+0000] {logging_mixin.py:151} INFO - [2023-11-20T19:37:09.016+0000] {dagbag.py:536} INFO - Filling up the DagBag from /home/airflow/.local/lib/python3.8/site-packages/airflow/example_dags/example_branch_operator.py
[2023-11-20T19:37:09.521+0000] {processor.py:839} INFO - DAG(s) dict_keys(['example_branch_operator']) retrieved from /home/airflow/.local/lib/python3.8/site-packages/airflow/example_dags/example_branch_operator.py
[2023-11-20T19:37:11.123+0000] {logging_mixin.py:151} INFO - [2023-11-20T19:37:10.894+0000] {dag.py:2941} INFO - Sync 1 DAGs
[2023-11-20T19:37:12.870+0000] {logging_mixin.py:151} INFO - [2023-11-20T19:37:12.857+0000] {dag.py:3722} INFO - Setting next_dagrun for example_branch_operator to 2023-11-19T00:00:00+00:00, run_after=2023-11-20T00:00:00+00:00
[2023-11-20T19:37:14.277+0000] {processor.py:179} INFO - Processing /home/airflow/.local/lib/python3.8/site-packages/airflow/example_dags/example_branch_operator.py took 5.421 seconds
[2023-11-20T19:37:46.087+0000] {processor.py:157} INFO - Started process (PID=1734) to work on /home/airflow/.local/lib/python3.8/site-packages/airflow/example_dags/example_branch_operator.py
[2023-11-20T19:37:46.111+0000] {processor.py:829} INFO - Processing file /home/airflow/.local/lib/python3.8/site-packages/airflow/example_dags/example_branch_operator.py for tasks to queue
[2023-11-20T19:37:46.118+0000] {logging_mixin.py:151} INFO - [2023-11-20T19:37:46.117+0000] {dagbag.py:536} INFO - Filling up the DagBag from /home/airflow/.local/lib/python3.8/site-packages/airflow/example_dags/example_branch_operator.py
[2023-11-20T19:37:46.164+0000] {processor.py:839} INFO - DAG(s) dict_keys(['example_branch_operator']) retrieved from /home/airflow/.local/lib/python3.8/site-packages/airflow/example_dags/example_branch_operator.py
[2023-11-20T19:37:46.271+0000] {logging_mixin.py:151} INFO - [2023-11-20T19:37:46.271+0000] {dag.py:2941} INFO - Sync 1 DAGs
[2023-11-20T19:37:46.365+0000] {logging_mixin.py:151} INFO - [2023-11-20T19:37:46.364+0000] {dag.py:3722} INFO - Setting next_dagrun for example_branch_operator to 2023-11-19T00:00:00+00:00, run_after=2023-11-20T00:00:00+00:00
[2023-11-20T19:37:46.415+0000] {processor.py:179} INFO - Processing /home/airflow/.local/lib/python3.8/site-packages/airflow/example_dags/example_branch_operator.py took 0.499 seconds
[2023-11-20T19:38:23.502+0000] {processor.py:157} INFO - Started process (PID=1792) to work on /home/airflow/.local/lib/python3.8/site-packages/airflow/example_dags/example_branch_operator.py
[2023-11-20T19:38:23.508+0000] {processor.py:829} INFO - Processing file /home/airflow/.local/lib/python3.8/site-packages/airflow/example_dags/example_branch_operator.py for tasks to queue
[2023-11-20T19:38:23.513+0000] {logging_mixin.py:151} INFO - [2023-11-20T19:38:23.511+0000] {dagbag.py:536} INFO - Filling up the DagBag from /home/airflow/.local/lib/python3.8/site-packages/airflow/example_dags/example_branch_operator.py
[2023-11-20T19:38:23.579+0000] {processor.py:839} INFO - DAG(s) dict_keys(['example_branch_operator']) retrieved from /home/airflow/.local/lib/python3.8/site-packages/airflow/example_dags/example_branch_operator.py
[2023-11-20T19:38:23.740+0000] {logging_mixin.py:151} INFO - [2023-11-20T19:38:23.739+0000] {dag.py:2941} INFO - Sync 1 DAGs
[2023-11-20T19:38:23.893+0000] {logging_mixin.py:151} INFO - [2023-11-20T19:38:23.888+0000] {dag.py:3722} INFO - Setting next_dagrun for example_branch_operator to 2023-11-19T00:00:00+00:00, run_after=2023-11-20T00:00:00+00:00
[2023-11-20T19:38:24.142+0000] {processor.py:179} INFO - Processing /home/airflow/.local/lib/python3.8/site-packages/airflow/example_dags/example_branch_operator.py took 0.666 seconds
[2023-11-20T19:38:54.364+0000] {processor.py:157} INFO - Started process (PID=1851) to work on /home/airflow/.local/lib/python3.8/site-packages/airflow/example_dags/example_branch_operator.py
[2023-11-20T19:38:54.367+0000] {processor.py:829} INFO - Processing file /home/airflow/.local/lib/python3.8/site-packages/airflow/example_dags/example_branch_operator.py for tasks to queue
[2023-11-20T19:38:54.369+0000] {logging_mixin.py:151} INFO - [2023-11-20T19:38:54.368+0000] {dagbag.py:536} INFO - Filling up the DagBag from /home/airflow/.local/lib/python3.8/site-packages/airflow/example_dags/example_branch_operator.py
[2023-11-20T19:38:54.391+0000] {processor.py:839} INFO - DAG(s) dict_keys(['example_branch_operator']) retrieved from /home/airflow/.local/lib/python3.8/site-packages/airflow/example_dags/example_branch_operator.py
[2023-11-20T19:38:54.441+0000] {logging_mixin.py:151} INFO - [2023-11-20T19:38:54.441+0000] {dag.py:2941} INFO - Sync 1 DAGs
[2023-11-20T19:38:54.496+0000] {logging_mixin.py:151} INFO - [2023-11-20T19:38:54.495+0000] {dag.py:3722} INFO - Setting next_dagrun for example_branch_operator to 2023-11-19T00:00:00+00:00, run_after=2023-11-20T00:00:00+00:00
[2023-11-20T19:38:54.529+0000] {processor.py:179} INFO - Processing /home/airflow/.local/lib/python3.8/site-packages/airflow/example_dags/example_branch_operator.py took 0.171 seconds
[2023-11-20T19:39:25.487+0000] {processor.py:157} INFO - Started process (PID=1899) to work on /home/airflow/.local/lib/python3.8/site-packages/airflow/example_dags/example_branch_operator.py
[2023-11-20T19:39:25.490+0000] {processor.py:829} INFO - Processing file /home/airflow/.local/lib/python3.8/site-packages/airflow/example_dags/example_branch_operator.py for tasks to queue
[2023-11-20T19:39:25.494+0000] {logging_mixin.py:151} INFO - [2023-11-20T19:39:25.493+0000] {dagbag.py:536} INFO - Filling up the DagBag from /home/airflow/.local/lib/python3.8/site-packages/airflow/example_dags/example_branch_operator.py
[2023-11-20T19:39:25.516+0000] {processor.py:839} INFO - DAG(s) dict_keys(['example_branch_operator']) retrieved from /home/airflow/.local/lib/python3.8/site-packages/airflow/example_dags/example_branch_operator.py
[2023-11-20T19:39:25.577+0000] {logging_mixin.py:151} INFO - [2023-11-20T19:39:25.577+0000] {dag.py:2941} INFO - Sync 1 DAGs
[2023-11-20T19:39:25.644+0000] {logging_mixin.py:151} INFO - [2023-11-20T19:39:25.643+0000] {dag.py:3722} INFO - Setting next_dagrun for example_branch_operator to 2023-11-19T00:00:00+00:00, run_after=2023-11-20T00:00:00+00:00
[2023-11-20T19:39:25.687+0000] {processor.py:179} INFO - Processing /home/airflow/.local/lib/python3.8/site-packages/airflow/example_dags/example_branch_operator.py took 0.208 seconds
[2023-11-20T19:40:04.804+0000] {processor.py:157} INFO - Started process (PID=1958) to work on /home/airflow/.local/lib/python3.8/site-packages/airflow/example_dags/example_branch_operator.py
[2023-11-20T19:40:04.810+0000] {processor.py:829} INFO - Processing file /home/airflow/.local/lib/python3.8/site-packages/airflow/example_dags/example_branch_operator.py for tasks to queue
[2023-11-20T19:40:04.814+0000] {logging_mixin.py:151} INFO - [2023-11-20T19:40:04.813+0000] {dagbag.py:536} INFO - Filling up the DagBag from /home/airflow/.local/lib/python3.8/site-packages/airflow/example_dags/example_branch_operator.py
[2023-11-20T19:40:04.857+0000] {processor.py:839} INFO - DAG(s) dict_keys(['example_branch_operator']) retrieved from /home/airflow/.local/lib/python3.8/site-packages/airflow/example_dags/example_branch_operator.py
[2023-11-20T19:40:04.952+0000] {logging_mixin.py:151} INFO - [2023-11-20T19:40:04.952+0000] {dag.py:2941} INFO - Sync 1 DAGs
[2023-11-20T19:40:05.024+0000] {logging_mixin.py:151} INFO - [2023-11-20T19:40:05.024+0000] {dag.py:3722} INFO - Setting next_dagrun for example_branch_operator to 2023-11-19T00:00:00+00:00, run_after=2023-11-20T00:00:00+00:00
[2023-11-20T19:40:05.087+0000] {processor.py:179} INFO - Processing /home/airflow/.local/lib/python3.8/site-packages/airflow/example_dags/example_branch_operator.py took 0.300 seconds
[2023-11-20T19:40:39.693+0000] {processor.py:157} INFO - Started process (PID=2017) to work on /home/airflow/.local/lib/python3.8/site-packages/airflow/example_dags/example_branch_operator.py
[2023-11-20T19:40:39.697+0000] {processor.py:829} INFO - Processing file /home/airflow/.local/lib/python3.8/site-packages/airflow/example_dags/example_branch_operator.py for tasks to queue
[2023-11-20T19:40:39.701+0000] {logging_mixin.py:151} INFO - [2023-11-20T19:40:39.700+0000] {dagbag.py:536} INFO - Filling up the DagBag from /home/airflow/.local/lib/python3.8/site-packages/airflow/example_dags/example_branch_operator.py
[2023-11-20T19:40:39.732+0000] {processor.py:839} INFO - DAG(s) dict_keys(['example_branch_operator']) retrieved from /home/airflow/.local/lib/python3.8/site-packages/airflow/example_dags/example_branch_operator.py
[2023-11-20T19:40:39.911+0000] {logging_mixin.py:151} INFO - [2023-11-20T19:40:39.908+0000] {dag.py:2941} INFO - Sync 1 DAGs
[2023-11-20T19:40:40.194+0000] {logging_mixin.py:151} INFO - [2023-11-20T19:40:40.193+0000] {dag.py:3722} INFO - Setting next_dagrun for example_branch_operator to 2023-11-19T00:00:00+00:00, run_after=2023-11-20T00:00:00+00:00
[2023-11-20T19:40:40.383+0000] {processor.py:179} INFO - Processing /home/airflow/.local/lib/python3.8/site-packages/airflow/example_dags/example_branch_operator.py took 0.697 seconds
