[2023-11-20T19:19:49.268+0000] {processor.py:157} INFO - Started process (PID=133) to work on /home/airflow/.local/lib/python3.8/site-packages/airflow/example_dags/example_trigger_target_dag.py
[2023-11-20T19:19:49.279+0000] {processor.py:829} INFO - Processing file /home/airflow/.local/lib/python3.8/site-packages/airflow/example_dags/example_trigger_target_dag.py for tasks to queue
[2023-11-20T19:19:49.284+0000] {logging_mixin.py:151} INFO - [2023-11-20T19:19:49.283+0000] {dagbag.py:536} INFO - Filling up the DagBag from /home/airflow/.local/lib/python3.8/site-packages/airflow/example_dags/example_trigger_target_dag.py
[2023-11-20T19:19:49.398+0000] {processor.py:839} INFO - DAG(s) dict_keys(['example_trigger_target_dag']) retrieved from /home/airflow/.local/lib/python3.8/site-packages/airflow/example_dags/example_trigger_target_dag.py
[2023-11-20T19:19:49.532+0000] {logging_mixin.py:151} INFO - [2023-11-20T19:19:49.532+0000] {dag.py:2941} INFO - Sync 1 DAGs
[2023-11-20T19:19:49.623+0000] {logging_mixin.py:151} INFO - [2023-11-20T19:19:49.622+0000] {dag.py:3722} INFO - Setting next_dagrun for example_trigger_target_dag to None, run_after=None
[2023-11-20T19:19:49.922+0000] {processor.py:179} INFO - Processing /home/airflow/.local/lib/python3.8/site-packages/airflow/example_dags/example_trigger_target_dag.py took 0.692 seconds
[2023-11-20T19:21:49.425+0000] {processor.py:157} INFO - Started process (PID=207) to work on /home/airflow/.local/lib/python3.8/site-packages/airflow/example_dags/example_trigger_target_dag.py
[2023-11-20T19:21:49.432+0000] {processor.py:829} INFO - Processing file /home/airflow/.local/lib/python3.8/site-packages/airflow/example_dags/example_trigger_target_dag.py for tasks to queue
[2023-11-20T19:21:49.436+0000] {logging_mixin.py:151} INFO - [2023-11-20T19:21:49.434+0000] {dagbag.py:536} INFO - Filling up the DagBag from /home/airflow/.local/lib/python3.8/site-packages/airflow/example_dags/example_trigger_target_dag.py
[2023-11-20T19:21:49.502+0000] {processor.py:839} INFO - DAG(s) dict_keys(['example_trigger_target_dag']) retrieved from /home/airflow/.local/lib/python3.8/site-packages/airflow/example_dags/example_trigger_target_dag.py
[2023-11-20T19:21:49.741+0000] {logging_mixin.py:151} INFO - [2023-11-20T19:21:49.735+0000] {dag.py:2941} INFO - Sync 1 DAGs
[2023-11-20T19:21:49.840+0000] {logging_mixin.py:151} INFO - [2023-11-20T19:21:49.839+0000] {dag.py:3722} INFO - Setting next_dagrun for example_trigger_target_dag to None, run_after=None
[2023-11-20T19:21:49.956+0000] {processor.py:179} INFO - Processing /home/airflow/.local/lib/python3.8/site-packages/airflow/example_dags/example_trigger_target_dag.py took 0.573 seconds
[2023-11-20T19:22:42.396+0000] {processor.py:157} INFO - Started process (PID=274) to work on /home/airflow/.local/lib/python3.8/site-packages/airflow/example_dags/example_trigger_target_dag.py
[2023-11-20T19:22:42.399+0000] {processor.py:829} INFO - Processing file /home/airflow/.local/lib/python3.8/site-packages/airflow/example_dags/example_trigger_target_dag.py for tasks to queue
[2023-11-20T19:22:42.403+0000] {logging_mixin.py:151} INFO - [2023-11-20T19:22:42.402+0000] {dagbag.py:536} INFO - Filling up the DagBag from /home/airflow/.local/lib/python3.8/site-packages/airflow/example_dags/example_trigger_target_dag.py
[2023-11-20T19:22:42.414+0000] {processor.py:839} INFO - DAG(s) dict_keys(['example_trigger_target_dag']) retrieved from /home/airflow/.local/lib/python3.8/site-packages/airflow/example_dags/example_trigger_target_dag.py
[2023-11-20T19:22:42.463+0000] {logging_mixin.py:151} INFO - [2023-11-20T19:22:42.463+0000] {dag.py:2941} INFO - Sync 1 DAGs
[2023-11-20T19:22:42.647+0000] {logging_mixin.py:151} INFO - [2023-11-20T19:22:42.647+0000] {dag.py:3722} INFO - Setting next_dagrun for example_trigger_target_dag to None, run_after=None
[2023-11-20T19:22:42.817+0000] {processor.py:179} INFO - Processing /home/airflow/.local/lib/python3.8/site-packages/airflow/example_dags/example_trigger_target_dag.py took 0.426 seconds
[2023-11-20T19:23:21.021+0000] {processor.py:157} INFO - Started process (PID=334) to work on /home/airflow/.local/lib/python3.8/site-packages/airflow/example_dags/example_trigger_target_dag.py
[2023-11-20T19:23:21.024+0000] {processor.py:829} INFO - Processing file /home/airflow/.local/lib/python3.8/site-packages/airflow/example_dags/example_trigger_target_dag.py for tasks to queue
[2023-11-20T19:23:21.025+0000] {logging_mixin.py:151} INFO - [2023-11-20T19:23:21.025+0000] {dagbag.py:536} INFO - Filling up the DagBag from /home/airflow/.local/lib/python3.8/site-packages/airflow/example_dags/example_trigger_target_dag.py
[2023-11-20T19:23:21.042+0000] {processor.py:839} INFO - DAG(s) dict_keys(['example_trigger_target_dag']) retrieved from /home/airflow/.local/lib/python3.8/site-packages/airflow/example_dags/example_trigger_target_dag.py
[2023-11-20T19:23:21.111+0000] {logging_mixin.py:151} INFO - [2023-11-20T19:23:21.110+0000] {dag.py:2941} INFO - Sync 1 DAGs
[2023-11-20T19:23:21.172+0000] {logging_mixin.py:151} INFO - [2023-11-20T19:23:21.172+0000] {dag.py:3722} INFO - Setting next_dagrun for example_trigger_target_dag to None, run_after=None
[2023-11-20T19:23:21.237+0000] {processor.py:179} INFO - Processing /home/airflow/.local/lib/python3.8/site-packages/airflow/example_dags/example_trigger_target_dag.py took 0.220 seconds
[2023-11-20T19:23:58.460+0000] {processor.py:157} INFO - Started process (PID=399) to work on /home/airflow/.local/lib/python3.8/site-packages/airflow/example_dags/example_trigger_target_dag.py
[2023-11-20T19:23:58.465+0000] {processor.py:829} INFO - Processing file /home/airflow/.local/lib/python3.8/site-packages/airflow/example_dags/example_trigger_target_dag.py for tasks to queue
[2023-11-20T19:23:58.478+0000] {logging_mixin.py:151} INFO - [2023-11-20T19:23:58.477+0000] {dagbag.py:536} INFO - Filling up the DagBag from /home/airflow/.local/lib/python3.8/site-packages/airflow/example_dags/example_trigger_target_dag.py
[2023-11-20T19:23:58.495+0000] {processor.py:839} INFO - DAG(s) dict_keys(['example_trigger_target_dag']) retrieved from /home/airflow/.local/lib/python3.8/site-packages/airflow/example_dags/example_trigger_target_dag.py
[2023-11-20T19:23:58.737+0000] {logging_mixin.py:151} INFO - [2023-11-20T19:23:58.736+0000] {dag.py:2941} INFO - Sync 1 DAGs
[2023-11-20T19:23:58.804+0000] {logging_mixin.py:151} INFO - [2023-11-20T19:23:58.803+0000] {dag.py:3722} INFO - Setting next_dagrun for example_trigger_target_dag to None, run_after=None
[2023-11-20T19:23:59.124+0000] {processor.py:179} INFO - Processing /home/airflow/.local/lib/python3.8/site-packages/airflow/example_dags/example_trigger_target_dag.py took 0.681 seconds
[2023-11-20T19:24:29.867+0000] {processor.py:157} INFO - Started process (PID=459) to work on /home/airflow/.local/lib/python3.8/site-packages/airflow/example_dags/example_trigger_target_dag.py
[2023-11-20T19:24:29.869+0000] {processor.py:829} INFO - Processing file /home/airflow/.local/lib/python3.8/site-packages/airflow/example_dags/example_trigger_target_dag.py for tasks to queue
[2023-11-20T19:24:29.871+0000] {logging_mixin.py:151} INFO - [2023-11-20T19:24:29.870+0000] {dagbag.py:536} INFO - Filling up the DagBag from /home/airflow/.local/lib/python3.8/site-packages/airflow/example_dags/example_trigger_target_dag.py
[2023-11-20T19:24:29.879+0000] {processor.py:839} INFO - DAG(s) dict_keys(['example_trigger_target_dag']) retrieved from /home/airflow/.local/lib/python3.8/site-packages/airflow/example_dags/example_trigger_target_dag.py
[2023-11-20T19:24:29.907+0000] {logging_mixin.py:151} INFO - [2023-11-20T19:24:29.907+0000] {dag.py:2941} INFO - Sync 1 DAGs
[2023-11-20T19:24:29.927+0000] {logging_mixin.py:151} INFO - [2023-11-20T19:24:29.927+0000] {dag.py:3722} INFO - Setting next_dagrun for example_trigger_target_dag to None, run_after=None
[2023-11-20T19:24:29.953+0000] {processor.py:179} INFO - Processing /home/airflow/.local/lib/python3.8/site-packages/airflow/example_dags/example_trigger_target_dag.py took 0.091 seconds
[2023-11-20T19:25:23.270+0000] {processor.py:157} INFO - Started process (PID=527) to work on /home/airflow/.local/lib/python3.8/site-packages/airflow/example_dags/example_trigger_target_dag.py
[2023-11-20T19:25:23.277+0000] {processor.py:829} INFO - Processing file /home/airflow/.local/lib/python3.8/site-packages/airflow/example_dags/example_trigger_target_dag.py for tasks to queue
[2023-11-20T19:25:23.280+0000] {logging_mixin.py:151} INFO - [2023-11-20T19:25:23.279+0000] {dagbag.py:536} INFO - Filling up the DagBag from /home/airflow/.local/lib/python3.8/site-packages/airflow/example_dags/example_trigger_target_dag.py
[2023-11-20T19:25:23.291+0000] {processor.py:839} INFO - DAG(s) dict_keys(['example_trigger_target_dag']) retrieved from /home/airflow/.local/lib/python3.8/site-packages/airflow/example_dags/example_trigger_target_dag.py
[2023-11-20T19:25:23.350+0000] {logging_mixin.py:151} INFO - [2023-11-20T19:25:23.350+0000] {dag.py:2941} INFO - Sync 1 DAGs
[2023-11-20T19:25:23.374+0000] {logging_mixin.py:151} INFO - [2023-11-20T19:25:23.374+0000] {dag.py:3722} INFO - Setting next_dagrun for example_trigger_target_dag to None, run_after=None
[2023-11-20T19:25:23.461+0000] {processor.py:179} INFO - Processing /home/airflow/.local/lib/python3.8/site-packages/airflow/example_dags/example_trigger_target_dag.py took 0.201 seconds
[2023-11-20T19:25:56.072+0000] {processor.py:157} INFO - Started process (PID=590) to work on /home/airflow/.local/lib/python3.8/site-packages/airflow/example_dags/example_trigger_target_dag.py
[2023-11-20T19:25:56.077+0000] {processor.py:829} INFO - Processing file /home/airflow/.local/lib/python3.8/site-packages/airflow/example_dags/example_trigger_target_dag.py for tasks to queue
[2023-11-20T19:25:56.078+0000] {logging_mixin.py:151} INFO - [2023-11-20T19:25:56.078+0000] {dagbag.py:536} INFO - Filling up the DagBag from /home/airflow/.local/lib/python3.8/site-packages/airflow/example_dags/example_trigger_target_dag.py
[2023-11-20T19:25:56.086+0000] {processor.py:839} INFO - DAG(s) dict_keys(['example_trigger_target_dag']) retrieved from /home/airflow/.local/lib/python3.8/site-packages/airflow/example_dags/example_trigger_target_dag.py
[2023-11-20T19:25:56.114+0000] {logging_mixin.py:151} INFO - [2023-11-20T19:25:56.114+0000] {dag.py:2941} INFO - Sync 1 DAGs
[2023-11-20T19:25:56.132+0000] {logging_mixin.py:151} INFO - [2023-11-20T19:25:56.132+0000] {dag.py:3722} INFO - Setting next_dagrun for example_trigger_target_dag to None, run_after=None
[2023-11-20T19:25:56.169+0000] {processor.py:179} INFO - Processing /home/airflow/.local/lib/python3.8/site-packages/airflow/example_dags/example_trigger_target_dag.py took 0.103 seconds
[2023-11-20T19:26:29.421+0000] {processor.py:157} INFO - Started process (PID=658) to work on /home/airflow/.local/lib/python3.8/site-packages/airflow/example_dags/example_trigger_target_dag.py
[2023-11-20T19:26:29.426+0000] {processor.py:829} INFO - Processing file /home/airflow/.local/lib/python3.8/site-packages/airflow/example_dags/example_trigger_target_dag.py for tasks to queue
[2023-11-20T19:26:29.427+0000] {logging_mixin.py:151} INFO - [2023-11-20T19:26:29.427+0000] {dagbag.py:536} INFO - Filling up the DagBag from /home/airflow/.local/lib/python3.8/site-packages/airflow/example_dags/example_trigger_target_dag.py
[2023-11-20T19:26:29.435+0000] {processor.py:839} INFO - DAG(s) dict_keys(['example_trigger_target_dag']) retrieved from /home/airflow/.local/lib/python3.8/site-packages/airflow/example_dags/example_trigger_target_dag.py
[2023-11-20T19:26:29.462+0000] {logging_mixin.py:151} INFO - [2023-11-20T19:26:29.462+0000] {dag.py:2941} INFO - Sync 1 DAGs
[2023-11-20T19:26:29.481+0000] {logging_mixin.py:151} INFO - [2023-11-20T19:26:29.481+0000] {dag.py:3722} INFO - Setting next_dagrun for example_trigger_target_dag to None, run_after=None
[2023-11-20T19:26:29.506+0000] {processor.py:179} INFO - Processing /home/airflow/.local/lib/python3.8/site-packages/airflow/example_dags/example_trigger_target_dag.py took 0.090 seconds
[2023-11-20T19:27:04.040+0000] {processor.py:157} INFO - Started process (PID=718) to work on /home/airflow/.local/lib/python3.8/site-packages/airflow/example_dags/example_trigger_target_dag.py
[2023-11-20T19:27:04.047+0000] {processor.py:829} INFO - Processing file /home/airflow/.local/lib/python3.8/site-packages/airflow/example_dags/example_trigger_target_dag.py for tasks to queue
[2023-11-20T19:27:04.048+0000] {logging_mixin.py:151} INFO - [2023-11-20T19:27:04.048+0000] {dagbag.py:536} INFO - Filling up the DagBag from /home/airflow/.local/lib/python3.8/site-packages/airflow/example_dags/example_trigger_target_dag.py
[2023-11-20T19:27:04.056+0000] {processor.py:839} INFO - DAG(s) dict_keys(['example_trigger_target_dag']) retrieved from /home/airflow/.local/lib/python3.8/site-packages/airflow/example_dags/example_trigger_target_dag.py
[2023-11-20T19:27:04.129+0000] {logging_mixin.py:151} INFO - [2023-11-20T19:27:04.128+0000] {dag.py:2941} INFO - Sync 1 DAGs
[2023-11-20T19:27:04.148+0000] {logging_mixin.py:151} INFO - [2023-11-20T19:27:04.148+0000] {dag.py:3722} INFO - Setting next_dagrun for example_trigger_target_dag to None, run_after=None
[2023-11-20T19:27:04.175+0000] {processor.py:179} INFO - Processing /home/airflow/.local/lib/python3.8/site-packages/airflow/example_dags/example_trigger_target_dag.py took 0.139 seconds
[2023-11-20T19:27:37.491+0000] {processor.py:157} INFO - Started process (PID=778) to work on /home/airflow/.local/lib/python3.8/site-packages/airflow/example_dags/example_trigger_target_dag.py
[2023-11-20T19:27:37.493+0000] {processor.py:829} INFO - Processing file /home/airflow/.local/lib/python3.8/site-packages/airflow/example_dags/example_trigger_target_dag.py for tasks to queue
[2023-11-20T19:27:37.496+0000] {logging_mixin.py:151} INFO - [2023-11-20T19:27:37.495+0000] {dagbag.py:536} INFO - Filling up the DagBag from /home/airflow/.local/lib/python3.8/site-packages/airflow/example_dags/example_trigger_target_dag.py
[2023-11-20T19:27:37.510+0000] {processor.py:839} INFO - DAG(s) dict_keys(['example_trigger_target_dag']) retrieved from /home/airflow/.local/lib/python3.8/site-packages/airflow/example_dags/example_trigger_target_dag.py
[2023-11-20T19:27:37.570+0000] {logging_mixin.py:151} INFO - [2023-11-20T19:27:37.569+0000] {dag.py:2941} INFO - Sync 1 DAGs
[2023-11-20T19:27:37.609+0000] {logging_mixin.py:151} INFO - [2023-11-20T19:27:37.608+0000] {dag.py:3722} INFO - Setting next_dagrun for example_trigger_target_dag to None, run_after=None
[2023-11-20T19:27:37.647+0000] {processor.py:179} INFO - Processing /home/airflow/.local/lib/python3.8/site-packages/airflow/example_dags/example_trigger_target_dag.py took 0.160 seconds
[2023-11-20T19:28:10.752+0000] {processor.py:157} INFO - Started process (PID=839) to work on /home/airflow/.local/lib/python3.8/site-packages/airflow/example_dags/example_trigger_target_dag.py
[2023-11-20T19:28:10.762+0000] {processor.py:829} INFO - Processing file /home/airflow/.local/lib/python3.8/site-packages/airflow/example_dags/example_trigger_target_dag.py for tasks to queue
[2023-11-20T19:28:10.772+0000] {logging_mixin.py:151} INFO - [2023-11-20T19:28:10.770+0000] {dagbag.py:536} INFO - Filling up the DagBag from /home/airflow/.local/lib/python3.8/site-packages/airflow/example_dags/example_trigger_target_dag.py
[2023-11-20T19:28:10.805+0000] {processor.py:839} INFO - DAG(s) dict_keys(['example_trigger_target_dag']) retrieved from /home/airflow/.local/lib/python3.8/site-packages/airflow/example_dags/example_trigger_target_dag.py
[2023-11-20T19:28:10.907+0000] {logging_mixin.py:151} INFO - [2023-11-20T19:28:10.906+0000] {dag.py:2941} INFO - Sync 1 DAGs
[2023-11-20T19:28:10.981+0000] {logging_mixin.py:151} INFO - [2023-11-20T19:28:10.980+0000] {dag.py:3722} INFO - Setting next_dagrun for example_trigger_target_dag to None, run_after=None
[2023-11-20T19:28:11.188+0000] {processor.py:179} INFO - Processing /home/airflow/.local/lib/python3.8/site-packages/airflow/example_dags/example_trigger_target_dag.py took 0.462 seconds
[2023-11-20T19:28:44.326+0000] {processor.py:157} INFO - Started process (PID=911) to work on /home/airflow/.local/lib/python3.8/site-packages/airflow/example_dags/example_trigger_target_dag.py
[2023-11-20T19:28:44.328+0000] {processor.py:829} INFO - Processing file /home/airflow/.local/lib/python3.8/site-packages/airflow/example_dags/example_trigger_target_dag.py for tasks to queue
[2023-11-20T19:28:44.330+0000] {logging_mixin.py:151} INFO - [2023-11-20T19:28:44.329+0000] {dagbag.py:536} INFO - Filling up the DagBag from /home/airflow/.local/lib/python3.8/site-packages/airflow/example_dags/example_trigger_target_dag.py
[2023-11-20T19:28:44.347+0000] {processor.py:839} INFO - DAG(s) dict_keys(['example_trigger_target_dag']) retrieved from /home/airflow/.local/lib/python3.8/site-packages/airflow/example_dags/example_trigger_target_dag.py
[2023-11-20T19:28:44.413+0000] {logging_mixin.py:151} INFO - [2023-11-20T19:28:44.413+0000] {dag.py:2941} INFO - Sync 1 DAGs
[2023-11-20T19:28:44.438+0000] {logging_mixin.py:151} INFO - [2023-11-20T19:28:44.437+0000] {dag.py:3722} INFO - Setting next_dagrun for example_trigger_target_dag to None, run_after=None
[2023-11-20T19:28:44.487+0000] {processor.py:179} INFO - Processing /home/airflow/.local/lib/python3.8/site-packages/airflow/example_dags/example_trigger_target_dag.py took 0.169 seconds
[2023-11-20T19:29:24.833+0000] {processor.py:157} INFO - Started process (PID=972) to work on /home/airflow/.local/lib/python3.8/site-packages/airflow/example_dags/example_trigger_target_dag.py
[2023-11-20T19:29:24.837+0000] {processor.py:829} INFO - Processing file /home/airflow/.local/lib/python3.8/site-packages/airflow/example_dags/example_trigger_target_dag.py for tasks to queue
[2023-11-20T19:29:24.840+0000] {logging_mixin.py:151} INFO - [2023-11-20T19:29:24.839+0000] {dagbag.py:536} INFO - Filling up the DagBag from /home/airflow/.local/lib/python3.8/site-packages/airflow/example_dags/example_trigger_target_dag.py
[2023-11-20T19:29:24.884+0000] {processor.py:839} INFO - DAG(s) dict_keys(['example_trigger_target_dag']) retrieved from /home/airflow/.local/lib/python3.8/site-packages/airflow/example_dags/example_trigger_target_dag.py
[2023-11-20T19:29:25.028+0000] {logging_mixin.py:151} INFO - [2023-11-20T19:29:25.028+0000] {dag.py:2941} INFO - Sync 1 DAGs
[2023-11-20T19:29:25.122+0000] {logging_mixin.py:151} INFO - [2023-11-20T19:29:25.117+0000] {dag.py:3722} INFO - Setting next_dagrun for example_trigger_target_dag to None, run_after=None
[2023-11-20T19:29:25.299+0000] {processor.py:179} INFO - Processing /home/airflow/.local/lib/python3.8/site-packages/airflow/example_dags/example_trigger_target_dag.py took 0.484 seconds
[2023-11-20T19:29:56.054+0000] {processor.py:157} INFO - Started process (PID=1033) to work on /home/airflow/.local/lib/python3.8/site-packages/airflow/example_dags/example_trigger_target_dag.py
[2023-11-20T19:29:56.057+0000] {processor.py:829} INFO - Processing file /home/airflow/.local/lib/python3.8/site-packages/airflow/example_dags/example_trigger_target_dag.py for tasks to queue
[2023-11-20T19:29:56.061+0000] {logging_mixin.py:151} INFO - [2023-11-20T19:29:56.060+0000] {dagbag.py:536} INFO - Filling up the DagBag from /home/airflow/.local/lib/python3.8/site-packages/airflow/example_dags/example_trigger_target_dag.py
[2023-11-20T19:29:56.077+0000] {processor.py:839} INFO - DAG(s) dict_keys(['example_trigger_target_dag']) retrieved from /home/airflow/.local/lib/python3.8/site-packages/airflow/example_dags/example_trigger_target_dag.py
[2023-11-20T19:29:56.123+0000] {logging_mixin.py:151} INFO - [2023-11-20T19:29:56.123+0000] {dag.py:2941} INFO - Sync 1 DAGs
[2023-11-20T19:29:56.161+0000] {logging_mixin.py:151} INFO - [2023-11-20T19:29:56.161+0000] {dag.py:3722} INFO - Setting next_dagrun for example_trigger_target_dag to None, run_after=None
[2023-11-20T19:29:56.202+0000] {processor.py:179} INFO - Processing /home/airflow/.local/lib/python3.8/site-packages/airflow/example_dags/example_trigger_target_dag.py took 0.160 seconds
[2023-11-20T19:30:28.901+0000] {processor.py:157} INFO - Started process (PID=1093) to work on /home/airflow/.local/lib/python3.8/site-packages/airflow/example_dags/example_trigger_target_dag.py
[2023-11-20T19:30:28.904+0000] {processor.py:829} INFO - Processing file /home/airflow/.local/lib/python3.8/site-packages/airflow/example_dags/example_trigger_target_dag.py for tasks to queue
[2023-11-20T19:30:28.907+0000] {logging_mixin.py:151} INFO - [2023-11-20T19:30:28.907+0000] {dagbag.py:536} INFO - Filling up the DagBag from /home/airflow/.local/lib/python3.8/site-packages/airflow/example_dags/example_trigger_target_dag.py
[2023-11-20T19:30:28.922+0000] {processor.py:839} INFO - DAG(s) dict_keys(['example_trigger_target_dag']) retrieved from /home/airflow/.local/lib/python3.8/site-packages/airflow/example_dags/example_trigger_target_dag.py
[2023-11-20T19:30:28.987+0000] {logging_mixin.py:151} INFO - [2023-11-20T19:30:28.986+0000] {dag.py:2941} INFO - Sync 1 DAGs
[2023-11-20T19:30:29.024+0000] {logging_mixin.py:151} INFO - [2023-11-20T19:30:29.024+0000] {dag.py:3722} INFO - Setting next_dagrun for example_trigger_target_dag to None, run_after=None
[2023-11-20T19:30:29.086+0000] {processor.py:179} INFO - Processing /home/airflow/.local/lib/python3.8/site-packages/airflow/example_dags/example_trigger_target_dag.py took 0.191 seconds
[2023-11-20T19:31:12.353+0000] {processor.py:157} INFO - Started process (PID=1153) to work on /home/airflow/.local/lib/python3.8/site-packages/airflow/example_dags/example_trigger_target_dag.py
[2023-11-20T19:31:12.359+0000] {processor.py:829} INFO - Processing file /home/airflow/.local/lib/python3.8/site-packages/airflow/example_dags/example_trigger_target_dag.py for tasks to queue
[2023-11-20T19:31:12.361+0000] {logging_mixin.py:151} INFO - [2023-11-20T19:31:12.361+0000] {dagbag.py:536} INFO - Filling up the DagBag from /home/airflow/.local/lib/python3.8/site-packages/airflow/example_dags/example_trigger_target_dag.py
[2023-11-20T19:31:12.403+0000] {processor.py:839} INFO - DAG(s) dict_keys(['example_trigger_target_dag']) retrieved from /home/airflow/.local/lib/python3.8/site-packages/airflow/example_dags/example_trigger_target_dag.py
[2023-11-20T19:31:12.536+0000] {logging_mixin.py:151} INFO - [2023-11-20T19:31:12.535+0000] {dag.py:2941} INFO - Sync 1 DAGs
[2023-11-20T19:31:12.668+0000] {logging_mixin.py:151} INFO - [2023-11-20T19:31:12.666+0000] {dag.py:3722} INFO - Setting next_dagrun for example_trigger_target_dag to None, run_after=None
[2023-11-20T19:31:12.789+0000] {processor.py:179} INFO - Processing /home/airflow/.local/lib/python3.8/site-packages/airflow/example_dags/example_trigger_target_dag.py took 0.451 seconds
[2023-11-20T19:31:44.286+0000] {processor.py:157} INFO - Started process (PID=1213) to work on /home/airflow/.local/lib/python3.8/site-packages/airflow/example_dags/example_trigger_target_dag.py
[2023-11-20T19:31:44.288+0000] {processor.py:829} INFO - Processing file /home/airflow/.local/lib/python3.8/site-packages/airflow/example_dags/example_trigger_target_dag.py for tasks to queue
[2023-11-20T19:31:44.290+0000] {logging_mixin.py:151} INFO - [2023-11-20T19:31:44.290+0000] {dagbag.py:536} INFO - Filling up the DagBag from /home/airflow/.local/lib/python3.8/site-packages/airflow/example_dags/example_trigger_target_dag.py
[2023-11-20T19:31:44.309+0000] {processor.py:839} INFO - DAG(s) dict_keys(['example_trigger_target_dag']) retrieved from /home/airflow/.local/lib/python3.8/site-packages/airflow/example_dags/example_trigger_target_dag.py
[2023-11-20T19:31:44.413+0000] {logging_mixin.py:151} INFO - [2023-11-20T19:31:44.412+0000] {dag.py:2941} INFO - Sync 1 DAGs
[2023-11-20T19:31:44.494+0000] {logging_mixin.py:151} INFO - [2023-11-20T19:31:44.493+0000] {dag.py:3722} INFO - Setting next_dagrun for example_trigger_target_dag to None, run_after=None
[2023-11-20T19:31:44.556+0000] {processor.py:179} INFO - Processing /home/airflow/.local/lib/python3.8/site-packages/airflow/example_dags/example_trigger_target_dag.py took 0.275 seconds
[2023-11-20T19:33:31.319+0000] {processor.py:157} INFO - Started process (PID=1292) to work on /home/airflow/.local/lib/python3.8/site-packages/airflow/example_dags/example_trigger_target_dag.py
[2023-11-20T19:33:31.325+0000] {processor.py:829} INFO - Processing file /home/airflow/.local/lib/python3.8/site-packages/airflow/example_dags/example_trigger_target_dag.py for tasks to queue
[2023-11-20T19:33:31.340+0000] {logging_mixin.py:151} INFO - [2023-11-20T19:33:31.339+0000] {dagbag.py:536} INFO - Filling up the DagBag from /home/airflow/.local/lib/python3.8/site-packages/airflow/example_dags/example_trigger_target_dag.py
[2023-11-20T19:33:31.379+0000] {processor.py:839} INFO - DAG(s) dict_keys(['example_trigger_target_dag']) retrieved from /home/airflow/.local/lib/python3.8/site-packages/airflow/example_dags/example_trigger_target_dag.py
[2023-11-20T19:33:31.465+0000] {logging_mixin.py:151} INFO - [2023-11-20T19:33:31.464+0000] {dag.py:2941} INFO - Sync 1 DAGs
[2023-11-20T19:33:31.524+0000] {logging_mixin.py:151} INFO - [2023-11-20T19:33:31.522+0000] {dag.py:3722} INFO - Setting next_dagrun for example_trigger_target_dag to None, run_after=None
[2023-11-20T19:33:31.589+0000] {processor.py:179} INFO - Processing /home/airflow/.local/lib/python3.8/site-packages/airflow/example_dags/example_trigger_target_dag.py took 0.286 seconds
[2023-11-20T19:34:03.255+0000] {processor.py:157} INFO - Started process (PID=1351) to work on /home/airflow/.local/lib/python3.8/site-packages/airflow/example_dags/example_trigger_target_dag.py
[2023-11-20T19:34:03.271+0000] {processor.py:829} INFO - Processing file /home/airflow/.local/lib/python3.8/site-packages/airflow/example_dags/example_trigger_target_dag.py for tasks to queue
[2023-11-20T19:34:03.272+0000] {logging_mixin.py:151} INFO - [2023-11-20T19:34:03.272+0000] {dagbag.py:536} INFO - Filling up the DagBag from /home/airflow/.local/lib/python3.8/site-packages/airflow/example_dags/example_trigger_target_dag.py
[2023-11-20T19:34:03.283+0000] {processor.py:839} INFO - DAG(s) dict_keys(['example_trigger_target_dag']) retrieved from /home/airflow/.local/lib/python3.8/site-packages/airflow/example_dags/example_trigger_target_dag.py
[2023-11-20T19:34:03.409+0000] {logging_mixin.py:151} INFO - [2023-11-20T19:34:03.408+0000] {dag.py:2941} INFO - Sync 1 DAGs
[2023-11-20T19:34:03.451+0000] {logging_mixin.py:151} INFO - [2023-11-20T19:34:03.450+0000] {dag.py:3722} INFO - Setting next_dagrun for example_trigger_target_dag to None, run_after=None
[2023-11-20T19:34:03.505+0000] {processor.py:179} INFO - Processing /home/airflow/.local/lib/python3.8/site-packages/airflow/example_dags/example_trigger_target_dag.py took 0.256 seconds
[2023-11-20T19:34:43.920+0000] {processor.py:157} INFO - Started process (PID=1418) to work on /home/airflow/.local/lib/python3.8/site-packages/airflow/example_dags/example_trigger_target_dag.py
[2023-11-20T19:34:43.929+0000] {processor.py:829} INFO - Processing file /home/airflow/.local/lib/python3.8/site-packages/airflow/example_dags/example_trigger_target_dag.py for tasks to queue
[2023-11-20T19:34:43.942+0000] {logging_mixin.py:151} INFO - [2023-11-20T19:34:43.937+0000] {dagbag.py:536} INFO - Filling up the DagBag from /home/airflow/.local/lib/python3.8/site-packages/airflow/example_dags/example_trigger_target_dag.py
[2023-11-20T19:34:44.282+0000] {processor.py:839} INFO - DAG(s) dict_keys(['example_trigger_target_dag']) retrieved from /home/airflow/.local/lib/python3.8/site-packages/airflow/example_dags/example_trigger_target_dag.py
[2023-11-20T19:34:45.032+0000] {logging_mixin.py:151} INFO - [2023-11-20T19:34:45.029+0000] {dag.py:2941} INFO - Sync 1 DAGs
[2023-11-20T19:34:45.276+0000] {logging_mixin.py:151} INFO - [2023-11-20T19:34:45.267+0000] {dag.py:3722} INFO - Setting next_dagrun for example_trigger_target_dag to None, run_after=None
[2023-11-20T19:34:45.442+0000] {processor.py:179} INFO - Processing /home/airflow/.local/lib/python3.8/site-packages/airflow/example_dags/example_trigger_target_dag.py took 1.539 seconds
[2023-11-20T19:35:15.981+0000] {processor.py:157} INFO - Started process (PID=1476) to work on /home/airflow/.local/lib/python3.8/site-packages/airflow/example_dags/example_trigger_target_dag.py
[2023-11-20T19:35:15.989+0000] {processor.py:829} INFO - Processing file /home/airflow/.local/lib/python3.8/site-packages/airflow/example_dags/example_trigger_target_dag.py for tasks to queue
[2023-11-20T19:35:16.020+0000] {logging_mixin.py:151} INFO - [2023-11-20T19:35:16.019+0000] {dagbag.py:536} INFO - Filling up the DagBag from /home/airflow/.local/lib/python3.8/site-packages/airflow/example_dags/example_trigger_target_dag.py
[2023-11-20T19:35:16.203+0000] {processor.py:839} INFO - DAG(s) dict_keys(['example_trigger_target_dag']) retrieved from /home/airflow/.local/lib/python3.8/site-packages/airflow/example_dags/example_trigger_target_dag.py
[2023-11-20T19:35:16.677+0000] {logging_mixin.py:151} INFO - [2023-11-20T19:35:16.674+0000] {dag.py:2941} INFO - Sync 1 DAGs
[2023-11-20T19:35:16.899+0000] {logging_mixin.py:151} INFO - [2023-11-20T19:35:16.898+0000] {dag.py:3722} INFO - Setting next_dagrun for example_trigger_target_dag to None, run_after=None
[2023-11-20T19:35:17.067+0000] {processor.py:179} INFO - Processing /home/airflow/.local/lib/python3.8/site-packages/airflow/example_dags/example_trigger_target_dag.py took 1.122 seconds
[2023-11-20T19:35:47.465+0000] {processor.py:157} INFO - Started process (PID=1536) to work on /home/airflow/.local/lib/python3.8/site-packages/airflow/example_dags/example_trigger_target_dag.py
[2023-11-20T19:35:47.473+0000] {processor.py:829} INFO - Processing file /home/airflow/.local/lib/python3.8/site-packages/airflow/example_dags/example_trigger_target_dag.py for tasks to queue
[2023-11-20T19:35:47.484+0000] {logging_mixin.py:151} INFO - [2023-11-20T19:35:47.482+0000] {dagbag.py:536} INFO - Filling up the DagBag from /home/airflow/.local/lib/python3.8/site-packages/airflow/example_dags/example_trigger_target_dag.py
[2023-11-20T19:35:47.557+0000] {processor.py:839} INFO - DAG(s) dict_keys(['example_trigger_target_dag']) retrieved from /home/airflow/.local/lib/python3.8/site-packages/airflow/example_dags/example_trigger_target_dag.py
[2023-11-20T19:35:47.711+0000] {logging_mixin.py:151} INFO - [2023-11-20T19:35:47.709+0000] {dag.py:2941} INFO - Sync 1 DAGs
[2023-11-20T19:35:47.892+0000] {logging_mixin.py:151} INFO - [2023-11-20T19:35:47.891+0000] {dag.py:3722} INFO - Setting next_dagrun for example_trigger_target_dag to None, run_after=None
[2023-11-20T19:35:47.986+0000] {processor.py:179} INFO - Processing /home/airflow/.local/lib/python3.8/site-packages/airflow/example_dags/example_trigger_target_dag.py took 0.541 seconds
[2023-11-20T19:36:18.310+0000] {processor.py:157} INFO - Started process (PID=1596) to work on /home/airflow/.local/lib/python3.8/site-packages/airflow/example_dags/example_trigger_target_dag.py
[2023-11-20T19:36:18.313+0000] {processor.py:829} INFO - Processing file /home/airflow/.local/lib/python3.8/site-packages/airflow/example_dags/example_trigger_target_dag.py for tasks to queue
[2023-11-20T19:36:18.315+0000] {logging_mixin.py:151} INFO - [2023-11-20T19:36:18.315+0000] {dagbag.py:536} INFO - Filling up the DagBag from /home/airflow/.local/lib/python3.8/site-packages/airflow/example_dags/example_trigger_target_dag.py
[2023-11-20T19:36:18.374+0000] {processor.py:839} INFO - DAG(s) dict_keys(['example_trigger_target_dag']) retrieved from /home/airflow/.local/lib/python3.8/site-packages/airflow/example_dags/example_trigger_target_dag.py
[2023-11-20T19:36:18.669+0000] {logging_mixin.py:151} INFO - [2023-11-20T19:36:18.664+0000] {dag.py:2941} INFO - Sync 1 DAGs
[2023-11-20T19:36:18.775+0000] {logging_mixin.py:151} INFO - [2023-11-20T19:36:18.774+0000] {dag.py:3722} INFO - Setting next_dagrun for example_trigger_target_dag to None, run_after=None
[2023-11-20T19:36:18.902+0000] {processor.py:179} INFO - Processing /home/airflow/.local/lib/python3.8/site-packages/airflow/example_dags/example_trigger_target_dag.py took 0.611 seconds
[2023-11-20T19:36:50.057+0000] {processor.py:157} INFO - Started process (PID=1656) to work on /home/airflow/.local/lib/python3.8/site-packages/airflow/example_dags/example_trigger_target_dag.py
[2023-11-20T19:36:50.060+0000] {processor.py:829} INFO - Processing file /home/airflow/.local/lib/python3.8/site-packages/airflow/example_dags/example_trigger_target_dag.py for tasks to queue
[2023-11-20T19:36:50.062+0000] {logging_mixin.py:151} INFO - [2023-11-20T19:36:50.061+0000] {dagbag.py:536} INFO - Filling up the DagBag from /home/airflow/.local/lib/python3.8/site-packages/airflow/example_dags/example_trigger_target_dag.py
[2023-11-20T19:36:50.081+0000] {processor.py:839} INFO - DAG(s) dict_keys(['example_trigger_target_dag']) retrieved from /home/airflow/.local/lib/python3.8/site-packages/airflow/example_dags/example_trigger_target_dag.py
[2023-11-20T19:36:50.206+0000] {logging_mixin.py:151} INFO - [2023-11-20T19:36:50.206+0000] {dag.py:2941} INFO - Sync 1 DAGs
[2023-11-20T19:36:50.265+0000] {logging_mixin.py:151} INFO - [2023-11-20T19:36:50.265+0000] {dag.py:3722} INFO - Setting next_dagrun for example_trigger_target_dag to None, run_after=None
[2023-11-20T19:36:50.359+0000] {processor.py:179} INFO - Processing /home/airflow/.local/lib/python3.8/site-packages/airflow/example_dags/example_trigger_target_dag.py took 0.328 seconds
[2023-11-20T19:37:33.928+0000] {processor.py:157} INFO - Started process (PID=1714) to work on /home/airflow/.local/lib/python3.8/site-packages/airflow/example_dags/example_trigger_target_dag.py
[2023-11-20T19:37:33.931+0000] {processor.py:829} INFO - Processing file /home/airflow/.local/lib/python3.8/site-packages/airflow/example_dags/example_trigger_target_dag.py for tasks to queue
[2023-11-20T19:37:33.933+0000] {logging_mixin.py:151} INFO - [2023-11-20T19:37:33.932+0000] {dagbag.py:536} INFO - Filling up the DagBag from /home/airflow/.local/lib/python3.8/site-packages/airflow/example_dags/example_trigger_target_dag.py
[2023-11-20T19:37:33.954+0000] {processor.py:839} INFO - DAG(s) dict_keys(['example_trigger_target_dag']) retrieved from /home/airflow/.local/lib/python3.8/site-packages/airflow/example_dags/example_trigger_target_dag.py
[2023-11-20T19:37:34.010+0000] {logging_mixin.py:151} INFO - [2023-11-20T19:37:34.010+0000] {dag.py:2941} INFO - Sync 1 DAGs
[2023-11-20T19:37:34.040+0000] {logging_mixin.py:151} INFO - [2023-11-20T19:37:34.039+0000] {dag.py:3722} INFO - Setting next_dagrun for example_trigger_target_dag to None, run_after=None
[2023-11-20T19:37:34.097+0000] {processor.py:179} INFO - Processing /home/airflow/.local/lib/python3.8/site-packages/airflow/example_dags/example_trigger_target_dag.py took 0.177 seconds
[2023-11-20T19:38:14.654+0000] {processor.py:157} INFO - Started process (PID=1760) to work on /home/airflow/.local/lib/python3.8/site-packages/airflow/example_dags/example_trigger_target_dag.py
[2023-11-20T19:38:14.658+0000] {processor.py:829} INFO - Processing file /home/airflow/.local/lib/python3.8/site-packages/airflow/example_dags/example_trigger_target_dag.py for tasks to queue
[2023-11-20T19:38:14.662+0000] {logging_mixin.py:151} INFO - [2023-11-20T19:38:14.662+0000] {dagbag.py:536} INFO - Filling up the DagBag from /home/airflow/.local/lib/python3.8/site-packages/airflow/example_dags/example_trigger_target_dag.py
[2023-11-20T19:38:14.688+0000] {processor.py:839} INFO - DAG(s) dict_keys(['example_trigger_target_dag']) retrieved from /home/airflow/.local/lib/python3.8/site-packages/airflow/example_dags/example_trigger_target_dag.py
[2023-11-20T19:38:14.851+0000] {logging_mixin.py:151} INFO - [2023-11-20T19:38:14.850+0000] {dag.py:2941} INFO - Sync 1 DAGs
[2023-11-20T19:38:14.945+0000] {logging_mixin.py:151} INFO - [2023-11-20T19:38:14.944+0000] {dag.py:3722} INFO - Setting next_dagrun for example_trigger_target_dag to None, run_after=None
[2023-11-20T19:38:15.041+0000] {processor.py:179} INFO - Processing /home/airflow/.local/lib/python3.8/site-packages/airflow/example_dags/example_trigger_target_dag.py took 0.395 seconds
[2023-11-20T19:38:45.328+0000] {processor.py:157} INFO - Started process (PID=1820) to work on /home/airflow/.local/lib/python3.8/site-packages/airflow/example_dags/example_trigger_target_dag.py
[2023-11-20T19:38:45.331+0000] {processor.py:829} INFO - Processing file /home/airflow/.local/lib/python3.8/site-packages/airflow/example_dags/example_trigger_target_dag.py for tasks to queue
[2023-11-20T19:38:45.333+0000] {logging_mixin.py:151} INFO - [2023-11-20T19:38:45.332+0000] {dagbag.py:536} INFO - Filling up the DagBag from /home/airflow/.local/lib/python3.8/site-packages/airflow/example_dags/example_trigger_target_dag.py
[2023-11-20T19:38:45.356+0000] {processor.py:839} INFO - DAG(s) dict_keys(['example_trigger_target_dag']) retrieved from /home/airflow/.local/lib/python3.8/site-packages/airflow/example_dags/example_trigger_target_dag.py
[2023-11-20T19:38:45.423+0000] {logging_mixin.py:151} INFO - [2023-11-20T19:38:45.422+0000] {dag.py:2941} INFO - Sync 1 DAGs
[2023-11-20T19:38:45.473+0000] {logging_mixin.py:151} INFO - [2023-11-20T19:38:45.472+0000] {dag.py:3722} INFO - Setting next_dagrun for example_trigger_target_dag to None, run_after=None
[2023-11-20T19:38:45.514+0000] {processor.py:179} INFO - Processing /home/airflow/.local/lib/python3.8/site-packages/airflow/example_dags/example_trigger_target_dag.py took 0.196 seconds
[2023-11-20T19:39:23.583+0000] {processor.py:157} INFO - Started process (PID=1887) to work on /home/airflow/.local/lib/python3.8/site-packages/airflow/example_dags/example_trigger_target_dag.py
[2023-11-20T19:39:23.589+0000] {processor.py:829} INFO - Processing file /home/airflow/.local/lib/python3.8/site-packages/airflow/example_dags/example_trigger_target_dag.py for tasks to queue
[2023-11-20T19:39:23.599+0000] {logging_mixin.py:151} INFO - [2023-11-20T19:39:23.598+0000] {dagbag.py:536} INFO - Filling up the DagBag from /home/airflow/.local/lib/python3.8/site-packages/airflow/example_dags/example_trigger_target_dag.py
[2023-11-20T19:39:23.630+0000] {processor.py:839} INFO - DAG(s) dict_keys(['example_trigger_target_dag']) retrieved from /home/airflow/.local/lib/python3.8/site-packages/airflow/example_dags/example_trigger_target_dag.py
[2023-11-20T19:39:23.755+0000] {logging_mixin.py:151} INFO - [2023-11-20T19:39:23.755+0000] {dag.py:2941} INFO - Sync 1 DAGs
[2023-11-20T19:39:23.844+0000] {logging_mixin.py:151} INFO - [2023-11-20T19:39:23.843+0000] {dag.py:3722} INFO - Setting next_dagrun for example_trigger_target_dag to None, run_after=None
[2023-11-20T19:39:23.916+0000] {processor.py:179} INFO - Processing /home/airflow/.local/lib/python3.8/site-packages/airflow/example_dags/example_trigger_target_dag.py took 0.345 seconds
[2023-11-20T19:40:02.977+0000] {processor.py:157} INFO - Started process (PID=1949) to work on /home/airflow/.local/lib/python3.8/site-packages/airflow/example_dags/example_trigger_target_dag.py
[2023-11-20T19:40:02.994+0000] {processor.py:829} INFO - Processing file /home/airflow/.local/lib/python3.8/site-packages/airflow/example_dags/example_trigger_target_dag.py for tasks to queue
[2023-11-20T19:40:03.000+0000] {logging_mixin.py:151} INFO - [2023-11-20T19:40:02.999+0000] {dagbag.py:536} INFO - Filling up the DagBag from /home/airflow/.local/lib/python3.8/site-packages/airflow/example_dags/example_trigger_target_dag.py
[2023-11-20T19:40:03.020+0000] {processor.py:839} INFO - DAG(s) dict_keys(['example_trigger_target_dag']) retrieved from /home/airflow/.local/lib/python3.8/site-packages/airflow/example_dags/example_trigger_target_dag.py
[2023-11-20T19:40:03.098+0000] {logging_mixin.py:151} INFO - [2023-11-20T19:40:03.098+0000] {dag.py:2941} INFO - Sync 1 DAGs
[2023-11-20T19:40:03.140+0000] {logging_mixin.py:151} INFO - [2023-11-20T19:40:03.138+0000] {dag.py:3722} INFO - Setting next_dagrun for example_trigger_target_dag to None, run_after=None
[2023-11-20T19:40:03.308+0000] {processor.py:179} INFO - Processing /home/airflow/.local/lib/python3.8/site-packages/airflow/example_dags/example_trigger_target_dag.py took 0.346 seconds
[2023-11-20T19:40:36.624+0000] {processor.py:157} INFO - Started process (PID=2008) to work on /home/airflow/.local/lib/python3.8/site-packages/airflow/example_dags/example_trigger_target_dag.py
[2023-11-20T19:40:36.626+0000] {processor.py:829} INFO - Processing file /home/airflow/.local/lib/python3.8/site-packages/airflow/example_dags/example_trigger_target_dag.py for tasks to queue
[2023-11-20T19:40:36.629+0000] {logging_mixin.py:151} INFO - [2023-11-20T19:40:36.628+0000] {dagbag.py:536} INFO - Filling up the DagBag from /home/airflow/.local/lib/python3.8/site-packages/airflow/example_dags/example_trigger_target_dag.py
[2023-11-20T19:40:36.652+0000] {processor.py:839} INFO - DAG(s) dict_keys(['example_trigger_target_dag']) retrieved from /home/airflow/.local/lib/python3.8/site-packages/airflow/example_dags/example_trigger_target_dag.py
[2023-11-20T19:40:36.720+0000] {logging_mixin.py:151} INFO - [2023-11-20T19:40:36.718+0000] {dag.py:2941} INFO - Sync 1 DAGs
[2023-11-20T19:40:36.826+0000] {logging_mixin.py:151} INFO - [2023-11-20T19:40:36.824+0000] {dag.py:3722} INFO - Setting next_dagrun for example_trigger_target_dag to None, run_after=None
[2023-11-20T19:40:36.899+0000] {processor.py:179} INFO - Processing /home/airflow/.local/lib/python3.8/site-packages/airflow/example_dags/example_trigger_target_dag.py took 0.283 seconds
