[2023-11-20T19:19:37.592+0000] {processor.py:157} INFO - Started process (PID=126) to work on /home/airflow/.local/lib/python3.8/site-packages/airflow/example_dags/example_complex.py
[2023-11-20T19:19:37.845+0000] {processor.py:829} INFO - Processing file /home/airflow/.local/lib/python3.8/site-packages/airflow/example_dags/example_complex.py for tasks to queue
[2023-11-20T19:19:37.921+0000] {logging_mixin.py:151} INFO - [2023-11-20T19:19:37.905+0000] {dagbag.py:536} INFO - Filling up the DagBag from /home/airflow/.local/lib/python3.8/site-packages/airflow/example_dags/example_complex.py
[2023-11-20T19:19:38.969+0000] {processor.py:839} INFO - DAG(s) dict_keys(['example_complex']) retrieved from /home/airflow/.local/lib/python3.8/site-packages/airflow/example_dags/example_complex.py
[2023-11-20T19:19:39.448+0000] {logging_mixin.py:151} INFO - [2023-11-20T19:19:39.447+0000] {dag.py:2941} INFO - Sync 1 DAGs
[2023-11-20T19:19:39.639+0000] {logging_mixin.py:151} INFO - [2023-11-20T19:19:39.638+0000] {dag.py:3722} INFO - Setting next_dagrun for example_complex to None, run_after=None
[2023-11-20T19:19:40.361+0000] {processor.py:179} INFO - Processing /home/airflow/.local/lib/python3.8/site-packages/airflow/example_dags/example_complex.py took 4.182 seconds
[2023-11-20T19:21:47.020+0000] {processor.py:157} INFO - Started process (PID=200) to work on /home/airflow/.local/lib/python3.8/site-packages/airflow/example_dags/example_complex.py
[2023-11-20T19:21:47.026+0000] {processor.py:829} INFO - Processing file /home/airflow/.local/lib/python3.8/site-packages/airflow/example_dags/example_complex.py for tasks to queue
[2023-11-20T19:21:47.036+0000] {logging_mixin.py:151} INFO - [2023-11-20T19:21:47.035+0000] {dagbag.py:536} INFO - Filling up the DagBag from /home/airflow/.local/lib/python3.8/site-packages/airflow/example_dags/example_complex.py
[2023-11-20T19:21:47.131+0000] {processor.py:839} INFO - DAG(s) dict_keys(['example_complex']) retrieved from /home/airflow/.local/lib/python3.8/site-packages/airflow/example_dags/example_complex.py
[2023-11-20T19:21:47.263+0000] {logging_mixin.py:151} INFO - [2023-11-20T19:21:47.262+0000] {dag.py:2941} INFO - Sync 1 DAGs
[2023-11-20T19:21:47.373+0000] {logging_mixin.py:151} INFO - [2023-11-20T19:21:47.371+0000] {dag.py:3722} INFO - Setting next_dagrun for example_complex to None, run_after=None
[2023-11-20T19:21:47.492+0000] {processor.py:179} INFO - Processing /home/airflow/.local/lib/python3.8/site-packages/airflow/example_dags/example_complex.py took 0.486 seconds
[2023-11-20T19:22:41.392+0000] {processor.py:157} INFO - Started process (PID=267) to work on /home/airflow/.local/lib/python3.8/site-packages/airflow/example_dags/example_complex.py
[2023-11-20T19:22:41.395+0000] {processor.py:829} INFO - Processing file /home/airflow/.local/lib/python3.8/site-packages/airflow/example_dags/example_complex.py for tasks to queue
[2023-11-20T19:22:41.397+0000] {logging_mixin.py:151} INFO - [2023-11-20T19:22:41.397+0000] {dagbag.py:536} INFO - Filling up the DagBag from /home/airflow/.local/lib/python3.8/site-packages/airflow/example_dags/example_complex.py
[2023-11-20T19:22:41.417+0000] {processor.py:839} INFO - DAG(s) dict_keys(['example_complex']) retrieved from /home/airflow/.local/lib/python3.8/site-packages/airflow/example_dags/example_complex.py
[2023-11-20T19:22:41.532+0000] {logging_mixin.py:151} INFO - [2023-11-20T19:22:41.531+0000] {dag.py:2941} INFO - Sync 1 DAGs
[2023-11-20T19:22:41.573+0000] {logging_mixin.py:151} INFO - [2023-11-20T19:22:41.572+0000] {dag.py:3722} INFO - Setting next_dagrun for example_complex to None, run_after=None
[2023-11-20T19:22:41.630+0000] {processor.py:179} INFO - Processing /home/airflow/.local/lib/python3.8/site-packages/airflow/example_dags/example_complex.py took 0.244 seconds
[2023-11-20T19:23:18.812+0000] {processor.py:157} INFO - Started process (PID=327) to work on /home/airflow/.local/lib/python3.8/site-packages/airflow/example_dags/example_complex.py
[2023-11-20T19:23:18.815+0000] {processor.py:829} INFO - Processing file /home/airflow/.local/lib/python3.8/site-packages/airflow/example_dags/example_complex.py for tasks to queue
[2023-11-20T19:23:18.817+0000] {logging_mixin.py:151} INFO - [2023-11-20T19:23:18.816+0000] {dagbag.py:536} INFO - Filling up the DagBag from /home/airflow/.local/lib/python3.8/site-packages/airflow/example_dags/example_complex.py
[2023-11-20T19:23:18.841+0000] {processor.py:839} INFO - DAG(s) dict_keys(['example_complex']) retrieved from /home/airflow/.local/lib/python3.8/site-packages/airflow/example_dags/example_complex.py
[2023-11-20T19:23:18.927+0000] {logging_mixin.py:151} INFO - [2023-11-20T19:23:18.898+0000] {dag.py:2941} INFO - Sync 1 DAGs
[2023-11-20T19:23:19.062+0000] {logging_mixin.py:151} INFO - [2023-11-20T19:23:19.059+0000] {dag.py:3722} INFO - Setting next_dagrun for example_complex to None, run_after=None
[2023-11-20T19:23:19.384+0000] {processor.py:179} INFO - Processing /home/airflow/.local/lib/python3.8/site-packages/airflow/example_dags/example_complex.py took 0.576 seconds
[2023-11-20T19:23:54.205+0000] {processor.py:157} INFO - Started process (PID=387) to work on /home/airflow/.local/lib/python3.8/site-packages/airflow/example_dags/example_complex.py
[2023-11-20T19:23:54.218+0000] {processor.py:829} INFO - Processing file /home/airflow/.local/lib/python3.8/site-packages/airflow/example_dags/example_complex.py for tasks to queue
[2023-11-20T19:23:54.225+0000] {logging_mixin.py:151} INFO - [2023-11-20T19:23:54.223+0000] {dagbag.py:536} INFO - Filling up the DagBag from /home/airflow/.local/lib/python3.8/site-packages/airflow/example_dags/example_complex.py
[2023-11-20T19:23:54.266+0000] {processor.py:839} INFO - DAG(s) dict_keys(['example_complex']) retrieved from /home/airflow/.local/lib/python3.8/site-packages/airflow/example_dags/example_complex.py
[2023-11-20T19:23:54.915+0000] {logging_mixin.py:151} INFO - [2023-11-20T19:23:54.913+0000] {dag.py:2941} INFO - Sync 1 DAGs
[2023-11-20T19:23:55.151+0000] {logging_mixin.py:151} INFO - [2023-11-20T19:23:55.149+0000] {dag.py:3722} INFO - Setting next_dagrun for example_complex to None, run_after=None
[2023-11-20T19:23:55.268+0000] {processor.py:179} INFO - Processing /home/airflow/.local/lib/python3.8/site-packages/airflow/example_dags/example_complex.py took 1.083 seconds
[2023-11-20T19:24:25.533+0000] {processor.py:157} INFO - Started process (PID=445) to work on /home/airflow/.local/lib/python3.8/site-packages/airflow/example_dags/example_complex.py
[2023-11-20T19:24:25.535+0000] {processor.py:829} INFO - Processing file /home/airflow/.local/lib/python3.8/site-packages/airflow/example_dags/example_complex.py for tasks to queue
[2023-11-20T19:24:25.537+0000] {logging_mixin.py:151} INFO - [2023-11-20T19:24:25.537+0000] {dagbag.py:536} INFO - Filling up the DagBag from /home/airflow/.local/lib/python3.8/site-packages/airflow/example_dags/example_complex.py
[2023-11-20T19:24:25.556+0000] {processor.py:839} INFO - DAG(s) dict_keys(['example_complex']) retrieved from /home/airflow/.local/lib/python3.8/site-packages/airflow/example_dags/example_complex.py
[2023-11-20T19:24:25.608+0000] {logging_mixin.py:151} INFO - [2023-11-20T19:24:25.607+0000] {dag.py:2941} INFO - Sync 1 DAGs
[2023-11-20T19:24:25.630+0000] {logging_mixin.py:151} INFO - [2023-11-20T19:24:25.629+0000] {dag.py:3722} INFO - Setting next_dagrun for example_complex to None, run_after=None
[2023-11-20T19:24:25.670+0000] {processor.py:179} INFO - Processing /home/airflow/.local/lib/python3.8/site-packages/airflow/example_dags/example_complex.py took 0.143 seconds
[2023-11-20T19:24:55.997+0000] {processor.py:157} INFO - Started process (PID=506) to work on /home/airflow/.local/lib/python3.8/site-packages/airflow/example_dags/example_complex.py
[2023-11-20T19:24:56.075+0000] {processor.py:829} INFO - Processing file /home/airflow/.local/lib/python3.8/site-packages/airflow/example_dags/example_complex.py for tasks to queue
[2023-11-20T19:24:56.102+0000] {logging_mixin.py:151} INFO - [2023-11-20T19:24:56.079+0000] {dagbag.py:536} INFO - Filling up the DagBag from /home/airflow/.local/lib/python3.8/site-packages/airflow/example_dags/example_complex.py
[2023-11-20T19:24:56.196+0000] {processor.py:839} INFO - DAG(s) dict_keys(['example_complex']) retrieved from /home/airflow/.local/lib/python3.8/site-packages/airflow/example_dags/example_complex.py
[2023-11-20T19:24:56.854+0000] {logging_mixin.py:151} INFO - [2023-11-20T19:24:56.852+0000] {dag.py:2941} INFO - Sync 1 DAGs
[2023-11-20T19:24:57.254+0000] {logging_mixin.py:151} INFO - [2023-11-20T19:24:57.253+0000] {dag.py:3722} INFO - Setting next_dagrun for example_complex to None, run_after=None
[2023-11-20T19:24:57.768+0000] {processor.py:179} INFO - Processing /home/airflow/.local/lib/python3.8/site-packages/airflow/example_dags/example_complex.py took 1.809 seconds
[2023-11-20T19:25:34.368+0000] {processor.py:157} INFO - Started process (PID=567) to work on /home/airflow/.local/lib/python3.8/site-packages/airflow/example_dags/example_complex.py
[2023-11-20T19:25:34.372+0000] {processor.py:829} INFO - Processing file /home/airflow/.local/lib/python3.8/site-packages/airflow/example_dags/example_complex.py for tasks to queue
[2023-11-20T19:25:34.374+0000] {logging_mixin.py:151} INFO - [2023-11-20T19:25:34.374+0000] {dagbag.py:536} INFO - Filling up the DagBag from /home/airflow/.local/lib/python3.8/site-packages/airflow/example_dags/example_complex.py
[2023-11-20T19:25:34.459+0000] {processor.py:839} INFO - DAG(s) dict_keys(['example_complex']) retrieved from /home/airflow/.local/lib/python3.8/site-packages/airflow/example_dags/example_complex.py
[2023-11-20T19:25:34.532+0000] {logging_mixin.py:151} INFO - [2023-11-20T19:25:34.532+0000] {dag.py:2941} INFO - Sync 1 DAGs
[2023-11-20T19:25:34.562+0000] {logging_mixin.py:151} INFO - [2023-11-20T19:25:34.562+0000] {dag.py:3722} INFO - Setting next_dagrun for example_complex to None, run_after=None
[2023-11-20T19:25:34.641+0000] {processor.py:179} INFO - Processing /home/airflow/.local/lib/python3.8/site-packages/airflow/example_dags/example_complex.py took 0.286 seconds
[2023-11-20T19:26:05.462+0000] {processor.py:157} INFO - Started process (PID=626) to work on /home/airflow/.local/lib/python3.8/site-packages/airflow/example_dags/example_complex.py
[2023-11-20T19:26:05.467+0000] {processor.py:829} INFO - Processing file /home/airflow/.local/lib/python3.8/site-packages/airflow/example_dags/example_complex.py for tasks to queue
[2023-11-20T19:26:05.468+0000] {logging_mixin.py:151} INFO - [2023-11-20T19:26:05.468+0000] {dagbag.py:536} INFO - Filling up the DagBag from /home/airflow/.local/lib/python3.8/site-packages/airflow/example_dags/example_complex.py
[2023-11-20T19:26:05.484+0000] {processor.py:839} INFO - DAG(s) dict_keys(['example_complex']) retrieved from /home/airflow/.local/lib/python3.8/site-packages/airflow/example_dags/example_complex.py
[2023-11-20T19:26:05.573+0000] {logging_mixin.py:151} INFO - [2023-11-20T19:26:05.573+0000] {dag.py:2941} INFO - Sync 1 DAGs
[2023-11-20T19:26:05.600+0000] {logging_mixin.py:151} INFO - [2023-11-20T19:26:05.600+0000] {dag.py:3722} INFO - Setting next_dagrun for example_complex to None, run_after=None
[2023-11-20T19:26:05.634+0000] {processor.py:179} INFO - Processing /home/airflow/.local/lib/python3.8/site-packages/airflow/example_dags/example_complex.py took 0.175 seconds
[2023-11-20T19:26:35.793+0000] {processor.py:157} INFO - Started process (PID=687) to work on /home/airflow/.local/lib/python3.8/site-packages/airflow/example_dags/example_complex.py
[2023-11-20T19:26:35.800+0000] {processor.py:829} INFO - Processing file /home/airflow/.local/lib/python3.8/site-packages/airflow/example_dags/example_complex.py for tasks to queue
[2023-11-20T19:26:35.802+0000] {logging_mixin.py:151} INFO - [2023-11-20T19:26:35.802+0000] {dagbag.py:536} INFO - Filling up the DagBag from /home/airflow/.local/lib/python3.8/site-packages/airflow/example_dags/example_complex.py
[2023-11-20T19:26:35.826+0000] {processor.py:839} INFO - DAG(s) dict_keys(['example_complex']) retrieved from /home/airflow/.local/lib/python3.8/site-packages/airflow/example_dags/example_complex.py
[2023-11-20T19:26:35.994+0000] {logging_mixin.py:151} INFO - [2023-11-20T19:26:35.993+0000] {dag.py:2941} INFO - Sync 1 DAGs
[2023-11-20T19:26:36.033+0000] {logging_mixin.py:151} INFO - [2023-11-20T19:26:36.032+0000] {dag.py:3722} INFO - Setting next_dagrun for example_complex to None, run_after=None
[2023-11-20T19:26:36.095+0000] {processor.py:179} INFO - Processing /home/airflow/.local/lib/python3.8/site-packages/airflow/example_dags/example_complex.py took 0.308 seconds
[2023-11-20T19:27:07.451+0000] {processor.py:157} INFO - Started process (PID=743) to work on /home/airflow/.local/lib/python3.8/site-packages/airflow/example_dags/example_complex.py
[2023-11-20T19:27:07.456+0000] {processor.py:829} INFO - Processing file /home/airflow/.local/lib/python3.8/site-packages/airflow/example_dags/example_complex.py for tasks to queue
[2023-11-20T19:27:07.458+0000] {logging_mixin.py:151} INFO - [2023-11-20T19:27:07.457+0000] {dagbag.py:536} INFO - Filling up the DagBag from /home/airflow/.local/lib/python3.8/site-packages/airflow/example_dags/example_complex.py
[2023-11-20T19:27:07.474+0000] {processor.py:839} INFO - DAG(s) dict_keys(['example_complex']) retrieved from /home/airflow/.local/lib/python3.8/site-packages/airflow/example_dags/example_complex.py
[2023-11-20T19:27:07.519+0000] {logging_mixin.py:151} INFO - [2023-11-20T19:27:07.519+0000] {dag.py:2941} INFO - Sync 1 DAGs
[2023-11-20T19:27:07.537+0000] {logging_mixin.py:151} INFO - [2023-11-20T19:27:07.537+0000] {dag.py:3722} INFO - Setting next_dagrun for example_complex to None, run_after=None
[2023-11-20T19:27:07.566+0000] {processor.py:179} INFO - Processing /home/airflow/.local/lib/python3.8/site-packages/airflow/example_dags/example_complex.py took 0.120 seconds
[2023-11-20T19:27:38.543+0000] {processor.py:157} INFO - Started process (PID=786) to work on /home/airflow/.local/lib/python3.8/site-packages/airflow/example_dags/example_complex.py
[2023-11-20T19:27:38.545+0000] {processor.py:829} INFO - Processing file /home/airflow/.local/lib/python3.8/site-packages/airflow/example_dags/example_complex.py for tasks to queue
[2023-11-20T19:27:38.546+0000] {logging_mixin.py:151} INFO - [2023-11-20T19:27:38.546+0000] {dagbag.py:536} INFO - Filling up the DagBag from /home/airflow/.local/lib/python3.8/site-packages/airflow/example_dags/example_complex.py
[2023-11-20T19:27:38.578+0000] {processor.py:839} INFO - DAG(s) dict_keys(['example_complex']) retrieved from /home/airflow/.local/lib/python3.8/site-packages/airflow/example_dags/example_complex.py
[2023-11-20T19:27:38.729+0000] {logging_mixin.py:151} INFO - [2023-11-20T19:27:38.728+0000] {dag.py:2941} INFO - Sync 1 DAGs
[2023-11-20T19:27:38.762+0000] {logging_mixin.py:151} INFO - [2023-11-20T19:27:38.762+0000] {dag.py:3722} INFO - Setting next_dagrun for example_complex to None, run_after=None
[2023-11-20T19:27:38.833+0000] {processor.py:179} INFO - Processing /home/airflow/.local/lib/python3.8/site-packages/airflow/example_dags/example_complex.py took 0.295 seconds
[2023-11-20T19:28:12.022+0000] {processor.py:157} INFO - Started process (PID=847) to work on /home/airflow/.local/lib/python3.8/site-packages/airflow/example_dags/example_complex.py
[2023-11-20T19:28:12.025+0000] {processor.py:829} INFO - Processing file /home/airflow/.local/lib/python3.8/site-packages/airflow/example_dags/example_complex.py for tasks to queue
[2023-11-20T19:28:12.027+0000] {logging_mixin.py:151} INFO - [2023-11-20T19:28:12.026+0000] {dagbag.py:536} INFO - Filling up the DagBag from /home/airflow/.local/lib/python3.8/site-packages/airflow/example_dags/example_complex.py
[2023-11-20T19:28:12.050+0000] {processor.py:839} INFO - DAG(s) dict_keys(['example_complex']) retrieved from /home/airflow/.local/lib/python3.8/site-packages/airflow/example_dags/example_complex.py
[2023-11-20T19:28:12.135+0000] {logging_mixin.py:151} INFO - [2023-11-20T19:28:12.135+0000] {dag.py:2941} INFO - Sync 1 DAGs
[2023-11-20T19:28:12.172+0000] {logging_mixin.py:151} INFO - [2023-11-20T19:28:12.171+0000] {dag.py:3722} INFO - Setting next_dagrun for example_complex to None, run_after=None
[2023-11-20T19:28:12.210+0000] {processor.py:179} INFO - Processing /home/airflow/.local/lib/python3.8/site-packages/airflow/example_dags/example_complex.py took 0.194 seconds
[2023-11-20T19:28:44.006+0000] {processor.py:157} INFO - Started process (PID=908) to work on /home/airflow/.local/lib/python3.8/site-packages/airflow/example_dags/example_complex.py
[2023-11-20T19:28:44.009+0000] {processor.py:829} INFO - Processing file /home/airflow/.local/lib/python3.8/site-packages/airflow/example_dags/example_complex.py for tasks to queue
[2023-11-20T19:28:44.011+0000] {logging_mixin.py:151} INFO - [2023-11-20T19:28:44.011+0000] {dagbag.py:536} INFO - Filling up the DagBag from /home/airflow/.local/lib/python3.8/site-packages/airflow/example_dags/example_complex.py
[2023-11-20T19:28:44.050+0000] {processor.py:839} INFO - DAG(s) dict_keys(['example_complex']) retrieved from /home/airflow/.local/lib/python3.8/site-packages/airflow/example_dags/example_complex.py
[2023-11-20T19:28:44.185+0000] {logging_mixin.py:151} INFO - [2023-11-20T19:28:44.184+0000] {dag.py:2941} INFO - Sync 1 DAGs
[2023-11-20T19:28:44.230+0000] {logging_mixin.py:151} INFO - [2023-11-20T19:28:44.229+0000] {dag.py:3722} INFO - Setting next_dagrun for example_complex to None, run_after=None
[2023-11-20T19:28:44.274+0000] {processor.py:179} INFO - Processing /home/airflow/.local/lib/python3.8/site-packages/airflow/example_dags/example_complex.py took 0.278 seconds
[2023-11-20T19:29:22.500+0000] {processor.py:157} INFO - Started process (PID=965) to work on /home/airflow/.local/lib/python3.8/site-packages/airflow/example_dags/example_complex.py
[2023-11-20T19:29:22.515+0000] {processor.py:829} INFO - Processing file /home/airflow/.local/lib/python3.8/site-packages/airflow/example_dags/example_complex.py for tasks to queue
[2023-11-20T19:29:22.519+0000] {logging_mixin.py:151} INFO - [2023-11-20T19:29:22.518+0000] {dagbag.py:536} INFO - Filling up the DagBag from /home/airflow/.local/lib/python3.8/site-packages/airflow/example_dags/example_complex.py
[2023-11-20T19:29:22.584+0000] {processor.py:839} INFO - DAG(s) dict_keys(['example_complex']) retrieved from /home/airflow/.local/lib/python3.8/site-packages/airflow/example_dags/example_complex.py
[2023-11-20T19:29:22.721+0000] {logging_mixin.py:151} INFO - [2023-11-20T19:29:22.720+0000] {dag.py:2941} INFO - Sync 1 DAGs
[2023-11-20T19:29:22.767+0000] {logging_mixin.py:151} INFO - [2023-11-20T19:29:22.766+0000] {dag.py:3722} INFO - Setting next_dagrun for example_complex to None, run_after=None
[2023-11-20T19:29:22.834+0000] {processor.py:179} INFO - Processing /home/airflow/.local/lib/python3.8/site-packages/airflow/example_dags/example_complex.py took 0.341 seconds
[2023-11-20T19:29:54.168+0000] {processor.py:157} INFO - Started process (PID=1026) to work on /home/airflow/.local/lib/python3.8/site-packages/airflow/example_dags/example_complex.py
[2023-11-20T19:29:54.170+0000] {processor.py:829} INFO - Processing file /home/airflow/.local/lib/python3.8/site-packages/airflow/example_dags/example_complex.py for tasks to queue
[2023-11-20T19:29:54.172+0000] {logging_mixin.py:151} INFO - [2023-11-20T19:29:54.171+0000] {dagbag.py:536} INFO - Filling up the DagBag from /home/airflow/.local/lib/python3.8/site-packages/airflow/example_dags/example_complex.py
[2023-11-20T19:29:54.220+0000] {processor.py:839} INFO - DAG(s) dict_keys(['example_complex']) retrieved from /home/airflow/.local/lib/python3.8/site-packages/airflow/example_dags/example_complex.py
[2023-11-20T19:29:54.299+0000] {logging_mixin.py:151} INFO - [2023-11-20T19:29:54.298+0000] {dag.py:2941} INFO - Sync 1 DAGs
[2023-11-20T19:29:54.337+0000] {logging_mixin.py:151} INFO - [2023-11-20T19:29:54.337+0000] {dag.py:3722} INFO - Setting next_dagrun for example_complex to None, run_after=None
[2023-11-20T19:29:54.390+0000] {processor.py:179} INFO - Processing /home/airflow/.local/lib/python3.8/site-packages/airflow/example_dags/example_complex.py took 0.229 seconds
[2023-11-20T19:30:27.795+0000] {processor.py:157} INFO - Started process (PID=1086) to work on /home/airflow/.local/lib/python3.8/site-packages/airflow/example_dags/example_complex.py
[2023-11-20T19:30:27.809+0000] {processor.py:829} INFO - Processing file /home/airflow/.local/lib/python3.8/site-packages/airflow/example_dags/example_complex.py for tasks to queue
[2023-11-20T19:30:27.812+0000] {logging_mixin.py:151} INFO - [2023-11-20T19:30:27.811+0000] {dagbag.py:536} INFO - Filling up the DagBag from /home/airflow/.local/lib/python3.8/site-packages/airflow/example_dags/example_complex.py
[2023-11-20T19:30:27.869+0000] {processor.py:839} INFO - DAG(s) dict_keys(['example_complex']) retrieved from /home/airflow/.local/lib/python3.8/site-packages/airflow/example_dags/example_complex.py
[2023-11-20T19:30:28.039+0000] {logging_mixin.py:151} INFO - [2023-11-20T19:30:28.038+0000] {dag.py:2941} INFO - Sync 1 DAGs
[2023-11-20T19:30:28.083+0000] {logging_mixin.py:151} INFO - [2023-11-20T19:30:28.083+0000] {dag.py:3722} INFO - Setting next_dagrun for example_complex to None, run_after=None
[2023-11-20T19:30:28.142+0000] {processor.py:179} INFO - Processing /home/airflow/.local/lib/python3.8/site-packages/airflow/example_dags/example_complex.py took 0.366 seconds
[2023-11-20T19:31:10.092+0000] {processor.py:157} INFO - Started process (PID=1146) to work on /home/airflow/.local/lib/python3.8/site-packages/airflow/example_dags/example_complex.py
[2023-11-20T19:31:10.097+0000] {processor.py:829} INFO - Processing file /home/airflow/.local/lib/python3.8/site-packages/airflow/example_dags/example_complex.py for tasks to queue
[2023-11-20T19:31:10.099+0000] {logging_mixin.py:151} INFO - [2023-11-20T19:31:10.099+0000] {dagbag.py:536} INFO - Filling up the DagBag from /home/airflow/.local/lib/python3.8/site-packages/airflow/example_dags/example_complex.py
[2023-11-20T19:31:10.161+0000] {processor.py:839} INFO - DAG(s) dict_keys(['example_complex']) retrieved from /home/airflow/.local/lib/python3.8/site-packages/airflow/example_dags/example_complex.py
[2023-11-20T19:31:10.323+0000] {logging_mixin.py:151} INFO - [2023-11-20T19:31:10.323+0000] {dag.py:2941} INFO - Sync 1 DAGs
[2023-11-20T19:31:10.424+0000] {logging_mixin.py:151} INFO - [2023-11-20T19:31:10.423+0000] {dag.py:3722} INFO - Setting next_dagrun for example_complex to None, run_after=None
[2023-11-20T19:31:10.531+0000] {processor.py:179} INFO - Processing /home/airflow/.local/lib/python3.8/site-packages/airflow/example_dags/example_complex.py took 0.449 seconds
[2023-11-20T19:31:42.999+0000] {processor.py:157} INFO - Started process (PID=1206) to work on /home/airflow/.local/lib/python3.8/site-packages/airflow/example_dags/example_complex.py
[2023-11-20T19:31:43.007+0000] {processor.py:829} INFO - Processing file /home/airflow/.local/lib/python3.8/site-packages/airflow/example_dags/example_complex.py for tasks to queue
[2023-11-20T19:31:43.013+0000] {logging_mixin.py:151} INFO - [2023-11-20T19:31:43.012+0000] {dagbag.py:536} INFO - Filling up the DagBag from /home/airflow/.local/lib/python3.8/site-packages/airflow/example_dags/example_complex.py
[2023-11-20T19:31:43.078+0000] {processor.py:839} INFO - DAG(s) dict_keys(['example_complex']) retrieved from /home/airflow/.local/lib/python3.8/site-packages/airflow/example_dags/example_complex.py
[2023-11-20T19:31:43.266+0000] {logging_mixin.py:151} INFO - [2023-11-20T19:31:43.263+0000] {dag.py:2941} INFO - Sync 1 DAGs
[2023-11-20T19:31:43.316+0000] {logging_mixin.py:151} INFO - [2023-11-20T19:31:43.316+0000] {dag.py:3722} INFO - Setting next_dagrun for example_complex to None, run_after=None
[2023-11-20T19:31:43.387+0000] {processor.py:179} INFO - Processing /home/airflow/.local/lib/python3.8/site-packages/airflow/example_dags/example_complex.py took 0.411 seconds
[2023-11-20T19:33:26.221+0000] {processor.py:157} INFO - Started process (PID=1285) to work on /home/airflow/.local/lib/python3.8/site-packages/airflow/example_dags/example_complex.py
[2023-11-20T19:33:26.228+0000] {processor.py:829} INFO - Processing file /home/airflow/.local/lib/python3.8/site-packages/airflow/example_dags/example_complex.py for tasks to queue
[2023-11-20T19:33:26.232+0000] {logging_mixin.py:151} INFO - [2023-11-20T19:33:26.231+0000] {dagbag.py:536} INFO - Filling up the DagBag from /home/airflow/.local/lib/python3.8/site-packages/airflow/example_dags/example_complex.py
[2023-11-20T19:33:26.302+0000] {processor.py:839} INFO - DAG(s) dict_keys(['example_complex']) retrieved from /home/airflow/.local/lib/python3.8/site-packages/airflow/example_dags/example_complex.py
[2023-11-20T19:33:26.406+0000] {logging_mixin.py:151} INFO - [2023-11-20T19:33:26.402+0000] {dag.py:2941} INFO - Sync 1 DAGs
[2023-11-20T19:33:26.443+0000] {logging_mixin.py:151} INFO - [2023-11-20T19:33:26.442+0000] {dag.py:3722} INFO - Setting next_dagrun for example_complex to None, run_after=None
[2023-11-20T19:33:26.528+0000] {processor.py:179} INFO - Processing /home/airflow/.local/lib/python3.8/site-packages/airflow/example_dags/example_complex.py took 0.341 seconds
[2023-11-20T19:33:56.974+0000] {processor.py:157} INFO - Started process (PID=1342) to work on /home/airflow/.local/lib/python3.8/site-packages/airflow/example_dags/example_complex.py
[2023-11-20T19:33:56.979+0000] {processor.py:829} INFO - Processing file /home/airflow/.local/lib/python3.8/site-packages/airflow/example_dags/example_complex.py for tasks to queue
[2023-11-20T19:33:56.985+0000] {logging_mixin.py:151} INFO - [2023-11-20T19:33:56.984+0000] {dagbag.py:536} INFO - Filling up the DagBag from /home/airflow/.local/lib/python3.8/site-packages/airflow/example_dags/example_complex.py
[2023-11-20T19:33:57.020+0000] {processor.py:839} INFO - DAG(s) dict_keys(['example_complex']) retrieved from /home/airflow/.local/lib/python3.8/site-packages/airflow/example_dags/example_complex.py
[2023-11-20T19:33:57.130+0000] {logging_mixin.py:151} INFO - [2023-11-20T19:33:57.129+0000] {dag.py:2941} INFO - Sync 1 DAGs
[2023-11-20T19:33:57.167+0000] {logging_mixin.py:151} INFO - [2023-11-20T19:33:57.166+0000] {dag.py:3722} INFO - Setting next_dagrun for example_complex to None, run_after=None
[2023-11-20T19:33:57.229+0000] {processor.py:179} INFO - Processing /home/airflow/.local/lib/python3.8/site-packages/airflow/example_dags/example_complex.py took 0.272 seconds
[2023-11-20T19:34:27.812+0000] {processor.py:157} INFO - Started process (PID=1402) to work on /home/airflow/.local/lib/python3.8/site-packages/airflow/example_dags/example_complex.py
[2023-11-20T19:34:27.817+0000] {processor.py:829} INFO - Processing file /home/airflow/.local/lib/python3.8/site-packages/airflow/example_dags/example_complex.py for tasks to queue
[2023-11-20T19:34:27.831+0000] {logging_mixin.py:151} INFO - [2023-11-20T19:34:27.829+0000] {dagbag.py:536} INFO - Filling up the DagBag from /home/airflow/.local/lib/python3.8/site-packages/airflow/example_dags/example_complex.py
[2023-11-20T19:34:27.906+0000] {processor.py:839} INFO - DAG(s) dict_keys(['example_complex']) retrieved from /home/airflow/.local/lib/python3.8/site-packages/airflow/example_dags/example_complex.py
[2023-11-20T19:34:28.043+0000] {logging_mixin.py:151} INFO - [2023-11-20T19:34:28.042+0000] {dag.py:2941} INFO - Sync 1 DAGs
[2023-11-20T19:34:28.086+0000] {logging_mixin.py:151} INFO - [2023-11-20T19:34:28.084+0000] {dag.py:3722} INFO - Setting next_dagrun for example_complex to None, run_after=None
[2023-11-20T19:34:28.179+0000] {processor.py:179} INFO - Processing /home/airflow/.local/lib/python3.8/site-packages/airflow/example_dags/example_complex.py took 0.384 seconds
[2023-11-20T19:34:59.136+0000] {processor.py:157} INFO - Started process (PID=1462) to work on /home/airflow/.local/lib/python3.8/site-packages/airflow/example_dags/example_complex.py
[2023-11-20T19:34:59.140+0000] {processor.py:829} INFO - Processing file /home/airflow/.local/lib/python3.8/site-packages/airflow/example_dags/example_complex.py for tasks to queue
[2023-11-20T19:34:59.142+0000] {logging_mixin.py:151} INFO - [2023-11-20T19:34:59.141+0000] {dagbag.py:536} INFO - Filling up the DagBag from /home/airflow/.local/lib/python3.8/site-packages/airflow/example_dags/example_complex.py
[2023-11-20T19:34:59.171+0000] {processor.py:839} INFO - DAG(s) dict_keys(['example_complex']) retrieved from /home/airflow/.local/lib/python3.8/site-packages/airflow/example_dags/example_complex.py
[2023-11-20T19:34:59.265+0000] {logging_mixin.py:151} INFO - [2023-11-20T19:34:59.264+0000] {dag.py:2941} INFO - Sync 1 DAGs
[2023-11-20T19:34:59.300+0000] {logging_mixin.py:151} INFO - [2023-11-20T19:34:59.299+0000] {dag.py:3722} INFO - Setting next_dagrun for example_complex to None, run_after=None
[2023-11-20T19:34:59.360+0000] {processor.py:179} INFO - Processing /home/airflow/.local/lib/python3.8/site-packages/airflow/example_dags/example_complex.py took 0.231 seconds
[2023-11-20T19:35:38.148+0000] {processor.py:157} INFO - Started process (PID=1508) to work on /home/airflow/.local/lib/python3.8/site-packages/airflow/example_dags/example_complex.py
[2023-11-20T19:35:38.153+0000] {processor.py:829} INFO - Processing file /home/airflow/.local/lib/python3.8/site-packages/airflow/example_dags/example_complex.py for tasks to queue
[2023-11-20T19:35:38.154+0000] {logging_mixin.py:151} INFO - [2023-11-20T19:35:38.154+0000] {dagbag.py:536} INFO - Filling up the DagBag from /home/airflow/.local/lib/python3.8/site-packages/airflow/example_dags/example_complex.py
[2023-11-20T19:35:38.197+0000] {processor.py:839} INFO - DAG(s) dict_keys(['example_complex']) retrieved from /home/airflow/.local/lib/python3.8/site-packages/airflow/example_dags/example_complex.py
[2023-11-20T19:35:38.342+0000] {logging_mixin.py:151} INFO - [2023-11-20T19:35:38.341+0000] {dag.py:2941} INFO - Sync 1 DAGs
[2023-11-20T19:35:38.379+0000] {logging_mixin.py:151} INFO - [2023-11-20T19:35:38.378+0000] {dag.py:3722} INFO - Setting next_dagrun for example_complex to None, run_after=None
[2023-11-20T19:35:38.442+0000] {processor.py:179} INFO - Processing /home/airflow/.local/lib/python3.8/site-packages/airflow/example_dags/example_complex.py took 0.301 seconds
[2023-11-20T19:36:11.305+0000] {processor.py:157} INFO - Started process (PID=1568) to work on /home/airflow/.local/lib/python3.8/site-packages/airflow/example_dags/example_complex.py
[2023-11-20T19:36:11.308+0000] {processor.py:829} INFO - Processing file /home/airflow/.local/lib/python3.8/site-packages/airflow/example_dags/example_complex.py for tasks to queue
[2023-11-20T19:36:11.309+0000] {logging_mixin.py:151} INFO - [2023-11-20T19:36:11.309+0000] {dagbag.py:536} INFO - Filling up the DagBag from /home/airflow/.local/lib/python3.8/site-packages/airflow/example_dags/example_complex.py
[2023-11-20T19:36:11.333+0000] {processor.py:839} INFO - DAG(s) dict_keys(['example_complex']) retrieved from /home/airflow/.local/lib/python3.8/site-packages/airflow/example_dags/example_complex.py
[2023-11-20T19:36:11.391+0000] {logging_mixin.py:151} INFO - [2023-11-20T19:36:11.390+0000] {dag.py:2941} INFO - Sync 1 DAGs
[2023-11-20T19:36:11.415+0000] {logging_mixin.py:151} INFO - [2023-11-20T19:36:11.415+0000] {dag.py:3722} INFO - Setting next_dagrun for example_complex to None, run_after=None
[2023-11-20T19:36:11.448+0000] {processor.py:179} INFO - Processing /home/airflow/.local/lib/python3.8/site-packages/airflow/example_dags/example_complex.py took 0.149 seconds
[2023-11-20T19:36:43.279+0000] {processor.py:157} INFO - Started process (PID=1635) to work on /home/airflow/.local/lib/python3.8/site-packages/airflow/example_dags/example_complex.py
[2023-11-20T19:36:43.281+0000] {processor.py:829} INFO - Processing file /home/airflow/.local/lib/python3.8/site-packages/airflow/example_dags/example_complex.py for tasks to queue
[2023-11-20T19:36:43.283+0000] {logging_mixin.py:151} INFO - [2023-11-20T19:36:43.282+0000] {dagbag.py:536} INFO - Filling up the DagBag from /home/airflow/.local/lib/python3.8/site-packages/airflow/example_dags/example_complex.py
[2023-11-20T19:36:43.309+0000] {processor.py:839} INFO - DAG(s) dict_keys(['example_complex']) retrieved from /home/airflow/.local/lib/python3.8/site-packages/airflow/example_dags/example_complex.py
[2023-11-20T19:36:43.407+0000] {logging_mixin.py:151} INFO - [2023-11-20T19:36:43.407+0000] {dag.py:2941} INFO - Sync 1 DAGs
[2023-11-20T19:36:43.430+0000] {logging_mixin.py:151} INFO - [2023-11-20T19:36:43.430+0000] {dag.py:3722} INFO - Setting next_dagrun for example_complex to None, run_after=None
[2023-11-20T19:36:43.467+0000] {processor.py:179} INFO - Processing /home/airflow/.local/lib/python3.8/site-packages/airflow/example_dags/example_complex.py took 0.194 seconds
[2023-11-20T19:37:29.733+0000] {processor.py:157} INFO - Started process (PID=1693) to work on /home/airflow/.local/lib/python3.8/site-packages/airflow/example_dags/example_complex.py
[2023-11-20T19:37:29.739+0000] {processor.py:829} INFO - Processing file /home/airflow/.local/lib/python3.8/site-packages/airflow/example_dags/example_complex.py for tasks to queue
[2023-11-20T19:37:29.744+0000] {logging_mixin.py:151} INFO - [2023-11-20T19:37:29.744+0000] {dagbag.py:536} INFO - Filling up the DagBag from /home/airflow/.local/lib/python3.8/site-packages/airflow/example_dags/example_complex.py
[2023-11-20T19:37:29.779+0000] {processor.py:839} INFO - DAG(s) dict_keys(['example_complex']) retrieved from /home/airflow/.local/lib/python3.8/site-packages/airflow/example_dags/example_complex.py
[2023-11-20T19:37:29.868+0000] {logging_mixin.py:151} INFO - [2023-11-20T19:37:29.867+0000] {dag.py:2941} INFO - Sync 1 DAGs
[2023-11-20T19:37:29.907+0000] {logging_mixin.py:151} INFO - [2023-11-20T19:37:29.907+0000] {dag.py:3722} INFO - Setting next_dagrun for example_complex to None, run_after=None
[2023-11-20T19:37:29.957+0000] {processor.py:179} INFO - Processing /home/airflow/.local/lib/python3.8/site-packages/airflow/example_dags/example_complex.py took 0.232 seconds
[2023-11-20T19:38:12.970+0000] {processor.py:157} INFO - Started process (PID=1753) to work on /home/airflow/.local/lib/python3.8/site-packages/airflow/example_dags/example_complex.py
[2023-11-20T19:38:12.972+0000] {processor.py:829} INFO - Processing file /home/airflow/.local/lib/python3.8/site-packages/airflow/example_dags/example_complex.py for tasks to queue
[2023-11-20T19:38:12.983+0000] {logging_mixin.py:151} INFO - [2023-11-20T19:38:12.976+0000] {dagbag.py:536} INFO - Filling up the DagBag from /home/airflow/.local/lib/python3.8/site-packages/airflow/example_dags/example_complex.py
[2023-11-20T19:38:13.041+0000] {processor.py:839} INFO - DAG(s) dict_keys(['example_complex']) retrieved from /home/airflow/.local/lib/python3.8/site-packages/airflow/example_dags/example_complex.py
[2023-11-20T19:38:13.174+0000] {logging_mixin.py:151} INFO - [2023-11-20T19:38:13.173+0000] {dag.py:2941} INFO - Sync 1 DAGs
[2023-11-20T19:38:13.222+0000] {logging_mixin.py:151} INFO - [2023-11-20T19:38:13.221+0000] {dag.py:3722} INFO - Setting next_dagrun for example_complex to None, run_after=None
[2023-11-20T19:38:13.292+0000] {processor.py:179} INFO - Processing /home/airflow/.local/lib/python3.8/site-packages/airflow/example_dags/example_complex.py took 0.331 seconds
[2023-11-20T19:38:43.968+0000] {processor.py:157} INFO - Started process (PID=1813) to work on /home/airflow/.local/lib/python3.8/site-packages/airflow/example_dags/example_complex.py
[2023-11-20T19:38:43.970+0000] {processor.py:829} INFO - Processing file /home/airflow/.local/lib/python3.8/site-packages/airflow/example_dags/example_complex.py for tasks to queue
[2023-11-20T19:38:43.972+0000] {logging_mixin.py:151} INFO - [2023-11-20T19:38:43.971+0000] {dagbag.py:536} INFO - Filling up the DagBag from /home/airflow/.local/lib/python3.8/site-packages/airflow/example_dags/example_complex.py
[2023-11-20T19:38:44.002+0000] {processor.py:839} INFO - DAG(s) dict_keys(['example_complex']) retrieved from /home/airflow/.local/lib/python3.8/site-packages/airflow/example_dags/example_complex.py
[2023-11-20T19:38:44.104+0000] {logging_mixin.py:151} INFO - [2023-11-20T19:38:44.104+0000] {dag.py:2941} INFO - Sync 1 DAGs
[2023-11-20T19:38:44.140+0000] {logging_mixin.py:151} INFO - [2023-11-20T19:38:44.140+0000] {dag.py:3722} INFO - Setting next_dagrun for example_complex to None, run_after=None
[2023-11-20T19:38:44.185+0000] {processor.py:179} INFO - Processing /home/airflow/.local/lib/python3.8/site-packages/airflow/example_dags/example_complex.py took 0.223 seconds
[2023-11-20T19:39:22.370+0000] {processor.py:157} INFO - Started process (PID=1880) to work on /home/airflow/.local/lib/python3.8/site-packages/airflow/example_dags/example_complex.py
[2023-11-20T19:39:22.373+0000] {processor.py:829} INFO - Processing file /home/airflow/.local/lib/python3.8/site-packages/airflow/example_dags/example_complex.py for tasks to queue
[2023-11-20T19:39:22.381+0000] {logging_mixin.py:151} INFO - [2023-11-20T19:39:22.380+0000] {dagbag.py:536} INFO - Filling up the DagBag from /home/airflow/.local/lib/python3.8/site-packages/airflow/example_dags/example_complex.py
[2023-11-20T19:39:22.511+0000] {processor.py:839} INFO - DAG(s) dict_keys(['example_complex']) retrieved from /home/airflow/.local/lib/python3.8/site-packages/airflow/example_dags/example_complex.py
[2023-11-20T19:39:22.644+0000] {logging_mixin.py:151} INFO - [2023-11-20T19:39:22.643+0000] {dag.py:2941} INFO - Sync 1 DAGs
[2023-11-20T19:39:22.683+0000] {logging_mixin.py:151} INFO - [2023-11-20T19:39:22.683+0000] {dag.py:3722} INFO - Setting next_dagrun for example_complex to None, run_after=None
[2023-11-20T19:39:22.731+0000] {processor.py:179} INFO - Processing /home/airflow/.local/lib/python3.8/site-packages/airflow/example_dags/example_complex.py took 0.392 seconds
[2023-11-20T19:40:01.596+0000] {processor.py:157} INFO - Started process (PID=1942) to work on /home/airflow/.local/lib/python3.8/site-packages/airflow/example_dags/example_complex.py
[2023-11-20T19:40:01.602+0000] {processor.py:829} INFO - Processing file /home/airflow/.local/lib/python3.8/site-packages/airflow/example_dags/example_complex.py for tasks to queue
[2023-11-20T19:40:01.611+0000] {logging_mixin.py:151} INFO - [2023-11-20T19:40:01.610+0000] {dagbag.py:536} INFO - Filling up the DagBag from /home/airflow/.local/lib/python3.8/site-packages/airflow/example_dags/example_complex.py
[2023-11-20T19:40:01.652+0000] {processor.py:839} INFO - DAG(s) dict_keys(['example_complex']) retrieved from /home/airflow/.local/lib/python3.8/site-packages/airflow/example_dags/example_complex.py
[2023-11-20T19:40:01.808+0000] {logging_mixin.py:151} INFO - [2023-11-20T19:40:01.807+0000] {dag.py:2941} INFO - Sync 1 DAGs
[2023-11-20T19:40:01.842+0000] {logging_mixin.py:151} INFO - [2023-11-20T19:40:01.841+0000] {dag.py:3722} INFO - Setting next_dagrun for example_complex to None, run_after=None
[2023-11-20T19:40:01.914+0000] {processor.py:179} INFO - Processing /home/airflow/.local/lib/python3.8/site-packages/airflow/example_dags/example_complex.py took 0.324 seconds
[2023-11-20T19:40:34.803+0000] {processor.py:157} INFO - Started process (PID=2001) to work on /home/airflow/.local/lib/python3.8/site-packages/airflow/example_dags/example_complex.py
[2023-11-20T19:40:34.807+0000] {processor.py:829} INFO - Processing file /home/airflow/.local/lib/python3.8/site-packages/airflow/example_dags/example_complex.py for tasks to queue
[2023-11-20T19:40:34.810+0000] {logging_mixin.py:151} INFO - [2023-11-20T19:40:34.809+0000] {dagbag.py:536} INFO - Filling up the DagBag from /home/airflow/.local/lib/python3.8/site-packages/airflow/example_dags/example_complex.py
[2023-11-20T19:40:34.849+0000] {processor.py:839} INFO - DAG(s) dict_keys(['example_complex']) retrieved from /home/airflow/.local/lib/python3.8/site-packages/airflow/example_dags/example_complex.py
[2023-11-20T19:40:34.963+0000] {logging_mixin.py:151} INFO - [2023-11-20T19:40:34.962+0000] {dag.py:2941} INFO - Sync 1 DAGs
[2023-11-20T19:40:35.000+0000] {logging_mixin.py:151} INFO - [2023-11-20T19:40:34.999+0000] {dag.py:3722} INFO - Setting next_dagrun for example_complex to None, run_after=None
[2023-11-20T19:40:35.089+0000] {processor.py:179} INFO - Processing /home/airflow/.local/lib/python3.8/site-packages/airflow/example_dags/example_complex.py took 0.311 seconds
