[2023-11-20T19:20:18.567+0000] {processor.py:157} INFO - Started process (PID=151) to work on /home/airflow/.local/lib/python3.8/site-packages/airflow/example_dags/example_skip_dag.py
[2023-11-20T19:20:18.574+0000] {processor.py:829} INFO - Processing file /home/airflow/.local/lib/python3.8/site-packages/airflow/example_dags/example_skip_dag.py for tasks to queue
[2023-11-20T19:20:18.594+0000] {logging_mixin.py:151} INFO - [2023-11-20T19:20:18.593+0000] {dagbag.py:536} INFO - Filling up the DagBag from /home/airflow/.local/lib/python3.8/site-packages/airflow/example_dags/example_skip_dag.py
[2023-11-20T19:20:18.693+0000] {processor.py:839} INFO - DAG(s) dict_keys(['example_skip_dag']) retrieved from /home/airflow/.local/lib/python3.8/site-packages/airflow/example_dags/example_skip_dag.py
[2023-11-20T19:20:18.814+0000] {logging_mixin.py:151} INFO - [2023-11-20T19:20:18.814+0000] {dag.py:2941} INFO - Sync 1 DAGs
[2023-11-20T19:20:19.070+0000] {logging_mixin.py:151} INFO - [2023-11-20T19:20:19.068+0000] {dag.py:3722} INFO - Setting next_dagrun for example_skip_dag to 2023-11-19T19:20:19.064364+00:00, run_after=2023-11-20T19:20:19.064364+00:00
[2023-11-20T19:20:19.390+0000] {processor.py:179} INFO - Processing /home/airflow/.local/lib/python3.8/site-packages/airflow/example_dags/example_skip_dag.py took 0.880 seconds
[2023-11-20T19:21:53.336+0000] {processor.py:157} INFO - Started process (PID=218) to work on /home/airflow/.local/lib/python3.8/site-packages/airflow/example_dags/example_skip_dag.py
[2023-11-20T19:21:53.344+0000] {processor.py:829} INFO - Processing file /home/airflow/.local/lib/python3.8/site-packages/airflow/example_dags/example_skip_dag.py for tasks to queue
[2023-11-20T19:21:53.353+0000] {logging_mixin.py:151} INFO - [2023-11-20T19:21:53.352+0000] {dagbag.py:536} INFO - Filling up the DagBag from /home/airflow/.local/lib/python3.8/site-packages/airflow/example_dags/example_skip_dag.py
[2023-11-20T19:21:53.391+0000] {processor.py:839} INFO - DAG(s) dict_keys(['example_skip_dag']) retrieved from /home/airflow/.local/lib/python3.8/site-packages/airflow/example_dags/example_skip_dag.py
[2023-11-20T19:21:53.484+0000] {logging_mixin.py:151} INFO - [2023-11-20T19:21:53.483+0000] {dag.py:2941} INFO - Sync 1 DAGs
[2023-11-20T19:21:53.608+0000] {logging_mixin.py:151} INFO - [2023-11-20T19:21:53.607+0000] {dag.py:3722} INFO - Setting next_dagrun for example_skip_dag to 2023-11-19T19:21:53.607419+00:00, run_after=2023-11-20T19:21:53.607419+00:00
[2023-11-20T19:21:53.704+0000] {processor.py:179} INFO - Processing /home/airflow/.local/lib/python3.8/site-packages/airflow/example_dags/example_skip_dag.py took 0.384 seconds
[2023-11-20T19:22:44.084+0000] {processor.py:157} INFO - Started process (PID=285) to work on /home/airflow/.local/lib/python3.8/site-packages/airflow/example_dags/example_skip_dag.py
[2023-11-20T19:22:44.090+0000] {processor.py:829} INFO - Processing file /home/airflow/.local/lib/python3.8/site-packages/airflow/example_dags/example_skip_dag.py for tasks to queue
[2023-11-20T19:22:44.091+0000] {logging_mixin.py:151} INFO - [2023-11-20T19:22:44.091+0000] {dagbag.py:536} INFO - Filling up the DagBag from /home/airflow/.local/lib/python3.8/site-packages/airflow/example_dags/example_skip_dag.py
[2023-11-20T19:22:44.104+0000] {processor.py:839} INFO - DAG(s) dict_keys(['example_skip_dag']) retrieved from /home/airflow/.local/lib/python3.8/site-packages/airflow/example_dags/example_skip_dag.py
[2023-11-20T19:22:44.135+0000] {logging_mixin.py:151} INFO - [2023-11-20T19:22:44.135+0000] {dag.py:2941} INFO - Sync 1 DAGs
[2023-11-20T19:22:44.171+0000] {logging_mixin.py:151} INFO - [2023-11-20T19:22:44.171+0000] {dag.py:3722} INFO - Setting next_dagrun for example_skip_dag to 2023-11-19T19:22:44.169387+00:00, run_after=2023-11-20T19:22:44.169387+00:00
[2023-11-20T19:22:44.212+0000] {processor.py:179} INFO - Processing /home/airflow/.local/lib/python3.8/site-packages/airflow/example_dags/example_skip_dag.py took 0.133 seconds
[2023-11-20T19:23:22.440+0000] {processor.py:157} INFO - Started process (PID=345) to work on /home/airflow/.local/lib/python3.8/site-packages/airflow/example_dags/example_skip_dag.py
[2023-11-20T19:23:22.444+0000] {processor.py:829} INFO - Processing file /home/airflow/.local/lib/python3.8/site-packages/airflow/example_dags/example_skip_dag.py for tasks to queue
[2023-11-20T19:23:22.446+0000] {logging_mixin.py:151} INFO - [2023-11-20T19:23:22.446+0000] {dagbag.py:536} INFO - Filling up the DagBag from /home/airflow/.local/lib/python3.8/site-packages/airflow/example_dags/example_skip_dag.py
[2023-11-20T19:23:22.461+0000] {processor.py:839} INFO - DAG(s) dict_keys(['example_skip_dag']) retrieved from /home/airflow/.local/lib/python3.8/site-packages/airflow/example_dags/example_skip_dag.py
[2023-11-20T19:23:22.498+0000] {logging_mixin.py:151} INFO - [2023-11-20T19:23:22.498+0000] {dag.py:2941} INFO - Sync 1 DAGs
[2023-11-20T19:23:22.536+0000] {logging_mixin.py:151} INFO - [2023-11-20T19:23:22.536+0000] {dag.py:3722} INFO - Setting next_dagrun for example_skip_dag to 2023-11-19T19:23:22.535975+00:00, run_after=2023-11-20T19:23:22.535975+00:00
[2023-11-20T19:23:22.566+0000] {processor.py:179} INFO - Processing /home/airflow/.local/lib/python3.8/site-packages/airflow/example_dags/example_skip_dag.py took 0.131 seconds
[2023-11-20T19:24:01.618+0000] {processor.py:157} INFO - Started process (PID=410) to work on /home/airflow/.local/lib/python3.8/site-packages/airflow/example_dags/example_skip_dag.py
[2023-11-20T19:24:01.620+0000] {processor.py:829} INFO - Processing file /home/airflow/.local/lib/python3.8/site-packages/airflow/example_dags/example_skip_dag.py for tasks to queue
[2023-11-20T19:24:01.622+0000] {logging_mixin.py:151} INFO - [2023-11-20T19:24:01.621+0000] {dagbag.py:536} INFO - Filling up the DagBag from /home/airflow/.local/lib/python3.8/site-packages/airflow/example_dags/example_skip_dag.py
[2023-11-20T19:24:01.634+0000] {processor.py:839} INFO - DAG(s) dict_keys(['example_skip_dag']) retrieved from /home/airflow/.local/lib/python3.8/site-packages/airflow/example_dags/example_skip_dag.py
[2023-11-20T19:24:01.683+0000] {logging_mixin.py:151} INFO - [2023-11-20T19:24:01.683+0000] {dag.py:2941} INFO - Sync 1 DAGs
[2023-11-20T19:24:01.731+0000] {logging_mixin.py:151} INFO - [2023-11-20T19:24:01.731+0000] {dag.py:3722} INFO - Setting next_dagrun for example_skip_dag to 2023-11-19T19:24:01.730880+00:00, run_after=2023-11-20T19:24:01.730880+00:00
[2023-11-20T19:24:01.764+0000] {processor.py:179} INFO - Processing /home/airflow/.local/lib/python3.8/site-packages/airflow/example_dags/example_skip_dag.py took 0.165 seconds
[2023-11-20T19:24:31.890+0000] {processor.py:157} INFO - Started process (PID=470) to work on /home/airflow/.local/lib/python3.8/site-packages/airflow/example_dags/example_skip_dag.py
[2023-11-20T19:24:31.894+0000] {processor.py:829} INFO - Processing file /home/airflow/.local/lib/python3.8/site-packages/airflow/example_dags/example_skip_dag.py for tasks to queue
[2023-11-20T19:24:31.895+0000] {logging_mixin.py:151} INFO - [2023-11-20T19:24:31.895+0000] {dagbag.py:536} INFO - Filling up the DagBag from /home/airflow/.local/lib/python3.8/site-packages/airflow/example_dags/example_skip_dag.py
[2023-11-20T19:24:31.906+0000] {processor.py:839} INFO - DAG(s) dict_keys(['example_skip_dag']) retrieved from /home/airflow/.local/lib/python3.8/site-packages/airflow/example_dags/example_skip_dag.py
[2023-11-20T19:24:31.937+0000] {logging_mixin.py:151} INFO - [2023-11-20T19:24:31.937+0000] {dag.py:2941} INFO - Sync 1 DAGs
[2023-11-20T19:24:31.968+0000] {logging_mixin.py:151} INFO - [2023-11-20T19:24:31.968+0000] {dag.py:3722} INFO - Setting next_dagrun for example_skip_dag to 2023-11-19T19:24:31.968153+00:00, run_after=2023-11-20T19:24:31.968153+00:00
[2023-11-20T19:24:31.993+0000] {processor.py:179} INFO - Processing /home/airflow/.local/lib/python3.8/site-packages/airflow/example_dags/example_skip_dag.py took 0.107 seconds
[2023-11-20T19:25:27.861+0000] {processor.py:157} INFO - Started process (PID=547) to work on /home/airflow/.local/lib/python3.8/site-packages/airflow/example_dags/example_skip_dag.py
[2023-11-20T19:25:27.864+0000] {processor.py:829} INFO - Processing file /home/airflow/.local/lib/python3.8/site-packages/airflow/example_dags/example_skip_dag.py for tasks to queue
[2023-11-20T19:25:27.867+0000] {logging_mixin.py:151} INFO - [2023-11-20T19:25:27.867+0000] {dagbag.py:536} INFO - Filling up the DagBag from /home/airflow/.local/lib/python3.8/site-packages/airflow/example_dags/example_skip_dag.py
[2023-11-20T19:25:27.906+0000] {processor.py:839} INFO - DAG(s) dict_keys(['example_skip_dag']) retrieved from /home/airflow/.local/lib/python3.8/site-packages/airflow/example_dags/example_skip_dag.py
[2023-11-20T19:25:28.005+0000] {logging_mixin.py:151} INFO - [2023-11-20T19:25:28.004+0000] {dag.py:2941} INFO - Sync 1 DAGs
[2023-11-20T19:25:28.081+0000] {logging_mixin.py:151} INFO - [2023-11-20T19:25:28.081+0000] {dag.py:3722} INFO - Setting next_dagrun for example_skip_dag to 2023-11-19T19:25:28.080576+00:00, run_after=2023-11-20T19:25:28.080576+00:00
[2023-11-20T19:25:28.120+0000] {processor.py:179} INFO - Processing /home/airflow/.local/lib/python3.8/site-packages/airflow/example_dags/example_skip_dag.py took 0.268 seconds
[2023-11-20T19:25:58.314+0000] {processor.py:157} INFO - Started process (PID=608) to work on /home/airflow/.local/lib/python3.8/site-packages/airflow/example_dags/example_skip_dag.py
[2023-11-20T19:25:58.319+0000] {processor.py:829} INFO - Processing file /home/airflow/.local/lib/python3.8/site-packages/airflow/example_dags/example_skip_dag.py for tasks to queue
[2023-11-20T19:25:58.321+0000] {logging_mixin.py:151} INFO - [2023-11-20T19:25:58.321+0000] {dagbag.py:536} INFO - Filling up the DagBag from /home/airflow/.local/lib/python3.8/site-packages/airflow/example_dags/example_skip_dag.py
[2023-11-20T19:25:58.334+0000] {processor.py:839} INFO - DAG(s) dict_keys(['example_skip_dag']) retrieved from /home/airflow/.local/lib/python3.8/site-packages/airflow/example_dags/example_skip_dag.py
[2023-11-20T19:25:58.372+0000] {logging_mixin.py:151} INFO - [2023-11-20T19:25:58.372+0000] {dag.py:2941} INFO - Sync 1 DAGs
[2023-11-20T19:25:58.410+0000] {logging_mixin.py:151} INFO - [2023-11-20T19:25:58.409+0000] {dag.py:3722} INFO - Setting next_dagrun for example_skip_dag to 2023-11-19T19:25:58.409359+00:00, run_after=2023-11-20T19:25:58.409359+00:00
[2023-11-20T19:25:58.454+0000] {processor.py:179} INFO - Processing /home/airflow/.local/lib/python3.8/site-packages/airflow/example_dags/example_skip_dag.py took 0.146 seconds
[2023-11-20T19:26:30.669+0000] {processor.py:157} INFO - Started process (PID=669) to work on /home/airflow/.local/lib/python3.8/site-packages/airflow/example_dags/example_skip_dag.py
[2023-11-20T19:26:30.672+0000] {processor.py:829} INFO - Processing file /home/airflow/.local/lib/python3.8/site-packages/airflow/example_dags/example_skip_dag.py for tasks to queue
[2023-11-20T19:26:30.674+0000] {logging_mixin.py:151} INFO - [2023-11-20T19:26:30.673+0000] {dagbag.py:536} INFO - Filling up the DagBag from /home/airflow/.local/lib/python3.8/site-packages/airflow/example_dags/example_skip_dag.py
[2023-11-20T19:26:30.684+0000] {processor.py:839} INFO - DAG(s) dict_keys(['example_skip_dag']) retrieved from /home/airflow/.local/lib/python3.8/site-packages/airflow/example_dags/example_skip_dag.py
[2023-11-20T19:26:30.711+0000] {logging_mixin.py:151} INFO - [2023-11-20T19:26:30.711+0000] {dag.py:2941} INFO - Sync 1 DAGs
[2023-11-20T19:26:30.741+0000] {logging_mixin.py:151} INFO - [2023-11-20T19:26:30.741+0000] {dag.py:3722} INFO - Setting next_dagrun for example_skip_dag to 2023-11-19T19:26:30.740907+00:00, run_after=2023-11-20T19:26:30.740907+00:00
[2023-11-20T19:26:30.767+0000] {processor.py:179} INFO - Processing /home/airflow/.local/lib/python3.8/site-packages/airflow/example_dags/example_skip_dag.py took 0.103 seconds
[2023-11-20T19:27:05.952+0000] {processor.py:157} INFO - Started process (PID=729) to work on /home/airflow/.local/lib/python3.8/site-packages/airflow/example_dags/example_skip_dag.py
[2023-11-20T19:27:05.957+0000] {processor.py:829} INFO - Processing file /home/airflow/.local/lib/python3.8/site-packages/airflow/example_dags/example_skip_dag.py for tasks to queue
[2023-11-20T19:27:05.959+0000] {logging_mixin.py:151} INFO - [2023-11-20T19:27:05.959+0000] {dagbag.py:536} INFO - Filling up the DagBag from /home/airflow/.local/lib/python3.8/site-packages/airflow/example_dags/example_skip_dag.py
[2023-11-20T19:27:05.972+0000] {processor.py:839} INFO - DAG(s) dict_keys(['example_skip_dag']) retrieved from /home/airflow/.local/lib/python3.8/site-packages/airflow/example_dags/example_skip_dag.py
[2023-11-20T19:27:06.038+0000] {logging_mixin.py:151} INFO - [2023-11-20T19:27:06.037+0000] {dag.py:2941} INFO - Sync 1 DAGs
[2023-11-20T19:27:06.072+0000] {logging_mixin.py:151} INFO - [2023-11-20T19:27:06.072+0000] {dag.py:3722} INFO - Setting next_dagrun for example_skip_dag to 2023-11-19T19:27:06.070200+00:00, run_after=2023-11-20T19:27:06.070200+00:00
[2023-11-20T19:27:06.098+0000] {processor.py:179} INFO - Processing /home/airflow/.local/lib/python3.8/site-packages/airflow/example_dags/example_skip_dag.py took 0.152 seconds
[2023-11-20T19:27:40.539+0000] {processor.py:157} INFO - Started process (PID=794) to work on /home/airflow/.local/lib/python3.8/site-packages/airflow/example_dags/example_skip_dag.py
[2023-11-20T19:27:40.546+0000] {processor.py:829} INFO - Processing file /home/airflow/.local/lib/python3.8/site-packages/airflow/example_dags/example_skip_dag.py for tasks to queue
[2023-11-20T19:27:40.549+0000] {logging_mixin.py:151} INFO - [2023-11-20T19:27:40.548+0000] {dagbag.py:536} INFO - Filling up the DagBag from /home/airflow/.local/lib/python3.8/site-packages/airflow/example_dags/example_skip_dag.py
[2023-11-20T19:27:40.582+0000] {processor.py:839} INFO - DAG(s) dict_keys(['example_skip_dag']) retrieved from /home/airflow/.local/lib/python3.8/site-packages/airflow/example_dags/example_skip_dag.py
[2023-11-20T19:27:40.679+0000] {logging_mixin.py:151} INFO - [2023-11-20T19:27:40.678+0000] {dag.py:2941} INFO - Sync 1 DAGs
[2023-11-20T19:27:40.808+0000] {logging_mixin.py:151} INFO - [2023-11-20T19:27:40.807+0000] {dag.py:3722} INFO - Setting next_dagrun for example_skip_dag to 2023-11-19T19:27:40.807103+00:00, run_after=2023-11-20T19:27:40.807103+00:00
[2023-11-20T19:27:40.879+0000] {processor.py:179} INFO - Processing /home/airflow/.local/lib/python3.8/site-packages/airflow/example_dags/example_skip_dag.py took 0.355 seconds
[2023-11-20T19:28:13.074+0000] {processor.py:157} INFO - Started process (PID=855) to work on /home/airflow/.local/lib/python3.8/site-packages/airflow/example_dags/example_skip_dag.py
[2023-11-20T19:28:13.078+0000] {processor.py:829} INFO - Processing file /home/airflow/.local/lib/python3.8/site-packages/airflow/example_dags/example_skip_dag.py for tasks to queue
[2023-11-20T19:28:13.081+0000] {logging_mixin.py:151} INFO - [2023-11-20T19:28:13.080+0000] {dagbag.py:536} INFO - Filling up the DagBag from /home/airflow/.local/lib/python3.8/site-packages/airflow/example_dags/example_skip_dag.py
[2023-11-20T19:28:13.105+0000] {processor.py:839} INFO - DAG(s) dict_keys(['example_skip_dag']) retrieved from /home/airflow/.local/lib/python3.8/site-packages/airflow/example_dags/example_skip_dag.py
[2023-11-20T19:28:13.175+0000] {logging_mixin.py:151} INFO - [2023-11-20T19:28:13.174+0000] {dag.py:2941} INFO - Sync 1 DAGs
[2023-11-20T19:28:13.233+0000] {logging_mixin.py:151} INFO - [2023-11-20T19:28:13.233+0000] {dag.py:3722} INFO - Setting next_dagrun for example_skip_dag to 2023-11-19T19:28:13.232340+00:00, run_after=2023-11-20T19:28:13.232340+00:00
[2023-11-20T19:28:13.284+0000] {processor.py:179} INFO - Processing /home/airflow/.local/lib/python3.8/site-packages/airflow/example_dags/example_skip_dag.py took 0.217 seconds
[2023-11-20T19:28:45.770+0000] {processor.py:157} INFO - Started process (PID=923) to work on /home/airflow/.local/lib/python3.8/site-packages/airflow/example_dags/example_skip_dag.py
[2023-11-20T19:28:45.772+0000] {processor.py:829} INFO - Processing file /home/airflow/.local/lib/python3.8/site-packages/airflow/example_dags/example_skip_dag.py for tasks to queue
[2023-11-20T19:28:45.774+0000] {logging_mixin.py:151} INFO - [2023-11-20T19:28:45.774+0000] {dagbag.py:536} INFO - Filling up the DagBag from /home/airflow/.local/lib/python3.8/site-packages/airflow/example_dags/example_skip_dag.py
[2023-11-20T19:28:45.790+0000] {processor.py:839} INFO - DAG(s) dict_keys(['example_skip_dag']) retrieved from /home/airflow/.local/lib/python3.8/site-packages/airflow/example_dags/example_skip_dag.py
[2023-11-20T19:28:45.844+0000] {logging_mixin.py:151} INFO - [2023-11-20T19:28:45.844+0000] {dag.py:2941} INFO - Sync 1 DAGs
[2023-11-20T19:28:45.915+0000] {logging_mixin.py:151} INFO - [2023-11-20T19:28:45.915+0000] {dag.py:3722} INFO - Setting next_dagrun for example_skip_dag to 2023-11-19T19:28:45.914323+00:00, run_after=2023-11-20T19:28:45.914323+00:00
[2023-11-20T19:28:46.070+0000] {processor.py:179} INFO - Processing /home/airflow/.local/lib/python3.8/site-packages/airflow/example_dags/example_skip_dag.py took 0.307 seconds
[2023-11-20T19:29:29.031+0000] {processor.py:157} INFO - Started process (PID=983) to work on /home/airflow/.local/lib/python3.8/site-packages/airflow/example_dags/example_skip_dag.py
[2023-11-20T19:29:29.034+0000] {processor.py:829} INFO - Processing file /home/airflow/.local/lib/python3.8/site-packages/airflow/example_dags/example_skip_dag.py for tasks to queue
[2023-11-20T19:29:29.036+0000] {logging_mixin.py:151} INFO - [2023-11-20T19:29:29.035+0000] {dagbag.py:536} INFO - Filling up the DagBag from /home/airflow/.local/lib/python3.8/site-packages/airflow/example_dags/example_skip_dag.py
[2023-11-20T19:29:29.077+0000] {processor.py:839} INFO - DAG(s) dict_keys(['example_skip_dag']) retrieved from /home/airflow/.local/lib/python3.8/site-packages/airflow/example_dags/example_skip_dag.py
[2023-11-20T19:29:29.183+0000] {logging_mixin.py:151} INFO - [2023-11-20T19:29:29.183+0000] {dag.py:2941} INFO - Sync 1 DAGs
[2023-11-20T19:29:29.259+0000] {logging_mixin.py:151} INFO - [2023-11-20T19:29:29.258+0000] {dag.py:3722} INFO - Setting next_dagrun for example_skip_dag to 2023-11-19T19:29:29.256903+00:00, run_after=2023-11-20T19:29:29.256903+00:00
[2023-11-20T19:29:29.308+0000] {processor.py:179} INFO - Processing /home/airflow/.local/lib/python3.8/site-packages/airflow/example_dags/example_skip_dag.py took 0.283 seconds
[2023-11-20T19:29:59.729+0000] {processor.py:157} INFO - Started process (PID=1044) to work on /home/airflow/.local/lib/python3.8/site-packages/airflow/example_dags/example_skip_dag.py
[2023-11-20T19:29:59.736+0000] {processor.py:829} INFO - Processing file /home/airflow/.local/lib/python3.8/site-packages/airflow/example_dags/example_skip_dag.py for tasks to queue
[2023-11-20T19:29:59.740+0000] {logging_mixin.py:151} INFO - [2023-11-20T19:29:59.739+0000] {dagbag.py:536} INFO - Filling up the DagBag from /home/airflow/.local/lib/python3.8/site-packages/airflow/example_dags/example_skip_dag.py
[2023-11-20T19:29:59.770+0000] {processor.py:839} INFO - DAG(s) dict_keys(['example_skip_dag']) retrieved from /home/airflow/.local/lib/python3.8/site-packages/airflow/example_dags/example_skip_dag.py
[2023-11-20T19:29:59.839+0000] {logging_mixin.py:151} INFO - [2023-11-20T19:29:59.839+0000] {dag.py:2941} INFO - Sync 1 DAGs
[2023-11-20T19:29:59.931+0000] {logging_mixin.py:151} INFO - [2023-11-20T19:29:59.930+0000] {dag.py:3722} INFO - Setting next_dagrun for example_skip_dag to 2023-11-19T19:29:59.929888+00:00, run_after=2023-11-20T19:29:59.929888+00:00
[2023-11-20T19:29:59.989+0000] {processor.py:179} INFO - Processing /home/airflow/.local/lib/python3.8/site-packages/airflow/example_dags/example_skip_dag.py took 0.271 seconds
[2023-11-20T19:30:30.949+0000] {processor.py:157} INFO - Started process (PID=1104) to work on /home/airflow/.local/lib/python3.8/site-packages/airflow/example_dags/example_skip_dag.py
[2023-11-20T19:30:30.955+0000] {processor.py:829} INFO - Processing file /home/airflow/.local/lib/python3.8/site-packages/airflow/example_dags/example_skip_dag.py for tasks to queue
[2023-11-20T19:30:30.957+0000] {logging_mixin.py:151} INFO - [2023-11-20T19:30:30.957+0000] {dagbag.py:536} INFO - Filling up the DagBag from /home/airflow/.local/lib/python3.8/site-packages/airflow/example_dags/example_skip_dag.py
[2023-11-20T19:30:30.994+0000] {processor.py:839} INFO - DAG(s) dict_keys(['example_skip_dag']) retrieved from /home/airflow/.local/lib/python3.8/site-packages/airflow/example_dags/example_skip_dag.py
[2023-11-20T19:30:31.045+0000] {logging_mixin.py:151} INFO - [2023-11-20T19:30:31.045+0000] {dag.py:2941} INFO - Sync 1 DAGs
[2023-11-20T19:30:31.106+0000] {logging_mixin.py:151} INFO - [2023-11-20T19:30:31.106+0000] {dag.py:3722} INFO - Setting next_dagrun for example_skip_dag to 2023-11-19T19:30:31.105550+00:00, run_after=2023-11-20T19:30:31.105550+00:00
[2023-11-20T19:30:31.153+0000] {processor.py:179} INFO - Processing /home/airflow/.local/lib/python3.8/site-packages/airflow/example_dags/example_skip_dag.py took 0.215 seconds
[2023-11-20T19:31:19.508+0000] {processor.py:157} INFO - Started process (PID=1171) to work on /home/airflow/.local/lib/python3.8/site-packages/airflow/example_dags/example_skip_dag.py
[2023-11-20T19:31:19.513+0000] {processor.py:829} INFO - Processing file /home/airflow/.local/lib/python3.8/site-packages/airflow/example_dags/example_skip_dag.py for tasks to queue
[2023-11-20T19:31:19.519+0000] {logging_mixin.py:151} INFO - [2023-11-20T19:31:19.518+0000] {dagbag.py:536} INFO - Filling up the DagBag from /home/airflow/.local/lib/python3.8/site-packages/airflow/example_dags/example_skip_dag.py
[2023-11-20T19:31:19.569+0000] {processor.py:839} INFO - DAG(s) dict_keys(['example_skip_dag']) retrieved from /home/airflow/.local/lib/python3.8/site-packages/airflow/example_dags/example_skip_dag.py
[2023-11-20T19:31:20.056+0000] {logging_mixin.py:151} INFO - [2023-11-20T19:31:20.052+0000] {dag.py:2941} INFO - Sync 1 DAGs
[2023-11-20T19:31:20.770+0000] {logging_mixin.py:151} INFO - [2023-11-20T19:31:20.767+0000] {dag.py:3722} INFO - Setting next_dagrun for example_skip_dag to 2023-11-19T19:31:20.765630+00:00, run_after=2023-11-20T19:31:20.765630+00:00
[2023-11-20T19:31:21.077+0000] {processor.py:179} INFO - Processing /home/airflow/.local/lib/python3.8/site-packages/airflow/example_dags/example_skip_dag.py took 1.581 seconds
[2023-11-20T19:31:54.518+0000] {processor.py:157} INFO - Started process (PID=1231) to work on /home/airflow/.local/lib/python3.8/site-packages/airflow/example_dags/example_skip_dag.py
[2023-11-20T19:31:54.554+0000] {processor.py:829} INFO - Processing file /home/airflow/.local/lib/python3.8/site-packages/airflow/example_dags/example_skip_dag.py for tasks to queue
[2023-11-20T19:31:54.558+0000] {logging_mixin.py:151} INFO - [2023-11-20T19:31:54.556+0000] {dagbag.py:536} INFO - Filling up the DagBag from /home/airflow/.local/lib/python3.8/site-packages/airflow/example_dags/example_skip_dag.py
[2023-11-20T19:31:54.847+0000] {processor.py:839} INFO - DAG(s) dict_keys(['example_skip_dag']) retrieved from /home/airflow/.local/lib/python3.8/site-packages/airflow/example_dags/example_skip_dag.py
[2023-11-20T19:31:55.412+0000] {logging_mixin.py:151} INFO - [2023-11-20T19:31:55.409+0000] {dag.py:2941} INFO - Sync 1 DAGs
[2023-11-20T19:31:56.142+0000] {logging_mixin.py:151} INFO - [2023-11-20T19:31:56.141+0000] {dag.py:3722} INFO - Setting next_dagrun for example_skip_dag to 2023-11-19T19:31:56.139254+00:00, run_after=2023-11-20T19:31:56.139254+00:00
[2023-11-20T19:31:56.213+0000] {processor.py:179} INFO - Processing /home/airflow/.local/lib/python3.8/site-packages/airflow/example_dags/example_skip_dag.py took 1.726 seconds
[2023-11-20T19:33:33.370+0000] {processor.py:157} INFO - Started process (PID=1303) to work on /home/airflow/.local/lib/python3.8/site-packages/airflow/example_dags/example_skip_dag.py
[2023-11-20T19:33:33.374+0000] {processor.py:829} INFO - Processing file /home/airflow/.local/lib/python3.8/site-packages/airflow/example_dags/example_skip_dag.py for tasks to queue
[2023-11-20T19:33:33.377+0000] {logging_mixin.py:151} INFO - [2023-11-20T19:33:33.377+0000] {dagbag.py:536} INFO - Filling up the DagBag from /home/airflow/.local/lib/python3.8/site-packages/airflow/example_dags/example_skip_dag.py
[2023-11-20T19:33:33.413+0000] {processor.py:839} INFO - DAG(s) dict_keys(['example_skip_dag']) retrieved from /home/airflow/.local/lib/python3.8/site-packages/airflow/example_dags/example_skip_dag.py
[2023-11-20T19:33:33.496+0000] {logging_mixin.py:151} INFO - [2023-11-20T19:33:33.496+0000] {dag.py:2941} INFO - Sync 1 DAGs
[2023-11-20T19:33:33.587+0000] {logging_mixin.py:151} INFO - [2023-11-20T19:33:33.587+0000] {dag.py:3722} INFO - Setting next_dagrun for example_skip_dag to 2023-11-19T19:33:33.586941+00:00, run_after=2023-11-20T19:33:33.586941+00:00
[2023-11-20T19:33:33.639+0000] {processor.py:179} INFO - Processing /home/airflow/.local/lib/python3.8/site-packages/airflow/example_dags/example_skip_dag.py took 0.280 seconds
[2023-11-20T19:34:05.728+0000] {processor.py:157} INFO - Started process (PID=1362) to work on /home/airflow/.local/lib/python3.8/site-packages/airflow/example_dags/example_skip_dag.py
[2023-11-20T19:34:05.733+0000] {processor.py:829} INFO - Processing file /home/airflow/.local/lib/python3.8/site-packages/airflow/example_dags/example_skip_dag.py for tasks to queue
[2023-11-20T19:34:05.735+0000] {logging_mixin.py:151} INFO - [2023-11-20T19:34:05.734+0000] {dagbag.py:536} INFO - Filling up the DagBag from /home/airflow/.local/lib/python3.8/site-packages/airflow/example_dags/example_skip_dag.py
[2023-11-20T19:34:05.756+0000] {processor.py:839} INFO - DAG(s) dict_keys(['example_skip_dag']) retrieved from /home/airflow/.local/lib/python3.8/site-packages/airflow/example_dags/example_skip_dag.py
[2023-11-20T19:34:05.793+0000] {logging_mixin.py:151} INFO - [2023-11-20T19:34:05.793+0000] {dag.py:2941} INFO - Sync 1 DAGs
[2023-11-20T19:34:05.833+0000] {logging_mixin.py:151} INFO - [2023-11-20T19:34:05.833+0000] {dag.py:3722} INFO - Setting next_dagrun for example_skip_dag to 2023-11-19T19:34:05.833342+00:00, run_after=2023-11-20T19:34:05.833342+00:00
[2023-11-20T19:34:06.041+0000] {processor.py:179} INFO - Processing /home/airflow/.local/lib/python3.8/site-packages/airflow/example_dags/example_skip_dag.py took 0.320 seconds
[2023-11-20T19:34:51.403+0000] {processor.py:157} INFO - Started process (PID=1429) to work on /home/airflow/.local/lib/python3.8/site-packages/airflow/example_dags/example_skip_dag.py
[2023-11-20T19:34:51.411+0000] {processor.py:829} INFO - Processing file /home/airflow/.local/lib/python3.8/site-packages/airflow/example_dags/example_skip_dag.py for tasks to queue
[2023-11-20T19:34:51.415+0000] {logging_mixin.py:151} INFO - [2023-11-20T19:34:51.414+0000] {dagbag.py:536} INFO - Filling up the DagBag from /home/airflow/.local/lib/python3.8/site-packages/airflow/example_dags/example_skip_dag.py
[2023-11-20T19:34:51.435+0000] {processor.py:839} INFO - DAG(s) dict_keys(['example_skip_dag']) retrieved from /home/airflow/.local/lib/python3.8/site-packages/airflow/example_dags/example_skip_dag.py
[2023-11-20T19:34:51.503+0000] {logging_mixin.py:151} INFO - [2023-11-20T19:34:51.503+0000] {dag.py:2941} INFO - Sync 1 DAGs
[2023-11-20T19:34:51.565+0000] {logging_mixin.py:151} INFO - [2023-11-20T19:34:51.564+0000] {dag.py:3722} INFO - Setting next_dagrun for example_skip_dag to 2023-11-19T19:34:51.564422+00:00, run_after=2023-11-20T19:34:51.564422+00:00
[2023-11-20T19:34:51.619+0000] {processor.py:179} INFO - Processing /home/airflow/.local/lib/python3.8/site-packages/airflow/example_dags/example_skip_dag.py took 0.224 seconds
[2023-11-20T19:35:31.575+0000] {processor.py:157} INFO - Started process (PID=1491) to work on /home/airflow/.local/lib/python3.8/site-packages/airflow/example_dags/example_skip_dag.py
[2023-11-20T19:35:31.580+0000] {processor.py:829} INFO - Processing file /home/airflow/.local/lib/python3.8/site-packages/airflow/example_dags/example_skip_dag.py for tasks to queue
[2023-11-20T19:35:31.583+0000] {logging_mixin.py:151} INFO - [2023-11-20T19:35:31.582+0000] {dagbag.py:536} INFO - Filling up the DagBag from /home/airflow/.local/lib/python3.8/site-packages/airflow/example_dags/example_skip_dag.py
[2023-11-20T19:35:31.731+0000] {processor.py:839} INFO - DAG(s) dict_keys(['example_skip_dag']) retrieved from /home/airflow/.local/lib/python3.8/site-packages/airflow/example_dags/example_skip_dag.py
[2023-11-20T19:35:32.183+0000] {logging_mixin.py:151} INFO - [2023-11-20T19:35:32.171+0000] {dag.py:2941} INFO - Sync 1 DAGs
[2023-11-20T19:35:32.374+0000] {logging_mixin.py:151} INFO - [2023-11-20T19:35:32.373+0000] {dag.py:3722} INFO - Setting next_dagrun for example_skip_dag to 2023-11-19T19:35:32.371081+00:00, run_after=2023-11-20T19:35:32.371081+00:00
[2023-11-20T19:35:32.452+0000] {processor.py:179} INFO - Processing /home/airflow/.local/lib/python3.8/site-packages/airflow/example_dags/example_skip_dag.py took 1.018 seconds
[2023-11-20T19:36:03.036+0000] {processor.py:157} INFO - Started process (PID=1551) to work on /home/airflow/.local/lib/python3.8/site-packages/airflow/example_dags/example_skip_dag.py
[2023-11-20T19:36:03.041+0000] {processor.py:829} INFO - Processing file /home/airflow/.local/lib/python3.8/site-packages/airflow/example_dags/example_skip_dag.py for tasks to queue
[2023-11-20T19:36:03.043+0000] {logging_mixin.py:151} INFO - [2023-11-20T19:36:03.043+0000] {dagbag.py:536} INFO - Filling up the DagBag from /home/airflow/.local/lib/python3.8/site-packages/airflow/example_dags/example_skip_dag.py
[2023-11-20T19:36:03.061+0000] {processor.py:839} INFO - DAG(s) dict_keys(['example_skip_dag']) retrieved from /home/airflow/.local/lib/python3.8/site-packages/airflow/example_dags/example_skip_dag.py
[2023-11-20T19:36:03.112+0000] {logging_mixin.py:151} INFO - [2023-11-20T19:36:03.112+0000] {dag.py:2941} INFO - Sync 1 DAGs
[2023-11-20T19:36:03.172+0000] {logging_mixin.py:151} INFO - [2023-11-20T19:36:03.172+0000] {dag.py:3722} INFO - Setting next_dagrun for example_skip_dag to 2023-11-19T19:36:03.171827+00:00, run_after=2023-11-20T19:36:03.171827+00:00
[2023-11-20T19:36:03.209+0000] {processor.py:179} INFO - Processing /home/airflow/.local/lib/python3.8/site-packages/airflow/example_dags/example_skip_dag.py took 0.180 seconds
[2023-11-20T19:36:39.050+0000] {processor.py:157} INFO - Started process (PID=1613) to work on /home/airflow/.local/lib/python3.8/site-packages/airflow/example_dags/example_skip_dag.py
[2023-11-20T19:36:39.053+0000] {processor.py:829} INFO - Processing file /home/airflow/.local/lib/python3.8/site-packages/airflow/example_dags/example_skip_dag.py for tasks to queue
[2023-11-20T19:36:39.055+0000] {logging_mixin.py:151} INFO - [2023-11-20T19:36:39.055+0000] {dagbag.py:536} INFO - Filling up the DagBag from /home/airflow/.local/lib/python3.8/site-packages/airflow/example_dags/example_skip_dag.py
[2023-11-20T19:36:39.074+0000] {processor.py:839} INFO - DAG(s) dict_keys(['example_skip_dag']) retrieved from /home/airflow/.local/lib/python3.8/site-packages/airflow/example_dags/example_skip_dag.py
[2023-11-20T19:36:39.124+0000] {logging_mixin.py:151} INFO - [2023-11-20T19:36:39.123+0000] {dag.py:2941} INFO - Sync 1 DAGs
[2023-11-20T19:36:39.172+0000] {logging_mixin.py:151} INFO - [2023-11-20T19:36:39.172+0000] {dag.py:3722} INFO - Setting next_dagrun for example_skip_dag to 2023-11-19T19:36:39.171823+00:00, run_after=2023-11-20T19:36:39.171823+00:00
[2023-11-20T19:36:39.211+0000] {processor.py:179} INFO - Processing /home/airflow/.local/lib/python3.8/site-packages/airflow/example_dags/example_skip_dag.py took 0.172 seconds
[2023-11-20T19:37:30.634+0000] {processor.py:157} INFO - Started process (PID=1698) to work on /home/airflow/.local/lib/python3.8/site-packages/airflow/example_dags/example_skip_dag.py
[2023-11-20T19:37:30.651+0000] {processor.py:829} INFO - Processing file /home/airflow/.local/lib/python3.8/site-packages/airflow/example_dags/example_skip_dag.py for tasks to queue
[2023-11-20T19:37:30.654+0000] {logging_mixin.py:151} INFO - [2023-11-20T19:37:30.653+0000] {dagbag.py:536} INFO - Filling up the DagBag from /home/airflow/.local/lib/python3.8/site-packages/airflow/example_dags/example_skip_dag.py
[2023-11-20T19:37:30.673+0000] {processor.py:839} INFO - DAG(s) dict_keys(['example_skip_dag']) retrieved from /home/airflow/.local/lib/python3.8/site-packages/airflow/example_dags/example_skip_dag.py
[2023-11-20T19:37:30.804+0000] {logging_mixin.py:151} INFO - [2023-11-20T19:37:30.804+0000] {dag.py:2941} INFO - Sync 1 DAGs
[2023-11-20T19:37:30.870+0000] {logging_mixin.py:151} INFO - [2023-11-20T19:37:30.869+0000] {dag.py:3722} INFO - Setting next_dagrun for example_skip_dag to 2023-11-19T19:37:30.868683+00:00, run_after=2023-11-20T19:37:30.868683+00:00
[2023-11-20T19:37:30.933+0000] {processor.py:179} INFO - Processing /home/airflow/.local/lib/python3.8/site-packages/airflow/example_dags/example_skip_dag.py took 0.309 seconds
[2023-11-20T19:38:17.154+0000] {processor.py:157} INFO - Started process (PID=1774) to work on /home/airflow/.local/lib/python3.8/site-packages/airflow/example_dags/example_skip_dag.py
[2023-11-20T19:38:17.194+0000] {processor.py:829} INFO - Processing file /home/airflow/.local/lib/python3.8/site-packages/airflow/example_dags/example_skip_dag.py for tasks to queue
[2023-11-20T19:38:17.240+0000] {logging_mixin.py:151} INFO - [2023-11-20T19:38:17.223+0000] {dagbag.py:536} INFO - Filling up the DagBag from /home/airflow/.local/lib/python3.8/site-packages/airflow/example_dags/example_skip_dag.py
[2023-11-20T19:38:17.316+0000] {processor.py:839} INFO - DAG(s) dict_keys(['example_skip_dag']) retrieved from /home/airflow/.local/lib/python3.8/site-packages/airflow/example_dags/example_skip_dag.py
[2023-11-20T19:38:17.955+0000] {logging_mixin.py:151} INFO - [2023-11-20T19:38:17.948+0000] {dag.py:2941} INFO - Sync 1 DAGs
[2023-11-20T19:38:18.352+0000] {logging_mixin.py:151} INFO - [2023-11-20T19:38:18.351+0000] {dag.py:3722} INFO - Setting next_dagrun for example_skip_dag to 2023-11-19T19:38:18.350560+00:00, run_after=2023-11-20T19:38:18.350560+00:00
[2023-11-20T19:38:18.446+0000] {processor.py:179} INFO - Processing /home/airflow/.local/lib/python3.8/site-packages/airflow/example_dags/example_skip_dag.py took 1.324 seconds
[2023-11-20T19:38:48.677+0000] {processor.py:157} INFO - Started process (PID=1834) to work on /home/airflow/.local/lib/python3.8/site-packages/airflow/example_dags/example_skip_dag.py
[2023-11-20T19:38:48.679+0000] {processor.py:829} INFO - Processing file /home/airflow/.local/lib/python3.8/site-packages/airflow/example_dags/example_skip_dag.py for tasks to queue
[2023-11-20T19:38:48.683+0000] {logging_mixin.py:151} INFO - [2023-11-20T19:38:48.683+0000] {dagbag.py:536} INFO - Filling up the DagBag from /home/airflow/.local/lib/python3.8/site-packages/airflow/example_dags/example_skip_dag.py
[2023-11-20T19:38:48.699+0000] {processor.py:839} INFO - DAG(s) dict_keys(['example_skip_dag']) retrieved from /home/airflow/.local/lib/python3.8/site-packages/airflow/example_dags/example_skip_dag.py
[2023-11-20T19:38:48.760+0000] {logging_mixin.py:151} INFO - [2023-11-20T19:38:48.759+0000] {dag.py:2941} INFO - Sync 1 DAGs
[2023-11-20T19:38:48.812+0000] {logging_mixin.py:151} INFO - [2023-11-20T19:38:48.812+0000] {dag.py:3722} INFO - Setting next_dagrun for example_skip_dag to 2023-11-19T19:38:48.811685+00:00, run_after=2023-11-20T19:38:48.811685+00:00
[2023-11-20T19:38:48.861+0000] {processor.py:179} INFO - Processing /home/airflow/.local/lib/python3.8/site-packages/airflow/example_dags/example_skip_dag.py took 0.189 seconds
[2023-11-20T19:39:24.816+0000] {processor.py:157} INFO - Started process (PID=1894) to work on /home/airflow/.local/lib/python3.8/site-packages/airflow/example_dags/example_skip_dag.py
[2023-11-20T19:39:24.818+0000] {processor.py:829} INFO - Processing file /home/airflow/.local/lib/python3.8/site-packages/airflow/example_dags/example_skip_dag.py for tasks to queue
[2023-11-20T19:39:24.820+0000] {logging_mixin.py:151} INFO - [2023-11-20T19:39:24.819+0000] {dagbag.py:536} INFO - Filling up the DagBag from /home/airflow/.local/lib/python3.8/site-packages/airflow/example_dags/example_skip_dag.py
[2023-11-20T19:39:24.841+0000] {processor.py:839} INFO - DAG(s) dict_keys(['example_skip_dag']) retrieved from /home/airflow/.local/lib/python3.8/site-packages/airflow/example_dags/example_skip_dag.py
[2023-11-20T19:39:24.894+0000] {logging_mixin.py:151} INFO - [2023-11-20T19:39:24.894+0000] {dag.py:2941} INFO - Sync 1 DAGs
[2023-11-20T19:39:24.950+0000] {logging_mixin.py:151} INFO - [2023-11-20T19:39:24.949+0000] {dag.py:3722} INFO - Setting next_dagrun for example_skip_dag to 2023-11-19T19:39:24.948991+00:00, run_after=2023-11-20T19:39:24.948991+00:00
[2023-11-20T19:39:24.988+0000] {processor.py:179} INFO - Processing /home/airflow/.local/lib/python3.8/site-packages/airflow/example_dags/example_skip_dag.py took 0.181 seconds
[2023-11-20T19:40:05.166+0000] {processor.py:157} INFO - Started process (PID=1960) to work on /home/airflow/.local/lib/python3.8/site-packages/airflow/example_dags/example_skip_dag.py
[2023-11-20T19:40:05.173+0000] {processor.py:829} INFO - Processing file /home/airflow/.local/lib/python3.8/site-packages/airflow/example_dags/example_skip_dag.py for tasks to queue
[2023-11-20T19:40:05.175+0000] {logging_mixin.py:151} INFO - [2023-11-20T19:40:05.174+0000] {dagbag.py:536} INFO - Filling up the DagBag from /home/airflow/.local/lib/python3.8/site-packages/airflow/example_dags/example_skip_dag.py
[2023-11-20T19:40:05.196+0000] {processor.py:839} INFO - DAG(s) dict_keys(['example_skip_dag']) retrieved from /home/airflow/.local/lib/python3.8/site-packages/airflow/example_dags/example_skip_dag.py
[2023-11-20T19:40:05.258+0000] {logging_mixin.py:151} INFO - [2023-11-20T19:40:05.258+0000] {dag.py:2941} INFO - Sync 1 DAGs
[2023-11-20T19:40:05.313+0000] {logging_mixin.py:151} INFO - [2023-11-20T19:40:05.313+0000] {dag.py:3722} INFO - Setting next_dagrun for example_skip_dag to 2023-11-19T19:40:05.312436+00:00, run_after=2023-11-20T19:40:05.312436+00:00
[2023-11-20T19:40:05.360+0000] {processor.py:179} INFO - Processing /home/airflow/.local/lib/python3.8/site-packages/airflow/example_dags/example_skip_dag.py took 0.215 seconds
[2023-11-20T19:40:40.541+0000] {processor.py:157} INFO - Started process (PID=2019) to work on /home/airflow/.local/lib/python3.8/site-packages/airflow/example_dags/example_skip_dag.py
[2023-11-20T19:40:40.546+0000] {processor.py:829} INFO - Processing file /home/airflow/.local/lib/python3.8/site-packages/airflow/example_dags/example_skip_dag.py for tasks to queue
[2023-11-20T19:40:40.559+0000] {logging_mixin.py:151} INFO - [2023-11-20T19:40:40.557+0000] {dagbag.py:536} INFO - Filling up the DagBag from /home/airflow/.local/lib/python3.8/site-packages/airflow/example_dags/example_skip_dag.py
[2023-11-20T19:40:40.610+0000] {processor.py:839} INFO - DAG(s) dict_keys(['example_skip_dag']) retrieved from /home/airflow/.local/lib/python3.8/site-packages/airflow/example_dags/example_skip_dag.py
[2023-11-20T19:40:40.792+0000] {logging_mixin.py:151} INFO - [2023-11-20T19:40:40.790+0000] {dag.py:2941} INFO - Sync 1 DAGs
[2023-11-20T19:40:40.877+0000] {logging_mixin.py:151} INFO - [2023-11-20T19:40:40.877+0000] {dag.py:3722} INFO - Setting next_dagrun for example_skip_dag to 2023-11-19T19:40:40.876317+00:00, run_after=2023-11-20T19:40:40.876317+00:00
[2023-11-20T19:40:40.939+0000] {processor.py:179} INFO - Processing /home/airflow/.local/lib/python3.8/site-packages/airflow/example_dags/example_skip_dag.py took 0.413 seconds
