[2023-11-20T19:17:40.635+0000] {processor.py:157} INFO - Started process (PID=90) to work on /home/airflow/.local/lib/python3.8/site-packages/airflow/example_dags/example_params_ui_tutorial.py
[2023-11-20T19:17:40.651+0000] {processor.py:829} INFO - Processing file /home/airflow/.local/lib/python3.8/site-packages/airflow/example_dags/example_params_ui_tutorial.py for tasks to queue
[2023-11-20T19:17:40.687+0000] {logging_mixin.py:151} INFO - [2023-11-20T19:17:40.682+0000] {dagbag.py:536} INFO - Filling up the DagBag from /home/airflow/.local/lib/python3.8/site-packages/airflow/example_dags/example_params_ui_tutorial.py
[2023-11-20T19:17:41.499+0000] {processor.py:839} INFO - DAG(s) dict_keys(['example_params_ui_tutorial']) retrieved from /home/airflow/.local/lib/python3.8/site-packages/airflow/example_dags/example_params_ui_tutorial.py
[2023-11-20T19:17:44.880+0000] {logging_mixin.py:151} INFO - [2023-11-20T19:17:44.874+0000] {dag.py:2941} INFO - Sync 1 DAGs
[2023-11-20T19:17:45.661+0000] {logging_mixin.py:151} INFO - [2023-11-20T19:17:45.648+0000] {dag.py:3722} INFO - Setting next_dagrun for example_params_ui_tutorial to None, run_after=None
[2023-11-20T19:17:45.923+0000] {processor.py:179} INFO - Processing /home/airflow/.local/lib/python3.8/site-packages/airflow/example_dags/example_params_ui_tutorial.py took 5.351 seconds
[2023-11-20T19:21:36.461+0000] {processor.py:157} INFO - Started process (PID=187) to work on /home/airflow/.local/lib/python3.8/site-packages/airflow/example_dags/example_params_ui_tutorial.py
[2023-11-20T19:21:36.506+0000] {processor.py:829} INFO - Processing file /home/airflow/.local/lib/python3.8/site-packages/airflow/example_dags/example_params_ui_tutorial.py for tasks to queue
[2023-11-20T19:21:36.696+0000] {logging_mixin.py:151} INFO - [2023-11-20T19:21:36.680+0000] {dagbag.py:536} INFO - Filling up the DagBag from /home/airflow/.local/lib/python3.8/site-packages/airflow/example_dags/example_params_ui_tutorial.py
[2023-11-20T19:21:37.470+0000] {processor.py:839} INFO - DAG(s) dict_keys(['example_params_ui_tutorial']) retrieved from /home/airflow/.local/lib/python3.8/site-packages/airflow/example_dags/example_params_ui_tutorial.py
[2023-11-20T19:21:39.184+0000] {logging_mixin.py:151} INFO - [2023-11-20T19:21:39.182+0000] {dag.py:2941} INFO - Sync 1 DAGs
[2023-11-20T19:21:39.297+0000] {logging_mixin.py:151} INFO - [2023-11-20T19:21:39.296+0000] {dag.py:3722} INFO - Setting next_dagrun for example_params_ui_tutorial to None, run_after=None
[2023-11-20T19:21:39.557+0000] {processor.py:179} INFO - Processing /home/airflow/.local/lib/python3.8/site-packages/airflow/example_dags/example_params_ui_tutorial.py took 3.123 seconds
[2023-11-20T19:22:10.011+0000] {processor.py:157} INFO - Started process (PID=245) to work on /home/airflow/.local/lib/python3.8/site-packages/airflow/example_dags/example_params_ui_tutorial.py
[2023-11-20T19:22:10.025+0000] {processor.py:829} INFO - Processing file /home/airflow/.local/lib/python3.8/site-packages/airflow/example_dags/example_params_ui_tutorial.py for tasks to queue
[2023-11-20T19:22:10.030+0000] {logging_mixin.py:151} INFO - [2023-11-20T19:22:10.028+0000] {dagbag.py:536} INFO - Filling up the DagBag from /home/airflow/.local/lib/python3.8/site-packages/airflow/example_dags/example_params_ui_tutorial.py
[2023-11-20T19:22:10.182+0000] {processor.py:839} INFO - DAG(s) dict_keys(['example_params_ui_tutorial']) retrieved from /home/airflow/.local/lib/python3.8/site-packages/airflow/example_dags/example_params_ui_tutorial.py
[2023-11-20T19:22:10.328+0000] {logging_mixin.py:151} INFO - [2023-11-20T19:22:10.328+0000] {dag.py:2941} INFO - Sync 1 DAGs
[2023-11-20T19:22:10.368+0000] {logging_mixin.py:151} INFO - [2023-11-20T19:22:10.367+0000] {dag.py:3722} INFO - Setting next_dagrun for example_params_ui_tutorial to None, run_after=None
[2023-11-20T19:22:10.410+0000] {processor.py:179} INFO - Processing /home/airflow/.local/lib/python3.8/site-packages/airflow/example_dags/example_params_ui_tutorial.py took 0.434 seconds
[2023-11-20T19:22:51.657+0000] {processor.py:157} INFO - Started process (PID=305) to work on /home/airflow/.local/lib/python3.8/site-packages/airflow/example_dags/example_params_ui_tutorial.py
[2023-11-20T19:22:51.661+0000] {processor.py:829} INFO - Processing file /home/airflow/.local/lib/python3.8/site-packages/airflow/example_dags/example_params_ui_tutorial.py for tasks to queue
[2023-11-20T19:22:51.664+0000] {logging_mixin.py:151} INFO - [2023-11-20T19:22:51.663+0000] {dagbag.py:536} INFO - Filling up the DagBag from /home/airflow/.local/lib/python3.8/site-packages/airflow/example_dags/example_params_ui_tutorial.py
[2023-11-20T19:22:51.792+0000] {processor.py:839} INFO - DAG(s) dict_keys(['example_params_ui_tutorial']) retrieved from /home/airflow/.local/lib/python3.8/site-packages/airflow/example_dags/example_params_ui_tutorial.py
[2023-11-20T19:22:52.001+0000] {logging_mixin.py:151} INFO - [2023-11-20T19:22:52.000+0000] {dag.py:2941} INFO - Sync 1 DAGs
[2023-11-20T19:22:52.110+0000] {logging_mixin.py:151} INFO - [2023-11-20T19:22:52.108+0000] {dag.py:3722} INFO - Setting next_dagrun for example_params_ui_tutorial to None, run_after=None
[2023-11-20T19:22:52.193+0000] {processor.py:179} INFO - Processing /home/airflow/.local/lib/python3.8/site-packages/airflow/example_dags/example_params_ui_tutorial.py took 0.549 seconds
[2023-11-20T19:23:23.793+0000] {processor.py:157} INFO - Started process (PID=356) to work on /home/airflow/.local/lib/python3.8/site-packages/airflow/example_dags/example_params_ui_tutorial.py
[2023-11-20T19:23:23.796+0000] {processor.py:829} INFO - Processing file /home/airflow/.local/lib/python3.8/site-packages/airflow/example_dags/example_params_ui_tutorial.py for tasks to queue
[2023-11-20T19:23:23.799+0000] {logging_mixin.py:151} INFO - [2023-11-20T19:23:23.798+0000] {dagbag.py:536} INFO - Filling up the DagBag from /home/airflow/.local/lib/python3.8/site-packages/airflow/example_dags/example_params_ui_tutorial.py
[2023-11-20T19:23:23.983+0000] {processor.py:839} INFO - DAG(s) dict_keys(['example_params_ui_tutorial']) retrieved from /home/airflow/.local/lib/python3.8/site-packages/airflow/example_dags/example_params_ui_tutorial.py
[2023-11-20T19:23:24.076+0000] {logging_mixin.py:151} INFO - [2023-11-20T19:23:24.075+0000] {dag.py:2941} INFO - Sync 1 DAGs
[2023-11-20T19:23:24.104+0000] {logging_mixin.py:151} INFO - [2023-11-20T19:23:24.104+0000] {dag.py:3722} INFO - Setting next_dagrun for example_params_ui_tutorial to None, run_after=None
[2023-11-20T19:23:24.136+0000] {processor.py:179} INFO - Processing /home/airflow/.local/lib/python3.8/site-packages/airflow/example_dags/example_params_ui_tutorial.py took 0.353 seconds
[2023-11-20T19:23:56.834+0000] {processor.py:157} INFO - Started process (PID=392) to work on /home/airflow/.local/lib/python3.8/site-packages/airflow/example_dags/example_params_ui_tutorial.py
[2023-11-20T19:23:56.843+0000] {processor.py:829} INFO - Processing file /home/airflow/.local/lib/python3.8/site-packages/airflow/example_dags/example_params_ui_tutorial.py for tasks to queue
[2023-11-20T19:23:56.854+0000] {logging_mixin.py:151} INFO - [2023-11-20T19:23:56.849+0000] {dagbag.py:536} INFO - Filling up the DagBag from /home/airflow/.local/lib/python3.8/site-packages/airflow/example_dags/example_params_ui_tutorial.py
[2023-11-20T19:23:57.155+0000] {processor.py:839} INFO - DAG(s) dict_keys(['example_params_ui_tutorial']) retrieved from /home/airflow/.local/lib/python3.8/site-packages/airflow/example_dags/example_params_ui_tutorial.py
[2023-11-20T19:23:57.424+0000] {logging_mixin.py:151} INFO - [2023-11-20T19:23:57.424+0000] {dag.py:2941} INFO - Sync 1 DAGs
[2023-11-20T19:23:57.513+0000] {logging_mixin.py:151} INFO - [2023-11-20T19:23:57.513+0000] {dag.py:3722} INFO - Setting next_dagrun for example_params_ui_tutorial to None, run_after=None
[2023-11-20T19:23:57.589+0000] {processor.py:179} INFO - Processing /home/airflow/.local/lib/python3.8/site-packages/airflow/example_dags/example_params_ui_tutorial.py took 0.762 seconds
[2023-11-20T19:24:28.140+0000] {processor.py:157} INFO - Started process (PID=451) to work on /home/airflow/.local/lib/python3.8/site-packages/airflow/example_dags/example_params_ui_tutorial.py
[2023-11-20T19:24:28.142+0000] {processor.py:829} INFO - Processing file /home/airflow/.local/lib/python3.8/site-packages/airflow/example_dags/example_params_ui_tutorial.py for tasks to queue
[2023-11-20T19:24:28.143+0000] {logging_mixin.py:151} INFO - [2023-11-20T19:24:28.143+0000] {dagbag.py:536} INFO - Filling up the DagBag from /home/airflow/.local/lib/python3.8/site-packages/airflow/example_dags/example_params_ui_tutorial.py
[2023-11-20T19:24:28.187+0000] {processor.py:839} INFO - DAG(s) dict_keys(['example_params_ui_tutorial']) retrieved from /home/airflow/.local/lib/python3.8/site-packages/airflow/example_dags/example_params_ui_tutorial.py
[2023-11-20T19:24:28.253+0000] {logging_mixin.py:151} INFO - [2023-11-20T19:24:28.252+0000] {dag.py:2941} INFO - Sync 1 DAGs
[2023-11-20T19:24:28.269+0000] {logging_mixin.py:151} INFO - [2023-11-20T19:24:28.269+0000] {dag.py:3722} INFO - Setting next_dagrun for example_params_ui_tutorial to None, run_after=None
[2023-11-20T19:24:28.291+0000] {processor.py:179} INFO - Processing /home/airflow/.local/lib/python3.8/site-packages/airflow/example_dags/example_params_ui_tutorial.py took 0.156 seconds
[2023-11-20T19:25:22.006+0000] {processor.py:157} INFO - Started process (PID=520) to work on /home/airflow/.local/lib/python3.8/site-packages/airflow/example_dags/example_params_ui_tutorial.py
[2023-11-20T19:25:22.045+0000] {processor.py:829} INFO - Processing file /home/airflow/.local/lib/python3.8/site-packages/airflow/example_dags/example_params_ui_tutorial.py for tasks to queue
[2023-11-20T19:25:22.054+0000] {logging_mixin.py:151} INFO - [2023-11-20T19:25:22.050+0000] {dagbag.py:536} INFO - Filling up the DagBag from /home/airflow/.local/lib/python3.8/site-packages/airflow/example_dags/example_params_ui_tutorial.py
[2023-11-20T19:25:22.184+0000] {processor.py:839} INFO - DAG(s) dict_keys(['example_params_ui_tutorial']) retrieved from /home/airflow/.local/lib/python3.8/site-packages/airflow/example_dags/example_params_ui_tutorial.py
[2023-11-20T19:25:22.406+0000] {logging_mixin.py:151} INFO - [2023-11-20T19:25:22.406+0000] {dag.py:2941} INFO - Sync 1 DAGs
[2023-11-20T19:25:22.442+0000] {logging_mixin.py:151} INFO - [2023-11-20T19:25:22.441+0000] {dag.py:3722} INFO - Setting next_dagrun for example_params_ui_tutorial to None, run_after=None
[2023-11-20T19:25:22.497+0000] {processor.py:179} INFO - Processing /home/airflow/.local/lib/python3.8/site-packages/airflow/example_dags/example_params_ui_tutorial.py took 0.519 seconds
[2023-11-20T19:25:54.755+0000] {processor.py:157} INFO - Started process (PID=581) to work on /home/airflow/.local/lib/python3.8/site-packages/airflow/example_dags/example_params_ui_tutorial.py
[2023-11-20T19:25:54.772+0000] {processor.py:829} INFO - Processing file /home/airflow/.local/lib/python3.8/site-packages/airflow/example_dags/example_params_ui_tutorial.py for tasks to queue
[2023-11-20T19:25:54.787+0000] {logging_mixin.py:151} INFO - [2023-11-20T19:25:54.785+0000] {dagbag.py:536} INFO - Filling up the DagBag from /home/airflow/.local/lib/python3.8/site-packages/airflow/example_dags/example_params_ui_tutorial.py
[2023-11-20T19:25:54.888+0000] {processor.py:839} INFO - DAG(s) dict_keys(['example_params_ui_tutorial']) retrieved from /home/airflow/.local/lib/python3.8/site-packages/airflow/example_dags/example_params_ui_tutorial.py
[2023-11-20T19:25:54.987+0000] {logging_mixin.py:151} INFO - [2023-11-20T19:25:54.986+0000] {dag.py:2941} INFO - Sync 1 DAGs
[2023-11-20T19:25:55.054+0000] {logging_mixin.py:151} INFO - [2023-11-20T19:25:55.052+0000] {dag.py:3722} INFO - Setting next_dagrun for example_params_ui_tutorial to None, run_after=None
[2023-11-20T19:25:55.111+0000] {processor.py:179} INFO - Processing /home/airflow/.local/lib/python3.8/site-packages/airflow/example_dags/example_params_ui_tutorial.py took 0.368 seconds
[2023-11-20T19:26:27.704+0000] {processor.py:157} INFO - Started process (PID=642) to work on /home/airflow/.local/lib/python3.8/site-packages/airflow/example_dags/example_params_ui_tutorial.py
[2023-11-20T19:26:27.710+0000] {processor.py:829} INFO - Processing file /home/airflow/.local/lib/python3.8/site-packages/airflow/example_dags/example_params_ui_tutorial.py for tasks to queue
[2023-11-20T19:26:27.713+0000] {logging_mixin.py:151} INFO - [2023-11-20T19:26:27.712+0000] {dagbag.py:536} INFO - Filling up the DagBag from /home/airflow/.local/lib/python3.8/site-packages/airflow/example_dags/example_params_ui_tutorial.py
[2023-11-20T19:26:27.795+0000] {processor.py:839} INFO - DAG(s) dict_keys(['example_params_ui_tutorial']) retrieved from /home/airflow/.local/lib/python3.8/site-packages/airflow/example_dags/example_params_ui_tutorial.py
[2023-11-20T19:26:27.908+0000] {logging_mixin.py:151} INFO - [2023-11-20T19:26:27.908+0000] {dag.py:2941} INFO - Sync 1 DAGs
[2023-11-20T19:26:27.979+0000] {logging_mixin.py:151} INFO - [2023-11-20T19:26:27.978+0000] {dag.py:3722} INFO - Setting next_dagrun for example_params_ui_tutorial to None, run_after=None
[2023-11-20T19:26:28.071+0000] {processor.py:179} INFO - Processing /home/airflow/.local/lib/python3.8/site-packages/airflow/example_dags/example_params_ui_tutorial.py took 0.380 seconds
[2023-11-20T19:27:00.718+0000] {processor.py:157} INFO - Started process (PID=702) to work on /home/airflow/.local/lib/python3.8/site-packages/airflow/example_dags/example_params_ui_tutorial.py
[2023-11-20T19:27:00.922+0000] {processor.py:829} INFO - Processing file /home/airflow/.local/lib/python3.8/site-packages/airflow/example_dags/example_params_ui_tutorial.py for tasks to queue
[2023-11-20T19:27:00.927+0000] {logging_mixin.py:151} INFO - [2023-11-20T19:27:00.926+0000] {dagbag.py:536} INFO - Filling up the DagBag from /home/airflow/.local/lib/python3.8/site-packages/airflow/example_dags/example_params_ui_tutorial.py
[2023-11-20T19:27:01.003+0000] {processor.py:839} INFO - DAG(s) dict_keys(['example_params_ui_tutorial']) retrieved from /home/airflow/.local/lib/python3.8/site-packages/airflow/example_dags/example_params_ui_tutorial.py
[2023-11-20T19:27:01.197+0000] {logging_mixin.py:151} INFO - [2023-11-20T19:27:01.197+0000] {dag.py:2941} INFO - Sync 1 DAGs
[2023-11-20T19:27:01.222+0000] {logging_mixin.py:151} INFO - [2023-11-20T19:27:01.221+0000] {dag.py:3722} INFO - Setting next_dagrun for example_params_ui_tutorial to None, run_after=None
[2023-11-20T19:27:01.284+0000] {processor.py:179} INFO - Processing /home/airflow/.local/lib/python3.8/site-packages/airflow/example_dags/example_params_ui_tutorial.py took 0.514 seconds
[2023-11-20T19:27:34.773+0000] {processor.py:157} INFO - Started process (PID=762) to work on /home/airflow/.local/lib/python3.8/site-packages/airflow/example_dags/example_params_ui_tutorial.py
[2023-11-20T19:27:34.783+0000] {processor.py:829} INFO - Processing file /home/airflow/.local/lib/python3.8/site-packages/airflow/example_dags/example_params_ui_tutorial.py for tasks to queue
[2023-11-20T19:27:34.806+0000] {logging_mixin.py:151} INFO - [2023-11-20T19:27:34.798+0000] {dagbag.py:536} INFO - Filling up the DagBag from /home/airflow/.local/lib/python3.8/site-packages/airflow/example_dags/example_params_ui_tutorial.py
[2023-11-20T19:27:35.047+0000] {processor.py:839} INFO - DAG(s) dict_keys(['example_params_ui_tutorial']) retrieved from /home/airflow/.local/lib/python3.8/site-packages/airflow/example_dags/example_params_ui_tutorial.py
[2023-11-20T19:27:35.337+0000] {logging_mixin.py:151} INFO - [2023-11-20T19:27:35.336+0000] {dag.py:2941} INFO - Sync 1 DAGs
[2023-11-20T19:27:35.379+0000] {logging_mixin.py:151} INFO - [2023-11-20T19:27:35.378+0000] {dag.py:3722} INFO - Setting next_dagrun for example_params_ui_tutorial to None, run_after=None
[2023-11-20T19:27:35.429+0000] {processor.py:179} INFO - Processing /home/airflow/.local/lib/python3.8/site-packages/airflow/example_dags/example_params_ui_tutorial.py took 0.673 seconds
[2023-11-20T19:28:08.115+0000] {processor.py:157} INFO - Started process (PID=824) to work on /home/airflow/.local/lib/python3.8/site-packages/airflow/example_dags/example_params_ui_tutorial.py
[2023-11-20T19:28:08.120+0000] {processor.py:829} INFO - Processing file /home/airflow/.local/lib/python3.8/site-packages/airflow/example_dags/example_params_ui_tutorial.py for tasks to queue
[2023-11-20T19:28:08.122+0000] {logging_mixin.py:151} INFO - [2023-11-20T19:28:08.122+0000] {dagbag.py:536} INFO - Filling up the DagBag from /home/airflow/.local/lib/python3.8/site-packages/airflow/example_dags/example_params_ui_tutorial.py
[2023-11-20T19:28:08.183+0000] {processor.py:839} INFO - DAG(s) dict_keys(['example_params_ui_tutorial']) retrieved from /home/airflow/.local/lib/python3.8/site-packages/airflow/example_dags/example_params_ui_tutorial.py
[2023-11-20T19:28:08.280+0000] {logging_mixin.py:151} INFO - [2023-11-20T19:28:08.279+0000] {dag.py:2941} INFO - Sync 1 DAGs
[2023-11-20T19:28:08.315+0000] {logging_mixin.py:151} INFO - [2023-11-20T19:28:08.314+0000] {dag.py:3722} INFO - Setting next_dagrun for example_params_ui_tutorial to None, run_after=None
[2023-11-20T19:28:08.375+0000] {processor.py:179} INFO - Processing /home/airflow/.local/lib/python3.8/site-packages/airflow/example_dags/example_params_ui_tutorial.py took 0.267 seconds
[2023-11-20T19:28:40.508+0000] {processor.py:157} INFO - Started process (PID=883) to work on /home/airflow/.local/lib/python3.8/site-packages/airflow/example_dags/example_params_ui_tutorial.py
[2023-11-20T19:28:40.513+0000] {processor.py:829} INFO - Processing file /home/airflow/.local/lib/python3.8/site-packages/airflow/example_dags/example_params_ui_tutorial.py for tasks to queue
[2023-11-20T19:28:40.515+0000] {logging_mixin.py:151} INFO - [2023-11-20T19:28:40.514+0000] {dagbag.py:536} INFO - Filling up the DagBag from /home/airflow/.local/lib/python3.8/site-packages/airflow/example_dags/example_params_ui_tutorial.py
[2023-11-20T19:28:40.650+0000] {processor.py:839} INFO - DAG(s) dict_keys(['example_params_ui_tutorial']) retrieved from /home/airflow/.local/lib/python3.8/site-packages/airflow/example_dags/example_params_ui_tutorial.py
[2023-11-20T19:28:40.806+0000] {logging_mixin.py:151} INFO - [2023-11-20T19:28:40.806+0000] {dag.py:2941} INFO - Sync 1 DAGs
[2023-11-20T19:28:40.839+0000] {logging_mixin.py:151} INFO - [2023-11-20T19:28:40.839+0000] {dag.py:3722} INFO - Setting next_dagrun for example_params_ui_tutorial to None, run_after=None
[2023-11-20T19:28:40.887+0000] {processor.py:179} INFO - Processing /home/airflow/.local/lib/python3.8/site-packages/airflow/example_dags/example_params_ui_tutorial.py took 0.389 seconds
[2023-11-20T19:29:18.279+0000] {processor.py:157} INFO - Started process (PID=950) to work on /home/airflow/.local/lib/python3.8/site-packages/airflow/example_dags/example_params_ui_tutorial.py
[2023-11-20T19:29:18.291+0000] {processor.py:829} INFO - Processing file /home/airflow/.local/lib/python3.8/site-packages/airflow/example_dags/example_params_ui_tutorial.py for tasks to queue
[2023-11-20T19:29:18.300+0000] {logging_mixin.py:151} INFO - [2023-11-20T19:29:18.298+0000] {dagbag.py:536} INFO - Filling up the DagBag from /home/airflow/.local/lib/python3.8/site-packages/airflow/example_dags/example_params_ui_tutorial.py
[2023-11-20T19:29:18.833+0000] {processor.py:839} INFO - DAG(s) dict_keys(['example_params_ui_tutorial']) retrieved from /home/airflow/.local/lib/python3.8/site-packages/airflow/example_dags/example_params_ui_tutorial.py
[2023-11-20T19:29:19.135+0000] {logging_mixin.py:151} INFO - [2023-11-20T19:29:19.134+0000] {dag.py:2941} INFO - Sync 1 DAGs
[2023-11-20T19:29:19.195+0000] {logging_mixin.py:151} INFO - [2023-11-20T19:29:19.194+0000] {dag.py:3722} INFO - Setting next_dagrun for example_params_ui_tutorial to None, run_after=None
[2023-11-20T19:29:19.250+0000] {processor.py:179} INFO - Processing /home/airflow/.local/lib/python3.8/site-packages/airflow/example_dags/example_params_ui_tutorial.py took 1.005 seconds
[2023-11-20T19:29:50.415+0000] {processor.py:157} INFO - Started process (PID=1012) to work on /home/airflow/.local/lib/python3.8/site-packages/airflow/example_dags/example_params_ui_tutorial.py
[2023-11-20T19:29:50.421+0000] {processor.py:829} INFO - Processing file /home/airflow/.local/lib/python3.8/site-packages/airflow/example_dags/example_params_ui_tutorial.py for tasks to queue
[2023-11-20T19:29:50.424+0000] {logging_mixin.py:151} INFO - [2023-11-20T19:29:50.424+0000] {dagbag.py:536} INFO - Filling up the DagBag from /home/airflow/.local/lib/python3.8/site-packages/airflow/example_dags/example_params_ui_tutorial.py
[2023-11-20T19:29:50.541+0000] {processor.py:839} INFO - DAG(s) dict_keys(['example_params_ui_tutorial']) retrieved from /home/airflow/.local/lib/python3.8/site-packages/airflow/example_dags/example_params_ui_tutorial.py
[2023-11-20T19:29:50.789+0000] {logging_mixin.py:151} INFO - [2023-11-20T19:29:50.789+0000] {dag.py:2941} INFO - Sync 1 DAGs
[2023-11-20T19:29:50.834+0000] {logging_mixin.py:151} INFO - [2023-11-20T19:29:50.834+0000] {dag.py:3722} INFO - Setting next_dagrun for example_params_ui_tutorial to None, run_after=None
[2023-11-20T19:29:50.879+0000] {processor.py:179} INFO - Processing /home/airflow/.local/lib/python3.8/site-packages/airflow/example_dags/example_params_ui_tutorial.py took 0.476 seconds
[2023-11-20T19:30:21.504+0000] {processor.py:157} INFO - Started process (PID=1071) to work on /home/airflow/.local/lib/python3.8/site-packages/airflow/example_dags/example_params_ui_tutorial.py
[2023-11-20T19:30:21.513+0000] {processor.py:829} INFO - Processing file /home/airflow/.local/lib/python3.8/site-packages/airflow/example_dags/example_params_ui_tutorial.py for tasks to queue
[2023-11-20T19:30:21.515+0000] {logging_mixin.py:151} INFO - [2023-11-20T19:30:21.514+0000] {dagbag.py:536} INFO - Filling up the DagBag from /home/airflow/.local/lib/python3.8/site-packages/airflow/example_dags/example_params_ui_tutorial.py
[2023-11-20T19:30:21.669+0000] {processor.py:839} INFO - DAG(s) dict_keys(['example_params_ui_tutorial']) retrieved from /home/airflow/.local/lib/python3.8/site-packages/airflow/example_dags/example_params_ui_tutorial.py
[2023-11-20T19:30:21.950+0000] {logging_mixin.py:151} INFO - [2023-11-20T19:30:21.949+0000] {dag.py:2941} INFO - Sync 1 DAGs
[2023-11-20T19:30:22.010+0000] {logging_mixin.py:151} INFO - [2023-11-20T19:30:22.009+0000] {dag.py:3722} INFO - Setting next_dagrun for example_params_ui_tutorial to None, run_after=None
[2023-11-20T19:30:22.091+0000] {processor.py:179} INFO - Processing /home/airflow/.local/lib/python3.8/site-packages/airflow/example_dags/example_params_ui_tutorial.py took 0.600 seconds
[2023-11-20T19:30:52.223+0000] {processor.py:157} INFO - Started process (PID=1130) to work on /home/airflow/.local/lib/python3.8/site-packages/airflow/example_dags/example_params_ui_tutorial.py
[2023-11-20T19:30:52.228+0000] {processor.py:829} INFO - Processing file /home/airflow/.local/lib/python3.8/site-packages/airflow/example_dags/example_params_ui_tutorial.py for tasks to queue
[2023-11-20T19:30:52.232+0000] {logging_mixin.py:151} INFO - [2023-11-20T19:30:52.231+0000] {dagbag.py:536} INFO - Filling up the DagBag from /home/airflow/.local/lib/python3.8/site-packages/airflow/example_dags/example_params_ui_tutorial.py
[2023-11-20T19:30:52.381+0000] {processor.py:839} INFO - DAG(s) dict_keys(['example_params_ui_tutorial']) retrieved from /home/airflow/.local/lib/python3.8/site-packages/airflow/example_dags/example_params_ui_tutorial.py
[2023-11-20T19:30:52.654+0000] {logging_mixin.py:151} INFO - [2023-11-20T19:30:52.653+0000] {dag.py:2941} INFO - Sync 1 DAGs
[2023-11-20T19:30:52.731+0000] {logging_mixin.py:151} INFO - [2023-11-20T19:30:52.731+0000] {dag.py:3722} INFO - Setting next_dagrun for example_params_ui_tutorial to None, run_after=None
[2023-11-20T19:30:52.821+0000] {processor.py:179} INFO - Processing /home/airflow/.local/lib/python3.8/site-packages/airflow/example_dags/example_params_ui_tutorial.py took 0.610 seconds
[2023-11-20T19:31:30.107+0000] {processor.py:157} INFO - Started process (PID=1189) to work on /home/airflow/.local/lib/python3.8/site-packages/airflow/example_dags/example_params_ui_tutorial.py
[2023-11-20T19:31:30.142+0000] {processor.py:829} INFO - Processing file /home/airflow/.local/lib/python3.8/site-packages/airflow/example_dags/example_params_ui_tutorial.py for tasks to queue
[2023-11-20T19:31:30.154+0000] {logging_mixin.py:151} INFO - [2023-11-20T19:31:30.152+0000] {dagbag.py:536} INFO - Filling up the DagBag from /home/airflow/.local/lib/python3.8/site-packages/airflow/example_dags/example_params_ui_tutorial.py
[2023-11-20T19:31:30.657+0000] {processor.py:839} INFO - DAG(s) dict_keys(['example_params_ui_tutorial']) retrieved from /home/airflow/.local/lib/python3.8/site-packages/airflow/example_dags/example_params_ui_tutorial.py
[2023-11-20T19:31:30.863+0000] {logging_mixin.py:151} INFO - [2023-11-20T19:31:30.863+0000] {dag.py:2941} INFO - Sync 1 DAGs
[2023-11-20T19:31:30.886+0000] {logging_mixin.py:151} INFO - [2023-11-20T19:31:30.886+0000] {dag.py:3722} INFO - Setting next_dagrun for example_params_ui_tutorial to None, run_after=None
[2023-11-20T19:31:30.925+0000] {processor.py:179} INFO - Processing /home/airflow/.local/lib/python3.8/site-packages/airflow/example_dags/example_params_ui_tutorial.py took 0.850 seconds
[2023-11-20T19:32:01.298+0000] {processor.py:157} INFO - Started process (PID=1247) to work on /home/airflow/.local/lib/python3.8/site-packages/airflow/example_dags/example_params_ui_tutorial.py
[2023-11-20T19:32:01.305+0000] {processor.py:829} INFO - Processing file /home/airflow/.local/lib/python3.8/site-packages/airflow/example_dags/example_params_ui_tutorial.py for tasks to queue
[2023-11-20T19:32:01.307+0000] {logging_mixin.py:151} INFO - [2023-11-20T19:32:01.306+0000] {dagbag.py:536} INFO - Filling up the DagBag from /home/airflow/.local/lib/python3.8/site-packages/airflow/example_dags/example_params_ui_tutorial.py
[2023-11-20T19:32:01.477+0000] {processor.py:839} INFO - DAG(s) dict_keys(['example_params_ui_tutorial']) retrieved from /home/airflow/.local/lib/python3.8/site-packages/airflow/example_dags/example_params_ui_tutorial.py
[2023-11-20T19:32:02.205+0000] {logging_mixin.py:151} INFO - [2023-11-20T19:32:02.203+0000] {dag.py:2941} INFO - Sync 1 DAGs
[2023-11-20T19:32:02.465+0000] {logging_mixin.py:151} INFO - [2023-11-20T19:32:02.462+0000] {dag.py:3722} INFO - Setting next_dagrun for example_params_ui_tutorial to None, run_after=None
[2023-11-20T19:32:02.546+0000] {processor.py:179} INFO - Processing /home/airflow/.local/lib/python3.8/site-packages/airflow/example_dags/example_params_ui_tutorial.py took 1.257 seconds
[2023-11-20T19:33:13.734+0000] {processor.py:157} INFO - Started process (PID=1273) to work on /home/airflow/.local/lib/python3.8/site-packages/airflow/example_dags/example_params_ui_tutorial.py
[2023-11-20T19:33:13.757+0000] {processor.py:829} INFO - Processing file /home/airflow/.local/lib/python3.8/site-packages/airflow/example_dags/example_params_ui_tutorial.py for tasks to queue
[2023-11-20T19:33:13.782+0000] {logging_mixin.py:151} INFO - [2023-11-20T19:33:13.778+0000] {dagbag.py:536} INFO - Filling up the DagBag from /home/airflow/.local/lib/python3.8/site-packages/airflow/example_dags/example_params_ui_tutorial.py
[2023-11-20T19:33:14.149+0000] {processor.py:839} INFO - DAG(s) dict_keys(['example_params_ui_tutorial']) retrieved from /home/airflow/.local/lib/python3.8/site-packages/airflow/example_dags/example_params_ui_tutorial.py
[2023-11-20T19:33:14.562+0000] {logging_mixin.py:151} INFO - [2023-11-20T19:33:14.561+0000] {dag.py:2941} INFO - Sync 1 DAGs
[2023-11-20T19:33:14.988+0000] {logging_mixin.py:151} INFO - [2023-11-20T19:33:14.972+0000] {dag.py:3722} INFO - Setting next_dagrun for example_params_ui_tutorial to None, run_after=None
[2023-11-20T19:33:15.153+0000] {processor.py:179} INFO - Processing /home/airflow/.local/lib/python3.8/site-packages/airflow/example_dags/example_params_ui_tutorial.py took 1.480 seconds
[2023-11-20T19:33:45.309+0000] {processor.py:157} INFO - Started process (PID=1330) to work on /home/airflow/.local/lib/python3.8/site-packages/airflow/example_dags/example_params_ui_tutorial.py
[2023-11-20T19:33:45.311+0000] {processor.py:829} INFO - Processing file /home/airflow/.local/lib/python3.8/site-packages/airflow/example_dags/example_params_ui_tutorial.py for tasks to queue
[2023-11-20T19:33:45.314+0000] {logging_mixin.py:151} INFO - [2023-11-20T19:33:45.313+0000] {dagbag.py:536} INFO - Filling up the DagBag from /home/airflow/.local/lib/python3.8/site-packages/airflow/example_dags/example_params_ui_tutorial.py
[2023-11-20T19:33:45.408+0000] {processor.py:839} INFO - DAG(s) dict_keys(['example_params_ui_tutorial']) retrieved from /home/airflow/.local/lib/python3.8/site-packages/airflow/example_dags/example_params_ui_tutorial.py
[2023-11-20T19:33:45.646+0000] {logging_mixin.py:151} INFO - [2023-11-20T19:33:45.645+0000] {dag.py:2941} INFO - Sync 1 DAGs
[2023-11-20T19:33:45.700+0000] {logging_mixin.py:151} INFO - [2023-11-20T19:33:45.699+0000] {dag.py:3722} INFO - Setting next_dagrun for example_params_ui_tutorial to None, run_after=None
[2023-11-20T19:33:45.736+0000] {processor.py:179} INFO - Processing /home/airflow/.local/lib/python3.8/site-packages/airflow/example_dags/example_params_ui_tutorial.py took 0.437 seconds
[2023-11-20T19:34:18.896+0000] {processor.py:157} INFO - Started process (PID=1390) to work on /home/airflow/.local/lib/python3.8/site-packages/airflow/example_dags/example_params_ui_tutorial.py
[2023-11-20T19:34:18.902+0000] {processor.py:829} INFO - Processing file /home/airflow/.local/lib/python3.8/site-packages/airflow/example_dags/example_params_ui_tutorial.py for tasks to queue
[2023-11-20T19:34:18.908+0000] {logging_mixin.py:151} INFO - [2023-11-20T19:34:18.906+0000] {dagbag.py:536} INFO - Filling up the DagBag from /home/airflow/.local/lib/python3.8/site-packages/airflow/example_dags/example_params_ui_tutorial.py
[2023-11-20T19:34:20.250+0000] {processor.py:839} INFO - DAG(s) dict_keys(['example_params_ui_tutorial']) retrieved from /home/airflow/.local/lib/python3.8/site-packages/airflow/example_dags/example_params_ui_tutorial.py
[2023-11-20T19:34:21.216+0000] {logging_mixin.py:151} INFO - [2023-11-20T19:34:21.213+0000] {dag.py:2941} INFO - Sync 1 DAGs
[2023-11-20T19:34:21.362+0000] {logging_mixin.py:151} INFO - [2023-11-20T19:34:21.361+0000] {dag.py:3722} INFO - Setting next_dagrun for example_params_ui_tutorial to None, run_after=None
[2023-11-20T19:34:21.527+0000] {processor.py:179} INFO - Processing /home/airflow/.local/lib/python3.8/site-packages/airflow/example_dags/example_params_ui_tutorial.py took 2.653 seconds
[2023-11-20T19:34:55.439+0000] {processor.py:157} INFO - Started process (PID=1449) to work on /home/airflow/.local/lib/python3.8/site-packages/airflow/example_dags/example_params_ui_tutorial.py
[2023-11-20T19:34:55.443+0000] {processor.py:829} INFO - Processing file /home/airflow/.local/lib/python3.8/site-packages/airflow/example_dags/example_params_ui_tutorial.py for tasks to queue
[2023-11-20T19:34:55.447+0000] {logging_mixin.py:151} INFO - [2023-11-20T19:34:55.446+0000] {dagbag.py:536} INFO - Filling up the DagBag from /home/airflow/.local/lib/python3.8/site-packages/airflow/example_dags/example_params_ui_tutorial.py
[2023-11-20T19:34:55.556+0000] {processor.py:839} INFO - DAG(s) dict_keys(['example_params_ui_tutorial']) retrieved from /home/airflow/.local/lib/python3.8/site-packages/airflow/example_dags/example_params_ui_tutorial.py
[2023-11-20T19:34:55.715+0000] {logging_mixin.py:151} INFO - [2023-11-20T19:34:55.715+0000] {dag.py:2941} INFO - Sync 1 DAGs
[2023-11-20T19:34:55.756+0000] {logging_mixin.py:151} INFO - [2023-11-20T19:34:55.756+0000] {dag.py:3722} INFO - Setting next_dagrun for example_params_ui_tutorial to None, run_after=None
[2023-11-20T19:34:55.897+0000] {processor.py:179} INFO - Processing /home/airflow/.local/lib/python3.8/site-packages/airflow/example_dags/example_params_ui_tutorial.py took 0.468 seconds
[2023-11-20T19:35:32.760+0000] {processor.py:157} INFO - Started process (PID=1494) to work on /home/airflow/.local/lib/python3.8/site-packages/airflow/example_dags/example_params_ui_tutorial.py
[2023-11-20T19:35:32.768+0000] {processor.py:829} INFO - Processing file /home/airflow/.local/lib/python3.8/site-packages/airflow/example_dags/example_params_ui_tutorial.py for tasks to queue
[2023-11-20T19:35:32.772+0000] {logging_mixin.py:151} INFO - [2023-11-20T19:35:32.770+0000] {dagbag.py:536} INFO - Filling up the DagBag from /home/airflow/.local/lib/python3.8/site-packages/airflow/example_dags/example_params_ui_tutorial.py
[2023-11-20T19:35:32.925+0000] {processor.py:839} INFO - DAG(s) dict_keys(['example_params_ui_tutorial']) retrieved from /home/airflow/.local/lib/python3.8/site-packages/airflow/example_dags/example_params_ui_tutorial.py
[2023-11-20T19:35:33.143+0000] {logging_mixin.py:151} INFO - [2023-11-20T19:35:33.142+0000] {dag.py:2941} INFO - Sync 1 DAGs
[2023-11-20T19:35:33.236+0000] {logging_mixin.py:151} INFO - [2023-11-20T19:35:33.235+0000] {dag.py:3722} INFO - Setting next_dagrun for example_params_ui_tutorial to None, run_after=None
[2023-11-20T19:35:33.372+0000] {processor.py:179} INFO - Processing /home/airflow/.local/lib/python3.8/site-packages/airflow/example_dags/example_params_ui_tutorial.py took 0.621 seconds
[2023-11-20T19:36:04.254+0000] {processor.py:157} INFO - Started process (PID=1553) to work on /home/airflow/.local/lib/python3.8/site-packages/airflow/example_dags/example_params_ui_tutorial.py
[2023-11-20T19:36:04.256+0000] {processor.py:829} INFO - Processing file /home/airflow/.local/lib/python3.8/site-packages/airflow/example_dags/example_params_ui_tutorial.py for tasks to queue
[2023-11-20T19:36:04.257+0000] {logging_mixin.py:151} INFO - [2023-11-20T19:36:04.257+0000] {dagbag.py:536} INFO - Filling up the DagBag from /home/airflow/.local/lib/python3.8/site-packages/airflow/example_dags/example_params_ui_tutorial.py
[2023-11-20T19:36:04.313+0000] {processor.py:839} INFO - DAG(s) dict_keys(['example_params_ui_tutorial']) retrieved from /home/airflow/.local/lib/python3.8/site-packages/airflow/example_dags/example_params_ui_tutorial.py
[2023-11-20T19:36:04.392+0000] {logging_mixin.py:151} INFO - [2023-11-20T19:36:04.392+0000] {dag.py:2941} INFO - Sync 1 DAGs
[2023-11-20T19:36:04.410+0000] {logging_mixin.py:151} INFO - [2023-11-20T19:36:04.410+0000] {dag.py:3722} INFO - Setting next_dagrun for example_params_ui_tutorial to None, run_after=None
[2023-11-20T19:36:04.435+0000] {processor.py:179} INFO - Processing /home/airflow/.local/lib/python3.8/site-packages/airflow/example_dags/example_params_ui_tutorial.py took 0.186 seconds
[2023-11-20T19:36:38.598+0000] {processor.py:157} INFO - Started process (PID=1611) to work on /home/airflow/.local/lib/python3.8/site-packages/airflow/example_dags/example_params_ui_tutorial.py
[2023-11-20T19:36:38.601+0000] {processor.py:829} INFO - Processing file /home/airflow/.local/lib/python3.8/site-packages/airflow/example_dags/example_params_ui_tutorial.py for tasks to queue
[2023-11-20T19:36:38.603+0000] {logging_mixin.py:151} INFO - [2023-11-20T19:36:38.602+0000] {dagbag.py:536} INFO - Filling up the DagBag from /home/airflow/.local/lib/python3.8/site-packages/airflow/example_dags/example_params_ui_tutorial.py
[2023-11-20T19:36:38.688+0000] {processor.py:839} INFO - DAG(s) dict_keys(['example_params_ui_tutorial']) retrieved from /home/airflow/.local/lib/python3.8/site-packages/airflow/example_dags/example_params_ui_tutorial.py
[2023-11-20T19:36:38.850+0000] {logging_mixin.py:151} INFO - [2023-11-20T19:36:38.850+0000] {dag.py:2941} INFO - Sync 1 DAGs
[2023-11-20T19:36:38.901+0000] {logging_mixin.py:151} INFO - [2023-11-20T19:36:38.901+0000] {dag.py:3722} INFO - Setting next_dagrun for example_params_ui_tutorial to None, run_after=None
[2023-11-20T19:36:38.972+0000] {processor.py:179} INFO - Processing /home/airflow/.local/lib/python3.8/site-packages/airflow/example_dags/example_params_ui_tutorial.py took 0.382 seconds
[2023-11-20T19:37:24.800+0000] {processor.py:157} INFO - Started process (PID=1680) to work on /home/airflow/.local/lib/python3.8/site-packages/airflow/example_dags/example_params_ui_tutorial.py
[2023-11-20T19:37:24.810+0000] {processor.py:829} INFO - Processing file /home/airflow/.local/lib/python3.8/site-packages/airflow/example_dags/example_params_ui_tutorial.py for tasks to queue
[2023-11-20T19:37:24.816+0000] {logging_mixin.py:151} INFO - [2023-11-20T19:37:24.814+0000] {dagbag.py:536} INFO - Filling up the DagBag from /home/airflow/.local/lib/python3.8/site-packages/airflow/example_dags/example_params_ui_tutorial.py
[2023-11-20T19:37:25.066+0000] {processor.py:839} INFO - DAG(s) dict_keys(['example_params_ui_tutorial']) retrieved from /home/airflow/.local/lib/python3.8/site-packages/airflow/example_dags/example_params_ui_tutorial.py
[2023-11-20T19:37:25.261+0000] {logging_mixin.py:151} INFO - [2023-11-20T19:37:25.260+0000] {dag.py:2941} INFO - Sync 1 DAGs
[2023-11-20T19:37:25.309+0000] {logging_mixin.py:151} INFO - [2023-11-20T19:37:25.309+0000] {dag.py:3722} INFO - Setting next_dagrun for example_params_ui_tutorial to None, run_after=None
[2023-11-20T19:37:25.361+0000] {processor.py:179} INFO - Processing /home/airflow/.local/lib/python3.8/site-packages/airflow/example_dags/example_params_ui_tutorial.py took 0.604 seconds
[2023-11-20T19:38:05.397+0000] {processor.py:157} INFO - Started process (PID=1740) to work on /home/airflow/.local/lib/python3.8/site-packages/airflow/example_dags/example_params_ui_tutorial.py
[2023-11-20T19:38:05.410+0000] {processor.py:829} INFO - Processing file /home/airflow/.local/lib/python3.8/site-packages/airflow/example_dags/example_params_ui_tutorial.py for tasks to queue
[2023-11-20T19:38:05.422+0000] {logging_mixin.py:151} INFO - [2023-11-20T19:38:05.417+0000] {dagbag.py:536} INFO - Filling up the DagBag from /home/airflow/.local/lib/python3.8/site-packages/airflow/example_dags/example_params_ui_tutorial.py
[2023-11-20T19:38:06.132+0000] {processor.py:839} INFO - DAG(s) dict_keys(['example_params_ui_tutorial']) retrieved from /home/airflow/.local/lib/python3.8/site-packages/airflow/example_dags/example_params_ui_tutorial.py
[2023-11-20T19:38:06.445+0000] {logging_mixin.py:151} INFO - [2023-11-20T19:38:06.444+0000] {dag.py:2941} INFO - Sync 1 DAGs
[2023-11-20T19:38:06.535+0000] {logging_mixin.py:151} INFO - [2023-11-20T19:38:06.533+0000] {dag.py:3722} INFO - Setting next_dagrun for example_params_ui_tutorial to None, run_after=None
[2023-11-20T19:38:06.646+0000] {processor.py:179} INFO - Processing /home/airflow/.local/lib/python3.8/site-packages/airflow/example_dags/example_params_ui_tutorial.py took 1.287 seconds
[2023-11-20T19:38:38.521+0000] {processor.py:157} INFO - Started process (PID=1800) to work on /home/airflow/.local/lib/python3.8/site-packages/airflow/example_dags/example_params_ui_tutorial.py
[2023-11-20T19:38:38.527+0000] {processor.py:829} INFO - Processing file /home/airflow/.local/lib/python3.8/site-packages/airflow/example_dags/example_params_ui_tutorial.py for tasks to queue
[2023-11-20T19:38:38.529+0000] {logging_mixin.py:151} INFO - [2023-11-20T19:38:38.528+0000] {dagbag.py:536} INFO - Filling up the DagBag from /home/airflow/.local/lib/python3.8/site-packages/airflow/example_dags/example_params_ui_tutorial.py
[2023-11-20T19:38:38.662+0000] {processor.py:839} INFO - DAG(s) dict_keys(['example_params_ui_tutorial']) retrieved from /home/airflow/.local/lib/python3.8/site-packages/airflow/example_dags/example_params_ui_tutorial.py
[2023-11-20T19:38:38.813+0000] {logging_mixin.py:151} INFO - [2023-11-20T19:38:38.812+0000] {dag.py:2941} INFO - Sync 1 DAGs
[2023-11-20T19:38:38.853+0000] {logging_mixin.py:151} INFO - [2023-11-20T19:38:38.852+0000] {dag.py:3722} INFO - Setting next_dagrun for example_params_ui_tutorial to None, run_after=None
[2023-11-20T19:38:38.912+0000] {processor.py:179} INFO - Processing /home/airflow/.local/lib/python3.8/site-packages/airflow/example_dags/example_params_ui_tutorial.py took 0.405 seconds
[2023-11-20T19:39:16.473+0000] {processor.py:157} INFO - Started process (PID=1860) to work on /home/airflow/.local/lib/python3.8/site-packages/airflow/example_dags/example_params_ui_tutorial.py
[2023-11-20T19:39:16.497+0000] {processor.py:829} INFO - Processing file /home/airflow/.local/lib/python3.8/site-packages/airflow/example_dags/example_params_ui_tutorial.py for tasks to queue
[2023-11-20T19:39:16.503+0000] {logging_mixin.py:151} INFO - [2023-11-20T19:39:16.501+0000] {dagbag.py:536} INFO - Filling up the DagBag from /home/airflow/.local/lib/python3.8/site-packages/airflow/example_dags/example_params_ui_tutorial.py
[2023-11-20T19:39:17.620+0000] {processor.py:839} INFO - DAG(s) dict_keys(['example_params_ui_tutorial']) retrieved from /home/airflow/.local/lib/python3.8/site-packages/airflow/example_dags/example_params_ui_tutorial.py
[2023-11-20T19:39:19.326+0000] {logging_mixin.py:151} INFO - [2023-11-20T19:39:19.321+0000] {dag.py:2941} INFO - Sync 1 DAGs
[2023-11-20T19:39:19.481+0000] {logging_mixin.py:151} INFO - [2023-11-20T19:39:19.480+0000] {dag.py:3722} INFO - Setting next_dagrun for example_params_ui_tutorial to None, run_after=None
[2023-11-20T19:39:19.587+0000] {processor.py:179} INFO - Processing /home/airflow/.local/lib/python3.8/site-packages/airflow/example_dags/example_params_ui_tutorial.py took 3.203 seconds
[2023-11-20T19:39:51.596+0000] {processor.py:157} INFO - Started process (PID=1927) to work on /home/airflow/.local/lib/python3.8/site-packages/airflow/example_dags/example_params_ui_tutorial.py
[2023-11-20T19:39:51.611+0000] {processor.py:829} INFO - Processing file /home/airflow/.local/lib/python3.8/site-packages/airflow/example_dags/example_params_ui_tutorial.py for tasks to queue
[2023-11-20T19:39:51.618+0000] {logging_mixin.py:151} INFO - [2023-11-20T19:39:51.616+0000] {dagbag.py:536} INFO - Filling up the DagBag from /home/airflow/.local/lib/python3.8/site-packages/airflow/example_dags/example_params_ui_tutorial.py
[2023-11-20T19:39:52.188+0000] {processor.py:839} INFO - DAG(s) dict_keys(['example_params_ui_tutorial']) retrieved from /home/airflow/.local/lib/python3.8/site-packages/airflow/example_dags/example_params_ui_tutorial.py
[2023-11-20T19:39:52.546+0000] {logging_mixin.py:151} INFO - [2023-11-20T19:39:52.545+0000] {dag.py:2941} INFO - Sync 1 DAGs
[2023-11-20T19:39:52.587+0000] {logging_mixin.py:151} INFO - [2023-11-20T19:39:52.586+0000] {dag.py:3722} INFO - Setting next_dagrun for example_params_ui_tutorial to None, run_after=None
[2023-11-20T19:39:52.655+0000] {processor.py:179} INFO - Processing /home/airflow/.local/lib/python3.8/site-packages/airflow/example_dags/example_params_ui_tutorial.py took 1.070 seconds
[2023-11-20T19:40:25.004+0000] {processor.py:157} INFO - Started process (PID=1986) to work on /home/airflow/.local/lib/python3.8/site-packages/airflow/example_dags/example_params_ui_tutorial.py
[2023-11-20T19:40:25.007+0000] {processor.py:829} INFO - Processing file /home/airflow/.local/lib/python3.8/site-packages/airflow/example_dags/example_params_ui_tutorial.py for tasks to queue
[2023-11-20T19:40:25.008+0000] {logging_mixin.py:151} INFO - [2023-11-20T19:40:25.008+0000] {dagbag.py:536} INFO - Filling up the DagBag from /home/airflow/.local/lib/python3.8/site-packages/airflow/example_dags/example_params_ui_tutorial.py
[2023-11-20T19:40:25.063+0000] {processor.py:839} INFO - DAG(s) dict_keys(['example_params_ui_tutorial']) retrieved from /home/airflow/.local/lib/python3.8/site-packages/airflow/example_dags/example_params_ui_tutorial.py
[2023-11-20T19:40:25.152+0000] {logging_mixin.py:151} INFO - [2023-11-20T19:40:25.152+0000] {dag.py:2941} INFO - Sync 1 DAGs
[2023-11-20T19:40:25.173+0000] {logging_mixin.py:151} INFO - [2023-11-20T19:40:25.172+0000] {dag.py:3722} INFO - Setting next_dagrun for example_params_ui_tutorial to None, run_after=None
[2023-11-20T19:40:25.211+0000] {processor.py:179} INFO - Processing /home/airflow/.local/lib/python3.8/site-packages/airflow/example_dags/example_params_ui_tutorial.py took 0.211 seconds
