[2023-11-20T19:18:06.871+0000] {processor.py:157} INFO - Started process (PID=102) to work on /home/airflow/.local/lib/python3.8/site-packages/airflow/example_dags/example_short_circuit_operator.py
[2023-11-20T19:18:06.890+0000] {processor.py:829} INFO - Processing file /home/airflow/.local/lib/python3.8/site-packages/airflow/example_dags/example_short_circuit_operator.py for tasks to queue
[2023-11-20T19:18:06.932+0000] {logging_mixin.py:151} INFO - [2023-11-20T19:18:06.908+0000] {dagbag.py:536} INFO - Filling up the DagBag from /home/airflow/.local/lib/python3.8/site-packages/airflow/example_dags/example_short_circuit_operator.py
[2023-11-20T19:18:07.139+0000] {processor.py:839} INFO - DAG(s) dict_keys(['example_short_circuit_operator']) retrieved from /home/airflow/.local/lib/python3.8/site-packages/airflow/example_dags/example_short_circuit_operator.py
[2023-11-20T19:18:09.494+0000] {logging_mixin.py:151} INFO - [2023-11-20T19:18:09.468+0000] {dag.py:2941} INFO - Sync 1 DAGs
[2023-11-20T19:18:22.334+0000] {logging_mixin.py:151} INFO - [2023-11-20T19:18:22.301+0000] {dag.py:3722} INFO - Setting next_dagrun for example_short_circuit_operator to 2023-11-19T19:18:22.263955+00:00, run_after=2023-11-20T19:18:22.263955+00:00
[2023-11-20T19:18:28.454+0000] {processor.py:179} INFO - Processing /home/airflow/.local/lib/python3.8/site-packages/airflow/example_dags/example_short_circuit_operator.py took 21.633 seconds
[2023-11-20T19:21:43.235+0000] {processor.py:157} INFO - Started process (PID=191) to work on /home/airflow/.local/lib/python3.8/site-packages/airflow/example_dags/example_short_circuit_operator.py
[2023-11-20T19:21:43.249+0000] {processor.py:829} INFO - Processing file /home/airflow/.local/lib/python3.8/site-packages/airflow/example_dags/example_short_circuit_operator.py for tasks to queue
[2023-11-20T19:21:43.253+0000] {logging_mixin.py:151} INFO - [2023-11-20T19:21:43.251+0000] {dagbag.py:536} INFO - Filling up the DagBag from /home/airflow/.local/lib/python3.8/site-packages/airflow/example_dags/example_short_circuit_operator.py
[2023-11-20T19:21:43.322+0000] {processor.py:839} INFO - DAG(s) dict_keys(['example_short_circuit_operator']) retrieved from /home/airflow/.local/lib/python3.8/site-packages/airflow/example_dags/example_short_circuit_operator.py
[2023-11-20T19:21:43.611+0000] {logging_mixin.py:151} INFO - [2023-11-20T19:21:43.609+0000] {dag.py:2941} INFO - Sync 1 DAGs
[2023-11-20T19:21:43.789+0000] {logging_mixin.py:151} INFO - [2023-11-20T19:21:43.786+0000] {dag.py:3722} INFO - Setting next_dagrun for example_short_circuit_operator to 2023-11-19T19:21:43.784761+00:00, run_after=2023-11-20T19:21:43.784761+00:00
[2023-11-20T19:21:44.139+0000] {processor.py:179} INFO - Processing /home/airflow/.local/lib/python3.8/site-packages/airflow/example_dags/example_short_circuit_operator.py took 0.924 seconds
[2023-11-20T19:22:37.912+0000] {processor.py:157} INFO - Started process (PID=258) to work on /home/airflow/.local/lib/python3.8/site-packages/airflow/example_dags/example_short_circuit_operator.py
[2023-11-20T19:22:37.922+0000] {processor.py:829} INFO - Processing file /home/airflow/.local/lib/python3.8/site-packages/airflow/example_dags/example_short_circuit_operator.py for tasks to queue
[2023-11-20T19:22:37.926+0000] {logging_mixin.py:151} INFO - [2023-11-20T19:22:37.925+0000] {dagbag.py:536} INFO - Filling up the DagBag from /home/airflow/.local/lib/python3.8/site-packages/airflow/example_dags/example_short_circuit_operator.py
[2023-11-20T19:22:37.991+0000] {processor.py:839} INFO - DAG(s) dict_keys(['example_short_circuit_operator']) retrieved from /home/airflow/.local/lib/python3.8/site-packages/airflow/example_dags/example_short_circuit_operator.py
[2023-11-20T19:22:38.376+0000] {logging_mixin.py:151} INFO - [2023-11-20T19:22:38.375+0000] {dag.py:2941} INFO - Sync 1 DAGs
[2023-11-20T19:22:39.224+0000] {logging_mixin.py:151} INFO - [2023-11-20T19:22:39.222+0000] {dag.py:3722} INFO - Setting next_dagrun for example_short_circuit_operator to 2023-11-19T19:22:39.221366+00:00, run_after=2023-11-20T19:22:39.221366+00:00
[2023-11-20T19:22:39.346+0000] {processor.py:179} INFO - Processing /home/airflow/.local/lib/python3.8/site-packages/airflow/example_dags/example_short_circuit_operator.py took 1.550 seconds
[2023-11-20T19:23:13.863+0000] {processor.py:157} INFO - Started process (PID=318) to work on /home/airflow/.local/lib/python3.8/site-packages/airflow/example_dags/example_short_circuit_operator.py
[2023-11-20T19:23:13.871+0000] {processor.py:829} INFO - Processing file /home/airflow/.local/lib/python3.8/site-packages/airflow/example_dags/example_short_circuit_operator.py for tasks to queue
[2023-11-20T19:23:13.875+0000] {logging_mixin.py:151} INFO - [2023-11-20T19:23:13.873+0000] {dagbag.py:536} INFO - Filling up the DagBag from /home/airflow/.local/lib/python3.8/site-packages/airflow/example_dags/example_short_circuit_operator.py
[2023-11-20T19:23:13.913+0000] {processor.py:839} INFO - DAG(s) dict_keys(['example_short_circuit_operator']) retrieved from /home/airflow/.local/lib/python3.8/site-packages/airflow/example_dags/example_short_circuit_operator.py
[2023-11-20T19:23:14.038+0000] {logging_mixin.py:151} INFO - [2023-11-20T19:23:14.037+0000] {dag.py:2941} INFO - Sync 1 DAGs
[2023-11-20T19:23:14.108+0000] {logging_mixin.py:151} INFO - [2023-11-20T19:23:14.107+0000] {dag.py:3722} INFO - Setting next_dagrun for example_short_circuit_operator to 2023-11-19T19:23:14.106709+00:00, run_after=2023-11-20T19:23:14.106709+00:00
[2023-11-20T19:23:14.359+0000] {processor.py:179} INFO - Processing /home/airflow/.local/lib/python3.8/site-packages/airflow/example_dags/example_short_circuit_operator.py took 0.525 seconds
[2023-11-20T19:23:44.583+0000] {processor.py:157} INFO - Started process (PID=376) to work on /home/airflow/.local/lib/python3.8/site-packages/airflow/example_dags/example_short_circuit_operator.py
[2023-11-20T19:23:44.604+0000] {processor.py:829} INFO - Processing file /home/airflow/.local/lib/python3.8/site-packages/airflow/example_dags/example_short_circuit_operator.py for tasks to queue
[2023-11-20T19:23:44.606+0000] {logging_mixin.py:151} INFO - [2023-11-20T19:23:44.606+0000] {dagbag.py:536} INFO - Filling up the DagBag from /home/airflow/.local/lib/python3.8/site-packages/airflow/example_dags/example_short_circuit_operator.py
[2023-11-20T19:23:44.639+0000] {processor.py:839} INFO - DAG(s) dict_keys(['example_short_circuit_operator']) retrieved from /home/airflow/.local/lib/python3.8/site-packages/airflow/example_dags/example_short_circuit_operator.py
[2023-11-20T19:23:45.018+0000] {logging_mixin.py:151} INFO - [2023-11-20T19:23:45.015+0000] {dag.py:2941} INFO - Sync 1 DAGs
[2023-11-20T19:23:45.102+0000] {logging_mixin.py:151} INFO - [2023-11-20T19:23:45.101+0000] {dag.py:3722} INFO - Setting next_dagrun for example_short_circuit_operator to 2023-11-19T19:23:45.099872+00:00, run_after=2023-11-20T19:23:45.099872+00:00
[2023-11-20T19:23:45.144+0000] {processor.py:179} INFO - Processing /home/airflow/.local/lib/python3.8/site-packages/airflow/example_dags/example_short_circuit_operator.py took 0.571 seconds
[2023-11-20T19:24:15.318+0000] {processor.py:157} INFO - Started process (PID=436) to work on /home/airflow/.local/lib/python3.8/site-packages/airflow/example_dags/example_short_circuit_operator.py
[2023-11-20T19:24:15.322+0000] {processor.py:829} INFO - Processing file /home/airflow/.local/lib/python3.8/site-packages/airflow/example_dags/example_short_circuit_operator.py for tasks to queue
[2023-11-20T19:24:15.326+0000] {logging_mixin.py:151} INFO - [2023-11-20T19:24:15.325+0000] {dagbag.py:536} INFO - Filling up the DagBag from /home/airflow/.local/lib/python3.8/site-packages/airflow/example_dags/example_short_circuit_operator.py
[2023-11-20T19:24:15.360+0000] {processor.py:839} INFO - DAG(s) dict_keys(['example_short_circuit_operator']) retrieved from /home/airflow/.local/lib/python3.8/site-packages/airflow/example_dags/example_short_circuit_operator.py
[2023-11-20T19:24:15.431+0000] {logging_mixin.py:151} INFO - [2023-11-20T19:24:15.431+0000] {dag.py:2941} INFO - Sync 1 DAGs
[2023-11-20T19:24:15.492+0000] {logging_mixin.py:151} INFO - [2023-11-20T19:24:15.491+0000] {dag.py:3722} INFO - Setting next_dagrun for example_short_circuit_operator to 2023-11-19T19:24:15.491192+00:00, run_after=2023-11-20T19:24:15.491192+00:00
[2023-11-20T19:24:15.541+0000] {processor.py:179} INFO - Processing /home/airflow/.local/lib/python3.8/site-packages/airflow/example_dags/example_short_circuit_operator.py took 0.231 seconds
[2023-11-20T19:24:47.165+0000] {processor.py:157} INFO - Started process (PID=497) to work on /home/airflow/.local/lib/python3.8/site-packages/airflow/example_dags/example_short_circuit_operator.py
[2023-11-20T19:24:47.184+0000] {processor.py:829} INFO - Processing file /home/airflow/.local/lib/python3.8/site-packages/airflow/example_dags/example_short_circuit_operator.py for tasks to queue
[2023-11-20T19:24:47.193+0000] {logging_mixin.py:151} INFO - [2023-11-20T19:24:47.190+0000] {dagbag.py:536} INFO - Filling up the DagBag from /home/airflow/.local/lib/python3.8/site-packages/airflow/example_dags/example_short_circuit_operator.py
[2023-11-20T19:24:47.629+0000] {processor.py:839} INFO - DAG(s) dict_keys(['example_short_circuit_operator']) retrieved from /home/airflow/.local/lib/python3.8/site-packages/airflow/example_dags/example_short_circuit_operator.py
[2023-11-20T19:24:47.807+0000] {logging_mixin.py:151} INFO - [2023-11-20T19:24:47.805+0000] {dag.py:2941} INFO - Sync 1 DAGs
[2023-11-20T19:24:47.937+0000] {logging_mixin.py:151} INFO - [2023-11-20T19:24:47.937+0000] {dag.py:3722} INFO - Setting next_dagrun for example_short_circuit_operator to 2023-11-19T19:24:47.936672+00:00, run_after=2023-11-20T19:24:47.936672+00:00
[2023-11-20T19:24:47.992+0000] {processor.py:179} INFO - Processing /home/airflow/.local/lib/python3.8/site-packages/airflow/example_dags/example_short_circuit_operator.py took 0.866 seconds
[2023-11-20T19:25:24.126+0000] {processor.py:157} INFO - Started process (PID=531) to work on /home/airflow/.local/lib/python3.8/site-packages/airflow/example_dags/example_short_circuit_operator.py
[2023-11-20T19:25:24.134+0000] {processor.py:829} INFO - Processing file /home/airflow/.local/lib/python3.8/site-packages/airflow/example_dags/example_short_circuit_operator.py for tasks to queue
[2023-11-20T19:25:24.140+0000] {logging_mixin.py:151} INFO - [2023-11-20T19:25:24.139+0000] {dagbag.py:536} INFO - Filling up the DagBag from /home/airflow/.local/lib/python3.8/site-packages/airflow/example_dags/example_short_circuit_operator.py
[2023-11-20T19:25:24.213+0000] {processor.py:839} INFO - DAG(s) dict_keys(['example_short_circuit_operator']) retrieved from /home/airflow/.local/lib/python3.8/site-packages/airflow/example_dags/example_short_circuit_operator.py
[2023-11-20T19:25:25.135+0000] {logging_mixin.py:151} INFO - [2023-11-20T19:25:25.133+0000] {dag.py:2941} INFO - Sync 1 DAGs
[2023-11-20T19:25:25.227+0000] {logging_mixin.py:151} INFO - [2023-11-20T19:25:25.227+0000] {dag.py:3722} INFO - Setting next_dagrun for example_short_circuit_operator to 2023-11-19T19:25:25.225569+00:00, run_after=2023-11-20T19:25:25.225569+00:00
[2023-11-20T19:25:25.290+0000] {processor.py:179} INFO - Processing /home/airflow/.local/lib/python3.8/site-packages/airflow/example_dags/example_short_circuit_operator.py took 1.177 seconds
[2023-11-20T19:25:56.202+0000] {processor.py:157} INFO - Started process (PID=592) to work on /home/airflow/.local/lib/python3.8/site-packages/airflow/example_dags/example_short_circuit_operator.py
[2023-11-20T19:25:56.207+0000] {processor.py:829} INFO - Processing file /home/airflow/.local/lib/python3.8/site-packages/airflow/example_dags/example_short_circuit_operator.py for tasks to queue
[2023-11-20T19:25:56.208+0000] {logging_mixin.py:151} INFO - [2023-11-20T19:25:56.208+0000] {dagbag.py:536} INFO - Filling up the DagBag from /home/airflow/.local/lib/python3.8/site-packages/airflow/example_dags/example_short_circuit_operator.py
[2023-11-20T19:25:56.221+0000] {processor.py:839} INFO - DAG(s) dict_keys(['example_short_circuit_operator']) retrieved from /home/airflow/.local/lib/python3.8/site-packages/airflow/example_dags/example_short_circuit_operator.py
[2023-11-20T19:25:56.257+0000] {logging_mixin.py:151} INFO - [2023-11-20T19:25:56.257+0000] {dag.py:2941} INFO - Sync 1 DAGs
[2023-11-20T19:25:56.286+0000] {logging_mixin.py:151} INFO - [2023-11-20T19:25:56.285+0000] {dag.py:3722} INFO - Setting next_dagrun for example_short_circuit_operator to 2023-11-19T19:25:56.285656+00:00, run_after=2023-11-20T19:25:56.285656+00:00
[2023-11-20T19:25:56.310+0000] {processor.py:179} INFO - Processing /home/airflow/.local/lib/python3.8/site-packages/airflow/example_dags/example_short_circuit_operator.py took 0.116 seconds
[2023-11-20T19:26:28.397+0000] {processor.py:157} INFO - Started process (PID=646) to work on /home/airflow/.local/lib/python3.8/site-packages/airflow/example_dags/example_short_circuit_operator.py
[2023-11-20T19:26:28.400+0000] {processor.py:829} INFO - Processing file /home/airflow/.local/lib/python3.8/site-packages/airflow/example_dags/example_short_circuit_operator.py for tasks to queue
[2023-11-20T19:26:28.402+0000] {logging_mixin.py:151} INFO - [2023-11-20T19:26:28.401+0000] {dagbag.py:536} INFO - Filling up the DagBag from /home/airflow/.local/lib/python3.8/site-packages/airflow/example_dags/example_short_circuit_operator.py
[2023-11-20T19:26:28.426+0000] {processor.py:839} INFO - DAG(s) dict_keys(['example_short_circuit_operator']) retrieved from /home/airflow/.local/lib/python3.8/site-packages/airflow/example_dags/example_short_circuit_operator.py
[2023-11-20T19:26:28.475+0000] {logging_mixin.py:151} INFO - [2023-11-20T19:26:28.475+0000] {dag.py:2941} INFO - Sync 1 DAGs
[2023-11-20T19:26:28.521+0000] {logging_mixin.py:151} INFO - [2023-11-20T19:26:28.520+0000] {dag.py:3722} INFO - Setting next_dagrun for example_short_circuit_operator to 2023-11-19T19:26:28.520488+00:00, run_after=2023-11-20T19:26:28.520488+00:00
[2023-11-20T19:26:28.552+0000] {processor.py:179} INFO - Processing /home/airflow/.local/lib/python3.8/site-packages/airflow/example_dags/example_short_circuit_operator.py took 0.163 seconds
[2023-11-20T19:27:01.338+0000] {processor.py:157} INFO - Started process (PID=705) to work on /home/airflow/.local/lib/python3.8/site-packages/airflow/example_dags/example_short_circuit_operator.py
[2023-11-20T19:27:01.343+0000] {processor.py:829} INFO - Processing file /home/airflow/.local/lib/python3.8/site-packages/airflow/example_dags/example_short_circuit_operator.py for tasks to queue
[2023-11-20T19:27:01.346+0000] {logging_mixin.py:151} INFO - [2023-11-20T19:27:01.345+0000] {dagbag.py:536} INFO - Filling up the DagBag from /home/airflow/.local/lib/python3.8/site-packages/airflow/example_dags/example_short_circuit_operator.py
[2023-11-20T19:27:01.376+0000] {processor.py:839} INFO - DAG(s) dict_keys(['example_short_circuit_operator']) retrieved from /home/airflow/.local/lib/python3.8/site-packages/airflow/example_dags/example_short_circuit_operator.py
[2023-11-20T19:27:01.501+0000] {logging_mixin.py:151} INFO - [2023-11-20T19:27:01.499+0000] {dag.py:2941} INFO - Sync 1 DAGs
[2023-11-20T19:27:01.740+0000] {logging_mixin.py:151} INFO - [2023-11-20T19:27:01.738+0000] {dag.py:3722} INFO - Setting next_dagrun for example_short_circuit_operator to 2023-11-19T19:27:01.738001+00:00, run_after=2023-11-20T19:27:01.738001+00:00
[2023-11-20T19:27:01.896+0000] {processor.py:179} INFO - Processing /home/airflow/.local/lib/python3.8/site-packages/airflow/example_dags/example_short_circuit_operator.py took 0.563 seconds
[2023-11-20T19:27:35.869+0000] {processor.py:157} INFO - Started process (PID=766) to work on /home/airflow/.local/lib/python3.8/site-packages/airflow/example_dags/example_short_circuit_operator.py
[2023-11-20T19:27:35.873+0000] {processor.py:829} INFO - Processing file /home/airflow/.local/lib/python3.8/site-packages/airflow/example_dags/example_short_circuit_operator.py for tasks to queue
[2023-11-20T19:27:35.875+0000] {logging_mixin.py:151} INFO - [2023-11-20T19:27:35.874+0000] {dagbag.py:536} INFO - Filling up the DagBag from /home/airflow/.local/lib/python3.8/site-packages/airflow/example_dags/example_short_circuit_operator.py
[2023-11-20T19:27:35.904+0000] {processor.py:839} INFO - DAG(s) dict_keys(['example_short_circuit_operator']) retrieved from /home/airflow/.local/lib/python3.8/site-packages/airflow/example_dags/example_short_circuit_operator.py
[2023-11-20T19:27:35.971+0000] {logging_mixin.py:151} INFO - [2023-11-20T19:27:35.971+0000] {dag.py:2941} INFO - Sync 1 DAGs
[2023-11-20T19:27:36.031+0000] {logging_mixin.py:151} INFO - [2023-11-20T19:27:36.031+0000] {dag.py:3722} INFO - Setting next_dagrun for example_short_circuit_operator to 2023-11-19T19:27:36.030732+00:00, run_after=2023-11-20T19:27:36.030732+00:00
[2023-11-20T19:27:36.091+0000] {processor.py:179} INFO - Processing /home/airflow/.local/lib/python3.8/site-packages/airflow/example_dags/example_short_circuit_operator.py took 0.230 seconds
[2023-11-20T19:28:08.905+0000] {processor.py:157} INFO - Started process (PID=827) to work on /home/airflow/.local/lib/python3.8/site-packages/airflow/example_dags/example_short_circuit_operator.py
[2023-11-20T19:28:08.908+0000] {processor.py:829} INFO - Processing file /home/airflow/.local/lib/python3.8/site-packages/airflow/example_dags/example_short_circuit_operator.py for tasks to queue
[2023-11-20T19:28:08.910+0000] {logging_mixin.py:151} INFO - [2023-11-20T19:28:08.909+0000] {dagbag.py:536} INFO - Filling up the DagBag from /home/airflow/.local/lib/python3.8/site-packages/airflow/example_dags/example_short_circuit_operator.py
[2023-11-20T19:28:08.956+0000] {processor.py:839} INFO - DAG(s) dict_keys(['example_short_circuit_operator']) retrieved from /home/airflow/.local/lib/python3.8/site-packages/airflow/example_dags/example_short_circuit_operator.py
[2023-11-20T19:28:09.038+0000] {logging_mixin.py:151} INFO - [2023-11-20T19:28:09.037+0000] {dag.py:2941} INFO - Sync 1 DAGs
[2023-11-20T19:28:09.109+0000] {logging_mixin.py:151} INFO - [2023-11-20T19:28:09.108+0000] {dag.py:3722} INFO - Setting next_dagrun for example_short_circuit_operator to 2023-11-19T19:28:09.107744+00:00, run_after=2023-11-20T19:28:09.107744+00:00
[2023-11-20T19:28:09.171+0000] {processor.py:179} INFO - Processing /home/airflow/.local/lib/python3.8/site-packages/airflow/example_dags/example_short_circuit_operator.py took 0.276 seconds
[2023-11-20T19:28:41.275+0000] {processor.py:157} INFO - Started process (PID=887) to work on /home/airflow/.local/lib/python3.8/site-packages/airflow/example_dags/example_short_circuit_operator.py
[2023-11-20T19:28:41.277+0000] {processor.py:829} INFO - Processing file /home/airflow/.local/lib/python3.8/site-packages/airflow/example_dags/example_short_circuit_operator.py for tasks to queue
[2023-11-20T19:28:41.278+0000] {logging_mixin.py:151} INFO - [2023-11-20T19:28:41.278+0000] {dagbag.py:536} INFO - Filling up the DagBag from /home/airflow/.local/lib/python3.8/site-packages/airflow/example_dags/example_short_circuit_operator.py
[2023-11-20T19:28:41.296+0000] {processor.py:839} INFO - DAG(s) dict_keys(['example_short_circuit_operator']) retrieved from /home/airflow/.local/lib/python3.8/site-packages/airflow/example_dags/example_short_circuit_operator.py
[2023-11-20T19:28:41.368+0000] {logging_mixin.py:151} INFO - [2023-11-20T19:28:41.367+0000] {dag.py:2941} INFO - Sync 1 DAGs
[2023-11-20T19:28:41.419+0000] {logging_mixin.py:151} INFO - [2023-11-20T19:28:41.419+0000] {dag.py:3722} INFO - Setting next_dagrun for example_short_circuit_operator to 2023-11-19T19:28:41.419084+00:00, run_after=2023-11-20T19:28:41.419084+00:00
[2023-11-20T19:28:41.460+0000] {processor.py:179} INFO - Processing /home/airflow/.local/lib/python3.8/site-packages/airflow/example_dags/example_short_circuit_operator.py took 0.191 seconds
[2023-11-20T19:29:20.824+0000] {processor.py:157} INFO - Started process (PID=956) to work on /home/airflow/.local/lib/python3.8/site-packages/airflow/example_dags/example_short_circuit_operator.py
[2023-11-20T19:29:20.830+0000] {processor.py:829} INFO - Processing file /home/airflow/.local/lib/python3.8/site-packages/airflow/example_dags/example_short_circuit_operator.py for tasks to queue
[2023-11-20T19:29:20.857+0000] {logging_mixin.py:151} INFO - [2023-11-20T19:29:20.856+0000] {dagbag.py:536} INFO - Filling up the DagBag from /home/airflow/.local/lib/python3.8/site-packages/airflow/example_dags/example_short_circuit_operator.py
[2023-11-20T19:29:20.917+0000] {processor.py:839} INFO - DAG(s) dict_keys(['example_short_circuit_operator']) retrieved from /home/airflow/.local/lib/python3.8/site-packages/airflow/example_dags/example_short_circuit_operator.py
[2023-11-20T19:29:21.004+0000] {logging_mixin.py:151} INFO - [2023-11-20T19:29:21.004+0000] {dag.py:2941} INFO - Sync 1 DAGs
[2023-11-20T19:29:21.142+0000] {logging_mixin.py:151} INFO - [2023-11-20T19:29:21.141+0000] {dag.py:3722} INFO - Setting next_dagrun for example_short_circuit_operator to 2023-11-19T19:29:21.140390+00:00, run_after=2023-11-20T19:29:21.140390+00:00
[2023-11-20T19:29:21.205+0000] {processor.py:179} INFO - Processing /home/airflow/.local/lib/python3.8/site-packages/airflow/example_dags/example_short_circuit_operator.py took 0.397 seconds
[2023-11-20T19:29:52.049+0000] {processor.py:157} INFO - Started process (PID=1017) to work on /home/airflow/.local/lib/python3.8/site-packages/airflow/example_dags/example_short_circuit_operator.py
[2023-11-20T19:29:52.056+0000] {processor.py:829} INFO - Processing file /home/airflow/.local/lib/python3.8/site-packages/airflow/example_dags/example_short_circuit_operator.py for tasks to queue
[2023-11-20T19:29:52.070+0000] {logging_mixin.py:151} INFO - [2023-11-20T19:29:52.070+0000] {dagbag.py:536} INFO - Filling up the DagBag from /home/airflow/.local/lib/python3.8/site-packages/airflow/example_dags/example_short_circuit_operator.py
[2023-11-20T19:29:52.140+0000] {processor.py:839} INFO - DAG(s) dict_keys(['example_short_circuit_operator']) retrieved from /home/airflow/.local/lib/python3.8/site-packages/airflow/example_dags/example_short_circuit_operator.py
[2023-11-20T19:29:52.287+0000] {logging_mixin.py:151} INFO - [2023-11-20T19:29:52.284+0000] {dag.py:2941} INFO - Sync 1 DAGs
[2023-11-20T19:29:52.528+0000] {logging_mixin.py:151} INFO - [2023-11-20T19:29:52.527+0000] {dag.py:3722} INFO - Setting next_dagrun for example_short_circuit_operator to 2023-11-19T19:29:52.526528+00:00, run_after=2023-11-20T19:29:52.526528+00:00
[2023-11-20T19:29:52.631+0000] {processor.py:179} INFO - Processing /home/airflow/.local/lib/python3.8/site-packages/airflow/example_dags/example_short_circuit_operator.py took 0.593 seconds
[2023-11-20T19:30:25.325+0000] {processor.py:157} INFO - Started process (PID=1077) to work on /home/airflow/.local/lib/python3.8/site-packages/airflow/example_dags/example_short_circuit_operator.py
[2023-11-20T19:30:25.332+0000] {processor.py:829} INFO - Processing file /home/airflow/.local/lib/python3.8/site-packages/airflow/example_dags/example_short_circuit_operator.py for tasks to queue
[2023-11-20T19:30:25.339+0000] {logging_mixin.py:151} INFO - [2023-11-20T19:30:25.337+0000] {dagbag.py:536} INFO - Filling up the DagBag from /home/airflow/.local/lib/python3.8/site-packages/airflow/example_dags/example_short_circuit_operator.py
[2023-11-20T19:30:25.383+0000] {processor.py:839} INFO - DAG(s) dict_keys(['example_short_circuit_operator']) retrieved from /home/airflow/.local/lib/python3.8/site-packages/airflow/example_dags/example_short_circuit_operator.py
[2023-11-20T19:30:25.497+0000] {logging_mixin.py:151} INFO - [2023-11-20T19:30:25.496+0000] {dag.py:2941} INFO - Sync 1 DAGs
[2023-11-20T19:30:25.585+0000] {logging_mixin.py:151} INFO - [2023-11-20T19:30:25.584+0000] {dag.py:3722} INFO - Setting next_dagrun for example_short_circuit_operator to 2023-11-19T19:30:25.584223+00:00, run_after=2023-11-20T19:30:25.584223+00:00
[2023-11-20T19:30:25.664+0000] {processor.py:179} INFO - Processing /home/airflow/.local/lib/python3.8/site-packages/airflow/example_dags/example_short_circuit_operator.py took 0.356 seconds
[2023-11-20T19:31:06.047+0000] {processor.py:157} INFO - Started process (PID=1137) to work on /home/airflow/.local/lib/python3.8/site-packages/airflow/example_dags/example_short_circuit_operator.py
[2023-11-20T19:31:06.053+0000] {processor.py:829} INFO - Processing file /home/airflow/.local/lib/python3.8/site-packages/airflow/example_dags/example_short_circuit_operator.py for tasks to queue
[2023-11-20T19:31:06.071+0000] {logging_mixin.py:151} INFO - [2023-11-20T19:31:06.061+0000] {dagbag.py:536} INFO - Filling up the DagBag from /home/airflow/.local/lib/python3.8/site-packages/airflow/example_dags/example_short_circuit_operator.py
[2023-11-20T19:31:06.112+0000] {processor.py:839} INFO - DAG(s) dict_keys(['example_short_circuit_operator']) retrieved from /home/airflow/.local/lib/python3.8/site-packages/airflow/example_dags/example_short_circuit_operator.py
[2023-11-20T19:31:06.315+0000] {logging_mixin.py:151} INFO - [2023-11-20T19:31:06.307+0000] {dag.py:2941} INFO - Sync 1 DAGs
[2023-11-20T19:31:06.630+0000] {logging_mixin.py:151} INFO - [2023-11-20T19:31:06.624+0000] {dag.py:3722} INFO - Setting next_dagrun for example_short_circuit_operator to 2023-11-19T19:31:06.621766+00:00, run_after=2023-11-20T19:31:06.621766+00:00
[2023-11-20T19:31:06.851+0000] {processor.py:179} INFO - Processing /home/airflow/.local/lib/python3.8/site-packages/airflow/example_dags/example_short_circuit_operator.py took 0.819 seconds
[2023-11-20T19:31:39.936+0000] {processor.py:157} INFO - Started process (PID=1197) to work on /home/airflow/.local/lib/python3.8/site-packages/airflow/example_dags/example_short_circuit_operator.py
[2023-11-20T19:31:39.938+0000] {processor.py:829} INFO - Processing file /home/airflow/.local/lib/python3.8/site-packages/airflow/example_dags/example_short_circuit_operator.py for tasks to queue
[2023-11-20T19:31:39.942+0000] {logging_mixin.py:151} INFO - [2023-11-20T19:31:39.941+0000] {dagbag.py:536} INFO - Filling up the DagBag from /home/airflow/.local/lib/python3.8/site-packages/airflow/example_dags/example_short_circuit_operator.py
[2023-11-20T19:31:40.009+0000] {processor.py:839} INFO - DAG(s) dict_keys(['example_short_circuit_operator']) retrieved from /home/airflow/.local/lib/python3.8/site-packages/airflow/example_dags/example_short_circuit_operator.py
[2023-11-20T19:31:40.084+0000] {logging_mixin.py:151} INFO - [2023-11-20T19:31:40.084+0000] {dag.py:2941} INFO - Sync 1 DAGs
[2023-11-20T19:31:40.171+0000] {logging_mixin.py:151} INFO - [2023-11-20T19:31:40.170+0000] {dag.py:3722} INFO - Setting next_dagrun for example_short_circuit_operator to 2023-11-19T19:31:40.168574+00:00, run_after=2023-11-20T19:31:40.168574+00:00
[2023-11-20T19:31:40.229+0000] {processor.py:179} INFO - Processing /home/airflow/.local/lib/python3.8/site-packages/airflow/example_dags/example_short_circuit_operator.py took 0.303 seconds
[2023-11-20T19:33:16.744+0000] {processor.py:157} INFO - Started process (PID=1276) to work on /home/airflow/.local/lib/python3.8/site-packages/airflow/example_dags/example_short_circuit_operator.py
[2023-11-20T19:33:16.752+0000] {processor.py:829} INFO - Processing file /home/airflow/.local/lib/python3.8/site-packages/airflow/example_dags/example_short_circuit_operator.py for tasks to queue
[2023-11-20T19:33:16.756+0000] {logging_mixin.py:151} INFO - [2023-11-20T19:33:16.755+0000] {dagbag.py:536} INFO - Filling up the DagBag from /home/airflow/.local/lib/python3.8/site-packages/airflow/example_dags/example_short_circuit_operator.py
[2023-11-20T19:33:16.776+0000] {processor.py:839} INFO - DAG(s) dict_keys(['example_short_circuit_operator']) retrieved from /home/airflow/.local/lib/python3.8/site-packages/airflow/example_dags/example_short_circuit_operator.py
[2023-11-20T19:33:16.895+0000] {logging_mixin.py:151} INFO - [2023-11-20T19:33:16.895+0000] {dag.py:2941} INFO - Sync 1 DAGs
[2023-11-20T19:33:16.948+0000] {logging_mixin.py:151} INFO - [2023-11-20T19:33:16.948+0000] {dag.py:3722} INFO - Setting next_dagrun for example_short_circuit_operator to 2023-11-19T19:33:16.947773+00:00, run_after=2023-11-20T19:33:16.947773+00:00
[2023-11-20T19:33:17.037+0000] {processor.py:179} INFO - Processing /home/airflow/.local/lib/python3.8/site-packages/airflow/example_dags/example_short_circuit_operator.py took 0.299 seconds
[2023-11-20T19:33:47.147+0000] {processor.py:157} INFO - Started process (PID=1333) to work on /home/airflow/.local/lib/python3.8/site-packages/airflow/example_dags/example_short_circuit_operator.py
[2023-11-20T19:33:47.150+0000] {processor.py:829} INFO - Processing file /home/airflow/.local/lib/python3.8/site-packages/airflow/example_dags/example_short_circuit_operator.py for tasks to queue
[2023-11-20T19:33:47.154+0000] {logging_mixin.py:151} INFO - [2023-11-20T19:33:47.153+0000] {dagbag.py:536} INFO - Filling up the DagBag from /home/airflow/.local/lib/python3.8/site-packages/airflow/example_dags/example_short_circuit_operator.py
[2023-11-20T19:33:47.175+0000] {processor.py:839} INFO - DAG(s) dict_keys(['example_short_circuit_operator']) retrieved from /home/airflow/.local/lib/python3.8/site-packages/airflow/example_dags/example_short_circuit_operator.py
[2023-11-20T19:33:47.270+0000] {logging_mixin.py:151} INFO - [2023-11-20T19:33:47.269+0000] {dag.py:2941} INFO - Sync 1 DAGs
[2023-11-20T19:33:47.396+0000] {logging_mixin.py:151} INFO - [2023-11-20T19:33:47.394+0000] {dag.py:3722} INFO - Setting next_dagrun for example_short_circuit_operator to 2023-11-19T19:33:47.393165+00:00, run_after=2023-11-20T19:33:47.393165+00:00
[2023-11-20T19:33:47.463+0000] {processor.py:179} INFO - Processing /home/airflow/.local/lib/python3.8/site-packages/airflow/example_dags/example_short_circuit_operator.py took 0.326 seconds
[2023-11-20T19:34:22.705+0000] {processor.py:157} INFO - Started process (PID=1393) to work on /home/airflow/.local/lib/python3.8/site-packages/airflow/example_dags/example_short_circuit_operator.py
[2023-11-20T19:34:22.709+0000] {processor.py:829} INFO - Processing file /home/airflow/.local/lib/python3.8/site-packages/airflow/example_dags/example_short_circuit_operator.py for tasks to queue
[2023-11-20T19:34:22.711+0000] {logging_mixin.py:151} INFO - [2023-11-20T19:34:22.710+0000] {dagbag.py:536} INFO - Filling up the DagBag from /home/airflow/.local/lib/python3.8/site-packages/airflow/example_dags/example_short_circuit_operator.py
[2023-11-20T19:34:22.757+0000] {processor.py:839} INFO - DAG(s) dict_keys(['example_short_circuit_operator']) retrieved from /home/airflow/.local/lib/python3.8/site-packages/airflow/example_dags/example_short_circuit_operator.py
[2023-11-20T19:34:22.883+0000] {logging_mixin.py:151} INFO - [2023-11-20T19:34:22.882+0000] {dag.py:2941} INFO - Sync 1 DAGs
[2023-11-20T19:34:22.978+0000] {logging_mixin.py:151} INFO - [2023-11-20T19:34:22.977+0000] {dag.py:3722} INFO - Setting next_dagrun for example_short_circuit_operator to 2023-11-19T19:34:22.976574+00:00, run_after=2023-11-20T19:34:22.976574+00:00
[2023-11-20T19:34:23.083+0000] {processor.py:179} INFO - Processing /home/airflow/.local/lib/python3.8/site-packages/airflow/example_dags/example_short_circuit_operator.py took 0.404 seconds
[2023-11-20T19:34:57.100+0000] {processor.py:157} INFO - Started process (PID=1453) to work on /home/airflow/.local/lib/python3.8/site-packages/airflow/example_dags/example_short_circuit_operator.py
[2023-11-20T19:34:57.105+0000] {processor.py:829} INFO - Processing file /home/airflow/.local/lib/python3.8/site-packages/airflow/example_dags/example_short_circuit_operator.py for tasks to queue
[2023-11-20T19:34:57.109+0000] {logging_mixin.py:151} INFO - [2023-11-20T19:34:57.108+0000] {dagbag.py:536} INFO - Filling up the DagBag from /home/airflow/.local/lib/python3.8/site-packages/airflow/example_dags/example_short_circuit_operator.py
[2023-11-20T19:34:57.171+0000] {processor.py:839} INFO - DAG(s) dict_keys(['example_short_circuit_operator']) retrieved from /home/airflow/.local/lib/python3.8/site-packages/airflow/example_dags/example_short_circuit_operator.py
[2023-11-20T19:34:57.293+0000] {logging_mixin.py:151} INFO - [2023-11-20T19:34:57.289+0000] {dag.py:2941} INFO - Sync 1 DAGs
[2023-11-20T19:34:57.385+0000] {logging_mixin.py:151} INFO - [2023-11-20T19:34:57.384+0000] {dag.py:3722} INFO - Setting next_dagrun for example_short_circuit_operator to 2023-11-19T19:34:57.383610+00:00, run_after=2023-11-20T19:34:57.383610+00:00
[2023-11-20T19:34:57.486+0000] {processor.py:179} INFO - Processing /home/airflow/.local/lib/python3.8/site-packages/airflow/example_dags/example_short_circuit_operator.py took 0.400 seconds
[2023-11-20T19:35:36.645+0000] {processor.py:157} INFO - Started process (PID=1499) to work on /home/airflow/.local/lib/python3.8/site-packages/airflow/example_dags/example_short_circuit_operator.py
[2023-11-20T19:35:36.650+0000] {processor.py:829} INFO - Processing file /home/airflow/.local/lib/python3.8/site-packages/airflow/example_dags/example_short_circuit_operator.py for tasks to queue
[2023-11-20T19:35:36.654+0000] {logging_mixin.py:151} INFO - [2023-11-20T19:35:36.653+0000] {dagbag.py:536} INFO - Filling up the DagBag from /home/airflow/.local/lib/python3.8/site-packages/airflow/example_dags/example_short_circuit_operator.py
[2023-11-20T19:35:36.688+0000] {processor.py:839} INFO - DAG(s) dict_keys(['example_short_circuit_operator']) retrieved from /home/airflow/.local/lib/python3.8/site-packages/airflow/example_dags/example_short_circuit_operator.py
[2023-11-20T19:35:36.767+0000] {logging_mixin.py:151} INFO - [2023-11-20T19:35:36.765+0000] {dag.py:2941} INFO - Sync 1 DAGs
[2023-11-20T19:35:36.822+0000] {logging_mixin.py:151} INFO - [2023-11-20T19:35:36.822+0000] {dag.py:3722} INFO - Setting next_dagrun for example_short_circuit_operator to 2023-11-19T19:35:36.821857+00:00, run_after=2023-11-20T19:35:36.821857+00:00
[2023-11-20T19:35:36.863+0000] {processor.py:179} INFO - Processing /home/airflow/.local/lib/python3.8/site-packages/airflow/example_dags/example_short_circuit_operator.py took 0.225 seconds
[2023-11-20T19:36:10.560+0000] {processor.py:157} INFO - Started process (PID=1559) to work on /home/airflow/.local/lib/python3.8/site-packages/airflow/example_dags/example_short_circuit_operator.py
[2023-11-20T19:36:10.563+0000] {processor.py:829} INFO - Processing file /home/airflow/.local/lib/python3.8/site-packages/airflow/example_dags/example_short_circuit_operator.py for tasks to queue
[2023-11-20T19:36:10.567+0000] {logging_mixin.py:151} INFO - [2023-11-20T19:36:10.567+0000] {dagbag.py:536} INFO - Filling up the DagBag from /home/airflow/.local/lib/python3.8/site-packages/airflow/example_dags/example_short_circuit_operator.py
[2023-11-20T19:36:10.587+0000] {processor.py:839} INFO - DAG(s) dict_keys(['example_short_circuit_operator']) retrieved from /home/airflow/.local/lib/python3.8/site-packages/airflow/example_dags/example_short_circuit_operator.py
[2023-11-20T19:36:10.660+0000] {logging_mixin.py:151} INFO - [2023-11-20T19:36:10.660+0000] {dag.py:2941} INFO - Sync 1 DAGs
[2023-11-20T19:36:10.711+0000] {logging_mixin.py:151} INFO - [2023-11-20T19:36:10.711+0000] {dag.py:3722} INFO - Setting next_dagrun for example_short_circuit_operator to 2023-11-19T19:36:10.711087+00:00, run_after=2023-11-20T19:36:10.711087+00:00
[2023-11-20T19:36:10.749+0000] {processor.py:179} INFO - Processing /home/airflow/.local/lib/python3.8/site-packages/airflow/example_dags/example_short_circuit_operator.py took 0.199 seconds
[2023-11-20T19:36:41.826+0000] {processor.py:157} INFO - Started process (PID=1625) to work on /home/airflow/.local/lib/python3.8/site-packages/airflow/example_dags/example_short_circuit_operator.py
[2023-11-20T19:36:41.828+0000] {processor.py:829} INFO - Processing file /home/airflow/.local/lib/python3.8/site-packages/airflow/example_dags/example_short_circuit_operator.py for tasks to queue
[2023-11-20T19:36:41.832+0000] {logging_mixin.py:151} INFO - [2023-11-20T19:36:41.831+0000] {dagbag.py:536} INFO - Filling up the DagBag from /home/airflow/.local/lib/python3.8/site-packages/airflow/example_dags/example_short_circuit_operator.py
[2023-11-20T19:36:41.875+0000] {processor.py:839} INFO - DAG(s) dict_keys(['example_short_circuit_operator']) retrieved from /home/airflow/.local/lib/python3.8/site-packages/airflow/example_dags/example_short_circuit_operator.py
[2023-11-20T19:36:41.977+0000] {logging_mixin.py:151} INFO - [2023-11-20T19:36:41.977+0000] {dag.py:2941} INFO - Sync 1 DAGs
[2023-11-20T19:36:42.070+0000] {logging_mixin.py:151} INFO - [2023-11-20T19:36:42.069+0000] {dag.py:3722} INFO - Setting next_dagrun for example_short_circuit_operator to 2023-11-19T19:36:42.068965+00:00, run_after=2023-11-20T19:36:42.068965+00:00
[2023-11-20T19:36:42.118+0000] {processor.py:179} INFO - Processing /home/airflow/.local/lib/python3.8/site-packages/airflow/example_dags/example_short_circuit_operator.py took 0.297 seconds
[2023-11-20T19:37:26.313+0000] {processor.py:157} INFO - Started process (PID=1684) to work on /home/airflow/.local/lib/python3.8/site-packages/airflow/example_dags/example_short_circuit_operator.py
[2023-11-20T19:37:26.317+0000] {processor.py:829} INFO - Processing file /home/airflow/.local/lib/python3.8/site-packages/airflow/example_dags/example_short_circuit_operator.py for tasks to queue
[2023-11-20T19:37:26.319+0000] {logging_mixin.py:151} INFO - [2023-11-20T19:37:26.318+0000] {dagbag.py:536} INFO - Filling up the DagBag from /home/airflow/.local/lib/python3.8/site-packages/airflow/example_dags/example_short_circuit_operator.py
[2023-11-20T19:37:26.338+0000] {processor.py:839} INFO - DAG(s) dict_keys(['example_short_circuit_operator']) retrieved from /home/airflow/.local/lib/python3.8/site-packages/airflow/example_dags/example_short_circuit_operator.py
[2023-11-20T19:37:26.465+0000] {logging_mixin.py:151} INFO - [2023-11-20T19:37:26.465+0000] {dag.py:2941} INFO - Sync 1 DAGs
[2023-11-20T19:37:26.630+0000] {logging_mixin.py:151} INFO - [2023-11-20T19:37:26.629+0000] {dag.py:3722} INFO - Setting next_dagrun for example_short_circuit_operator to 2023-11-19T19:37:26.628913+00:00, run_after=2023-11-20T19:37:26.628913+00:00
[2023-11-20T19:37:26.851+0000] {processor.py:179} INFO - Processing /home/airflow/.local/lib/python3.8/site-packages/airflow/example_dags/example_short_circuit_operator.py took 0.543 seconds
[2023-11-20T19:38:08.843+0000] {processor.py:157} INFO - Started process (PID=1744) to work on /home/airflow/.local/lib/python3.8/site-packages/airflow/example_dags/example_short_circuit_operator.py
[2023-11-20T19:38:08.847+0000] {processor.py:829} INFO - Processing file /home/airflow/.local/lib/python3.8/site-packages/airflow/example_dags/example_short_circuit_operator.py for tasks to queue
[2023-11-20T19:38:08.851+0000] {logging_mixin.py:151} INFO - [2023-11-20T19:38:08.850+0000] {dagbag.py:536} INFO - Filling up the DagBag from /home/airflow/.local/lib/python3.8/site-packages/airflow/example_dags/example_short_circuit_operator.py
[2023-11-20T19:38:08.899+0000] {processor.py:839} INFO - DAG(s) dict_keys(['example_short_circuit_operator']) retrieved from /home/airflow/.local/lib/python3.8/site-packages/airflow/example_dags/example_short_circuit_operator.py
[2023-11-20T19:38:09.094+0000] {logging_mixin.py:151} INFO - [2023-11-20T19:38:09.093+0000] {dag.py:2941} INFO - Sync 1 DAGs
[2023-11-20T19:38:09.172+0000] {logging_mixin.py:151} INFO - [2023-11-20T19:38:09.171+0000] {dag.py:3722} INFO - Setting next_dagrun for example_short_circuit_operator to 2023-11-19T19:38:09.164198+00:00, run_after=2023-11-20T19:38:09.164198+00:00
[2023-11-20T19:38:09.691+0000] {processor.py:179} INFO - Processing /home/airflow/.local/lib/python3.8/site-packages/airflow/example_dags/example_short_circuit_operator.py took 0.867 seconds
[2023-11-20T19:38:40.295+0000] {processor.py:157} INFO - Started process (PID=1803) to work on /home/airflow/.local/lib/python3.8/site-packages/airflow/example_dags/example_short_circuit_operator.py
[2023-11-20T19:38:40.297+0000] {processor.py:829} INFO - Processing file /home/airflow/.local/lib/python3.8/site-packages/airflow/example_dags/example_short_circuit_operator.py for tasks to queue
[2023-11-20T19:38:40.298+0000] {logging_mixin.py:151} INFO - [2023-11-20T19:38:40.298+0000] {dagbag.py:536} INFO - Filling up the DagBag from /home/airflow/.local/lib/python3.8/site-packages/airflow/example_dags/example_short_circuit_operator.py
[2023-11-20T19:38:40.317+0000] {processor.py:839} INFO - DAG(s) dict_keys(['example_short_circuit_operator']) retrieved from /home/airflow/.local/lib/python3.8/site-packages/airflow/example_dags/example_short_circuit_operator.py
[2023-11-20T19:38:40.410+0000] {logging_mixin.py:151} INFO - [2023-11-20T19:38:40.409+0000] {dag.py:2941} INFO - Sync 1 DAGs
[2023-11-20T19:38:40.499+0000] {logging_mixin.py:151} INFO - [2023-11-20T19:38:40.498+0000] {dag.py:3722} INFO - Setting next_dagrun for example_short_circuit_operator to 2023-11-19T19:38:40.497053+00:00, run_after=2023-11-20T19:38:40.497053+00:00
[2023-11-20T19:38:40.556+0000] {processor.py:179} INFO - Processing /home/airflow/.local/lib/python3.8/site-packages/airflow/example_dags/example_short_circuit_operator.py took 0.271 seconds
[2023-11-20T19:39:20.109+0000] {processor.py:157} INFO - Started process (PID=1871) to work on /home/airflow/.local/lib/python3.8/site-packages/airflow/example_dags/example_short_circuit_operator.py
[2023-11-20T19:39:20.113+0000] {processor.py:829} INFO - Processing file /home/airflow/.local/lib/python3.8/site-packages/airflow/example_dags/example_short_circuit_operator.py for tasks to queue
[2023-11-20T19:39:20.117+0000] {logging_mixin.py:151} INFO - [2023-11-20T19:39:20.116+0000] {dagbag.py:536} INFO - Filling up the DagBag from /home/airflow/.local/lib/python3.8/site-packages/airflow/example_dags/example_short_circuit_operator.py
[2023-11-20T19:39:20.170+0000] {processor.py:839} INFO - DAG(s) dict_keys(['example_short_circuit_operator']) retrieved from /home/airflow/.local/lib/python3.8/site-packages/airflow/example_dags/example_short_circuit_operator.py
[2023-11-20T19:39:20.297+0000] {logging_mixin.py:151} INFO - [2023-11-20T19:39:20.297+0000] {dag.py:2941} INFO - Sync 1 DAGs
[2023-11-20T19:39:20.364+0000] {logging_mixin.py:151} INFO - [2023-11-20T19:39:20.364+0000] {dag.py:3722} INFO - Setting next_dagrun for example_short_circuit_operator to 2023-11-19T19:39:20.362799+00:00, run_after=2023-11-20T19:39:20.362799+00:00
[2023-11-20T19:39:20.414+0000] {processor.py:179} INFO - Processing /home/airflow/.local/lib/python3.8/site-packages/airflow/example_dags/example_short_circuit_operator.py took 0.313 seconds
[2023-11-20T19:39:55.599+0000] {processor.py:157} INFO - Started process (PID=1931) to work on /home/airflow/.local/lib/python3.8/site-packages/airflow/example_dags/example_short_circuit_operator.py
[2023-11-20T19:39:55.692+0000] {processor.py:829} INFO - Processing file /home/airflow/.local/lib/python3.8/site-packages/airflow/example_dags/example_short_circuit_operator.py for tasks to queue
[2023-11-20T19:39:55.744+0000] {logging_mixin.py:151} INFO - [2023-11-20T19:39:55.741+0000] {dagbag.py:536} INFO - Filling up the DagBag from /home/airflow/.local/lib/python3.8/site-packages/airflow/example_dags/example_short_circuit_operator.py
[2023-11-20T19:39:56.261+0000] {processor.py:839} INFO - DAG(s) dict_keys(['example_short_circuit_operator']) retrieved from /home/airflow/.local/lib/python3.8/site-packages/airflow/example_dags/example_short_circuit_operator.py
[2023-11-20T19:39:57.362+0000] {logging_mixin.py:151} INFO - [2023-11-20T19:39:57.360+0000] {dag.py:2941} INFO - Sync 1 DAGs
[2023-11-20T19:39:58.306+0000] {logging_mixin.py:151} INFO - [2023-11-20T19:39:58.304+0000] {dag.py:3722} INFO - Setting next_dagrun for example_short_circuit_operator to 2023-11-19T19:39:58.301746+00:00, run_after=2023-11-20T19:39:58.301746+00:00
[2023-11-20T19:39:58.589+0000] {processor.py:179} INFO - Processing /home/airflow/.local/lib/python3.8/site-packages/airflow/example_dags/example_short_circuit_operator.py took 3.120 seconds
[2023-11-20T19:40:29.867+0000] {processor.py:157} INFO - Started process (PID=1990) to work on /home/airflow/.local/lib/python3.8/site-packages/airflow/example_dags/example_short_circuit_operator.py
[2023-11-20T19:40:29.874+0000] {processor.py:829} INFO - Processing file /home/airflow/.local/lib/python3.8/site-packages/airflow/example_dags/example_short_circuit_operator.py for tasks to queue
[2023-11-20T19:40:29.882+0000] {logging_mixin.py:151} INFO - [2023-11-20T19:40:29.877+0000] {dagbag.py:536} INFO - Filling up the DagBag from /home/airflow/.local/lib/python3.8/site-packages/airflow/example_dags/example_short_circuit_operator.py
[2023-11-20T19:40:29.943+0000] {processor.py:839} INFO - DAG(s) dict_keys(['example_short_circuit_operator']) retrieved from /home/airflow/.local/lib/python3.8/site-packages/airflow/example_dags/example_short_circuit_operator.py
[2023-11-20T19:40:30.064+0000] {logging_mixin.py:151} INFO - [2023-11-20T19:40:30.063+0000] {dag.py:2941} INFO - Sync 1 DAGs
[2023-11-20T19:40:30.154+0000] {logging_mixin.py:151} INFO - [2023-11-20T19:40:30.153+0000] {dag.py:3722} INFO - Setting next_dagrun for example_short_circuit_operator to 2023-11-19T19:40:30.152417+00:00, run_after=2023-11-20T19:40:30.152417+00:00
[2023-11-20T19:40:30.202+0000] {processor.py:179} INFO - Processing /home/airflow/.local/lib/python3.8/site-packages/airflow/example_dags/example_short_circuit_operator.py took 0.351 seconds
