[2023-11-20T19:20:24.509+0000] {processor.py:157} INFO - Started process (PID=157) to work on /home/airflow/.local/lib/python3.8/site-packages/airflow/example_dags/example_task_group_decorator.py
[2023-11-20T19:20:24.516+0000] {processor.py:829} INFO - Processing file /home/airflow/.local/lib/python3.8/site-packages/airflow/example_dags/example_task_group_decorator.py for tasks to queue
[2023-11-20T19:20:24.524+0000] {logging_mixin.py:151} INFO - [2023-11-20T19:20:24.523+0000] {dagbag.py:536} INFO - Filling up the DagBag from /home/airflow/.local/lib/python3.8/site-packages/airflow/example_dags/example_task_group_decorator.py
[2023-11-20T19:20:24.632+0000] {processor.py:839} INFO - DAG(s) dict_keys(['example_task_group_decorator']) retrieved from /home/airflow/.local/lib/python3.8/site-packages/airflow/example_dags/example_task_group_decorator.py
[2023-11-20T19:20:24.820+0000] {logging_mixin.py:151} INFO - [2023-11-20T19:20:24.819+0000] {dag.py:2941} INFO - Sync 1 DAGs
[2023-11-20T19:20:25.055+0000] {logging_mixin.py:151} INFO - [2023-11-20T19:20:25.054+0000] {dag.py:3722} INFO - Setting next_dagrun for example_task_group_decorator to 2023-11-19T19:20:25.052863+00:00, run_after=2023-11-20T19:20:25.052863+00:00
[2023-11-20T19:20:25.162+0000] {processor.py:179} INFO - Processing /home/airflow/.local/lib/python3.8/site-packages/airflow/example_dags/example_task_group_decorator.py took 0.704 seconds
[2023-11-20T19:21:54.795+0000] {processor.py:157} INFO - Started process (PID=224) to work on /home/airflow/.local/lib/python3.8/site-packages/airflow/example_dags/example_task_group_decorator.py
[2023-11-20T19:21:54.808+0000] {processor.py:829} INFO - Processing file /home/airflow/.local/lib/python3.8/site-packages/airflow/example_dags/example_task_group_decorator.py for tasks to queue
[2023-11-20T19:21:54.810+0000] {logging_mixin.py:151} INFO - [2023-11-20T19:21:54.809+0000] {dagbag.py:536} INFO - Filling up the DagBag from /home/airflow/.local/lib/python3.8/site-packages/airflow/example_dags/example_task_group_decorator.py
[2023-11-20T19:21:54.848+0000] {processor.py:839} INFO - DAG(s) dict_keys(['example_task_group_decorator']) retrieved from /home/airflow/.local/lib/python3.8/site-packages/airflow/example_dags/example_task_group_decorator.py
[2023-11-20T19:21:54.892+0000] {logging_mixin.py:151} INFO - [2023-11-20T19:21:54.891+0000] {dag.py:2941} INFO - Sync 1 DAGs
[2023-11-20T19:21:54.928+0000] {logging_mixin.py:151} INFO - [2023-11-20T19:21:54.927+0000] {dag.py:3722} INFO - Setting next_dagrun for example_task_group_decorator to 2023-11-19T19:21:54.927505+00:00, run_after=2023-11-20T19:21:54.927505+00:00
[2023-11-20T19:21:54.961+0000] {processor.py:179} INFO - Processing /home/airflow/.local/lib/python3.8/site-packages/airflow/example_dags/example_task_group_decorator.py took 0.171 seconds
[2023-11-20T19:22:44.652+0000] {processor.py:157} INFO - Started process (PID=291) to work on /home/airflow/.local/lib/python3.8/site-packages/airflow/example_dags/example_task_group_decorator.py
[2023-11-20T19:22:44.658+0000] {processor.py:829} INFO - Processing file /home/airflow/.local/lib/python3.8/site-packages/airflow/example_dags/example_task_group_decorator.py for tasks to queue
[2023-11-20T19:22:44.659+0000] {logging_mixin.py:151} INFO - [2023-11-20T19:22:44.659+0000] {dagbag.py:536} INFO - Filling up the DagBag from /home/airflow/.local/lib/python3.8/site-packages/airflow/example_dags/example_task_group_decorator.py
[2023-11-20T19:22:44.680+0000] {processor.py:839} INFO - DAG(s) dict_keys(['example_task_group_decorator']) retrieved from /home/airflow/.local/lib/python3.8/site-packages/airflow/example_dags/example_task_group_decorator.py
[2023-11-20T19:22:44.712+0000] {logging_mixin.py:151} INFO - [2023-11-20T19:22:44.712+0000] {dag.py:2941} INFO - Sync 1 DAGs
[2023-11-20T19:22:44.742+0000] {logging_mixin.py:151} INFO - [2023-11-20T19:22:44.742+0000] {dag.py:3722} INFO - Setting next_dagrun for example_task_group_decorator to 2023-11-19T19:22:44.741718+00:00, run_after=2023-11-20T19:22:44.741718+00:00
[2023-11-20T19:22:44.764+0000] {processor.py:179} INFO - Processing /home/airflow/.local/lib/python3.8/site-packages/airflow/example_dags/example_task_group_decorator.py took 0.117 seconds
[2023-11-20T19:23:22.963+0000] {processor.py:157} INFO - Started process (PID=351) to work on /home/airflow/.local/lib/python3.8/site-packages/airflow/example_dags/example_task_group_decorator.py
[2023-11-20T19:23:22.964+0000] {processor.py:829} INFO - Processing file /home/airflow/.local/lib/python3.8/site-packages/airflow/example_dags/example_task_group_decorator.py for tasks to queue
[2023-11-20T19:23:22.966+0000] {logging_mixin.py:151} INFO - [2023-11-20T19:23:22.966+0000] {dagbag.py:536} INFO - Filling up the DagBag from /home/airflow/.local/lib/python3.8/site-packages/airflow/example_dags/example_task_group_decorator.py
[2023-11-20T19:23:22.989+0000] {processor.py:839} INFO - DAG(s) dict_keys(['example_task_group_decorator']) retrieved from /home/airflow/.local/lib/python3.8/site-packages/airflow/example_dags/example_task_group_decorator.py
[2023-11-20T19:23:23.029+0000] {logging_mixin.py:151} INFO - [2023-11-20T19:23:23.029+0000] {dag.py:2941} INFO - Sync 1 DAGs
[2023-11-20T19:23:23.074+0000] {logging_mixin.py:151} INFO - [2023-11-20T19:23:23.074+0000] {dag.py:3722} INFO - Setting next_dagrun for example_task_group_decorator to 2023-11-19T19:23:23.073677+00:00, run_after=2023-11-20T19:23:23.073677+00:00
[2023-11-20T19:23:23.104+0000] {processor.py:179} INFO - Processing /home/airflow/.local/lib/python3.8/site-packages/airflow/example_dags/example_task_group_decorator.py took 0.145 seconds
[2023-11-20T19:24:02.202+0000] {processor.py:157} INFO - Started process (PID=416) to work on /home/airflow/.local/lib/python3.8/site-packages/airflow/example_dags/example_task_group_decorator.py
[2023-11-20T19:24:02.206+0000] {processor.py:829} INFO - Processing file /home/airflow/.local/lib/python3.8/site-packages/airflow/example_dags/example_task_group_decorator.py for tasks to queue
[2023-11-20T19:24:02.209+0000] {logging_mixin.py:151} INFO - [2023-11-20T19:24:02.208+0000] {dagbag.py:536} INFO - Filling up the DagBag from /home/airflow/.local/lib/python3.8/site-packages/airflow/example_dags/example_task_group_decorator.py
[2023-11-20T19:24:02.248+0000] {processor.py:839} INFO - DAG(s) dict_keys(['example_task_group_decorator']) retrieved from /home/airflow/.local/lib/python3.8/site-packages/airflow/example_dags/example_task_group_decorator.py
[2023-11-20T19:24:02.338+0000] {logging_mixin.py:151} INFO - [2023-11-20T19:24:02.337+0000] {dag.py:2941} INFO - Sync 1 DAGs
[2023-11-20T19:24:02.392+0000] {logging_mixin.py:151} INFO - [2023-11-20T19:24:02.392+0000] {dag.py:3722} INFO - Setting next_dagrun for example_task_group_decorator to 2023-11-19T19:24:02.391461+00:00, run_after=2023-11-20T19:24:02.391461+00:00
[2023-11-20T19:24:02.434+0000] {processor.py:179} INFO - Processing /home/airflow/.local/lib/python3.8/site-packages/airflow/example_dags/example_task_group_decorator.py took 0.238 seconds
[2023-11-20T19:24:32.510+0000] {processor.py:157} INFO - Started process (PID=476) to work on /home/airflow/.local/lib/python3.8/site-packages/airflow/example_dags/example_task_group_decorator.py
[2023-11-20T19:24:32.513+0000] {processor.py:829} INFO - Processing file /home/airflow/.local/lib/python3.8/site-packages/airflow/example_dags/example_task_group_decorator.py for tasks to queue
[2023-11-20T19:24:32.515+0000] {logging_mixin.py:151} INFO - [2023-11-20T19:24:32.514+0000] {dagbag.py:536} INFO - Filling up the DagBag from /home/airflow/.local/lib/python3.8/site-packages/airflow/example_dags/example_task_group_decorator.py
[2023-11-20T19:24:32.534+0000] {processor.py:839} INFO - DAG(s) dict_keys(['example_task_group_decorator']) retrieved from /home/airflow/.local/lib/python3.8/site-packages/airflow/example_dags/example_task_group_decorator.py
[2023-11-20T19:24:32.579+0000] {logging_mixin.py:151} INFO - [2023-11-20T19:24:32.579+0000] {dag.py:2941} INFO - Sync 1 DAGs
[2023-11-20T19:24:32.610+0000] {logging_mixin.py:151} INFO - [2023-11-20T19:24:32.610+0000] {dag.py:3722} INFO - Setting next_dagrun for example_task_group_decorator to 2023-11-19T19:24:32.609871+00:00, run_after=2023-11-20T19:24:32.609871+00:00
[2023-11-20T19:24:32.638+0000] {processor.py:179} INFO - Processing /home/airflow/.local/lib/python3.8/site-packages/airflow/example_dags/example_task_group_decorator.py took 0.133 seconds
[2023-11-20T19:25:28.833+0000] {processor.py:157} INFO - Started process (PID=553) to work on /home/airflow/.local/lib/python3.8/site-packages/airflow/example_dags/example_task_group_decorator.py
[2023-11-20T19:25:28.840+0000] {processor.py:829} INFO - Processing file /home/airflow/.local/lib/python3.8/site-packages/airflow/example_dags/example_task_group_decorator.py for tasks to queue
[2023-11-20T19:25:28.842+0000] {logging_mixin.py:151} INFO - [2023-11-20T19:25:28.841+0000] {dagbag.py:536} INFO - Filling up the DagBag from /home/airflow/.local/lib/python3.8/site-packages/airflow/example_dags/example_task_group_decorator.py
[2023-11-20T19:25:28.885+0000] {processor.py:839} INFO - DAG(s) dict_keys(['example_task_group_decorator']) retrieved from /home/airflow/.local/lib/python3.8/site-packages/airflow/example_dags/example_task_group_decorator.py
[2023-11-20T19:25:28.981+0000] {logging_mixin.py:151} INFO - [2023-11-20T19:25:28.981+0000] {dag.py:2941} INFO - Sync 1 DAGs
[2023-11-20T19:25:29.053+0000] {logging_mixin.py:151} INFO - [2023-11-20T19:25:29.052+0000] {dag.py:3722} INFO - Setting next_dagrun for example_task_group_decorator to 2023-11-19T19:25:29.051022+00:00, run_after=2023-11-20T19:25:29.051022+00:00
[2023-11-20T19:25:29.123+0000] {processor.py:179} INFO - Processing /home/airflow/.local/lib/python3.8/site-packages/airflow/example_dags/example_task_group_decorator.py took 0.297 seconds
[2023-11-20T19:25:59.263+0000] {processor.py:157} INFO - Started process (PID=614) to work on /home/airflow/.local/lib/python3.8/site-packages/airflow/example_dags/example_task_group_decorator.py
[2023-11-20T19:25:59.268+0000] {processor.py:829} INFO - Processing file /home/airflow/.local/lib/python3.8/site-packages/airflow/example_dags/example_task_group_decorator.py for tasks to queue
[2023-11-20T19:25:59.270+0000] {logging_mixin.py:151} INFO - [2023-11-20T19:25:59.269+0000] {dagbag.py:536} INFO - Filling up the DagBag from /home/airflow/.local/lib/python3.8/site-packages/airflow/example_dags/example_task_group_decorator.py
[2023-11-20T19:25:59.296+0000] {processor.py:839} INFO - DAG(s) dict_keys(['example_task_group_decorator']) retrieved from /home/airflow/.local/lib/python3.8/site-packages/airflow/example_dags/example_task_group_decorator.py
[2023-11-20T19:25:59.335+0000] {logging_mixin.py:151} INFO - [2023-11-20T19:25:59.335+0000] {dag.py:2941} INFO - Sync 1 DAGs
[2023-11-20T19:25:59.369+0000] {logging_mixin.py:151} INFO - [2023-11-20T19:25:59.369+0000] {dag.py:3722} INFO - Setting next_dagrun for example_task_group_decorator to 2023-11-19T19:25:59.369428+00:00, run_after=2023-11-20T19:25:59.369428+00:00
[2023-11-20T19:25:59.404+0000] {processor.py:179} INFO - Processing /home/airflow/.local/lib/python3.8/site-packages/airflow/example_dags/example_task_group_decorator.py took 0.147 seconds
[2023-11-20T19:26:31.159+0000] {processor.py:157} INFO - Started process (PID=675) to work on /home/airflow/.local/lib/python3.8/site-packages/airflow/example_dags/example_task_group_decorator.py
[2023-11-20T19:26:31.164+0000] {processor.py:829} INFO - Processing file /home/airflow/.local/lib/python3.8/site-packages/airflow/example_dags/example_task_group_decorator.py for tasks to queue
[2023-11-20T19:26:31.165+0000] {logging_mixin.py:151} INFO - [2023-11-20T19:26:31.165+0000] {dagbag.py:536} INFO - Filling up the DagBag from /home/airflow/.local/lib/python3.8/site-packages/airflow/example_dags/example_task_group_decorator.py
[2023-11-20T19:26:31.122+0000] {processor.py:839} INFO - DAG(s) dict_keys(['example_task_group_decorator']) retrieved from /home/airflow/.local/lib/python3.8/site-packages/airflow/example_dags/example_task_group_decorator.py
[2023-11-20T19:26:31.163+0000] {logging_mixin.py:151} INFO - [2023-11-20T19:26:31.162+0000] {dag.py:2941} INFO - Sync 1 DAGs
[2023-11-20T19:26:31.198+0000] {logging_mixin.py:151} INFO - [2023-11-20T19:26:31.198+0000] {dag.py:3722} INFO - Setting next_dagrun for example_task_group_decorator to 2023-11-19T19:26:31.198073+00:00, run_after=2023-11-20T19:26:31.198073+00:00
[2023-11-20T19:26:31.224+0000] {processor.py:179} INFO - Processing /home/airflow/.local/lib/python3.8/site-packages/airflow/example_dags/example_task_group_decorator.py took 0.132 seconds
[2023-11-20T19:27:06.489+0000] {processor.py:157} INFO - Started process (PID=735) to work on /home/airflow/.local/lib/python3.8/site-packages/airflow/example_dags/example_task_group_decorator.py
[2023-11-20T19:27:06.491+0000] {processor.py:829} INFO - Processing file /home/airflow/.local/lib/python3.8/site-packages/airflow/example_dags/example_task_group_decorator.py for tasks to queue
[2023-11-20T19:27:06.494+0000] {logging_mixin.py:151} INFO - [2023-11-20T19:27:06.493+0000] {dagbag.py:536} INFO - Filling up the DagBag from /home/airflow/.local/lib/python3.8/site-packages/airflow/example_dags/example_task_group_decorator.py
[2023-11-20T19:27:06.524+0000] {processor.py:839} INFO - DAG(s) dict_keys(['example_task_group_decorator']) retrieved from /home/airflow/.local/lib/python3.8/site-packages/airflow/example_dags/example_task_group_decorator.py
[2023-11-20T19:27:06.584+0000] {logging_mixin.py:151} INFO - [2023-11-20T19:27:06.583+0000] {dag.py:2941} INFO - Sync 1 DAGs
[2023-11-20T19:27:06.617+0000] {logging_mixin.py:151} INFO - [2023-11-20T19:27:06.617+0000] {dag.py:3722} INFO - Setting next_dagrun for example_task_group_decorator to 2023-11-19T19:27:06.616857+00:00, run_after=2023-11-20T19:27:06.616857+00:00
[2023-11-20T19:27:06.651+0000] {processor.py:179} INFO - Processing /home/airflow/.local/lib/python3.8/site-packages/airflow/example_dags/example_task_group_decorator.py took 0.167 seconds
[2023-11-20T19:27:41.612+0000] {processor.py:157} INFO - Started process (PID=800) to work on /home/airflow/.local/lib/python3.8/site-packages/airflow/example_dags/example_task_group_decorator.py
[2023-11-20T19:27:41.614+0000] {processor.py:829} INFO - Processing file /home/airflow/.local/lib/python3.8/site-packages/airflow/example_dags/example_task_group_decorator.py for tasks to queue
[2023-11-20T19:27:41.616+0000] {logging_mixin.py:151} INFO - [2023-11-20T19:27:41.615+0000] {dagbag.py:536} INFO - Filling up the DagBag from /home/airflow/.local/lib/python3.8/site-packages/airflow/example_dags/example_task_group_decorator.py
[2023-11-20T19:27:41.640+0000] {processor.py:839} INFO - DAG(s) dict_keys(['example_task_group_decorator']) retrieved from /home/airflow/.local/lib/python3.8/site-packages/airflow/example_dags/example_task_group_decorator.py
[2023-11-20T19:27:41.759+0000] {logging_mixin.py:151} INFO - [2023-11-20T19:27:41.759+0000] {dag.py:2941} INFO - Sync 1 DAGs
[2023-11-20T19:27:41.863+0000] {logging_mixin.py:151} INFO - [2023-11-20T19:27:41.862+0000] {dag.py:3722} INFO - Setting next_dagrun for example_task_group_decorator to 2023-11-19T19:27:41.861347+00:00, run_after=2023-11-20T19:27:41.861347+00:00
[2023-11-20T19:27:41.955+0000] {processor.py:179} INFO - Processing /home/airflow/.local/lib/python3.8/site-packages/airflow/example_dags/example_task_group_decorator.py took 0.347 seconds
[2023-11-20T19:28:14.192+0000] {processor.py:157} INFO - Started process (PID=868) to work on /home/airflow/.local/lib/python3.8/site-packages/airflow/example_dags/example_task_group_decorator.py
[2023-11-20T19:28:14.194+0000] {processor.py:829} INFO - Processing file /home/airflow/.local/lib/python3.8/site-packages/airflow/example_dags/example_task_group_decorator.py for tasks to queue
[2023-11-20T19:28:14.196+0000] {logging_mixin.py:151} INFO - [2023-11-20T19:28:14.195+0000] {dagbag.py:536} INFO - Filling up the DagBag from /home/airflow/.local/lib/python3.8/site-packages/airflow/example_dags/example_task_group_decorator.py
[2023-11-20T19:28:14.239+0000] {processor.py:839} INFO - DAG(s) dict_keys(['example_task_group_decorator']) retrieved from /home/airflow/.local/lib/python3.8/site-packages/airflow/example_dags/example_task_group_decorator.py
[2023-11-20T19:28:14.307+0000] {logging_mixin.py:151} INFO - [2023-11-20T19:28:14.307+0000] {dag.py:2941} INFO - Sync 1 DAGs
[2023-11-20T19:28:14.371+0000] {logging_mixin.py:151} INFO - [2023-11-20T19:28:14.370+0000] {dag.py:3722} INFO - Setting next_dagrun for example_task_group_decorator to 2023-11-19T19:28:14.368746+00:00, run_after=2023-11-20T19:28:14.368746+00:00
[2023-11-20T19:28:14.420+0000] {processor.py:179} INFO - Processing /home/airflow/.local/lib/python3.8/site-packages/airflow/example_dags/example_task_group_decorator.py took 0.233 seconds
[2023-11-20T19:28:46.971+0000] {processor.py:157} INFO - Started process (PID=929) to work on /home/airflow/.local/lib/python3.8/site-packages/airflow/example_dags/example_task_group_decorator.py
[2023-11-20T19:28:46.976+0000] {processor.py:829} INFO - Processing file /home/airflow/.local/lib/python3.8/site-packages/airflow/example_dags/example_task_group_decorator.py for tasks to queue
[2023-11-20T19:28:46.979+0000] {logging_mixin.py:151} INFO - [2023-11-20T19:28:46.978+0000] {dagbag.py:536} INFO - Filling up the DagBag from /home/airflow/.local/lib/python3.8/site-packages/airflow/example_dags/example_task_group_decorator.py
[2023-11-20T19:28:47.042+0000] {processor.py:839} INFO - DAG(s) dict_keys(['example_task_group_decorator']) retrieved from /home/airflow/.local/lib/python3.8/site-packages/airflow/example_dags/example_task_group_decorator.py
[2023-11-20T19:28:47.131+0000] {logging_mixin.py:151} INFO - [2023-11-20T19:28:47.130+0000] {dag.py:2941} INFO - Sync 1 DAGs
[2023-11-20T19:28:47.231+0000] {logging_mixin.py:151} INFO - [2023-11-20T19:28:47.231+0000] {dag.py:3722} INFO - Setting next_dagrun for example_task_group_decorator to 2023-11-19T19:28:47.230363+00:00, run_after=2023-11-20T19:28:47.230363+00:00
[2023-11-20T19:28:47.333+0000] {processor.py:179} INFO - Processing /home/airflow/.local/lib/python3.8/site-packages/airflow/example_dags/example_task_group_decorator.py took 0.367 seconds
[2023-11-20T19:29:29.992+0000] {processor.py:157} INFO - Started process (PID=989) to work on /home/airflow/.local/lib/python3.8/site-packages/airflow/example_dags/example_task_group_decorator.py
[2023-11-20T19:29:29.996+0000] {processor.py:829} INFO - Processing file /home/airflow/.local/lib/python3.8/site-packages/airflow/example_dags/example_task_group_decorator.py for tasks to queue
[2023-11-20T19:29:30.001+0000] {logging_mixin.py:151} INFO - [2023-11-20T19:29:29.999+0000] {dagbag.py:536} INFO - Filling up the DagBag from /home/airflow/.local/lib/python3.8/site-packages/airflow/example_dags/example_task_group_decorator.py
[2023-11-20T19:29:30.083+0000] {processor.py:839} INFO - DAG(s) dict_keys(['example_task_group_decorator']) retrieved from /home/airflow/.local/lib/python3.8/site-packages/airflow/example_dags/example_task_group_decorator.py
[2023-11-20T19:29:30.164+0000] {logging_mixin.py:151} INFO - [2023-11-20T19:29:30.163+0000] {dag.py:2941} INFO - Sync 1 DAGs
[2023-11-20T19:29:30.234+0000] {logging_mixin.py:151} INFO - [2023-11-20T19:29:30.233+0000] {dag.py:3722} INFO - Setting next_dagrun for example_task_group_decorator to 2023-11-19T19:29:30.232444+00:00, run_after=2023-11-20T19:29:30.232444+00:00
[2023-11-20T19:29:30.279+0000] {processor.py:179} INFO - Processing /home/airflow/.local/lib/python3.8/site-packages/airflow/example_dags/example_task_group_decorator.py took 0.302 seconds
[2023-11-20T19:30:00.921+0000] {processor.py:157} INFO - Started process (PID=1050) to work on /home/airflow/.local/lib/python3.8/site-packages/airflow/example_dags/example_task_group_decorator.py
[2023-11-20T19:30:00.925+0000] {processor.py:829} INFO - Processing file /home/airflow/.local/lib/python3.8/site-packages/airflow/example_dags/example_task_group_decorator.py for tasks to queue
[2023-11-20T19:30:00.927+0000] {logging_mixin.py:151} INFO - [2023-11-20T19:30:00.926+0000] {dagbag.py:536} INFO - Filling up the DagBag from /home/airflow/.local/lib/python3.8/site-packages/airflow/example_dags/example_task_group_decorator.py
[2023-11-20T19:30:01.001+0000] {processor.py:839} INFO - DAG(s) dict_keys(['example_task_group_decorator']) retrieved from /home/airflow/.local/lib/python3.8/site-packages/airflow/example_dags/example_task_group_decorator.py
[2023-11-20T19:30:01.082+0000] {logging_mixin.py:151} INFO - [2023-11-20T19:30:01.082+0000] {dag.py:2941} INFO - Sync 1 DAGs
[2023-11-20T19:30:01.171+0000] {logging_mixin.py:151} INFO - [2023-11-20T19:30:01.170+0000] {dag.py:3722} INFO - Setting next_dagrun for example_task_group_decorator to 2023-11-19T19:30:01.170073+00:00, run_after=2023-11-20T19:30:01.170073+00:00
[2023-11-20T19:30:01.234+0000] {processor.py:179} INFO - Processing /home/airflow/.local/lib/python3.8/site-packages/airflow/example_dags/example_task_group_decorator.py took 0.324 seconds
[2023-11-20T19:30:31.730+0000] {processor.py:157} INFO - Started process (PID=1110) to work on /home/airflow/.local/lib/python3.8/site-packages/airflow/example_dags/example_task_group_decorator.py
[2023-11-20T19:30:31.733+0000] {processor.py:829} INFO - Processing file /home/airflow/.local/lib/python3.8/site-packages/airflow/example_dags/example_task_group_decorator.py for tasks to queue
[2023-11-20T19:30:31.734+0000] {logging_mixin.py:151} INFO - [2023-11-20T19:30:31.734+0000] {dagbag.py:536} INFO - Filling up the DagBag from /home/airflow/.local/lib/python3.8/site-packages/airflow/example_dags/example_task_group_decorator.py
[2023-11-20T19:30:31.778+0000] {processor.py:839} INFO - DAG(s) dict_keys(['example_task_group_decorator']) retrieved from /home/airflow/.local/lib/python3.8/site-packages/airflow/example_dags/example_task_group_decorator.py
[2023-11-20T19:30:31.870+0000] {logging_mixin.py:151} INFO - [2023-11-20T19:30:31.869+0000] {dag.py:2941} INFO - Sync 1 DAGs
[2023-11-20T19:30:32.084+0000] {logging_mixin.py:151} INFO - [2023-11-20T19:30:32.082+0000] {dag.py:3722} INFO - Setting next_dagrun for example_task_group_decorator to 2023-11-19T19:30:32.078422+00:00, run_after=2023-11-20T19:30:32.078422+00:00
[2023-11-20T19:30:32.269+0000] {processor.py:179} INFO - Processing /home/airflow/.local/lib/python3.8/site-packages/airflow/example_dags/example_task_group_decorator.py took 0.545 seconds
[2023-11-20T19:31:23.597+0000] {processor.py:157} INFO - Started process (PID=1177) to work on /home/airflow/.local/lib/python3.8/site-packages/airflow/example_dags/example_task_group_decorator.py
[2023-11-20T19:31:23.602+0000] {processor.py:829} INFO - Processing file /home/airflow/.local/lib/python3.8/site-packages/airflow/example_dags/example_task_group_decorator.py for tasks to queue
[2023-11-20T19:31:23.610+0000] {logging_mixin.py:151} INFO - [2023-11-20T19:31:23.606+0000] {dagbag.py:536} INFO - Filling up the DagBag from /home/airflow/.local/lib/python3.8/site-packages/airflow/example_dags/example_task_group_decorator.py
[2023-11-20T19:31:23.839+0000] {processor.py:839} INFO - DAG(s) dict_keys(['example_task_group_decorator']) retrieved from /home/airflow/.local/lib/python3.8/site-packages/airflow/example_dags/example_task_group_decorator.py
[2023-11-20T19:31:24.071+0000] {logging_mixin.py:151} INFO - [2023-11-20T19:31:24.070+0000] {dag.py:2941} INFO - Sync 1 DAGs
[2023-11-20T19:31:24.338+0000] {logging_mixin.py:151} INFO - [2023-11-20T19:31:24.338+0000] {dag.py:3722} INFO - Setting next_dagrun for example_task_group_decorator to 2023-11-19T19:31:24.337177+00:00, run_after=2023-11-20T19:31:24.337177+00:00
[2023-11-20T19:31:24.479+0000] {processor.py:179} INFO - Processing /home/airflow/.local/lib/python3.8/site-packages/airflow/example_dags/example_task_group_decorator.py took 0.897 seconds
[2023-11-20T19:31:58.338+0000] {processor.py:157} INFO - Started process (PID=1237) to work on /home/airflow/.local/lib/python3.8/site-packages/airflow/example_dags/example_task_group_decorator.py
[2023-11-20T19:31:58.345+0000] {processor.py:829} INFO - Processing file /home/airflow/.local/lib/python3.8/site-packages/airflow/example_dags/example_task_group_decorator.py for tasks to queue
[2023-11-20T19:31:58.347+0000] {logging_mixin.py:151} INFO - [2023-11-20T19:31:58.346+0000] {dagbag.py:536} INFO - Filling up the DagBag from /home/airflow/.local/lib/python3.8/site-packages/airflow/example_dags/example_task_group_decorator.py
[2023-11-20T19:31:58.422+0000] {processor.py:839} INFO - DAG(s) dict_keys(['example_task_group_decorator']) retrieved from /home/airflow/.local/lib/python3.8/site-packages/airflow/example_dags/example_task_group_decorator.py
[2023-11-20T19:31:58.568+0000] {logging_mixin.py:151} INFO - [2023-11-20T19:31:58.567+0000] {dag.py:2941} INFO - Sync 1 DAGs
[2023-11-20T19:31:58.786+0000] {logging_mixin.py:151} INFO - [2023-11-20T19:31:58.783+0000] {dag.py:3722} INFO - Setting next_dagrun for example_task_group_decorator to 2023-11-19T19:31:58.781627+00:00, run_after=2023-11-20T19:31:58.781627+00:00
[2023-11-20T19:31:59.093+0000] {processor.py:179} INFO - Processing /home/airflow/.local/lib/python3.8/site-packages/airflow/example_dags/example_task_group_decorator.py took 0.760 seconds
[2023-11-20T19:33:36.126+0000] {processor.py:157} INFO - Started process (PID=1314) to work on /home/airflow/.local/lib/python3.8/site-packages/airflow/example_dags/example_task_group_decorator.py
[2023-11-20T19:33:36.140+0000] {processor.py:829} INFO - Processing file /home/airflow/.local/lib/python3.8/site-packages/airflow/example_dags/example_task_group_decorator.py for tasks to queue
[2023-11-20T19:33:36.145+0000] {logging_mixin.py:151} INFO - [2023-11-20T19:33:36.144+0000] {dagbag.py:536} INFO - Filling up the DagBag from /home/airflow/.local/lib/python3.8/site-packages/airflow/example_dags/example_task_group_decorator.py
[2023-11-20T19:33:36.226+0000] {processor.py:839} INFO - DAG(s) dict_keys(['example_task_group_decorator']) retrieved from /home/airflow/.local/lib/python3.8/site-packages/airflow/example_dags/example_task_group_decorator.py
[2023-11-20T19:33:36.337+0000] {logging_mixin.py:151} INFO - [2023-11-20T19:33:36.336+0000] {dag.py:2941} INFO - Sync 1 DAGs
[2023-11-20T19:33:36.485+0000] {logging_mixin.py:151} INFO - [2023-11-20T19:33:36.484+0000] {dag.py:3722} INFO - Setting next_dagrun for example_task_group_decorator to 2023-11-19T19:33:36.484046+00:00, run_after=2023-11-20T19:33:36.484046+00:00
[2023-11-20T19:33:36.568+0000] {processor.py:179} INFO - Processing /home/airflow/.local/lib/python3.8/site-packages/airflow/example_dags/example_task_group_decorator.py took 0.510 seconds
[2023-11-20T19:34:08.636+0000] {processor.py:157} INFO - Started process (PID=1375) to work on /home/airflow/.local/lib/python3.8/site-packages/airflow/example_dags/example_task_group_decorator.py
[2023-11-20T19:34:08.658+0000] {processor.py:829} INFO - Processing file /home/airflow/.local/lib/python3.8/site-packages/airflow/example_dags/example_task_group_decorator.py for tasks to queue
[2023-11-20T19:34:08.665+0000] {logging_mixin.py:151} INFO - [2023-11-20T19:34:08.660+0000] {dagbag.py:536} INFO - Filling up the DagBag from /home/airflow/.local/lib/python3.8/site-packages/airflow/example_dags/example_task_group_decorator.py
[2023-11-20T19:34:08.859+0000] {processor.py:839} INFO - DAG(s) dict_keys(['example_task_group_decorator']) retrieved from /home/airflow/.local/lib/python3.8/site-packages/airflow/example_dags/example_task_group_decorator.py
[2023-11-20T19:34:09.461+0000] {logging_mixin.py:151} INFO - [2023-11-20T19:34:09.457+0000] {dag.py:2941} INFO - Sync 1 DAGs
[2023-11-20T19:34:09.600+0000] {logging_mixin.py:151} INFO - [2023-11-20T19:34:09.600+0000] {dag.py:3722} INFO - Setting next_dagrun for example_task_group_decorator to 2023-11-19T19:34:09.597993+00:00, run_after=2023-11-20T19:34:09.597993+00:00
[2023-11-20T19:34:09.684+0000] {processor.py:179} INFO - Processing /home/airflow/.local/lib/python3.8/site-packages/airflow/example_dags/example_task_group_decorator.py took 1.072 seconds
[2023-11-20T19:34:54.222+0000] {processor.py:157} INFO - Started process (PID=1439) to work on /home/airflow/.local/lib/python3.8/site-packages/airflow/example_dags/example_task_group_decorator.py
[2023-11-20T19:34:54.226+0000] {processor.py:829} INFO - Processing file /home/airflow/.local/lib/python3.8/site-packages/airflow/example_dags/example_task_group_decorator.py for tasks to queue
[2023-11-20T19:34:54.232+0000] {logging_mixin.py:151} INFO - [2023-11-20T19:34:54.230+0000] {dagbag.py:536} INFO - Filling up the DagBag from /home/airflow/.local/lib/python3.8/site-packages/airflow/example_dags/example_task_group_decorator.py
[2023-11-20T19:34:54.308+0000] {processor.py:839} INFO - DAG(s) dict_keys(['example_task_group_decorator']) retrieved from /home/airflow/.local/lib/python3.8/site-packages/airflow/example_dags/example_task_group_decorator.py
[2023-11-20T19:34:54.387+0000] {logging_mixin.py:151} INFO - [2023-11-20T19:34:54.387+0000] {dag.py:2941} INFO - Sync 1 DAGs
[2023-11-20T19:34:54.474+0000] {logging_mixin.py:151} INFO - [2023-11-20T19:34:54.473+0000] {dag.py:3722} INFO - Setting next_dagrun for example_task_group_decorator to 2023-11-19T19:34:54.473108+00:00, run_after=2023-11-20T19:34:54.473108+00:00
[2023-11-20T19:34:54.518+0000] {processor.py:179} INFO - Processing /home/airflow/.local/lib/python3.8/site-packages/airflow/example_dags/example_task_group_decorator.py took 0.305 seconds
[2023-11-20T19:35:39.064+0000] {processor.py:157} INFO - Started process (PID=1513) to work on /home/airflow/.local/lib/python3.8/site-packages/airflow/example_dags/example_task_group_decorator.py
[2023-11-20T19:35:39.066+0000] {processor.py:829} INFO - Processing file /home/airflow/.local/lib/python3.8/site-packages/airflow/example_dags/example_task_group_decorator.py for tasks to queue
[2023-11-20T19:35:39.068+0000] {logging_mixin.py:151} INFO - [2023-11-20T19:35:39.068+0000] {dagbag.py:536} INFO - Filling up the DagBag from /home/airflow/.local/lib/python3.8/site-packages/airflow/example_dags/example_task_group_decorator.py
[2023-11-20T19:35:39.110+0000] {processor.py:839} INFO - DAG(s) dict_keys(['example_task_group_decorator']) retrieved from /home/airflow/.local/lib/python3.8/site-packages/airflow/example_dags/example_task_group_decorator.py
[2023-11-20T19:35:39.166+0000] {logging_mixin.py:151} INFO - [2023-11-20T19:35:39.166+0000] {dag.py:2941} INFO - Sync 1 DAGs
[2023-11-20T19:35:39.203+0000] {logging_mixin.py:151} INFO - [2023-11-20T19:35:39.202+0000] {dag.py:3722} INFO - Setting next_dagrun for example_task_group_decorator to 2023-11-19T19:35:39.202333+00:00, run_after=2023-11-20T19:35:39.202333+00:00
[2023-11-20T19:35:39.240+0000] {processor.py:179} INFO - Processing /home/airflow/.local/lib/python3.8/site-packages/airflow/example_dags/example_task_group_decorator.py took 0.186 seconds
[2023-11-20T19:36:11.809+0000] {processor.py:157} INFO - Started process (PID=1580) to work on /home/airflow/.local/lib/python3.8/site-packages/airflow/example_dags/example_task_group_decorator.py
[2023-11-20T19:36:11.815+0000] {processor.py:829} INFO - Processing file /home/airflow/.local/lib/python3.8/site-packages/airflow/example_dags/example_task_group_decorator.py for tasks to queue
[2023-11-20T19:36:11.816+0000] {logging_mixin.py:151} INFO - [2023-11-20T19:36:11.816+0000] {dagbag.py:536} INFO - Filling up the DagBag from /home/airflow/.local/lib/python3.8/site-packages/airflow/example_dags/example_task_group_decorator.py
[2023-11-20T19:36:11.842+0000] {processor.py:839} INFO - DAG(s) dict_keys(['example_task_group_decorator']) retrieved from /home/airflow/.local/lib/python3.8/site-packages/airflow/example_dags/example_task_group_decorator.py
[2023-11-20T19:36:11.884+0000] {logging_mixin.py:151} INFO - [2023-11-20T19:36:11.884+0000] {dag.py:2941} INFO - Sync 1 DAGs
[2023-11-20T19:36:11.920+0000] {logging_mixin.py:151} INFO - [2023-11-20T19:36:11.920+0000] {dag.py:3722} INFO - Setting next_dagrun for example_task_group_decorator to 2023-11-19T19:36:11.920147+00:00, run_after=2023-11-20T19:36:11.920147+00:00
[2023-11-20T19:36:11.954+0000] {processor.py:179} INFO - Processing /home/airflow/.local/lib/python3.8/site-packages/airflow/example_dags/example_task_group_decorator.py took 0.151 seconds
[2023-11-20T19:36:44.202+0000] {processor.py:157} INFO - Started process (PID=1643) to work on /home/airflow/.local/lib/python3.8/site-packages/airflow/example_dags/example_task_group_decorator.py
[2023-11-20T19:36:44.204+0000] {processor.py:829} INFO - Processing file /home/airflow/.local/lib/python3.8/site-packages/airflow/example_dags/example_task_group_decorator.py for tasks to queue
[2023-11-20T19:36:44.206+0000] {logging_mixin.py:151} INFO - [2023-11-20T19:36:44.205+0000] {dagbag.py:536} INFO - Filling up the DagBag from /home/airflow/.local/lib/python3.8/site-packages/airflow/example_dags/example_task_group_decorator.py
[2023-11-20T19:36:44.236+0000] {processor.py:839} INFO - DAG(s) dict_keys(['example_task_group_decorator']) retrieved from /home/airflow/.local/lib/python3.8/site-packages/airflow/example_dags/example_task_group_decorator.py
[2023-11-20T19:36:44.344+0000] {logging_mixin.py:151} INFO - [2023-11-20T19:36:44.344+0000] {dag.py:2941} INFO - Sync 1 DAGs
[2023-11-20T19:36:44.397+0000] {logging_mixin.py:151} INFO - [2023-11-20T19:36:44.396+0000] {dag.py:3722} INFO - Setting next_dagrun for example_task_group_decorator to 2023-11-19T19:36:44.396202+00:00, run_after=2023-11-20T19:36:44.396202+00:00
[2023-11-20T19:36:44.438+0000] {processor.py:179} INFO - Processing /home/airflow/.local/lib/python3.8/site-packages/airflow/example_dags/example_task_group_decorator.py took 0.243 seconds
[2023-11-20T19:37:31.791+0000] {processor.py:157} INFO - Started process (PID=1704) to work on /home/airflow/.local/lib/python3.8/site-packages/airflow/example_dags/example_task_group_decorator.py
[2023-11-20T19:37:31.807+0000] {processor.py:829} INFO - Processing file /home/airflow/.local/lib/python3.8/site-packages/airflow/example_dags/example_task_group_decorator.py for tasks to queue
[2023-11-20T19:37:31.819+0000] {logging_mixin.py:151} INFO - [2023-11-20T19:37:31.818+0000] {dagbag.py:536} INFO - Filling up the DagBag from /home/airflow/.local/lib/python3.8/site-packages/airflow/example_dags/example_task_group_decorator.py
[2023-11-20T19:37:31.861+0000] {processor.py:839} INFO - DAG(s) dict_keys(['example_task_group_decorator']) retrieved from /home/airflow/.local/lib/python3.8/site-packages/airflow/example_dags/example_task_group_decorator.py
[2023-11-20T19:37:31.928+0000] {logging_mixin.py:151} INFO - [2023-11-20T19:37:31.928+0000] {dag.py:2941} INFO - Sync 1 DAGs
[2023-11-20T19:37:31.991+0000] {logging_mixin.py:151} INFO - [2023-11-20T19:37:31.991+0000] {dag.py:3722} INFO - Setting next_dagrun for example_task_group_decorator to 2023-11-19T19:37:31.990701+00:00, run_after=2023-11-20T19:37:31.990701+00:00
[2023-11-20T19:37:32.201+0000] {processor.py:179} INFO - Processing /home/airflow/.local/lib/python3.8/site-packages/airflow/example_dags/example_task_group_decorator.py took 0.412 seconds
[2023-11-20T19:38:20.065+0000] {processor.py:157} INFO - Started process (PID=1780) to work on /home/airflow/.local/lib/python3.8/site-packages/airflow/example_dags/example_task_group_decorator.py
[2023-11-20T19:38:20.070+0000] {processor.py:829} INFO - Processing file /home/airflow/.local/lib/python3.8/site-packages/airflow/example_dags/example_task_group_decorator.py for tasks to queue
[2023-11-20T19:38:20.077+0000] {logging_mixin.py:151} INFO - [2023-11-20T19:38:20.075+0000] {dagbag.py:536} INFO - Filling up the DagBag from /home/airflow/.local/lib/python3.8/site-packages/airflow/example_dags/example_task_group_decorator.py
[2023-11-20T19:38:20.158+0000] {processor.py:839} INFO - DAG(s) dict_keys(['example_task_group_decorator']) retrieved from /home/airflow/.local/lib/python3.8/site-packages/airflow/example_dags/example_task_group_decorator.py
[2023-11-20T19:38:20.333+0000] {logging_mixin.py:151} INFO - [2023-11-20T19:38:20.332+0000] {dag.py:2941} INFO - Sync 1 DAGs
[2023-11-20T19:38:20.578+0000] {logging_mixin.py:151} INFO - [2023-11-20T19:38:20.578+0000] {dag.py:3722} INFO - Setting next_dagrun for example_task_group_decorator to 2023-11-19T19:38:20.558776+00:00, run_after=2023-11-20T19:38:20.558776+00:00
[2023-11-20T19:38:20.704+0000] {processor.py:179} INFO - Processing /home/airflow/.local/lib/python3.8/site-packages/airflow/example_dags/example_task_group_decorator.py took 0.677 seconds
[2023-11-20T19:38:51.553+0000] {processor.py:157} INFO - Started process (PID=1840) to work on /home/airflow/.local/lib/python3.8/site-packages/airflow/example_dags/example_task_group_decorator.py
[2023-11-20T19:38:51.558+0000] {processor.py:829} INFO - Processing file /home/airflow/.local/lib/python3.8/site-packages/airflow/example_dags/example_task_group_decorator.py for tasks to queue
[2023-11-20T19:38:51.560+0000] {logging_mixin.py:151} INFO - [2023-11-20T19:38:51.559+0000] {dagbag.py:536} INFO - Filling up the DagBag from /home/airflow/.local/lib/python3.8/site-packages/airflow/example_dags/example_task_group_decorator.py
[2023-11-20T19:38:51.612+0000] {processor.py:839} INFO - DAG(s) dict_keys(['example_task_group_decorator']) retrieved from /home/airflow/.local/lib/python3.8/site-packages/airflow/example_dags/example_task_group_decorator.py
[2023-11-20T19:38:51.682+0000] {logging_mixin.py:151} INFO - [2023-11-20T19:38:51.681+0000] {dag.py:2941} INFO - Sync 1 DAGs
[2023-11-20T19:38:51.745+0000] {logging_mixin.py:151} INFO - [2023-11-20T19:38:51.745+0000] {dag.py:3722} INFO - Setting next_dagrun for example_task_group_decorator to 2023-11-19T19:38:51.743916+00:00, run_after=2023-11-20T19:38:51.743916+00:00
[2023-11-20T19:38:51.793+0000] {processor.py:179} INFO - Processing /home/airflow/.local/lib/python3.8/site-packages/airflow/example_dags/example_task_group_decorator.py took 0.254 seconds
[2023-11-20T19:39:26.267+0000] {processor.py:157} INFO - Started process (PID=1904) to work on /home/airflow/.local/lib/python3.8/site-packages/airflow/example_dags/example_task_group_decorator.py
[2023-11-20T19:39:26.270+0000] {processor.py:829} INFO - Processing file /home/airflow/.local/lib/python3.8/site-packages/airflow/example_dags/example_task_group_decorator.py for tasks to queue
[2023-11-20T19:39:26.273+0000] {logging_mixin.py:151} INFO - [2023-11-20T19:39:26.272+0000] {dagbag.py:536} INFO - Filling up the DagBag from /home/airflow/.local/lib/python3.8/site-packages/airflow/example_dags/example_task_group_decorator.py
[2023-11-20T19:39:26.399+0000] {processor.py:839} INFO - DAG(s) dict_keys(['example_task_group_decorator']) retrieved from /home/airflow/.local/lib/python3.8/site-packages/airflow/example_dags/example_task_group_decorator.py
[2023-11-20T19:39:26.524+0000] {logging_mixin.py:151} INFO - [2023-11-20T19:39:26.523+0000] {dag.py:2941} INFO - Sync 1 DAGs
[2023-11-20T19:39:26.597+0000] {logging_mixin.py:151} INFO - [2023-11-20T19:39:26.597+0000] {dag.py:3722} INFO - Setting next_dagrun for example_task_group_decorator to 2023-11-19T19:39:26.596305+00:00, run_after=2023-11-20T19:39:26.596305+00:00
[2023-11-20T19:39:26.649+0000] {processor.py:179} INFO - Processing /home/airflow/.local/lib/python3.8/site-packages/airflow/example_dags/example_task_group_decorator.py took 0.393 seconds
[2023-11-20T19:40:06.958+0000] {processor.py:157} INFO - Started process (PID=1966) to work on /home/airflow/.local/lib/python3.8/site-packages/airflow/example_dags/example_task_group_decorator.py
[2023-11-20T19:40:06.961+0000] {processor.py:829} INFO - Processing file /home/airflow/.local/lib/python3.8/site-packages/airflow/example_dags/example_task_group_decorator.py for tasks to queue
[2023-11-20T19:40:06.963+0000] {logging_mixin.py:151} INFO - [2023-11-20T19:40:06.963+0000] {dagbag.py:536} INFO - Filling up the DagBag from /home/airflow/.local/lib/python3.8/site-packages/airflow/example_dags/example_task_group_decorator.py
[2023-11-20T19:40:07.016+0000] {processor.py:839} INFO - DAG(s) dict_keys(['example_task_group_decorator']) retrieved from /home/airflow/.local/lib/python3.8/site-packages/airflow/example_dags/example_task_group_decorator.py
[2023-11-20T19:40:07.086+0000] {logging_mixin.py:151} INFO - [2023-11-20T19:40:07.086+0000] {dag.py:2941} INFO - Sync 1 DAGs
[2023-11-20T19:40:07.177+0000] {logging_mixin.py:151} INFO - [2023-11-20T19:40:07.176+0000] {dag.py:3722} INFO - Setting next_dagrun for example_task_group_decorator to 2023-11-19T19:40:07.175768+00:00, run_after=2023-11-20T19:40:07.175768+00:00
[2023-11-20T19:40:07.238+0000] {processor.py:179} INFO - Processing /home/airflow/.local/lib/python3.8/site-packages/airflow/example_dags/example_task_group_decorator.py took 0.289 seconds
[2023-11-20T19:40:42.497+0000] {processor.py:157} INFO - Started process (PID=2025) to work on /home/airflow/.local/lib/python3.8/site-packages/airflow/example_dags/example_task_group_decorator.py
[2023-11-20T19:40:42.500+0000] {processor.py:829} INFO - Processing file /home/airflow/.local/lib/python3.8/site-packages/airflow/example_dags/example_task_group_decorator.py for tasks to queue
[2023-11-20T19:40:42.505+0000] {logging_mixin.py:151} INFO - [2023-11-20T19:40:42.503+0000] {dagbag.py:536} INFO - Filling up the DagBag from /home/airflow/.local/lib/python3.8/site-packages/airflow/example_dags/example_task_group_decorator.py
[2023-11-20T19:40:42.556+0000] {processor.py:839} INFO - DAG(s) dict_keys(['example_task_group_decorator']) retrieved from /home/airflow/.local/lib/python3.8/site-packages/airflow/example_dags/example_task_group_decorator.py
[2023-11-20T19:40:42.661+0000] {logging_mixin.py:151} INFO - [2023-11-20T19:40:42.661+0000] {dag.py:2941} INFO - Sync 1 DAGs
[2023-11-20T19:40:42.731+0000] {logging_mixin.py:151} INFO - [2023-11-20T19:40:42.731+0000] {dag.py:3722} INFO - Setting next_dagrun for example_task_group_decorator to 2023-11-19T19:40:42.730408+00:00, run_after=2023-11-20T19:40:42.730408+00:00
[2023-11-20T19:40:42.791+0000] {processor.py:179} INFO - Processing /home/airflow/.local/lib/python3.8/site-packages/airflow/example_dags/example_task_group_decorator.py took 0.306 seconds
