[2023-11-20T19:20:18.828+0000] {processor.py:157} INFO - Started process (PID=152) to work on /home/airflow/.local/lib/python3.8/site-packages/airflow/example_dags/example_nested_branch_dag.py
[2023-11-20T19:20:18.855+0000] {processor.py:829} INFO - Processing file /home/airflow/.local/lib/python3.8/site-packages/airflow/example_dags/example_nested_branch_dag.py for tasks to queue
[2023-11-20T19:20:18.864+0000] {logging_mixin.py:151} INFO - [2023-11-20T19:20:18.863+0000] {dagbag.py:536} INFO - Filling up the DagBag from /home/airflow/.local/lib/python3.8/site-packages/airflow/example_dags/example_nested_branch_dag.py
[2023-11-20T19:20:19.013+0000] {processor.py:839} INFO - DAG(s) dict_keys(['example_nested_branch_dag']) retrieved from /home/airflow/.local/lib/python3.8/site-packages/airflow/example_dags/example_nested_branch_dag.py
[2023-11-20T19:20:19.375+0000] {logging_mixin.py:151} INFO - [2023-11-20T19:20:19.371+0000] {dag.py:2941} INFO - Sync 1 DAGs
[2023-11-20T19:20:19.930+0000] {logging_mixin.py:151} INFO - [2023-11-20T19:20:19.929+0000] {dag.py:3722} INFO - Setting next_dagrun for example_nested_branch_dag to 2023-11-19T00:00:00+00:00, run_after=2023-11-20T00:00:00+00:00
[2023-11-20T19:20:20.023+0000] {processor.py:179} INFO - Processing /home/airflow/.local/lib/python3.8/site-packages/airflow/example_dags/example_nested_branch_dag.py took 1.221 seconds
[2023-11-20T19:21:53.765+0000] {processor.py:157} INFO - Started process (PID=219) to work on /home/airflow/.local/lib/python3.8/site-packages/airflow/example_dags/example_nested_branch_dag.py
[2023-11-20T19:21:53.788+0000] {processor.py:829} INFO - Processing file /home/airflow/.local/lib/python3.8/site-packages/airflow/example_dags/example_nested_branch_dag.py for tasks to queue
[2023-11-20T19:21:53.809+0000] {logging_mixin.py:151} INFO - [2023-11-20T19:21:53.808+0000] {dagbag.py:536} INFO - Filling up the DagBag from /home/airflow/.local/lib/python3.8/site-packages/airflow/example_dags/example_nested_branch_dag.py
[2023-11-20T19:21:53.835+0000] {processor.py:839} INFO - DAG(s) dict_keys(['example_nested_branch_dag']) retrieved from /home/airflow/.local/lib/python3.8/site-packages/airflow/example_dags/example_nested_branch_dag.py
[2023-11-20T19:21:53.899+0000] {logging_mixin.py:151} INFO - [2023-11-20T19:21:53.898+0000] {dag.py:2941} INFO - Sync 1 DAGs
[2023-11-20T19:21:54.160+0000] {logging_mixin.py:151} INFO - [2023-11-20T19:21:54.159+0000] {dag.py:3722} INFO - Setting next_dagrun for example_nested_branch_dag to 2023-11-19T00:00:00+00:00, run_after=2023-11-20T00:00:00+00:00
[2023-11-20T19:21:54.223+0000] {processor.py:179} INFO - Processing /home/airflow/.local/lib/python3.8/site-packages/airflow/example_dags/example_nested_branch_dag.py took 0.489 seconds
[2023-11-20T19:22:44.156+0000] {processor.py:157} INFO - Started process (PID=286) to work on /home/airflow/.local/lib/python3.8/site-packages/airflow/example_dags/example_nested_branch_dag.py
[2023-11-20T19:22:44.159+0000] {processor.py:829} INFO - Processing file /home/airflow/.local/lib/python3.8/site-packages/airflow/example_dags/example_nested_branch_dag.py for tasks to queue
[2023-11-20T19:22:44.160+0000] {logging_mixin.py:151} INFO - [2023-11-20T19:22:44.160+0000] {dagbag.py:536} INFO - Filling up the DagBag from /home/airflow/.local/lib/python3.8/site-packages/airflow/example_dags/example_nested_branch_dag.py
[2023-11-20T19:22:44.180+0000] {processor.py:839} INFO - DAG(s) dict_keys(['example_nested_branch_dag']) retrieved from /home/airflow/.local/lib/python3.8/site-packages/airflow/example_dags/example_nested_branch_dag.py
[2023-11-20T19:22:44.231+0000] {logging_mixin.py:151} INFO - [2023-11-20T19:22:44.231+0000] {dag.py:2941} INFO - Sync 1 DAGs
[2023-11-20T19:22:44.282+0000] {logging_mixin.py:151} INFO - [2023-11-20T19:22:44.282+0000] {dag.py:3722} INFO - Setting next_dagrun for example_nested_branch_dag to 2023-11-19T00:00:00+00:00, run_after=2023-11-20T00:00:00+00:00
[2023-11-20T19:22:44.323+0000] {processor.py:179} INFO - Processing /home/airflow/.local/lib/python3.8/site-packages/airflow/example_dags/example_nested_branch_dag.py took 0.172 seconds
[2023-11-20T19:23:22.476+0000] {processor.py:157} INFO - Started process (PID=346) to work on /home/airflow/.local/lib/python3.8/site-packages/airflow/example_dags/example_nested_branch_dag.py
[2023-11-20T19:23:22.478+0000] {processor.py:829} INFO - Processing file /home/airflow/.local/lib/python3.8/site-packages/airflow/example_dags/example_nested_branch_dag.py for tasks to queue
[2023-11-20T19:23:22.479+0000] {logging_mixin.py:151} INFO - [2023-11-20T19:23:22.479+0000] {dagbag.py:536} INFO - Filling up the DagBag from /home/airflow/.local/lib/python3.8/site-packages/airflow/example_dags/example_nested_branch_dag.py
[2023-11-20T19:23:22.498+0000] {processor.py:839} INFO - DAG(s) dict_keys(['example_nested_branch_dag']) retrieved from /home/airflow/.local/lib/python3.8/site-packages/airflow/example_dags/example_nested_branch_dag.py
[2023-11-20T19:23:22.539+0000] {logging_mixin.py:151} INFO - [2023-11-20T19:23:22.538+0000] {dag.py:2941} INFO - Sync 1 DAGs
[2023-11-20T19:23:22.581+0000] {logging_mixin.py:151} INFO - [2023-11-20T19:23:22.581+0000] {dag.py:3722} INFO - Setting next_dagrun for example_nested_branch_dag to 2023-11-19T00:00:00+00:00, run_after=2023-11-20T00:00:00+00:00
[2023-11-20T19:23:22.623+0000] {processor.py:179} INFO - Processing /home/airflow/.local/lib/python3.8/site-packages/airflow/example_dags/example_nested_branch_dag.py took 0.152 seconds
[2023-11-20T19:24:01.651+0000] {processor.py:157} INFO - Started process (PID=411) to work on /home/airflow/.local/lib/python3.8/site-packages/airflow/example_dags/example_nested_branch_dag.py
[2023-11-20T19:24:01.656+0000] {processor.py:829} INFO - Processing file /home/airflow/.local/lib/python3.8/site-packages/airflow/example_dags/example_nested_branch_dag.py for tasks to queue
[2023-11-20T19:24:01.658+0000] {logging_mixin.py:151} INFO - [2023-11-20T19:24:01.658+0000] {dagbag.py:536} INFO - Filling up the DagBag from /home/airflow/.local/lib/python3.8/site-packages/airflow/example_dags/example_nested_branch_dag.py
[2023-11-20T19:24:01.680+0000] {processor.py:839} INFO - DAG(s) dict_keys(['example_nested_branch_dag']) retrieved from /home/airflow/.local/lib/python3.8/site-packages/airflow/example_dags/example_nested_branch_dag.py
[2023-11-20T19:24:01.728+0000] {logging_mixin.py:151} INFO - [2023-11-20T19:24:01.728+0000] {dag.py:2941} INFO - Sync 1 DAGs
[2023-11-20T19:24:01.772+0000] {logging_mixin.py:151} INFO - [2023-11-20T19:24:01.772+0000] {dag.py:3722} INFO - Setting next_dagrun for example_nested_branch_dag to 2023-11-19T00:00:00+00:00, run_after=2023-11-20T00:00:00+00:00
[2023-11-20T19:24:01.821+0000] {processor.py:179} INFO - Processing /home/airflow/.local/lib/python3.8/site-packages/airflow/example_dags/example_nested_branch_dag.py took 0.177 seconds
[2023-11-20T19:24:31.899+0000] {processor.py:157} INFO - Started process (PID=471) to work on /home/airflow/.local/lib/python3.8/site-packages/airflow/example_dags/example_nested_branch_dag.py
[2023-11-20T19:24:31.901+0000] {processor.py:829} INFO - Processing file /home/airflow/.local/lib/python3.8/site-packages/airflow/example_dags/example_nested_branch_dag.py for tasks to queue
[2023-11-20T19:24:31.902+0000] {logging_mixin.py:151} INFO - [2023-11-20T19:24:31.902+0000] {dagbag.py:536} INFO - Filling up the DagBag from /home/airflow/.local/lib/python3.8/site-packages/airflow/example_dags/example_nested_branch_dag.py
[2023-11-20T19:24:31.916+0000] {processor.py:839} INFO - DAG(s) dict_keys(['example_nested_branch_dag']) retrieved from /home/airflow/.local/lib/python3.8/site-packages/airflow/example_dags/example_nested_branch_dag.py
[2023-11-20T19:24:31.948+0000] {logging_mixin.py:151} INFO - [2023-11-20T19:24:31.948+0000] {dag.py:2941} INFO - Sync 1 DAGs
[2023-11-20T19:24:31.985+0000] {logging_mixin.py:151} INFO - [2023-11-20T19:24:31.985+0000] {dag.py:3722} INFO - Setting next_dagrun for example_nested_branch_dag to 2023-11-19T00:00:00+00:00, run_after=2023-11-20T00:00:00+00:00
[2023-11-20T19:24:32.014+0000] {processor.py:179} INFO - Processing /home/airflow/.local/lib/python3.8/site-packages/airflow/example_dags/example_nested_branch_dag.py took 0.120 seconds
[2023-11-20T19:25:27.973+0000] {processor.py:157} INFO - Started process (PID=548) to work on /home/airflow/.local/lib/python3.8/site-packages/airflow/example_dags/example_nested_branch_dag.py
[2023-11-20T19:25:27.980+0000] {processor.py:829} INFO - Processing file /home/airflow/.local/lib/python3.8/site-packages/airflow/example_dags/example_nested_branch_dag.py for tasks to queue
[2023-11-20T19:25:27.985+0000] {logging_mixin.py:151} INFO - [2023-11-20T19:25:27.983+0000] {dagbag.py:536} INFO - Filling up the DagBag from /home/airflow/.local/lib/python3.8/site-packages/airflow/example_dags/example_nested_branch_dag.py
[2023-11-20T19:25:28.036+0000] {processor.py:839} INFO - DAG(s) dict_keys(['example_nested_branch_dag']) retrieved from /home/airflow/.local/lib/python3.8/site-packages/airflow/example_dags/example_nested_branch_dag.py
[2023-11-20T19:25:28.107+0000] {logging_mixin.py:151} INFO - [2023-11-20T19:25:28.106+0000] {dag.py:2941} INFO - Sync 1 DAGs
[2023-11-20T19:25:28.160+0000] {logging_mixin.py:151} INFO - [2023-11-20T19:25:28.160+0000] {dag.py:3722} INFO - Setting next_dagrun for example_nested_branch_dag to 2023-11-19T00:00:00+00:00, run_after=2023-11-20T00:00:00+00:00
[2023-11-20T19:25:28.204+0000] {processor.py:179} INFO - Processing /home/airflow/.local/lib/python3.8/site-packages/airflow/example_dags/example_nested_branch_dag.py took 0.251 seconds
[2023-11-20T19:25:58.338+0000] {processor.py:157} INFO - Started process (PID=609) to work on /home/airflow/.local/lib/python3.8/site-packages/airflow/example_dags/example_nested_branch_dag.py
[2023-11-20T19:25:58.340+0000] {processor.py:829} INFO - Processing file /home/airflow/.local/lib/python3.8/site-packages/airflow/example_dags/example_nested_branch_dag.py for tasks to queue
[2023-11-20T19:25:58.342+0000] {logging_mixin.py:151} INFO - [2023-11-20T19:25:58.341+0000] {dagbag.py:536} INFO - Filling up the DagBag from /home/airflow/.local/lib/python3.8/site-packages/airflow/example_dags/example_nested_branch_dag.py
[2023-11-20T19:25:58.364+0000] {processor.py:839} INFO - DAG(s) dict_keys(['example_nested_branch_dag']) retrieved from /home/airflow/.local/lib/python3.8/site-packages/airflow/example_dags/example_nested_branch_dag.py
[2023-11-20T19:25:58.406+0000] {logging_mixin.py:151} INFO - [2023-11-20T19:25:58.405+0000] {dag.py:2941} INFO - Sync 1 DAGs
[2023-11-20T19:25:58.451+0000] {logging_mixin.py:151} INFO - [2023-11-20T19:25:58.451+0000] {dag.py:3722} INFO - Setting next_dagrun for example_nested_branch_dag to 2023-11-19T00:00:00+00:00, run_after=2023-11-20T00:00:00+00:00
[2023-11-20T19:25:58.480+0000] {processor.py:179} INFO - Processing /home/airflow/.local/lib/python3.8/site-packages/airflow/example_dags/example_nested_branch_dag.py took 0.147 seconds
[2023-11-20T19:26:30.760+0000] {processor.py:157} INFO - Started process (PID=670) to work on /home/airflow/.local/lib/python3.8/site-packages/airflow/example_dags/example_nested_branch_dag.py
[2023-11-20T19:26:30.762+0000] {processor.py:829} INFO - Processing file /home/airflow/.local/lib/python3.8/site-packages/airflow/example_dags/example_nested_branch_dag.py for tasks to queue
[2023-11-20T19:26:30.763+0000] {logging_mixin.py:151} INFO - [2023-11-20T19:26:30.763+0000] {dagbag.py:536} INFO - Filling up the DagBag from /home/airflow/.local/lib/python3.8/site-packages/airflow/example_dags/example_nested_branch_dag.py
[2023-11-20T19:26:30.779+0000] {processor.py:839} INFO - DAG(s) dict_keys(['example_nested_branch_dag']) retrieved from /home/airflow/.local/lib/python3.8/site-packages/airflow/example_dags/example_nested_branch_dag.py
[2023-11-20T19:26:30.815+0000] {logging_mixin.py:151} INFO - [2023-11-20T19:26:30.815+0000] {dag.py:2941} INFO - Sync 1 DAGs
[2023-11-20T19:26:30.845+0000] {logging_mixin.py:151} INFO - [2023-11-20T19:26:30.845+0000] {dag.py:3722} INFO - Setting next_dagrun for example_nested_branch_dag to 2023-11-19T00:00:00+00:00, run_after=2023-11-20T00:00:00+00:00
[2023-11-20T19:26:30.867+0000] {processor.py:179} INFO - Processing /home/airflow/.local/lib/python3.8/site-packages/airflow/example_dags/example_nested_branch_dag.py took 0.112 seconds
[2023-11-20T19:27:06.030+0000] {processor.py:157} INFO - Started process (PID=730) to work on /home/airflow/.local/lib/python3.8/site-packages/airflow/example_dags/example_nested_branch_dag.py
[2023-11-20T19:27:06.034+0000] {processor.py:829} INFO - Processing file /home/airflow/.local/lib/python3.8/site-packages/airflow/example_dags/example_nested_branch_dag.py for tasks to queue
[2023-11-20T19:27:06.036+0000] {logging_mixin.py:151} INFO - [2023-11-20T19:27:06.035+0000] {dagbag.py:536} INFO - Filling up the DagBag from /home/airflow/.local/lib/python3.8/site-packages/airflow/example_dags/example_nested_branch_dag.py
[2023-11-20T19:27:06.050+0000] {processor.py:839} INFO - DAG(s) dict_keys(['example_nested_branch_dag']) retrieved from /home/airflow/.local/lib/python3.8/site-packages/airflow/example_dags/example_nested_branch_dag.py
[2023-11-20T19:27:06.099+0000] {logging_mixin.py:151} INFO - [2023-11-20T19:27:06.098+0000] {dag.py:2941} INFO - Sync 1 DAGs
[2023-11-20T19:27:06.141+0000] {logging_mixin.py:151} INFO - [2023-11-20T19:27:06.140+0000] {dag.py:3722} INFO - Setting next_dagrun for example_nested_branch_dag to 2023-11-19T00:00:00+00:00, run_after=2023-11-20T00:00:00+00:00
[2023-11-20T19:27:06.167+0000] {processor.py:179} INFO - Processing /home/airflow/.local/lib/python3.8/site-packages/airflow/example_dags/example_nested_branch_dag.py took 0.143 seconds
[2023-11-20T19:27:40.572+0000] {processor.py:157} INFO - Started process (PID=795) to work on /home/airflow/.local/lib/python3.8/site-packages/airflow/example_dags/example_nested_branch_dag.py
[2023-11-20T19:27:40.575+0000] {processor.py:829} INFO - Processing file /home/airflow/.local/lib/python3.8/site-packages/airflow/example_dags/example_nested_branch_dag.py for tasks to queue
[2023-11-20T19:27:40.580+0000] {logging_mixin.py:151} INFO - [2023-11-20T19:27:40.580+0000] {dagbag.py:536} INFO - Filling up the DagBag from /home/airflow/.local/lib/python3.8/site-packages/airflow/example_dags/example_nested_branch_dag.py
[2023-11-20T19:27:40.634+0000] {processor.py:839} INFO - DAG(s) dict_keys(['example_nested_branch_dag']) retrieved from /home/airflow/.local/lib/python3.8/site-packages/airflow/example_dags/example_nested_branch_dag.py
[2023-11-20T19:27:40.728+0000] {logging_mixin.py:151} INFO - [2023-11-20T19:27:40.727+0000] {dag.py:2941} INFO - Sync 1 DAGs
[2023-11-20T19:27:40.838+0000] {logging_mixin.py:151} INFO - [2023-11-20T19:27:40.838+0000] {dag.py:3722} INFO - Setting next_dagrun for example_nested_branch_dag to 2023-11-19T00:00:00+00:00, run_after=2023-11-20T00:00:00+00:00
[2023-11-20T19:27:40.952+0000] {processor.py:179} INFO - Processing /home/airflow/.local/lib/python3.8/site-packages/airflow/example_dags/example_nested_branch_dag.py took 0.393 seconds
[2023-11-20T19:28:13.130+0000] {processor.py:157} INFO - Started process (PID=856) to work on /home/airflow/.local/lib/python3.8/site-packages/airflow/example_dags/example_nested_branch_dag.py
[2023-11-20T19:28:13.137+0000] {processor.py:829} INFO - Processing file /home/airflow/.local/lib/python3.8/site-packages/airflow/example_dags/example_nested_branch_dag.py for tasks to queue
[2023-11-20T19:28:13.139+0000] {logging_mixin.py:151} INFO - [2023-11-20T19:28:13.139+0000] {dagbag.py:536} INFO - Filling up the DagBag from /home/airflow/.local/lib/python3.8/site-packages/airflow/example_dags/example_nested_branch_dag.py
[2023-11-20T19:28:13.164+0000] {processor.py:839} INFO - DAG(s) dict_keys(['example_nested_branch_dag']) retrieved from /home/airflow/.local/lib/python3.8/site-packages/airflow/example_dags/example_nested_branch_dag.py
[2023-11-20T19:28:13.225+0000] {logging_mixin.py:151} INFO - [2023-11-20T19:28:13.225+0000] {dag.py:2941} INFO - Sync 1 DAGs
[2023-11-20T19:28:13.295+0000] {logging_mixin.py:151} INFO - [2023-11-20T19:28:13.295+0000] {dag.py:3722} INFO - Setting next_dagrun for example_nested_branch_dag to 2023-11-19T00:00:00+00:00, run_after=2023-11-20T00:00:00+00:00
[2023-11-20T19:28:13.422+0000] {processor.py:179} INFO - Processing /home/airflow/.local/lib/python3.8/site-packages/airflow/example_dags/example_nested_branch_dag.py took 0.297 seconds
[2023-11-20T19:28:45.949+0000] {processor.py:157} INFO - Started process (PID=924) to work on /home/airflow/.local/lib/python3.8/site-packages/airflow/example_dags/example_nested_branch_dag.py
[2023-11-20T19:28:45.972+0000] {processor.py:829} INFO - Processing file /home/airflow/.local/lib/python3.8/site-packages/airflow/example_dags/example_nested_branch_dag.py for tasks to queue
[2023-11-20T19:28:45.980+0000] {logging_mixin.py:151} INFO - [2023-11-20T19:28:45.978+0000] {dagbag.py:536} INFO - Filling up the DagBag from /home/airflow/.local/lib/python3.8/site-packages/airflow/example_dags/example_nested_branch_dag.py
[2023-11-20T19:28:46.049+0000] {processor.py:839} INFO - DAG(s) dict_keys(['example_nested_branch_dag']) retrieved from /home/airflow/.local/lib/python3.8/site-packages/airflow/example_dags/example_nested_branch_dag.py
[2023-11-20T19:28:46.194+0000] {logging_mixin.py:151} INFO - [2023-11-20T19:28:46.194+0000] {dag.py:2941} INFO - Sync 1 DAGs
[2023-11-20T19:28:46.272+0000] {logging_mixin.py:151} INFO - [2023-11-20T19:28:46.271+0000] {dag.py:3722} INFO - Setting next_dagrun for example_nested_branch_dag to 2023-11-19T00:00:00+00:00, run_after=2023-11-20T00:00:00+00:00
[2023-11-20T19:28:46.318+0000] {processor.py:179} INFO - Processing /home/airflow/.local/lib/python3.8/site-packages/airflow/example_dags/example_nested_branch_dag.py took 0.383 seconds
[2023-11-20T19:29:29.119+0000] {processor.py:157} INFO - Started process (PID=984) to work on /home/airflow/.local/lib/python3.8/site-packages/airflow/example_dags/example_nested_branch_dag.py
[2023-11-20T19:29:29.131+0000] {processor.py:829} INFO - Processing file /home/airflow/.local/lib/python3.8/site-packages/airflow/example_dags/example_nested_branch_dag.py for tasks to queue
[2023-11-20T19:29:29.133+0000] {logging_mixin.py:151} INFO - [2023-11-20T19:29:29.132+0000] {dagbag.py:536} INFO - Filling up the DagBag from /home/airflow/.local/lib/python3.8/site-packages/airflow/example_dags/example_nested_branch_dag.py
[2023-11-20T19:29:29.171+0000] {processor.py:839} INFO - DAG(s) dict_keys(['example_nested_branch_dag']) retrieved from /home/airflow/.local/lib/python3.8/site-packages/airflow/example_dags/example_nested_branch_dag.py
[2023-11-20T19:29:29.245+0000] {logging_mixin.py:151} INFO - [2023-11-20T19:29:29.245+0000] {dag.py:2941} INFO - Sync 1 DAGs
[2023-11-20T19:29:29.322+0000] {logging_mixin.py:151} INFO - [2023-11-20T19:29:29.322+0000] {dag.py:3722} INFO - Setting next_dagrun for example_nested_branch_dag to 2023-11-19T00:00:00+00:00, run_after=2023-11-20T00:00:00+00:00
[2023-11-20T19:29:29.375+0000] {processor.py:179} INFO - Processing /home/airflow/.local/lib/python3.8/site-packages/airflow/example_dags/example_nested_branch_dag.py took 0.275 seconds
[2023-11-20T19:29:59.854+0000] {processor.py:157} INFO - Started process (PID=1045) to work on /home/airflow/.local/lib/python3.8/site-packages/airflow/example_dags/example_nested_branch_dag.py
[2023-11-20T19:29:59.858+0000] {processor.py:829} INFO - Processing file /home/airflow/.local/lib/python3.8/site-packages/airflow/example_dags/example_nested_branch_dag.py for tasks to queue
[2023-11-20T19:29:59.863+0000] {logging_mixin.py:151} INFO - [2023-11-20T19:29:59.862+0000] {dagbag.py:536} INFO - Filling up the DagBag from /home/airflow/.local/lib/python3.8/site-packages/airflow/example_dags/example_nested_branch_dag.py
[2023-11-20T19:29:59.904+0000] {processor.py:839} INFO - DAG(s) dict_keys(['example_nested_branch_dag']) retrieved from /home/airflow/.local/lib/python3.8/site-packages/airflow/example_dags/example_nested_branch_dag.py
[2023-11-20T19:29:59.986+0000] {logging_mixin.py:151} INFO - [2023-11-20T19:29:59.985+0000] {dag.py:2941} INFO - Sync 1 DAGs
[2023-11-20T19:30:00.110+0000] {logging_mixin.py:151} INFO - [2023-11-20T19:30:00.109+0000] {dag.py:3722} INFO - Setting next_dagrun for example_nested_branch_dag to 2023-11-19T00:00:00+00:00, run_after=2023-11-20T00:00:00+00:00
[2023-11-20T19:30:00.270+0000] {processor.py:179} INFO - Processing /home/airflow/.local/lib/python3.8/site-packages/airflow/example_dags/example_nested_branch_dag.py took 0.426 seconds
[2023-11-20T19:30:30.966+0000] {processor.py:157} INFO - Started process (PID=1105) to work on /home/airflow/.local/lib/python3.8/site-packages/airflow/example_dags/example_nested_branch_dag.py
[2023-11-20T19:30:30.972+0000] {processor.py:829} INFO - Processing file /home/airflow/.local/lib/python3.8/site-packages/airflow/example_dags/example_nested_branch_dag.py for tasks to queue
[2023-11-20T19:30:30.991+0000] {logging_mixin.py:151} INFO - [2023-11-20T19:30:30.990+0000] {dagbag.py:536} INFO - Filling up the DagBag from /home/airflow/.local/lib/python3.8/site-packages/airflow/example_dags/example_nested_branch_dag.py
[2023-11-20T19:30:31.025+0000] {processor.py:839} INFO - DAG(s) dict_keys(['example_nested_branch_dag']) retrieved from /home/airflow/.local/lib/python3.8/site-packages/airflow/example_dags/example_nested_branch_dag.py
[2023-11-20T19:30:31.081+0000] {logging_mixin.py:151} INFO - [2023-11-20T19:30:31.081+0000] {dag.py:2941} INFO - Sync 1 DAGs
[2023-11-20T19:30:31.145+0000] {logging_mixin.py:151} INFO - [2023-11-20T19:30:31.144+0000] {dag.py:3722} INFO - Setting next_dagrun for example_nested_branch_dag to 2023-11-19T00:00:00+00:00, run_after=2023-11-20T00:00:00+00:00
[2023-11-20T19:30:31.195+0000] {processor.py:179} INFO - Processing /home/airflow/.local/lib/python3.8/site-packages/airflow/example_dags/example_nested_branch_dag.py took 0.238 seconds
[2023-11-20T19:31:21.306+0000] {processor.py:157} INFO - Started process (PID=1172) to work on /home/airflow/.local/lib/python3.8/site-packages/airflow/example_dags/example_nested_branch_dag.py
[2023-11-20T19:31:21.315+0000] {processor.py:829} INFO - Processing file /home/airflow/.local/lib/python3.8/site-packages/airflow/example_dags/example_nested_branch_dag.py for tasks to queue
[2023-11-20T19:31:21.322+0000] {logging_mixin.py:151} INFO - [2023-11-20T19:31:21.320+0000] {dagbag.py:536} INFO - Filling up the DagBag from /home/airflow/.local/lib/python3.8/site-packages/airflow/example_dags/example_nested_branch_dag.py
[2023-11-20T19:31:21.714+0000] {processor.py:839} INFO - DAG(s) dict_keys(['example_nested_branch_dag']) retrieved from /home/airflow/.local/lib/python3.8/site-packages/airflow/example_dags/example_nested_branch_dag.py
[2023-11-20T19:31:22.080+0000] {logging_mixin.py:151} INFO - [2023-11-20T19:31:22.078+0000] {dag.py:2941} INFO - Sync 1 DAGs
[2023-11-20T19:31:22.202+0000] {logging_mixin.py:151} INFO - [2023-11-20T19:31:22.202+0000] {dag.py:3722} INFO - Setting next_dagrun for example_nested_branch_dag to 2023-11-19T00:00:00+00:00, run_after=2023-11-20T00:00:00+00:00
[2023-11-20T19:31:22.375+0000] {processor.py:179} INFO - Processing /home/airflow/.local/lib/python3.8/site-packages/airflow/example_dags/example_nested_branch_dag.py took 1.103 seconds
[2023-11-20T19:31:56.306+0000] {processor.py:157} INFO - Started process (PID=1232) to work on /home/airflow/.local/lib/python3.8/site-packages/airflow/example_dags/example_nested_branch_dag.py
[2023-11-20T19:31:56.314+0000] {processor.py:829} INFO - Processing file /home/airflow/.local/lib/python3.8/site-packages/airflow/example_dags/example_nested_branch_dag.py for tasks to queue
[2023-11-20T19:31:56.318+0000] {logging_mixin.py:151} INFO - [2023-11-20T19:31:56.317+0000] {dagbag.py:536} INFO - Filling up the DagBag from /home/airflow/.local/lib/python3.8/site-packages/airflow/example_dags/example_nested_branch_dag.py
[2023-11-20T19:31:56.368+0000] {processor.py:839} INFO - DAG(s) dict_keys(['example_nested_branch_dag']) retrieved from /home/airflow/.local/lib/python3.8/site-packages/airflow/example_dags/example_nested_branch_dag.py
[2023-11-20T19:31:56.592+0000] {logging_mixin.py:151} INFO - [2023-11-20T19:31:56.589+0000] {dag.py:2941} INFO - Sync 1 DAGs
[2023-11-20T19:31:56.942+0000] {logging_mixin.py:151} INFO - [2023-11-20T19:31:56.940+0000] {dag.py:3722} INFO - Setting next_dagrun for example_nested_branch_dag to 2023-11-19T00:00:00+00:00, run_after=2023-11-20T00:00:00+00:00
[2023-11-20T19:31:57.122+0000] {processor.py:179} INFO - Processing /home/airflow/.local/lib/python3.8/site-packages/airflow/example_dags/example_nested_branch_dag.py took 0.828 seconds
[2023-11-20T19:33:33.554+0000] {processor.py:157} INFO - Started process (PID=1304) to work on /home/airflow/.local/lib/python3.8/site-packages/airflow/example_dags/example_nested_branch_dag.py
[2023-11-20T19:33:33.556+0000] {processor.py:829} INFO - Processing file /home/airflow/.local/lib/python3.8/site-packages/airflow/example_dags/example_nested_branch_dag.py for tasks to queue
[2023-11-20T19:33:33.560+0000] {logging_mixin.py:151} INFO - [2023-11-20T19:33:33.559+0000] {dagbag.py:536} INFO - Filling up the DagBag from /home/airflow/.local/lib/python3.8/site-packages/airflow/example_dags/example_nested_branch_dag.py
[2023-11-20T19:33:33.589+0000] {processor.py:839} INFO - DAG(s) dict_keys(['example_nested_branch_dag']) retrieved from /home/airflow/.local/lib/python3.8/site-packages/airflow/example_dags/example_nested_branch_dag.py
[2023-11-20T19:33:33.650+0000] {logging_mixin.py:151} INFO - [2023-11-20T19:33:33.650+0000] {dag.py:2941} INFO - Sync 1 DAGs
[2023-11-20T19:33:33.719+0000] {logging_mixin.py:151} INFO - [2023-11-20T19:33:33.719+0000] {dag.py:3722} INFO - Setting next_dagrun for example_nested_branch_dag to 2023-11-19T00:00:00+00:00, run_after=2023-11-20T00:00:00+00:00
[2023-11-20T19:33:33.780+0000] {processor.py:179} INFO - Processing /home/airflow/.local/lib/python3.8/site-packages/airflow/example_dags/example_nested_branch_dag.py took 0.242 seconds
[2023-11-20T19:34:06.160+0000] {processor.py:157} INFO - Started process (PID=1363) to work on /home/airflow/.local/lib/python3.8/site-packages/airflow/example_dags/example_nested_branch_dag.py
[2023-11-20T19:34:06.164+0000] {processor.py:829} INFO - Processing file /home/airflow/.local/lib/python3.8/site-packages/airflow/example_dags/example_nested_branch_dag.py for tasks to queue
[2023-11-20T19:34:06.167+0000] {logging_mixin.py:151} INFO - [2023-11-20T19:34:06.166+0000] {dagbag.py:536} INFO - Filling up the DagBag from /home/airflow/.local/lib/python3.8/site-packages/airflow/example_dags/example_nested_branch_dag.py
[2023-11-20T19:34:06.216+0000] {processor.py:839} INFO - DAG(s) dict_keys(['example_nested_branch_dag']) retrieved from /home/airflow/.local/lib/python3.8/site-packages/airflow/example_dags/example_nested_branch_dag.py
[2023-11-20T19:34:06.587+0000] {logging_mixin.py:151} INFO - [2023-11-20T19:34:06.585+0000] {dag.py:2941} INFO - Sync 1 DAGs
[2023-11-20T19:34:06.672+0000] {logging_mixin.py:151} INFO - [2023-11-20T19:34:06.672+0000] {dag.py:3722} INFO - Setting next_dagrun for example_nested_branch_dag to 2023-11-19T00:00:00+00:00, run_after=2023-11-20T00:00:00+00:00
[2023-11-20T19:34:06.721+0000] {processor.py:179} INFO - Processing /home/airflow/.local/lib/python3.8/site-packages/airflow/example_dags/example_nested_branch_dag.py took 0.571 seconds
[2023-11-20T19:34:52.784+0000] {processor.py:157} INFO - Started process (PID=1434) to work on /home/airflow/.local/lib/python3.8/site-packages/airflow/example_dags/example_nested_branch_dag.py
[2023-11-20T19:34:52.787+0000] {processor.py:829} INFO - Processing file /home/airflow/.local/lib/python3.8/site-packages/airflow/example_dags/example_nested_branch_dag.py for tasks to queue
[2023-11-20T19:34:52.796+0000] {logging_mixin.py:151} INFO - [2023-11-20T19:34:52.794+0000] {dagbag.py:536} INFO - Filling up the DagBag from /home/airflow/.local/lib/python3.8/site-packages/airflow/example_dags/example_nested_branch_dag.py
[2023-11-20T19:34:52.839+0000] {processor.py:839} INFO - DAG(s) dict_keys(['example_nested_branch_dag']) retrieved from /home/airflow/.local/lib/python3.8/site-packages/airflow/example_dags/example_nested_branch_dag.py
[2023-11-20T19:34:52.957+0000] {logging_mixin.py:151} INFO - [2023-11-20T19:34:52.956+0000] {dag.py:2941} INFO - Sync 1 DAGs
[2023-11-20T19:34:53.057+0000] {logging_mixin.py:151} INFO - [2023-11-20T19:34:53.056+0000] {dag.py:3722} INFO - Setting next_dagrun for example_nested_branch_dag to 2023-11-19T00:00:00+00:00, run_after=2023-11-20T00:00:00+00:00
[2023-11-20T19:34:53.129+0000] {processor.py:179} INFO - Processing /home/airflow/.local/lib/python3.8/site-packages/airflow/example_dags/example_nested_branch_dag.py took 0.383 seconds
[2023-11-20T19:35:32.251+0000] {processor.py:157} INFO - Started process (PID=1492) to work on /home/airflow/.local/lib/python3.8/site-packages/airflow/example_dags/example_nested_branch_dag.py
[2023-11-20T19:35:32.262+0000] {processor.py:829} INFO - Processing file /home/airflow/.local/lib/python3.8/site-packages/airflow/example_dags/example_nested_branch_dag.py for tasks to queue
[2023-11-20T19:35:32.276+0000] {logging_mixin.py:151} INFO - [2023-11-20T19:35:32.271+0000] {dagbag.py:536} INFO - Filling up the DagBag from /home/airflow/.local/lib/python3.8/site-packages/airflow/example_dags/example_nested_branch_dag.py
[2023-11-20T19:35:32.352+0000] {processor.py:839} INFO - DAG(s) dict_keys(['example_nested_branch_dag']) retrieved from /home/airflow/.local/lib/python3.8/site-packages/airflow/example_dags/example_nested_branch_dag.py
[2023-11-20T19:35:32.461+0000] {logging_mixin.py:151} INFO - [2023-11-20T19:35:32.461+0000] {dag.py:2941} INFO - Sync 1 DAGs
[2023-11-20T19:35:32.587+0000] {logging_mixin.py:151} INFO - [2023-11-20T19:35:32.587+0000] {dag.py:3722} INFO - Setting next_dagrun for example_nested_branch_dag to 2023-11-19T00:00:00+00:00, run_after=2023-11-20T00:00:00+00:00
[2023-11-20T19:35:32.669+0000] {processor.py:179} INFO - Processing /home/airflow/.local/lib/python3.8/site-packages/airflow/example_dags/example_nested_branch_dag.py took 0.458 seconds
[2023-11-20T19:36:03.047+0000] {processor.py:157} INFO - Started process (PID=1552) to work on /home/airflow/.local/lib/python3.8/site-packages/airflow/example_dags/example_nested_branch_dag.py
[2023-11-20T19:36:03.050+0000] {processor.py:829} INFO - Processing file /home/airflow/.local/lib/python3.8/site-packages/airflow/example_dags/example_nested_branch_dag.py for tasks to queue
[2023-11-20T19:36:03.052+0000] {logging_mixin.py:151} INFO - [2023-11-20T19:36:03.051+0000] {dagbag.py:536} INFO - Filling up the DagBag from /home/airflow/.local/lib/python3.8/site-packages/airflow/example_dags/example_nested_branch_dag.py
[2023-11-20T19:36:03.079+0000] {processor.py:839} INFO - DAG(s) dict_keys(['example_nested_branch_dag']) retrieved from /home/airflow/.local/lib/python3.8/site-packages/airflow/example_dags/example_nested_branch_dag.py
[2023-11-20T19:36:03.132+0000] {logging_mixin.py:151} INFO - [2023-11-20T19:36:03.132+0000] {dag.py:2941} INFO - Sync 1 DAGs
[2023-11-20T19:36:03.186+0000] {logging_mixin.py:151} INFO - [2023-11-20T19:36:03.186+0000] {dag.py:3722} INFO - Setting next_dagrun for example_nested_branch_dag to 2023-11-19T00:00:00+00:00, run_after=2023-11-20T00:00:00+00:00
[2023-11-20T19:36:03.233+0000] {processor.py:179} INFO - Processing /home/airflow/.local/lib/python3.8/site-packages/airflow/example_dags/example_nested_branch_dag.py took 0.191 seconds
[2023-11-20T19:36:39.251+0000] {processor.py:157} INFO - Started process (PID=1614) to work on /home/airflow/.local/lib/python3.8/site-packages/airflow/example_dags/example_nested_branch_dag.py
[2023-11-20T19:36:39.253+0000] {processor.py:829} INFO - Processing file /home/airflow/.local/lib/python3.8/site-packages/airflow/example_dags/example_nested_branch_dag.py for tasks to queue
[2023-11-20T19:36:39.254+0000] {logging_mixin.py:151} INFO - [2023-11-20T19:36:39.254+0000] {dagbag.py:536} INFO - Filling up the DagBag from /home/airflow/.local/lib/python3.8/site-packages/airflow/example_dags/example_nested_branch_dag.py
[2023-11-20T19:36:39.275+0000] {processor.py:839} INFO - DAG(s) dict_keys(['example_nested_branch_dag']) retrieved from /home/airflow/.local/lib/python3.8/site-packages/airflow/example_dags/example_nested_branch_dag.py
[2023-11-20T19:36:39.321+0000] {logging_mixin.py:151} INFO - [2023-11-20T19:36:39.321+0000] {dag.py:2941} INFO - Sync 1 DAGs
[2023-11-20T19:36:39.370+0000] {logging_mixin.py:151} INFO - [2023-11-20T19:36:39.370+0000] {dag.py:3722} INFO - Setting next_dagrun for example_nested_branch_dag to 2023-11-19T00:00:00+00:00, run_after=2023-11-20T00:00:00+00:00
[2023-11-20T19:36:39.406+0000] {processor.py:179} INFO - Processing /home/airflow/.local/lib/python3.8/site-packages/airflow/example_dags/example_nested_branch_dag.py took 0.161 seconds
[2023-11-20T19:37:30.920+0000] {processor.py:157} INFO - Started process (PID=1699) to work on /home/airflow/.local/lib/python3.8/site-packages/airflow/example_dags/example_nested_branch_dag.py
[2023-11-20T19:37:30.923+0000] {processor.py:829} INFO - Processing file /home/airflow/.local/lib/python3.8/site-packages/airflow/example_dags/example_nested_branch_dag.py for tasks to queue
[2023-11-20T19:37:30.924+0000] {logging_mixin.py:151} INFO - [2023-11-20T19:37:30.924+0000] {dagbag.py:536} INFO - Filling up the DagBag from /home/airflow/.local/lib/python3.8/site-packages/airflow/example_dags/example_nested_branch_dag.py
[2023-11-20T19:37:30.962+0000] {processor.py:839} INFO - DAG(s) dict_keys(['example_nested_branch_dag']) retrieved from /home/airflow/.local/lib/python3.8/site-packages/airflow/example_dags/example_nested_branch_dag.py
[2023-11-20T19:37:31.055+0000] {logging_mixin.py:151} INFO - [2023-11-20T19:37:31.054+0000] {dag.py:2941} INFO - Sync 1 DAGs
[2023-11-20T19:37:31.125+0000] {logging_mixin.py:151} INFO - [2023-11-20T19:37:31.125+0000] {dag.py:3722} INFO - Setting next_dagrun for example_nested_branch_dag to 2023-11-19T00:00:00+00:00, run_after=2023-11-20T00:00:00+00:00
[2023-11-20T19:37:31.216+0000] {processor.py:179} INFO - Processing /home/airflow/.local/lib/python3.8/site-packages/airflow/example_dags/example_nested_branch_dag.py took 0.305 seconds
[2023-11-20T19:38:17.593+0000] {processor.py:157} INFO - Started process (PID=1775) to work on /home/airflow/.local/lib/python3.8/site-packages/airflow/example_dags/example_nested_branch_dag.py
[2023-11-20T19:38:17.672+0000] {processor.py:829} INFO - Processing file /home/airflow/.local/lib/python3.8/site-packages/airflow/example_dags/example_nested_branch_dag.py for tasks to queue
[2023-11-20T19:38:17.707+0000] {logging_mixin.py:151} INFO - [2023-11-20T19:38:17.694+0000] {dagbag.py:536} INFO - Filling up the DagBag from /home/airflow/.local/lib/python3.8/site-packages/airflow/example_dags/example_nested_branch_dag.py
[2023-11-20T19:38:17.901+0000] {processor.py:839} INFO - DAG(s) dict_keys(['example_nested_branch_dag']) retrieved from /home/airflow/.local/lib/python3.8/site-packages/airflow/example_dags/example_nested_branch_dag.py
[2023-11-20T19:38:18.339+0000] {logging_mixin.py:151} INFO - [2023-11-20T19:38:18.338+0000] {dag.py:2941} INFO - Sync 1 DAGs
[2023-11-20T19:38:18.485+0000] {logging_mixin.py:151} INFO - [2023-11-20T19:38:18.485+0000] {dag.py:3722} INFO - Setting next_dagrun for example_nested_branch_dag to 2023-11-19T00:00:00+00:00, run_after=2023-11-20T00:00:00+00:00
[2023-11-20T19:38:18.557+0000] {processor.py:179} INFO - Processing /home/airflow/.local/lib/python3.8/site-packages/airflow/example_dags/example_nested_branch_dag.py took 1.050 seconds
[2023-11-20T19:38:48.690+0000] {processor.py:157} INFO - Started process (PID=1835) to work on /home/airflow/.local/lib/python3.8/site-packages/airflow/example_dags/example_nested_branch_dag.py
[2023-11-20T19:38:48.694+0000] {processor.py:829} INFO - Processing file /home/airflow/.local/lib/python3.8/site-packages/airflow/example_dags/example_nested_branch_dag.py for tasks to queue
[2023-11-20T19:38:48.697+0000] {logging_mixin.py:151} INFO - [2023-11-20T19:38:48.696+0000] {dagbag.py:536} INFO - Filling up the DagBag from /home/airflow/.local/lib/python3.8/site-packages/airflow/example_dags/example_nested_branch_dag.py
[2023-11-20T19:38:48.721+0000] {processor.py:839} INFO - DAG(s) dict_keys(['example_nested_branch_dag']) retrieved from /home/airflow/.local/lib/python3.8/site-packages/airflow/example_dags/example_nested_branch_dag.py
[2023-11-20T19:38:48.778+0000] {logging_mixin.py:151} INFO - [2023-11-20T19:38:48.778+0000] {dag.py:2941} INFO - Sync 1 DAGs
[2023-11-20T19:38:48.836+0000] {logging_mixin.py:151} INFO - [2023-11-20T19:38:48.836+0000] {dag.py:3722} INFO - Setting next_dagrun for example_nested_branch_dag to 2023-11-19T00:00:00+00:00, run_after=2023-11-20T00:00:00+00:00
[2023-11-20T19:38:48.880+0000] {processor.py:179} INFO - Processing /home/airflow/.local/lib/python3.8/site-packages/airflow/example_dags/example_nested_branch_dag.py took 0.195 seconds
[2023-11-20T19:39:24.930+0000] {processor.py:157} INFO - Started process (PID=1895) to work on /home/airflow/.local/lib/python3.8/site-packages/airflow/example_dags/example_nested_branch_dag.py
[2023-11-20T19:39:24.933+0000] {processor.py:829} INFO - Processing file /home/airflow/.local/lib/python3.8/site-packages/airflow/example_dags/example_nested_branch_dag.py for tasks to queue
[2023-11-20T19:39:24.935+0000] {logging_mixin.py:151} INFO - [2023-11-20T19:39:24.935+0000] {dagbag.py:536} INFO - Filling up the DagBag from /home/airflow/.local/lib/python3.8/site-packages/airflow/example_dags/example_nested_branch_dag.py
[2023-11-20T19:39:24.955+0000] {processor.py:839} INFO - DAG(s) dict_keys(['example_nested_branch_dag']) retrieved from /home/airflow/.local/lib/python3.8/site-packages/airflow/example_dags/example_nested_branch_dag.py
[2023-11-20T19:39:25.019+0000] {logging_mixin.py:151} INFO - [2023-11-20T19:39:25.019+0000] {dag.py:2941} INFO - Sync 1 DAGs
[2023-11-20T19:39:25.082+0000] {logging_mixin.py:151} INFO - [2023-11-20T19:39:25.082+0000] {dag.py:3722} INFO - Setting next_dagrun for example_nested_branch_dag to 2023-11-19T00:00:00+00:00, run_after=2023-11-20T00:00:00+00:00
[2023-11-20T19:39:25.123+0000] {processor.py:179} INFO - Processing /home/airflow/.local/lib/python3.8/site-packages/airflow/example_dags/example_nested_branch_dag.py took 0.202 seconds
[2023-11-20T19:40:05.202+0000] {processor.py:157} INFO - Started process (PID=1961) to work on /home/airflow/.local/lib/python3.8/site-packages/airflow/example_dags/example_nested_branch_dag.py
[2023-11-20T19:40:05.217+0000] {processor.py:829} INFO - Processing file /home/airflow/.local/lib/python3.8/site-packages/airflow/example_dags/example_nested_branch_dag.py for tasks to queue
[2023-11-20T19:40:05.220+0000] {logging_mixin.py:151} INFO - [2023-11-20T19:40:05.219+0000] {dagbag.py:536} INFO - Filling up the DagBag from /home/airflow/.local/lib/python3.8/site-packages/airflow/example_dags/example_nested_branch_dag.py
[2023-11-20T19:40:05.254+0000] {processor.py:839} INFO - DAG(s) dict_keys(['example_nested_branch_dag']) retrieved from /home/airflow/.local/lib/python3.8/site-packages/airflow/example_dags/example_nested_branch_dag.py
[2023-11-20T19:40:05.325+0000] {logging_mixin.py:151} INFO - [2023-11-20T19:40:05.324+0000] {dag.py:2941} INFO - Sync 1 DAGs
[2023-11-20T19:40:05.395+0000] {logging_mixin.py:151} INFO - [2023-11-20T19:40:05.393+0000] {dag.py:3722} INFO - Setting next_dagrun for example_nested_branch_dag to 2023-11-19T00:00:00+00:00, run_after=2023-11-20T00:00:00+00:00
[2023-11-20T19:40:05.766+0000] {processor.py:179} INFO - Processing /home/airflow/.local/lib/python3.8/site-packages/airflow/example_dags/example_nested_branch_dag.py took 0.570 seconds
[2023-11-20T19:40:40.872+0000] {processor.py:157} INFO - Started process (PID=2020) to work on /home/airflow/.local/lib/python3.8/site-packages/airflow/example_dags/example_nested_branch_dag.py
[2023-11-20T19:40:40.879+0000] {processor.py:829} INFO - Processing file /home/airflow/.local/lib/python3.8/site-packages/airflow/example_dags/example_nested_branch_dag.py for tasks to queue
[2023-11-20T19:40:40.882+0000] {logging_mixin.py:151} INFO - [2023-11-20T19:40:40.881+0000] {dagbag.py:536} INFO - Filling up the DagBag from /home/airflow/.local/lib/python3.8/site-packages/airflow/example_dags/example_nested_branch_dag.py
[2023-11-20T19:40:40.920+0000] {processor.py:839} INFO - DAG(s) dict_keys(['example_nested_branch_dag']) retrieved from /home/airflow/.local/lib/python3.8/site-packages/airflow/example_dags/example_nested_branch_dag.py
[2023-11-20T19:40:41.019+0000] {logging_mixin.py:151} INFO - [2023-11-20T19:40:41.018+0000] {dag.py:2941} INFO - Sync 1 DAGs
[2023-11-20T19:40:41.117+0000] {logging_mixin.py:151} INFO - [2023-11-20T19:40:41.116+0000] {dag.py:3722} INFO - Setting next_dagrun for example_nested_branch_dag to 2023-11-19T00:00:00+00:00, run_after=2023-11-20T00:00:00+00:00
[2023-11-20T19:40:41.194+0000] {processor.py:179} INFO - Processing /home/airflow/.local/lib/python3.8/site-packages/airflow/example_dags/example_nested_branch_dag.py took 0.330 seconds
