[2023-11-20T19:19:46.011+0000] {processor.py:157} INFO - Started process (PID=129) to work on /home/airflow/.local/lib/python3.8/site-packages/airflow/example_dags/example_sla_dag.py
[2023-11-20T19:19:46.026+0000] {processor.py:829} INFO - Processing file /home/airflow/.local/lib/python3.8/site-packages/airflow/example_dags/example_sla_dag.py for tasks to queue
[2023-11-20T19:19:46.045+0000] {logging_mixin.py:151} INFO - [2023-11-20T19:19:46.037+0000] {dagbag.py:536} INFO - Filling up the DagBag from /home/airflow/.local/lib/python3.8/site-packages/airflow/example_dags/example_sla_dag.py
[2023-11-20T19:19:46.264+0000] {processor.py:839} INFO - DAG(s) dict_keys(['example_sla_dag']) retrieved from /home/airflow/.local/lib/python3.8/site-packages/airflow/example_dags/example_sla_dag.py
[2023-11-20T19:19:46.458+0000] {logging_mixin.py:151} INFO - [2023-11-20T19:19:46.458+0000] {dag.py:2941} INFO - Sync 1 DAGs
[2023-11-20T19:19:46.830+0000] {logging_mixin.py:151} INFO - [2023-11-20T19:19:46.828+0000] {dag.py:3722} INFO - Setting next_dagrun for example_sla_dag to 2023-11-20T19:16:00+00:00, run_after=2023-11-20T19:18:00+00:00
[2023-11-20T19:19:47.021+0000] {processor.py:179} INFO - Processing /home/airflow/.local/lib/python3.8/site-packages/airflow/example_dags/example_sla_dag.py took 1.505 seconds
[2023-11-20T19:21:48.149+0000] {processor.py:157} INFO - Started process (PID=203) to work on /home/airflow/.local/lib/python3.8/site-packages/airflow/example_dags/example_sla_dag.py
[2023-11-20T19:21:48.151+0000] {processor.py:829} INFO - Processing file /home/airflow/.local/lib/python3.8/site-packages/airflow/example_dags/example_sla_dag.py for tasks to queue
[2023-11-20T19:21:48.153+0000] {logging_mixin.py:151} INFO - [2023-11-20T19:21:48.153+0000] {dagbag.py:536} INFO - Filling up the DagBag from /home/airflow/.local/lib/python3.8/site-packages/airflow/example_dags/example_sla_dag.py
[2023-11-20T19:21:48.182+0000] {processor.py:839} INFO - DAG(s) dict_keys(['example_sla_dag']) retrieved from /home/airflow/.local/lib/python3.8/site-packages/airflow/example_dags/example_sla_dag.py
[2023-11-20T19:21:48.229+0000] {logging_mixin.py:151} INFO - [2023-11-20T19:21:48.229+0000] {dag.py:2941} INFO - Sync 1 DAGs
[2023-11-20T19:21:48.538+0000] {logging_mixin.py:151} INFO - [2023-11-20T19:21:48.506+0000] {dag.py:3722} INFO - Setting next_dagrun for example_sla_dag to 2023-11-20T19:18:00+00:00, run_after=2023-11-20T19:20:00+00:00
[2023-11-20T19:21:48.669+0000] {processor.py:179} INFO - Processing /home/airflow/.local/lib/python3.8/site-packages/airflow/example_dags/example_sla_dag.py took 0.527 seconds
[2023-11-20T19:22:41.927+0000] {processor.py:157} INFO - Started process (PID=270) to work on /home/airflow/.local/lib/python3.8/site-packages/airflow/example_dags/example_sla_dag.py
[2023-11-20T19:22:41.930+0000] {processor.py:829} INFO - Processing file /home/airflow/.local/lib/python3.8/site-packages/airflow/example_dags/example_sla_dag.py for tasks to queue
[2023-11-20T19:22:41.933+0000] {logging_mixin.py:151} INFO - [2023-11-20T19:22:41.933+0000] {dagbag.py:536} INFO - Filling up the DagBag from /home/airflow/.local/lib/python3.8/site-packages/airflow/example_dags/example_sla_dag.py
[2023-11-20T19:22:41.952+0000] {processor.py:839} INFO - DAG(s) dict_keys(['example_sla_dag']) retrieved from /home/airflow/.local/lib/python3.8/site-packages/airflow/example_dags/example_sla_dag.py
[2023-11-20T19:22:42.006+0000] {logging_mixin.py:151} INFO - [2023-11-20T19:22:42.005+0000] {dag.py:2941} INFO - Sync 1 DAGs
[2023-11-20T19:22:42.092+0000] {logging_mixin.py:151} INFO - [2023-11-20T19:22:42.092+0000] {dag.py:3722} INFO - Setting next_dagrun for example_sla_dag to 2023-11-20T19:20:00+00:00, run_after=2023-11-20T19:22:00+00:00
[2023-11-20T19:22:42.119+0000] {processor.py:179} INFO - Processing /home/airflow/.local/lib/python3.8/site-packages/airflow/example_dags/example_sla_dag.py took 0.200 seconds
[2023-11-20T19:23:19.839+0000] {processor.py:157} INFO - Started process (PID=330) to work on /home/airflow/.local/lib/python3.8/site-packages/airflow/example_dags/example_sla_dag.py
[2023-11-20T19:23:19.844+0000] {processor.py:829} INFO - Processing file /home/airflow/.local/lib/python3.8/site-packages/airflow/example_dags/example_sla_dag.py for tasks to queue
[2023-11-20T19:23:19.858+0000] {logging_mixin.py:151} INFO - [2023-11-20T19:23:19.857+0000] {dagbag.py:536} INFO - Filling up the DagBag from /home/airflow/.local/lib/python3.8/site-packages/airflow/example_dags/example_sla_dag.py
[2023-11-20T19:23:19.880+0000] {processor.py:839} INFO - DAG(s) dict_keys(['example_sla_dag']) retrieved from /home/airflow/.local/lib/python3.8/site-packages/airflow/example_dags/example_sla_dag.py
[2023-11-20T19:23:20.150+0000] {logging_mixin.py:151} INFO - [2023-11-20T19:23:20.149+0000] {dag.py:2941} INFO - Sync 1 DAGs
[2023-11-20T19:23:20.230+0000] {logging_mixin.py:151} INFO - [2023-11-20T19:23:20.190+0000] {dag.py:3722} INFO - Setting next_dagrun for example_sla_dag to 2023-11-20T19:20:00+00:00, run_after=2023-11-20T19:22:00+00:00
[2023-11-20T19:23:20.490+0000] {processor.py:179} INFO - Processing /home/airflow/.local/lib/python3.8/site-packages/airflow/example_dags/example_sla_dag.py took 0.698 seconds
[2023-11-20T19:23:57.851+0000] {processor.py:157} INFO - Started process (PID=395) to work on /home/airflow/.local/lib/python3.8/site-packages/airflow/example_dags/example_sla_dag.py
[2023-11-20T19:23:57.857+0000] {processor.py:829} INFO - Processing file /home/airflow/.local/lib/python3.8/site-packages/airflow/example_dags/example_sla_dag.py for tasks to queue
[2023-11-20T19:23:57.859+0000] {logging_mixin.py:151} INFO - [2023-11-20T19:23:57.859+0000] {dagbag.py:536} INFO - Filling up the DagBag from /home/airflow/.local/lib/python3.8/site-packages/airflow/example_dags/example_sla_dag.py
[2023-11-20T19:23:57.874+0000] {processor.py:839} INFO - DAG(s) dict_keys(['example_sla_dag']) retrieved from /home/airflow/.local/lib/python3.8/site-packages/airflow/example_dags/example_sla_dag.py
[2023-11-20T19:23:57.932+0000] {logging_mixin.py:151} INFO - [2023-11-20T19:23:57.931+0000] {dag.py:2941} INFO - Sync 1 DAGs
[2023-11-20T19:23:58.026+0000] {logging_mixin.py:151} INFO - [2023-11-20T19:23:58.025+0000] {dag.py:3722} INFO - Setting next_dagrun for example_sla_dag to 2023-11-20T19:20:00+00:00, run_after=2023-11-20T19:22:00+00:00
[2023-11-20T19:23:58.091+0000] {processor.py:179} INFO - Processing /home/airflow/.local/lib/python3.8/site-packages/airflow/example_dags/example_sla_dag.py took 0.248 seconds
[2023-11-20T19:24:28.587+0000] {processor.py:157} INFO - Started process (PID=455) to work on /home/airflow/.local/lib/python3.8/site-packages/airflow/example_dags/example_sla_dag.py
[2023-11-20T19:24:28.589+0000] {processor.py:829} INFO - Processing file /home/airflow/.local/lib/python3.8/site-packages/airflow/example_dags/example_sla_dag.py for tasks to queue
[2023-11-20T19:24:28.590+0000] {logging_mixin.py:151} INFO - [2023-11-20T19:24:28.590+0000] {dagbag.py:536} INFO - Filling up the DagBag from /home/airflow/.local/lib/python3.8/site-packages/airflow/example_dags/example_sla_dag.py
[2023-11-20T19:24:28.599+0000] {processor.py:839} INFO - DAG(s) dict_keys(['example_sla_dag']) retrieved from /home/airflow/.local/lib/python3.8/site-packages/airflow/example_dags/example_sla_dag.py
[2023-11-20T19:24:28.624+0000] {logging_mixin.py:151} INFO - [2023-11-20T19:24:28.623+0000] {dag.py:2941} INFO - Sync 1 DAGs
[2023-11-20T19:24:28.653+0000] {logging_mixin.py:151} INFO - [2023-11-20T19:24:28.653+0000] {dag.py:3722} INFO - Setting next_dagrun for example_sla_dag to 2023-11-20T19:22:00+00:00, run_after=2023-11-20T19:24:00+00:00
[2023-11-20T19:24:28.675+0000] {processor.py:179} INFO - Processing /home/airflow/.local/lib/python3.8/site-packages/airflow/example_dags/example_sla_dag.py took 0.092 seconds
[2023-11-20T19:25:22.773+0000] {processor.py:157} INFO - Started process (PID=523) to work on /home/airflow/.local/lib/python3.8/site-packages/airflow/example_dags/example_sla_dag.py
[2023-11-20T19:25:22.780+0000] {processor.py:829} INFO - Processing file /home/airflow/.local/lib/python3.8/site-packages/airflow/example_dags/example_sla_dag.py for tasks to queue
[2023-11-20T19:25:22.781+0000] {logging_mixin.py:151} INFO - [2023-11-20T19:25:22.780+0000] {dagbag.py:536} INFO - Filling up the DagBag from /home/airflow/.local/lib/python3.8/site-packages/airflow/example_dags/example_sla_dag.py
[2023-11-20T19:25:22.793+0000] {processor.py:839} INFO - DAG(s) dict_keys(['example_sla_dag']) retrieved from /home/airflow/.local/lib/python3.8/site-packages/airflow/example_dags/example_sla_dag.py
[2023-11-20T19:25:22.868+0000] {logging_mixin.py:151} INFO - [2023-11-20T19:25:22.868+0000] {dag.py:2941} INFO - Sync 1 DAGs
[2023-11-20T19:25:22.903+0000] {logging_mixin.py:151} INFO - [2023-11-20T19:25:22.902+0000] {dag.py:3722} INFO - Setting next_dagrun for example_sla_dag to 2023-11-20T19:22:00+00:00, run_after=2023-11-20T19:24:00+00:00
[2023-11-20T19:25:22.952+0000] {processor.py:179} INFO - Processing /home/airflow/.local/lib/python3.8/site-packages/airflow/example_dags/example_sla_dag.py took 0.185 seconds
[2023-11-20T19:25:55.610+0000] {processor.py:157} INFO - Started process (PID=586) to work on /home/airflow/.local/lib/python3.8/site-packages/airflow/example_dags/example_sla_dag.py
[2023-11-20T19:25:55.613+0000] {processor.py:829} INFO - Processing file /home/airflow/.local/lib/python3.8/site-packages/airflow/example_dags/example_sla_dag.py for tasks to queue
[2023-11-20T19:25:55.615+0000] {logging_mixin.py:151} INFO - [2023-11-20T19:25:55.614+0000] {dagbag.py:536} INFO - Filling up the DagBag from /home/airflow/.local/lib/python3.8/site-packages/airflow/example_dags/example_sla_dag.py
[2023-11-20T19:25:55.628+0000] {processor.py:839} INFO - DAG(s) dict_keys(['example_sla_dag']) retrieved from /home/airflow/.local/lib/python3.8/site-packages/airflow/example_dags/example_sla_dag.py
[2023-11-20T19:25:55.666+0000] {logging_mixin.py:151} INFO - [2023-11-20T19:25:55.666+0000] {dag.py:2941} INFO - Sync 1 DAGs
[2023-11-20T19:25:55.703+0000] {logging_mixin.py:151} INFO - [2023-11-20T19:25:55.703+0000] {dag.py:3722} INFO - Setting next_dagrun for example_sla_dag to 2023-11-20T19:22:00+00:00, run_after=2023-11-20T19:24:00+00:00
[2023-11-20T19:25:55.726+0000] {processor.py:179} INFO - Processing /home/airflow/.local/lib/python3.8/site-packages/airflow/example_dags/example_sla_dag.py took 0.121 seconds
[2023-11-20T19:26:29.137+0000] {processor.py:157} INFO - Started process (PID=654) to work on /home/airflow/.local/lib/python3.8/site-packages/airflow/example_dags/example_sla_dag.py
[2023-11-20T19:26:29.145+0000] {processor.py:829} INFO - Processing file /home/airflow/.local/lib/python3.8/site-packages/airflow/example_dags/example_sla_dag.py for tasks to queue
[2023-11-20T19:26:29.147+0000] {logging_mixin.py:151} INFO - [2023-11-20T19:26:29.146+0000] {dagbag.py:536} INFO - Filling up the DagBag from /home/airflow/.local/lib/python3.8/site-packages/airflow/example_dags/example_sla_dag.py
[2023-11-20T19:26:29.159+0000] {processor.py:839} INFO - DAG(s) dict_keys(['example_sla_dag']) retrieved from /home/airflow/.local/lib/python3.8/site-packages/airflow/example_dags/example_sla_dag.py
[2023-11-20T19:26:29.187+0000] {logging_mixin.py:151} INFO - [2023-11-20T19:26:29.186+0000] {dag.py:2941} INFO - Sync 1 DAGs
[2023-11-20T19:26:29.225+0000] {logging_mixin.py:151} INFO - [2023-11-20T19:26:29.225+0000] {dag.py:3722} INFO - Setting next_dagrun for example_sla_dag to 2023-11-20T19:24:00+00:00, run_after=2023-11-20T19:26:00+00:00
[2023-11-20T19:26:29.247+0000] {processor.py:179} INFO - Processing /home/airflow/.local/lib/python3.8/site-packages/airflow/example_dags/example_sla_dag.py took 0.114 seconds
[2023-11-20T19:27:03.573+0000] {processor.py:157} INFO - Started process (PID=714) to work on /home/airflow/.local/lib/python3.8/site-packages/airflow/example_dags/example_sla_dag.py
[2023-11-20T19:27:03.580+0000] {processor.py:829} INFO - Processing file /home/airflow/.local/lib/python3.8/site-packages/airflow/example_dags/example_sla_dag.py for tasks to queue
[2023-11-20T19:27:03.587+0000] {logging_mixin.py:151} INFO - [2023-11-20T19:27:03.585+0000] {dagbag.py:536} INFO - Filling up the DagBag from /home/airflow/.local/lib/python3.8/site-packages/airflow/example_dags/example_sla_dag.py
[2023-11-20T19:27:03.644+0000] {processor.py:839} INFO - DAG(s) dict_keys(['example_sla_dag']) retrieved from /home/airflow/.local/lib/python3.8/site-packages/airflow/example_dags/example_sla_dag.py
[2023-11-20T19:27:03.742+0000] {logging_mixin.py:151} INFO - [2023-11-20T19:27:03.742+0000] {dag.py:2941} INFO - Sync 1 DAGs
[2023-11-20T19:27:03.799+0000] {logging_mixin.py:151} INFO - [2023-11-20T19:27:03.799+0000] {dag.py:3722} INFO - Setting next_dagrun for example_sla_dag to 2023-11-20T19:24:00+00:00, run_after=2023-11-20T19:26:00+00:00
[2023-11-20T19:27:03.857+0000] {processor.py:179} INFO - Processing /home/airflow/.local/lib/python3.8/site-packages/airflow/example_dags/example_sla_dag.py took 0.298 seconds
[2023-11-20T19:27:36.891+0000] {processor.py:157} INFO - Started process (PID=774) to work on /home/airflow/.local/lib/python3.8/site-packages/airflow/example_dags/example_sla_dag.py
[2023-11-20T19:27:36.894+0000] {processor.py:829} INFO - Processing file /home/airflow/.local/lib/python3.8/site-packages/airflow/example_dags/example_sla_dag.py for tasks to queue
[2023-11-20T19:27:36.895+0000] {logging_mixin.py:151} INFO - [2023-11-20T19:27:36.895+0000] {dagbag.py:536} INFO - Filling up the DagBag from /home/airflow/.local/lib/python3.8/site-packages/airflow/example_dags/example_sla_dag.py
[2023-11-20T19:27:36.911+0000] {processor.py:839} INFO - DAG(s) dict_keys(['example_sla_dag']) retrieved from /home/airflow/.local/lib/python3.8/site-packages/airflow/example_dags/example_sla_dag.py
[2023-11-20T19:27:36.975+0000] {logging_mixin.py:151} INFO - [2023-11-20T19:27:36.974+0000] {dag.py:2941} INFO - Sync 1 DAGs
[2023-11-20T19:27:37.063+0000] {logging_mixin.py:151} INFO - [2023-11-20T19:27:37.063+0000] {dag.py:3722} INFO - Setting next_dagrun for example_sla_dag to 2023-11-20T19:24:00+00:00, run_after=2023-11-20T19:26:00+00:00
[2023-11-20T19:27:37.113+0000] {processor.py:179} INFO - Processing /home/airflow/.local/lib/python3.8/site-packages/airflow/example_dags/example_sla_dag.py took 0.229 seconds
[2023-11-20T19:28:10.019+0000] {processor.py:157} INFO - Started process (PID=835) to work on /home/airflow/.local/lib/python3.8/site-packages/airflow/example_dags/example_sla_dag.py
[2023-11-20T19:28:10.021+0000] {processor.py:829} INFO - Processing file /home/airflow/.local/lib/python3.8/site-packages/airflow/example_dags/example_sla_dag.py for tasks to queue
[2023-11-20T19:28:10.024+0000] {logging_mixin.py:151} INFO - [2023-11-20T19:28:10.023+0000] {dagbag.py:536} INFO - Filling up the DagBag from /home/airflow/.local/lib/python3.8/site-packages/airflow/example_dags/example_sla_dag.py
[2023-11-20T19:28:10.049+0000] {processor.py:839} INFO - DAG(s) dict_keys(['example_sla_dag']) retrieved from /home/airflow/.local/lib/python3.8/site-packages/airflow/example_dags/example_sla_dag.py
[2023-11-20T19:28:10.101+0000] {logging_mixin.py:151} INFO - [2023-11-20T19:28:10.097+0000] {dag.py:2941} INFO - Sync 1 DAGs
[2023-11-20T19:28:10.180+0000] {logging_mixin.py:151} INFO - [2023-11-20T19:28:10.179+0000] {dag.py:3722} INFO - Setting next_dagrun for example_sla_dag to 2023-11-20T19:26:00+00:00, run_after=2023-11-20T19:28:00+00:00
[2023-11-20T19:28:10.250+0000] {processor.py:179} INFO - Processing /home/airflow/.local/lib/python3.8/site-packages/airflow/example_dags/example_sla_dag.py took 0.235 seconds
[2023-11-20T19:28:42.454+0000] {processor.py:157} INFO - Started process (PID=895) to work on /home/airflow/.local/lib/python3.8/site-packages/airflow/example_dags/example_sla_dag.py
[2023-11-20T19:28:42.459+0000] {processor.py:829} INFO - Processing file /home/airflow/.local/lib/python3.8/site-packages/airflow/example_dags/example_sla_dag.py for tasks to queue
[2023-11-20T19:28:42.462+0000] {logging_mixin.py:151} INFO - [2023-11-20T19:28:42.461+0000] {dagbag.py:536} INFO - Filling up the DagBag from /home/airflow/.local/lib/python3.8/site-packages/airflow/example_dags/example_sla_dag.py
[2023-11-20T19:28:42.516+0000] {processor.py:839} INFO - DAG(s) dict_keys(['example_sla_dag']) retrieved from /home/airflow/.local/lib/python3.8/site-packages/airflow/example_dags/example_sla_dag.py
[2023-11-20T19:28:42.629+0000] {logging_mixin.py:151} INFO - [2023-11-20T19:28:42.628+0000] {dag.py:2941} INFO - Sync 1 DAGs
[2023-11-20T19:28:42.783+0000] {logging_mixin.py:151} INFO - [2023-11-20T19:28:42.782+0000] {dag.py:3722} INFO - Setting next_dagrun for example_sla_dag to 2023-11-20T19:26:00+00:00, run_after=2023-11-20T19:28:00+00:00
[2023-11-20T19:28:42.833+0000] {processor.py:179} INFO - Processing /home/airflow/.local/lib/python3.8/site-packages/airflow/example_dags/example_sla_dag.py took 0.401 seconds
[2023-11-20T19:29:23.137+0000] {processor.py:157} INFO - Started process (PID=968) to work on /home/airflow/.local/lib/python3.8/site-packages/airflow/example_dags/example_sla_dag.py
[2023-11-20T19:29:23.142+0000] {processor.py:829} INFO - Processing file /home/airflow/.local/lib/python3.8/site-packages/airflow/example_dags/example_sla_dag.py for tasks to queue
[2023-11-20T19:29:23.145+0000] {logging_mixin.py:151} INFO - [2023-11-20T19:29:23.144+0000] {dagbag.py:536} INFO - Filling up the DagBag from /home/airflow/.local/lib/python3.8/site-packages/airflow/example_dags/example_sla_dag.py
[2023-11-20T19:29:23.174+0000] {processor.py:839} INFO - DAG(s) dict_keys(['example_sla_dag']) retrieved from /home/airflow/.local/lib/python3.8/site-packages/airflow/example_dags/example_sla_dag.py
[2023-11-20T19:29:23.249+0000] {logging_mixin.py:151} INFO - [2023-11-20T19:29:23.248+0000] {dag.py:2941} INFO - Sync 1 DAGs
[2023-11-20T19:29:23.335+0000] {logging_mixin.py:151} INFO - [2023-11-20T19:29:23.335+0000] {dag.py:3722} INFO - Setting next_dagrun for example_sla_dag to 2023-11-20T19:26:00+00:00, run_after=2023-11-20T19:28:00+00:00
[2023-11-20T19:29:23.412+0000] {processor.py:179} INFO - Processing /home/airflow/.local/lib/python3.8/site-packages/airflow/example_dags/example_sla_dag.py took 0.296 seconds
[2023-11-20T19:29:54.712+0000] {processor.py:157} INFO - Started process (PID=1029) to work on /home/airflow/.local/lib/python3.8/site-packages/airflow/example_dags/example_sla_dag.py
[2023-11-20T19:29:54.717+0000] {processor.py:829} INFO - Processing file /home/airflow/.local/lib/python3.8/site-packages/airflow/example_dags/example_sla_dag.py for tasks to queue
[2023-11-20T19:29:54.719+0000] {logging_mixin.py:151} INFO - [2023-11-20T19:29:54.718+0000] {dagbag.py:536} INFO - Filling up the DagBag from /home/airflow/.local/lib/python3.8/site-packages/airflow/example_dags/example_sla_dag.py
[2023-11-20T19:29:54.744+0000] {processor.py:839} INFO - DAG(s) dict_keys(['example_sla_dag']) retrieved from /home/airflow/.local/lib/python3.8/site-packages/airflow/example_dags/example_sla_dag.py
[2023-11-20T19:29:54.797+0000] {logging_mixin.py:151} INFO - [2023-11-20T19:29:54.796+0000] {dag.py:2941} INFO - Sync 1 DAGs
[2023-11-20T19:29:54.876+0000] {logging_mixin.py:151} INFO - [2023-11-20T19:29:54.876+0000] {dag.py:3722} INFO - Setting next_dagrun for example_sla_dag to 2023-11-20T19:26:00+00:00, run_after=2023-11-20T19:28:00+00:00
[2023-11-20T19:29:54.930+0000] {processor.py:179} INFO - Processing /home/airflow/.local/lib/python3.8/site-packages/airflow/example_dags/example_sla_dag.py took 0.226 seconds
[2023-11-20T19:30:28.270+0000] {processor.py:157} INFO - Started process (PID=1089) to work on /home/airflow/.local/lib/python3.8/site-packages/airflow/example_dags/example_sla_dag.py
[2023-11-20T19:30:28.273+0000] {processor.py:829} INFO - Processing file /home/airflow/.local/lib/python3.8/site-packages/airflow/example_dags/example_sla_dag.py for tasks to queue
[2023-11-20T19:30:28.277+0000] {logging_mixin.py:151} INFO - [2023-11-20T19:30:28.277+0000] {dagbag.py:536} INFO - Filling up the DagBag from /home/airflow/.local/lib/python3.8/site-packages/airflow/example_dags/example_sla_dag.py
[2023-11-20T19:30:28.307+0000] {processor.py:839} INFO - DAG(s) dict_keys(['example_sla_dag']) retrieved from /home/airflow/.local/lib/python3.8/site-packages/airflow/example_dags/example_sla_dag.py
[2023-11-20T19:30:28.382+0000] {logging_mixin.py:151} INFO - [2023-11-20T19:30:28.381+0000] {dag.py:2941} INFO - Sync 1 DAGs
[2023-11-20T19:30:28.484+0000] {logging_mixin.py:151} INFO - [2023-11-20T19:30:28.484+0000] {dag.py:3722} INFO - Setting next_dagrun for example_sla_dag to 2023-11-20T19:28:00+00:00, run_after=2023-11-20T19:30:00+00:00
[2023-11-20T19:30:28.545+0000] {processor.py:179} INFO - Processing /home/airflow/.local/lib/python3.8/site-packages/airflow/example_dags/example_sla_dag.py took 0.280 seconds
[2023-11-20T19:31:10.937+0000] {processor.py:157} INFO - Started process (PID=1149) to work on /home/airflow/.local/lib/python3.8/site-packages/airflow/example_dags/example_sla_dag.py
[2023-11-20T19:31:10.944+0000] {processor.py:829} INFO - Processing file /home/airflow/.local/lib/python3.8/site-packages/airflow/example_dags/example_sla_dag.py for tasks to queue
[2023-11-20T19:31:10.950+0000] {logging_mixin.py:151} INFO - [2023-11-20T19:31:10.949+0000] {dagbag.py:536} INFO - Filling up the DagBag from /home/airflow/.local/lib/python3.8/site-packages/airflow/example_dags/example_sla_dag.py
[2023-11-20T19:31:10.987+0000] {processor.py:839} INFO - DAG(s) dict_keys(['example_sla_dag']) retrieved from /home/airflow/.local/lib/python3.8/site-packages/airflow/example_dags/example_sla_dag.py
[2023-11-20T19:31:11.176+0000] {logging_mixin.py:151} INFO - [2023-11-20T19:31:11.175+0000] {dag.py:2941} INFO - Sync 1 DAGs
[2023-11-20T19:31:11.502+0000] {logging_mixin.py:151} INFO - [2023-11-20T19:31:11.493+0000] {dag.py:3722} INFO - Setting next_dagrun for example_sla_dag to 2023-11-20T19:28:00+00:00, run_after=2023-11-20T19:30:00+00:00
[2023-11-20T19:31:11.663+0000] {processor.py:179} INFO - Processing /home/airflow/.local/lib/python3.8/site-packages/airflow/example_dags/example_sla_dag.py took 0.748 seconds
[2023-11-20T19:31:43.566+0000] {processor.py:157} INFO - Started process (PID=1209) to work on /home/airflow/.local/lib/python3.8/site-packages/airflow/example_dags/example_sla_dag.py
[2023-11-20T19:31:43.569+0000] {processor.py:829} INFO - Processing file /home/airflow/.local/lib/python3.8/site-packages/airflow/example_dags/example_sla_dag.py for tasks to queue
[2023-11-20T19:31:43.571+0000] {logging_mixin.py:151} INFO - [2023-11-20T19:31:43.570+0000] {dagbag.py:536} INFO - Filling up the DagBag from /home/airflow/.local/lib/python3.8/site-packages/airflow/example_dags/example_sla_dag.py
[2023-11-20T19:31:43.608+0000] {processor.py:839} INFO - DAG(s) dict_keys(['example_sla_dag']) retrieved from /home/airflow/.local/lib/python3.8/site-packages/airflow/example_dags/example_sla_dag.py
[2023-11-20T19:31:43.676+0000] {logging_mixin.py:151} INFO - [2023-11-20T19:31:43.676+0000] {dag.py:2941} INFO - Sync 1 DAGs
[2023-11-20T19:31:43.801+0000] {logging_mixin.py:151} INFO - [2023-11-20T19:31:43.801+0000] {dag.py:3722} INFO - Setting next_dagrun for example_sla_dag to 2023-11-20T19:28:00+00:00, run_after=2023-11-20T19:30:00+00:00
[2023-11-20T19:31:43.871+0000] {processor.py:179} INFO - Processing /home/airflow/.local/lib/python3.8/site-packages/airflow/example_dags/example_sla_dag.py took 0.314 seconds
[2023-11-20T19:33:29.730+0000] {processor.py:157} INFO - Started process (PID=1288) to work on /home/airflow/.local/lib/python3.8/site-packages/airflow/example_dags/example_sla_dag.py
[2023-11-20T19:33:29.738+0000] {processor.py:829} INFO - Processing file /home/airflow/.local/lib/python3.8/site-packages/airflow/example_dags/example_sla_dag.py for tasks to queue
[2023-11-20T19:33:29.741+0000] {logging_mixin.py:151} INFO - [2023-11-20T19:33:29.739+0000] {dagbag.py:536} INFO - Filling up the DagBag from /home/airflow/.local/lib/python3.8/site-packages/airflow/example_dags/example_sla_dag.py
[2023-11-20T19:33:29.771+0000] {processor.py:839} INFO - DAG(s) dict_keys(['example_sla_dag']) retrieved from /home/airflow/.local/lib/python3.8/site-packages/airflow/example_dags/example_sla_dag.py
[2023-11-20T19:33:29.871+0000] {logging_mixin.py:151} INFO - [2023-11-20T19:33:29.870+0000] {dag.py:2941} INFO - Sync 1 DAGs
[2023-11-20T19:33:29.995+0000] {logging_mixin.py:151} INFO - [2023-11-20T19:33:29.994+0000] {dag.py:3722} INFO - Setting next_dagrun for example_sla_dag to 2023-11-20T19:30:00+00:00, run_after=2023-11-20T19:32:00+00:00
[2023-11-20T19:33:30.146+0000] {processor.py:179} INFO - Processing /home/airflow/.local/lib/python3.8/site-packages/airflow/example_dags/example_sla_dag.py took 0.424 seconds
[2023-11-20T19:34:01.556+0000] {processor.py:157} INFO - Started process (PID=1345) to work on /home/airflow/.local/lib/python3.8/site-packages/airflow/example_dags/example_sla_dag.py
[2023-11-20T19:34:01.567+0000] {processor.py:829} INFO - Processing file /home/airflow/.local/lib/python3.8/site-packages/airflow/example_dags/example_sla_dag.py for tasks to queue
[2023-11-20T19:34:01.570+0000] {logging_mixin.py:151} INFO - [2023-11-20T19:34:01.569+0000] {dagbag.py:536} INFO - Filling up the DagBag from /home/airflow/.local/lib/python3.8/site-packages/airflow/example_dags/example_sla_dag.py
[2023-11-20T19:34:01.609+0000] {processor.py:839} INFO - DAG(s) dict_keys(['example_sla_dag']) retrieved from /home/airflow/.local/lib/python3.8/site-packages/airflow/example_dags/example_sla_dag.py
[2023-11-20T19:34:01.659+0000] {logging_mixin.py:151} INFO - [2023-11-20T19:34:01.658+0000] {dag.py:2941} INFO - Sync 1 DAGs
[2023-11-20T19:34:01.736+0000] {logging_mixin.py:151} INFO - [2023-11-20T19:34:01.736+0000] {dag.py:3722} INFO - Setting next_dagrun for example_sla_dag to 2023-11-20T19:32:00+00:00, run_after=2023-11-20T19:34:00+00:00
[2023-11-20T19:34:01.827+0000] {processor.py:179} INFO - Processing /home/airflow/.local/lib/python3.8/site-packages/airflow/example_dags/example_sla_dag.py took 0.297 seconds
[2023-11-20T19:34:35.880+0000] {processor.py:157} INFO - Started process (PID=1405) to work on /home/airflow/.local/lib/python3.8/site-packages/airflow/example_dags/example_sla_dag.py
[2023-11-20T19:34:35.905+0000] {processor.py:829} INFO - Processing file /home/airflow/.local/lib/python3.8/site-packages/airflow/example_dags/example_sla_dag.py for tasks to queue
[2023-11-20T19:34:35.919+0000] {logging_mixin.py:151} INFO - [2023-11-20T19:34:35.916+0000] {dagbag.py:536} INFO - Filling up the DagBag from /home/airflow/.local/lib/python3.8/site-packages/airflow/example_dags/example_sla_dag.py
[2023-11-20T19:34:36.007+0000] {processor.py:839} INFO - DAG(s) dict_keys(['example_sla_dag']) retrieved from /home/airflow/.local/lib/python3.8/site-packages/airflow/example_dags/example_sla_dag.py
[2023-11-20T19:34:36.209+0000] {logging_mixin.py:151} INFO - [2023-11-20T19:34:36.208+0000] {dag.py:2941} INFO - Sync 1 DAGs
[2023-11-20T19:34:36.409+0000] {logging_mixin.py:151} INFO - [2023-11-20T19:34:36.408+0000] {dag.py:3722} INFO - Setting next_dagrun for example_sla_dag to 2023-11-20T19:32:00+00:00, run_after=2023-11-20T19:34:00+00:00
[2023-11-20T19:34:36.688+0000] {processor.py:179} INFO - Processing /home/airflow/.local/lib/python3.8/site-packages/airflow/example_dags/example_sla_dag.py took 0.842 seconds
[2023-11-20T19:35:06.836+0000] {processor.py:157} INFO - Started process (PID=1465) to work on /home/airflow/.local/lib/python3.8/site-packages/airflow/example_dags/example_sla_dag.py
[2023-11-20T19:35:06.838+0000] {processor.py:829} INFO - Processing file /home/airflow/.local/lib/python3.8/site-packages/airflow/example_dags/example_sla_dag.py for tasks to queue
[2023-11-20T19:35:06.840+0000] {logging_mixin.py:151} INFO - [2023-11-20T19:35:06.840+0000] {dagbag.py:536} INFO - Filling up the DagBag from /home/airflow/.local/lib/python3.8/site-packages/airflow/example_dags/example_sla_dag.py
[2023-11-20T19:35:06.865+0000] {processor.py:839} INFO - DAG(s) dict_keys(['example_sla_dag']) retrieved from /home/airflow/.local/lib/python3.8/site-packages/airflow/example_dags/example_sla_dag.py
[2023-11-20T19:35:06.929+0000] {logging_mixin.py:151} INFO - [2023-11-20T19:35:06.929+0000] {dag.py:2941} INFO - Sync 1 DAGs
[2023-11-20T19:35:07.002+0000] {logging_mixin.py:151} INFO - [2023-11-20T19:35:07.002+0000] {dag.py:3722} INFO - Setting next_dagrun for example_sla_dag to 2023-11-20T19:32:00+00:00, run_after=2023-11-20T19:34:00+00:00
[2023-11-20T19:35:07.045+0000] {processor.py:179} INFO - Processing /home/airflow/.local/lib/python3.8/site-packages/airflow/example_dags/example_sla_dag.py took 0.220 seconds
[2023-11-20T19:35:42.131+0000] {processor.py:157} INFO - Started process (PID=1532) to work on /home/airflow/.local/lib/python3.8/site-packages/airflow/example_dags/example_sla_dag.py
[2023-11-20T19:35:42.134+0000] {processor.py:829} INFO - Processing file /home/airflow/.local/lib/python3.8/site-packages/airflow/example_dags/example_sla_dag.py for tasks to queue
[2023-11-20T19:35:42.137+0000] {logging_mixin.py:151} INFO - [2023-11-20T19:35:42.136+0000] {dagbag.py:536} INFO - Filling up the DagBag from /home/airflow/.local/lib/python3.8/site-packages/airflow/example_dags/example_sla_dag.py
[2023-11-20T19:35:42.161+0000] {processor.py:839} INFO - DAG(s) dict_keys(['example_sla_dag']) retrieved from /home/airflow/.local/lib/python3.8/site-packages/airflow/example_dags/example_sla_dag.py
[2023-11-20T19:35:42.300+0000] {logging_mixin.py:151} INFO - [2023-11-20T19:35:42.300+0000] {dag.py:2941} INFO - Sync 1 DAGs
[2023-11-20T19:35:42.425+0000] {logging_mixin.py:151} INFO - [2023-11-20T19:35:42.425+0000] {dag.py:3722} INFO - Setting next_dagrun for example_sla_dag to 2023-11-20T19:32:00+00:00, run_after=2023-11-20T19:34:00+00:00
[2023-11-20T19:35:42.465+0000] {processor.py:179} INFO - Processing /home/airflow/.local/lib/python3.8/site-packages/airflow/example_dags/example_sla_dag.py took 0.347 seconds
[2023-11-20T19:36:12.512+0000] {processor.py:157} INFO - Started process (PID=1590) to work on /home/airflow/.local/lib/python3.8/site-packages/airflow/example_dags/example_sla_dag.py
[2023-11-20T19:36:12.514+0000] {processor.py:829} INFO - Processing file /home/airflow/.local/lib/python3.8/site-packages/airflow/example_dags/example_sla_dag.py for tasks to queue
[2023-11-20T19:36:12.518+0000] {logging_mixin.py:151} INFO - [2023-11-20T19:36:12.515+0000] {dagbag.py:536} INFO - Filling up the DagBag from /home/airflow/.local/lib/python3.8/site-packages/airflow/example_dags/example_sla_dag.py
[2023-11-20T19:36:12.538+0000] {processor.py:839} INFO - DAG(s) dict_keys(['example_sla_dag']) retrieved from /home/airflow/.local/lib/python3.8/site-packages/airflow/example_dags/example_sla_dag.py
[2023-11-20T19:36:12.574+0000] {logging_mixin.py:151} INFO - [2023-11-20T19:36:12.573+0000] {dag.py:2941} INFO - Sync 1 DAGs
[2023-11-20T19:36:12.619+0000] {logging_mixin.py:151} INFO - [2023-11-20T19:36:12.618+0000] {dag.py:3722} INFO - Setting next_dagrun for example_sla_dag to 2023-11-20T19:34:00+00:00, run_after=2023-11-20T19:36:00+00:00
[2023-11-20T19:36:12.646+0000] {processor.py:179} INFO - Processing /home/airflow/.local/lib/python3.8/site-packages/airflow/example_dags/example_sla_dag.py took 0.140 seconds
[2023-11-20T19:36:43.604+0000] {processor.py:157} INFO - Started process (PID=1638) to work on /home/airflow/.local/lib/python3.8/site-packages/airflow/example_dags/example_sla_dag.py
[2023-11-20T19:36:43.605+0000] {processor.py:829} INFO - Processing file /home/airflow/.local/lib/python3.8/site-packages/airflow/example_dags/example_sla_dag.py for tasks to queue
[2023-11-20T19:36:43.607+0000] {logging_mixin.py:151} INFO - [2023-11-20T19:36:43.607+0000] {dagbag.py:536} INFO - Filling up the DagBag from /home/airflow/.local/lib/python3.8/site-packages/airflow/example_dags/example_sla_dag.py
[2023-11-20T19:36:43.628+0000] {processor.py:839} INFO - DAG(s) dict_keys(['example_sla_dag']) retrieved from /home/airflow/.local/lib/python3.8/site-packages/airflow/example_dags/example_sla_dag.py
[2023-11-20T19:36:43.672+0000] {logging_mixin.py:151} INFO - [2023-11-20T19:36:43.672+0000] {dag.py:2941} INFO - Sync 1 DAGs
[2023-11-20T19:36:43.727+0000] {logging_mixin.py:151} INFO - [2023-11-20T19:36:43.727+0000] {dag.py:3722} INFO - Setting next_dagrun for example_sla_dag to 2023-11-20T19:34:00+00:00, run_after=2023-11-20T19:36:00+00:00
[2023-11-20T19:36:43.758+0000] {processor.py:179} INFO - Processing /home/airflow/.local/lib/python3.8/site-packages/airflow/example_dags/example_sla_dag.py took 0.175 seconds
[2023-11-20T19:37:30.270+0000] {processor.py:157} INFO - Started process (PID=1696) to work on /home/airflow/.local/lib/python3.8/site-packages/airflow/example_dags/example_sla_dag.py
[2023-11-20T19:37:30.282+0000] {processor.py:829} INFO - Processing file /home/airflow/.local/lib/python3.8/site-packages/airflow/example_dags/example_sla_dag.py for tasks to queue
[2023-11-20T19:37:30.283+0000] {logging_mixin.py:151} INFO - [2023-11-20T19:37:30.283+0000] {dagbag.py:536} INFO - Filling up the DagBag from /home/airflow/.local/lib/python3.8/site-packages/airflow/example_dags/example_sla_dag.py
[2023-11-20T19:37:30.371+0000] {processor.py:839} INFO - DAG(s) dict_keys(['example_sla_dag']) retrieved from /home/airflow/.local/lib/python3.8/site-packages/airflow/example_dags/example_sla_dag.py
[2023-11-20T19:37:30.417+0000] {logging_mixin.py:151} INFO - [2023-11-20T19:37:30.417+0000] {dag.py:2941} INFO - Sync 1 DAGs
[2023-11-20T19:37:30.484+0000] {logging_mixin.py:151} INFO - [2023-11-20T19:37:30.483+0000] {dag.py:3722} INFO - Setting next_dagrun for example_sla_dag to 2023-11-20T19:34:00+00:00, run_after=2023-11-20T19:36:00+00:00
[2023-11-20T19:37:30.555+0000] {processor.py:179} INFO - Processing /home/airflow/.local/lib/python3.8/site-packages/airflow/example_dags/example_sla_dag.py took 0.291 seconds
[2023-11-20T19:38:13.509+0000] {processor.py:157} INFO - Started process (PID=1756) to work on /home/airflow/.local/lib/python3.8/site-packages/airflow/example_dags/example_sla_dag.py
[2023-11-20T19:38:13.519+0000] {processor.py:829} INFO - Processing file /home/airflow/.local/lib/python3.8/site-packages/airflow/example_dags/example_sla_dag.py for tasks to queue
[2023-11-20T19:38:13.541+0000] {logging_mixin.py:151} INFO - [2023-11-20T19:38:13.538+0000] {dagbag.py:536} INFO - Filling up the DagBag from /home/airflow/.local/lib/python3.8/site-packages/airflow/example_dags/example_sla_dag.py
[2023-11-20T19:38:13.613+0000] {processor.py:839} INFO - DAG(s) dict_keys(['example_sla_dag']) retrieved from /home/airflow/.local/lib/python3.8/site-packages/airflow/example_dags/example_sla_dag.py
[2023-11-20T19:38:13.803+0000] {logging_mixin.py:151} INFO - [2023-11-20T19:38:13.802+0000] {dag.py:2941} INFO - Sync 1 DAGs
[2023-11-20T19:38:13.994+0000] {logging_mixin.py:151} INFO - [2023-11-20T19:38:13.994+0000] {dag.py:3722} INFO - Setting next_dagrun for example_sla_dag to 2023-11-20T19:36:00+00:00, run_after=2023-11-20T19:38:00+00:00
[2023-11-20T19:38:14.148+0000] {processor.py:179} INFO - Processing /home/airflow/.local/lib/python3.8/site-packages/airflow/example_dags/example_sla_dag.py took 0.662 seconds
[2023-11-20T19:38:44.610+0000] {processor.py:157} INFO - Started process (PID=1816) to work on /home/airflow/.local/lib/python3.8/site-packages/airflow/example_dags/example_sla_dag.py
[2023-11-20T19:38:44.613+0000] {processor.py:829} INFO - Processing file /home/airflow/.local/lib/python3.8/site-packages/airflow/example_dags/example_sla_dag.py for tasks to queue
[2023-11-20T19:38:44.614+0000] {logging_mixin.py:151} INFO - [2023-11-20T19:38:44.614+0000] {dagbag.py:536} INFO - Filling up the DagBag from /home/airflow/.local/lib/python3.8/site-packages/airflow/example_dags/example_sla_dag.py
[2023-11-20T19:38:44.632+0000] {processor.py:839} INFO - DAG(s) dict_keys(['example_sla_dag']) retrieved from /home/airflow/.local/lib/python3.8/site-packages/airflow/example_dags/example_sla_dag.py
[2023-11-20T19:38:44.682+0000] {logging_mixin.py:151} INFO - [2023-11-20T19:38:44.681+0000] {dag.py:2941} INFO - Sync 1 DAGs
[2023-11-20T19:38:44.738+0000] {logging_mixin.py:151} INFO - [2023-11-20T19:38:44.737+0000] {dag.py:3722} INFO - Setting next_dagrun for example_sla_dag to 2023-11-20T19:36:00+00:00, run_after=2023-11-20T19:38:00+00:00
[2023-11-20T19:38:44.773+0000] {processor.py:179} INFO - Processing /home/airflow/.local/lib/python3.8/site-packages/airflow/example_dags/example_sla_dag.py took 0.170 seconds
[2023-11-20T19:39:22.835+0000] {processor.py:157} INFO - Started process (PID=1883) to work on /home/airflow/.local/lib/python3.8/site-packages/airflow/example_dags/example_sla_dag.py
[2023-11-20T19:39:22.843+0000] {processor.py:829} INFO - Processing file /home/airflow/.local/lib/python3.8/site-packages/airflow/example_dags/example_sla_dag.py for tasks to queue
[2023-11-20T19:39:22.845+0000] {logging_mixin.py:151} INFO - [2023-11-20T19:39:22.845+0000] {dagbag.py:536} INFO - Filling up the DagBag from /home/airflow/.local/lib/python3.8/site-packages/airflow/example_dags/example_sla_dag.py
[2023-11-20T19:39:22.868+0000] {processor.py:839} INFO - DAG(s) dict_keys(['example_sla_dag']) retrieved from /home/airflow/.local/lib/python3.8/site-packages/airflow/example_dags/example_sla_dag.py
[2023-11-20T19:39:22.905+0000] {logging_mixin.py:151} INFO - [2023-11-20T19:39:22.905+0000] {dag.py:2941} INFO - Sync 1 DAGs
[2023-11-20T19:39:22.958+0000] {logging_mixin.py:151} INFO - [2023-11-20T19:39:22.957+0000] {dag.py:3722} INFO - Setting next_dagrun for example_sla_dag to 2023-11-20T19:36:00+00:00, run_after=2023-11-20T19:38:00+00:00
[2023-11-20T19:39:23.021+0000] {processor.py:179} INFO - Processing /home/airflow/.local/lib/python3.8/site-packages/airflow/example_dags/example_sla_dag.py took 0.193 seconds
[2023-11-20T19:40:02.243+0000] {processor.py:157} INFO - Started process (PID=1945) to work on /home/airflow/.local/lib/python3.8/site-packages/airflow/example_dags/example_sla_dag.py
[2023-11-20T19:40:02.252+0000] {processor.py:829} INFO - Processing file /home/airflow/.local/lib/python3.8/site-packages/airflow/example_dags/example_sla_dag.py for tasks to queue
[2023-11-20T19:40:02.260+0000] {logging_mixin.py:151} INFO - [2023-11-20T19:40:02.258+0000] {dagbag.py:536} INFO - Filling up the DagBag from /home/airflow/.local/lib/python3.8/site-packages/airflow/example_dags/example_sla_dag.py
[2023-11-20T19:40:02.298+0000] {processor.py:839} INFO - DAG(s) dict_keys(['example_sla_dag']) retrieved from /home/airflow/.local/lib/python3.8/site-packages/airflow/example_dags/example_sla_dag.py
[2023-11-20T19:40:02.381+0000] {logging_mixin.py:151} INFO - [2023-11-20T19:40:02.380+0000] {dag.py:2941} INFO - Sync 1 DAGs
[2023-11-20T19:40:02.481+0000] {logging_mixin.py:151} INFO - [2023-11-20T19:40:02.481+0000] {dag.py:3722} INFO - Setting next_dagrun for example_sla_dag to 2023-11-20T19:38:00+00:00, run_after=2023-11-20T19:40:00+00:00
[2023-11-20T19:40:02.541+0000] {processor.py:179} INFO - Processing /home/airflow/.local/lib/python3.8/site-packages/airflow/example_dags/example_sla_dag.py took 0.309 seconds
[2023-11-20T19:40:35.636+0000] {processor.py:157} INFO - Started process (PID=2004) to work on /home/airflow/.local/lib/python3.8/site-packages/airflow/example_dags/example_sla_dag.py
[2023-11-20T19:40:35.644+0000] {processor.py:829} INFO - Processing file /home/airflow/.local/lib/python3.8/site-packages/airflow/example_dags/example_sla_dag.py for tasks to queue
[2023-11-20T19:40:35.648+0000] {logging_mixin.py:151} INFO - [2023-11-20T19:40:35.647+0000] {dagbag.py:536} INFO - Filling up the DagBag from /home/airflow/.local/lib/python3.8/site-packages/airflow/example_dags/example_sla_dag.py
[2023-11-20T19:40:35.693+0000] {processor.py:839} INFO - DAG(s) dict_keys(['example_sla_dag']) retrieved from /home/airflow/.local/lib/python3.8/site-packages/airflow/example_dags/example_sla_dag.py
[2023-11-20T19:40:35.826+0000] {logging_mixin.py:151} INFO - [2023-11-20T19:40:35.825+0000] {dag.py:2941} INFO - Sync 1 DAGs
[2023-11-20T19:40:36.054+0000] {logging_mixin.py:151} INFO - [2023-11-20T19:40:36.053+0000] {dag.py:3722} INFO - Setting next_dagrun for example_sla_dag to 2023-11-20T19:38:00+00:00, run_after=2023-11-20T19:40:00+00:00
[2023-11-20T19:40:36.132+0000] {processor.py:179} INFO - Processing /home/airflow/.local/lib/python3.8/site-packages/airflow/example_dags/example_sla_dag.py took 0.524 seconds
