[2023-11-20T19:19:50.514+0000] {processor.py:157} INFO - Started process (PID=134) to work on /home/airflow/.local/lib/python3.8/site-packages/airflow/example_dags/example_bash_operator.py
[2023-11-20T19:19:50.570+0000] {processor.py:829} INFO - Processing file /home/airflow/.local/lib/python3.8/site-packages/airflow/example_dags/example_bash_operator.py for tasks to queue
[2023-11-20T19:19:50.601+0000] {logging_mixin.py:151} INFO - [2023-11-20T19:19:50.585+0000] {dagbag.py:536} INFO - Filling up the DagBag from /home/airflow/.local/lib/python3.8/site-packages/airflow/example_dags/example_bash_operator.py
[2023-11-20T19:19:52.507+0000] {processor.py:839} INFO - DAG(s) dict_keys(['example_bash_operator']) retrieved from /home/airflow/.local/lib/python3.8/site-packages/airflow/example_dags/example_bash_operator.py
[2023-11-20T19:19:56.581+0000] {logging_mixin.py:151} INFO - [2023-11-20T19:19:56.438+0000] {dag.py:2941} INFO - Sync 1 DAGs
[2023-11-20T19:20:01.509+0000] {logging_mixin.py:151} INFO - [2023-11-20T19:20:01.487+0000] {dag.py:3722} INFO - Setting next_dagrun for example_bash_operator to 2023-11-19T00:00:00+00:00, run_after=2023-11-20T00:00:00+00:00
[2023-11-20T19:20:02.458+0000] {processor.py:179} INFO - Processing /home/airflow/.local/lib/python3.8/site-packages/airflow/example_dags/example_bash_operator.py took 12.084 seconds
[2023-11-20T19:21:50.077+0000] {processor.py:157} INFO - Started process (PID=208) to work on /home/airflow/.local/lib/python3.8/site-packages/airflow/example_dags/example_bash_operator.py
[2023-11-20T19:21:50.089+0000] {processor.py:829} INFO - Processing file /home/airflow/.local/lib/python3.8/site-packages/airflow/example_dags/example_bash_operator.py for tasks to queue
[2023-11-20T19:21:50.110+0000] {logging_mixin.py:151} INFO - [2023-11-20T19:21:50.092+0000] {dagbag.py:536} INFO - Filling up the DagBag from /home/airflow/.local/lib/python3.8/site-packages/airflow/example_dags/example_bash_operator.py
[2023-11-20T19:21:50.207+0000] {processor.py:839} INFO - DAG(s) dict_keys(['example_bash_operator']) retrieved from /home/airflow/.local/lib/python3.8/site-packages/airflow/example_dags/example_bash_operator.py
[2023-11-20T19:21:50.326+0000] {logging_mixin.py:151} INFO - [2023-11-20T19:21:50.325+0000] {dag.py:2941} INFO - Sync 1 DAGs
[2023-11-20T19:21:50.404+0000] {logging_mixin.py:151} INFO - [2023-11-20T19:21:50.404+0000] {dag.py:3722} INFO - Setting next_dagrun for example_bash_operator to 2023-11-19T00:00:00+00:00, run_after=2023-11-20T00:00:00+00:00
[2023-11-20T19:21:50.456+0000] {processor.py:179} INFO - Processing /home/airflow/.local/lib/python3.8/site-packages/airflow/example_dags/example_bash_operator.py took 0.403 seconds
[2023-11-20T19:22:42.445+0000] {processor.py:157} INFO - Started process (PID=275) to work on /home/airflow/.local/lib/python3.8/site-packages/airflow/example_dags/example_bash_operator.py
[2023-11-20T19:22:42.449+0000] {processor.py:829} INFO - Processing file /home/airflow/.local/lib/python3.8/site-packages/airflow/example_dags/example_bash_operator.py for tasks to queue
[2023-11-20T19:22:42.450+0000] {logging_mixin.py:151} INFO - [2023-11-20T19:22:42.450+0000] {dagbag.py:536} INFO - Filling up the DagBag from /home/airflow/.local/lib/python3.8/site-packages/airflow/example_dags/example_bash_operator.py
[2023-11-20T19:22:42.470+0000] {processor.py:839} INFO - DAG(s) dict_keys(['example_bash_operator']) retrieved from /home/airflow/.local/lib/python3.8/site-packages/airflow/example_dags/example_bash_operator.py
[2023-11-20T19:22:42.813+0000] {logging_mixin.py:151} INFO - [2023-11-20T19:22:42.812+0000] {dag.py:2941} INFO - Sync 1 DAGs
[2023-11-20T19:22:42.884+0000] {logging_mixin.py:151} INFO - [2023-11-20T19:22:42.884+0000] {dag.py:3722} INFO - Setting next_dagrun for example_bash_operator to 2023-11-19T00:00:00+00:00, run_after=2023-11-20T00:00:00+00:00
[2023-11-20T19:22:42.940+0000] {processor.py:179} INFO - Processing /home/airflow/.local/lib/python3.8/site-packages/airflow/example_dags/example_bash_operator.py took 0.502 seconds
[2023-11-20T19:23:21.178+0000] {processor.py:157} INFO - Started process (PID=335) to work on /home/airflow/.local/lib/python3.8/site-packages/airflow/example_dags/example_bash_operator.py
[2023-11-20T19:23:21.182+0000] {processor.py:829} INFO - Processing file /home/airflow/.local/lib/python3.8/site-packages/airflow/example_dags/example_bash_operator.py for tasks to queue
[2023-11-20T19:23:21.185+0000] {logging_mixin.py:151} INFO - [2023-11-20T19:23:21.184+0000] {dagbag.py:536} INFO - Filling up the DagBag from /home/airflow/.local/lib/python3.8/site-packages/airflow/example_dags/example_bash_operator.py
[2023-11-20T19:23:21.235+0000] {processor.py:839} INFO - DAG(s) dict_keys(['example_bash_operator']) retrieved from /home/airflow/.local/lib/python3.8/site-packages/airflow/example_dags/example_bash_operator.py
[2023-11-20T19:23:21.320+0000] {logging_mixin.py:151} INFO - [2023-11-20T19:23:21.320+0000] {dag.py:2941} INFO - Sync 1 DAGs
[2023-11-20T19:23:21.389+0000] {logging_mixin.py:151} INFO - [2023-11-20T19:23:21.388+0000] {dag.py:3722} INFO - Setting next_dagrun for example_bash_operator to 2023-11-19T00:00:00+00:00, run_after=2023-11-20T00:00:00+00:00
[2023-11-20T19:23:21.434+0000] {processor.py:179} INFO - Processing /home/airflow/.local/lib/python3.8/site-packages/airflow/example_dags/example_bash_operator.py took 0.266 seconds
[2023-11-20T19:23:59.368+0000] {processor.py:157} INFO - Started process (PID=400) to work on /home/airflow/.local/lib/python3.8/site-packages/airflow/example_dags/example_bash_operator.py
[2023-11-20T19:23:59.377+0000] {processor.py:829} INFO - Processing file /home/airflow/.local/lib/python3.8/site-packages/airflow/example_dags/example_bash_operator.py for tasks to queue
[2023-11-20T19:23:59.388+0000] {logging_mixin.py:151} INFO - [2023-11-20T19:23:59.386+0000] {dagbag.py:536} INFO - Filling up the DagBag from /home/airflow/.local/lib/python3.8/site-packages/airflow/example_dags/example_bash_operator.py
[2023-11-20T19:23:59.495+0000] {processor.py:839} INFO - DAG(s) dict_keys(['example_bash_operator']) retrieved from /home/airflow/.local/lib/python3.8/site-packages/airflow/example_dags/example_bash_operator.py
[2023-11-20T19:24:00.168+0000] {logging_mixin.py:151} INFO - [2023-11-20T19:24:00.167+0000] {dag.py:2941} INFO - Sync 1 DAGs
[2023-11-20T19:24:00.228+0000] {logging_mixin.py:151} INFO - [2023-11-20T19:24:00.227+0000] {dag.py:3722} INFO - Setting next_dagrun for example_bash_operator to 2023-11-19T00:00:00+00:00, run_after=2023-11-20T00:00:00+00:00
[2023-11-20T19:24:00.267+0000] {processor.py:179} INFO - Processing /home/airflow/.local/lib/python3.8/site-packages/airflow/example_dags/example_bash_operator.py took 0.929 seconds
[2023-11-20T19:24:30.951+0000] {processor.py:157} INFO - Started process (PID=460) to work on /home/airflow/.local/lib/python3.8/site-packages/airflow/example_dags/example_bash_operator.py
[2023-11-20T19:24:30.952+0000] {processor.py:829} INFO - Processing file /home/airflow/.local/lib/python3.8/site-packages/airflow/example_dags/example_bash_operator.py for tasks to queue
[2023-11-20T19:24:30.954+0000] {logging_mixin.py:151} INFO - [2023-11-20T19:24:30.953+0000] {dagbag.py:536} INFO - Filling up the DagBag from /home/airflow/.local/lib/python3.8/site-packages/airflow/example_dags/example_bash_operator.py
[2023-11-20T19:24:30.971+0000] {processor.py:839} INFO - DAG(s) dict_keys(['example_bash_operator']) retrieved from /home/airflow/.local/lib/python3.8/site-packages/airflow/example_dags/example_bash_operator.py
[2023-11-20T19:24:31.028+0000] {logging_mixin.py:151} INFO - [2023-11-20T19:24:31.028+0000] {dag.py:2941} INFO - Sync 1 DAGs
[2023-11-20T19:24:31.072+0000] {logging_mixin.py:151} INFO - [2023-11-20T19:24:31.071+0000] {dag.py:3722} INFO - Setting next_dagrun for example_bash_operator to 2023-11-19T00:00:00+00:00, run_after=2023-11-20T00:00:00+00:00
[2023-11-20T19:24:31.098+0000] {processor.py:179} INFO - Processing /home/airflow/.local/lib/python3.8/site-packages/airflow/example_dags/example_bash_operator.py took 0.153 seconds
[2023-11-20T19:25:26.019+0000] {processor.py:157} INFO - Started process (PID=537) to work on /home/airflow/.local/lib/python3.8/site-packages/airflow/example_dags/example_bash_operator.py
[2023-11-20T19:25:26.026+0000] {processor.py:829} INFO - Processing file /home/airflow/.local/lib/python3.8/site-packages/airflow/example_dags/example_bash_operator.py for tasks to queue
[2023-11-20T19:25:26.028+0000] {logging_mixin.py:151} INFO - [2023-11-20T19:25:26.028+0000] {dagbag.py:536} INFO - Filling up the DagBag from /home/airflow/.local/lib/python3.8/site-packages/airflow/example_dags/example_bash_operator.py
[2023-11-20T19:25:26.067+0000] {processor.py:839} INFO - DAG(s) dict_keys(['example_bash_operator']) retrieved from /home/airflow/.local/lib/python3.8/site-packages/airflow/example_dags/example_bash_operator.py
[2023-11-20T19:25:26.171+0000] {logging_mixin.py:151} INFO - [2023-11-20T19:25:26.171+0000] {dag.py:2941} INFO - Sync 1 DAGs
[2023-11-20T19:25:26.257+0000] {logging_mixin.py:151} INFO - [2023-11-20T19:25:26.257+0000] {dag.py:3722} INFO - Setting next_dagrun for example_bash_operator to 2023-11-19T00:00:00+00:00, run_after=2023-11-20T00:00:00+00:00
[2023-11-20T19:25:26.310+0000] {processor.py:179} INFO - Processing /home/airflow/.local/lib/python3.8/site-packages/airflow/example_dags/example_bash_operator.py took 0.302 seconds
[2023-11-20T19:25:57.179+0000] {processor.py:157} INFO - Started process (PID=598) to work on /home/airflow/.local/lib/python3.8/site-packages/airflow/example_dags/example_bash_operator.py
[2023-11-20T19:25:57.187+0000] {processor.py:829} INFO - Processing file /home/airflow/.local/lib/python3.8/site-packages/airflow/example_dags/example_bash_operator.py for tasks to queue
[2023-11-20T19:25:57.191+0000] {logging_mixin.py:151} INFO - [2023-11-20T19:25:57.190+0000] {dagbag.py:536} INFO - Filling up the DagBag from /home/airflow/.local/lib/python3.8/site-packages/airflow/example_dags/example_bash_operator.py
[2023-11-20T19:25:57.219+0000] {processor.py:839} INFO - DAG(s) dict_keys(['example_bash_operator']) retrieved from /home/airflow/.local/lib/python3.8/site-packages/airflow/example_dags/example_bash_operator.py
[2023-11-20T19:25:57.264+0000] {logging_mixin.py:151} INFO - [2023-11-20T19:25:57.264+0000] {dag.py:2941} INFO - Sync 1 DAGs
[2023-11-20T19:25:57.313+0000] {logging_mixin.py:151} INFO - [2023-11-20T19:25:57.313+0000] {dag.py:3722} INFO - Setting next_dagrun for example_bash_operator to 2023-11-19T00:00:00+00:00, run_after=2023-11-20T00:00:00+00:00
[2023-11-20T19:25:57.356+0000] {processor.py:179} INFO - Processing /home/airflow/.local/lib/python3.8/site-packages/airflow/example_dags/example_bash_operator.py took 0.187 seconds
[2023-11-20T19:26:29.573+0000] {processor.py:157} INFO - Started process (PID=659) to work on /home/airflow/.local/lib/python3.8/site-packages/airflow/example_dags/example_bash_operator.py
[2023-11-20T19:26:29.575+0000] {processor.py:829} INFO - Processing file /home/airflow/.local/lib/python3.8/site-packages/airflow/example_dags/example_bash_operator.py for tasks to queue
[2023-11-20T19:26:29.576+0000] {logging_mixin.py:151} INFO - [2023-11-20T19:26:29.576+0000] {dagbag.py:536} INFO - Filling up the DagBag from /home/airflow/.local/lib/python3.8/site-packages/airflow/example_dags/example_bash_operator.py
[2023-11-20T19:26:29.592+0000] {processor.py:839} INFO - DAG(s) dict_keys(['example_bash_operator']) retrieved from /home/airflow/.local/lib/python3.8/site-packages/airflow/example_dags/example_bash_operator.py
[2023-11-20T19:26:29.636+0000] {logging_mixin.py:151} INFO - [2023-11-20T19:26:29.636+0000] {dag.py:2941} INFO - Sync 1 DAGs
[2023-11-20T19:26:29.666+0000] {logging_mixin.py:151} INFO - [2023-11-20T19:26:29.666+0000] {dag.py:3722} INFO - Setting next_dagrun for example_bash_operator to 2023-11-19T00:00:00+00:00, run_after=2023-11-20T00:00:00+00:00
[2023-11-20T19:26:29.699+0000] {processor.py:179} INFO - Processing /home/airflow/.local/lib/python3.8/site-packages/airflow/example_dags/example_bash_operator.py took 0.131 seconds
[2023-11-20T19:27:04.142+0000] {processor.py:157} INFO - Started process (PID=719) to work on /home/airflow/.local/lib/python3.8/site-packages/airflow/example_dags/example_bash_operator.py
[2023-11-20T19:27:04.146+0000] {processor.py:829} INFO - Processing file /home/airflow/.local/lib/python3.8/site-packages/airflow/example_dags/example_bash_operator.py for tasks to queue
[2023-11-20T19:27:04.147+0000] {logging_mixin.py:151} INFO - [2023-11-20T19:27:04.147+0000] {dagbag.py:536} INFO - Filling up the DagBag from /home/airflow/.local/lib/python3.8/site-packages/airflow/example_dags/example_bash_operator.py
[2023-11-20T19:27:04.162+0000] {processor.py:839} INFO - DAG(s) dict_keys(['example_bash_operator']) retrieved from /home/airflow/.local/lib/python3.8/site-packages/airflow/example_dags/example_bash_operator.py
[2023-11-20T19:27:04.271+0000] {logging_mixin.py:151} INFO - [2023-11-20T19:27:04.271+0000] {dag.py:2941} INFO - Sync 1 DAGs
[2023-11-20T19:27:04.314+0000] {logging_mixin.py:151} INFO - [2023-11-20T19:27:04.313+0000] {dag.py:3722} INFO - Setting next_dagrun for example_bash_operator to 2023-11-19T00:00:00+00:00, run_after=2023-11-20T00:00:00+00:00
[2023-11-20T19:27:04.338+0000] {processor.py:179} INFO - Processing /home/airflow/.local/lib/python3.8/site-packages/airflow/example_dags/example_bash_operator.py took 0.200 seconds
[2023-11-20T19:27:37.551+0000] {processor.py:157} INFO - Started process (PID=779) to work on /home/airflow/.local/lib/python3.8/site-packages/airflow/example_dags/example_bash_operator.py
[2023-11-20T19:27:37.556+0000] {processor.py:829} INFO - Processing file /home/airflow/.local/lib/python3.8/site-packages/airflow/example_dags/example_bash_operator.py for tasks to queue
[2023-11-20T19:27:37.559+0000] {logging_mixin.py:151} INFO - [2023-11-20T19:27:37.559+0000] {dagbag.py:536} INFO - Filling up the DagBag from /home/airflow/.local/lib/python3.8/site-packages/airflow/example_dags/example_bash_operator.py
[2023-11-20T19:27:37.593+0000] {processor.py:839} INFO - DAG(s) dict_keys(['example_bash_operator']) retrieved from /home/airflow/.local/lib/python3.8/site-packages/airflow/example_dags/example_bash_operator.py
[2023-11-20T19:27:37.693+0000] {logging_mixin.py:151} INFO - [2023-11-20T19:27:37.693+0000] {dag.py:2941} INFO - Sync 1 DAGs
[2023-11-20T19:27:37.752+0000] {logging_mixin.py:151} INFO - [2023-11-20T19:27:37.751+0000] {dag.py:3722} INFO - Setting next_dagrun for example_bash_operator to 2023-11-19T00:00:00+00:00, run_after=2023-11-20T00:00:00+00:00
[2023-11-20T19:27:37.798+0000] {processor.py:179} INFO - Processing /home/airflow/.local/lib/python3.8/site-packages/airflow/example_dags/example_bash_operator.py took 0.254 seconds
[2023-11-20T19:28:11.012+0000] {processor.py:157} INFO - Started process (PID=840) to work on /home/airflow/.local/lib/python3.8/site-packages/airflow/example_dags/example_bash_operator.py
[2023-11-20T19:28:11.021+0000] {processor.py:829} INFO - Processing file /home/airflow/.local/lib/python3.8/site-packages/airflow/example_dags/example_bash_operator.py for tasks to queue
[2023-11-20T19:28:11.029+0000] {logging_mixin.py:151} INFO - [2023-11-20T19:28:11.029+0000] {dagbag.py:536} INFO - Filling up the DagBag from /home/airflow/.local/lib/python3.8/site-packages/airflow/example_dags/example_bash_operator.py
[2023-11-20T19:28:11.259+0000] {processor.py:839} INFO - DAG(s) dict_keys(['example_bash_operator']) retrieved from /home/airflow/.local/lib/python3.8/site-packages/airflow/example_dags/example_bash_operator.py
[2023-11-20T19:28:11.363+0000] {logging_mixin.py:151} INFO - [2023-11-20T19:28:11.363+0000] {dag.py:2941} INFO - Sync 1 DAGs
[2023-11-20T19:28:11.420+0000] {logging_mixin.py:151} INFO - [2023-11-20T19:28:11.420+0000] {dag.py:3722} INFO - Setting next_dagrun for example_bash_operator to 2023-11-19T00:00:00+00:00, run_after=2023-11-20T00:00:00+00:00
[2023-11-20T19:28:11.448+0000] {processor.py:179} INFO - Processing /home/airflow/.local/lib/python3.8/site-packages/airflow/example_dags/example_bash_operator.py took 0.453 seconds
[2023-11-20T19:28:44.432+0000] {processor.py:157} INFO - Started process (PID=912) to work on /home/airflow/.local/lib/python3.8/site-packages/airflow/example_dags/example_bash_operator.py
[2023-11-20T19:28:44.437+0000] {processor.py:829} INFO - Processing file /home/airflow/.local/lib/python3.8/site-packages/airflow/example_dags/example_bash_operator.py for tasks to queue
[2023-11-20T19:28:44.438+0000] {logging_mixin.py:151} INFO - [2023-11-20T19:28:44.438+0000] {dagbag.py:536} INFO - Filling up the DagBag from /home/airflow/.local/lib/python3.8/site-packages/airflow/example_dags/example_bash_operator.py
[2023-11-20T19:28:44.474+0000] {processor.py:839} INFO - DAG(s) dict_keys(['example_bash_operator']) retrieved from /home/airflow/.local/lib/python3.8/site-packages/airflow/example_dags/example_bash_operator.py
[2023-11-20T19:28:44.561+0000] {logging_mixin.py:151} INFO - [2023-11-20T19:28:44.560+0000] {dag.py:2941} INFO - Sync 1 DAGs
[2023-11-20T19:28:44.632+0000] {logging_mixin.py:151} INFO - [2023-11-20T19:28:44.632+0000] {dag.py:3722} INFO - Setting next_dagrun for example_bash_operator to 2023-11-19T00:00:00+00:00, run_after=2023-11-20T00:00:00+00:00
[2023-11-20T19:28:44.670+0000] {processor.py:179} INFO - Processing /home/airflow/.local/lib/python3.8/site-packages/airflow/example_dags/example_bash_operator.py took 0.244 seconds
[2023-11-20T19:29:25.364+0000] {processor.py:157} INFO - Started process (PID=973) to work on /home/airflow/.local/lib/python3.8/site-packages/airflow/example_dags/example_bash_operator.py
[2023-11-20T19:29:25.374+0000] {processor.py:829} INFO - Processing file /home/airflow/.local/lib/python3.8/site-packages/airflow/example_dags/example_bash_operator.py for tasks to queue
[2023-11-20T19:29:25.377+0000] {logging_mixin.py:151} INFO - [2023-11-20T19:29:25.377+0000] {dagbag.py:536} INFO - Filling up the DagBag from /home/airflow/.local/lib/python3.8/site-packages/airflow/example_dags/example_bash_operator.py
[2023-11-20T19:29:25.476+0000] {processor.py:839} INFO - DAG(s) dict_keys(['example_bash_operator']) retrieved from /home/airflow/.local/lib/python3.8/site-packages/airflow/example_dags/example_bash_operator.py
[2023-11-20T19:29:25.677+0000] {logging_mixin.py:151} INFO - [2023-11-20T19:29:25.676+0000] {dag.py:2941} INFO - Sync 1 DAGs
[2023-11-20T19:29:25.777+0000] {logging_mixin.py:151} INFO - [2023-11-20T19:29:25.776+0000] {dag.py:3722} INFO - Setting next_dagrun for example_bash_operator to 2023-11-19T00:00:00+00:00, run_after=2023-11-20T00:00:00+00:00
[2023-11-20T19:29:26.394+0000] {processor.py:179} INFO - Processing /home/airflow/.local/lib/python3.8/site-packages/airflow/example_dags/example_bash_operator.py took 1.046 seconds
[2023-11-20T19:29:57.283+0000] {processor.py:157} INFO - Started process (PID=1034) to work on /home/airflow/.local/lib/python3.8/site-packages/airflow/example_dags/example_bash_operator.py
[2023-11-20T19:29:57.289+0000] {processor.py:829} INFO - Processing file /home/airflow/.local/lib/python3.8/site-packages/airflow/example_dags/example_bash_operator.py for tasks to queue
[2023-11-20T19:29:57.293+0000] {logging_mixin.py:151} INFO - [2023-11-20T19:29:57.292+0000] {dagbag.py:536} INFO - Filling up the DagBag from /home/airflow/.local/lib/python3.8/site-packages/airflow/example_dags/example_bash_operator.py
[2023-11-20T19:29:57.326+0000] {processor.py:839} INFO - DAG(s) dict_keys(['example_bash_operator']) retrieved from /home/airflow/.local/lib/python3.8/site-packages/airflow/example_dags/example_bash_operator.py
[2023-11-20T19:29:57.426+0000] {logging_mixin.py:151} INFO - [2023-11-20T19:29:57.426+0000] {dag.py:2941} INFO - Sync 1 DAGs
[2023-11-20T19:29:57.473+0000] {logging_mixin.py:151} INFO - [2023-11-20T19:29:57.473+0000] {dag.py:3722} INFO - Setting next_dagrun for example_bash_operator to 2023-11-19T00:00:00+00:00, run_after=2023-11-20T00:00:00+00:00
[2023-11-20T19:29:57.561+0000] {processor.py:179} INFO - Processing /home/airflow/.local/lib/python3.8/site-packages/airflow/example_dags/example_bash_operator.py took 0.288 seconds
[2023-11-20T19:30:29.074+0000] {processor.py:157} INFO - Started process (PID=1094) to work on /home/airflow/.local/lib/python3.8/site-packages/airflow/example_dags/example_bash_operator.py
[2023-11-20T19:30:29.079+0000] {processor.py:829} INFO - Processing file /home/airflow/.local/lib/python3.8/site-packages/airflow/example_dags/example_bash_operator.py for tasks to queue
[2023-11-20T19:30:29.081+0000] {logging_mixin.py:151} INFO - [2023-11-20T19:30:29.080+0000] {dagbag.py:536} INFO - Filling up the DagBag from /home/airflow/.local/lib/python3.8/site-packages/airflow/example_dags/example_bash_operator.py
[2023-11-20T19:30:29.134+0000] {processor.py:839} INFO - DAG(s) dict_keys(['example_bash_operator']) retrieved from /home/airflow/.local/lib/python3.8/site-packages/airflow/example_dags/example_bash_operator.py
[2023-11-20T19:30:29.298+0000] {logging_mixin.py:151} INFO - [2023-11-20T19:30:29.298+0000] {dag.py:2941} INFO - Sync 1 DAGs
[2023-11-20T19:30:29.573+0000] {logging_mixin.py:151} INFO - [2023-11-20T19:30:29.572+0000] {dag.py:3722} INFO - Setting next_dagrun for example_bash_operator to 2023-11-19T00:00:00+00:00, run_after=2023-11-20T00:00:00+00:00
[2023-11-20T19:30:29.721+0000] {processor.py:179} INFO - Processing /home/airflow/.local/lib/python3.8/site-packages/airflow/example_dags/example_bash_operator.py took 0.653 seconds
[2023-11-20T19:31:12.512+0000] {processor.py:157} INFO - Started process (PID=1154) to work on /home/airflow/.local/lib/python3.8/site-packages/airflow/example_dags/example_bash_operator.py
[2023-11-20T19:31:12.515+0000] {processor.py:829} INFO - Processing file /home/airflow/.local/lib/python3.8/site-packages/airflow/example_dags/example_bash_operator.py for tasks to queue
[2023-11-20T19:31:12.519+0000] {logging_mixin.py:151} INFO - [2023-11-20T19:31:12.518+0000] {dagbag.py:536} INFO - Filling up the DagBag from /home/airflow/.local/lib/python3.8/site-packages/airflow/example_dags/example_bash_operator.py
[2023-11-20T19:31:12.637+0000] {processor.py:839} INFO - DAG(s) dict_keys(['example_bash_operator']) retrieved from /home/airflow/.local/lib/python3.8/site-packages/airflow/example_dags/example_bash_operator.py
[2023-11-20T19:31:12.915+0000] {logging_mixin.py:151} INFO - [2023-11-20T19:31:12.906+0000] {dag.py:2941} INFO - Sync 1 DAGs
[2023-11-20T19:31:13.181+0000] {logging_mixin.py:151} INFO - [2023-11-20T19:31:13.180+0000] {dag.py:3722} INFO - Setting next_dagrun for example_bash_operator to 2023-11-19T00:00:00+00:00, run_after=2023-11-20T00:00:00+00:00
[2023-11-20T19:31:13.376+0000] {processor.py:179} INFO - Processing /home/airflow/.local/lib/python3.8/site-packages/airflow/example_dags/example_bash_operator.py took 0.903 seconds
[2023-11-20T19:31:44.473+0000] {processor.py:157} INFO - Started process (PID=1214) to work on /home/airflow/.local/lib/python3.8/site-packages/airflow/example_dags/example_bash_operator.py
[2023-11-20T19:31:44.480+0000] {processor.py:829} INFO - Processing file /home/airflow/.local/lib/python3.8/site-packages/airflow/example_dags/example_bash_operator.py for tasks to queue
[2023-11-20T19:31:44.487+0000] {logging_mixin.py:151} INFO - [2023-11-20T19:31:44.485+0000] {dagbag.py:536} INFO - Filling up the DagBag from /home/airflow/.local/lib/python3.8/site-packages/airflow/example_dags/example_bash_operator.py
[2023-11-20T19:31:44.537+0000] {processor.py:839} INFO - DAG(s) dict_keys(['example_bash_operator']) retrieved from /home/airflow/.local/lib/python3.8/site-packages/airflow/example_dags/example_bash_operator.py
[2023-11-20T19:31:44.638+0000] {logging_mixin.py:151} INFO - [2023-11-20T19:31:44.638+0000] {dag.py:2941} INFO - Sync 1 DAGs
[2023-11-20T19:31:44.723+0000] {logging_mixin.py:151} INFO - [2023-11-20T19:31:44.722+0000] {dag.py:3722} INFO - Setting next_dagrun for example_bash_operator to 2023-11-19T00:00:00+00:00, run_after=2023-11-20T00:00:00+00:00
[2023-11-20T19:31:44.786+0000] {processor.py:179} INFO - Processing /home/airflow/.local/lib/python3.8/site-packages/airflow/example_dags/example_bash_operator.py took 0.336 seconds
[2023-11-20T19:33:31.436+0000] {processor.py:157} INFO - Started process (PID=1293) to work on /home/airflow/.local/lib/python3.8/site-packages/airflow/example_dags/example_bash_operator.py
[2023-11-20T19:33:31.445+0000] {processor.py:829} INFO - Processing file /home/airflow/.local/lib/python3.8/site-packages/airflow/example_dags/example_bash_operator.py for tasks to queue
[2023-11-20T19:33:31.448+0000] {logging_mixin.py:151} INFO - [2023-11-20T19:33:31.447+0000] {dagbag.py:536} INFO - Filling up the DagBag from /home/airflow/.local/lib/python3.8/site-packages/airflow/example_dags/example_bash_operator.py
[2023-11-20T19:33:31.516+0000] {processor.py:839} INFO - DAG(s) dict_keys(['example_bash_operator']) retrieved from /home/airflow/.local/lib/python3.8/site-packages/airflow/example_dags/example_bash_operator.py
[2023-11-20T19:33:31.613+0000] {logging_mixin.py:151} INFO - [2023-11-20T19:33:31.613+0000] {dag.py:2941} INFO - Sync 1 DAGs
[2023-11-20T19:33:31.762+0000] {logging_mixin.py:151} INFO - [2023-11-20T19:33:31.761+0000] {dag.py:3722} INFO - Setting next_dagrun for example_bash_operator to 2023-11-19T00:00:00+00:00, run_after=2023-11-20T00:00:00+00:00
[2023-11-20T19:33:31.871+0000] {processor.py:179} INFO - Processing /home/airflow/.local/lib/python3.8/site-packages/airflow/example_dags/example_bash_operator.py took 0.447 seconds
[2023-11-20T19:34:03.578+0000] {processor.py:157} INFO - Started process (PID=1352) to work on /home/airflow/.local/lib/python3.8/site-packages/airflow/example_dags/example_bash_operator.py
[2023-11-20T19:34:03.583+0000] {processor.py:829} INFO - Processing file /home/airflow/.local/lib/python3.8/site-packages/airflow/example_dags/example_bash_operator.py for tasks to queue
[2023-11-20T19:34:03.585+0000] {logging_mixin.py:151} INFO - [2023-11-20T19:34:03.585+0000] {dagbag.py:536} INFO - Filling up the DagBag from /home/airflow/.local/lib/python3.8/site-packages/airflow/example_dags/example_bash_operator.py
[2023-11-20T19:34:03.683+0000] {processor.py:839} INFO - DAG(s) dict_keys(['example_bash_operator']) retrieved from /home/airflow/.local/lib/python3.8/site-packages/airflow/example_dags/example_bash_operator.py
[2023-11-20T19:34:03.770+0000] {logging_mixin.py:151} INFO - [2023-11-20T19:34:03.769+0000] {dag.py:2941} INFO - Sync 1 DAGs
[2023-11-20T19:34:03.817+0000] {logging_mixin.py:151} INFO - [2023-11-20T19:34:03.817+0000] {dag.py:3722} INFO - Setting next_dagrun for example_bash_operator to 2023-11-19T00:00:00+00:00, run_after=2023-11-20T00:00:00+00:00
[2023-11-20T19:34:03.850+0000] {processor.py:179} INFO - Processing /home/airflow/.local/lib/python3.8/site-packages/airflow/example_dags/example_bash_operator.py took 0.283 seconds
[2023-11-20T19:34:45.627+0000] {processor.py:157} INFO - Started process (PID=1419) to work on /home/airflow/.local/lib/python3.8/site-packages/airflow/example_dags/example_bash_operator.py
[2023-11-20T19:34:45.631+0000] {processor.py:829} INFO - Processing file /home/airflow/.local/lib/python3.8/site-packages/airflow/example_dags/example_bash_operator.py for tasks to queue
[2023-11-20T19:34:45.639+0000] {logging_mixin.py:151} INFO - [2023-11-20T19:34:45.637+0000] {dagbag.py:536} INFO - Filling up the DagBag from /home/airflow/.local/lib/python3.8/site-packages/airflow/example_dags/example_bash_operator.py
[2023-11-20T19:34:45.722+0000] {processor.py:839} INFO - DAG(s) dict_keys(['example_bash_operator']) retrieved from /home/airflow/.local/lib/python3.8/site-packages/airflow/example_dags/example_bash_operator.py
[2023-11-20T19:34:46.138+0000] {logging_mixin.py:151} INFO - [2023-11-20T19:34:46.113+0000] {dag.py:2941} INFO - Sync 1 DAGs
[2023-11-20T19:34:46.721+0000] {logging_mixin.py:151} INFO - [2023-11-20T19:34:46.720+0000] {dag.py:3722} INFO - Setting next_dagrun for example_bash_operator to 2023-11-19T00:00:00+00:00, run_after=2023-11-20T00:00:00+00:00
[2023-11-20T19:34:46.914+0000] {processor.py:179} INFO - Processing /home/airflow/.local/lib/python3.8/site-packages/airflow/example_dags/example_bash_operator.py took 1.312 seconds
[2023-11-20T19:35:17.365+0000] {processor.py:157} INFO - Started process (PID=1477) to work on /home/airflow/.local/lib/python3.8/site-packages/airflow/example_dags/example_bash_operator.py
[2023-11-20T19:35:17.376+0000] {processor.py:829} INFO - Processing file /home/airflow/.local/lib/python3.8/site-packages/airflow/example_dags/example_bash_operator.py for tasks to queue
[2023-11-20T19:35:17.383+0000] {logging_mixin.py:151} INFO - [2023-11-20T19:35:17.381+0000] {dagbag.py:536} INFO - Filling up the DagBag from /home/airflow/.local/lib/python3.8/site-packages/airflow/example_dags/example_bash_operator.py
[2023-11-20T19:35:17.532+0000] {processor.py:839} INFO - DAG(s) dict_keys(['example_bash_operator']) retrieved from /home/airflow/.local/lib/python3.8/site-packages/airflow/example_dags/example_bash_operator.py
[2023-11-20T19:35:18.124+0000] {logging_mixin.py:151} INFO - [2023-11-20T19:35:18.123+0000] {dag.py:2941} INFO - Sync 1 DAGs
[2023-11-20T19:35:18.551+0000] {logging_mixin.py:151} INFO - [2023-11-20T19:35:18.550+0000] {dag.py:3722} INFO - Setting next_dagrun for example_bash_operator to 2023-11-19T00:00:00+00:00, run_after=2023-11-20T00:00:00+00:00
[2023-11-20T19:35:18.842+0000] {processor.py:179} INFO - Processing /home/airflow/.local/lib/python3.8/site-packages/airflow/example_dags/example_bash_operator.py took 1.567 seconds
[2023-11-20T19:35:49.078+0000] {processor.py:157} INFO - Started process (PID=1537) to work on /home/airflow/.local/lib/python3.8/site-packages/airflow/example_dags/example_bash_operator.py
[2023-11-20T19:35:49.081+0000] {processor.py:829} INFO - Processing file /home/airflow/.local/lib/python3.8/site-packages/airflow/example_dags/example_bash_operator.py for tasks to queue
[2023-11-20T19:35:49.085+0000] {logging_mixin.py:151} INFO - [2023-11-20T19:35:49.084+0000] {dagbag.py:536} INFO - Filling up the DagBag from /home/airflow/.local/lib/python3.8/site-packages/airflow/example_dags/example_bash_operator.py
[2023-11-20T19:35:49.132+0000] {processor.py:839} INFO - DAG(s) dict_keys(['example_bash_operator']) retrieved from /home/airflow/.local/lib/python3.8/site-packages/airflow/example_dags/example_bash_operator.py
[2023-11-20T19:35:49.213+0000] {logging_mixin.py:151} INFO - [2023-11-20T19:35:49.212+0000] {dag.py:2941} INFO - Sync 1 DAGs
[2023-11-20T19:35:49.288+0000] {logging_mixin.py:151} INFO - [2023-11-20T19:35:49.288+0000] {dag.py:3722} INFO - Setting next_dagrun for example_bash_operator to 2023-11-19T00:00:00+00:00, run_after=2023-11-20T00:00:00+00:00
[2023-11-20T19:35:49.359+0000] {processor.py:179} INFO - Processing /home/airflow/.local/lib/python3.8/site-packages/airflow/example_dags/example_bash_operator.py took 0.293 seconds
[2023-11-20T19:36:20.304+0000] {processor.py:157} INFO - Started process (PID=1597) to work on /home/airflow/.local/lib/python3.8/site-packages/airflow/example_dags/example_bash_operator.py
[2023-11-20T19:36:20.321+0000] {processor.py:829} INFO - Processing file /home/airflow/.local/lib/python3.8/site-packages/airflow/example_dags/example_bash_operator.py for tasks to queue
[2023-11-20T19:36:20.325+0000] {logging_mixin.py:151} INFO - [2023-11-20T19:36:20.324+0000] {dagbag.py:536} INFO - Filling up the DagBag from /home/airflow/.local/lib/python3.8/site-packages/airflow/example_dags/example_bash_operator.py
[2023-11-20T19:36:20.525+0000] {processor.py:839} INFO - DAG(s) dict_keys(['example_bash_operator']) retrieved from /home/airflow/.local/lib/python3.8/site-packages/airflow/example_dags/example_bash_operator.py
[2023-11-20T19:36:21.147+0000] {logging_mixin.py:151} INFO - [2023-11-20T19:36:21.146+0000] {dag.py:2941} INFO - Sync 1 DAGs
[2023-11-20T19:36:21.270+0000] {logging_mixin.py:151} INFO - [2023-11-20T19:36:21.270+0000] {dag.py:3722} INFO - Setting next_dagrun for example_bash_operator to 2023-11-19T00:00:00+00:00, run_after=2023-11-20T00:00:00+00:00
[2023-11-20T19:36:21.373+0000] {processor.py:179} INFO - Processing /home/airflow/.local/lib/python3.8/site-packages/airflow/example_dags/example_bash_operator.py took 1.094 seconds
[2023-11-20T19:36:51.503+0000] {processor.py:157} INFO - Started process (PID=1657) to work on /home/airflow/.local/lib/python3.8/site-packages/airflow/example_dags/example_bash_operator.py
[2023-11-20T19:36:51.505+0000] {processor.py:829} INFO - Processing file /home/airflow/.local/lib/python3.8/site-packages/airflow/example_dags/example_bash_operator.py for tasks to queue
[2023-11-20T19:36:51.508+0000] {logging_mixin.py:151} INFO - [2023-11-20T19:36:51.507+0000] {dagbag.py:536} INFO - Filling up the DagBag from /home/airflow/.local/lib/python3.8/site-packages/airflow/example_dags/example_bash_operator.py
[2023-11-20T19:36:51.556+0000] {processor.py:839} INFO - DAG(s) dict_keys(['example_bash_operator']) retrieved from /home/airflow/.local/lib/python3.8/site-packages/airflow/example_dags/example_bash_operator.py
[2023-11-20T19:36:51.750+0000] {logging_mixin.py:151} INFO - [2023-11-20T19:36:51.749+0000] {dag.py:2941} INFO - Sync 1 DAGs
[2023-11-20T19:36:51.879+0000] {logging_mixin.py:151} INFO - [2023-11-20T19:36:51.879+0000] {dag.py:3722} INFO - Setting next_dagrun for example_bash_operator to 2023-11-19T00:00:00+00:00, run_after=2023-11-20T00:00:00+00:00
[2023-11-20T19:36:52.105+0000] {processor.py:179} INFO - Processing /home/airflow/.local/lib/python3.8/site-packages/airflow/example_dags/example_bash_operator.py took 0.621 seconds
[2023-11-20T19:37:34.164+0000] {processor.py:157} INFO - Started process (PID=1715) to work on /home/airflow/.local/lib/python3.8/site-packages/airflow/example_dags/example_bash_operator.py
[2023-11-20T19:37:34.168+0000] {processor.py:829} INFO - Processing file /home/airflow/.local/lib/python3.8/site-packages/airflow/example_dags/example_bash_operator.py for tasks to queue
[2023-11-20T19:37:34.171+0000] {logging_mixin.py:151} INFO - [2023-11-20T19:37:34.170+0000] {dagbag.py:536} INFO - Filling up the DagBag from /home/airflow/.local/lib/python3.8/site-packages/airflow/example_dags/example_bash_operator.py
[2023-11-20T19:37:34.215+0000] {processor.py:839} INFO - DAG(s) dict_keys(['example_bash_operator']) retrieved from /home/airflow/.local/lib/python3.8/site-packages/airflow/example_dags/example_bash_operator.py
[2023-11-20T19:37:34.359+0000] {logging_mixin.py:151} INFO - [2023-11-20T19:37:34.358+0000] {dag.py:2941} INFO - Sync 1 DAGs
[2023-11-20T19:37:34.434+0000] {logging_mixin.py:151} INFO - [2023-11-20T19:37:34.433+0000] {dag.py:3722} INFO - Setting next_dagrun for example_bash_operator to 2023-11-19T00:00:00+00:00, run_after=2023-11-20T00:00:00+00:00
[2023-11-20T19:37:34.483+0000] {processor.py:179} INFO - Processing /home/airflow/.local/lib/python3.8/site-packages/airflow/example_dags/example_bash_operator.py took 0.335 seconds
[2023-11-20T19:38:14.914+0000] {processor.py:157} INFO - Started process (PID=1761) to work on /home/airflow/.local/lib/python3.8/site-packages/airflow/example_dags/example_bash_operator.py
[2023-11-20T19:38:14.919+0000] {processor.py:829} INFO - Processing file /home/airflow/.local/lib/python3.8/site-packages/airflow/example_dags/example_bash_operator.py for tasks to queue
[2023-11-20T19:38:14.923+0000] {logging_mixin.py:151} INFO - [2023-11-20T19:38:14.922+0000] {dagbag.py:536} INFO - Filling up the DagBag from /home/airflow/.local/lib/python3.8/site-packages/airflow/example_dags/example_bash_operator.py
[2023-11-20T19:38:15.002+0000] {processor.py:839} INFO - DAG(s) dict_keys(['example_bash_operator']) retrieved from /home/airflow/.local/lib/python3.8/site-packages/airflow/example_dags/example_bash_operator.py
[2023-11-20T19:38:15.319+0000] {logging_mixin.py:151} INFO - [2023-11-20T19:38:15.319+0000] {dag.py:2941} INFO - Sync 1 DAGs
[2023-11-20T19:38:15.404+0000] {logging_mixin.py:151} INFO - [2023-11-20T19:38:15.404+0000] {dag.py:3722} INFO - Setting next_dagrun for example_bash_operator to 2023-11-19T00:00:00+00:00, run_after=2023-11-20T00:00:00+00:00
[2023-11-20T19:38:15.435+0000] {processor.py:179} INFO - Processing /home/airflow/.local/lib/python3.8/site-packages/airflow/example_dags/example_bash_operator.py took 0.532 seconds
[2023-11-20T19:38:45.580+0000] {processor.py:157} INFO - Started process (PID=1821) to work on /home/airflow/.local/lib/python3.8/site-packages/airflow/example_dags/example_bash_operator.py
[2023-11-20T19:38:45.584+0000] {processor.py:829} INFO - Processing file /home/airflow/.local/lib/python3.8/site-packages/airflow/example_dags/example_bash_operator.py for tasks to queue
[2023-11-20T19:38:45.587+0000] {logging_mixin.py:151} INFO - [2023-11-20T19:38:45.586+0000] {dagbag.py:536} INFO - Filling up the DagBag from /home/airflow/.local/lib/python3.8/site-packages/airflow/example_dags/example_bash_operator.py
[2023-11-20T19:38:45.625+0000] {processor.py:839} INFO - DAG(s) dict_keys(['example_bash_operator']) retrieved from /home/airflow/.local/lib/python3.8/site-packages/airflow/example_dags/example_bash_operator.py
[2023-11-20T19:38:45.722+0000] {logging_mixin.py:151} INFO - [2023-11-20T19:38:45.722+0000] {dag.py:2941} INFO - Sync 1 DAGs
[2023-11-20T19:38:45.803+0000] {logging_mixin.py:151} INFO - [2023-11-20T19:38:45.803+0000] {dag.py:3722} INFO - Setting next_dagrun for example_bash_operator to 2023-11-19T00:00:00+00:00, run_after=2023-11-20T00:00:00+00:00
[2023-11-20T19:38:45.869+0000] {processor.py:179} INFO - Processing /home/airflow/.local/lib/python3.8/site-packages/airflow/example_dags/example_bash_operator.py took 0.298 seconds
[2023-11-20T19:39:23.843+0000] {processor.py:157} INFO - Started process (PID=1888) to work on /home/airflow/.local/lib/python3.8/site-packages/airflow/example_dags/example_bash_operator.py
[2023-11-20T19:39:23.850+0000] {processor.py:829} INFO - Processing file /home/airflow/.local/lib/python3.8/site-packages/airflow/example_dags/example_bash_operator.py for tasks to queue
[2023-11-20T19:39:23.853+0000] {logging_mixin.py:151} INFO - [2023-11-20T19:39:23.852+0000] {dagbag.py:536} INFO - Filling up the DagBag from /home/airflow/.local/lib/python3.8/site-packages/airflow/example_dags/example_bash_operator.py
[2023-11-20T19:39:23.909+0000] {processor.py:839} INFO - DAG(s) dict_keys(['example_bash_operator']) retrieved from /home/airflow/.local/lib/python3.8/site-packages/airflow/example_dags/example_bash_operator.py
[2023-11-20T19:39:24.029+0000] {logging_mixin.py:151} INFO - [2023-11-20T19:39:24.028+0000] {dag.py:2941} INFO - Sync 1 DAGs
[2023-11-20T19:39:24.114+0000] {logging_mixin.py:151} INFO - [2023-11-20T19:39:24.114+0000] {dag.py:3722} INFO - Setting next_dagrun for example_bash_operator to 2023-11-19T00:00:00+00:00, run_after=2023-11-20T00:00:00+00:00
[2023-11-20T19:39:24.212+0000] {processor.py:179} INFO - Processing /home/airflow/.local/lib/python3.8/site-packages/airflow/example_dags/example_bash_operator.py took 0.382 seconds
[2023-11-20T19:40:03.068+0000] {processor.py:157} INFO - Started process (PID=1950) to work on /home/airflow/.local/lib/python3.8/site-packages/airflow/example_dags/example_bash_operator.py
[2023-11-20T19:40:03.073+0000] {processor.py:829} INFO - Processing file /home/airflow/.local/lib/python3.8/site-packages/airflow/example_dags/example_bash_operator.py for tasks to queue
[2023-11-20T19:40:03.075+0000] {logging_mixin.py:151} INFO - [2023-11-20T19:40:03.075+0000] {dagbag.py:536} INFO - Filling up the DagBag from /home/airflow/.local/lib/python3.8/site-packages/airflow/example_dags/example_bash_operator.py
[2023-11-20T19:40:03.111+0000] {processor.py:839} INFO - DAG(s) dict_keys(['example_bash_operator']) retrieved from /home/airflow/.local/lib/python3.8/site-packages/airflow/example_dags/example_bash_operator.py
[2023-11-20T19:40:03.368+0000] {logging_mixin.py:151} INFO - [2023-11-20T19:40:03.367+0000] {dag.py:2941} INFO - Sync 1 DAGs
[2023-11-20T19:40:03.573+0000] {logging_mixin.py:151} INFO - [2023-11-20T19:40:03.572+0000] {dag.py:3722} INFO - Setting next_dagrun for example_bash_operator to 2023-11-19T00:00:00+00:00, run_after=2023-11-20T00:00:00+00:00
[2023-11-20T19:40:03.745+0000] {processor.py:179} INFO - Processing /home/airflow/.local/lib/python3.8/site-packages/airflow/example_dags/example_bash_operator.py took 0.686 seconds
[2023-11-20T19:40:36.682+0000] {processor.py:157} INFO - Started process (PID=2009) to work on /home/airflow/.local/lib/python3.8/site-packages/airflow/example_dags/example_bash_operator.py
[2023-11-20T19:40:36.685+0000] {processor.py:829} INFO - Processing file /home/airflow/.local/lib/python3.8/site-packages/airflow/example_dags/example_bash_operator.py for tasks to queue
[2023-11-20T19:40:36.687+0000] {logging_mixin.py:151} INFO - [2023-11-20T19:40:36.687+0000] {dagbag.py:536} INFO - Filling up the DagBag from /home/airflow/.local/lib/python3.8/site-packages/airflow/example_dags/example_bash_operator.py
[2023-11-20T19:40:36.732+0000] {processor.py:839} INFO - DAG(s) dict_keys(['example_bash_operator']) retrieved from /home/airflow/.local/lib/python3.8/site-packages/airflow/example_dags/example_bash_operator.py
[2023-11-20T19:40:36.881+0000] {logging_mixin.py:151} INFO - [2023-11-20T19:40:36.881+0000] {dag.py:2941} INFO - Sync 1 DAGs
[2023-11-20T19:40:37.122+0000] {logging_mixin.py:151} INFO - [2023-11-20T19:40:37.119+0000] {dag.py:3722} INFO - Setting next_dagrun for example_bash_operator to 2023-11-19T00:00:00+00:00, run_after=2023-11-20T00:00:00+00:00
[2023-11-20T19:40:37.321+0000] {processor.py:179} INFO - Processing /home/airflow/.local/lib/python3.8/site-packages/airflow/example_dags/example_bash_operator.py took 0.645 seconds
