[2023-11-20T19:20:21.495+0000] {processor.py:157} INFO - Started process (PID=156) to work on /home/airflow/.local/lib/python3.8/site-packages/airflow/example_dags/example_xcom.py
[2023-11-20T19:20:21.822+0000] {processor.py:829} INFO - Processing file /home/airflow/.local/lib/python3.8/site-packages/airflow/example_dags/example_xcom.py for tasks to queue
[2023-11-20T19:20:21.852+0000] {logging_mixin.py:151} INFO - [2023-11-20T19:20:21.847+0000] {dagbag.py:536} INFO - Filling up the DagBag from /home/airflow/.local/lib/python3.8/site-packages/airflow/example_dags/example_xcom.py
[2023-11-20T19:20:23.796+0000] {processor.py:839} INFO - DAG(s) dict_keys(['example_xcom']) retrieved from /home/airflow/.local/lib/python3.8/site-packages/airflow/example_dags/example_xcom.py
[2023-11-20T19:20:24.177+0000] {logging_mixin.py:151} INFO - [2023-11-20T19:20:24.176+0000] {dag.py:2941} INFO - Sync 1 DAGs
[2023-11-20T19:20:24.324+0000] {logging_mixin.py:151} INFO - [2023-11-20T19:20:24.323+0000] {dag.py:3722} INFO - Setting next_dagrun for example_xcom to 2021-01-01T00:00:00+00:00, run_after=2021-01-01T00:00:00+00:00
[2023-11-20T19:20:24.492+0000] {processor.py:179} INFO - Processing /home/airflow/.local/lib/python3.8/site-packages/airflow/example_dags/example_xcom.py took 3.740 seconds
[2023-11-20T19:21:54.667+0000] {processor.py:157} INFO - Started process (PID=223) to work on /home/airflow/.local/lib/python3.8/site-packages/airflow/example_dags/example_xcom.py
[2023-11-20T19:21:54.671+0000] {processor.py:829} INFO - Processing file /home/airflow/.local/lib/python3.8/site-packages/airflow/example_dags/example_xcom.py for tasks to queue
[2023-11-20T19:21:54.673+0000] {logging_mixin.py:151} INFO - [2023-11-20T19:21:54.672+0000] {dagbag.py:536} INFO - Filling up the DagBag from /home/airflow/.local/lib/python3.8/site-packages/airflow/example_dags/example_xcom.py
[2023-11-20T19:21:54.700+0000] {processor.py:839} INFO - DAG(s) dict_keys(['example_xcom']) retrieved from /home/airflow/.local/lib/python3.8/site-packages/airflow/example_dags/example_xcom.py
[2023-11-20T19:21:54.756+0000] {logging_mixin.py:151} INFO - [2023-11-20T19:21:54.756+0000] {dag.py:2941} INFO - Sync 1 DAGs
[2023-11-20T19:21:54.788+0000] {logging_mixin.py:151} INFO - [2023-11-20T19:21:54.788+0000] {dag.py:3722} INFO - Setting next_dagrun for example_xcom to 2021-01-01T00:00:00+00:00, run_after=2021-01-01T00:00:00+00:00
[2023-11-20T19:21:54.815+0000] {processor.py:179} INFO - Processing /home/airflow/.local/lib/python3.8/site-packages/airflow/example_dags/example_xcom.py took 0.153 seconds
[2023-11-20T19:22:44.524+0000] {processor.py:157} INFO - Started process (PID=290) to work on /home/airflow/.local/lib/python3.8/site-packages/airflow/example_dags/example_xcom.py
[2023-11-20T19:22:44.529+0000] {processor.py:829} INFO - Processing file /home/airflow/.local/lib/python3.8/site-packages/airflow/example_dags/example_xcom.py for tasks to queue
[2023-11-20T19:22:44.530+0000] {logging_mixin.py:151} INFO - [2023-11-20T19:22:44.530+0000] {dagbag.py:536} INFO - Filling up the DagBag from /home/airflow/.local/lib/python3.8/site-packages/airflow/example_dags/example_xcom.py
[2023-11-20T19:22:44.540+0000] {processor.py:839} INFO - DAG(s) dict_keys(['example_xcom']) retrieved from /home/airflow/.local/lib/python3.8/site-packages/airflow/example_dags/example_xcom.py
[2023-11-20T19:22:44.572+0000] {logging_mixin.py:151} INFO - [2023-11-20T19:22:44.572+0000] {dag.py:2941} INFO - Sync 1 DAGs
[2023-11-20T19:22:44.602+0000] {logging_mixin.py:151} INFO - [2023-11-20T19:22:44.602+0000] {dag.py:3722} INFO - Setting next_dagrun for example_xcom to 2021-01-01T00:00:00+00:00, run_after=2021-01-01T00:00:00+00:00
[2023-11-20T19:22:44.626+0000] {processor.py:179} INFO - Processing /home/airflow/.local/lib/python3.8/site-packages/airflow/example_dags/example_xcom.py took 0.106 seconds
[2023-11-20T19:23:22.850+0000] {processor.py:157} INFO - Started process (PID=350) to work on /home/airflow/.local/lib/python3.8/site-packages/airflow/example_dags/example_xcom.py
[2023-11-20T19:23:22.851+0000] {processor.py:829} INFO - Processing file /home/airflow/.local/lib/python3.8/site-packages/airflow/example_dags/example_xcom.py for tasks to queue
[2023-11-20T19:23:22.853+0000] {logging_mixin.py:151} INFO - [2023-11-20T19:23:22.853+0000] {dagbag.py:536} INFO - Filling up the DagBag from /home/airflow/.local/lib/python3.8/site-packages/airflow/example_dags/example_xcom.py
[2023-11-20T19:23:22.869+0000] {processor.py:839} INFO - DAG(s) dict_keys(['example_xcom']) retrieved from /home/airflow/.local/lib/python3.8/site-packages/airflow/example_dags/example_xcom.py
[2023-11-20T19:23:22.901+0000] {logging_mixin.py:151} INFO - [2023-11-20T19:23:22.900+0000] {dag.py:2941} INFO - Sync 1 DAGs
[2023-11-20T19:23:22.945+0000] {logging_mixin.py:151} INFO - [2023-11-20T19:23:22.944+0000] {dag.py:3722} INFO - Setting next_dagrun for example_xcom to 2021-01-01T00:00:00+00:00, run_after=2021-01-01T00:00:00+00:00
[2023-11-20T19:23:22.977+0000] {processor.py:179} INFO - Processing /home/airflow/.local/lib/python3.8/site-packages/airflow/example_dags/example_xcom.py took 0.132 seconds
[2023-11-20T19:24:02.083+0000] {processor.py:157} INFO - Started process (PID=415) to work on /home/airflow/.local/lib/python3.8/site-packages/airflow/example_dags/example_xcom.py
[2023-11-20T19:24:02.084+0000] {processor.py:829} INFO - Processing file /home/airflow/.local/lib/python3.8/site-packages/airflow/example_dags/example_xcom.py for tasks to queue
[2023-11-20T19:24:02.086+0000] {logging_mixin.py:151} INFO - [2023-11-20T19:24:02.086+0000] {dagbag.py:536} INFO - Filling up the DagBag from /home/airflow/.local/lib/python3.8/site-packages/airflow/example_dags/example_xcom.py
[2023-11-20T19:24:02.098+0000] {processor.py:839} INFO - DAG(s) dict_keys(['example_xcom']) retrieved from /home/airflow/.local/lib/python3.8/site-packages/airflow/example_dags/example_xcom.py
[2023-11-20T19:24:02.133+0000] {logging_mixin.py:151} INFO - [2023-11-20T19:24:02.133+0000] {dag.py:2941} INFO - Sync 1 DAGs
[2023-11-20T19:24:02.183+0000] {logging_mixin.py:151} INFO - [2023-11-20T19:24:02.182+0000] {dag.py:3722} INFO - Setting next_dagrun for example_xcom to 2021-01-01T00:00:00+00:00, run_after=2021-01-01T00:00:00+00:00
[2023-11-20T19:24:02.225+0000] {processor.py:179} INFO - Processing /home/airflow/.local/lib/python3.8/site-packages/airflow/example_dags/example_xcom.py took 0.148 seconds
[2023-11-20T19:24:32.375+0000] {processor.py:157} INFO - Started process (PID=475) to work on /home/airflow/.local/lib/python3.8/site-packages/airflow/example_dags/example_xcom.py
[2023-11-20T19:24:32.376+0000] {processor.py:829} INFO - Processing file /home/airflow/.local/lib/python3.8/site-packages/airflow/example_dags/example_xcom.py for tasks to queue
[2023-11-20T19:24:32.378+0000] {logging_mixin.py:151} INFO - [2023-11-20T19:24:32.378+0000] {dagbag.py:536} INFO - Filling up the DagBag from /home/airflow/.local/lib/python3.8/site-packages/airflow/example_dags/example_xcom.py
[2023-11-20T19:24:32.390+0000] {processor.py:839} INFO - DAG(s) dict_keys(['example_xcom']) retrieved from /home/airflow/.local/lib/python3.8/site-packages/airflow/example_dags/example_xcom.py
[2023-11-20T19:24:32.421+0000] {logging_mixin.py:151} INFO - [2023-11-20T19:24:32.421+0000] {dag.py:2941} INFO - Sync 1 DAGs
[2023-11-20T19:24:32.452+0000] {logging_mixin.py:151} INFO - [2023-11-20T19:24:32.452+0000] {dag.py:3722} INFO - Setting next_dagrun for example_xcom to 2021-01-01T00:00:00+00:00, run_after=2021-01-01T00:00:00+00:00
[2023-11-20T19:24:32.481+0000] {processor.py:179} INFO - Processing /home/airflow/.local/lib/python3.8/site-packages/airflow/example_dags/example_xcom.py took 0.110 seconds
[2023-11-20T19:25:28.696+0000] {processor.py:157} INFO - Started process (PID=552) to work on /home/airflow/.local/lib/python3.8/site-packages/airflow/example_dags/example_xcom.py
[2023-11-20T19:25:28.700+0000] {processor.py:829} INFO - Processing file /home/airflow/.local/lib/python3.8/site-packages/airflow/example_dags/example_xcom.py for tasks to queue
[2023-11-20T19:25:28.701+0000] {logging_mixin.py:151} INFO - [2023-11-20T19:25:28.701+0000] {dagbag.py:536} INFO - Filling up the DagBag from /home/airflow/.local/lib/python3.8/site-packages/airflow/example_dags/example_xcom.py
[2023-11-20T19:25:28.717+0000] {processor.py:839} INFO - DAG(s) dict_keys(['example_xcom']) retrieved from /home/airflow/.local/lib/python3.8/site-packages/airflow/example_dags/example_xcom.py
[2023-11-20T19:25:28.774+0000] {logging_mixin.py:151} INFO - [2023-11-20T19:25:28.774+0000] {dag.py:2941} INFO - Sync 1 DAGs
[2023-11-20T19:25:28.822+0000] {logging_mixin.py:151} INFO - [2023-11-20T19:25:28.822+0000] {dag.py:3722} INFO - Setting next_dagrun for example_xcom to 2021-01-01T00:00:00+00:00, run_after=2021-01-01T00:00:00+00:00
[2023-11-20T19:25:28.877+0000] {processor.py:179} INFO - Processing /home/airflow/.local/lib/python3.8/site-packages/airflow/example_dags/example_xcom.py took 0.189 seconds
[2023-11-20T19:25:59.219+0000] {processor.py:157} INFO - Started process (PID=613) to work on /home/airflow/.local/lib/python3.8/site-packages/airflow/example_dags/example_xcom.py
[2023-11-20T19:25:59.225+0000] {processor.py:829} INFO - Processing file /home/airflow/.local/lib/python3.8/site-packages/airflow/example_dags/example_xcom.py for tasks to queue
[2023-11-20T19:25:59.226+0000] {logging_mixin.py:151} INFO - [2023-11-20T19:25:59.226+0000] {dagbag.py:536} INFO - Filling up the DagBag from /home/airflow/.local/lib/python3.8/site-packages/airflow/example_dags/example_xcom.py
[2023-11-20T19:25:59.242+0000] {processor.py:839} INFO - DAG(s) dict_keys(['example_xcom']) retrieved from /home/airflow/.local/lib/python3.8/site-packages/airflow/example_dags/example_xcom.py
[2023-11-20T19:25:59.277+0000] {logging_mixin.py:151} INFO - [2023-11-20T19:25:59.276+0000] {dag.py:2941} INFO - Sync 1 DAGs
[2023-11-20T19:25:59.311+0000] {logging_mixin.py:151} INFO - [2023-11-20T19:25:59.310+0000] {dag.py:3722} INFO - Setting next_dagrun for example_xcom to 2021-01-01T00:00:00+00:00, run_after=2021-01-01T00:00:00+00:00
[2023-11-20T19:25:59.342+0000] {processor.py:179} INFO - Processing /home/airflow/.local/lib/python3.8/site-packages/airflow/example_dags/example_xcom.py took 0.128 seconds
[2023-11-20T19:26:31.055+0000] {processor.py:157} INFO - Started process (PID=674) to work on /home/airflow/.local/lib/python3.8/site-packages/airflow/example_dags/example_xcom.py
[2023-11-20T19:26:31.058+0000] {processor.py:829} INFO - Processing file /home/airflow/.local/lib/python3.8/site-packages/airflow/example_dags/example_xcom.py for tasks to queue
[2023-11-20T19:26:31.060+0000] {logging_mixin.py:151} INFO - [2023-11-20T19:26:31.059+0000] {dagbag.py:536} INFO - Filling up the DagBag from /home/airflow/.local/lib/python3.8/site-packages/airflow/example_dags/example_xcom.py
[2023-11-20T19:26:31.070+0000] {processor.py:839} INFO - DAG(s) dict_keys(['example_xcom']) retrieved from /home/airflow/.local/lib/python3.8/site-packages/airflow/example_dags/example_xcom.py
[2023-11-20T19:26:31.108+0000] {logging_mixin.py:151} INFO - [2023-11-20T19:26:31.108+0000] {dag.py:2941} INFO - Sync 1 DAGs
[2023-11-20T19:26:31.138+0000] {logging_mixin.py:151} INFO - [2023-11-20T19:26:31.138+0000] {dag.py:3722} INFO - Setting next_dagrun for example_xcom to 2021-01-01T00:00:00+00:00, run_after=2021-01-01T00:00:00+00:00
[2023-11-20T19:26:31.159+0000] {processor.py:179} INFO - Processing /home/airflow/.local/lib/python3.8/site-packages/airflow/example_dags/example_xcom.py took 0.107 seconds
[2023-11-20T19:27:06.374+0000] {processor.py:157} INFO - Started process (PID=734) to work on /home/airflow/.local/lib/python3.8/site-packages/airflow/example_dags/example_xcom.py
[2023-11-20T19:27:06.378+0000] {processor.py:829} INFO - Processing file /home/airflow/.local/lib/python3.8/site-packages/airflow/example_dags/example_xcom.py for tasks to queue
[2023-11-20T19:27:06.380+0000] {logging_mixin.py:151} INFO - [2023-11-20T19:27:06.379+0000] {dagbag.py:536} INFO - Filling up the DagBag from /home/airflow/.local/lib/python3.8/site-packages/airflow/example_dags/example_xcom.py
[2023-11-20T19:27:06.391+0000] {processor.py:839} INFO - DAG(s) dict_keys(['example_xcom']) retrieved from /home/airflow/.local/lib/python3.8/site-packages/airflow/example_dags/example_xcom.py
[2023-11-20T19:27:06.424+0000] {logging_mixin.py:151} INFO - [2023-11-20T19:27:06.424+0000] {dag.py:2941} INFO - Sync 1 DAGs
[2023-11-20T19:27:06.464+0000] {logging_mixin.py:151} INFO - [2023-11-20T19:27:06.464+0000] {dag.py:3722} INFO - Setting next_dagrun for example_xcom to 2021-01-01T00:00:00+00:00, run_after=2021-01-01T00:00:00+00:00
[2023-11-20T19:27:06.504+0000] {processor.py:179} INFO - Processing /home/airflow/.local/lib/python3.8/site-packages/airflow/example_dags/example_xcom.py took 0.136 seconds
[2023-11-20T19:27:41.568+0000] {processor.py:157} INFO - Started process (PID=799) to work on /home/airflow/.local/lib/python3.8/site-packages/airflow/example_dags/example_xcom.py
[2023-11-20T19:27:41.570+0000] {processor.py:829} INFO - Processing file /home/airflow/.local/lib/python3.8/site-packages/airflow/example_dags/example_xcom.py for tasks to queue
[2023-11-20T19:27:41.571+0000] {logging_mixin.py:151} INFO - [2023-11-20T19:27:41.571+0000] {dagbag.py:536} INFO - Filling up the DagBag from /home/airflow/.local/lib/python3.8/site-packages/airflow/example_dags/example_xcom.py
[2023-11-20T19:27:41.583+0000] {processor.py:839} INFO - DAG(s) dict_keys(['example_xcom']) retrieved from /home/airflow/.local/lib/python3.8/site-packages/airflow/example_dags/example_xcom.py
[2023-11-20T19:27:41.623+0000] {logging_mixin.py:151} INFO - [2023-11-20T19:27:41.623+0000] {dag.py:2941} INFO - Sync 1 DAGs
[2023-11-20T19:27:41.678+0000] {logging_mixin.py:151} INFO - [2023-11-20T19:27:41.678+0000] {dag.py:3722} INFO - Setting next_dagrun for example_xcom to 2021-01-01T00:00:00+00:00, run_after=2021-01-01T00:00:00+00:00
[2023-11-20T19:27:41.760+0000] {processor.py:179} INFO - Processing /home/airflow/.local/lib/python3.8/site-packages/airflow/example_dags/example_xcom.py took 0.198 seconds
[2023-11-20T19:28:14.034+0000] {processor.py:157} INFO - Started process (PID=867) to work on /home/airflow/.local/lib/python3.8/site-packages/airflow/example_dags/example_xcom.py
[2023-11-20T19:28:14.036+0000] {processor.py:829} INFO - Processing file /home/airflow/.local/lib/python3.8/site-packages/airflow/example_dags/example_xcom.py for tasks to queue
[2023-11-20T19:28:14.037+0000] {logging_mixin.py:151} INFO - [2023-11-20T19:28:14.037+0000] {dagbag.py:536} INFO - Filling up the DagBag from /home/airflow/.local/lib/python3.8/site-packages/airflow/example_dags/example_xcom.py
[2023-11-20T19:28:14.061+0000] {processor.py:839} INFO - DAG(s) dict_keys(['example_xcom']) retrieved from /home/airflow/.local/lib/python3.8/site-packages/airflow/example_dags/example_xcom.py
[2023-11-20T19:28:14.118+0000] {logging_mixin.py:151} INFO - [2023-11-20T19:28:14.117+0000] {dag.py:2941} INFO - Sync 1 DAGs
[2023-11-20T19:28:14.171+0000] {logging_mixin.py:151} INFO - [2023-11-20T19:28:14.171+0000] {dag.py:3722} INFO - Setting next_dagrun for example_xcom to 2021-01-01T00:00:00+00:00, run_after=2021-01-01T00:00:00+00:00
[2023-11-20T19:28:14.213+0000] {processor.py:179} INFO - Processing /home/airflow/.local/lib/python3.8/site-packages/airflow/example_dags/example_xcom.py took 0.189 seconds
[2023-11-20T19:28:46.960+0000] {processor.py:157} INFO - Started process (PID=928) to work on /home/airflow/.local/lib/python3.8/site-packages/airflow/example_dags/example_xcom.py
[2023-11-20T19:28:46.964+0000] {processor.py:829} INFO - Processing file /home/airflow/.local/lib/python3.8/site-packages/airflow/example_dags/example_xcom.py for tasks to queue
[2023-11-20T19:28:46.965+0000] {logging_mixin.py:151} INFO - [2023-11-20T19:28:46.965+0000] {dagbag.py:536} INFO - Filling up the DagBag from /home/airflow/.local/lib/python3.8/site-packages/airflow/example_dags/example_xcom.py
[2023-11-20T19:28:46.987+0000] {processor.py:839} INFO - DAG(s) dict_keys(['example_xcom']) retrieved from /home/airflow/.local/lib/python3.8/site-packages/airflow/example_dags/example_xcom.py
[2023-11-20T19:28:47.077+0000] {logging_mixin.py:151} INFO - [2023-11-20T19:28:47.076+0000] {dag.py:2941} INFO - Sync 1 DAGs
[2023-11-20T19:28:47.178+0000] {logging_mixin.py:151} INFO - [2023-11-20T19:28:47.174+0000] {dag.py:3722} INFO - Setting next_dagrun for example_xcom to 2021-01-01T00:00:00+00:00, run_after=2021-01-01T00:00:00+00:00
[2023-11-20T19:28:47.247+0000] {processor.py:179} INFO - Processing /home/airflow/.local/lib/python3.8/site-packages/airflow/example_dags/example_xcom.py took 0.296 seconds
[2023-11-20T19:29:29.788+0000] {processor.py:157} INFO - Started process (PID=988) to work on /home/airflow/.local/lib/python3.8/site-packages/airflow/example_dags/example_xcom.py
[2023-11-20T19:29:29.792+0000] {processor.py:829} INFO - Processing file /home/airflow/.local/lib/python3.8/site-packages/airflow/example_dags/example_xcom.py for tasks to queue
[2023-11-20T19:29:29.795+0000] {logging_mixin.py:151} INFO - [2023-11-20T19:29:29.794+0000] {dagbag.py:536} INFO - Filling up the DagBag from /home/airflow/.local/lib/python3.8/site-packages/airflow/example_dags/example_xcom.py
[2023-11-20T19:29:29.817+0000] {processor.py:839} INFO - DAG(s) dict_keys(['example_xcom']) retrieved from /home/airflow/.local/lib/python3.8/site-packages/airflow/example_dags/example_xcom.py
[2023-11-20T19:29:29.872+0000] {logging_mixin.py:151} INFO - [2023-11-20T19:29:29.870+0000] {dag.py:2941} INFO - Sync 1 DAGs
[2023-11-20T19:29:29.928+0000] {logging_mixin.py:151} INFO - [2023-11-20T19:29:29.927+0000] {dag.py:3722} INFO - Setting next_dagrun for example_xcom to 2021-01-01T00:00:00+00:00, run_after=2021-01-01T00:00:00+00:00
[2023-11-20T19:29:30.014+0000] {processor.py:179} INFO - Processing /home/airflow/.local/lib/python3.8/site-packages/airflow/example_dags/example_xcom.py took 0.236 seconds
[2023-11-20T19:30:00.679+0000] {processor.py:157} INFO - Started process (PID=1049) to work on /home/airflow/.local/lib/python3.8/site-packages/airflow/example_dags/example_xcom.py
[2023-11-20T19:30:00.681+0000] {processor.py:829} INFO - Processing file /home/airflow/.local/lib/python3.8/site-packages/airflow/example_dags/example_xcom.py for tasks to queue
[2023-11-20T19:30:00.686+0000] {logging_mixin.py:151} INFO - [2023-11-20T19:30:00.685+0000] {dagbag.py:536} INFO - Filling up the DagBag from /home/airflow/.local/lib/python3.8/site-packages/airflow/example_dags/example_xcom.py
[2023-11-20T19:30:00.709+0000] {processor.py:839} INFO - DAG(s) dict_keys(['example_xcom']) retrieved from /home/airflow/.local/lib/python3.8/site-packages/airflow/example_dags/example_xcom.py
[2023-11-20T19:30:00.761+0000] {logging_mixin.py:151} INFO - [2023-11-20T19:30:00.760+0000] {dag.py:2941} INFO - Sync 1 DAGs
[2023-11-20T19:30:00.827+0000] {logging_mixin.py:151} INFO - [2023-11-20T19:30:00.826+0000] {dag.py:3722} INFO - Setting next_dagrun for example_xcom to 2021-01-01T00:00:00+00:00, run_after=2021-01-01T00:00:00+00:00
[2023-11-20T19:30:00.918+0000] {processor.py:179} INFO - Processing /home/airflow/.local/lib/python3.8/site-packages/airflow/example_dags/example_xcom.py took 0.250 seconds
[2023-11-20T19:30:31.555+0000] {processor.py:157} INFO - Started process (PID=1109) to work on /home/airflow/.local/lib/python3.8/site-packages/airflow/example_dags/example_xcom.py
[2023-11-20T19:30:31.561+0000] {processor.py:829} INFO - Processing file /home/airflow/.local/lib/python3.8/site-packages/airflow/example_dags/example_xcom.py for tasks to queue
[2023-11-20T19:30:31.564+0000] {logging_mixin.py:151} INFO - [2023-11-20T19:30:31.564+0000] {dagbag.py:536} INFO - Filling up the DagBag from /home/airflow/.local/lib/python3.8/site-packages/airflow/example_dags/example_xcom.py
[2023-11-20T19:30:31.585+0000] {processor.py:839} INFO - DAG(s) dict_keys(['example_xcom']) retrieved from /home/airflow/.local/lib/python3.8/site-packages/airflow/example_dags/example_xcom.py
[2023-11-20T19:30:31.651+0000] {logging_mixin.py:151} INFO - [2023-11-20T19:30:31.650+0000] {dag.py:2941} INFO - Sync 1 DAGs
[2023-11-20T19:30:31.704+0000] {logging_mixin.py:151} INFO - [2023-11-20T19:30:31.703+0000] {dag.py:3722} INFO - Setting next_dagrun for example_xcom to 2021-01-01T00:00:00+00:00, run_after=2021-01-01T00:00:00+00:00
[2023-11-20T19:30:31.748+0000] {processor.py:179} INFO - Processing /home/airflow/.local/lib/python3.8/site-packages/airflow/example_dags/example_xcom.py took 0.202 seconds
[2023-11-20T19:31:23.078+0000] {processor.py:157} INFO - Started process (PID=1176) to work on /home/airflow/.local/lib/python3.8/site-packages/airflow/example_dags/example_xcom.py
[2023-11-20T19:31:23.084+0000] {processor.py:829} INFO - Processing file /home/airflow/.local/lib/python3.8/site-packages/airflow/example_dags/example_xcom.py for tasks to queue
[2023-11-20T19:31:23.087+0000] {logging_mixin.py:151} INFO - [2023-11-20T19:31:23.086+0000] {dagbag.py:536} INFO - Filling up the DagBag from /home/airflow/.local/lib/python3.8/site-packages/airflow/example_dags/example_xcom.py
[2023-11-20T19:31:23.132+0000] {processor.py:839} INFO - DAG(s) dict_keys(['example_xcom']) retrieved from /home/airflow/.local/lib/python3.8/site-packages/airflow/example_dags/example_xcom.py
[2023-11-20T19:31:23.234+0000] {logging_mixin.py:151} INFO - [2023-11-20T19:31:23.233+0000] {dag.py:2941} INFO - Sync 1 DAGs
[2023-11-20T19:31:23.363+0000] {logging_mixin.py:151} INFO - [2023-11-20T19:31:23.357+0000] {dag.py:3722} INFO - Setting next_dagrun for example_xcom to 2021-01-01T00:00:00+00:00, run_after=2021-01-01T00:00:00+00:00
[2023-11-20T19:31:23.501+0000] {processor.py:179} INFO - Processing /home/airflow/.local/lib/python3.8/site-packages/airflow/example_dags/example_xcom.py took 0.435 seconds
[2023-11-20T19:31:58.171+0000] {processor.py:157} INFO - Started process (PID=1236) to work on /home/airflow/.local/lib/python3.8/site-packages/airflow/example_dags/example_xcom.py
[2023-11-20T19:31:58.178+0000] {processor.py:829} INFO - Processing file /home/airflow/.local/lib/python3.8/site-packages/airflow/example_dags/example_xcom.py for tasks to queue
[2023-11-20T19:31:58.181+0000] {logging_mixin.py:151} INFO - [2023-11-20T19:31:58.180+0000] {dagbag.py:536} INFO - Filling up the DagBag from /home/airflow/.local/lib/python3.8/site-packages/airflow/example_dags/example_xcom.py
[2023-11-20T19:31:58.197+0000] {processor.py:839} INFO - DAG(s) dict_keys(['example_xcom']) retrieved from /home/airflow/.local/lib/python3.8/site-packages/airflow/example_dags/example_xcom.py
[2023-11-20T19:31:58.337+0000] {logging_mixin.py:151} INFO - [2023-11-20T19:31:58.337+0000] {dag.py:2941} INFO - Sync 1 DAGs
[2023-11-20T19:31:58.620+0000] {logging_mixin.py:151} INFO - [2023-11-20T19:31:58.618+0000] {dag.py:3722} INFO - Setting next_dagrun for example_xcom to 2021-01-01T00:00:00+00:00, run_after=2021-01-01T00:00:00+00:00
[2023-11-20T19:31:58.804+0000] {processor.py:179} INFO - Processing /home/airflow/.local/lib/python3.8/site-packages/airflow/example_dags/example_xcom.py took 0.638 seconds
[2023-11-20T19:33:35.198+0000] {processor.py:157} INFO - Started process (PID=1308) to work on /home/airflow/.local/lib/python3.8/site-packages/airflow/example_dags/example_xcom.py
[2023-11-20T19:33:35.208+0000] {processor.py:829} INFO - Processing file /home/airflow/.local/lib/python3.8/site-packages/airflow/example_dags/example_xcom.py for tasks to queue
[2023-11-20T19:33:35.214+0000] {logging_mixin.py:151} INFO - [2023-11-20T19:33:35.213+0000] {dagbag.py:536} INFO - Filling up the DagBag from /home/airflow/.local/lib/python3.8/site-packages/airflow/example_dags/example_xcom.py
[2023-11-20T19:33:35.317+0000] {processor.py:839} INFO - DAG(s) dict_keys(['example_xcom']) retrieved from /home/airflow/.local/lib/python3.8/site-packages/airflow/example_dags/example_xcom.py
[2023-11-20T19:33:35.626+0000] {logging_mixin.py:151} INFO - [2023-11-20T19:33:35.623+0000] {dag.py:2941} INFO - Sync 1 DAGs
[2023-11-20T19:33:35.778+0000] {logging_mixin.py:151} INFO - [2023-11-20T19:33:35.778+0000] {dag.py:3722} INFO - Setting next_dagrun for example_xcom to 2021-01-01T00:00:00+00:00, run_after=2021-01-01T00:00:00+00:00
[2023-11-20T19:33:35.928+0000] {processor.py:179} INFO - Processing /home/airflow/.local/lib/python3.8/site-packages/airflow/example_dags/example_xcom.py took 0.745 seconds
[2023-11-20T19:34:07.991+0000] {processor.py:157} INFO - Started process (PID=1374) to work on /home/airflow/.local/lib/python3.8/site-packages/airflow/example_dags/example_xcom.py
[2023-11-20T19:34:07.998+0000] {processor.py:829} INFO - Processing file /home/airflow/.local/lib/python3.8/site-packages/airflow/example_dags/example_xcom.py for tasks to queue
[2023-11-20T19:34:08.005+0000] {logging_mixin.py:151} INFO - [2023-11-20T19:34:08.003+0000] {dagbag.py:536} INFO - Filling up the DagBag from /home/airflow/.local/lib/python3.8/site-packages/airflow/example_dags/example_xcom.py
[2023-11-20T19:34:08.067+0000] {processor.py:839} INFO - DAG(s) dict_keys(['example_xcom']) retrieved from /home/airflow/.local/lib/python3.8/site-packages/airflow/example_dags/example_xcom.py
[2023-11-20T19:34:08.449+0000] {logging_mixin.py:151} INFO - [2023-11-20T19:34:08.449+0000] {dag.py:2941} INFO - Sync 1 DAGs
[2023-11-20T19:34:08.658+0000] {logging_mixin.py:151} INFO - [2023-11-20T19:34:08.657+0000] {dag.py:3722} INFO - Setting next_dagrun for example_xcom to 2021-01-01T00:00:00+00:00, run_after=2021-01-01T00:00:00+00:00
[2023-11-20T19:34:08.876+0000] {processor.py:179} INFO - Processing /home/airflow/.local/lib/python3.8/site-packages/airflow/example_dags/example_xcom.py took 0.921 seconds
[2023-11-20T19:34:54.014+0000] {processor.py:157} INFO - Started process (PID=1438) to work on /home/airflow/.local/lib/python3.8/site-packages/airflow/example_dags/example_xcom.py
[2023-11-20T19:34:54.017+0000] {processor.py:829} INFO - Processing file /home/airflow/.local/lib/python3.8/site-packages/airflow/example_dags/example_xcom.py for tasks to queue
[2023-11-20T19:34:54.020+0000] {logging_mixin.py:151} INFO - [2023-11-20T19:34:54.019+0000] {dagbag.py:536} INFO - Filling up the DagBag from /home/airflow/.local/lib/python3.8/site-packages/airflow/example_dags/example_xcom.py
[2023-11-20T19:34:54.046+0000] {processor.py:839} INFO - DAG(s) dict_keys(['example_xcom']) retrieved from /home/airflow/.local/lib/python3.8/site-packages/airflow/example_dags/example_xcom.py
[2023-11-20T19:34:54.103+0000] {logging_mixin.py:151} INFO - [2023-11-20T19:34:54.102+0000] {dag.py:2941} INFO - Sync 1 DAGs
[2023-11-20T19:34:54.189+0000] {logging_mixin.py:151} INFO - [2023-11-20T19:34:54.189+0000] {dag.py:3722} INFO - Setting next_dagrun for example_xcom to 2021-01-01T00:00:00+00:00, run_after=2021-01-01T00:00:00+00:00
[2023-11-20T19:34:54.265+0000] {processor.py:179} INFO - Processing /home/airflow/.local/lib/python3.8/site-packages/airflow/example_dags/example_xcom.py took 0.264 seconds
[2023-11-20T19:35:38.749+0000] {processor.py:157} INFO - Started process (PID=1512) to work on /home/airflow/.local/lib/python3.8/site-packages/airflow/example_dags/example_xcom.py
[2023-11-20T19:35:38.752+0000] {processor.py:829} INFO - Processing file /home/airflow/.local/lib/python3.8/site-packages/airflow/example_dags/example_xcom.py for tasks to queue
[2023-11-20T19:35:38.755+0000] {logging_mixin.py:151} INFO - [2023-11-20T19:35:38.754+0000] {dagbag.py:536} INFO - Filling up the DagBag from /home/airflow/.local/lib/python3.8/site-packages/airflow/example_dags/example_xcom.py
[2023-11-20T19:35:38.812+0000] {processor.py:839} INFO - DAG(s) dict_keys(['example_xcom']) retrieved from /home/airflow/.local/lib/python3.8/site-packages/airflow/example_dags/example_xcom.py
[2023-11-20T19:35:38.910+0000] {logging_mixin.py:151} INFO - [2023-11-20T19:35:38.909+0000] {dag.py:2941} INFO - Sync 1 DAGs
[2023-11-20T19:35:38.968+0000] {logging_mixin.py:151} INFO - [2023-11-20T19:35:38.968+0000] {dag.py:3722} INFO - Setting next_dagrun for example_xcom to 2021-01-01T00:00:00+00:00, run_after=2021-01-01T00:00:00+00:00
[2023-11-20T19:35:39.012+0000] {processor.py:179} INFO - Processing /home/airflow/.local/lib/python3.8/site-packages/airflow/example_dags/example_xcom.py took 0.269 seconds
[2023-11-20T19:36:11.671+0000] {processor.py:157} INFO - Started process (PID=1579) to work on /home/airflow/.local/lib/python3.8/site-packages/airflow/example_dags/example_xcom.py
[2023-11-20T19:36:11.673+0000] {processor.py:829} INFO - Processing file /home/airflow/.local/lib/python3.8/site-packages/airflow/example_dags/example_xcom.py for tasks to queue
[2023-11-20T19:36:11.675+0000] {logging_mixin.py:151} INFO - [2023-11-20T19:36:11.675+0000] {dagbag.py:536} INFO - Filling up the DagBag from /home/airflow/.local/lib/python3.8/site-packages/airflow/example_dags/example_xcom.py
[2023-11-20T19:36:11.687+0000] {processor.py:839} INFO - DAG(s) dict_keys(['example_xcom']) retrieved from /home/airflow/.local/lib/python3.8/site-packages/airflow/example_dags/example_xcom.py
[2023-11-20T19:36:11.723+0000] {logging_mixin.py:151} INFO - [2023-11-20T19:36:11.723+0000] {dag.py:2941} INFO - Sync 1 DAGs
[2023-11-20T19:36:11.778+0000] {logging_mixin.py:151} INFO - [2023-11-20T19:36:11.777+0000] {dag.py:3722} INFO - Setting next_dagrun for example_xcom to 2021-01-01T00:00:00+00:00, run_after=2021-01-01T00:00:00+00:00
[2023-11-20T19:36:11.810+0000] {processor.py:179} INFO - Processing /home/airflow/.local/lib/python3.8/site-packages/airflow/example_dags/example_xcom.py took 0.142 seconds
[2023-11-20T19:36:44.010+0000] {processor.py:157} INFO - Started process (PID=1642) to work on /home/airflow/.local/lib/python3.8/site-packages/airflow/example_dags/example_xcom.py
[2023-11-20T19:36:44.012+0000] {processor.py:829} INFO - Processing file /home/airflow/.local/lib/python3.8/site-packages/airflow/example_dags/example_xcom.py for tasks to queue
[2023-11-20T19:36:44.013+0000] {logging_mixin.py:151} INFO - [2023-11-20T19:36:44.013+0000] {dagbag.py:536} INFO - Filling up the DagBag from /home/airflow/.local/lib/python3.8/site-packages/airflow/example_dags/example_xcom.py
[2023-11-20T19:36:44.025+0000] {processor.py:839} INFO - DAG(s) dict_keys(['example_xcom']) retrieved from /home/airflow/.local/lib/python3.8/site-packages/airflow/example_dags/example_xcom.py
[2023-11-20T19:36:44.083+0000] {logging_mixin.py:151} INFO - [2023-11-20T19:36:44.082+0000] {dag.py:2941} INFO - Sync 1 DAGs
[2023-11-20T19:36:44.150+0000] {logging_mixin.py:151} INFO - [2023-11-20T19:36:44.149+0000] {dag.py:3722} INFO - Setting next_dagrun for example_xcom to 2021-01-01T00:00:00+00:00, run_after=2021-01-01T00:00:00+00:00
[2023-11-20T19:36:44.205+0000] {processor.py:179} INFO - Processing /home/airflow/.local/lib/python3.8/site-packages/airflow/example_dags/example_xcom.py took 0.200 seconds
[2023-11-20T19:37:31.576+0000] {processor.py:157} INFO - Started process (PID=1703) to work on /home/airflow/.local/lib/python3.8/site-packages/airflow/example_dags/example_xcom.py
[2023-11-20T19:37:31.578+0000] {processor.py:829} INFO - Processing file /home/airflow/.local/lib/python3.8/site-packages/airflow/example_dags/example_xcom.py for tasks to queue
[2023-11-20T19:37:31.581+0000] {logging_mixin.py:151} INFO - [2023-11-20T19:37:31.579+0000] {dagbag.py:536} INFO - Filling up the DagBag from /home/airflow/.local/lib/python3.8/site-packages/airflow/example_dags/example_xcom.py
[2023-11-20T19:37:31.605+0000] {processor.py:839} INFO - DAG(s) dict_keys(['example_xcom']) retrieved from /home/airflow/.local/lib/python3.8/site-packages/airflow/example_dags/example_xcom.py
[2023-11-20T19:37:31.659+0000] {logging_mixin.py:151} INFO - [2023-11-20T19:37:31.655+0000] {dag.py:2941} INFO - Sync 1 DAGs
[2023-11-20T19:37:31.782+0000] {logging_mixin.py:151} INFO - [2023-11-20T19:37:31.781+0000] {dag.py:3722} INFO - Setting next_dagrun for example_xcom to 2021-01-01T00:00:00+00:00, run_after=2021-01-01T00:00:00+00:00
[2023-11-20T19:37:31.865+0000] {processor.py:179} INFO - Processing /home/airflow/.local/lib/python3.8/site-packages/airflow/example_dags/example_xcom.py took 0.293 seconds
[2023-11-20T19:38:19.765+0000] {processor.py:157} INFO - Started process (PID=1779) to work on /home/airflow/.local/lib/python3.8/site-packages/airflow/example_dags/example_xcom.py
[2023-11-20T19:38:19.780+0000] {processor.py:829} INFO - Processing file /home/airflow/.local/lib/python3.8/site-packages/airflow/example_dags/example_xcom.py for tasks to queue
[2023-11-20T19:38:19.789+0000] {logging_mixin.py:151} INFO - [2023-11-20T19:38:19.783+0000] {dagbag.py:536} INFO - Filling up the DagBag from /home/airflow/.local/lib/python3.8/site-packages/airflow/example_dags/example_xcom.py
[2023-11-20T19:38:19.870+0000] {processor.py:839} INFO - DAG(s) dict_keys(['example_xcom']) retrieved from /home/airflow/.local/lib/python3.8/site-packages/airflow/example_dags/example_xcom.py
[2023-11-20T19:38:20.054+0000] {logging_mixin.py:151} INFO - [2023-11-20T19:38:20.049+0000] {dag.py:2941} INFO - Sync 1 DAGs
[2023-11-20T19:38:20.166+0000] {logging_mixin.py:151} INFO - [2023-11-20T19:38:20.165+0000] {dag.py:3722} INFO - Setting next_dagrun for example_xcom to 2021-01-01T00:00:00+00:00, run_after=2021-01-01T00:00:00+00:00
[2023-11-20T19:38:20.225+0000] {processor.py:179} INFO - Processing /home/airflow/.local/lib/python3.8/site-packages/airflow/example_dags/example_xcom.py took 0.550 seconds
[2023-11-20T19:38:50.382+0000] {processor.py:157} INFO - Started process (PID=1839) to work on /home/airflow/.local/lib/python3.8/site-packages/airflow/example_dags/example_xcom.py
[2023-11-20T19:38:50.384+0000] {processor.py:829} INFO - Processing file /home/airflow/.local/lib/python3.8/site-packages/airflow/example_dags/example_xcom.py for tasks to queue
[2023-11-20T19:38:50.389+0000] {logging_mixin.py:151} INFO - [2023-11-20T19:38:50.387+0000] {dagbag.py:536} INFO - Filling up the DagBag from /home/airflow/.local/lib/python3.8/site-packages/airflow/example_dags/example_xcom.py
[2023-11-20T19:38:50.412+0000] {processor.py:839} INFO - DAG(s) dict_keys(['example_xcom']) retrieved from /home/airflow/.local/lib/python3.8/site-packages/airflow/example_dags/example_xcom.py
[2023-11-20T19:38:50.464+0000] {logging_mixin.py:151} INFO - [2023-11-20T19:38:50.464+0000] {dag.py:2941} INFO - Sync 1 DAGs
[2023-11-20T19:38:50.516+0000] {logging_mixin.py:151} INFO - [2023-11-20T19:38:50.516+0000] {dag.py:3722} INFO - Setting next_dagrun for example_xcom to 2021-01-01T00:00:00+00:00, run_after=2021-01-01T00:00:00+00:00
[2023-11-20T19:38:50.559+0000] {processor.py:179} INFO - Processing /home/airflow/.local/lib/python3.8/site-packages/airflow/example_dags/example_xcom.py took 0.186 seconds
[2023-11-20T19:39:25.991+0000] {processor.py:157} INFO - Started process (PID=1903) to work on /home/airflow/.local/lib/python3.8/site-packages/airflow/example_dags/example_xcom.py
[2023-11-20T19:39:25.995+0000] {processor.py:829} INFO - Processing file /home/airflow/.local/lib/python3.8/site-packages/airflow/example_dags/example_xcom.py for tasks to queue
[2023-11-20T19:39:25.998+0000] {logging_mixin.py:151} INFO - [2023-11-20T19:39:25.996+0000] {dagbag.py:536} INFO - Filling up the DagBag from /home/airflow/.local/lib/python3.8/site-packages/airflow/example_dags/example_xcom.py
[2023-11-20T19:39:26.017+0000] {processor.py:839} INFO - DAG(s) dict_keys(['example_xcom']) retrieved from /home/airflow/.local/lib/python3.8/site-packages/airflow/example_dags/example_xcom.py
[2023-11-20T19:39:26.078+0000] {logging_mixin.py:151} INFO - [2023-11-20T19:39:26.078+0000] {dag.py:2941} INFO - Sync 1 DAGs
[2023-11-20T19:39:26.152+0000] {logging_mixin.py:151} INFO - [2023-11-20T19:39:26.151+0000] {dag.py:3722} INFO - Setting next_dagrun for example_xcom to 2021-01-01T00:00:00+00:00, run_after=2021-01-01T00:00:00+00:00
[2023-11-20T19:39:26.216+0000] {processor.py:179} INFO - Processing /home/airflow/.local/lib/python3.8/site-packages/airflow/example_dags/example_xcom.py took 0.239 seconds
[2023-11-20T19:40:06.605+0000] {processor.py:157} INFO - Started process (PID=1965) to work on /home/airflow/.local/lib/python3.8/site-packages/airflow/example_dags/example_xcom.py
[2023-11-20T19:40:06.610+0000] {processor.py:829} INFO - Processing file /home/airflow/.local/lib/python3.8/site-packages/airflow/example_dags/example_xcom.py for tasks to queue
[2023-11-20T19:40:06.614+0000] {logging_mixin.py:151} INFO - [2023-11-20T19:40:06.613+0000] {dagbag.py:536} INFO - Filling up the DagBag from /home/airflow/.local/lib/python3.8/site-packages/airflow/example_dags/example_xcom.py
[2023-11-20T19:40:06.787+0000] {processor.py:839} INFO - DAG(s) dict_keys(['example_xcom']) retrieved from /home/airflow/.local/lib/python3.8/site-packages/airflow/example_dags/example_xcom.py
[2023-11-20T19:40:06.880+0000] {logging_mixin.py:151} INFO - [2023-11-20T19:40:06.879+0000] {dag.py:2941} INFO - Sync 1 DAGs
[2023-11-20T19:40:06.956+0000] {logging_mixin.py:151} INFO - [2023-11-20T19:40:06.955+0000] {dag.py:3722} INFO - Setting next_dagrun for example_xcom to 2021-01-01T00:00:00+00:00, run_after=2021-01-01T00:00:00+00:00
[2023-11-20T19:40:07.012+0000] {processor.py:179} INFO - Processing /home/airflow/.local/lib/python3.8/site-packages/airflow/example_dags/example_xcom.py took 0.429 seconds
[2023-11-20T19:40:42.062+0000] {processor.py:157} INFO - Started process (PID=2024) to work on /home/airflow/.local/lib/python3.8/site-packages/airflow/example_dags/example_xcom.py
[2023-11-20T19:40:42.065+0000] {processor.py:829} INFO - Processing file /home/airflow/.local/lib/python3.8/site-packages/airflow/example_dags/example_xcom.py for tasks to queue
[2023-11-20T19:40:42.068+0000] {logging_mixin.py:151} INFO - [2023-11-20T19:40:42.067+0000] {dagbag.py:536} INFO - Filling up the DagBag from /home/airflow/.local/lib/python3.8/site-packages/airflow/example_dags/example_xcom.py
[2023-11-20T19:40:42.099+0000] {processor.py:839} INFO - DAG(s) dict_keys(['example_xcom']) retrieved from /home/airflow/.local/lib/python3.8/site-packages/airflow/example_dags/example_xcom.py
[2023-11-20T19:40:42.177+0000] {logging_mixin.py:151} INFO - [2023-11-20T19:40:42.176+0000] {dag.py:2941} INFO - Sync 1 DAGs
[2023-11-20T19:40:42.285+0000] {logging_mixin.py:151} INFO - [2023-11-20T19:40:42.283+0000] {dag.py:3722} INFO - Setting next_dagrun for example_xcom to 2021-01-01T00:00:00+00:00, run_after=2021-01-01T00:00:00+00:00
[2023-11-20T19:40:42.409+0000] {processor.py:179} INFO - Processing /home/airflow/.local/lib/python3.8/site-packages/airflow/example_dags/example_xcom.py took 0.358 seconds
