[2023-11-20T19:19:47.266+0000] {processor.py:157} INFO - Started process (PID=131) to work on /home/airflow/.local/lib/python3.8/site-packages/airflow/example_dags/example_branch_python_dop_operator_3.py
[2023-11-20T19:19:47.276+0000] {processor.py:829} INFO - Processing file /home/airflow/.local/lib/python3.8/site-packages/airflow/example_dags/example_branch_python_dop_operator_3.py for tasks to queue
[2023-11-20T19:19:47.281+0000] {logging_mixin.py:151} INFO - [2023-11-20T19:19:47.280+0000] {dagbag.py:536} INFO - Filling up the DagBag from /home/airflow/.local/lib/python3.8/site-packages/airflow/example_dags/example_branch_python_dop_operator_3.py
[2023-11-20T19:19:47.450+0000] {processor.py:839} INFO - DAG(s) dict_keys(['example_branch_dop_operator_v3']) retrieved from /home/airflow/.local/lib/python3.8/site-packages/airflow/example_dags/example_branch_python_dop_operator_3.py
[2023-11-20T19:19:47.761+0000] {logging_mixin.py:151} INFO - [2023-11-20T19:19:47.746+0000] {dag.py:2941} INFO - Sync 1 DAGs
[2023-11-20T19:19:48.078+0000] {logging_mixin.py:151} INFO - [2023-11-20T19:19:48.075+0000] {dag.py:3722} INFO - Setting next_dagrun for example_branch_dop_operator_v3 to 2023-11-20T19:18:00+00:00, run_after=2023-11-20T19:19:00+00:00
[2023-11-20T19:19:48.694+0000] {processor.py:179} INFO - Processing /home/airflow/.local/lib/python3.8/site-packages/airflow/example_dags/example_branch_python_dop_operator_3.py took 1.457 seconds
[2023-11-20T19:21:48.840+0000] {processor.py:157} INFO - Started process (PID=205) to work on /home/airflow/.local/lib/python3.8/site-packages/airflow/example_dags/example_branch_python_dop_operator_3.py
[2023-11-20T19:21:48.851+0000] {processor.py:829} INFO - Processing file /home/airflow/.local/lib/python3.8/site-packages/airflow/example_dags/example_branch_python_dop_operator_3.py for tasks to queue
[2023-11-20T19:21:48.856+0000] {logging_mixin.py:151} INFO - [2023-11-20T19:21:48.855+0000] {dagbag.py:536} INFO - Filling up the DagBag from /home/airflow/.local/lib/python3.8/site-packages/airflow/example_dags/example_branch_python_dop_operator_3.py
[2023-11-20T19:21:48.913+0000] {processor.py:839} INFO - DAG(s) dict_keys(['example_branch_dop_operator_v3']) retrieved from /home/airflow/.local/lib/python3.8/site-packages/airflow/example_dags/example_branch_python_dop_operator_3.py
[2023-11-20T19:21:49.016+0000] {logging_mixin.py:151} INFO - [2023-11-20T19:21:49.015+0000] {dag.py:2941} INFO - Sync 1 DAGs
[2023-11-20T19:21:49.140+0000] {logging_mixin.py:151} INFO - [2023-11-20T19:21:49.140+0000] {dag.py:3722} INFO - Setting next_dagrun for example_branch_dop_operator_v3 to 2023-11-20T19:20:00+00:00, run_after=2023-11-20T19:21:00+00:00
[2023-11-20T19:21:49.209+0000] {processor.py:179} INFO - Processing /home/airflow/.local/lib/python3.8/site-packages/airflow/example_dags/example_branch_python_dop_operator_3.py took 0.413 seconds
[2023-11-20T19:22:42.128+0000] {processor.py:157} INFO - Started process (PID=272) to work on /home/airflow/.local/lib/python3.8/site-packages/airflow/example_dags/example_branch_python_dop_operator_3.py
[2023-11-20T19:22:42.131+0000] {processor.py:829} INFO - Processing file /home/airflow/.local/lib/python3.8/site-packages/airflow/example_dags/example_branch_python_dop_operator_3.py for tasks to queue
[2023-11-20T19:22:42.132+0000] {logging_mixin.py:151} INFO - [2023-11-20T19:22:42.132+0000] {dagbag.py:536} INFO - Filling up the DagBag from /home/airflow/.local/lib/python3.8/site-packages/airflow/example_dags/example_branch_python_dop_operator_3.py
[2023-11-20T19:22:42.146+0000] {processor.py:839} INFO - DAG(s) dict_keys(['example_branch_dop_operator_v3']) retrieved from /home/airflow/.local/lib/python3.8/site-packages/airflow/example_dags/example_branch_python_dop_operator_3.py
[2023-11-20T19:22:42.184+0000] {logging_mixin.py:151} INFO - [2023-11-20T19:22:42.184+0000] {dag.py:2941} INFO - Sync 1 DAGs
[2023-11-20T19:22:42.252+0000] {logging_mixin.py:151} INFO - [2023-11-20T19:22:42.252+0000] {dag.py:3722} INFO - Setting next_dagrun for example_branch_dop_operator_v3 to 2023-11-20T19:21:00+00:00, run_after=2023-11-20T19:22:00+00:00
[2023-11-20T19:22:42.322+0000] {processor.py:179} INFO - Processing /home/airflow/.local/lib/python3.8/site-packages/airflow/example_dags/example_branch_python_dop_operator_3.py took 0.198 seconds
[2023-11-20T19:23:20.815+0000] {processor.py:157} INFO - Started process (PID=332) to work on /home/airflow/.local/lib/python3.8/site-packages/airflow/example_dags/example_branch_python_dop_operator_3.py
[2023-11-20T19:23:20.818+0000] {processor.py:829} INFO - Processing file /home/airflow/.local/lib/python3.8/site-packages/airflow/example_dags/example_branch_python_dop_operator_3.py for tasks to queue
[2023-11-20T19:23:20.819+0000] {logging_mixin.py:151} INFO - [2023-11-20T19:23:20.819+0000] {dagbag.py:536} INFO - Filling up the DagBag from /home/airflow/.local/lib/python3.8/site-packages/airflow/example_dags/example_branch_python_dop_operator_3.py
[2023-11-20T19:23:20.840+0000] {processor.py:839} INFO - DAG(s) dict_keys(['example_branch_dop_operator_v3']) retrieved from /home/airflow/.local/lib/python3.8/site-packages/airflow/example_dags/example_branch_python_dop_operator_3.py
[2023-11-20T19:23:20.907+0000] {logging_mixin.py:151} INFO - [2023-11-20T19:23:20.907+0000] {dag.py:2941} INFO - Sync 1 DAGs
[2023-11-20T19:23:20.956+0000] {logging_mixin.py:151} INFO - [2023-11-20T19:23:20.955+0000] {dag.py:3722} INFO - Setting next_dagrun for example_branch_dop_operator_v3 to 2023-11-20T19:22:00+00:00, run_after=2023-11-20T19:23:00+00:00
[2023-11-20T19:23:20.984+0000] {processor.py:179} INFO - Processing /home/airflow/.local/lib/python3.8/site-packages/airflow/example_dags/example_branch_python_dop_operator_3.py took 0.176 seconds
[2023-11-20T19:23:58.138+0000] {processor.py:157} INFO - Started process (PID=397) to work on /home/airflow/.local/lib/python3.8/site-packages/airflow/example_dags/example_branch_python_dop_operator_3.py
[2023-11-20T19:23:58.145+0000] {processor.py:829} INFO - Processing file /home/airflow/.local/lib/python3.8/site-packages/airflow/example_dags/example_branch_python_dop_operator_3.py for tasks to queue
[2023-11-20T19:23:58.146+0000] {logging_mixin.py:151} INFO - [2023-11-20T19:23:58.146+0000] {dagbag.py:536} INFO - Filling up the DagBag from /home/airflow/.local/lib/python3.8/site-packages/airflow/example_dags/example_branch_python_dop_operator_3.py
[2023-11-20T19:23:58.165+0000] {processor.py:839} INFO - DAG(s) dict_keys(['example_branch_dop_operator_v3']) retrieved from /home/airflow/.local/lib/python3.8/site-packages/airflow/example_dags/example_branch_python_dop_operator_3.py
[2023-11-20T19:23:58.249+0000] {logging_mixin.py:151} INFO - [2023-11-20T19:23:58.248+0000] {dag.py:2941} INFO - Sync 1 DAGs
[2023-11-20T19:23:58.330+0000] {logging_mixin.py:151} INFO - [2023-11-20T19:23:58.330+0000] {dag.py:3722} INFO - Setting next_dagrun for example_branch_dop_operator_v3 to 2023-11-20T19:22:00+00:00, run_after=2023-11-20T19:23:00+00:00
[2023-11-20T19:23:58.380+0000] {processor.py:179} INFO - Processing /home/airflow/.local/lib/python3.8/site-packages/airflow/example_dags/example_branch_python_dop_operator_3.py took 0.250 seconds
[2023-11-20T19:24:28.729+0000] {processor.py:157} INFO - Started process (PID=457) to work on /home/airflow/.local/lib/python3.8/site-packages/airflow/example_dags/example_branch_python_dop_operator_3.py
[2023-11-20T19:24:28.730+0000] {processor.py:829} INFO - Processing file /home/airflow/.local/lib/python3.8/site-packages/airflow/example_dags/example_branch_python_dop_operator_3.py for tasks to queue
[2023-11-20T19:24:28.731+0000] {logging_mixin.py:151} INFO - [2023-11-20T19:24:28.731+0000] {dagbag.py:536} INFO - Filling up the DagBag from /home/airflow/.local/lib/python3.8/site-packages/airflow/example_dags/example_branch_python_dop_operator_3.py
[2023-11-20T19:24:28.743+0000] {processor.py:839} INFO - DAG(s) dict_keys(['example_branch_dop_operator_v3']) retrieved from /home/airflow/.local/lib/python3.8/site-packages/airflow/example_dags/example_branch_python_dop_operator_3.py
[2023-11-20T19:24:28.771+0000] {logging_mixin.py:151} INFO - [2023-11-20T19:24:28.770+0000] {dag.py:2941} INFO - Sync 1 DAGs
[2023-11-20T19:24:28.809+0000] {logging_mixin.py:151} INFO - [2023-11-20T19:24:28.808+0000] {dag.py:3722} INFO - Setting next_dagrun for example_branch_dop_operator_v3 to 2023-11-20T19:23:00+00:00, run_after=2023-11-20T19:24:00+00:00
[2023-11-20T19:24:28.833+0000] {processor.py:179} INFO - Processing /home/airflow/.local/lib/python3.8/site-packages/airflow/example_dags/example_branch_python_dop_operator_3.py took 0.108 seconds
[2023-11-20T19:25:23.012+0000] {processor.py:157} INFO - Started process (PID=525) to work on /home/airflow/.local/lib/python3.8/site-packages/airflow/example_dags/example_branch_python_dop_operator_3.py
[2023-11-20T19:25:23.017+0000] {processor.py:829} INFO - Processing file /home/airflow/.local/lib/python3.8/site-packages/airflow/example_dags/example_branch_python_dop_operator_3.py for tasks to queue
[2023-11-20T19:25:23.019+0000] {logging_mixin.py:151} INFO - [2023-11-20T19:25:23.019+0000] {dagbag.py:536} INFO - Filling up the DagBag from /home/airflow/.local/lib/python3.8/site-packages/airflow/example_dags/example_branch_python_dop_operator_3.py
[2023-11-20T19:25:23.032+0000] {processor.py:839} INFO - DAG(s) dict_keys(['example_branch_dop_operator_v3']) retrieved from /home/airflow/.local/lib/python3.8/site-packages/airflow/example_dags/example_branch_python_dop_operator_3.py
[2023-11-20T19:25:23.076+0000] {logging_mixin.py:151} INFO - [2023-11-20T19:25:23.075+0000] {dag.py:2941} INFO - Sync 1 DAGs
[2023-11-20T19:25:23.110+0000] {logging_mixin.py:151} INFO - [2023-11-20T19:25:23.110+0000] {dag.py:3722} INFO - Setting next_dagrun for example_branch_dop_operator_v3 to 2023-11-20T19:24:00+00:00, run_after=2023-11-20T19:25:00+00:00
[2023-11-20T19:25:23.204+0000] {processor.py:179} INFO - Processing /home/airflow/.local/lib/python3.8/site-packages/airflow/example_dags/example_branch_python_dop_operator_3.py took 0.196 seconds
[2023-11-20T19:25:55.771+0000] {processor.py:157} INFO - Started process (PID=588) to work on /home/airflow/.local/lib/python3.8/site-packages/airflow/example_dags/example_branch_python_dop_operator_3.py
[2023-11-20T19:25:55.776+0000] {processor.py:829} INFO - Processing file /home/airflow/.local/lib/python3.8/site-packages/airflow/example_dags/example_branch_python_dop_operator_3.py for tasks to queue
[2023-11-20T19:25:55.778+0000] {logging_mixin.py:151} INFO - [2023-11-20T19:25:55.777+0000] {dagbag.py:536} INFO - Filling up the DagBag from /home/airflow/.local/lib/python3.8/site-packages/airflow/example_dags/example_branch_python_dop_operator_3.py
[2023-11-20T19:25:55.791+0000] {processor.py:839} INFO - DAG(s) dict_keys(['example_branch_dop_operator_v3']) retrieved from /home/airflow/.local/lib/python3.8/site-packages/airflow/example_dags/example_branch_python_dop_operator_3.py
[2023-11-20T19:25:55.882+0000] {logging_mixin.py:151} INFO - [2023-11-20T19:25:55.882+0000] {dag.py:2941} INFO - Sync 1 DAGs
[2023-11-20T19:25:56.001+0000] {logging_mixin.py:151} INFO - [2023-11-20T19:25:56.001+0000] {dag.py:3722} INFO - Setting next_dagrun for example_branch_dop_operator_v3 to 2023-11-20T19:24:00+00:00, run_after=2023-11-20T19:25:00+00:00
[2023-11-20T19:25:56.041+0000] {processor.py:179} INFO - Processing /home/airflow/.local/lib/python3.8/site-packages/airflow/example_dags/example_branch_python_dop_operator_3.py took 0.280 seconds
[2023-11-20T19:26:29.275+0000] {processor.py:157} INFO - Started process (PID=656) to work on /home/airflow/.local/lib/python3.8/site-packages/airflow/example_dags/example_branch_python_dop_operator_3.py
[2023-11-20T19:26:29.283+0000] {processor.py:829} INFO - Processing file /home/airflow/.local/lib/python3.8/site-packages/airflow/example_dags/example_branch_python_dop_operator_3.py for tasks to queue
[2023-11-20T19:26:29.284+0000] {logging_mixin.py:151} INFO - [2023-11-20T19:26:29.284+0000] {dagbag.py:536} INFO - Filling up the DagBag from /home/airflow/.local/lib/python3.8/site-packages/airflow/example_dags/example_branch_python_dop_operator_3.py
[2023-11-20T19:26:29.296+0000] {processor.py:839} INFO - DAG(s) dict_keys(['example_branch_dop_operator_v3']) retrieved from /home/airflow/.local/lib/python3.8/site-packages/airflow/example_dags/example_branch_python_dop_operator_3.py
[2023-11-20T19:26:29.328+0000] {logging_mixin.py:151} INFO - [2023-11-20T19:26:29.328+0000] {dag.py:2941} INFO - Sync 1 DAGs
[2023-11-20T19:26:29.367+0000] {logging_mixin.py:151} INFO - [2023-11-20T19:26:29.367+0000] {dag.py:3722} INFO - Setting next_dagrun for example_branch_dop_operator_v3 to 2023-11-20T19:25:00+00:00, run_after=2023-11-20T19:26:00+00:00
[2023-11-20T19:26:29.390+0000] {processor.py:179} INFO - Processing /home/airflow/.local/lib/python3.8/site-packages/airflow/example_dags/example_branch_python_dop_operator_3.py took 0.120 seconds
[2023-11-20T19:27:03.890+0000] {processor.py:157} INFO - Started process (PID=716) to work on /home/airflow/.local/lib/python3.8/site-packages/airflow/example_dags/example_branch_python_dop_operator_3.py
[2023-11-20T19:27:03.897+0000] {processor.py:829} INFO - Processing file /home/airflow/.local/lib/python3.8/site-packages/airflow/example_dags/example_branch_python_dop_operator_3.py for tasks to queue
[2023-11-20T19:27:03.899+0000] {logging_mixin.py:151} INFO - [2023-11-20T19:27:03.898+0000] {dagbag.py:536} INFO - Filling up the DagBag from /home/airflow/.local/lib/python3.8/site-packages/airflow/example_dags/example_branch_python_dop_operator_3.py
[2023-11-20T19:27:03.914+0000] {processor.py:839} INFO - DAG(s) dict_keys(['example_branch_dop_operator_v3']) retrieved from /home/airflow/.local/lib/python3.8/site-packages/airflow/example_dags/example_branch_python_dop_operator_3.py
[2023-11-20T19:27:03.945+0000] {logging_mixin.py:151} INFO - [2023-11-20T19:27:03.945+0000] {dag.py:2941} INFO - Sync 1 DAGs
[2023-11-20T19:27:03.985+0000] {logging_mixin.py:151} INFO - [2023-11-20T19:27:03.984+0000] {dag.py:3722} INFO - Setting next_dagrun for example_branch_dop_operator_v3 to 2023-11-20T19:26:00+00:00, run_after=2023-11-20T19:27:00+00:00
[2023-11-20T19:27:04.015+0000] {processor.py:179} INFO - Processing /home/airflow/.local/lib/python3.8/site-packages/airflow/example_dags/example_branch_python_dop_operator_3.py took 0.130 seconds
[2023-11-20T19:27:37.176+0000] {processor.py:157} INFO - Started process (PID=776) to work on /home/airflow/.local/lib/python3.8/site-packages/airflow/example_dags/example_branch_python_dop_operator_3.py
[2023-11-20T19:27:37.180+0000] {processor.py:829} INFO - Processing file /home/airflow/.local/lib/python3.8/site-packages/airflow/example_dags/example_branch_python_dop_operator_3.py for tasks to queue
[2023-11-20T19:27:37.183+0000] {logging_mixin.py:151} INFO - [2023-11-20T19:27:37.182+0000] {dagbag.py:536} INFO - Filling up the DagBag from /home/airflow/.local/lib/python3.8/site-packages/airflow/example_dags/example_branch_python_dop_operator_3.py
[2023-11-20T19:27:37.214+0000] {processor.py:839} INFO - DAG(s) dict_keys(['example_branch_dop_operator_v3']) retrieved from /home/airflow/.local/lib/python3.8/site-packages/airflow/example_dags/example_branch_python_dop_operator_3.py
[2023-11-20T19:27:37.287+0000] {logging_mixin.py:151} INFO - [2023-11-20T19:27:37.287+0000] {dag.py:2941} INFO - Sync 1 DAGs
[2023-11-20T19:27:37.398+0000] {logging_mixin.py:151} INFO - [2023-11-20T19:27:37.397+0000] {dag.py:3722} INFO - Setting next_dagrun for example_branch_dop_operator_v3 to 2023-11-20T19:26:00+00:00, run_after=2023-11-20T19:27:00+00:00
[2023-11-20T19:27:37.450+0000] {processor.py:179} INFO - Processing /home/airflow/.local/lib/python3.8/site-packages/airflow/example_dags/example_branch_python_dop_operator_3.py took 0.287 seconds
[2023-11-20T19:28:10.317+0000] {processor.py:157} INFO - Started process (PID=837) to work on /home/airflow/.local/lib/python3.8/site-packages/airflow/example_dags/example_branch_python_dop_operator_3.py
[2023-11-20T19:28:10.319+0000] {processor.py:829} INFO - Processing file /home/airflow/.local/lib/python3.8/site-packages/airflow/example_dags/example_branch_python_dop_operator_3.py for tasks to queue
[2023-11-20T19:28:10.320+0000] {logging_mixin.py:151} INFO - [2023-11-20T19:28:10.320+0000] {dagbag.py:536} INFO - Filling up the DagBag from /home/airflow/.local/lib/python3.8/site-packages/airflow/example_dags/example_branch_python_dop_operator_3.py
[2023-11-20T19:28:10.350+0000] {processor.py:839} INFO - DAG(s) dict_keys(['example_branch_dop_operator_v3']) retrieved from /home/airflow/.local/lib/python3.8/site-packages/airflow/example_dags/example_branch_python_dop_operator_3.py
[2023-11-20T19:28:10.419+0000] {logging_mixin.py:151} INFO - [2023-11-20T19:28:10.418+0000] {dag.py:2941} INFO - Sync 1 DAGs
[2023-11-20T19:28:10.529+0000] {logging_mixin.py:151} INFO - [2023-11-20T19:28:10.528+0000] {dag.py:3722} INFO - Setting next_dagrun for example_branch_dop_operator_v3 to 2023-11-20T19:27:00+00:00, run_after=2023-11-20T19:28:00+00:00
[2023-11-20T19:28:10.597+0000] {processor.py:179} INFO - Processing /home/airflow/.local/lib/python3.8/site-packages/airflow/example_dags/example_branch_python_dop_operator_3.py took 0.284 seconds
[2023-11-20T19:28:42.884+0000] {processor.py:157} INFO - Started process (PID=897) to work on /home/airflow/.local/lib/python3.8/site-packages/airflow/example_dags/example_branch_python_dop_operator_3.py
[2023-11-20T19:28:42.887+0000] {processor.py:829} INFO - Processing file /home/airflow/.local/lib/python3.8/site-packages/airflow/example_dags/example_branch_python_dop_operator_3.py for tasks to queue
[2023-11-20T19:28:42.890+0000] {logging_mixin.py:151} INFO - [2023-11-20T19:28:42.889+0000] {dagbag.py:536} INFO - Filling up the DagBag from /home/airflow/.local/lib/python3.8/site-packages/airflow/example_dags/example_branch_python_dop_operator_3.py
[2023-11-20T19:28:42.920+0000] {processor.py:839} INFO - DAG(s) dict_keys(['example_branch_dop_operator_v3']) retrieved from /home/airflow/.local/lib/python3.8/site-packages/airflow/example_dags/example_branch_python_dop_operator_3.py
[2023-11-20T19:28:42.983+0000] {logging_mixin.py:151} INFO - [2023-11-20T19:28:42.983+0000] {dag.py:2941} INFO - Sync 1 DAGs
[2023-11-20T19:28:43.086+0000] {logging_mixin.py:151} INFO - [2023-11-20T19:28:43.085+0000] {dag.py:3722} INFO - Setting next_dagrun for example_branch_dop_operator_v3 to 2023-11-20T19:27:00+00:00, run_after=2023-11-20T19:28:00+00:00
[2023-11-20T19:28:43.132+0000] {processor.py:179} INFO - Processing /home/airflow/.local/lib/python3.8/site-packages/airflow/example_dags/example_branch_python_dop_operator_3.py took 0.256 seconds
[2023-11-20T19:29:23.600+0000] {processor.py:157} INFO - Started process (PID=970) to work on /home/airflow/.local/lib/python3.8/site-packages/airflow/example_dags/example_branch_python_dop_operator_3.py
[2023-11-20T19:29:23.611+0000] {processor.py:829} INFO - Processing file /home/airflow/.local/lib/python3.8/site-packages/airflow/example_dags/example_branch_python_dop_operator_3.py for tasks to queue
[2023-11-20T19:29:23.620+0000] {logging_mixin.py:151} INFO - [2023-11-20T19:29:23.619+0000] {dagbag.py:536} INFO - Filling up the DagBag from /home/airflow/.local/lib/python3.8/site-packages/airflow/example_dags/example_branch_python_dop_operator_3.py
[2023-11-20T19:29:23.931+0000] {processor.py:839} INFO - DAG(s) dict_keys(['example_branch_dop_operator_v3']) retrieved from /home/airflow/.local/lib/python3.8/site-packages/airflow/example_dags/example_branch_python_dop_operator_3.py
[2023-11-20T19:29:24.293+0000] {logging_mixin.py:151} INFO - [2023-11-20T19:29:24.292+0000] {dag.py:2941} INFO - Sync 1 DAGs
[2023-11-20T19:29:24.514+0000] {logging_mixin.py:151} INFO - [2023-11-20T19:29:24.514+0000] {dag.py:3722} INFO - Setting next_dagrun for example_branch_dop_operator_v3 to 2023-11-20T19:28:00+00:00, run_after=2023-11-20T19:29:00+00:00
[2023-11-20T19:29:24.647+0000] {processor.py:179} INFO - Processing /home/airflow/.local/lib/python3.8/site-packages/airflow/example_dags/example_branch_python_dop_operator_3.py took 1.108 seconds
[2023-11-20T19:29:54.992+0000] {processor.py:157} INFO - Started process (PID=1031) to work on /home/airflow/.local/lib/python3.8/site-packages/airflow/example_dags/example_branch_python_dop_operator_3.py
[2023-11-20T19:29:54.995+0000] {processor.py:829} INFO - Processing file /home/airflow/.local/lib/python3.8/site-packages/airflow/example_dags/example_branch_python_dop_operator_3.py for tasks to queue
[2023-11-20T19:29:55.005+0000] {logging_mixin.py:151} INFO - [2023-11-20T19:29:55.004+0000] {dagbag.py:536} INFO - Filling up the DagBag from /home/airflow/.local/lib/python3.8/site-packages/airflow/example_dags/example_branch_python_dop_operator_3.py
[2023-11-20T19:29:55.034+0000] {processor.py:839} INFO - DAG(s) dict_keys(['example_branch_dop_operator_v3']) retrieved from /home/airflow/.local/lib/python3.8/site-packages/airflow/example_dags/example_branch_python_dop_operator_3.py
[2023-11-20T19:29:55.093+0000] {logging_mixin.py:151} INFO - [2023-11-20T19:29:55.092+0000] {dag.py:2941} INFO - Sync 1 DAGs
[2023-11-20T19:29:55.174+0000] {logging_mixin.py:151} INFO - [2023-11-20T19:29:55.174+0000] {dag.py:3722} INFO - Setting next_dagrun for example_branch_dop_operator_v3 to 2023-11-20T19:28:00+00:00, run_after=2023-11-20T19:29:00+00:00
[2023-11-20T19:29:55.226+0000] {processor.py:179} INFO - Processing /home/airflow/.local/lib/python3.8/site-packages/airflow/example_dags/example_branch_python_dop_operator_3.py took 0.243 seconds
[2023-11-20T19:30:28.600+0000] {processor.py:157} INFO - Started process (PID=1091) to work on /home/airflow/.local/lib/python3.8/site-packages/airflow/example_dags/example_branch_python_dop_operator_3.py
[2023-11-20T19:30:28.603+0000] {processor.py:829} INFO - Processing file /home/airflow/.local/lib/python3.8/site-packages/airflow/example_dags/example_branch_python_dop_operator_3.py for tasks to queue
[2023-11-20T19:30:28.605+0000] {logging_mixin.py:151} INFO - [2023-11-20T19:30:28.604+0000] {dagbag.py:536} INFO - Filling up the DagBag from /home/airflow/.local/lib/python3.8/site-packages/airflow/example_dags/example_branch_python_dop_operator_3.py
[2023-11-20T19:30:28.634+0000] {processor.py:839} INFO - DAG(s) dict_keys(['example_branch_dop_operator_v3']) retrieved from /home/airflow/.local/lib/python3.8/site-packages/airflow/example_dags/example_branch_python_dop_operator_3.py
[2023-11-20T19:30:28.688+0000] {logging_mixin.py:151} INFO - [2023-11-20T19:30:28.687+0000] {dag.py:2941} INFO - Sync 1 DAGs
[2023-11-20T19:30:28.758+0000] {logging_mixin.py:151} INFO - [2023-11-20T19:30:28.758+0000] {dag.py:3722} INFO - Setting next_dagrun for example_branch_dop_operator_v3 to 2023-11-20T19:29:00+00:00, run_after=2023-11-20T19:30:00+00:00
[2023-11-20T19:30:28.836+0000] {processor.py:179} INFO - Processing /home/airflow/.local/lib/python3.8/site-packages/airflow/example_dags/example_branch_python_dop_operator_3.py took 0.245 seconds
[2023-11-20T19:31:11.782+0000] {processor.py:157} INFO - Started process (PID=1151) to work on /home/airflow/.local/lib/python3.8/site-packages/airflow/example_dags/example_branch_python_dop_operator_3.py
[2023-11-20T19:31:11.786+0000] {processor.py:829} INFO - Processing file /home/airflow/.local/lib/python3.8/site-packages/airflow/example_dags/example_branch_python_dop_operator_3.py for tasks to queue
[2023-11-20T19:31:11.799+0000] {logging_mixin.py:151} INFO - [2023-11-20T19:31:11.798+0000] {dagbag.py:536} INFO - Filling up the DagBag from /home/airflow/.local/lib/python3.8/site-packages/airflow/example_dags/example_branch_python_dop_operator_3.py
[2023-11-20T19:31:11.827+0000] {processor.py:839} INFO - DAG(s) dict_keys(['example_branch_dop_operator_v3']) retrieved from /home/airflow/.local/lib/python3.8/site-packages/airflow/example_dags/example_branch_python_dop_operator_3.py
[2023-11-20T19:31:11.945+0000] {logging_mixin.py:151} INFO - [2023-11-20T19:31:11.945+0000] {dag.py:2941} INFO - Sync 1 DAGs
[2023-11-20T19:31:12.067+0000] {logging_mixin.py:151} INFO - [2023-11-20T19:31:12.067+0000] {dag.py:3722} INFO - Setting next_dagrun for example_branch_dop_operator_v3 to 2023-11-20T19:30:00+00:00, run_after=2023-11-20T19:31:00+00:00
[2023-11-20T19:31:12.199+0000] {processor.py:179} INFO - Processing /home/airflow/.local/lib/python3.8/site-packages/airflow/example_dags/example_branch_python_dop_operator_3.py took 0.442 seconds
[2023-11-20T19:31:43.927+0000] {processor.py:157} INFO - Started process (PID=1211) to work on /home/airflow/.local/lib/python3.8/site-packages/airflow/example_dags/example_branch_python_dop_operator_3.py
[2023-11-20T19:31:43.929+0000] {processor.py:829} INFO - Processing file /home/airflow/.local/lib/python3.8/site-packages/airflow/example_dags/example_branch_python_dop_operator_3.py for tasks to queue
[2023-11-20T19:31:43.932+0000] {logging_mixin.py:151} INFO - [2023-11-20T19:31:43.931+0000] {dagbag.py:536} INFO - Filling up the DagBag from /home/airflow/.local/lib/python3.8/site-packages/airflow/example_dags/example_branch_python_dop_operator_3.py
[2023-11-20T19:31:43.956+0000] {processor.py:839} INFO - DAG(s) dict_keys(['example_branch_dop_operator_v3']) retrieved from /home/airflow/.local/lib/python3.8/site-packages/airflow/example_dags/example_branch_python_dop_operator_3.py
[2023-11-20T19:31:44.057+0000] {logging_mixin.py:151} INFO - [2023-11-20T19:31:44.056+0000] {dag.py:2941} INFO - Sync 1 DAGs
[2023-11-20T19:31:44.140+0000] {logging_mixin.py:151} INFO - [2023-11-20T19:31:44.139+0000] {dag.py:3722} INFO - Setting next_dagrun for example_branch_dop_operator_v3 to 2023-11-20T19:30:00+00:00, run_after=2023-11-20T19:31:00+00:00
[2023-11-20T19:31:44.229+0000] {processor.py:179} INFO - Processing /home/airflow/.local/lib/python3.8/site-packages/airflow/example_dags/example_branch_python_dop_operator_3.py took 0.310 seconds
[2023-11-20T19:33:30.722+0000] {processor.py:157} INFO - Started process (PID=1290) to work on /home/airflow/.local/lib/python3.8/site-packages/airflow/example_dags/example_branch_python_dop_operator_3.py
[2023-11-20T19:33:30.728+0000] {processor.py:829} INFO - Processing file /home/airflow/.local/lib/python3.8/site-packages/airflow/example_dags/example_branch_python_dop_operator_3.py for tasks to queue
[2023-11-20T19:33:30.730+0000] {logging_mixin.py:151} INFO - [2023-11-20T19:33:30.729+0000] {dagbag.py:536} INFO - Filling up the DagBag from /home/airflow/.local/lib/python3.8/site-packages/airflow/example_dags/example_branch_python_dop_operator_3.py
[2023-11-20T19:33:30.762+0000] {processor.py:839} INFO - DAG(s) dict_keys(['example_branch_dop_operator_v3']) retrieved from /home/airflow/.local/lib/python3.8/site-packages/airflow/example_dags/example_branch_python_dop_operator_3.py
[2023-11-20T19:33:30.842+0000] {logging_mixin.py:151} INFO - [2023-11-20T19:33:30.840+0000] {dag.py:2941} INFO - Sync 1 DAGs
[2023-11-20T19:33:30.930+0000] {logging_mixin.py:151} INFO - [2023-11-20T19:33:30.929+0000] {dag.py:3722} INFO - Setting next_dagrun for example_branch_dop_operator_v3 to 2023-11-20T19:32:00+00:00, run_after=2023-11-20T19:33:00+00:00
[2023-11-20T19:33:30.987+0000] {processor.py:179} INFO - Processing /home/airflow/.local/lib/python3.8/site-packages/airflow/example_dags/example_branch_python_dop_operator_3.py took 0.278 seconds
[2023-11-20T19:34:02.406+0000] {processor.py:157} INFO - Started process (PID=1348) to work on /home/airflow/.local/lib/python3.8/site-packages/airflow/example_dags/example_branch_python_dop_operator_3.py
[2023-11-20T19:34:02.412+0000] {processor.py:829} INFO - Processing file /home/airflow/.local/lib/python3.8/site-packages/airflow/example_dags/example_branch_python_dop_operator_3.py for tasks to queue
[2023-11-20T19:34:02.414+0000] {logging_mixin.py:151} INFO - [2023-11-20T19:34:02.413+0000] {dagbag.py:536} INFO - Filling up the DagBag from /home/airflow/.local/lib/python3.8/site-packages/airflow/example_dags/example_branch_python_dop_operator_3.py
[2023-11-20T19:34:02.466+0000] {processor.py:839} INFO - DAG(s) dict_keys(['example_branch_dop_operator_v3']) retrieved from /home/airflow/.local/lib/python3.8/site-packages/airflow/example_dags/example_branch_python_dop_operator_3.py
[2023-11-20T19:34:02.518+0000] {logging_mixin.py:151} INFO - [2023-11-20T19:34:02.518+0000] {dag.py:2941} INFO - Sync 1 DAGs
[2023-11-20T19:34:02.579+0000] {logging_mixin.py:151} INFO - [2023-11-20T19:34:02.578+0000] {dag.py:3722} INFO - Setting next_dagrun for example_branch_dop_operator_v3 to 2023-11-20T19:33:00+00:00, run_after=2023-11-20T19:34:00+00:00
[2023-11-20T19:34:02.621+0000] {processor.py:179} INFO - Processing /home/airflow/.local/lib/python3.8/site-packages/airflow/example_dags/example_branch_python_dop_operator_3.py took 0.224 seconds
[2023-11-20T19:34:37.801+0000] {processor.py:157} INFO - Started process (PID=1408) to work on /home/airflow/.local/lib/python3.8/site-packages/airflow/example_dags/example_branch_python_dop_operator_3.py
[2023-11-20T19:34:37.822+0000] {processor.py:829} INFO - Processing file /home/airflow/.local/lib/python3.8/site-packages/airflow/example_dags/example_branch_python_dop_operator_3.py for tasks to queue
[2023-11-20T19:34:37.830+0000] {logging_mixin.py:151} INFO - [2023-11-20T19:34:37.826+0000] {dagbag.py:536} INFO - Filling up the DagBag from /home/airflow/.local/lib/python3.8/site-packages/airflow/example_dags/example_branch_python_dop_operator_3.py
[2023-11-20T19:34:37.956+0000] {processor.py:839} INFO - DAG(s) dict_keys(['example_branch_dop_operator_v3']) retrieved from /home/airflow/.local/lib/python3.8/site-packages/airflow/example_dags/example_branch_python_dop_operator_3.py
[2023-11-20T19:34:39.012+0000] {logging_mixin.py:151} INFO - [2023-11-20T19:34:39.004+0000] {dag.py:2941} INFO - Sync 1 DAGs
[2023-11-20T19:34:40.062+0000] {logging_mixin.py:151} INFO - [2023-11-20T19:34:40.042+0000] {dag.py:3722} INFO - Setting next_dagrun for example_branch_dop_operator_v3 to 2023-11-20T19:33:00+00:00, run_after=2023-11-20T19:34:00+00:00
[2023-11-20T19:34:40.488+0000] {processor.py:179} INFO - Processing /home/airflow/.local/lib/python3.8/site-packages/airflow/example_dags/example_branch_python_dop_operator_3.py took 2.737 seconds
[2023-11-20T19:35:11.491+0000] {processor.py:157} INFO - Started process (PID=1474) to work on /home/airflow/.local/lib/python3.8/site-packages/airflow/example_dags/example_branch_python_dop_operator_3.py
[2023-11-20T19:35:11.508+0000] {processor.py:829} INFO - Processing file /home/airflow/.local/lib/python3.8/site-packages/airflow/example_dags/example_branch_python_dop_operator_3.py for tasks to queue
[2023-11-20T19:35:11.523+0000] {logging_mixin.py:151} INFO - [2023-11-20T19:35:11.514+0000] {dagbag.py:536} INFO - Filling up the DagBag from /home/airflow/.local/lib/python3.8/site-packages/airflow/example_dags/example_branch_python_dop_operator_3.py
[2023-11-20T19:35:12.200+0000] {processor.py:839} INFO - DAG(s) dict_keys(['example_branch_dop_operator_v3']) retrieved from /home/airflow/.local/lib/python3.8/site-packages/airflow/example_dags/example_branch_python_dop_operator_3.py
[2023-11-20T19:35:14.085+0000] {logging_mixin.py:151} INFO - [2023-11-20T19:35:14.076+0000] {dag.py:2941} INFO - Sync 1 DAGs
[2023-11-20T19:35:14.982+0000] {logging_mixin.py:151} INFO - [2023-11-20T19:35:14.982+0000] {dag.py:3722} INFO - Setting next_dagrun for example_branch_dop_operator_v3 to 2023-11-20T19:34:00+00:00, run_after=2023-11-20T19:35:00+00:00
[2023-11-20T19:35:15.230+0000] {processor.py:179} INFO - Processing /home/airflow/.local/lib/python3.8/site-packages/airflow/example_dags/example_branch_python_dop_operator_3.py took 3.857 seconds
[2023-11-20T19:35:46.057+0000] {processor.py:157} INFO - Started process (PID=1534) to work on /home/airflow/.local/lib/python3.8/site-packages/airflow/example_dags/example_branch_python_dop_operator_3.py
[2023-11-20T19:35:46.061+0000] {processor.py:829} INFO - Processing file /home/airflow/.local/lib/python3.8/site-packages/airflow/example_dags/example_branch_python_dop_operator_3.py for tasks to queue
[2023-11-20T19:35:46.064+0000] {logging_mixin.py:151} INFO - [2023-11-20T19:35:46.063+0000] {dagbag.py:536} INFO - Filling up the DagBag from /home/airflow/.local/lib/python3.8/site-packages/airflow/example_dags/example_branch_python_dop_operator_3.py
[2023-11-20T19:35:46.108+0000] {processor.py:839} INFO - DAG(s) dict_keys(['example_branch_dop_operator_v3']) retrieved from /home/airflow/.local/lib/python3.8/site-packages/airflow/example_dags/example_branch_python_dop_operator_3.py
[2023-11-20T19:35:46.187+0000] {logging_mixin.py:151} INFO - [2023-11-20T19:35:46.186+0000] {dag.py:2941} INFO - Sync 1 DAGs
[2023-11-20T19:35:46.252+0000] {logging_mixin.py:151} INFO - [2023-11-20T19:35:46.252+0000] {dag.py:3722} INFO - Setting next_dagrun for example_branch_dop_operator_v3 to 2023-11-20T19:34:00+00:00, run_after=2023-11-20T19:35:00+00:00
[2023-11-20T19:35:46.300+0000] {processor.py:179} INFO - Processing /home/airflow/.local/lib/python3.8/site-packages/airflow/example_dags/example_branch_python_dop_operator_3.py took 0.294 seconds
[2023-11-20T19:36:16.749+0000] {processor.py:157} INFO - Started process (PID=1594) to work on /home/airflow/.local/lib/python3.8/site-packages/airflow/example_dags/example_branch_python_dop_operator_3.py
[2023-11-20T19:36:16.752+0000] {processor.py:829} INFO - Processing file /home/airflow/.local/lib/python3.8/site-packages/airflow/example_dags/example_branch_python_dop_operator_3.py for tasks to queue
[2023-11-20T19:36:16.754+0000] {logging_mixin.py:151} INFO - [2023-11-20T19:36:16.754+0000] {dagbag.py:536} INFO - Filling up the DagBag from /home/airflow/.local/lib/python3.8/site-packages/airflow/example_dags/example_branch_python_dop_operator_3.py
[2023-11-20T19:36:16.786+0000] {processor.py:839} INFO - DAG(s) dict_keys(['example_branch_dop_operator_v3']) retrieved from /home/airflow/.local/lib/python3.8/site-packages/airflow/example_dags/example_branch_python_dop_operator_3.py
[2023-11-20T19:36:16.849+0000] {logging_mixin.py:151} INFO - [2023-11-20T19:36:16.849+0000] {dag.py:2941} INFO - Sync 1 DAGs
[2023-11-20T19:36:16.902+0000] {logging_mixin.py:151} INFO - [2023-11-20T19:36:16.902+0000] {dag.py:3722} INFO - Setting next_dagrun for example_branch_dop_operator_v3 to 2023-11-20T19:35:00+00:00, run_after=2023-11-20T19:36:00+00:00
[2023-11-20T19:36:16.940+0000] {processor.py:179} INFO - Processing /home/airflow/.local/lib/python3.8/site-packages/airflow/example_dags/example_branch_python_dop_operator_3.py took 0.217 seconds
[2023-11-20T19:36:47.489+0000] {processor.py:157} INFO - Started process (PID=1654) to work on /home/airflow/.local/lib/python3.8/site-packages/airflow/example_dags/example_branch_python_dop_operator_3.py
[2023-11-20T19:36:47.491+0000] {processor.py:829} INFO - Processing file /home/airflow/.local/lib/python3.8/site-packages/airflow/example_dags/example_branch_python_dop_operator_3.py for tasks to queue
[2023-11-20T19:36:47.493+0000] {logging_mixin.py:151} INFO - [2023-11-20T19:36:47.492+0000] {dagbag.py:536} INFO - Filling up the DagBag from /home/airflow/.local/lib/python3.8/site-packages/airflow/example_dags/example_branch_python_dop_operator_3.py
[2023-11-20T19:36:47.514+0000] {processor.py:839} INFO - DAG(s) dict_keys(['example_branch_dop_operator_v3']) retrieved from /home/airflow/.local/lib/python3.8/site-packages/airflow/example_dags/example_branch_python_dop_operator_3.py
[2023-11-20T19:36:47.568+0000] {logging_mixin.py:151} INFO - [2023-11-20T19:36:47.567+0000] {dag.py:2941} INFO - Sync 1 DAGs
[2023-11-20T19:36:47.675+0000] {logging_mixin.py:151} INFO - [2023-11-20T19:36:47.675+0000] {dag.py:3722} INFO - Setting next_dagrun for example_branch_dop_operator_v3 to 2023-11-20T19:35:00+00:00, run_after=2023-11-20T19:36:00+00:00
[2023-11-20T19:36:47.801+0000] {processor.py:179} INFO - Processing /home/airflow/.local/lib/python3.8/site-packages/airflow/example_dags/example_branch_python_dop_operator_3.py took 0.319 seconds
[2023-11-20T19:37:33.618+0000] {processor.py:157} INFO - Started process (PID=1712) to work on /home/airflow/.local/lib/python3.8/site-packages/airflow/example_dags/example_branch_python_dop_operator_3.py
[2023-11-20T19:37:33.619+0000] {processor.py:829} INFO - Processing file /home/airflow/.local/lib/python3.8/site-packages/airflow/example_dags/example_branch_python_dop_operator_3.py for tasks to queue
[2023-11-20T19:37:33.621+0000] {logging_mixin.py:151} INFO - [2023-11-20T19:37:33.621+0000] {dagbag.py:536} INFO - Filling up the DagBag from /home/airflow/.local/lib/python3.8/site-packages/airflow/example_dags/example_branch_python_dop_operator_3.py
[2023-11-20T19:37:33.660+0000] {processor.py:839} INFO - DAG(s) dict_keys(['example_branch_dop_operator_v3']) retrieved from /home/airflow/.local/lib/python3.8/site-packages/airflow/example_dags/example_branch_python_dop_operator_3.py
[2023-11-20T19:37:33.719+0000] {logging_mixin.py:151} INFO - [2023-11-20T19:37:33.718+0000] {dag.py:2941} INFO - Sync 1 DAGs
[2023-11-20T19:37:33.815+0000] {logging_mixin.py:151} INFO - [2023-11-20T19:37:33.815+0000] {dag.py:3722} INFO - Setting next_dagrun for example_branch_dop_operator_v3 to 2023-11-20T19:36:00+00:00, run_after=2023-11-20T19:37:00+00:00
[2023-11-20T19:37:33.879+0000] {processor.py:179} INFO - Processing /home/airflow/.local/lib/python3.8/site-packages/airflow/example_dags/example_branch_python_dop_operator_3.py took 0.268 seconds
[2023-11-20T19:38:14.270+0000] {processor.py:157} INFO - Started process (PID=1758) to work on /home/airflow/.local/lib/python3.8/site-packages/airflow/example_dags/example_branch_python_dop_operator_3.py
[2023-11-20T19:38:14.272+0000] {processor.py:829} INFO - Processing file /home/airflow/.local/lib/python3.8/site-packages/airflow/example_dags/example_branch_python_dop_operator_3.py for tasks to queue
[2023-11-20T19:38:14.278+0000] {logging_mixin.py:151} INFO - [2023-11-20T19:38:14.276+0000] {dagbag.py:536} INFO - Filling up the DagBag from /home/airflow/.local/lib/python3.8/site-packages/airflow/example_dags/example_branch_python_dop_operator_3.py
[2023-11-20T19:38:14.340+0000] {processor.py:839} INFO - DAG(s) dict_keys(['example_branch_dop_operator_v3']) retrieved from /home/airflow/.local/lib/python3.8/site-packages/airflow/example_dags/example_branch_python_dop_operator_3.py
[2023-11-20T19:38:14.409+0000] {logging_mixin.py:151} INFO - [2023-11-20T19:38:14.409+0000] {dag.py:2941} INFO - Sync 1 DAGs
[2023-11-20T19:38:14.506+0000] {logging_mixin.py:151} INFO - [2023-11-20T19:38:14.506+0000] {dag.py:3722} INFO - Setting next_dagrun for example_branch_dop_operator_v3 to 2023-11-20T19:37:00+00:00, run_after=2023-11-20T19:38:00+00:00
[2023-11-20T19:38:14.583+0000] {processor.py:179} INFO - Processing /home/airflow/.local/lib/python3.8/site-packages/airflow/example_dags/example_branch_python_dop_operator_3.py took 0.322 seconds
[2023-11-20T19:38:44.827+0000] {processor.py:157} INFO - Started process (PID=1818) to work on /home/airflow/.local/lib/python3.8/site-packages/airflow/example_dags/example_branch_python_dop_operator_3.py
[2023-11-20T19:38:44.833+0000] {processor.py:829} INFO - Processing file /home/airflow/.local/lib/python3.8/site-packages/airflow/example_dags/example_branch_python_dop_operator_3.py for tasks to queue
[2023-11-20T19:38:44.836+0000] {logging_mixin.py:151} INFO - [2023-11-20T19:38:44.835+0000] {dagbag.py:536} INFO - Filling up the DagBag from /home/airflow/.local/lib/python3.8/site-packages/airflow/example_dags/example_branch_python_dop_operator_3.py
[2023-11-20T19:38:44.866+0000] {processor.py:839} INFO - DAG(s) dict_keys(['example_branch_dop_operator_v3']) retrieved from /home/airflow/.local/lib/python3.8/site-packages/airflow/example_dags/example_branch_python_dop_operator_3.py
[2023-11-20T19:38:44.934+0000] {logging_mixin.py:151} INFO - [2023-11-20T19:38:44.933+0000] {dag.py:2941} INFO - Sync 1 DAGs
[2023-11-20T19:38:45.000+0000] {logging_mixin.py:151} INFO - [2023-11-20T19:38:45.000+0000] {dag.py:3722} INFO - Setting next_dagrun for example_branch_dop_operator_v3 to 2023-11-20T19:37:00+00:00, run_after=2023-11-20T19:38:00+00:00
[2023-11-20T19:38:45.074+0000] {processor.py:179} INFO - Processing /home/airflow/.local/lib/python3.8/site-packages/airflow/example_dags/example_branch_python_dop_operator_3.py took 0.255 seconds
[2023-11-20T19:39:23.095+0000] {processor.py:157} INFO - Started process (PID=1885) to work on /home/airflow/.local/lib/python3.8/site-packages/airflow/example_dags/example_branch_python_dop_operator_3.py
[2023-11-20T19:39:23.101+0000] {processor.py:829} INFO - Processing file /home/airflow/.local/lib/python3.8/site-packages/airflow/example_dags/example_branch_python_dop_operator_3.py for tasks to queue
[2023-11-20T19:39:23.103+0000] {logging_mixin.py:151} INFO - [2023-11-20T19:39:23.103+0000] {dagbag.py:536} INFO - Filling up the DagBag from /home/airflow/.local/lib/python3.8/site-packages/airflow/example_dags/example_branch_python_dop_operator_3.py
[2023-11-20T19:39:23.137+0000] {processor.py:839} INFO - DAG(s) dict_keys(['example_branch_dop_operator_v3']) retrieved from /home/airflow/.local/lib/python3.8/site-packages/airflow/example_dags/example_branch_python_dop_operator_3.py
[2023-11-20T19:39:23.226+0000] {logging_mixin.py:151} INFO - [2023-11-20T19:39:23.225+0000] {dag.py:2941} INFO - Sync 1 DAGs
[2023-11-20T19:39:23.336+0000] {logging_mixin.py:151} INFO - [2023-11-20T19:39:23.335+0000] {dag.py:3722} INFO - Setting next_dagrun for example_branch_dop_operator_v3 to 2023-11-20T19:38:00+00:00, run_after=2023-11-20T19:39:00+00:00
[2023-11-20T19:39:23.432+0000] {processor.py:179} INFO - Processing /home/airflow/.local/lib/python3.8/site-packages/airflow/example_dags/example_branch_python_dop_operator_3.py took 0.348 seconds
[2023-11-20T19:40:02.598+0000] {processor.py:157} INFO - Started process (PID=1947) to work on /home/airflow/.local/lib/python3.8/site-packages/airflow/example_dags/example_branch_python_dop_operator_3.py
[2023-11-20T19:40:02.600+0000] {processor.py:829} INFO - Processing file /home/airflow/.local/lib/python3.8/site-packages/airflow/example_dags/example_branch_python_dop_operator_3.py for tasks to queue
[2023-11-20T19:40:02.603+0000] {logging_mixin.py:151} INFO - [2023-11-20T19:40:02.602+0000] {dagbag.py:536} INFO - Filling up the DagBag from /home/airflow/.local/lib/python3.8/site-packages/airflow/example_dags/example_branch_python_dop_operator_3.py
[2023-11-20T19:40:02.635+0000] {processor.py:839} INFO - DAG(s) dict_keys(['example_branch_dop_operator_v3']) retrieved from /home/airflow/.local/lib/python3.8/site-packages/airflow/example_dags/example_branch_python_dop_operator_3.py
[2023-11-20T19:40:02.715+0000] {logging_mixin.py:151} INFO - [2023-11-20T19:40:02.714+0000] {dag.py:2941} INFO - Sync 1 DAGs
[2023-11-20T19:40:02.820+0000] {logging_mixin.py:151} INFO - [2023-11-20T19:40:02.819+0000] {dag.py:3722} INFO - Setting next_dagrun for example_branch_dop_operator_v3 to 2023-11-20T19:39:00+00:00, run_after=2023-11-20T19:40:00+00:00
[2023-11-20T19:40:02.871+0000] {processor.py:179} INFO - Processing /home/airflow/.local/lib/python3.8/site-packages/airflow/example_dags/example_branch_python_dop_operator_3.py took 0.285 seconds
[2023-11-20T19:40:36.124+0000] {processor.py:157} INFO - Started process (PID=2006) to work on /home/airflow/.local/lib/python3.8/site-packages/airflow/example_dags/example_branch_python_dop_operator_3.py
[2023-11-20T19:40:36.127+0000] {processor.py:829} INFO - Processing file /home/airflow/.local/lib/python3.8/site-packages/airflow/example_dags/example_branch_python_dop_operator_3.py for tasks to queue
[2023-11-20T19:40:36.130+0000] {logging_mixin.py:151} INFO - [2023-11-20T19:40:36.129+0000] {dagbag.py:536} INFO - Filling up the DagBag from /home/airflow/.local/lib/python3.8/site-packages/airflow/example_dags/example_branch_python_dop_operator_3.py
[2023-11-20T19:40:36.172+0000] {processor.py:839} INFO - DAG(s) dict_keys(['example_branch_dop_operator_v3']) retrieved from /home/airflow/.local/lib/python3.8/site-packages/airflow/example_dags/example_branch_python_dop_operator_3.py
[2023-11-20T19:40:36.307+0000] {logging_mixin.py:151} INFO - [2023-11-20T19:40:36.303+0000] {dag.py:2941} INFO - Sync 1 DAGs
[2023-11-20T19:40:36.466+0000] {logging_mixin.py:151} INFO - [2023-11-20T19:40:36.466+0000] {dag.py:3722} INFO - Setting next_dagrun for example_branch_dop_operator_v3 to 2023-11-20T19:39:00+00:00, run_after=2023-11-20T19:40:00+00:00
[2023-11-20T19:40:36.560+0000] {processor.py:179} INFO - Processing /home/airflow/.local/lib/python3.8/site-packages/airflow/example_dags/example_branch_python_dop_operator_3.py took 0.443 seconds
