[2023-11-20T19:20:30.774+0000] {processor.py:157} INFO - Started process (PID=161) to work on /home/airflow/.local/lib/python3.8/site-packages/airflow/example_dags/example_kubernetes_executor.py
[2023-11-20T19:20:30.791+0000] {processor.py:829} INFO - Processing file /home/airflow/.local/lib/python3.8/site-packages/airflow/example_dags/example_kubernetes_executor.py for tasks to queue
[2023-11-20T19:20:30.797+0000] {logging_mixin.py:151} INFO - [2023-11-20T19:20:30.795+0000] {dagbag.py:536} INFO - Filling up the DagBag from /home/airflow/.local/lib/python3.8/site-packages/airflow/example_dags/example_kubernetes_executor.py
[2023-11-20T19:20:31.088+0000] {processor.py:839} INFO - DAG(s) dict_keys(['example_kubernetes_executor']) retrieved from /home/airflow/.local/lib/python3.8/site-packages/airflow/example_dags/example_kubernetes_executor.py
[2023-11-20T19:20:31.883+0000] {logging_mixin.py:151} INFO - [2023-11-20T19:20:31.880+0000] {dag.py:2941} INFO - Sync 1 DAGs
[2023-11-20T19:20:32.260+0000] {logging_mixin.py:151} INFO - [2023-11-20T19:20:32.195+0000] {dag.py:3722} INFO - Setting next_dagrun for example_kubernetes_executor to None, run_after=None
[2023-11-20T19:20:33.425+0000] {processor.py:179} INFO - Processing /home/airflow/.local/lib/python3.8/site-packages/airflow/example_dags/example_kubernetes_executor.py took 2.744 seconds
[2023-11-20T19:21:55.389+0000] {processor.py:157} INFO - Started process (PID=228) to work on /home/airflow/.local/lib/python3.8/site-packages/airflow/example_dags/example_kubernetes_executor.py
[2023-11-20T19:21:55.400+0000] {processor.py:829} INFO - Processing file /home/airflow/.local/lib/python3.8/site-packages/airflow/example_dags/example_kubernetes_executor.py for tasks to queue
[2023-11-20T19:21:55.403+0000] {logging_mixin.py:151} INFO - [2023-11-20T19:21:55.402+0000] {dagbag.py:536} INFO - Filling up the DagBag from /home/airflow/.local/lib/python3.8/site-packages/airflow/example_dags/example_kubernetes_executor.py
[2023-11-20T19:21:55.454+0000] {processor.py:839} INFO - DAG(s) dict_keys(['example_kubernetes_executor']) retrieved from /home/airflow/.local/lib/python3.8/site-packages/airflow/example_dags/example_kubernetes_executor.py
[2023-11-20T19:21:55.591+0000] {logging_mixin.py:151} INFO - [2023-11-20T19:21:55.590+0000] {dag.py:2941} INFO - Sync 1 DAGs
[2023-11-20T19:21:55.616+0000] {logging_mixin.py:151} INFO - [2023-11-20T19:21:55.616+0000] {dag.py:3722} INFO - Setting next_dagrun for example_kubernetes_executor to None, run_after=None
[2023-11-20T19:21:55.676+0000] {processor.py:179} INFO - Processing /home/airflow/.local/lib/python3.8/site-packages/airflow/example_dags/example_kubernetes_executor.py took 0.293 seconds
[2023-11-20T19:22:45.074+0000] {processor.py:157} INFO - Started process (PID=295) to work on /home/airflow/.local/lib/python3.8/site-packages/airflow/example_dags/example_kubernetes_executor.py
[2023-11-20T19:22:45.079+0000] {processor.py:829} INFO - Processing file /home/airflow/.local/lib/python3.8/site-packages/airflow/example_dags/example_kubernetes_executor.py for tasks to queue
[2023-11-20T19:22:45.082+0000] {logging_mixin.py:151} INFO - [2023-11-20T19:22:45.081+0000] {dagbag.py:536} INFO - Filling up the DagBag from /home/airflow/.local/lib/python3.8/site-packages/airflow/example_dags/example_kubernetes_executor.py
[2023-11-20T19:22:45.138+0000] {processor.py:839} INFO - DAG(s) dict_keys(['example_kubernetes_executor']) retrieved from /home/airflow/.local/lib/python3.8/site-packages/airflow/example_dags/example_kubernetes_executor.py
[2023-11-20T19:22:45.205+0000] {logging_mixin.py:151} INFO - [2023-11-20T19:22:45.204+0000] {dag.py:2941} INFO - Sync 1 DAGs
[2023-11-20T19:22:45.222+0000] {logging_mixin.py:151} INFO - [2023-11-20T19:22:45.222+0000] {dag.py:3722} INFO - Setting next_dagrun for example_kubernetes_executor to None, run_after=None
[2023-11-20T19:22:45.249+0000] {processor.py:179} INFO - Processing /home/airflow/.local/lib/python3.8/site-packages/airflow/example_dags/example_kubernetes_executor.py took 0.179 seconds
[2023-11-20T19:23:24.572+0000] {processor.py:157} INFO - Started process (PID=360) to work on /home/airflow/.local/lib/python3.8/site-packages/airflow/example_dags/example_kubernetes_executor.py
[2023-11-20T19:23:24.574+0000] {processor.py:829} INFO - Processing file /home/airflow/.local/lib/python3.8/site-packages/airflow/example_dags/example_kubernetes_executor.py for tasks to queue
[2023-11-20T19:23:24.575+0000] {logging_mixin.py:151} INFO - [2023-11-20T19:23:24.575+0000] {dagbag.py:536} INFO - Filling up the DagBag from /home/airflow/.local/lib/python3.8/site-packages/airflow/example_dags/example_kubernetes_executor.py
[2023-11-20T19:23:24.600+0000] {processor.py:839} INFO - DAG(s) dict_keys(['example_kubernetes_executor']) retrieved from /home/airflow/.local/lib/python3.8/site-packages/airflow/example_dags/example_kubernetes_executor.py
[2023-11-20T19:23:24.667+0000] {logging_mixin.py:151} INFO - [2023-11-20T19:23:24.667+0000] {dag.py:2941} INFO - Sync 1 DAGs
[2023-11-20T19:23:24.688+0000] {logging_mixin.py:151} INFO - [2023-11-20T19:23:24.688+0000] {dag.py:3722} INFO - Setting next_dagrun for example_kubernetes_executor to None, run_after=None
[2023-11-20T19:23:24.717+0000] {processor.py:179} INFO - Processing /home/airflow/.local/lib/python3.8/site-packages/airflow/example_dags/example_kubernetes_executor.py took 0.153 seconds
[2023-11-20T19:24:02.929+0000] {processor.py:157} INFO - Started process (PID=420) to work on /home/airflow/.local/lib/python3.8/site-packages/airflow/example_dags/example_kubernetes_executor.py
[2023-11-20T19:24:02.933+0000] {processor.py:829} INFO - Processing file /home/airflow/.local/lib/python3.8/site-packages/airflow/example_dags/example_kubernetes_executor.py for tasks to queue
[2023-11-20T19:24:02.935+0000] {logging_mixin.py:151} INFO - [2023-11-20T19:24:02.935+0000] {dagbag.py:536} INFO - Filling up the DagBag from /home/airflow/.local/lib/python3.8/site-packages/airflow/example_dags/example_kubernetes_executor.py
[2023-11-20T19:24:03.023+0000] {processor.py:839} INFO - DAG(s) dict_keys(['example_kubernetes_executor']) retrieved from /home/airflow/.local/lib/python3.8/site-packages/airflow/example_dags/example_kubernetes_executor.py
[2023-11-20T19:24:03.234+0000] {logging_mixin.py:151} INFO - [2023-11-20T19:24:03.233+0000] {dag.py:2941} INFO - Sync 1 DAGs
[2023-11-20T19:24:03.299+0000] {logging_mixin.py:151} INFO - [2023-11-20T19:24:03.299+0000] {dag.py:3722} INFO - Setting next_dagrun for example_kubernetes_executor to None, run_after=None
[2023-11-20T19:24:03.362+0000] {processor.py:179} INFO - Processing /home/airflow/.local/lib/python3.8/site-packages/airflow/example_dags/example_kubernetes_executor.py took 0.441 seconds
[2023-11-20T19:24:33.839+0000] {processor.py:157} INFO - Started process (PID=480) to work on /home/airflow/.local/lib/python3.8/site-packages/airflow/example_dags/example_kubernetes_executor.py
[2023-11-20T19:24:33.844+0000] {processor.py:829} INFO - Processing file /home/airflow/.local/lib/python3.8/site-packages/airflow/example_dags/example_kubernetes_executor.py for tasks to queue
[2023-11-20T19:24:33.846+0000] {logging_mixin.py:151} INFO - [2023-11-20T19:24:33.845+0000] {dagbag.py:536} INFO - Filling up the DagBag from /home/airflow/.local/lib/python3.8/site-packages/airflow/example_dags/example_kubernetes_executor.py
[2023-11-20T19:24:33.891+0000] {processor.py:839} INFO - DAG(s) dict_keys(['example_kubernetes_executor']) retrieved from /home/airflow/.local/lib/python3.8/site-packages/airflow/example_dags/example_kubernetes_executor.py
[2023-11-20T19:24:33.993+0000] {logging_mixin.py:151} INFO - [2023-11-20T19:24:33.993+0000] {dag.py:2941} INFO - Sync 1 DAGs
[2023-11-20T19:24:34.031+0000] {logging_mixin.py:151} INFO - [2023-11-20T19:24:34.030+0000] {dag.py:3722} INFO - Setting next_dagrun for example_kubernetes_executor to None, run_after=None
[2023-11-20T19:24:34.078+0000] {processor.py:179} INFO - Processing /home/airflow/.local/lib/python3.8/site-packages/airflow/example_dags/example_kubernetes_executor.py took 0.244 seconds
[2023-11-20T19:25:29.855+0000] {processor.py:157} INFO - Started process (PID=557) to work on /home/airflow/.local/lib/python3.8/site-packages/airflow/example_dags/example_kubernetes_executor.py
[2023-11-20T19:25:29.871+0000] {processor.py:829} INFO - Processing file /home/airflow/.local/lib/python3.8/site-packages/airflow/example_dags/example_kubernetes_executor.py for tasks to queue
[2023-11-20T19:25:29.881+0000] {logging_mixin.py:151} INFO - [2023-11-20T19:25:29.880+0000] {dagbag.py:536} INFO - Filling up the DagBag from /home/airflow/.local/lib/python3.8/site-packages/airflow/example_dags/example_kubernetes_executor.py
[2023-11-20T19:25:30.069+0000] {processor.py:839} INFO - DAG(s) dict_keys(['example_kubernetes_executor']) retrieved from /home/airflow/.local/lib/python3.8/site-packages/airflow/example_dags/example_kubernetes_executor.py
[2023-11-20T19:25:30.448+0000] {logging_mixin.py:151} INFO - [2023-11-20T19:25:30.448+0000] {dag.py:2941} INFO - Sync 1 DAGs
[2023-11-20T19:25:30.685+0000] {logging_mixin.py:151} INFO - [2023-11-20T19:25:30.684+0000] {dag.py:3722} INFO - Setting next_dagrun for example_kubernetes_executor to None, run_after=None
[2023-11-20T19:25:30.792+0000] {processor.py:179} INFO - Processing /home/airflow/.local/lib/python3.8/site-packages/airflow/example_dags/example_kubernetes_executor.py took 0.977 seconds
[2023-11-20T19:26:01.616+0000] {processor.py:157} INFO - Started process (PID=618) to work on /home/airflow/.local/lib/python3.8/site-packages/airflow/example_dags/example_kubernetes_executor.py
[2023-11-20T19:26:01.623+0000] {processor.py:829} INFO - Processing file /home/airflow/.local/lib/python3.8/site-packages/airflow/example_dags/example_kubernetes_executor.py for tasks to queue
[2023-11-20T19:26:01.626+0000] {logging_mixin.py:151} INFO - [2023-11-20T19:26:01.625+0000] {dagbag.py:536} INFO - Filling up the DagBag from /home/airflow/.local/lib/python3.8/site-packages/airflow/example_dags/example_kubernetes_executor.py
[2023-11-20T19:26:01.653+0000] {processor.py:839} INFO - DAG(s) dict_keys(['example_kubernetes_executor']) retrieved from /home/airflow/.local/lib/python3.8/site-packages/airflow/example_dags/example_kubernetes_executor.py
[2023-11-20T19:26:01.733+0000] {logging_mixin.py:151} INFO - [2023-11-20T19:26:01.733+0000] {dag.py:2941} INFO - Sync 1 DAGs
[2023-11-20T19:26:01.801+0000] {logging_mixin.py:151} INFO - [2023-11-20T19:26:01.801+0000] {dag.py:3722} INFO - Setting next_dagrun for example_kubernetes_executor to None, run_after=None
[2023-11-20T19:26:01.862+0000] {processor.py:179} INFO - Processing /home/airflow/.local/lib/python3.8/site-packages/airflow/example_dags/example_kubernetes_executor.py took 0.251 seconds
[2023-11-20T19:26:32.444+0000] {processor.py:157} INFO - Started process (PID=680) to work on /home/airflow/.local/lib/python3.8/site-packages/airflow/example_dags/example_kubernetes_executor.py
[2023-11-20T19:26:32.452+0000] {processor.py:829} INFO - Processing file /home/airflow/.local/lib/python3.8/site-packages/airflow/example_dags/example_kubernetes_executor.py for tasks to queue
[2023-11-20T19:26:32.454+0000] {logging_mixin.py:151} INFO - [2023-11-20T19:26:32.453+0000] {dagbag.py:536} INFO - Filling up the DagBag from /home/airflow/.local/lib/python3.8/site-packages/airflow/example_dags/example_kubernetes_executor.py
[2023-11-20T19:26:32.479+0000] {processor.py:839} INFO - DAG(s) dict_keys(['example_kubernetes_executor']) retrieved from /home/airflow/.local/lib/python3.8/site-packages/airflow/example_dags/example_kubernetes_executor.py
[2023-11-20T19:26:32.533+0000] {logging_mixin.py:151} INFO - [2023-11-20T19:26:32.532+0000] {dag.py:2941} INFO - Sync 1 DAGs
[2023-11-20T19:26:32.549+0000] {logging_mixin.py:151} INFO - [2023-11-20T19:26:32.549+0000] {dag.py:3722} INFO - Setting next_dagrun for example_kubernetes_executor to None, run_after=None
[2023-11-20T19:26:32.575+0000] {processor.py:179} INFO - Processing /home/airflow/.local/lib/python3.8/site-packages/airflow/example_dags/example_kubernetes_executor.py took 0.136 seconds
[2023-11-20T19:27:07.554+0000] {processor.py:157} INFO - Started process (PID=744) to work on /home/airflow/.local/lib/python3.8/site-packages/airflow/example_dags/example_kubernetes_executor.py
[2023-11-20T19:27:07.557+0000] {processor.py:829} INFO - Processing file /home/airflow/.local/lib/python3.8/site-packages/airflow/example_dags/example_kubernetes_executor.py for tasks to queue
[2023-11-20T19:27:07.558+0000] {logging_mixin.py:151} INFO - [2023-11-20T19:27:07.558+0000] {dagbag.py:536} INFO - Filling up the DagBag from /home/airflow/.local/lib/python3.8/site-packages/airflow/example_dags/example_kubernetes_executor.py
[2023-11-20T19:27:07.578+0000] {processor.py:839} INFO - DAG(s) dict_keys(['example_kubernetes_executor']) retrieved from /home/airflow/.local/lib/python3.8/site-packages/airflow/example_dags/example_kubernetes_executor.py
[2023-11-20T19:27:07.638+0000] {logging_mixin.py:151} INFO - [2023-11-20T19:27:07.638+0000] {dag.py:2941} INFO - Sync 1 DAGs
[2023-11-20T19:27:07.669+0000] {logging_mixin.py:151} INFO - [2023-11-20T19:27:07.669+0000] {dag.py:3722} INFO - Setting next_dagrun for example_kubernetes_executor to None, run_after=None
[2023-11-20T19:27:07.705+0000] {processor.py:179} INFO - Processing /home/airflow/.local/lib/python3.8/site-packages/airflow/example_dags/example_kubernetes_executor.py took 0.155 seconds
[2023-11-20T19:27:42.291+0000] {processor.py:157} INFO - Started process (PID=804) to work on /home/airflow/.local/lib/python3.8/site-packages/airflow/example_dags/example_kubernetes_executor.py
[2023-11-20T19:27:42.300+0000] {processor.py:829} INFO - Processing file /home/airflow/.local/lib/python3.8/site-packages/airflow/example_dags/example_kubernetes_executor.py for tasks to queue
[2023-11-20T19:27:42.302+0000] {logging_mixin.py:151} INFO - [2023-11-20T19:27:42.302+0000] {dagbag.py:536} INFO - Filling up the DagBag from /home/airflow/.local/lib/python3.8/site-packages/airflow/example_dags/example_kubernetes_executor.py
[2023-11-20T19:27:42.347+0000] {processor.py:839} INFO - DAG(s) dict_keys(['example_kubernetes_executor']) retrieved from /home/airflow/.local/lib/python3.8/site-packages/airflow/example_dags/example_kubernetes_executor.py
[2023-11-20T19:27:42.489+0000] {logging_mixin.py:151} INFO - [2023-11-20T19:27:42.488+0000] {dag.py:2941} INFO - Sync 1 DAGs
[2023-11-20T19:27:42.524+0000] {logging_mixin.py:151} INFO - [2023-11-20T19:27:42.524+0000] {dag.py:3722} INFO - Setting next_dagrun for example_kubernetes_executor to None, run_after=None
[2023-11-20T19:27:42.569+0000] {processor.py:179} INFO - Processing /home/airflow/.local/lib/python3.8/site-packages/airflow/example_dags/example_kubernetes_executor.py took 0.284 seconds
[2023-11-20T19:28:14.705+0000] {processor.py:157} INFO - Started process (PID=872) to work on /home/airflow/.local/lib/python3.8/site-packages/airflow/example_dags/example_kubernetes_executor.py
[2023-11-20T19:28:14.707+0000] {processor.py:829} INFO - Processing file /home/airflow/.local/lib/python3.8/site-packages/airflow/example_dags/example_kubernetes_executor.py for tasks to queue
[2023-11-20T19:28:14.708+0000] {logging_mixin.py:151} INFO - [2023-11-20T19:28:14.708+0000] {dagbag.py:536} INFO - Filling up the DagBag from /home/airflow/.local/lib/python3.8/site-packages/airflow/example_dags/example_kubernetes_executor.py
[2023-11-20T19:28:14.742+0000] {processor.py:839} INFO - DAG(s) dict_keys(['example_kubernetes_executor']) retrieved from /home/airflow/.local/lib/python3.8/site-packages/airflow/example_dags/example_kubernetes_executor.py
[2023-11-20T19:28:14.888+0000] {logging_mixin.py:151} INFO - [2023-11-20T19:28:14.885+0000] {dag.py:2941} INFO - Sync 1 DAGs
[2023-11-20T19:28:14.933+0000] {logging_mixin.py:151} INFO - [2023-11-20T19:28:14.933+0000] {dag.py:3722} INFO - Setting next_dagrun for example_kubernetes_executor to None, run_after=None
[2023-11-20T19:28:14.976+0000] {processor.py:179} INFO - Processing /home/airflow/.local/lib/python3.8/site-packages/airflow/example_dags/example_kubernetes_executor.py took 0.278 seconds
[2023-11-20T19:28:47.953+0000] {processor.py:157} INFO - Started process (PID=933) to work on /home/airflow/.local/lib/python3.8/site-packages/airflow/example_dags/example_kubernetes_executor.py
[2023-11-20T19:28:47.959+0000] {processor.py:829} INFO - Processing file /home/airflow/.local/lib/python3.8/site-packages/airflow/example_dags/example_kubernetes_executor.py for tasks to queue
[2023-11-20T19:28:47.963+0000] {logging_mixin.py:151} INFO - [2023-11-20T19:28:47.962+0000] {dagbag.py:536} INFO - Filling up the DagBag from /home/airflow/.local/lib/python3.8/site-packages/airflow/example_dags/example_kubernetes_executor.py
[2023-11-20T19:28:48.055+0000] {processor.py:839} INFO - DAG(s) dict_keys(['example_kubernetes_executor']) retrieved from /home/airflow/.local/lib/python3.8/site-packages/airflow/example_dags/example_kubernetes_executor.py
[2023-11-20T19:28:48.543+0000] {logging_mixin.py:151} INFO - [2023-11-20T19:28:48.542+0000] {dag.py:2941} INFO - Sync 1 DAGs
[2023-11-20T19:28:48.634+0000] {logging_mixin.py:151} INFO - [2023-11-20T19:28:48.633+0000] {dag.py:3722} INFO - Setting next_dagrun for example_kubernetes_executor to None, run_after=None
[2023-11-20T19:28:48.732+0000] {processor.py:179} INFO - Processing /home/airflow/.local/lib/python3.8/site-packages/airflow/example_dags/example_kubernetes_executor.py took 0.802 seconds
[2023-11-20T19:29:30.622+0000] {processor.py:157} INFO - Started process (PID=993) to work on /home/airflow/.local/lib/python3.8/site-packages/airflow/example_dags/example_kubernetes_executor.py
[2023-11-20T19:29:30.625+0000] {processor.py:829} INFO - Processing file /home/airflow/.local/lib/python3.8/site-packages/airflow/example_dags/example_kubernetes_executor.py for tasks to queue
[2023-11-20T19:29:30.628+0000] {logging_mixin.py:151} INFO - [2023-11-20T19:29:30.627+0000] {dagbag.py:536} INFO - Filling up the DagBag from /home/airflow/.local/lib/python3.8/site-packages/airflow/example_dags/example_kubernetes_executor.py
[2023-11-20T19:29:30.668+0000] {processor.py:839} INFO - DAG(s) dict_keys(['example_kubernetes_executor']) retrieved from /home/airflow/.local/lib/python3.8/site-packages/airflow/example_dags/example_kubernetes_executor.py
[2023-11-20T19:29:30.788+0000] {logging_mixin.py:151} INFO - [2023-11-20T19:29:30.787+0000] {dag.py:2941} INFO - Sync 1 DAGs
[2023-11-20T19:29:30.823+0000] {logging_mixin.py:151} INFO - [2023-11-20T19:29:30.822+0000] {dag.py:3722} INFO - Setting next_dagrun for example_kubernetes_executor to None, run_after=None
[2023-11-20T19:29:30.873+0000] {processor.py:179} INFO - Processing /home/airflow/.local/lib/python3.8/site-packages/airflow/example_dags/example_kubernetes_executor.py took 0.263 seconds
[2023-11-20T19:30:01.757+0000] {processor.py:157} INFO - Started process (PID=1054) to work on /home/airflow/.local/lib/python3.8/site-packages/airflow/example_dags/example_kubernetes_executor.py
[2023-11-20T19:30:01.764+0000] {processor.py:829} INFO - Processing file /home/airflow/.local/lib/python3.8/site-packages/airflow/example_dags/example_kubernetes_executor.py for tasks to queue
[2023-11-20T19:30:01.768+0000] {logging_mixin.py:151} INFO - [2023-11-20T19:30:01.767+0000] {dagbag.py:536} INFO - Filling up the DagBag from /home/airflow/.local/lib/python3.8/site-packages/airflow/example_dags/example_kubernetes_executor.py
[2023-11-20T19:30:01.821+0000] {processor.py:839} INFO - DAG(s) dict_keys(['example_kubernetes_executor']) retrieved from /home/airflow/.local/lib/python3.8/site-packages/airflow/example_dags/example_kubernetes_executor.py
[2023-11-20T19:30:01.961+0000] {logging_mixin.py:151} INFO - [2023-11-20T19:30:01.961+0000] {dag.py:2941} INFO - Sync 1 DAGs
[2023-11-20T19:30:01.984+0000] {logging_mixin.py:151} INFO - [2023-11-20T19:30:01.982+0000] {dag.py:3722} INFO - Setting next_dagrun for example_kubernetes_executor to None, run_after=None
[2023-11-20T19:30:02.057+0000] {processor.py:179} INFO - Processing /home/airflow/.local/lib/python3.8/site-packages/airflow/example_dags/example_kubernetes_executor.py took 0.313 seconds
[2023-11-20T19:30:32.883+0000] {processor.py:157} INFO - Started process (PID=1114) to work on /home/airflow/.local/lib/python3.8/site-packages/airflow/example_dags/example_kubernetes_executor.py
[2023-11-20T19:30:32.887+0000] {processor.py:829} INFO - Processing file /home/airflow/.local/lib/python3.8/site-packages/airflow/example_dags/example_kubernetes_executor.py for tasks to queue
[2023-11-20T19:30:32.893+0000] {logging_mixin.py:151} INFO - [2023-11-20T19:30:32.892+0000] {dagbag.py:536} INFO - Filling up the DagBag from /home/airflow/.local/lib/python3.8/site-packages/airflow/example_dags/example_kubernetes_executor.py
[2023-11-20T19:30:32.950+0000] {processor.py:839} INFO - DAG(s) dict_keys(['example_kubernetes_executor']) retrieved from /home/airflow/.local/lib/python3.8/site-packages/airflow/example_dags/example_kubernetes_executor.py
[2023-11-20T19:30:33.084+0000] {logging_mixin.py:151} INFO - [2023-11-20T19:30:33.084+0000] {dag.py:2941} INFO - Sync 1 DAGs
[2023-11-20T19:30:33.133+0000] {logging_mixin.py:151} INFO - [2023-11-20T19:30:33.132+0000] {dag.py:3722} INFO - Setting next_dagrun for example_kubernetes_executor to None, run_after=None
[2023-11-20T19:30:33.183+0000] {processor.py:179} INFO - Processing /home/airflow/.local/lib/python3.8/site-packages/airflow/example_dags/example_kubernetes_executor.py took 0.306 seconds
[2023-11-20T19:31:25.373+0000] {processor.py:157} INFO - Started process (PID=1181) to work on /home/airflow/.local/lib/python3.8/site-packages/airflow/example_dags/example_kubernetes_executor.py
[2023-11-20T19:31:25.376+0000] {processor.py:829} INFO - Processing file /home/airflow/.local/lib/python3.8/site-packages/airflow/example_dags/example_kubernetes_executor.py for tasks to queue
[2023-11-20T19:31:25.381+0000] {logging_mixin.py:151} INFO - [2023-11-20T19:31:25.380+0000] {dagbag.py:536} INFO - Filling up the DagBag from /home/airflow/.local/lib/python3.8/site-packages/airflow/example_dags/example_kubernetes_executor.py
[2023-11-20T19:31:25.473+0000] {processor.py:839} INFO - DAG(s) dict_keys(['example_kubernetes_executor']) retrieved from /home/airflow/.local/lib/python3.8/site-packages/airflow/example_dags/example_kubernetes_executor.py
[2023-11-20T19:31:25.772+0000] {logging_mixin.py:151} INFO - [2023-11-20T19:31:25.771+0000] {dag.py:2941} INFO - Sync 1 DAGs
[2023-11-20T19:31:25.931+0000] {logging_mixin.py:151} INFO - [2023-11-20T19:31:25.930+0000] {dag.py:3722} INFO - Setting next_dagrun for example_kubernetes_executor to None, run_after=None
[2023-11-20T19:31:26.079+0000] {processor.py:179} INFO - Processing /home/airflow/.local/lib/python3.8/site-packages/airflow/example_dags/example_kubernetes_executor.py took 0.722 seconds
[2023-11-20T19:31:59.727+0000] {processor.py:157} INFO - Started process (PID=1241) to work on /home/airflow/.local/lib/python3.8/site-packages/airflow/example_dags/example_kubernetes_executor.py
[2023-11-20T19:31:59.739+0000] {processor.py:829} INFO - Processing file /home/airflow/.local/lib/python3.8/site-packages/airflow/example_dags/example_kubernetes_executor.py for tasks to queue
[2023-11-20T19:31:59.740+0000] {logging_mixin.py:151} INFO - [2023-11-20T19:31:59.739+0000] {dagbag.py:536} INFO - Filling up the DagBag from /home/airflow/.local/lib/python3.8/site-packages/airflow/example_dags/example_kubernetes_executor.py
[2023-11-20T19:31:59.763+0000] {processor.py:839} INFO - DAG(s) dict_keys(['example_kubernetes_executor']) retrieved from /home/airflow/.local/lib/python3.8/site-packages/airflow/example_dags/example_kubernetes_executor.py
[2023-11-20T19:31:59.840+0000] {logging_mixin.py:151} INFO - [2023-11-20T19:31:59.840+0000] {dag.py:2941} INFO - Sync 1 DAGs
[2023-11-20T19:31:59.912+0000] {logging_mixin.py:151} INFO - [2023-11-20T19:31:59.911+0000] {dag.py:3722} INFO - Setting next_dagrun for example_kubernetes_executor to None, run_after=None
[2023-11-20T19:32:00.090+0000] {processor.py:179} INFO - Processing /home/airflow/.local/lib/python3.8/site-packages/airflow/example_dags/example_kubernetes_executor.py took 0.367 seconds
[2023-11-20T19:33:37.058+0000] {processor.py:157} INFO - Started process (PID=1319) to work on /home/airflow/.local/lib/python3.8/site-packages/airflow/example_dags/example_kubernetes_executor.py
[2023-11-20T19:33:37.060+0000] {processor.py:829} INFO - Processing file /home/airflow/.local/lib/python3.8/site-packages/airflow/example_dags/example_kubernetes_executor.py for tasks to queue
[2023-11-20T19:33:37.063+0000] {logging_mixin.py:151} INFO - [2023-11-20T19:33:37.063+0000] {dagbag.py:536} INFO - Filling up the DagBag from /home/airflow/.local/lib/python3.8/site-packages/airflow/example_dags/example_kubernetes_executor.py
[2023-11-20T19:33:37.115+0000] {processor.py:839} INFO - DAG(s) dict_keys(['example_kubernetes_executor']) retrieved from /home/airflow/.local/lib/python3.8/site-packages/airflow/example_dags/example_kubernetes_executor.py
[2023-11-20T19:33:37.236+0000] {logging_mixin.py:151} INFO - [2023-11-20T19:33:37.236+0000] {dag.py:2941} INFO - Sync 1 DAGs
[2023-11-20T19:33:37.289+0000] {logging_mixin.py:151} INFO - [2023-11-20T19:33:37.288+0000] {dag.py:3722} INFO - Setting next_dagrun for example_kubernetes_executor to None, run_after=None
[2023-11-20T19:33:37.389+0000] {processor.py:179} INFO - Processing /home/airflow/.local/lib/python3.8/site-packages/airflow/example_dags/example_kubernetes_executor.py took 0.340 seconds
[2023-11-20T19:34:10.524+0000] {processor.py:157} INFO - Started process (PID=1379) to work on /home/airflow/.local/lib/python3.8/site-packages/airflow/example_dags/example_kubernetes_executor.py
[2023-11-20T19:34:10.527+0000] {processor.py:829} INFO - Processing file /home/airflow/.local/lib/python3.8/site-packages/airflow/example_dags/example_kubernetes_executor.py for tasks to queue
[2023-11-20T19:34:10.530+0000] {logging_mixin.py:151} INFO - [2023-11-20T19:34:10.529+0000] {dagbag.py:536} INFO - Filling up the DagBag from /home/airflow/.local/lib/python3.8/site-packages/airflow/example_dags/example_kubernetes_executor.py
[2023-11-20T19:34:10.624+0000] {processor.py:839} INFO - DAG(s) dict_keys(['example_kubernetes_executor']) retrieved from /home/airflow/.local/lib/python3.8/site-packages/airflow/example_dags/example_kubernetes_executor.py
[2023-11-20T19:34:10.765+0000] {logging_mixin.py:151} INFO - [2023-11-20T19:34:10.765+0000] {dag.py:2941} INFO - Sync 1 DAGs
[2023-11-20T19:34:10.811+0000] {logging_mixin.py:151} INFO - [2023-11-20T19:34:10.810+0000] {dag.py:3722} INFO - Setting next_dagrun for example_kubernetes_executor to None, run_after=None
[2023-11-20T19:34:10.870+0000] {processor.py:179} INFO - Processing /home/airflow/.local/lib/python3.8/site-packages/airflow/example_dags/example_kubernetes_executor.py took 0.353 seconds
[2023-11-20T19:34:54.853+0000] {processor.py:157} INFO - Started process (PID=1443) to work on /home/airflow/.local/lib/python3.8/site-packages/airflow/example_dags/example_kubernetes_executor.py
[2023-11-20T19:34:54.855+0000] {processor.py:829} INFO - Processing file /home/airflow/.local/lib/python3.8/site-packages/airflow/example_dags/example_kubernetes_executor.py for tasks to queue
[2023-11-20T19:34:54.858+0000] {logging_mixin.py:151} INFO - [2023-11-20T19:34:54.857+0000] {dagbag.py:536} INFO - Filling up the DagBag from /home/airflow/.local/lib/python3.8/site-packages/airflow/example_dags/example_kubernetes_executor.py
[2023-11-20T19:34:54.909+0000] {processor.py:839} INFO - DAG(s) dict_keys(['example_kubernetes_executor']) retrieved from /home/airflow/.local/lib/python3.8/site-packages/airflow/example_dags/example_kubernetes_executor.py
[2023-11-20T19:34:55.038+0000] {logging_mixin.py:151} INFO - [2023-11-20T19:34:55.037+0000] {dag.py:2941} INFO - Sync 1 DAGs
[2023-11-20T19:34:55.076+0000] {logging_mixin.py:151} INFO - [2023-11-20T19:34:55.076+0000] {dag.py:3722} INFO - Setting next_dagrun for example_kubernetes_executor to None, run_after=None
[2023-11-20T19:34:55.126+0000] {processor.py:179} INFO - Processing /home/airflow/.local/lib/python3.8/site-packages/airflow/example_dags/example_kubernetes_executor.py took 0.284 seconds
[2023-11-20T19:35:40.550+0000] {processor.py:157} INFO - Started process (PID=1517) to work on /home/airflow/.local/lib/python3.8/site-packages/airflow/example_dags/example_kubernetes_executor.py
[2023-11-20T19:35:40.554+0000] {processor.py:829} INFO - Processing file /home/airflow/.local/lib/python3.8/site-packages/airflow/example_dags/example_kubernetes_executor.py for tasks to queue
[2023-11-20T19:35:40.562+0000] {logging_mixin.py:151} INFO - [2023-11-20T19:35:40.560+0000] {dagbag.py:536} INFO - Filling up the DagBag from /home/airflow/.local/lib/python3.8/site-packages/airflow/example_dags/example_kubernetes_executor.py
[2023-11-20T19:35:40.629+0000] {processor.py:839} INFO - DAG(s) dict_keys(['example_kubernetes_executor']) retrieved from /home/airflow/.local/lib/python3.8/site-packages/airflow/example_dags/example_kubernetes_executor.py
[2023-11-20T19:35:40.752+0000] {logging_mixin.py:151} INFO - [2023-11-20T19:35:40.752+0000] {dag.py:2941} INFO - Sync 1 DAGs
[2023-11-20T19:35:40.794+0000] {logging_mixin.py:151} INFO - [2023-11-20T19:35:40.793+0000] {dag.py:3722} INFO - Setting next_dagrun for example_kubernetes_executor to None, run_after=None
[2023-11-20T19:35:40.843+0000] {processor.py:179} INFO - Processing /home/airflow/.local/lib/python3.8/site-packages/airflow/example_dags/example_kubernetes_executor.py took 0.304 seconds
[2023-11-20T19:36:12.334+0000] {processor.py:157} INFO - Started process (PID=1587) to work on /home/airflow/.local/lib/python3.8/site-packages/airflow/example_dags/example_kubernetes_executor.py
[2023-11-20T19:36:12.335+0000] {processor.py:829} INFO - Processing file /home/airflow/.local/lib/python3.8/site-packages/airflow/example_dags/example_kubernetes_executor.py for tasks to queue
[2023-11-20T19:36:12.337+0000] {logging_mixin.py:151} INFO - [2023-11-20T19:36:12.336+0000] {dagbag.py:536} INFO - Filling up the DagBag from /home/airflow/.local/lib/python3.8/site-packages/airflow/example_dags/example_kubernetes_executor.py
[2023-11-20T19:36:12.369+0000] {processor.py:839} INFO - DAG(s) dict_keys(['example_kubernetes_executor']) retrieved from /home/airflow/.local/lib/python3.8/site-packages/airflow/example_dags/example_kubernetes_executor.py
[2023-11-20T19:36:12.450+0000] {logging_mixin.py:151} INFO - [2023-11-20T19:36:12.450+0000] {dag.py:2941} INFO - Sync 1 DAGs
[2023-11-20T19:36:12.481+0000] {logging_mixin.py:151} INFO - [2023-11-20T19:36:12.481+0000] {dag.py:3722} INFO - Setting next_dagrun for example_kubernetes_executor to None, run_after=None
[2023-11-20T19:36:12.513+0000] {processor.py:179} INFO - Processing /home/airflow/.local/lib/python3.8/site-packages/airflow/example_dags/example_kubernetes_executor.py took 0.184 seconds
[2023-11-20T19:36:44.964+0000] {processor.py:157} INFO - Started process (PID=1647) to work on /home/airflow/.local/lib/python3.8/site-packages/airflow/example_dags/example_kubernetes_executor.py
[2023-11-20T19:36:44.967+0000] {processor.py:829} INFO - Processing file /home/airflow/.local/lib/python3.8/site-packages/airflow/example_dags/example_kubernetes_executor.py for tasks to queue
[2023-11-20T19:36:44.968+0000] {logging_mixin.py:151} INFO - [2023-11-20T19:36:44.968+0000] {dagbag.py:536} INFO - Filling up the DagBag from /home/airflow/.local/lib/python3.8/site-packages/airflow/example_dags/example_kubernetes_executor.py
[2023-11-20T19:36:45.020+0000] {processor.py:839} INFO - DAG(s) dict_keys(['example_kubernetes_executor']) retrieved from /home/airflow/.local/lib/python3.8/site-packages/airflow/example_dags/example_kubernetes_executor.py
[2023-11-20T19:36:45.170+0000] {logging_mixin.py:151} INFO - [2023-11-20T19:36:45.169+0000] {dag.py:2941} INFO - Sync 1 DAGs
[2023-11-20T19:36:45.219+0000] {logging_mixin.py:151} INFO - [2023-11-20T19:36:45.216+0000] {dag.py:3722} INFO - Setting next_dagrun for example_kubernetes_executor to None, run_after=None
[2023-11-20T19:36:45.271+0000] {processor.py:179} INFO - Processing /home/airflow/.local/lib/python3.8/site-packages/airflow/example_dags/example_kubernetes_executor.py took 0.322 seconds
[2023-11-20T19:37:32.997+0000] {processor.py:157} INFO - Started process (PID=1708) to work on /home/airflow/.local/lib/python3.8/site-packages/airflow/example_dags/example_kubernetes_executor.py
[2023-11-20T19:37:33.000+0000] {processor.py:829} INFO - Processing file /home/airflow/.local/lib/python3.8/site-packages/airflow/example_dags/example_kubernetes_executor.py for tasks to queue
[2023-11-20T19:37:33.005+0000] {logging_mixin.py:151} INFO - [2023-11-20T19:37:33.004+0000] {dagbag.py:536} INFO - Filling up the DagBag from /home/airflow/.local/lib/python3.8/site-packages/airflow/example_dags/example_kubernetes_executor.py
[2023-11-20T19:37:33.071+0000] {processor.py:839} INFO - DAG(s) dict_keys(['example_kubernetes_executor']) retrieved from /home/airflow/.local/lib/python3.8/site-packages/airflow/example_dags/example_kubernetes_executor.py
[2023-11-20T19:37:33.228+0000] {logging_mixin.py:151} INFO - [2023-11-20T19:37:33.227+0000] {dag.py:2941} INFO - Sync 1 DAGs
[2023-11-20T19:37:33.267+0000] {logging_mixin.py:151} INFO - [2023-11-20T19:37:33.266+0000] {dag.py:3722} INFO - Setting next_dagrun for example_kubernetes_executor to None, run_after=None
[2023-11-20T19:37:33.326+0000] {processor.py:179} INFO - Processing /home/airflow/.local/lib/python3.8/site-packages/airflow/example_dags/example_kubernetes_executor.py took 0.339 seconds
[2023-11-20T19:38:21.177+0000] {processor.py:157} INFO - Started process (PID=1784) to work on /home/airflow/.local/lib/python3.8/site-packages/airflow/example_dags/example_kubernetes_executor.py
[2023-11-20T19:38:21.186+0000] {processor.py:829} INFO - Processing file /home/airflow/.local/lib/python3.8/site-packages/airflow/example_dags/example_kubernetes_executor.py for tasks to queue
[2023-11-20T19:38:21.189+0000] {logging_mixin.py:151} INFO - [2023-11-20T19:38:21.189+0000] {dagbag.py:536} INFO - Filling up the DagBag from /home/airflow/.local/lib/python3.8/site-packages/airflow/example_dags/example_kubernetes_executor.py
[2023-11-20T19:38:21.218+0000] {processor.py:839} INFO - DAG(s) dict_keys(['example_kubernetes_executor']) retrieved from /home/airflow/.local/lib/python3.8/site-packages/airflow/example_dags/example_kubernetes_executor.py
[2023-11-20T19:38:21.298+0000] {logging_mixin.py:151} INFO - [2023-11-20T19:38:21.298+0000] {dag.py:2941} INFO - Sync 1 DAGs
[2023-11-20T19:38:21.336+0000] {logging_mixin.py:151} INFO - [2023-11-20T19:38:21.336+0000] {dag.py:3722} INFO - Setting next_dagrun for example_kubernetes_executor to None, run_after=None
[2023-11-20T19:38:21.377+0000] {processor.py:179} INFO - Processing /home/airflow/.local/lib/python3.8/site-packages/airflow/example_dags/example_kubernetes_executor.py took 0.208 seconds
[2023-11-20T19:38:52.043+0000] {processor.py:157} INFO - Started process (PID=1844) to work on /home/airflow/.local/lib/python3.8/site-packages/airflow/example_dags/example_kubernetes_executor.py
[2023-11-20T19:38:52.049+0000] {processor.py:829} INFO - Processing file /home/airflow/.local/lib/python3.8/site-packages/airflow/example_dags/example_kubernetes_executor.py for tasks to queue
[2023-11-20T19:38:52.051+0000] {logging_mixin.py:151} INFO - [2023-11-20T19:38:52.051+0000] {dagbag.py:536} INFO - Filling up the DagBag from /home/airflow/.local/lib/python3.8/site-packages/airflow/example_dags/example_kubernetes_executor.py
[2023-11-20T19:38:52.078+0000] {processor.py:839} INFO - DAG(s) dict_keys(['example_kubernetes_executor']) retrieved from /home/airflow/.local/lib/python3.8/site-packages/airflow/example_dags/example_kubernetes_executor.py
[2023-11-20T19:38:52.155+0000] {logging_mixin.py:151} INFO - [2023-11-20T19:38:52.153+0000] {dag.py:2941} INFO - Sync 1 DAGs
[2023-11-20T19:38:52.194+0000] {logging_mixin.py:151} INFO - [2023-11-20T19:38:52.193+0000] {dag.py:3722} INFO - Setting next_dagrun for example_kubernetes_executor to None, run_after=None
[2023-11-20T19:38:52.260+0000] {processor.py:179} INFO - Processing /home/airflow/.local/lib/python3.8/site-packages/airflow/example_dags/example_kubernetes_executor.py took 0.226 seconds
[2023-11-20T19:39:27.142+0000] {processor.py:157} INFO - Started process (PID=1908) to work on /home/airflow/.local/lib/python3.8/site-packages/airflow/example_dags/example_kubernetes_executor.py
[2023-11-20T19:39:27.145+0000] {processor.py:829} INFO - Processing file /home/airflow/.local/lib/python3.8/site-packages/airflow/example_dags/example_kubernetes_executor.py for tasks to queue
[2023-11-20T19:39:27.150+0000] {logging_mixin.py:151} INFO - [2023-11-20T19:39:27.149+0000] {dagbag.py:536} INFO - Filling up the DagBag from /home/airflow/.local/lib/python3.8/site-packages/airflow/example_dags/example_kubernetes_executor.py
[2023-11-20T19:39:27.196+0000] {processor.py:839} INFO - DAG(s) dict_keys(['example_kubernetes_executor']) retrieved from /home/airflow/.local/lib/python3.8/site-packages/airflow/example_dags/example_kubernetes_executor.py
[2023-11-20T19:39:27.314+0000] {logging_mixin.py:151} INFO - [2023-11-20T19:39:27.314+0000] {dag.py:2941} INFO - Sync 1 DAGs
[2023-11-20T19:39:27.364+0000] {logging_mixin.py:151} INFO - [2023-11-20T19:39:27.364+0000] {dag.py:3722} INFO - Setting next_dagrun for example_kubernetes_executor to None, run_after=None
[2023-11-20T19:39:27.428+0000] {processor.py:179} INFO - Processing /home/airflow/.local/lib/python3.8/site-packages/airflow/example_dags/example_kubernetes_executor.py took 0.294 seconds
[2023-11-20T19:40:07.604+0000] {processor.py:157} INFO - Started process (PID=1970) to work on /home/airflow/.local/lib/python3.8/site-packages/airflow/example_dags/example_kubernetes_executor.py
[2023-11-20T19:40:07.606+0000] {processor.py:829} INFO - Processing file /home/airflow/.local/lib/python3.8/site-packages/airflow/example_dags/example_kubernetes_executor.py for tasks to queue
[2023-11-20T19:40:07.608+0000] {logging_mixin.py:151} INFO - [2023-11-20T19:40:07.607+0000] {dagbag.py:536} INFO - Filling up the DagBag from /home/airflow/.local/lib/python3.8/site-packages/airflow/example_dags/example_kubernetes_executor.py
[2023-11-20T19:40:07.656+0000] {processor.py:839} INFO - DAG(s) dict_keys(['example_kubernetes_executor']) retrieved from /home/airflow/.local/lib/python3.8/site-packages/airflow/example_dags/example_kubernetes_executor.py
[2023-11-20T19:40:07.748+0000] {logging_mixin.py:151} INFO - [2023-11-20T19:40:07.748+0000] {dag.py:2941} INFO - Sync 1 DAGs
[2023-11-20T19:40:07.783+0000] {logging_mixin.py:151} INFO - [2023-11-20T19:40:07.783+0000] {dag.py:3722} INFO - Setting next_dagrun for example_kubernetes_executor to None, run_after=None
[2023-11-20T19:40:07.825+0000] {processor.py:179} INFO - Processing /home/airflow/.local/lib/python3.8/site-packages/airflow/example_dags/example_kubernetes_executor.py took 0.228 seconds
[2023-11-20T19:40:43.238+0000] {processor.py:157} INFO - Started process (PID=2029) to work on /home/airflow/.local/lib/python3.8/site-packages/airflow/example_dags/example_kubernetes_executor.py
[2023-11-20T19:40:43.243+0000] {processor.py:829} INFO - Processing file /home/airflow/.local/lib/python3.8/site-packages/airflow/example_dags/example_kubernetes_executor.py for tasks to queue
[2023-11-20T19:40:43.246+0000] {logging_mixin.py:151} INFO - [2023-11-20T19:40:43.246+0000] {dagbag.py:536} INFO - Filling up the DagBag from /home/airflow/.local/lib/python3.8/site-packages/airflow/example_dags/example_kubernetes_executor.py
[2023-11-20T19:40:43.343+0000] {processor.py:839} INFO - DAG(s) dict_keys(['example_kubernetes_executor']) retrieved from /home/airflow/.local/lib/python3.8/site-packages/airflow/example_dags/example_kubernetes_executor.py
