[2023-11-20T19:19:53.578+0000] {processor.py:157} INFO - Started process (PID=135) to work on /home/airflow/.local/lib/python3.8/site-packages/airflow/example_dags/example_task_group.py
[2023-11-20T19:19:53.764+0000] {processor.py:829} INFO - Processing file /home/airflow/.local/lib/python3.8/site-packages/airflow/example_dags/example_task_group.py for tasks to queue
[2023-11-20T19:19:53.850+0000] {logging_mixin.py:151} INFO - [2023-11-20T19:19:53.790+0000] {dagbag.py:536} INFO - Filling up the DagBag from /home/airflow/.local/lib/python3.8/site-packages/airflow/example_dags/example_task_group.py
[2023-11-20T19:19:55.947+0000] {processor.py:839} INFO - DAG(s) dict_keys(['example_task_group']) retrieved from /home/airflow/.local/lib/python3.8/site-packages/airflow/example_dags/example_task_group.py
[2023-11-20T19:20:02.765+0000] {logging_mixin.py:151} INFO - [2023-11-20T19:20:02.604+0000] {dag.py:2941} INFO - Sync 1 DAGs
[2023-11-20T19:20:03.189+0000] {logging_mixin.py:151} INFO - [2023-11-20T19:20:03.184+0000] {dag.py:3722} INFO - Setting next_dagrun for example_task_group to 2023-11-19T19:20:03.179967+00:00, run_after=2023-11-20T19:20:03.179967+00:00
[2023-11-20T19:20:03.762+0000] {processor.py:179} INFO - Processing /home/airflow/.local/lib/python3.8/site-packages/airflow/example_dags/example_task_group.py took 10.810 seconds
[2023-11-20T19:21:50.402+0000] {processor.py:157} INFO - Started process (PID=209) to work on /home/airflow/.local/lib/python3.8/site-packages/airflow/example_dags/example_task_group.py
[2023-11-20T19:21:50.408+0000] {processor.py:829} INFO - Processing file /home/airflow/.local/lib/python3.8/site-packages/airflow/example_dags/example_task_group.py for tasks to queue
[2023-11-20T19:21:50.411+0000] {logging_mixin.py:151} INFO - [2023-11-20T19:21:50.410+0000] {dagbag.py:536} INFO - Filling up the DagBag from /home/airflow/.local/lib/python3.8/site-packages/airflow/example_dags/example_task_group.py
[2023-11-20T19:21:50.436+0000] {processor.py:839} INFO - DAG(s) dict_keys(['example_task_group']) retrieved from /home/airflow/.local/lib/python3.8/site-packages/airflow/example_dags/example_task_group.py
[2023-11-20T19:21:50.502+0000] {logging_mixin.py:151} INFO - [2023-11-20T19:21:50.502+0000] {dag.py:2941} INFO - Sync 1 DAGs
[2023-11-20T19:21:50.559+0000] {logging_mixin.py:151} INFO - [2023-11-20T19:21:50.559+0000] {dag.py:3722} INFO - Setting next_dagrun for example_task_group to 2023-11-19T19:21:50.559025+00:00, run_after=2023-11-20T19:21:50.559025+00:00
[2023-11-20T19:21:50.607+0000] {processor.py:179} INFO - Processing /home/airflow/.local/lib/python3.8/site-packages/airflow/example_dags/example_task_group.py took 0.215 seconds
[2023-11-20T19:22:42.871+0000] {processor.py:157} INFO - Started process (PID=276) to work on /home/airflow/.local/lib/python3.8/site-packages/airflow/example_dags/example_task_group.py
[2023-11-20T19:22:42.874+0000] {processor.py:829} INFO - Processing file /home/airflow/.local/lib/python3.8/site-packages/airflow/example_dags/example_task_group.py for tasks to queue
[2023-11-20T19:22:42.877+0000] {logging_mixin.py:151} INFO - [2023-11-20T19:22:42.876+0000] {dagbag.py:536} INFO - Filling up the DagBag from /home/airflow/.local/lib/python3.8/site-packages/airflow/example_dags/example_task_group.py
[2023-11-20T19:22:42.897+0000] {processor.py:839} INFO - DAG(s) dict_keys(['example_task_group']) retrieved from /home/airflow/.local/lib/python3.8/site-packages/airflow/example_dags/example_task_group.py
[2023-11-20T19:22:42.960+0000] {logging_mixin.py:151} INFO - [2023-11-20T19:22:42.960+0000] {dag.py:2941} INFO - Sync 1 DAGs
[2023-11-20T19:22:42.992+0000] {logging_mixin.py:151} INFO - [2023-11-20T19:22:42.992+0000] {dag.py:3722} INFO - Setting next_dagrun for example_task_group to 2023-11-19T19:22:42.991998+00:00, run_after=2023-11-20T19:22:42.991998+00:00
[2023-11-20T19:22:43.020+0000] {processor.py:179} INFO - Processing /home/airflow/.local/lib/python3.8/site-packages/airflow/example_dags/example_task_group.py took 0.158 seconds
[2023-11-20T19:23:21.287+0000] {processor.py:157} INFO - Started process (PID=336) to work on /home/airflow/.local/lib/python3.8/site-packages/airflow/example_dags/example_task_group.py
[2023-11-20T19:23:21.289+0000] {processor.py:829} INFO - Processing file /home/airflow/.local/lib/python3.8/site-packages/airflow/example_dags/example_task_group.py for tasks to queue
[2023-11-20T19:23:21.292+0000] {logging_mixin.py:151} INFO - [2023-11-20T19:23:21.292+0000] {dagbag.py:536} INFO - Filling up the DagBag from /home/airflow/.local/lib/python3.8/site-packages/airflow/example_dags/example_task_group.py
[2023-11-20T19:23:21.315+0000] {processor.py:839} INFO - DAG(s) dict_keys(['example_task_group']) retrieved from /home/airflow/.local/lib/python3.8/site-packages/airflow/example_dags/example_task_group.py
[2023-11-20T19:23:21.364+0000] {logging_mixin.py:151} INFO - [2023-11-20T19:23:21.363+0000] {dag.py:2941} INFO - Sync 1 DAGs
[2023-11-20T19:23:21.437+0000] {logging_mixin.py:151} INFO - [2023-11-20T19:23:21.435+0000] {dag.py:3722} INFO - Setting next_dagrun for example_task_group to 2023-11-19T19:23:21.434457+00:00, run_after=2023-11-20T19:23:21.434457+00:00
[2023-11-20T19:23:21.506+0000] {processor.py:179} INFO - Processing /home/airflow/.local/lib/python3.8/site-packages/airflow/example_dags/example_task_group.py took 0.225 seconds
[2023-11-20T19:23:59.683+0000] {processor.py:157} INFO - Started process (PID=401) to work on /home/airflow/.local/lib/python3.8/site-packages/airflow/example_dags/example_task_group.py
[2023-11-20T19:23:59.728+0000] {processor.py:829} INFO - Processing file /home/airflow/.local/lib/python3.8/site-packages/airflow/example_dags/example_task_group.py for tasks to queue
[2023-11-20T19:23:59.740+0000] {logging_mixin.py:151} INFO - [2023-11-20T19:23:59.736+0000] {dagbag.py:536} INFO - Filling up the DagBag from /home/airflow/.local/lib/python3.8/site-packages/airflow/example_dags/example_task_group.py
[2023-11-20T19:23:59.907+0000] {processor.py:839} INFO - DAG(s) dict_keys(['example_task_group']) retrieved from /home/airflow/.local/lib/python3.8/site-packages/airflow/example_dags/example_task_group.py
[2023-11-20T19:24:00.146+0000] {logging_mixin.py:151} INFO - [2023-11-20T19:24:00.145+0000] {dag.py:2941} INFO - Sync 1 DAGs
[2023-11-20T19:24:00.227+0000] {logging_mixin.py:151} INFO - [2023-11-20T19:24:00.227+0000] {dag.py:3722} INFO - Setting next_dagrun for example_task_group to 2023-11-19T19:24:00.226840+00:00, run_after=2023-11-20T19:24:00.226840+00:00
[2023-11-20T19:24:00.264+0000] {processor.py:179} INFO - Processing /home/airflow/.local/lib/python3.8/site-packages/airflow/example_dags/example_task_group.py took 0.645 seconds
[2023-11-20T19:24:30.960+0000] {processor.py:157} INFO - Started process (PID=461) to work on /home/airflow/.local/lib/python3.8/site-packages/airflow/example_dags/example_task_group.py
[2023-11-20T19:24:30.962+0000] {processor.py:829} INFO - Processing file /home/airflow/.local/lib/python3.8/site-packages/airflow/example_dags/example_task_group.py for tasks to queue
[2023-11-20T19:24:30.964+0000] {logging_mixin.py:151} INFO - [2023-11-20T19:24:30.963+0000] {dagbag.py:536} INFO - Filling up the DagBag from /home/airflow/.local/lib/python3.8/site-packages/airflow/example_dags/example_task_group.py
[2023-11-20T19:24:30.974+0000] {processor.py:839} INFO - DAG(s) dict_keys(['example_task_group']) retrieved from /home/airflow/.local/lib/python3.8/site-packages/airflow/example_dags/example_task_group.py
[2023-11-20T19:24:31.010+0000] {logging_mixin.py:151} INFO - [2023-11-20T19:24:31.010+0000] {dag.py:2941} INFO - Sync 1 DAGs
[2023-11-20T19:24:31.048+0000] {logging_mixin.py:151} INFO - [2023-11-20T19:24:31.048+0000] {dag.py:3722} INFO - Setting next_dagrun for example_task_group to 2023-11-19T19:24:31.047626+00:00, run_after=2023-11-20T19:24:31.047626+00:00
[2023-11-20T19:24:31.083+0000] {processor.py:179} INFO - Processing /home/airflow/.local/lib/python3.8/site-packages/airflow/example_dags/example_task_group.py took 0.128 seconds
[2023-11-20T19:25:26.144+0000] {processor.py:157} INFO - Started process (PID=538) to work on /home/airflow/.local/lib/python3.8/site-packages/airflow/example_dags/example_task_group.py
[2023-11-20T19:25:26.153+0000] {processor.py:829} INFO - Processing file /home/airflow/.local/lib/python3.8/site-packages/airflow/example_dags/example_task_group.py for tasks to queue
[2023-11-20T19:25:26.159+0000] {logging_mixin.py:151} INFO - [2023-11-20T19:25:26.157+0000] {dagbag.py:536} INFO - Filling up the DagBag from /home/airflow/.local/lib/python3.8/site-packages/airflow/example_dags/example_task_group.py
[2023-11-20T19:25:26.180+0000] {processor.py:839} INFO - DAG(s) dict_keys(['example_task_group']) retrieved from /home/airflow/.local/lib/python3.8/site-packages/airflow/example_dags/example_task_group.py
[2023-11-20T19:25:26.247+0000] {logging_mixin.py:151} INFO - [2023-11-20T19:25:26.246+0000] {dag.py:2941} INFO - Sync 1 DAGs
[2023-11-20T19:25:26.306+0000] {logging_mixin.py:151} INFO - [2023-11-20T19:25:26.305+0000] {dag.py:3722} INFO - Setting next_dagrun for example_task_group to 2023-11-19T19:25:26.304969+00:00, run_after=2023-11-20T19:25:26.304969+00:00
[2023-11-20T19:25:26.383+0000] {processor.py:179} INFO - Processing /home/airflow/.local/lib/python3.8/site-packages/airflow/example_dags/example_task_group.py took 0.246 seconds
[2023-11-20T19:25:57.319+0000] {processor.py:157} INFO - Started process (PID=599) to work on /home/airflow/.local/lib/python3.8/site-packages/airflow/example_dags/example_task_group.py
[2023-11-20T19:25:57.326+0000] {processor.py:829} INFO - Processing file /home/airflow/.local/lib/python3.8/site-packages/airflow/example_dags/example_task_group.py for tasks to queue
[2023-11-20T19:25:57.328+0000] {logging_mixin.py:151} INFO - [2023-11-20T19:25:57.327+0000] {dagbag.py:536} INFO - Filling up the DagBag from /home/airflow/.local/lib/python3.8/site-packages/airflow/example_dags/example_task_group.py
[2023-11-20T19:25:57.346+0000] {processor.py:839} INFO - DAG(s) dict_keys(['example_task_group']) retrieved from /home/airflow/.local/lib/python3.8/site-packages/airflow/example_dags/example_task_group.py
[2023-11-20T19:25:57.384+0000] {logging_mixin.py:151} INFO - [2023-11-20T19:25:57.384+0000] {dag.py:2941} INFO - Sync 1 DAGs
[2023-11-20T19:25:57.420+0000] {logging_mixin.py:151} INFO - [2023-11-20T19:25:57.420+0000] {dag.py:3722} INFO - Setting next_dagrun for example_task_group to 2023-11-19T19:25:57.420440+00:00, run_after=2023-11-20T19:25:57.420440+00:00
[2023-11-20T19:25:57.459+0000] {processor.py:179} INFO - Processing /home/airflow/.local/lib/python3.8/site-packages/airflow/example_dags/example_task_group.py took 0.145 seconds
[2023-11-20T19:26:29.819+0000] {processor.py:157} INFO - Started process (PID=660) to work on /home/airflow/.local/lib/python3.8/site-packages/airflow/example_dags/example_task_group.py
[2023-11-20T19:26:29.822+0000] {processor.py:829} INFO - Processing file /home/airflow/.local/lib/python3.8/site-packages/airflow/example_dags/example_task_group.py for tasks to queue
[2023-11-20T19:26:29.823+0000] {logging_mixin.py:151} INFO - [2023-11-20T19:26:29.823+0000] {dagbag.py:536} INFO - Filling up the DagBag from /home/airflow/.local/lib/python3.8/site-packages/airflow/example_dags/example_task_group.py
[2023-11-20T19:26:29.841+0000] {processor.py:839} INFO - DAG(s) dict_keys(['example_task_group']) retrieved from /home/airflow/.local/lib/python3.8/site-packages/airflow/example_dags/example_task_group.py
[2023-11-20T19:26:29.888+0000] {logging_mixin.py:151} INFO - [2023-11-20T19:26:29.888+0000] {dag.py:2941} INFO - Sync 1 DAGs
[2023-11-20T19:26:29.920+0000] {logging_mixin.py:151} INFO - [2023-11-20T19:26:29.920+0000] {dag.py:3722} INFO - Setting next_dagrun for example_task_group to 2023-11-19T19:26:29.919813+00:00, run_after=2023-11-20T19:26:29.919813+00:00
[2023-11-20T19:26:29.950+0000] {processor.py:179} INFO - Processing /home/airflow/.local/lib/python3.8/site-packages/airflow/example_dags/example_task_group.py took 0.138 seconds
[2023-11-20T19:27:04.264+0000] {processor.py:157} INFO - Started process (PID=720) to work on /home/airflow/.local/lib/python3.8/site-packages/airflow/example_dags/example_task_group.py
[2023-11-20T19:27:04.271+0000] {processor.py:829} INFO - Processing file /home/airflow/.local/lib/python3.8/site-packages/airflow/example_dags/example_task_group.py for tasks to queue
[2023-11-20T19:27:04.272+0000] {logging_mixin.py:151} INFO - [2023-11-20T19:27:04.272+0000] {dagbag.py:536} INFO - Filling up the DagBag from /home/airflow/.local/lib/python3.8/site-packages/airflow/example_dags/example_task_group.py
[2023-11-20T19:27:04.290+0000] {processor.py:839} INFO - DAG(s) dict_keys(['example_task_group']) retrieved from /home/airflow/.local/lib/python3.8/site-packages/airflow/example_dags/example_task_group.py
[2023-11-20T19:27:04.322+0000] {logging_mixin.py:151} INFO - [2023-11-20T19:27:04.321+0000] {dag.py:2941} INFO - Sync 1 DAGs
[2023-11-20T19:27:04.349+0000] {logging_mixin.py:151} INFO - [2023-11-20T19:27:04.348+0000] {dag.py:3722} INFO - Setting next_dagrun for example_task_group to 2023-11-19T19:27:04.348576+00:00, run_after=2023-11-20T19:27:04.348576+00:00
[2023-11-20T19:27:04.380+0000] {processor.py:179} INFO - Processing /home/airflow/.local/lib/python3.8/site-packages/airflow/example_dags/example_task_group.py took 0.120 seconds
[2023-11-20T19:27:37.703+0000] {processor.py:157} INFO - Started process (PID=780) to work on /home/airflow/.local/lib/python3.8/site-packages/airflow/example_dags/example_task_group.py
[2023-11-20T19:27:37.706+0000] {processor.py:829} INFO - Processing file /home/airflow/.local/lib/python3.8/site-packages/airflow/example_dags/example_task_group.py for tasks to queue
[2023-11-20T19:27:37.709+0000] {logging_mixin.py:151} INFO - [2023-11-20T19:27:37.708+0000] {dagbag.py:536} INFO - Filling up the DagBag from /home/airflow/.local/lib/python3.8/site-packages/airflow/example_dags/example_task_group.py
[2023-11-20T19:27:37.732+0000] {processor.py:839} INFO - DAG(s) dict_keys(['example_task_group']) retrieved from /home/airflow/.local/lib/python3.8/site-packages/airflow/example_dags/example_task_group.py
[2023-11-20T19:27:37.784+0000] {logging_mixin.py:151} INFO - [2023-11-20T19:27:37.784+0000] {dag.py:2941} INFO - Sync 1 DAGs
[2023-11-20T19:27:37.841+0000] {logging_mixin.py:151} INFO - [2023-11-20T19:27:37.840+0000] {dag.py:3722} INFO - Setting next_dagrun for example_task_group to 2023-11-19T19:27:37.839867+00:00, run_after=2023-11-20T19:27:37.839867+00:00
[2023-11-20T19:27:37.894+0000] {processor.py:179} INFO - Processing /home/airflow/.local/lib/python3.8/site-packages/airflow/example_dags/example_task_group.py took 0.197 seconds
[2023-11-20T19:28:11.325+0000] {processor.py:157} INFO - Started process (PID=841) to work on /home/airflow/.local/lib/python3.8/site-packages/airflow/example_dags/example_task_group.py
[2023-11-20T19:28:11.327+0000] {processor.py:829} INFO - Processing file /home/airflow/.local/lib/python3.8/site-packages/airflow/example_dags/example_task_group.py for tasks to queue
[2023-11-20T19:28:11.329+0000] {logging_mixin.py:151} INFO - [2023-11-20T19:28:11.329+0000] {dagbag.py:536} INFO - Filling up the DagBag from /home/airflow/.local/lib/python3.8/site-packages/airflow/example_dags/example_task_group.py
[2023-11-20T19:28:11.348+0000] {processor.py:839} INFO - DAG(s) dict_keys(['example_task_group']) retrieved from /home/airflow/.local/lib/python3.8/site-packages/airflow/example_dags/example_task_group.py
[2023-11-20T19:28:11.403+0000] {logging_mixin.py:151} INFO - [2023-11-20T19:28:11.403+0000] {dag.py:2941} INFO - Sync 1 DAGs
[2023-11-20T19:28:11.441+0000] {logging_mixin.py:151} INFO - [2023-11-20T19:28:11.440+0000] {dag.py:3722} INFO - Setting next_dagrun for example_task_group to 2023-11-19T19:28:11.440521+00:00, run_after=2023-11-20T19:28:11.440521+00:00
[2023-11-20T19:28:11.483+0000] {processor.py:179} INFO - Processing /home/airflow/.local/lib/python3.8/site-packages/airflow/example_dags/example_task_group.py took 0.164 seconds
[2023-11-20T19:28:44.536+0000] {processor.py:157} INFO - Started process (PID=913) to work on /home/airflow/.local/lib/python3.8/site-packages/airflow/example_dags/example_task_group.py
[2023-11-20T19:28:44.540+0000] {processor.py:829} INFO - Processing file /home/airflow/.local/lib/python3.8/site-packages/airflow/example_dags/example_task_group.py for tasks to queue
[2023-11-20T19:28:44.543+0000] {logging_mixin.py:151} INFO - [2023-11-20T19:28:44.542+0000] {dagbag.py:536} INFO - Filling up the DagBag from /home/airflow/.local/lib/python3.8/site-packages/airflow/example_dags/example_task_group.py
[2023-11-20T19:28:44.571+0000] {processor.py:839} INFO - DAG(s) dict_keys(['example_task_group']) retrieved from /home/airflow/.local/lib/python3.8/site-packages/airflow/example_dags/example_task_group.py
[2023-11-20T19:28:44.631+0000] {logging_mixin.py:151} INFO - [2023-11-20T19:28:44.631+0000] {dag.py:2941} INFO - Sync 1 DAGs
[2023-11-20T19:28:44.677+0000] {logging_mixin.py:151} INFO - [2023-11-20T19:28:44.677+0000] {dag.py:3722} INFO - Setting next_dagrun for example_task_group to 2023-11-19T19:28:44.677189+00:00, run_after=2023-11-20T19:28:44.677189+00:00
[2023-11-20T19:28:44.731+0000] {processor.py:179} INFO - Processing /home/airflow/.local/lib/python3.8/site-packages/airflow/example_dags/example_task_group.py took 0.200 seconds
[2023-11-20T19:29:25.431+0000] {processor.py:157} INFO - Started process (PID=974) to work on /home/airflow/.local/lib/python3.8/site-packages/airflow/example_dags/example_task_group.py
[2023-11-20T19:29:25.442+0000] {processor.py:829} INFO - Processing file /home/airflow/.local/lib/python3.8/site-packages/airflow/example_dags/example_task_group.py for tasks to queue
[2023-11-20T19:29:25.455+0000] {logging_mixin.py:151} INFO - [2023-11-20T19:29:25.450+0000] {dagbag.py:536} INFO - Filling up the DagBag from /home/airflow/.local/lib/python3.8/site-packages/airflow/example_dags/example_task_group.py
[2023-11-20T19:29:25.506+0000] {processor.py:839} INFO - DAG(s) dict_keys(['example_task_group']) retrieved from /home/airflow/.local/lib/python3.8/site-packages/airflow/example_dags/example_task_group.py
[2023-11-20T19:29:25.647+0000] {logging_mixin.py:151} INFO - [2023-11-20T19:29:25.646+0000] {dag.py:2941} INFO - Sync 1 DAGs
[2023-11-20T19:29:25.737+0000] {logging_mixin.py:151} INFO - [2023-11-20T19:29:25.737+0000] {dag.py:3722} INFO - Setting next_dagrun for example_task_group to 2023-11-19T19:29:25.735478+00:00, run_after=2023-11-20T19:29:25.735478+00:00
[2023-11-20T19:29:25.892+0000] {processor.py:179} INFO - Processing /home/airflow/.local/lib/python3.8/site-packages/airflow/example_dags/example_task_group.py took 0.473 seconds
[2023-11-20T19:29:57.307+0000] {processor.py:157} INFO - Started process (PID=1035) to work on /home/airflow/.local/lib/python3.8/site-packages/airflow/example_dags/example_task_group.py
[2023-11-20T19:29:57.319+0000] {processor.py:829} INFO - Processing file /home/airflow/.local/lib/python3.8/site-packages/airflow/example_dags/example_task_group.py for tasks to queue
[2023-11-20T19:29:57.321+0000] {logging_mixin.py:151} INFO - [2023-11-20T19:29:57.321+0000] {dagbag.py:536} INFO - Filling up the DagBag from /home/airflow/.local/lib/python3.8/site-packages/airflow/example_dags/example_task_group.py
[2023-11-20T19:29:57.340+0000] {processor.py:839} INFO - DAG(s) dict_keys(['example_task_group']) retrieved from /home/airflow/.local/lib/python3.8/site-packages/airflow/example_dags/example_task_group.py
[2023-11-20T19:29:57.414+0000] {logging_mixin.py:151} INFO - [2023-11-20T19:29:57.413+0000] {dag.py:2941} INFO - Sync 1 DAGs
[2023-11-20T19:29:57.460+0000] {logging_mixin.py:151} INFO - [2023-11-20T19:29:57.460+0000] {dag.py:3722} INFO - Setting next_dagrun for example_task_group to 2023-11-19T19:29:57.460143+00:00, run_after=2023-11-20T19:29:57.460143+00:00
[2023-11-20T19:29:57.507+0000] {processor.py:179} INFO - Processing /home/airflow/.local/lib/python3.8/site-packages/airflow/example_dags/example_task_group.py took 0.209 seconds
[2023-11-20T19:30:29.208+0000] {processor.py:157} INFO - Started process (PID=1095) to work on /home/airflow/.local/lib/python3.8/site-packages/airflow/example_dags/example_task_group.py
[2023-11-20T19:30:29.217+0000] {processor.py:829} INFO - Processing file /home/airflow/.local/lib/python3.8/site-packages/airflow/example_dags/example_task_group.py for tasks to queue
[2023-11-20T19:30:29.221+0000] {logging_mixin.py:151} INFO - [2023-11-20T19:30:29.220+0000] {dagbag.py:536} INFO - Filling up the DagBag from /home/airflow/.local/lib/python3.8/site-packages/airflow/example_dags/example_task_group.py
[2023-11-20T19:30:29.258+0000] {processor.py:839} INFO - DAG(s) dict_keys(['example_task_group']) retrieved from /home/airflow/.local/lib/python3.8/site-packages/airflow/example_dags/example_task_group.py
[2023-11-20T19:30:29.426+0000] {logging_mixin.py:151} INFO - [2023-11-20T19:30:29.417+0000] {dag.py:2941} INFO - Sync 1 DAGs
[2023-11-20T19:30:29.668+0000] {logging_mixin.py:151} INFO - [2023-11-20T19:30:29.667+0000] {dag.py:3722} INFO - Setting next_dagrun for example_task_group to 2023-11-19T19:30:29.663683+00:00, run_after=2023-11-20T19:30:29.663683+00:00
[2023-11-20T19:30:29.790+0000] {processor.py:179} INFO - Processing /home/airflow/.local/lib/python3.8/site-packages/airflow/example_dags/example_task_group.py took 0.607 seconds
[2023-11-20T19:31:12.895+0000] {processor.py:157} INFO - Started process (PID=1155) to work on /home/airflow/.local/lib/python3.8/site-packages/airflow/example_dags/example_task_group.py
[2023-11-20T19:31:12.899+0000] {processor.py:829} INFO - Processing file /home/airflow/.local/lib/python3.8/site-packages/airflow/example_dags/example_task_group.py for tasks to queue
[2023-11-20T19:31:12.902+0000] {logging_mixin.py:151} INFO - [2023-11-20T19:31:12.902+0000] {dagbag.py:536} INFO - Filling up the DagBag from /home/airflow/.local/lib/python3.8/site-packages/airflow/example_dags/example_task_group.py
[2023-11-20T19:31:12.968+0000] {processor.py:839} INFO - DAG(s) dict_keys(['example_task_group']) retrieved from /home/airflow/.local/lib/python3.8/site-packages/airflow/example_dags/example_task_group.py
[2023-11-20T19:31:13.412+0000] {logging_mixin.py:151} INFO - [2023-11-20T19:31:13.410+0000] {dag.py:2941} INFO - Sync 1 DAGs
[2023-11-20T19:31:13.585+0000] {logging_mixin.py:151} INFO - [2023-11-20T19:31:13.584+0000] {dag.py:3722} INFO - Setting next_dagrun for example_task_group to 2023-11-19T19:31:13.582671+00:00, run_after=2023-11-20T19:31:13.582671+00:00
[2023-11-20T19:31:13.809+0000] {processor.py:179} INFO - Processing /home/airflow/.local/lib/python3.8/site-packages/airflow/example_dags/example_task_group.py took 0.929 seconds
[2023-11-20T19:31:44.610+0000] {processor.py:157} INFO - Started process (PID=1215) to work on /home/airflow/.local/lib/python3.8/site-packages/airflow/example_dags/example_task_group.py
[2023-11-20T19:31:44.622+0000] {processor.py:829} INFO - Processing file /home/airflow/.local/lib/python3.8/site-packages/airflow/example_dags/example_task_group.py for tasks to queue
[2023-11-20T19:31:44.624+0000] {logging_mixin.py:151} INFO - [2023-11-20T19:31:44.624+0000] {dagbag.py:536} INFO - Filling up the DagBag from /home/airflow/.local/lib/python3.8/site-packages/airflow/example_dags/example_task_group.py
[2023-11-20T19:31:44.649+0000] {processor.py:839} INFO - DAG(s) dict_keys(['example_task_group']) retrieved from /home/airflow/.local/lib/python3.8/site-packages/airflow/example_dags/example_task_group.py
[2023-11-20T19:31:44.727+0000] {logging_mixin.py:151} INFO - [2023-11-20T19:31:44.727+0000] {dag.py:2941} INFO - Sync 1 DAGs
[2023-11-20T19:31:44.820+0000] {logging_mixin.py:151} INFO - [2023-11-20T19:31:44.820+0000] {dag.py:3722} INFO - Setting next_dagrun for example_task_group to 2023-11-19T19:31:44.820044+00:00, run_after=2023-11-20T19:31:44.820044+00:00
[2023-11-20T19:31:44.867+0000] {processor.py:179} INFO - Processing /home/airflow/.local/lib/python3.8/site-packages/airflow/example_dags/example_task_group.py took 0.265 seconds
[2023-11-20T19:33:31.692+0000] {processor.py:157} INFO - Started process (PID=1294) to work on /home/airflow/.local/lib/python3.8/site-packages/airflow/example_dags/example_task_group.py
[2023-11-20T19:33:31.710+0000] {processor.py:829} INFO - Processing file /home/airflow/.local/lib/python3.8/site-packages/airflow/example_dags/example_task_group.py for tasks to queue
[2023-11-20T19:33:31.722+0000] {logging_mixin.py:151} INFO - [2023-11-20T19:33:31.721+0000] {dagbag.py:536} INFO - Filling up the DagBag from /home/airflow/.local/lib/python3.8/site-packages/airflow/example_dags/example_task_group.py
[2023-11-20T19:33:31.762+0000] {processor.py:839} INFO - DAG(s) dict_keys(['example_task_group']) retrieved from /home/airflow/.local/lib/python3.8/site-packages/airflow/example_dags/example_task_group.py
[2023-11-20T19:33:31.867+0000] {logging_mixin.py:151} INFO - [2023-11-20T19:33:31.866+0000] {dag.py:2941} INFO - Sync 1 DAGs
[2023-11-20T19:33:31.959+0000] {logging_mixin.py:151} INFO - [2023-11-20T19:33:31.959+0000] {dag.py:3722} INFO - Setting next_dagrun for example_task_group to 2023-11-19T19:33:31.958755+00:00, run_after=2023-11-20T19:33:31.958755+00:00
[2023-11-20T19:33:32.020+0000] {processor.py:179} INFO - Processing /home/airflow/.local/lib/python3.8/site-packages/airflow/example_dags/example_task_group.py took 0.355 seconds
[2023-11-20T19:34:03.904+0000] {processor.py:157} INFO - Started process (PID=1353) to work on /home/airflow/.local/lib/python3.8/site-packages/airflow/example_dags/example_task_group.py
[2023-11-20T19:34:03.910+0000] {processor.py:829} INFO - Processing file /home/airflow/.local/lib/python3.8/site-packages/airflow/example_dags/example_task_group.py for tasks to queue
[2023-11-20T19:34:03.913+0000] {logging_mixin.py:151} INFO - [2023-11-20T19:34:03.912+0000] {dagbag.py:536} INFO - Filling up the DagBag from /home/airflow/.local/lib/python3.8/site-packages/airflow/example_dags/example_task_group.py
[2023-11-20T19:34:03.969+0000] {processor.py:839} INFO - DAG(s) dict_keys(['example_task_group']) retrieved from /home/airflow/.local/lib/python3.8/site-packages/airflow/example_dags/example_task_group.py
[2023-11-20T19:34:04.013+0000] {logging_mixin.py:151} INFO - [2023-11-20T19:34:04.012+0000] {dag.py:2941} INFO - Sync 1 DAGs
[2023-11-20T19:34:04.055+0000] {logging_mixin.py:151} INFO - [2023-11-20T19:34:04.055+0000] {dag.py:3722} INFO - Setting next_dagrun for example_task_group to 2023-11-19T19:34:04.054568+00:00, run_after=2023-11-20T19:34:04.054568+00:00
[2023-11-20T19:34:04.129+0000] {processor.py:179} INFO - Processing /home/airflow/.local/lib/python3.8/site-packages/airflow/example_dags/example_task_group.py took 0.238 seconds
[2023-11-20T19:34:47.074+0000] {processor.py:157} INFO - Started process (PID=1420) to work on /home/airflow/.local/lib/python3.8/site-packages/airflow/example_dags/example_task_group.py
[2023-11-20T19:34:47.099+0000] {processor.py:829} INFO - Processing file /home/airflow/.local/lib/python3.8/site-packages/airflow/example_dags/example_task_group.py for tasks to queue
[2023-11-20T19:34:47.103+0000] {logging_mixin.py:151} INFO - [2023-11-20T19:34:47.102+0000] {dagbag.py:536} INFO - Filling up the DagBag from /home/airflow/.local/lib/python3.8/site-packages/airflow/example_dags/example_task_group.py
[2023-11-20T19:34:47.159+0000] {processor.py:839} INFO - DAG(s) dict_keys(['example_task_group']) retrieved from /home/airflow/.local/lib/python3.8/site-packages/airflow/example_dags/example_task_group.py
[2023-11-20T19:34:47.373+0000] {logging_mixin.py:151} INFO - [2023-11-20T19:34:47.372+0000] {dag.py:2941} INFO - Sync 1 DAGs
[2023-11-20T19:34:47.500+0000] {logging_mixin.py:151} INFO - [2023-11-20T19:34:47.500+0000] {dag.py:3722} INFO - Setting next_dagrun for example_task_group to 2023-11-19T19:34:47.499641+00:00, run_after=2023-11-20T19:34:47.499641+00:00
[2023-11-20T19:34:47.583+0000] {processor.py:179} INFO - Processing /home/airflow/.local/lib/python3.8/site-packages/airflow/example_dags/example_task_group.py took 0.542 seconds
[2023-11-20T19:35:18.653+0000] {processor.py:157} INFO - Started process (PID=1478) to work on /home/airflow/.local/lib/python3.8/site-packages/airflow/example_dags/example_task_group.py
[2023-11-20T19:35:18.673+0000] {processor.py:829} INFO - Processing file /home/airflow/.local/lib/python3.8/site-packages/airflow/example_dags/example_task_group.py for tasks to queue
[2023-11-20T19:35:18.684+0000] {logging_mixin.py:151} INFO - [2023-11-20T19:35:18.679+0000] {dagbag.py:536} INFO - Filling up the DagBag from /home/airflow/.local/lib/python3.8/site-packages/airflow/example_dags/example_task_group.py
[2023-11-20T19:35:18.930+0000] {processor.py:839} INFO - DAG(s) dict_keys(['example_task_group']) retrieved from /home/airflow/.local/lib/python3.8/site-packages/airflow/example_dags/example_task_group.py
[2023-11-20T19:35:19.444+0000] {logging_mixin.py:151} INFO - [2023-11-20T19:35:19.442+0000] {dag.py:2941} INFO - Sync 1 DAGs
[2023-11-20T19:35:19.886+0000] {logging_mixin.py:151} INFO - [2023-11-20T19:35:19.883+0000] {dag.py:3722} INFO - Setting next_dagrun for example_task_group to 2023-11-19T19:35:19.878201+00:00, run_after=2023-11-20T19:35:19.878201+00:00
[2023-11-20T19:35:20.355+0000] {processor.py:179} INFO - Processing /home/airflow/.local/lib/python3.8/site-packages/airflow/example_dags/example_task_group.py took 1.788 seconds
[2023-11-20T19:35:51.115+0000] {processor.py:157} INFO - Started process (PID=1538) to work on /home/airflow/.local/lib/python3.8/site-packages/airflow/example_dags/example_task_group.py
[2023-11-20T19:35:51.119+0000] {processor.py:829} INFO - Processing file /home/airflow/.local/lib/python3.8/site-packages/airflow/example_dags/example_task_group.py for tasks to queue
[2023-11-20T19:35:51.122+0000] {logging_mixin.py:151} INFO - [2023-11-20T19:35:51.121+0000] {dagbag.py:536} INFO - Filling up the DagBag from /home/airflow/.local/lib/python3.8/site-packages/airflow/example_dags/example_task_group.py
[2023-11-20T19:35:51.158+0000] {processor.py:839} INFO - DAG(s) dict_keys(['example_task_group']) retrieved from /home/airflow/.local/lib/python3.8/site-packages/airflow/example_dags/example_task_group.py
[2023-11-20T19:35:51.242+0000] {logging_mixin.py:151} INFO - [2023-11-20T19:35:51.242+0000] {dag.py:2941} INFO - Sync 1 DAGs
[2023-11-20T19:35:51.325+0000] {logging_mixin.py:151} INFO - [2023-11-20T19:35:51.324+0000] {dag.py:3722} INFO - Setting next_dagrun for example_task_group to 2023-11-19T19:35:51.322880+00:00, run_after=2023-11-20T19:35:51.322880+00:00
[2023-11-20T19:35:51.381+0000] {processor.py:179} INFO - Processing /home/airflow/.local/lib/python3.8/site-packages/airflow/example_dags/example_task_group.py took 0.279 seconds
[2023-11-20T19:36:21.477+0000] {processor.py:157} INFO - Started process (PID=1598) to work on /home/airflow/.local/lib/python3.8/site-packages/airflow/example_dags/example_task_group.py
[2023-11-20T19:36:21.482+0000] {processor.py:829} INFO - Processing file /home/airflow/.local/lib/python3.8/site-packages/airflow/example_dags/example_task_group.py for tasks to queue
[2023-11-20T19:36:21.484+0000] {logging_mixin.py:151} INFO - [2023-11-20T19:36:21.484+0000] {dagbag.py:536} INFO - Filling up the DagBag from /home/airflow/.local/lib/python3.8/site-packages/airflow/example_dags/example_task_group.py
[2023-11-20T19:36:21.521+0000] {processor.py:839} INFO - DAG(s) dict_keys(['example_task_group']) retrieved from /home/airflow/.local/lib/python3.8/site-packages/airflow/example_dags/example_task_group.py
[2023-11-20T19:36:21.579+0000] {logging_mixin.py:151} INFO - [2023-11-20T19:36:21.579+0000] {dag.py:2941} INFO - Sync 1 DAGs
[2023-11-20T19:36:21.642+0000] {logging_mixin.py:151} INFO - [2023-11-20T19:36:21.642+0000] {dag.py:3722} INFO - Setting next_dagrun for example_task_group to 2023-11-19T19:36:21.641925+00:00, run_after=2023-11-20T19:36:21.641925+00:00
[2023-11-20T19:36:21.697+0000] {processor.py:179} INFO - Processing /home/airflow/.local/lib/python3.8/site-packages/airflow/example_dags/example_task_group.py took 0.233 seconds
[2023-11-20T19:36:52.038+0000] {processor.py:157} INFO - Started process (PID=1658) to work on /home/airflow/.local/lib/python3.8/site-packages/airflow/example_dags/example_task_group.py
[2023-11-20T19:36:52.061+0000] {processor.py:829} INFO - Processing file /home/airflow/.local/lib/python3.8/site-packages/airflow/example_dags/example_task_group.py for tasks to queue
[2023-11-20T19:36:52.068+0000] {logging_mixin.py:151} INFO - [2023-11-20T19:36:52.066+0000] {dagbag.py:536} INFO - Filling up the DagBag from /home/airflow/.local/lib/python3.8/site-packages/airflow/example_dags/example_task_group.py
[2023-11-20T19:36:52.131+0000] {processor.py:839} INFO - DAG(s) dict_keys(['example_task_group']) retrieved from /home/airflow/.local/lib/python3.8/site-packages/airflow/example_dags/example_task_group.py
[2023-11-20T19:36:52.265+0000] {logging_mixin.py:151} INFO - [2023-11-20T19:36:52.265+0000] {dag.py:2941} INFO - Sync 1 DAGs
[2023-11-20T19:36:52.600+0000] {logging_mixin.py:151} INFO - [2023-11-20T19:36:52.596+0000] {dag.py:3722} INFO - Setting next_dagrun for example_task_group to 2023-11-19T19:36:52.593717+00:00, run_after=2023-11-20T19:36:52.593717+00:00
[2023-11-20T19:36:52.713+0000] {processor.py:179} INFO - Processing /home/airflow/.local/lib/python3.8/site-packages/airflow/example_dags/example_task_group.py took 0.701 seconds
[2023-11-20T19:37:34.179+0000] {processor.py:157} INFO - Started process (PID=1716) to work on /home/airflow/.local/lib/python3.8/site-packages/airflow/example_dags/example_task_group.py
[2023-11-20T19:37:34.181+0000] {processor.py:829} INFO - Processing file /home/airflow/.local/lib/python3.8/site-packages/airflow/example_dags/example_task_group.py for tasks to queue
[2023-11-20T19:37:34.182+0000] {logging_mixin.py:151} INFO - [2023-11-20T19:37:34.182+0000] {dagbag.py:536} INFO - Filling up the DagBag from /home/airflow/.local/lib/python3.8/site-packages/airflow/example_dags/example_task_group.py
[2023-11-20T19:37:34.228+0000] {processor.py:839} INFO - DAG(s) dict_keys(['example_task_group']) retrieved from /home/airflow/.local/lib/python3.8/site-packages/airflow/example_dags/example_task_group.py
[2023-11-20T19:37:34.331+0000] {logging_mixin.py:151} INFO - [2023-11-20T19:37:34.331+0000] {dag.py:2941} INFO - Sync 1 DAGs
[2023-11-20T19:37:34.422+0000] {logging_mixin.py:151} INFO - [2023-11-20T19:37:34.422+0000] {dag.py:3722} INFO - Setting next_dagrun for example_task_group to 2023-11-19T19:37:34.422107+00:00, run_after=2023-11-20T19:37:34.422107+00:00
[2023-11-20T19:37:34.472+0000] {processor.py:179} INFO - Processing /home/airflow/.local/lib/python3.8/site-packages/airflow/example_dags/example_task_group.py took 0.300 seconds
[2023-11-20T19:38:15.222+0000] {processor.py:157} INFO - Started process (PID=1762) to work on /home/airflow/.local/lib/python3.8/site-packages/airflow/example_dags/example_task_group.py
[2023-11-20T19:38:15.239+0000] {processor.py:829} INFO - Processing file /home/airflow/.local/lib/python3.8/site-packages/airflow/example_dags/example_task_group.py for tasks to queue
[2023-11-20T19:38:15.244+0000] {logging_mixin.py:151} INFO - [2023-11-20T19:38:15.242+0000] {dagbag.py:536} INFO - Filling up the DagBag from /home/airflow/.local/lib/python3.8/site-packages/airflow/example_dags/example_task_group.py
[2023-11-20T19:38:15.290+0000] {processor.py:839} INFO - DAG(s) dict_keys(['example_task_group']) retrieved from /home/airflow/.local/lib/python3.8/site-packages/airflow/example_dags/example_task_group.py
[2023-11-20T19:38:15.392+0000] {logging_mixin.py:151} INFO - [2023-11-20T19:38:15.392+0000] {dag.py:2941} INFO - Sync 1 DAGs
[2023-11-20T19:38:15.430+0000] {logging_mixin.py:151} INFO - [2023-11-20T19:38:15.429+0000] {dag.py:3722} INFO - Setting next_dagrun for example_task_group to 2023-11-19T19:38:15.429353+00:00, run_after=2023-11-20T19:38:15.429353+00:00
[2023-11-20T19:38:15.459+0000] {processor.py:179} INFO - Processing /home/airflow/.local/lib/python3.8/site-packages/airflow/example_dags/example_task_group.py took 0.289 seconds
[2023-11-20T19:38:45.592+0000] {processor.py:157} INFO - Started process (PID=1822) to work on /home/airflow/.local/lib/python3.8/site-packages/airflow/example_dags/example_task_group.py
[2023-11-20T19:38:45.593+0000] {processor.py:829} INFO - Processing file /home/airflow/.local/lib/python3.8/site-packages/airflow/example_dags/example_task_group.py for tasks to queue
[2023-11-20T19:38:45.595+0000] {logging_mixin.py:151} INFO - [2023-11-20T19:38:45.595+0000] {dagbag.py:536} INFO - Filling up the DagBag from /home/airflow/.local/lib/python3.8/site-packages/airflow/example_dags/example_task_group.py
[2023-11-20T19:38:45.620+0000] {processor.py:839} INFO - DAG(s) dict_keys(['example_task_group']) retrieved from /home/airflow/.local/lib/python3.8/site-packages/airflow/example_dags/example_task_group.py
[2023-11-20T19:38:45.693+0000] {logging_mixin.py:151} INFO - [2023-11-20T19:38:45.693+0000] {dag.py:2941} INFO - Sync 1 DAGs
[2023-11-20T19:38:45.764+0000] {logging_mixin.py:151} INFO - [2023-11-20T19:38:45.763+0000] {dag.py:3722} INFO - Setting next_dagrun for example_task_group to 2023-11-19T19:38:45.763000+00:00, run_after=2023-11-20T19:38:45.763000+00:00
[2023-11-20T19:38:45.821+0000] {processor.py:179} INFO - Processing /home/airflow/.local/lib/python3.8/site-packages/airflow/example_dags/example_task_group.py took 0.235 seconds
[2023-11-20T19:39:23.983+0000] {processor.py:157} INFO - Started process (PID=1889) to work on /home/airflow/.local/lib/python3.8/site-packages/airflow/example_dags/example_task_group.py
[2023-11-20T19:39:23.986+0000] {processor.py:829} INFO - Processing file /home/airflow/.local/lib/python3.8/site-packages/airflow/example_dags/example_task_group.py for tasks to queue
[2023-11-20T19:39:23.991+0000] {logging_mixin.py:151} INFO - [2023-11-20T19:39:23.990+0000] {dagbag.py:536} INFO - Filling up the DagBag from /home/airflow/.local/lib/python3.8/site-packages/airflow/example_dags/example_task_group.py
[2023-11-20T19:39:24.018+0000] {processor.py:839} INFO - DAG(s) dict_keys(['example_task_group']) retrieved from /home/airflow/.local/lib/python3.8/site-packages/airflow/example_dags/example_task_group.py
[2023-11-20T19:39:24.099+0000] {logging_mixin.py:151} INFO - [2023-11-20T19:39:24.098+0000] {dag.py:2941} INFO - Sync 1 DAGs
[2023-11-20T19:39:24.195+0000] {logging_mixin.py:151} INFO - [2023-11-20T19:39:24.194+0000] {dag.py:3722} INFO - Setting next_dagrun for example_task_group to 2023-11-19T19:39:24.194148+00:00, run_after=2023-11-20T19:39:24.194148+00:00
[2023-11-20T19:39:24.260+0000] {processor.py:179} INFO - Processing /home/airflow/.local/lib/python3.8/site-packages/airflow/example_dags/example_task_group.py took 0.286 seconds
[2023-11-20T19:40:03.549+0000] {processor.py:157} INFO - Started process (PID=1951) to work on /home/airflow/.local/lib/python3.8/site-packages/airflow/example_dags/example_task_group.py
[2023-11-20T19:40:03.556+0000] {processor.py:829} INFO - Processing file /home/airflow/.local/lib/python3.8/site-packages/airflow/example_dags/example_task_group.py for tasks to queue
[2023-11-20T19:40:03.558+0000] {logging_mixin.py:151} INFO - [2023-11-20T19:40:03.558+0000] {dagbag.py:536} INFO - Filling up the DagBag from /home/airflow/.local/lib/python3.8/site-packages/airflow/example_dags/example_task_group.py
[2023-11-20T19:40:03.698+0000] {processor.py:839} INFO - DAG(s) dict_keys(['example_task_group']) retrieved from /home/airflow/.local/lib/python3.8/site-packages/airflow/example_dags/example_task_group.py
[2023-11-20T19:40:03.848+0000] {logging_mixin.py:151} INFO - [2023-11-20T19:40:03.848+0000] {dag.py:2941} INFO - Sync 1 DAGs
[2023-11-20T19:40:03.903+0000] {logging_mixin.py:151} INFO - [2023-11-20T19:40:03.903+0000] {dag.py:3722} INFO - Setting next_dagrun for example_task_group to 2023-11-19T19:40:03.903284+00:00, run_after=2023-11-20T19:40:03.903284+00:00
[2023-11-20T19:40:03.955+0000] {processor.py:179} INFO - Processing /home/airflow/.local/lib/python3.8/site-packages/airflow/example_dags/example_task_group.py took 0.484 seconds
[2023-11-20T19:40:37.273+0000] {processor.py:157} INFO - Started process (PID=2010) to work on /home/airflow/.local/lib/python3.8/site-packages/airflow/example_dags/example_task_group.py
[2023-11-20T19:40:37.279+0000] {processor.py:829} INFO - Processing file /home/airflow/.local/lib/python3.8/site-packages/airflow/example_dags/example_task_group.py for tasks to queue
[2023-11-20T19:40:37.288+0000] {logging_mixin.py:151} INFO - [2023-11-20T19:40:37.286+0000] {dagbag.py:536} INFO - Filling up the DagBag from /home/airflow/.local/lib/python3.8/site-packages/airflow/example_dags/example_task_group.py
[2023-11-20T19:40:37.402+0000] {processor.py:839} INFO - DAG(s) dict_keys(['example_task_group']) retrieved from /home/airflow/.local/lib/python3.8/site-packages/airflow/example_dags/example_task_group.py
[2023-11-20T19:40:37.653+0000] {logging_mixin.py:151} INFO - [2023-11-20T19:40:37.653+0000] {dag.py:2941} INFO - Sync 1 DAGs
[2023-11-20T19:40:38.109+0000] {logging_mixin.py:151} INFO - [2023-11-20T19:40:38.105+0000] {dag.py:3722} INFO - Setting next_dagrun for example_task_group to 2023-11-19T19:40:38.096534+00:00, run_after=2023-11-20T19:40:38.096534+00:00
[2023-11-20T19:40:38.240+0000] {processor.py:179} INFO - Processing /home/airflow/.local/lib/python3.8/site-packages/airflow/example_dags/example_task_group.py took 0.979 seconds
