[2023-11-20T19:19:30.254+0000] {processor.py:157} INFO - Started process (PID=124) to work on /home/airflow/.local/lib/python3.8/site-packages/airflow/example_dags/example_external_task_marker_dag.py
[2023-11-20T19:19:30.385+0000] {processor.py:829} INFO - Processing file /home/airflow/.local/lib/python3.8/site-packages/airflow/example_dags/example_external_task_marker_dag.py for tasks to queue
[2023-11-20T19:19:30.391+0000] {logging_mixin.py:151} INFO - [2023-11-20T19:19:30.389+0000] {dagbag.py:536} INFO - Filling up the DagBag from /home/airflow/.local/lib/python3.8/site-packages/airflow/example_dags/example_external_task_marker_dag.py
[2023-11-20T19:19:30.671+0000] {processor.py:839} INFO - DAG(s) dict_keys(['example_external_task_marker_parent', 'example_external_task_marker_child']) retrieved from /home/airflow/.local/lib/python3.8/site-packages/airflow/example_dags/example_external_task_marker_dag.py
[2023-11-20T19:19:33.174+0000] {logging_mixin.py:151} INFO - [2023-11-20T19:19:33.120+0000] {dag.py:2941} INFO - Sync 2 DAGs
[2023-11-20T19:19:33.582+0000] {logging_mixin.py:151} INFO - [2023-11-20T19:19:33.580+0000] {dag.py:3722} INFO - Setting next_dagrun for example_external_task_marker_child to None, run_after=None
[2023-11-20T19:19:33.607+0000] {logging_mixin.py:151} INFO - [2023-11-20T19:19:33.606+0000] {dag.py:3722} INFO - Setting next_dagrun for example_external_task_marker_parent to None, run_after=None
[2023-11-20T19:19:34.373+0000] {processor.py:179} INFO - Processing /home/airflow/.local/lib/python3.8/site-packages/airflow/example_dags/example_external_task_marker_dag.py took 4.162 seconds
[2023-11-20T19:21:46.463+0000] {processor.py:157} INFO - Started process (PID=198) to work on /home/airflow/.local/lib/python3.8/site-packages/airflow/example_dags/example_external_task_marker_dag.py
[2023-11-20T19:21:46.475+0000] {processor.py:829} INFO - Processing file /home/airflow/.local/lib/python3.8/site-packages/airflow/example_dags/example_external_task_marker_dag.py for tasks to queue
[2023-11-20T19:21:46.484+0000] {logging_mixin.py:151} INFO - [2023-11-20T19:21:46.483+0000] {dagbag.py:536} INFO - Filling up the DagBag from /home/airflow/.local/lib/python3.8/site-packages/airflow/example_dags/example_external_task_marker_dag.py
[2023-11-20T19:21:46.519+0000] {processor.py:839} INFO - DAG(s) dict_keys(['example_external_task_marker_parent', 'example_external_task_marker_child']) retrieved from /home/airflow/.local/lib/python3.8/site-packages/airflow/example_dags/example_external_task_marker_dag.py
[2023-11-20T19:21:46.661+0000] {logging_mixin.py:151} INFO - [2023-11-20T19:21:46.661+0000] {dag.py:2941} INFO - Sync 2 DAGs
[2023-11-20T19:21:46.748+0000] {logging_mixin.py:151} INFO - [2023-11-20T19:21:46.740+0000] {dag.py:3722} INFO - Setting next_dagrun for example_external_task_marker_child to None, run_after=None
[2023-11-20T19:21:46.768+0000] {logging_mixin.py:151} INFO - [2023-11-20T19:21:46.768+0000] {dag.py:3722} INFO - Setting next_dagrun for example_external_task_marker_parent to None, run_after=None
[2023-11-20T19:21:46.920+0000] {processor.py:179} INFO - Processing /home/airflow/.local/lib/python3.8/site-packages/airflow/example_dags/example_external_task_marker_dag.py took 0.484 seconds
[2023-11-20T19:22:41.191+0000] {processor.py:157} INFO - Started process (PID=265) to work on /home/airflow/.local/lib/python3.8/site-packages/airflow/example_dags/example_external_task_marker_dag.py
[2023-11-20T19:22:41.196+0000] {processor.py:829} INFO - Processing file /home/airflow/.local/lib/python3.8/site-packages/airflow/example_dags/example_external_task_marker_dag.py for tasks to queue
[2023-11-20T19:22:41.198+0000] {logging_mixin.py:151} INFO - [2023-11-20T19:22:41.197+0000] {dagbag.py:536} INFO - Filling up the DagBag from /home/airflow/.local/lib/python3.8/site-packages/airflow/example_dags/example_external_task_marker_dag.py
[2023-11-20T19:22:41.207+0000] {processor.py:839} INFO - DAG(s) dict_keys(['example_external_task_marker_parent', 'example_external_task_marker_child']) retrieved from /home/airflow/.local/lib/python3.8/site-packages/airflow/example_dags/example_external_task_marker_dag.py
[2023-11-20T19:22:41.264+0000] {logging_mixin.py:151} INFO - [2023-11-20T19:22:41.263+0000] {dag.py:2941} INFO - Sync 2 DAGs
[2023-11-20T19:22:41.292+0000] {logging_mixin.py:151} INFO - [2023-11-20T19:22:41.292+0000] {dag.py:3722} INFO - Setting next_dagrun for example_external_task_marker_child to None, run_after=None
[2023-11-20T19:22:41.300+0000] {logging_mixin.py:151} INFO - [2023-11-20T19:22:41.299+0000] {dag.py:3722} INFO - Setting next_dagrun for example_external_task_marker_parent to None, run_after=None
[2023-11-20T19:22:41.336+0000] {processor.py:179} INFO - Processing /home/airflow/.local/lib/python3.8/site-packages/airflow/example_dags/example_external_task_marker_dag.py took 0.152 seconds
[2023-11-20T19:23:18.401+0000] {processor.py:157} INFO - Started process (PID=325) to work on /home/airflow/.local/lib/python3.8/site-packages/airflow/example_dags/example_external_task_marker_dag.py
[2023-11-20T19:23:18.404+0000] {processor.py:829} INFO - Processing file /home/airflow/.local/lib/python3.8/site-packages/airflow/example_dags/example_external_task_marker_dag.py for tasks to queue
[2023-11-20T19:23:18.407+0000] {logging_mixin.py:151} INFO - [2023-11-20T19:23:18.406+0000] {dagbag.py:536} INFO - Filling up the DagBag from /home/airflow/.local/lib/python3.8/site-packages/airflow/example_dags/example_external_task_marker_dag.py
[2023-11-20T19:23:18.503+0000] {processor.py:839} INFO - DAG(s) dict_keys(['example_external_task_marker_child', 'example_external_task_marker_parent']) retrieved from /home/airflow/.local/lib/python3.8/site-packages/airflow/example_dags/example_external_task_marker_dag.py
[2023-11-20T19:23:18.634+0000] {logging_mixin.py:151} INFO - [2023-11-20T19:23:18.634+0000] {dag.py:2941} INFO - Sync 2 DAGs
[2023-11-20T19:23:18.683+0000] {logging_mixin.py:151} INFO - [2023-11-20T19:23:18.682+0000] {dag.py:3722} INFO - Setting next_dagrun for example_external_task_marker_child to None, run_after=None
[2023-11-20T19:23:18.691+0000] {logging_mixin.py:151} INFO - [2023-11-20T19:23:18.691+0000] {dag.py:3722} INFO - Setting next_dagrun for example_external_task_marker_parent to None, run_after=None
[2023-11-20T19:23:18.742+0000] {processor.py:179} INFO - Processing /home/airflow/.local/lib/python3.8/site-packages/airflow/example_dags/example_external_task_marker_dag.py took 0.351 seconds
[2023-11-20T19:23:51.511+0000] {processor.py:157} INFO - Started process (PID=385) to work on /home/airflow/.local/lib/python3.8/site-packages/airflow/example_dags/example_external_task_marker_dag.py
[2023-11-20T19:23:51.520+0000] {processor.py:829} INFO - Processing file /home/airflow/.local/lib/python3.8/site-packages/airflow/example_dags/example_external_task_marker_dag.py for tasks to queue
[2023-11-20T19:23:51.524+0000] {logging_mixin.py:151} INFO - [2023-11-20T19:23:51.523+0000] {dagbag.py:536} INFO - Filling up the DagBag from /home/airflow/.local/lib/python3.8/site-packages/airflow/example_dags/example_external_task_marker_dag.py
[2023-11-20T19:23:51.543+0000] {processor.py:839} INFO - DAG(s) dict_keys(['example_external_task_marker_child', 'example_external_task_marker_parent']) retrieved from /home/airflow/.local/lib/python3.8/site-packages/airflow/example_dags/example_external_task_marker_dag.py
[2023-11-20T19:23:51.675+0000] {logging_mixin.py:151} INFO - [2023-11-20T19:23:51.674+0000] {dag.py:2941} INFO - Sync 2 DAGs
[2023-11-20T19:23:51.762+0000] {logging_mixin.py:151} INFO - [2023-11-20T19:23:51.761+0000] {dag.py:3722} INFO - Setting next_dagrun for example_external_task_marker_child to None, run_after=None
[2023-11-20T19:23:51.779+0000] {logging_mixin.py:151} INFO - [2023-11-20T19:23:51.778+0000] {dag.py:3722} INFO - Setting next_dagrun for example_external_task_marker_parent to None, run_after=None
[2023-11-20T19:23:52.204+0000] {processor.py:179} INFO - Processing /home/airflow/.local/lib/python3.8/site-packages/airflow/example_dags/example_external_task_marker_dag.py took 0.725 seconds
[2023-11-20T19:24:22.366+0000] {processor.py:157} INFO - Started process (PID=443) to work on /home/airflow/.local/lib/python3.8/site-packages/airflow/example_dags/example_external_task_marker_dag.py
[2023-11-20T19:24:22.370+0000] {processor.py:829} INFO - Processing file /home/airflow/.local/lib/python3.8/site-packages/airflow/example_dags/example_external_task_marker_dag.py for tasks to queue
[2023-11-20T19:24:22.371+0000] {logging_mixin.py:151} INFO - [2023-11-20T19:24:22.371+0000] {dagbag.py:536} INFO - Filling up the DagBag from /home/airflow/.local/lib/python3.8/site-packages/airflow/example_dags/example_external_task_marker_dag.py
[2023-11-20T19:24:22.382+0000] {processor.py:839} INFO - DAG(s) dict_keys(['example_external_task_marker_parent', 'example_external_task_marker_child']) retrieved from /home/airflow/.local/lib/python3.8/site-packages/airflow/example_dags/example_external_task_marker_dag.py
[2023-11-20T19:24:22.423+0000] {logging_mixin.py:151} INFO - [2023-11-20T19:24:22.423+0000] {dag.py:2941} INFO - Sync 2 DAGs
[2023-11-20T19:24:22.442+0000] {logging_mixin.py:151} INFO - [2023-11-20T19:24:22.441+0000] {dag.py:3722} INFO - Setting next_dagrun for example_external_task_marker_child to None, run_after=None
[2023-11-20T19:24:22.448+0000] {logging_mixin.py:151} INFO - [2023-11-20T19:24:22.448+0000] {dag.py:3722} INFO - Setting next_dagrun for example_external_task_marker_parent to None, run_after=None
[2023-11-20T19:24:22.472+0000] {processor.py:179} INFO - Processing /home/airflow/.local/lib/python3.8/site-packages/airflow/example_dags/example_external_task_marker_dag.py took 0.114 seconds
[2023-11-20T19:24:53.436+0000] {processor.py:157} INFO - Started process (PID=504) to work on /home/airflow/.local/lib/python3.8/site-packages/airflow/example_dags/example_external_task_marker_dag.py
[2023-11-20T19:24:53.440+0000] {processor.py:829} INFO - Processing file /home/airflow/.local/lib/python3.8/site-packages/airflow/example_dags/example_external_task_marker_dag.py for tasks to queue
[2023-11-20T19:24:53.442+0000] {logging_mixin.py:151} INFO - [2023-11-20T19:24:53.441+0000] {dagbag.py:536} INFO - Filling up the DagBag from /home/airflow/.local/lib/python3.8/site-packages/airflow/example_dags/example_external_task_marker_dag.py
[2023-11-20T19:24:53.457+0000] {processor.py:839} INFO - DAG(s) dict_keys(['example_external_task_marker_child', 'example_external_task_marker_parent']) retrieved from /home/airflow/.local/lib/python3.8/site-packages/airflow/example_dags/example_external_task_marker_dag.py
[2023-11-20T19:24:53.517+0000] {logging_mixin.py:151} INFO - [2023-11-20T19:24:53.517+0000] {dag.py:2941} INFO - Sync 2 DAGs
[2023-11-20T19:24:53.544+0000] {logging_mixin.py:151} INFO - [2023-11-20T19:24:53.543+0000] {dag.py:3722} INFO - Setting next_dagrun for example_external_task_marker_child to None, run_after=None
[2023-11-20T19:24:53.552+0000] {logging_mixin.py:151} INFO - [2023-11-20T19:24:53.552+0000] {dag.py:3722} INFO - Setting next_dagrun for example_external_task_marker_parent to None, run_after=None
[2023-11-20T19:24:53.592+0000] {processor.py:179} INFO - Processing /home/airflow/.local/lib/python3.8/site-packages/airflow/example_dags/example_external_task_marker_dag.py took 0.162 seconds
[2023-11-20T19:25:32.640+0000] {processor.py:157} INFO - Started process (PID=565) to work on /home/airflow/.local/lib/python3.8/site-packages/airflow/example_dags/example_external_task_marker_dag.py
[2023-11-20T19:25:32.645+0000] {processor.py:829} INFO - Processing file /home/airflow/.local/lib/python3.8/site-packages/airflow/example_dags/example_external_task_marker_dag.py for tasks to queue
[2023-11-20T19:25:32.653+0000] {logging_mixin.py:151} INFO - [2023-11-20T19:25:32.651+0000] {dagbag.py:536} INFO - Filling up the DagBag from /home/airflow/.local/lib/python3.8/site-packages/airflow/example_dags/example_external_task_marker_dag.py
[2023-11-20T19:25:32.683+0000] {processor.py:839} INFO - DAG(s) dict_keys(['example_external_task_marker_child', 'example_external_task_marker_parent']) retrieved from /home/airflow/.local/lib/python3.8/site-packages/airflow/example_dags/example_external_task_marker_dag.py
[2023-11-20T19:25:32.790+0000] {logging_mixin.py:151} INFO - [2023-11-20T19:25:32.789+0000] {dag.py:2941} INFO - Sync 2 DAGs
[2023-11-20T19:25:32.876+0000] {logging_mixin.py:151} INFO - [2023-11-20T19:25:32.875+0000] {dag.py:3722} INFO - Setting next_dagrun for example_external_task_marker_child to None, run_after=None
[2023-11-20T19:25:32.965+0000] {logging_mixin.py:151} INFO - [2023-11-20T19:25:32.957+0000] {dag.py:3722} INFO - Setting next_dagrun for example_external_task_marker_parent to None, run_after=None
[2023-11-20T19:25:33.155+0000] {processor.py:179} INFO - Processing /home/airflow/.local/lib/python3.8/site-packages/airflow/example_dags/example_external_task_marker_dag.py took 0.532 seconds
[2023-11-20T19:26:04.138+0000] {processor.py:157} INFO - Started process (PID=624) to work on /home/airflow/.local/lib/python3.8/site-packages/airflow/example_dags/example_external_task_marker_dag.py
[2023-11-20T19:26:04.144+0000] {processor.py:829} INFO - Processing file /home/airflow/.local/lib/python3.8/site-packages/airflow/example_dags/example_external_task_marker_dag.py for tasks to queue
[2023-11-20T19:26:04.148+0000] {logging_mixin.py:151} INFO - [2023-11-20T19:26:04.146+0000] {dagbag.py:536} INFO - Filling up the DagBag from /home/airflow/.local/lib/python3.8/site-packages/airflow/example_dags/example_external_task_marker_dag.py
[2023-11-20T19:26:04.162+0000] {processor.py:839} INFO - DAG(s) dict_keys(['example_external_task_marker_parent', 'example_external_task_marker_child']) retrieved from /home/airflow/.local/lib/python3.8/site-packages/airflow/example_dags/example_external_task_marker_dag.py
[2023-11-20T19:26:04.219+0000] {logging_mixin.py:151} INFO - [2023-11-20T19:26:04.218+0000] {dag.py:2941} INFO - Sync 2 DAGs
[2023-11-20T19:26:04.240+0000] {logging_mixin.py:151} INFO - [2023-11-20T19:26:04.239+0000] {dag.py:3722} INFO - Setting next_dagrun for example_external_task_marker_child to None, run_after=None
[2023-11-20T19:26:04.244+0000] {logging_mixin.py:151} INFO - [2023-11-20T19:26:04.244+0000] {dag.py:3722} INFO - Setting next_dagrun for example_external_task_marker_parent to None, run_after=None
[2023-11-20T19:26:04.274+0000] {processor.py:179} INFO - Processing /home/airflow/.local/lib/python3.8/site-packages/airflow/example_dags/example_external_task_marker_dag.py took 0.155 seconds
[2023-11-20T19:26:34.768+0000] {processor.py:157} INFO - Started process (PID=685) to work on /home/airflow/.local/lib/python3.8/site-packages/airflow/example_dags/example_external_task_marker_dag.py
[2023-11-20T19:26:34.777+0000] {processor.py:829} INFO - Processing file /home/airflow/.local/lib/python3.8/site-packages/airflow/example_dags/example_external_task_marker_dag.py for tasks to queue
[2023-11-20T19:26:34.779+0000] {logging_mixin.py:151} INFO - [2023-11-20T19:26:34.778+0000] {dagbag.py:536} INFO - Filling up the DagBag from /home/airflow/.local/lib/python3.8/site-packages/airflow/example_dags/example_external_task_marker_dag.py
[2023-11-20T19:26:34.792+0000] {processor.py:839} INFO - DAG(s) dict_keys(['example_external_task_marker_child', 'example_external_task_marker_parent']) retrieved from /home/airflow/.local/lib/python3.8/site-packages/airflow/example_dags/example_external_task_marker_dag.py
[2023-11-20T19:26:34.842+0000] {logging_mixin.py:151} INFO - [2023-11-20T19:26:34.842+0000] {dag.py:2941} INFO - Sync 2 DAGs
[2023-11-20T19:26:34.862+0000] {logging_mixin.py:151} INFO - [2023-11-20T19:26:34.862+0000] {dag.py:3722} INFO - Setting next_dagrun for example_external_task_marker_child to None, run_after=None
[2023-11-20T19:26:34.867+0000] {logging_mixin.py:151} INFO - [2023-11-20T19:26:34.867+0000] {dag.py:3722} INFO - Setting next_dagrun for example_external_task_marker_parent to None, run_after=None
[2023-11-20T19:26:34.894+0000] {processor.py:179} INFO - Processing /home/airflow/.local/lib/python3.8/site-packages/airflow/example_dags/example_external_task_marker_dag.py took 0.139 seconds
[2023-11-20T19:27:07.286+0000] {processor.py:157} INFO - Started process (PID=741) to work on /home/airflow/.local/lib/python3.8/site-packages/airflow/example_dags/example_external_task_marker_dag.py
[2023-11-20T19:27:07.295+0000] {processor.py:829} INFO - Processing file /home/airflow/.local/lib/python3.8/site-packages/airflow/example_dags/example_external_task_marker_dag.py for tasks to queue
[2023-11-20T19:27:07.296+0000] {logging_mixin.py:151} INFO - [2023-11-20T19:27:07.296+0000] {dagbag.py:536} INFO - Filling up the DagBag from /home/airflow/.local/lib/python3.8/site-packages/airflow/example_dags/example_external_task_marker_dag.py
[2023-11-20T19:27:07.309+0000] {processor.py:839} INFO - DAG(s) dict_keys(['example_external_task_marker_child', 'example_external_task_marker_parent']) retrieved from /home/airflow/.local/lib/python3.8/site-packages/airflow/example_dags/example_external_task_marker_dag.py
[2023-11-20T19:27:07.363+0000] {logging_mixin.py:151} INFO - [2023-11-20T19:27:07.363+0000] {dag.py:2941} INFO - Sync 2 DAGs
[2023-11-20T19:27:07.383+0000] {logging_mixin.py:151} INFO - [2023-11-20T19:27:07.383+0000] {dag.py:3722} INFO - Setting next_dagrun for example_external_task_marker_child to None, run_after=None
[2023-11-20T19:27:07.389+0000] {logging_mixin.py:151} INFO - [2023-11-20T19:27:07.389+0000] {dag.py:3722} INFO - Setting next_dagrun for example_external_task_marker_parent to None, run_after=None
[2023-11-20T19:27:07.415+0000] {processor.py:179} INFO - Processing /home/airflow/.local/lib/python3.8/site-packages/airflow/example_dags/example_external_task_marker_dag.py took 0.135 seconds
[2023-11-20T19:27:38.244+0000] {processor.py:157} INFO - Started process (PID=784) to work on /home/airflow/.local/lib/python3.8/site-packages/airflow/example_dags/example_external_task_marker_dag.py
[2023-11-20T19:27:38.248+0000] {processor.py:829} INFO - Processing file /home/airflow/.local/lib/python3.8/site-packages/airflow/example_dags/example_external_task_marker_dag.py for tasks to queue
[2023-11-20T19:27:38.250+0000] {logging_mixin.py:151} INFO - [2023-11-20T19:27:38.249+0000] {dagbag.py:536} INFO - Filling up the DagBag from /home/airflow/.local/lib/python3.8/site-packages/airflow/example_dags/example_external_task_marker_dag.py
[2023-11-20T19:27:38.272+0000] {processor.py:839} INFO - DAG(s) dict_keys(['example_external_task_marker_child', 'example_external_task_marker_parent']) retrieved from /home/airflow/.local/lib/python3.8/site-packages/airflow/example_dags/example_external_task_marker_dag.py
[2023-11-20T19:27:38.355+0000] {logging_mixin.py:151} INFO - [2023-11-20T19:27:38.354+0000] {dag.py:2941} INFO - Sync 2 DAGs
[2023-11-20T19:27:38.413+0000] {logging_mixin.py:151} INFO - [2023-11-20T19:27:38.413+0000] {dag.py:3722} INFO - Setting next_dagrun for example_external_task_marker_child to None, run_after=None
[2023-11-20T19:27:38.424+0000] {logging_mixin.py:151} INFO - [2023-11-20T19:27:38.423+0000] {dag.py:3722} INFO - Setting next_dagrun for example_external_task_marker_parent to None, run_after=None
[2023-11-20T19:27:38.487+0000] {processor.py:179} INFO - Processing /home/airflow/.local/lib/python3.8/site-packages/airflow/example_dags/example_external_task_marker_dag.py took 0.253 seconds
[2023-11-20T19:28:11.789+0000] {processor.py:157} INFO - Started process (PID=845) to work on /home/airflow/.local/lib/python3.8/site-packages/airflow/example_dags/example_external_task_marker_dag.py
[2023-11-20T19:28:11.791+0000] {processor.py:829} INFO - Processing file /home/airflow/.local/lib/python3.8/site-packages/airflow/example_dags/example_external_task_marker_dag.py for tasks to queue
[2023-11-20T19:28:11.793+0000] {logging_mixin.py:151} INFO - [2023-11-20T19:28:11.792+0000] {dagbag.py:536} INFO - Filling up the DagBag from /home/airflow/.local/lib/python3.8/site-packages/airflow/example_dags/example_external_task_marker_dag.py
[2023-11-20T19:28:11.806+0000] {processor.py:839} INFO - DAG(s) dict_keys(['example_external_task_marker_child', 'example_external_task_marker_parent']) retrieved from /home/airflow/.local/lib/python3.8/site-packages/airflow/example_dags/example_external_task_marker_dag.py
[2023-11-20T19:28:11.884+0000] {logging_mixin.py:151} INFO - [2023-11-20T19:28:11.883+0000] {dag.py:2941} INFO - Sync 2 DAGs
[2023-11-20T19:28:11.915+0000] {logging_mixin.py:151} INFO - [2023-11-20T19:28:11.915+0000] {dag.py:3722} INFO - Setting next_dagrun for example_external_task_marker_child to None, run_after=None
[2023-11-20T19:28:11.928+0000] {logging_mixin.py:151} INFO - [2023-11-20T19:28:11.927+0000] {dag.py:3722} INFO - Setting next_dagrun for example_external_task_marker_parent to None, run_after=None
[2023-11-20T19:28:11.970+0000] {processor.py:179} INFO - Processing /home/airflow/.local/lib/python3.8/site-packages/airflow/example_dags/example_external_task_marker_dag.py took 0.189 seconds
[2023-11-20T19:28:43.689+0000] {processor.py:157} INFO - Started process (PID=900) to work on /home/airflow/.local/lib/python3.8/site-packages/airflow/example_dags/example_external_task_marker_dag.py
[2023-11-20T19:28:43.695+0000] {processor.py:829} INFO - Processing file /home/airflow/.local/lib/python3.8/site-packages/airflow/example_dags/example_external_task_marker_dag.py for tasks to queue
[2023-11-20T19:28:43.699+0000] {logging_mixin.py:151} INFO - [2023-11-20T19:28:43.697+0000] {dagbag.py:536} INFO - Filling up the DagBag from /home/airflow/.local/lib/python3.8/site-packages/airflow/example_dags/example_external_task_marker_dag.py
[2023-11-20T19:28:43.724+0000] {processor.py:839} INFO - DAG(s) dict_keys(['example_external_task_marker_parent', 'example_external_task_marker_child']) retrieved from /home/airflow/.local/lib/python3.8/site-packages/airflow/example_dags/example_external_task_marker_dag.py
[2023-11-20T19:28:43.798+0000] {logging_mixin.py:151} INFO - [2023-11-20T19:28:43.798+0000] {dag.py:2941} INFO - Sync 2 DAGs
[2023-11-20T19:28:43.841+0000] {logging_mixin.py:151} INFO - [2023-11-20T19:28:43.840+0000] {dag.py:3722} INFO - Setting next_dagrun for example_external_task_marker_child to None, run_after=None
[2023-11-20T19:28:43.850+0000] {logging_mixin.py:151} INFO - [2023-11-20T19:28:43.849+0000] {dag.py:3722} INFO - Setting next_dagrun for example_external_task_marker_parent to None, run_after=None
[2023-11-20T19:28:43.947+0000] {processor.py:179} INFO - Processing /home/airflow/.local/lib/python3.8/site-packages/airflow/example_dags/example_external_task_marker_dag.py took 0.269 seconds
[2023-11-20T19:29:22.118+0000] {processor.py:157} INFO - Started process (PID=963) to work on /home/airflow/.local/lib/python3.8/site-packages/airflow/example_dags/example_external_task_marker_dag.py
[2023-11-20T19:29:22.120+0000] {processor.py:829} INFO - Processing file /home/airflow/.local/lib/python3.8/site-packages/airflow/example_dags/example_external_task_marker_dag.py for tasks to queue
[2023-11-20T19:29:22.123+0000] {logging_mixin.py:151} INFO - [2023-11-20T19:29:22.122+0000] {dagbag.py:536} INFO - Filling up the DagBag from /home/airflow/.local/lib/python3.8/site-packages/airflow/example_dags/example_external_task_marker_dag.py
[2023-11-20T19:29:22.139+0000] {processor.py:839} INFO - DAG(s) dict_keys(['example_external_task_marker_child', 'example_external_task_marker_parent']) retrieved from /home/airflow/.local/lib/python3.8/site-packages/airflow/example_dags/example_external_task_marker_dag.py
[2023-11-20T19:29:22.311+0000] {logging_mixin.py:151} INFO - [2023-11-20T19:29:22.310+0000] {dag.py:2941} INFO - Sync 2 DAGs
[2023-11-20T19:29:22.374+0000] {logging_mixin.py:151} INFO - [2023-11-20T19:29:22.373+0000] {dag.py:3722} INFO - Setting next_dagrun for example_external_task_marker_child to None, run_after=None
[2023-11-20T19:29:22.385+0000] {logging_mixin.py:151} INFO - [2023-11-20T19:29:22.385+0000] {dag.py:3722} INFO - Setting next_dagrun for example_external_task_marker_parent to None, run_after=None
[2023-11-20T19:29:22.441+0000] {processor.py:179} INFO - Processing /home/airflow/.local/lib/python3.8/site-packages/airflow/example_dags/example_external_task_marker_dag.py took 0.329 seconds
[2023-11-20T19:29:53.935+0000] {processor.py:157} INFO - Started process (PID=1024) to work on /home/airflow/.local/lib/python3.8/site-packages/airflow/example_dags/example_external_task_marker_dag.py
[2023-11-20T19:29:53.938+0000] {processor.py:829} INFO - Processing file /home/airflow/.local/lib/python3.8/site-packages/airflow/example_dags/example_external_task_marker_dag.py for tasks to queue
[2023-11-20T19:29:53.943+0000] {logging_mixin.py:151} INFO - [2023-11-20T19:29:53.942+0000] {dagbag.py:536} INFO - Filling up the DagBag from /home/airflow/.local/lib/python3.8/site-packages/airflow/example_dags/example_external_task_marker_dag.py
[2023-11-20T19:29:53.955+0000] {processor.py:839} INFO - DAG(s) dict_keys(['example_external_task_marker_child', 'example_external_task_marker_parent']) retrieved from /home/airflow/.local/lib/python3.8/site-packages/airflow/example_dags/example_external_task_marker_dag.py
[2023-11-20T19:29:54.015+0000] {logging_mixin.py:151} INFO - [2023-11-20T19:29:54.014+0000] {dag.py:2941} INFO - Sync 2 DAGs
[2023-11-20T19:29:54.061+0000] {logging_mixin.py:151} INFO - [2023-11-20T19:29:54.060+0000] {dag.py:3722} INFO - Setting next_dagrun for example_external_task_marker_child to None, run_after=None
[2023-11-20T19:29:54.072+0000] {logging_mixin.py:151} INFO - [2023-11-20T19:29:54.071+0000] {dag.py:3722} INFO - Setting next_dagrun for example_external_task_marker_parent to None, run_after=None
[2023-11-20T19:29:54.110+0000] {processor.py:179} INFO - Processing /home/airflow/.local/lib/python3.8/site-packages/airflow/example_dags/example_external_task_marker_dag.py took 0.182 seconds
[2023-11-20T19:30:27.339+0000] {processor.py:157} INFO - Started process (PID=1084) to work on /home/airflow/.local/lib/python3.8/site-packages/airflow/example_dags/example_external_task_marker_dag.py
[2023-11-20T19:30:27.343+0000] {processor.py:829} INFO - Processing file /home/airflow/.local/lib/python3.8/site-packages/airflow/example_dags/example_external_task_marker_dag.py for tasks to queue
[2023-11-20T19:30:27.346+0000] {logging_mixin.py:151} INFO - [2023-11-20T19:30:27.345+0000] {dagbag.py:536} INFO - Filling up the DagBag from /home/airflow/.local/lib/python3.8/site-packages/airflow/example_dags/example_external_task_marker_dag.py
[2023-11-20T19:30:27.370+0000] {processor.py:839} INFO - DAG(s) dict_keys(['example_external_task_marker_child', 'example_external_task_marker_parent']) retrieved from /home/airflow/.local/lib/python3.8/site-packages/airflow/example_dags/example_external_task_marker_dag.py
[2023-11-20T19:30:27.460+0000] {logging_mixin.py:151} INFO - [2023-11-20T19:30:27.460+0000] {dag.py:2941} INFO - Sync 2 DAGs
[2023-11-20T19:30:27.522+0000] {logging_mixin.py:151} INFO - [2023-11-20T19:30:27.522+0000] {dag.py:3722} INFO - Setting next_dagrun for example_external_task_marker_child to None, run_after=None
[2023-11-20T19:30:27.547+0000] {logging_mixin.py:151} INFO - [2023-11-20T19:30:27.546+0000] {dag.py:3722} INFO - Setting next_dagrun for example_external_task_marker_parent to None, run_after=None
[2023-11-20T19:30:27.680+0000] {processor.py:179} INFO - Processing /home/airflow/.local/lib/python3.8/site-packages/airflow/example_dags/example_external_task_marker_dag.py took 0.354 seconds
[2023-11-20T19:31:09.612+0000] {processor.py:157} INFO - Started process (PID=1144) to work on /home/airflow/.local/lib/python3.8/site-packages/airflow/example_dags/example_external_task_marker_dag.py
[2023-11-20T19:31:09.622+0000] {processor.py:829} INFO - Processing file /home/airflow/.local/lib/python3.8/site-packages/airflow/example_dags/example_external_task_marker_dag.py for tasks to queue
[2023-11-20T19:31:09.635+0000] {logging_mixin.py:151} INFO - [2023-11-20T19:31:09.634+0000] {dagbag.py:536} INFO - Filling up the DagBag from /home/airflow/.local/lib/python3.8/site-packages/airflow/example_dags/example_external_task_marker_dag.py
[2023-11-20T19:31:09.667+0000] {processor.py:839} INFO - DAG(s) dict_keys(['example_external_task_marker_parent', 'example_external_task_marker_child']) retrieved from /home/airflow/.local/lib/python3.8/site-packages/airflow/example_dags/example_external_task_marker_dag.py
[2023-11-20T19:31:09.842+0000] {logging_mixin.py:151} INFO - [2023-11-20T19:31:09.842+0000] {dag.py:2941} INFO - Sync 2 DAGs
[2023-11-20T19:31:09.900+0000] {logging_mixin.py:151} INFO - [2023-11-20T19:31:09.900+0000] {dag.py:3722} INFO - Setting next_dagrun for example_external_task_marker_child to None, run_after=None
[2023-11-20T19:31:09.909+0000] {logging_mixin.py:151} INFO - [2023-11-20T19:31:09.909+0000] {dag.py:3722} INFO - Setting next_dagrun for example_external_task_marker_parent to None, run_after=None
[2023-11-20T19:31:10.013+0000] {processor.py:179} INFO - Processing /home/airflow/.local/lib/python3.8/site-packages/airflow/example_dags/example_external_task_marker_dag.py took 0.449 seconds
[2023-11-20T19:31:42.086+0000] {processor.py:157} INFO - Started process (PID=1204) to work on /home/airflow/.local/lib/python3.8/site-packages/airflow/example_dags/example_external_task_marker_dag.py
[2023-11-20T19:31:42.096+0000] {processor.py:829} INFO - Processing file /home/airflow/.local/lib/python3.8/site-packages/airflow/example_dags/example_external_task_marker_dag.py for tasks to queue
[2023-11-20T19:31:42.100+0000] {logging_mixin.py:151} INFO - [2023-11-20T19:31:42.099+0000] {dagbag.py:536} INFO - Filling up the DagBag from /home/airflow/.local/lib/python3.8/site-packages/airflow/example_dags/example_external_task_marker_dag.py
[2023-11-20T19:31:42.175+0000] {processor.py:839} INFO - DAG(s) dict_keys(['example_external_task_marker_parent', 'example_external_task_marker_child']) retrieved from /home/airflow/.local/lib/python3.8/site-packages/airflow/example_dags/example_external_task_marker_dag.py
[2023-11-20T19:31:42.411+0000] {logging_mixin.py:151} INFO - [2023-11-20T19:31:42.410+0000] {dag.py:2941} INFO - Sync 2 DAGs
[2023-11-20T19:31:42.649+0000] {logging_mixin.py:151} INFO - [2023-11-20T19:31:42.647+0000] {dag.py:3722} INFO - Setting next_dagrun for example_external_task_marker_child to None, run_after=None
[2023-11-20T19:31:42.679+0000] {logging_mixin.py:151} INFO - [2023-11-20T19:31:42.678+0000] {dag.py:3722} INFO - Setting next_dagrun for example_external_task_marker_parent to None, run_after=None
[2023-11-20T19:31:42.831+0000] {processor.py:179} INFO - Processing /home/airflow/.local/lib/python3.8/site-packages/airflow/example_dags/example_external_task_marker_dag.py took 0.794 seconds
[2023-11-20T19:33:22.223+0000] {processor.py:157} INFO - Started process (PID=1283) to work on /home/airflow/.local/lib/python3.8/site-packages/airflow/example_dags/example_external_task_marker_dag.py
[2023-11-20T19:33:22.238+0000] {processor.py:829} INFO - Processing file /home/airflow/.local/lib/python3.8/site-packages/airflow/example_dags/example_external_task_marker_dag.py for tasks to queue
[2023-11-20T19:33:22.243+0000] {logging_mixin.py:151} INFO - [2023-11-20T19:33:22.242+0000] {dagbag.py:536} INFO - Filling up the DagBag from /home/airflow/.local/lib/python3.8/site-packages/airflow/example_dags/example_external_task_marker_dag.py
[2023-11-20T19:33:22.272+0000] {processor.py:839} INFO - DAG(s) dict_keys(['example_external_task_marker_child', 'example_external_task_marker_parent']) retrieved from /home/airflow/.local/lib/python3.8/site-packages/airflow/example_dags/example_external_task_marker_dag.py
[2023-11-20T19:33:22.398+0000] {logging_mixin.py:151} INFO - [2023-11-20T19:33:22.397+0000] {dag.py:2941} INFO - Sync 2 DAGs
[2023-11-20T19:33:22.714+0000] {logging_mixin.py:151} INFO - [2023-11-20T19:33:22.706+0000] {dag.py:3722} INFO - Setting next_dagrun for example_external_task_marker_child to None, run_after=None
[2023-11-20T19:33:22.795+0000] {logging_mixin.py:151} INFO - [2023-11-20T19:33:22.792+0000] {dag.py:3722} INFO - Setting next_dagrun for example_external_task_marker_parent to None, run_after=None
[2023-11-20T19:33:23.680+0000] {processor.py:179} INFO - Processing /home/airflow/.local/lib/python3.8/site-packages/airflow/example_dags/example_external_task_marker_dag.py took 1.469 seconds
[2023-11-20T19:33:54.721+0000] {processor.py:157} INFO - Started process (PID=1340) to work on /home/airflow/.local/lib/python3.8/site-packages/airflow/example_dags/example_external_task_marker_dag.py
[2023-11-20T19:33:54.726+0000] {processor.py:829} INFO - Processing file /home/airflow/.local/lib/python3.8/site-packages/airflow/example_dags/example_external_task_marker_dag.py for tasks to queue
[2023-11-20T19:33:54.729+0000] {logging_mixin.py:151} INFO - [2023-11-20T19:33:54.728+0000] {dagbag.py:536} INFO - Filling up the DagBag from /home/airflow/.local/lib/python3.8/site-packages/airflow/example_dags/example_external_task_marker_dag.py
[2023-11-20T19:33:54.746+0000] {processor.py:839} INFO - DAG(s) dict_keys(['example_external_task_marker_child', 'example_external_task_marker_parent']) retrieved from /home/airflow/.local/lib/python3.8/site-packages/airflow/example_dags/example_external_task_marker_dag.py
[2023-11-20T19:33:54.828+0000] {logging_mixin.py:151} INFO - [2023-11-20T19:33:54.828+0000] {dag.py:2941} INFO - Sync 2 DAGs
[2023-11-20T19:33:54.878+0000] {logging_mixin.py:151} INFO - [2023-11-20T19:33:54.878+0000] {dag.py:3722} INFO - Setting next_dagrun for example_external_task_marker_child to None, run_after=None
[2023-11-20T19:33:54.888+0000] {logging_mixin.py:151} INFO - [2023-11-20T19:33:54.888+0000] {dag.py:3722} INFO - Setting next_dagrun for example_external_task_marker_parent to None, run_after=None
[2023-11-20T19:33:54.936+0000] {processor.py:179} INFO - Processing /home/airflow/.local/lib/python3.8/site-packages/airflow/example_dags/example_external_task_marker_dag.py took 0.226 seconds
[2023-11-20T19:34:25.517+0000] {processor.py:157} INFO - Started process (PID=1400) to work on /home/airflow/.local/lib/python3.8/site-packages/airflow/example_dags/example_external_task_marker_dag.py
[2023-11-20T19:34:25.521+0000] {processor.py:829} INFO - Processing file /home/airflow/.local/lib/python3.8/site-packages/airflow/example_dags/example_external_task_marker_dag.py for tasks to queue
[2023-11-20T19:34:25.527+0000] {logging_mixin.py:151} INFO - [2023-11-20T19:34:25.524+0000] {dagbag.py:536} INFO - Filling up the DagBag from /home/airflow/.local/lib/python3.8/site-packages/airflow/example_dags/example_external_task_marker_dag.py
[2023-11-20T19:34:25.557+0000] {processor.py:839} INFO - DAG(s) dict_keys(['example_external_task_marker_parent', 'example_external_task_marker_child']) retrieved from /home/airflow/.local/lib/python3.8/site-packages/airflow/example_dags/example_external_task_marker_dag.py
[2023-11-20T19:34:25.654+0000] {logging_mixin.py:151} INFO - [2023-11-20T19:34:25.653+0000] {dag.py:2941} INFO - Sync 2 DAGs
[2023-11-20T19:34:25.702+0000] {logging_mixin.py:151} INFO - [2023-11-20T19:34:25.702+0000] {dag.py:3722} INFO - Setting next_dagrun for example_external_task_marker_child to None, run_after=None
[2023-11-20T19:34:25.710+0000] {logging_mixin.py:151} INFO - [2023-11-20T19:34:25.709+0000] {dag.py:3722} INFO - Setting next_dagrun for example_external_task_marker_parent to None, run_after=None
[2023-11-20T19:34:25.768+0000] {processor.py:179} INFO - Processing /home/airflow/.local/lib/python3.8/site-packages/airflow/example_dags/example_external_task_marker_dag.py took 0.259 seconds
[2023-11-20T19:34:58.920+0000] {processor.py:157} INFO - Started process (PID=1460) to work on /home/airflow/.local/lib/python3.8/site-packages/airflow/example_dags/example_external_task_marker_dag.py
[2023-11-20T19:34:58.925+0000] {processor.py:829} INFO - Processing file /home/airflow/.local/lib/python3.8/site-packages/airflow/example_dags/example_external_task_marker_dag.py for tasks to queue
[2023-11-20T19:34:58.930+0000] {logging_mixin.py:151} INFO - [2023-11-20T19:34:58.929+0000] {dagbag.py:536} INFO - Filling up the DagBag from /home/airflow/.local/lib/python3.8/site-packages/airflow/example_dags/example_external_task_marker_dag.py
[2023-11-20T19:34:58.946+0000] {processor.py:839} INFO - DAG(s) dict_keys(['example_external_task_marker_child', 'example_external_task_marker_parent']) retrieved from /home/airflow/.local/lib/python3.8/site-packages/airflow/example_dags/example_external_task_marker_dag.py
[2023-11-20T19:34:59.009+0000] {logging_mixin.py:151} INFO - [2023-11-20T19:34:59.009+0000] {dag.py:2941} INFO - Sync 2 DAGs
[2023-11-20T19:34:59.048+0000] {logging_mixin.py:151} INFO - [2023-11-20T19:34:59.047+0000] {dag.py:3722} INFO - Setting next_dagrun for example_external_task_marker_child to None, run_after=None
[2023-11-20T19:34:59.054+0000] {logging_mixin.py:151} INFO - [2023-11-20T19:34:59.054+0000] {dag.py:3722} INFO - Setting next_dagrun for example_external_task_marker_parent to None, run_after=None
[2023-11-20T19:34:59.091+0000] {processor.py:179} INFO - Processing /home/airflow/.local/lib/python3.8/site-packages/airflow/example_dags/example_external_task_marker_dag.py took 0.178 seconds
[2023-11-20T19:35:37.892+0000] {processor.py:157} INFO - Started process (PID=1506) to work on /home/airflow/.local/lib/python3.8/site-packages/airflow/example_dags/example_external_task_marker_dag.py
[2023-11-20T19:35:37.896+0000] {processor.py:829} INFO - Processing file /home/airflow/.local/lib/python3.8/site-packages/airflow/example_dags/example_external_task_marker_dag.py for tasks to queue
[2023-11-20T19:35:37.897+0000] {logging_mixin.py:151} INFO - [2023-11-20T19:35:37.897+0000] {dagbag.py:536} INFO - Filling up the DagBag from /home/airflow/.local/lib/python3.8/site-packages/airflow/example_dags/example_external_task_marker_dag.py
[2023-11-20T19:35:37.920+0000] {processor.py:839} INFO - DAG(s) dict_keys(['example_external_task_marker_parent', 'example_external_task_marker_child']) retrieved from /home/airflow/.local/lib/python3.8/site-packages/airflow/example_dags/example_external_task_marker_dag.py
[2023-11-20T19:35:38.003+0000] {logging_mixin.py:151} INFO - [2023-11-20T19:35:38.003+0000] {dag.py:2941} INFO - Sync 2 DAGs
[2023-11-20T19:35:38.044+0000] {logging_mixin.py:151} INFO - [2023-11-20T19:35:38.044+0000] {dag.py:3722} INFO - Setting next_dagrun for example_external_task_marker_child to None, run_after=None
[2023-11-20T19:35:38.050+0000] {logging_mixin.py:151} INFO - [2023-11-20T19:35:38.049+0000] {dag.py:3722} INFO - Setting next_dagrun for example_external_task_marker_parent to None, run_after=None
[2023-11-20T19:35:38.094+0000] {processor.py:179} INFO - Processing /home/airflow/.local/lib/python3.8/site-packages/airflow/example_dags/example_external_task_marker_dag.py took 0.212 seconds
[2023-11-20T19:36:11.167+0000] {processor.py:157} INFO - Started process (PID=1566) to work on /home/airflow/.local/lib/python3.8/site-packages/airflow/example_dags/example_external_task_marker_dag.py
[2023-11-20T19:36:11.172+0000] {processor.py:829} INFO - Processing file /home/airflow/.local/lib/python3.8/site-packages/airflow/example_dags/example_external_task_marker_dag.py for tasks to queue
[2023-11-20T19:36:11.174+0000] {logging_mixin.py:151} INFO - [2023-11-20T19:36:11.173+0000] {dagbag.py:536} INFO - Filling up the DagBag from /home/airflow/.local/lib/python3.8/site-packages/airflow/example_dags/example_external_task_marker_dag.py
[2023-11-20T19:36:11.183+0000] {processor.py:839} INFO - DAG(s) dict_keys(['example_external_task_marker_child', 'example_external_task_marker_parent']) retrieved from /home/airflow/.local/lib/python3.8/site-packages/airflow/example_dags/example_external_task_marker_dag.py
[2023-11-20T19:36:11.221+0000] {logging_mixin.py:151} INFO - [2023-11-20T19:36:11.221+0000] {dag.py:2941} INFO - Sync 2 DAGs
[2023-11-20T19:36:11.241+0000] {logging_mixin.py:151} INFO - [2023-11-20T19:36:11.240+0000] {dag.py:3722} INFO - Setting next_dagrun for example_external_task_marker_child to None, run_after=None
[2023-11-20T19:36:11.245+0000] {logging_mixin.py:151} INFO - [2023-11-20T19:36:11.245+0000] {dag.py:3722} INFO - Setting next_dagrun for example_external_task_marker_parent to None, run_after=None
[2023-11-20T19:36:11.269+0000] {processor.py:179} INFO - Processing /home/airflow/.local/lib/python3.8/site-packages/airflow/example_dags/example_external_task_marker_dag.py took 0.106 seconds
[2023-11-20T19:36:43.075+0000] {processor.py:157} INFO - Started process (PID=1633) to work on /home/airflow/.local/lib/python3.8/site-packages/airflow/example_dags/example_external_task_marker_dag.py
[2023-11-20T19:36:43.076+0000] {processor.py:829} INFO - Processing file /home/airflow/.local/lib/python3.8/site-packages/airflow/example_dags/example_external_task_marker_dag.py for tasks to queue
[2023-11-20T19:36:43.078+0000] {logging_mixin.py:151} INFO - [2023-11-20T19:36:43.077+0000] {dagbag.py:536} INFO - Filling up the DagBag from /home/airflow/.local/lib/python3.8/site-packages/airflow/example_dags/example_external_task_marker_dag.py
[2023-11-20T19:36:43.103+0000] {processor.py:839} INFO - DAG(s) dict_keys(['example_external_task_marker_child', 'example_external_task_marker_parent']) retrieved from /home/airflow/.local/lib/python3.8/site-packages/airflow/example_dags/example_external_task_marker_dag.py
[2023-11-20T19:36:43.164+0000] {logging_mixin.py:151} INFO - [2023-11-20T19:36:43.164+0000] {dag.py:2941} INFO - Sync 2 DAGs
[2023-11-20T19:36:43.200+0000] {logging_mixin.py:151} INFO - [2023-11-20T19:36:43.200+0000] {dag.py:3722} INFO - Setting next_dagrun for example_external_task_marker_child to None, run_after=None
[2023-11-20T19:36:43.206+0000] {logging_mixin.py:151} INFO - [2023-11-20T19:36:43.206+0000] {dag.py:3722} INFO - Setting next_dagrun for example_external_task_marker_parent to None, run_after=None
[2023-11-20T19:36:43.233+0000] {processor.py:179} INFO - Processing /home/airflow/.local/lib/python3.8/site-packages/airflow/example_dags/example_external_task_marker_dag.py took 0.164 seconds
[2023-11-20T19:37:29.511+0000] {processor.py:157} INFO - Started process (PID=1691) to work on /home/airflow/.local/lib/python3.8/site-packages/airflow/example_dags/example_external_task_marker_dag.py
[2023-11-20T19:37:29.513+0000] {processor.py:829} INFO - Processing file /home/airflow/.local/lib/python3.8/site-packages/airflow/example_dags/example_external_task_marker_dag.py for tasks to queue
[2023-11-20T19:37:29.514+0000] {logging_mixin.py:151} INFO - [2023-11-20T19:37:29.514+0000] {dagbag.py:536} INFO - Filling up the DagBag from /home/airflow/.local/lib/python3.8/site-packages/airflow/example_dags/example_external_task_marker_dag.py
[2023-11-20T19:37:29.524+0000] {processor.py:839} INFO - DAG(s) dict_keys(['example_external_task_marker_child', 'example_external_task_marker_parent']) retrieved from /home/airflow/.local/lib/python3.8/site-packages/airflow/example_dags/example_external_task_marker_dag.py
[2023-11-20T19:37:29.594+0000] {logging_mixin.py:151} INFO - [2023-11-20T19:37:29.593+0000] {dag.py:2941} INFO - Sync 2 DAGs
[2023-11-20T19:37:29.619+0000] {logging_mixin.py:151} INFO - [2023-11-20T19:37:29.619+0000] {dag.py:3722} INFO - Setting next_dagrun for example_external_task_marker_child to None, run_after=None
[2023-11-20T19:37:29.626+0000] {logging_mixin.py:151} INFO - [2023-11-20T19:37:29.625+0000] {dag.py:3722} INFO - Setting next_dagrun for example_external_task_marker_parent to None, run_after=None
[2023-11-20T19:37:29.670+0000] {processor.py:179} INFO - Processing /home/airflow/.local/lib/python3.8/site-packages/airflow/example_dags/example_external_task_marker_dag.py took 0.165 seconds
[2023-11-20T19:38:12.470+0000] {processor.py:157} INFO - Started process (PID=1751) to work on /home/airflow/.local/lib/python3.8/site-packages/airflow/example_dags/example_external_task_marker_dag.py
[2023-11-20T19:38:12.491+0000] {processor.py:829} INFO - Processing file /home/airflow/.local/lib/python3.8/site-packages/airflow/example_dags/example_external_task_marker_dag.py for tasks to queue
[2023-11-20T19:38:12.502+0000] {logging_mixin.py:151} INFO - [2023-11-20T19:38:12.497+0000] {dagbag.py:536} INFO - Filling up the DagBag from /home/airflow/.local/lib/python3.8/site-packages/airflow/example_dags/example_external_task_marker_dag.py
[2023-11-20T19:38:12.552+0000] {processor.py:839} INFO - DAG(s) dict_keys(['example_external_task_marker_child', 'example_external_task_marker_parent']) retrieved from /home/airflow/.local/lib/python3.8/site-packages/airflow/example_dags/example_external_task_marker_dag.py
[2023-11-20T19:38:12.705+0000] {logging_mixin.py:151} INFO - [2023-11-20T19:38:12.704+0000] {dag.py:2941} INFO - Sync 2 DAGs
[2023-11-20T19:38:12.772+0000] {logging_mixin.py:151} INFO - [2023-11-20T19:38:12.772+0000] {dag.py:3722} INFO - Setting next_dagrun for example_external_task_marker_child to None, run_after=None
[2023-11-20T19:38:12.799+0000] {logging_mixin.py:151} INFO - [2023-11-20T19:38:12.798+0000] {dag.py:3722} INFO - Setting next_dagrun for example_external_task_marker_parent to None, run_after=None
[2023-11-20T19:38:12.898+0000] {processor.py:179} INFO - Processing /home/airflow/.local/lib/python3.8/site-packages/airflow/example_dags/example_external_task_marker_dag.py took 0.439 seconds
[2023-11-20T19:38:43.376+0000] {processor.py:157} INFO - Started process (PID=1811) to work on /home/airflow/.local/lib/python3.8/site-packages/airflow/example_dags/example_external_task_marker_dag.py
[2023-11-20T19:38:43.380+0000] {processor.py:829} INFO - Processing file /home/airflow/.local/lib/python3.8/site-packages/airflow/example_dags/example_external_task_marker_dag.py for tasks to queue
[2023-11-20T19:38:43.383+0000] {logging_mixin.py:151} INFO - [2023-11-20T19:38:43.382+0000] {dagbag.py:536} INFO - Filling up the DagBag from /home/airflow/.local/lib/python3.8/site-packages/airflow/example_dags/example_external_task_marker_dag.py
[2023-11-20T19:38:43.404+0000] {processor.py:839} INFO - DAG(s) dict_keys(['example_external_task_marker_child', 'example_external_task_marker_parent']) retrieved from /home/airflow/.local/lib/python3.8/site-packages/airflow/example_dags/example_external_task_marker_dag.py
[2023-11-20T19:38:43.493+0000] {logging_mixin.py:151} INFO - [2023-11-20T19:38:43.492+0000] {dag.py:2941} INFO - Sync 2 DAGs
[2023-11-20T19:38:43.539+0000] {logging_mixin.py:151} INFO - [2023-11-20T19:38:43.538+0000] {dag.py:3722} INFO - Setting next_dagrun for example_external_task_marker_child to None, run_after=None
[2023-11-20T19:38:43.548+0000] {logging_mixin.py:151} INFO - [2023-11-20T19:38:43.548+0000] {dag.py:3722} INFO - Setting next_dagrun for example_external_task_marker_parent to None, run_after=None
[2023-11-20T19:38:43.594+0000] {processor.py:179} INFO - Processing /home/airflow/.local/lib/python3.8/site-packages/airflow/example_dags/example_external_task_marker_dag.py took 0.231 seconds
[2023-11-20T19:39:21.914+0000] {processor.py:157} INFO - Started process (PID=1878) to work on /home/airflow/.local/lib/python3.8/site-packages/airflow/example_dags/example_external_task_marker_dag.py
[2023-11-20T19:39:21.917+0000] {processor.py:829} INFO - Processing file /home/airflow/.local/lib/python3.8/site-packages/airflow/example_dags/example_external_task_marker_dag.py for tasks to queue
[2023-11-20T19:39:21.920+0000] {logging_mixin.py:151} INFO - [2023-11-20T19:39:21.919+0000] {dagbag.py:536} INFO - Filling up the DagBag from /home/airflow/.local/lib/python3.8/site-packages/airflow/example_dags/example_external_task_marker_dag.py
[2023-11-20T19:39:21.938+0000] {processor.py:839} INFO - DAG(s) dict_keys(['example_external_task_marker_parent', 'example_external_task_marker_child']) retrieved from /home/airflow/.local/lib/python3.8/site-packages/airflow/example_dags/example_external_task_marker_dag.py
[2023-11-20T19:39:22.050+0000] {logging_mixin.py:151} INFO - [2023-11-20T19:39:22.049+0000] {dag.py:2941} INFO - Sync 2 DAGs
[2023-11-20T19:39:22.089+0000] {logging_mixin.py:151} INFO - [2023-11-20T19:39:22.088+0000] {dag.py:3722} INFO - Setting next_dagrun for example_external_task_marker_child to None, run_after=None
[2023-11-20T19:39:22.099+0000] {logging_mixin.py:151} INFO - [2023-11-20T19:39:22.098+0000] {dag.py:3722} INFO - Setting next_dagrun for example_external_task_marker_parent to None, run_after=None
[2023-11-20T19:39:22.174+0000] {processor.py:179} INFO - Processing /home/airflow/.local/lib/python3.8/site-packages/airflow/example_dags/example_external_task_marker_dag.py took 0.269 seconds
[2023-11-20T19:40:00.814+0000] {processor.py:157} INFO - Started process (PID=1938) to work on /home/airflow/.local/lib/python3.8/site-packages/airflow/example_dags/example_external_task_marker_dag.py
[2023-11-20T19:40:00.819+0000] {processor.py:829} INFO - Processing file /home/airflow/.local/lib/python3.8/site-packages/airflow/example_dags/example_external_task_marker_dag.py for tasks to queue
[2023-11-20T19:40:00.822+0000] {logging_mixin.py:151} INFO - [2023-11-20T19:40:00.822+0000] {dagbag.py:536} INFO - Filling up the DagBag from /home/airflow/.local/lib/python3.8/site-packages/airflow/example_dags/example_external_task_marker_dag.py
[2023-11-20T19:40:00.836+0000] {processor.py:839} INFO - DAG(s) dict_keys(['example_external_task_marker_parent', 'example_external_task_marker_child']) retrieved from /home/airflow/.local/lib/python3.8/site-packages/airflow/example_dags/example_external_task_marker_dag.py
[2023-11-20T19:40:00.990+0000] {logging_mixin.py:151} INFO - [2023-11-20T19:40:00.990+0000] {dag.py:2941} INFO - Sync 2 DAGs
[2023-11-20T19:40:01.031+0000] {logging_mixin.py:151} INFO - [2023-11-20T19:40:01.031+0000] {dag.py:3722} INFO - Setting next_dagrun for example_external_task_marker_child to None, run_after=None
[2023-11-20T19:40:01.044+0000] {logging_mixin.py:151} INFO - [2023-11-20T19:40:01.042+0000] {dag.py:3722} INFO - Setting next_dagrun for example_external_task_marker_parent to None, run_after=None
[2023-11-20T19:40:01.087+0000] {processor.py:179} INFO - Processing /home/airflow/.local/lib/python3.8/site-packages/airflow/example_dags/example_external_task_marker_dag.py took 0.283 seconds
[2023-11-20T19:40:34.356+0000] {processor.py:157} INFO - Started process (PID=1999) to work on /home/airflow/.local/lib/python3.8/site-packages/airflow/example_dags/example_external_task_marker_dag.py
[2023-11-20T19:40:34.361+0000] {processor.py:829} INFO - Processing file /home/airflow/.local/lib/python3.8/site-packages/airflow/example_dags/example_external_task_marker_dag.py for tasks to queue
[2023-11-20T19:40:34.369+0000] {logging_mixin.py:151} INFO - [2023-11-20T19:40:34.368+0000] {dagbag.py:536} INFO - Filling up the DagBag from /home/airflow/.local/lib/python3.8/site-packages/airflow/example_dags/example_external_task_marker_dag.py
[2023-11-20T19:40:34.398+0000] {processor.py:839} INFO - DAG(s) dict_keys(['example_external_task_marker_parent', 'example_external_task_marker_child']) retrieved from /home/airflow/.local/lib/python3.8/site-packages/airflow/example_dags/example_external_task_marker_dag.py
[2023-11-20T19:40:34.528+0000] {logging_mixin.py:151} INFO - [2023-11-20T19:40:34.527+0000] {dag.py:2941} INFO - Sync 2 DAGs
[2023-11-20T19:40:34.581+0000] {logging_mixin.py:151} INFO - [2023-11-20T19:40:34.580+0000] {dag.py:3722} INFO - Setting next_dagrun for example_external_task_marker_child to None, run_after=None
[2023-11-20T19:40:34.594+0000] {logging_mixin.py:151} INFO - [2023-11-20T19:40:34.594+0000] {dag.py:3722} INFO - Setting next_dagrun for example_external_task_marker_parent to None, run_after=None
[2023-11-20T19:40:34.673+0000] {processor.py:179} INFO - Processing /home/airflow/.local/lib/python3.8/site-packages/airflow/example_dags/example_external_task_marker_dag.py took 0.341 seconds
