[2023-11-20T19:17:45.717+0000] {processor.py:157} INFO - Started process (PID=92) to work on /home/airflow/.local/lib/python3.8/site-packages/airflow/example_dags/example_dag_decorator.py
[2023-11-20T19:17:45.728+0000] {processor.py:829} INFO - Processing file /home/airflow/.local/lib/python3.8/site-packages/airflow/example_dags/example_dag_decorator.py for tasks to queue
[2023-11-20T19:17:46.068+0000] {logging_mixin.py:151} INFO - [2023-11-20T19:17:46.064+0000] {dagbag.py:536} INFO - Filling up the DagBag from /home/airflow/.local/lib/python3.8/site-packages/airflow/example_dags/example_dag_decorator.py
[2023-11-20T19:17:54.997+0000] {processor.py:839} INFO - DAG(s) dict_keys(['example_dag_decorator']) retrieved from /home/airflow/.local/lib/python3.8/site-packages/airflow/example_dags/example_dag_decorator.py
[2023-11-20T19:18:07.019+0000] {logging_mixin.py:151} INFO - [2023-11-20T19:18:07.007+0000] {dag.py:2941} INFO - Sync 1 DAGs
[2023-11-20T19:18:07.166+0000] {logging_mixin.py:151} INFO - [2023-11-20T19:18:07.165+0000] {dag.py:3722} INFO - Setting next_dagrun for example_dag_decorator to None, run_after=None
[2023-11-20T19:18:07.982+0000] {processor.py:179} INFO - Processing /home/airflow/.local/lib/python3.8/site-packages/airflow/example_dags/example_dag_decorator.py took 22.579 seconds
[2023-11-20T19:21:40.550+0000] {processor.py:157} INFO - Started process (PID=189) to work on /home/airflow/.local/lib/python3.8/site-packages/airflow/example_dags/example_dag_decorator.py
[2023-11-20T19:21:40.558+0000] {processor.py:829} INFO - Processing file /home/airflow/.local/lib/python3.8/site-packages/airflow/example_dags/example_dag_decorator.py for tasks to queue
[2023-11-20T19:21:40.563+0000] {logging_mixin.py:151} INFO - [2023-11-20T19:21:40.562+0000] {dagbag.py:536} INFO - Filling up the DagBag from /home/airflow/.local/lib/python3.8/site-packages/airflow/example_dags/example_dag_decorator.py
[2023-11-20T19:21:42.392+0000] {processor.py:839} INFO - DAG(s) dict_keys(['example_dag_decorator']) retrieved from /home/airflow/.local/lib/python3.8/site-packages/airflow/example_dags/example_dag_decorator.py
[2023-11-20T19:21:44.051+0000] {logging_mixin.py:151} INFO - [2023-11-20T19:21:44.003+0000] {dag.py:2941} INFO - Sync 1 DAGs
[2023-11-20T19:21:44.119+0000] {logging_mixin.py:151} INFO - [2023-11-20T19:21:44.118+0000] {dag.py:3722} INFO - Setting next_dagrun for example_dag_decorator to None, run_after=None
[2023-11-20T19:21:44.315+0000] {processor.py:179} INFO - Processing /home/airflow/.local/lib/python3.8/site-packages/airflow/example_dags/example_dag_decorator.py took 3.782 seconds
[2023-11-20T19:22:36.817+0000] {processor.py:157} INFO - Started process (PID=257) to work on /home/airflow/.local/lib/python3.8/site-packages/airflow/example_dags/example_dag_decorator.py
[2023-11-20T19:22:36.824+0000] {processor.py:829} INFO - Processing file /home/airflow/.local/lib/python3.8/site-packages/airflow/example_dags/example_dag_decorator.py for tasks to queue
[2023-11-20T19:22:36.832+0000] {logging_mixin.py:151} INFO - [2023-11-20T19:22:36.829+0000] {dagbag.py:536} INFO - Filling up the DagBag from /home/airflow/.local/lib/python3.8/site-packages/airflow/example_dags/example_dag_decorator.py
[2023-11-20T19:22:38.019+0000] {processor.py:839} INFO - DAG(s) dict_keys(['example_dag_decorator']) retrieved from /home/airflow/.local/lib/python3.8/site-packages/airflow/example_dags/example_dag_decorator.py
[2023-11-20T19:22:39.603+0000] {logging_mixin.py:151} INFO - [2023-11-20T19:22:39.601+0000] {dag.py:2941} INFO - Sync 1 DAGs
[2023-11-20T19:22:39.677+0000] {logging_mixin.py:151} INFO - [2023-11-20T19:22:39.676+0000] {dag.py:3722} INFO - Setting next_dagrun for example_dag_decorator to None, run_after=None
[2023-11-20T19:22:39.762+0000] {processor.py:179} INFO - Processing /home/airflow/.local/lib/python3.8/site-packages/airflow/example_dags/example_dag_decorator.py took 2.981 seconds
[2023-11-20T19:23:10.344+0000] {processor.py:157} INFO - Started process (PID=316) to work on /home/airflow/.local/lib/python3.8/site-packages/airflow/example_dags/example_dag_decorator.py
[2023-11-20T19:23:10.356+0000] {processor.py:829} INFO - Processing file /home/airflow/.local/lib/python3.8/site-packages/airflow/example_dags/example_dag_decorator.py for tasks to queue
[2023-11-20T19:23:10.413+0000] {logging_mixin.py:151} INFO - [2023-11-20T19:23:10.412+0000] {dagbag.py:536} INFO - Filling up the DagBag from /home/airflow/.local/lib/python3.8/site-packages/airflow/example_dags/example_dag_decorator.py
[2023-11-20T19:23:10.874+0000] {processor.py:839} INFO - DAG(s) dict_keys(['example_dag_decorator']) retrieved from /home/airflow/.local/lib/python3.8/site-packages/airflow/example_dags/example_dag_decorator.py
[2023-11-20T19:23:12.994+0000] {logging_mixin.py:151} INFO - [2023-11-20T19:23:12.991+0000] {dag.py:2941} INFO - Sync 1 DAGs
[2023-11-20T19:23:13.229+0000] {logging_mixin.py:151} INFO - [2023-11-20T19:23:13.228+0000] {dag.py:3722} INFO - Setting next_dagrun for example_dag_decorator to None, run_after=None
[2023-11-20T19:23:13.563+0000] {processor.py:179} INFO - Processing /home/airflow/.local/lib/python3.8/site-packages/airflow/example_dags/example_dag_decorator.py took 3.349 seconds
[2023-11-20T19:23:44.062+0000] {processor.py:157} INFO - Started process (PID=375) to work on /home/airflow/.local/lib/python3.8/site-packages/airflow/example_dags/example_dag_decorator.py
[2023-11-20T19:23:44.075+0000] {processor.py:829} INFO - Processing file /home/airflow/.local/lib/python3.8/site-packages/airflow/example_dags/example_dag_decorator.py for tasks to queue
[2023-11-20T19:23:44.087+0000] {logging_mixin.py:151} INFO - [2023-11-20T19:23:44.084+0000] {dagbag.py:536} INFO - Filling up the DagBag from /home/airflow/.local/lib/python3.8/site-packages/airflow/example_dags/example_dag_decorator.py
[2023-11-20T19:23:44.411+0000] {processor.py:839} INFO - DAG(s) dict_keys(['example_dag_decorator']) retrieved from /home/airflow/.local/lib/python3.8/site-packages/airflow/example_dags/example_dag_decorator.py
[2023-11-20T19:23:45.029+0000] {logging_mixin.py:151} INFO - [2023-11-20T19:23:45.028+0000] {dag.py:2941} INFO - Sync 1 DAGs
[2023-11-20T19:23:45.088+0000] {logging_mixin.py:151} INFO - [2023-11-20T19:23:45.087+0000] {dag.py:3722} INFO - Setting next_dagrun for example_dag_decorator to None, run_after=None
[2023-11-20T19:23:45.136+0000] {processor.py:179} INFO - Processing /home/airflow/.local/lib/python3.8/site-packages/airflow/example_dags/example_dag_decorator.py took 1.094 seconds
[2023-11-20T19:24:15.247+0000] {processor.py:157} INFO - Started process (PID=435) to work on /home/airflow/.local/lib/python3.8/site-packages/airflow/example_dags/example_dag_decorator.py
[2023-11-20T19:24:15.249+0000] {processor.py:829} INFO - Processing file /home/airflow/.local/lib/python3.8/site-packages/airflow/example_dags/example_dag_decorator.py for tasks to queue
[2023-11-20T19:24:15.252+0000] {logging_mixin.py:151} INFO - [2023-11-20T19:24:15.251+0000] {dagbag.py:536} INFO - Filling up the DagBag from /home/airflow/.local/lib/python3.8/site-packages/airflow/example_dags/example_dag_decorator.py
[2023-11-20T19:24:15.488+0000] {processor.py:839} INFO - DAG(s) dict_keys(['example_dag_decorator']) retrieved from /home/airflow/.local/lib/python3.8/site-packages/airflow/example_dags/example_dag_decorator.py
[2023-11-20T19:24:15.777+0000] {logging_mixin.py:151} INFO - [2023-11-20T19:24:15.777+0000] {dag.py:2941} INFO - Sync 1 DAGs
[2023-11-20T19:24:15.797+0000] {logging_mixin.py:151} INFO - [2023-11-20T19:24:15.796+0000] {dag.py:3722} INFO - Setting next_dagrun for example_dag_decorator to None, run_after=None
[2023-11-20T19:24:15.853+0000] {processor.py:179} INFO - Processing /home/airflow/.local/lib/python3.8/site-packages/airflow/example_dags/example_dag_decorator.py took 0.613 seconds
[2023-11-20T19:24:46.716+0000] {processor.py:157} INFO - Started process (PID=496) to work on /home/airflow/.local/lib/python3.8/site-packages/airflow/example_dags/example_dag_decorator.py
[2023-11-20T19:24:46.722+0000] {processor.py:829} INFO - Processing file /home/airflow/.local/lib/python3.8/site-packages/airflow/example_dags/example_dag_decorator.py for tasks to queue
[2023-11-20T19:24:46.725+0000] {logging_mixin.py:151} INFO - [2023-11-20T19:24:46.725+0000] {dagbag.py:536} INFO - Filling up the DagBag from /home/airflow/.local/lib/python3.8/site-packages/airflow/example_dags/example_dag_decorator.py
[2023-11-20T19:24:47.936+0000] {processor.py:839} INFO - DAG(s) dict_keys(['example_dag_decorator']) retrieved from /home/airflow/.local/lib/python3.8/site-packages/airflow/example_dags/example_dag_decorator.py
[2023-11-20T19:24:48.366+0000] {logging_mixin.py:151} INFO - [2023-11-20T19:24:48.366+0000] {dag.py:2941} INFO - Sync 1 DAGs
[2023-11-20T19:24:48.490+0000] {logging_mixin.py:151} INFO - [2023-11-20T19:24:48.490+0000] {dag.py:3722} INFO - Setting next_dagrun for example_dag_decorator to None, run_after=None
[2023-11-20T19:24:48.583+0000] {processor.py:179} INFO - Processing /home/airflow/.local/lib/python3.8/site-packages/airflow/example_dags/example_dag_decorator.py took 1.906 seconds
[2023-11-20T19:25:23.701+0000] {processor.py:157} INFO - Started process (PID=529) to work on /home/airflow/.local/lib/python3.8/site-packages/airflow/example_dags/example_dag_decorator.py
[2023-11-20T19:25:23.707+0000] {processor.py:829} INFO - Processing file /home/airflow/.local/lib/python3.8/site-packages/airflow/example_dags/example_dag_decorator.py for tasks to queue
[2023-11-20T19:25:23.708+0000] {logging_mixin.py:151} INFO - [2023-11-20T19:25:23.708+0000] {dagbag.py:536} INFO - Filling up the DagBag from /home/airflow/.local/lib/python3.8/site-packages/airflow/example_dags/example_dag_decorator.py
[2023-11-20T19:25:24.070+0000] {processor.py:839} INFO - DAG(s) dict_keys(['example_dag_decorator']) retrieved from /home/airflow/.local/lib/python3.8/site-packages/airflow/example_dags/example_dag_decorator.py
[2023-11-20T19:25:25.421+0000] {logging_mixin.py:151} INFO - [2023-11-20T19:25:25.419+0000] {dag.py:2941} INFO - Sync 1 DAGs
[2023-11-20T19:25:25.456+0000] {logging_mixin.py:151} INFO - [2023-11-20T19:25:25.456+0000] {dag.py:3722} INFO - Setting next_dagrun for example_dag_decorator to None, run_after=None
[2023-11-20T19:25:25.513+0000] {processor.py:179} INFO - Processing /home/airflow/.local/lib/python3.8/site-packages/airflow/example_dags/example_dag_decorator.py took 1.817 seconds
[2023-11-20T19:25:56.156+0000] {processor.py:157} INFO - Started process (PID=591) to work on /home/airflow/.local/lib/python3.8/site-packages/airflow/example_dags/example_dag_decorator.py
[2023-11-20T19:25:56.167+0000] {processor.py:829} INFO - Processing file /home/airflow/.local/lib/python3.8/site-packages/airflow/example_dags/example_dag_decorator.py for tasks to queue
[2023-11-20T19:25:56.168+0000] {logging_mixin.py:151} INFO - [2023-11-20T19:25:56.168+0000] {dagbag.py:536} INFO - Filling up the DagBag from /home/airflow/.local/lib/python3.8/site-packages/airflow/example_dags/example_dag_decorator.py
[2023-11-20T19:25:56.295+0000] {processor.py:839} INFO - DAG(s) dict_keys(['example_dag_decorator']) retrieved from /home/airflow/.local/lib/python3.8/site-packages/airflow/example_dags/example_dag_decorator.py
[2023-11-20T19:25:56.442+0000] {logging_mixin.py:151} INFO - [2023-11-20T19:25:56.442+0000] {dag.py:2941} INFO - Sync 1 DAGs
[2023-11-20T19:25:56.460+0000] {logging_mixin.py:151} INFO - [2023-11-20T19:25:56.459+0000] {dag.py:3722} INFO - Setting next_dagrun for example_dag_decorator to None, run_after=None
[2023-11-20T19:25:56.488+0000] {processor.py:179} INFO - Processing /home/airflow/.local/lib/python3.8/site-packages/airflow/example_dags/example_dag_decorator.py took 0.336 seconds
[2023-11-20T19:26:28.002+0000] {processor.py:157} INFO - Started process (PID=644) to work on /home/airflow/.local/lib/python3.8/site-packages/airflow/example_dags/example_dag_decorator.py
[2023-11-20T19:26:28.006+0000] {processor.py:829} INFO - Processing file /home/airflow/.local/lib/python3.8/site-packages/airflow/example_dags/example_dag_decorator.py for tasks to queue
[2023-11-20T19:26:28.016+0000] {logging_mixin.py:151} INFO - [2023-11-20T19:26:28.015+0000] {dagbag.py:536} INFO - Filling up the DagBag from /home/airflow/.local/lib/python3.8/site-packages/airflow/example_dags/example_dag_decorator.py
[2023-11-20T19:26:28.277+0000] {processor.py:839} INFO - DAG(s) dict_keys(['example_dag_decorator']) retrieved from /home/airflow/.local/lib/python3.8/site-packages/airflow/example_dags/example_dag_decorator.py
[2023-11-20T19:26:28.544+0000] {logging_mixin.py:151} INFO - [2023-11-20T19:26:28.543+0000] {dag.py:2941} INFO - Sync 1 DAGs
[2023-11-20T19:26:28.560+0000] {logging_mixin.py:151} INFO - [2023-11-20T19:26:28.560+0000] {dag.py:3722} INFO - Setting next_dagrun for example_dag_decorator to None, run_after=None
[2023-11-20T19:26:28.618+0000] {processor.py:179} INFO - Processing /home/airflow/.local/lib/python3.8/site-packages/airflow/example_dags/example_dag_decorator.py took 0.633 seconds
[2023-11-20T19:27:01.894+0000] {processor.py:157} INFO - Started process (PID=706) to work on /home/airflow/.local/lib/python3.8/site-packages/airflow/example_dags/example_dag_decorator.py
[2023-11-20T19:27:01.898+0000] {processor.py:829} INFO - Processing file /home/airflow/.local/lib/python3.8/site-packages/airflow/example_dags/example_dag_decorator.py for tasks to queue
[2023-11-20T19:27:01.902+0000] {logging_mixin.py:151} INFO - [2023-11-20T19:27:01.901+0000] {dagbag.py:536} INFO - Filling up the DagBag from /home/airflow/.local/lib/python3.8/site-packages/airflow/example_dags/example_dag_decorator.py
[2023-11-20T19:27:02.338+0000] {processor.py:839} INFO - DAG(s) dict_keys(['example_dag_decorator']) retrieved from /home/airflow/.local/lib/python3.8/site-packages/airflow/example_dags/example_dag_decorator.py
[2023-11-20T19:27:02.793+0000] {logging_mixin.py:151} INFO - [2023-11-20T19:27:02.792+0000] {dag.py:2941} INFO - Sync 1 DAGs
[2023-11-20T19:27:02.838+0000] {logging_mixin.py:151} INFO - [2023-11-20T19:27:02.838+0000] {dag.py:3722} INFO - Setting next_dagrun for example_dag_decorator to None, run_after=None
[2023-11-20T19:27:02.890+0000] {processor.py:179} INFO - Processing /home/airflow/.local/lib/python3.8/site-packages/airflow/example_dags/example_dag_decorator.py took 1.004 seconds
[2023-11-20T19:27:35.238+0000] {processor.py:157} INFO - Started process (PID=764) to work on /home/airflow/.local/lib/python3.8/site-packages/airflow/example_dags/example_dag_decorator.py
[2023-11-20T19:27:35.244+0000] {processor.py:829} INFO - Processing file /home/airflow/.local/lib/python3.8/site-packages/airflow/example_dags/example_dag_decorator.py for tasks to queue
[2023-11-20T19:27:35.247+0000] {logging_mixin.py:151} INFO - [2023-11-20T19:27:35.246+0000] {dagbag.py:536} INFO - Filling up the DagBag from /home/airflow/.local/lib/python3.8/site-packages/airflow/example_dags/example_dag_decorator.py
[2023-11-20T19:27:35.476+0000] {processor.py:839} INFO - DAG(s) dict_keys(['example_dag_decorator']) retrieved from /home/airflow/.local/lib/python3.8/site-packages/airflow/example_dags/example_dag_decorator.py
[2023-11-20T19:27:35.875+0000] {logging_mixin.py:151} INFO - [2023-11-20T19:27:35.875+0000] {dag.py:2941} INFO - Sync 1 DAGs
[2023-11-20T19:27:35.910+0000] {logging_mixin.py:151} INFO - [2023-11-20T19:27:35.910+0000] {dag.py:3722} INFO - Setting next_dagrun for example_dag_decorator to None, run_after=None
[2023-11-20T19:27:35.966+0000] {processor.py:179} INFO - Processing /home/airflow/.local/lib/python3.8/site-packages/airflow/example_dags/example_dag_decorator.py took 0.741 seconds
[2023-11-20T19:28:08.245+0000] {processor.py:157} INFO - Started process (PID=825) to work on /home/airflow/.local/lib/python3.8/site-packages/airflow/example_dags/example_dag_decorator.py
[2023-11-20T19:28:08.247+0000] {processor.py:829} INFO - Processing file /home/airflow/.local/lib/python3.8/site-packages/airflow/example_dags/example_dag_decorator.py for tasks to queue
[2023-11-20T19:28:08.249+0000] {logging_mixin.py:151} INFO - [2023-11-20T19:28:08.249+0000] {dagbag.py:536} INFO - Filling up the DagBag from /home/airflow/.local/lib/python3.8/site-packages/airflow/example_dags/example_dag_decorator.py
[2023-11-20T19:28:08.462+0000] {processor.py:839} INFO - DAG(s) dict_keys(['example_dag_decorator']) retrieved from /home/airflow/.local/lib/python3.8/site-packages/airflow/example_dags/example_dag_decorator.py
[2023-11-20T19:28:08.825+0000] {logging_mixin.py:151} INFO - [2023-11-20T19:28:08.825+0000] {dag.py:2941} INFO - Sync 1 DAGs
[2023-11-20T19:28:08.851+0000] {logging_mixin.py:151} INFO - [2023-11-20T19:28:08.851+0000] {dag.py:3722} INFO - Setting next_dagrun for example_dag_decorator to None, run_after=None
[2023-11-20T19:28:08.910+0000] {processor.py:179} INFO - Processing /home/airflow/.local/lib/python3.8/site-packages/airflow/example_dags/example_dag_decorator.py took 0.669 seconds
[2023-11-20T19:28:40.903+0000] {processor.py:157} INFO - Started process (PID=885) to work on /home/airflow/.local/lib/python3.8/site-packages/airflow/example_dags/example_dag_decorator.py
[2023-11-20T19:28:40.907+0000] {processor.py:829} INFO - Processing file /home/airflow/.local/lib/python3.8/site-packages/airflow/example_dags/example_dag_decorator.py for tasks to queue
[2023-11-20T19:28:40.909+0000] {logging_mixin.py:151} INFO - [2023-11-20T19:28:40.908+0000] {dagbag.py:536} INFO - Filling up the DagBag from /home/airflow/.local/lib/python3.8/site-packages/airflow/example_dags/example_dag_decorator.py
[2023-11-20T19:28:41.119+0000] {processor.py:839} INFO - DAG(s) dict_keys(['example_dag_decorator']) retrieved from /home/airflow/.local/lib/python3.8/site-packages/airflow/example_dags/example_dag_decorator.py
[2023-11-20T19:28:41.395+0000] {logging_mixin.py:151} INFO - [2023-11-20T19:28:41.394+0000] {dag.py:2941} INFO - Sync 1 DAGs
[2023-11-20T19:28:41.678+0000] {logging_mixin.py:151} INFO - [2023-11-20T19:28:41.678+0000] {dag.py:3722} INFO - Setting next_dagrun for example_dag_decorator to None, run_after=None
[2023-11-20T19:28:41.725+0000] {processor.py:179} INFO - Processing /home/airflow/.local/lib/python3.8/site-packages/airflow/example_dags/example_dag_decorator.py took 0.832 seconds
[2023-11-20T19:29:19.475+0000] {processor.py:157} INFO - Started process (PID=954) to work on /home/airflow/.local/lib/python3.8/site-packages/airflow/example_dags/example_dag_decorator.py
[2023-11-20T19:29:19.479+0000] {processor.py:829} INFO - Processing file /home/airflow/.local/lib/python3.8/site-packages/airflow/example_dags/example_dag_decorator.py for tasks to queue
[2023-11-20T19:29:19.484+0000] {logging_mixin.py:151} INFO - [2023-11-20T19:29:19.483+0000] {dagbag.py:536} INFO - Filling up the DagBag from /home/airflow/.local/lib/python3.8/site-packages/airflow/example_dags/example_dag_decorator.py
[2023-11-20T19:29:19.809+0000] {processor.py:839} INFO - DAG(s) dict_keys(['example_dag_decorator']) retrieved from /home/airflow/.local/lib/python3.8/site-packages/airflow/example_dags/example_dag_decorator.py
[2023-11-20T19:29:20.603+0000] {logging_mixin.py:151} INFO - [2023-11-20T19:29:20.600+0000] {dag.py:2941} INFO - Sync 1 DAGs
[2023-11-20T19:29:20.668+0000] {logging_mixin.py:151} INFO - [2023-11-20T19:29:20.667+0000] {dag.py:3722} INFO - Setting next_dagrun for example_dag_decorator to None, run_after=None
[2023-11-20T19:29:20.748+0000] {processor.py:179} INFO - Processing /home/airflow/.local/lib/python3.8/site-packages/airflow/example_dags/example_dag_decorator.py took 1.284 seconds
[2023-11-20T19:29:51.423+0000] {processor.py:157} INFO - Started process (PID=1015) to work on /home/airflow/.local/lib/python3.8/site-packages/airflow/example_dags/example_dag_decorator.py
[2023-11-20T19:29:51.430+0000] {processor.py:829} INFO - Processing file /home/airflow/.local/lib/python3.8/site-packages/airflow/example_dags/example_dag_decorator.py for tasks to queue
[2023-11-20T19:29:51.433+0000] {logging_mixin.py:151} INFO - [2023-11-20T19:29:51.432+0000] {dagbag.py:536} INFO - Filling up the DagBag from /home/airflow/.local/lib/python3.8/site-packages/airflow/example_dags/example_dag_decorator.py
[2023-11-20T19:29:51.644+0000] {processor.py:839} INFO - DAG(s) dict_keys(['example_dag_decorator']) retrieved from /home/airflow/.local/lib/python3.8/site-packages/airflow/example_dags/example_dag_decorator.py
[2023-11-20T19:29:52.021+0000] {logging_mixin.py:151} INFO - [2023-11-20T19:29:52.020+0000] {dag.py:2941} INFO - Sync 1 DAGs
[2023-11-20T19:29:52.083+0000] {logging_mixin.py:151} INFO - [2023-11-20T19:29:52.082+0000] {dag.py:3722} INFO - Setting next_dagrun for example_dag_decorator to None, run_after=None
[2023-11-20T19:29:52.174+0000] {processor.py:179} INFO - Processing /home/airflow/.local/lib/python3.8/site-packages/airflow/example_dags/example_dag_decorator.py took 0.760 seconds
[2023-11-20T19:30:23.937+0000] {processor.py:157} INFO - Started process (PID=1075) to work on /home/airflow/.local/lib/python3.8/site-packages/airflow/example_dags/example_dag_decorator.py
[2023-11-20T19:30:23.948+0000] {processor.py:829} INFO - Processing file /home/airflow/.local/lib/python3.8/site-packages/airflow/example_dags/example_dag_decorator.py for tasks to queue
[2023-11-20T19:30:23.953+0000] {logging_mixin.py:151} INFO - [2023-11-20T19:30:23.952+0000] {dagbag.py:536} INFO - Filling up the DagBag from /home/airflow/.local/lib/python3.8/site-packages/airflow/example_dags/example_dag_decorator.py
[2023-11-20T19:30:24.382+0000] {processor.py:839} INFO - DAG(s) dict_keys(['example_dag_decorator']) retrieved from /home/airflow/.local/lib/python3.8/site-packages/airflow/example_dags/example_dag_decorator.py
[2023-11-20T19:30:25.074+0000] {logging_mixin.py:151} INFO - [2023-11-20T19:30:25.073+0000] {dag.py:2941} INFO - Sync 1 DAGs
[2023-11-20T19:30:25.143+0000] {logging_mixin.py:151} INFO - [2023-11-20T19:30:25.142+0000] {dag.py:3722} INFO - Setting next_dagrun for example_dag_decorator to None, run_after=None
[2023-11-20T19:30:25.235+0000] {processor.py:179} INFO - Processing /home/airflow/.local/lib/python3.8/site-packages/airflow/example_dags/example_dag_decorator.py took 1.307 seconds
[2023-11-20T19:30:55.609+0000] {processor.py:157} INFO - Started process (PID=1134) to work on /home/airflow/.local/lib/python3.8/site-packages/airflow/example_dags/example_dag_decorator.py
[2023-11-20T19:30:55.617+0000] {processor.py:829} INFO - Processing file /home/airflow/.local/lib/python3.8/site-packages/airflow/example_dags/example_dag_decorator.py for tasks to queue
[2023-11-20T19:30:55.622+0000] {logging_mixin.py:151} INFO - [2023-11-20T19:30:55.620+0000] {dagbag.py:536} INFO - Filling up the DagBag from /home/airflow/.local/lib/python3.8/site-packages/airflow/example_dags/example_dag_decorator.py
[2023-11-20T19:30:56.575+0000] {processor.py:839} INFO - DAG(s) dict_keys(['example_dag_decorator']) retrieved from /home/airflow/.local/lib/python3.8/site-packages/airflow/example_dags/example_dag_decorator.py
[2023-11-20T19:30:57.918+0000] {logging_mixin.py:151} INFO - [2023-11-20T19:30:57.916+0000] {dag.py:2941} INFO - Sync 1 DAGs
[2023-11-20T19:31:03.786+0000] {logging_mixin.py:151} INFO - [2023-11-20T19:31:03.779+0000] {dag.py:3722} INFO - Setting next_dagrun for example_dag_decorator to None, run_after=None
[2023-11-20T19:31:03.962+0000] {processor.py:179} INFO - Processing /home/airflow/.local/lib/python3.8/site-packages/airflow/example_dags/example_dag_decorator.py took 8.407 seconds
[2023-11-20T19:31:37.360+0000] {processor.py:157} INFO - Started process (PID=1193) to work on /home/airflow/.local/lib/python3.8/site-packages/airflow/example_dags/example_dag_decorator.py
[2023-11-20T19:31:37.369+0000] {processor.py:829} INFO - Processing file /home/airflow/.local/lib/python3.8/site-packages/airflow/example_dags/example_dag_decorator.py for tasks to queue
[2023-11-20T19:31:37.374+0000] {logging_mixin.py:151} INFO - [2023-11-20T19:31:37.373+0000] {dagbag.py:536} INFO - Filling up the DagBag from /home/airflow/.local/lib/python3.8/site-packages/airflow/example_dags/example_dag_decorator.py
[2023-11-20T19:31:37.689+0000] {processor.py:839} INFO - DAG(s) dict_keys(['example_dag_decorator']) retrieved from /home/airflow/.local/lib/python3.8/site-packages/airflow/example_dags/example_dag_decorator.py
[2023-11-20T19:31:39.017+0000] {logging_mixin.py:151} INFO - [2023-11-20T19:31:39.012+0000] {dag.py:2941} INFO - Sync 1 DAGs
[2023-11-20T19:31:39.093+0000] {logging_mixin.py:151} INFO - [2023-11-20T19:31:39.092+0000] {dag.py:3722} INFO - Setting next_dagrun for example_dag_decorator to None, run_after=None
[2023-11-20T19:31:39.239+0000] {processor.py:179} INFO - Processing /home/airflow/.local/lib/python3.8/site-packages/airflow/example_dags/example_dag_decorator.py took 1.899 seconds
[2023-11-20T19:33:04.080+0000] {processor.py:157} INFO - Started process (PID=1267) to work on /home/airflow/.local/lib/python3.8/site-packages/airflow/example_dags/example_dag_decorator.py
[2023-11-20T19:33:04.119+0000] {processor.py:829} INFO - Processing file /home/airflow/.local/lib/python3.8/site-packages/airflow/example_dags/example_dag_decorator.py for tasks to queue
[2023-11-20T19:33:04.280+0000] {logging_mixin.py:151} INFO - [2023-11-20T19:33:04.178+0000] {dagbag.py:536} INFO - Filling up the DagBag from /home/airflow/.local/lib/python3.8/site-packages/airflow/example_dags/example_dag_decorator.py
[2023-11-20T19:33:08.341+0000] {processor.py:839} INFO - DAG(s) dict_keys(['example_dag_decorator']) retrieved from /home/airflow/.local/lib/python3.8/site-packages/airflow/example_dags/example_dag_decorator.py
[2023-11-20T19:33:11.666+0000] {logging_mixin.py:151} INFO - [2023-11-20T19:33:11.665+0000] {dag.py:2941} INFO - Sync 1 DAGs
[2023-11-20T19:33:11.820+0000] {logging_mixin.py:151} INFO - [2023-11-20T19:33:11.819+0000] {dag.py:3722} INFO - Setting next_dagrun for example_dag_decorator to None, run_after=None
[2023-11-20T19:33:12.084+0000] {processor.py:179} INFO - Processing /home/airflow/.local/lib/python3.8/site-packages/airflow/example_dags/example_dag_decorator.py took 8.236 seconds
[2023-11-20T19:33:42.422+0000] {processor.py:157} INFO - Started process (PID=1327) to work on /home/airflow/.local/lib/python3.8/site-packages/airflow/example_dags/example_dag_decorator.py
[2023-11-20T19:33:42.426+0000] {processor.py:829} INFO - Processing file /home/airflow/.local/lib/python3.8/site-packages/airflow/example_dags/example_dag_decorator.py for tasks to queue
[2023-11-20T19:33:42.428+0000] {logging_mixin.py:151} INFO - [2023-11-20T19:33:42.428+0000] {dagbag.py:536} INFO - Filling up the DagBag from /home/airflow/.local/lib/python3.8/site-packages/airflow/example_dags/example_dag_decorator.py
[2023-11-20T19:33:42.641+0000] {processor.py:839} INFO - DAG(s) dict_keys(['example_dag_decorator']) retrieved from /home/airflow/.local/lib/python3.8/site-packages/airflow/example_dags/example_dag_decorator.py
[2023-11-20T19:33:42.933+0000] {logging_mixin.py:151} INFO - [2023-11-20T19:33:42.933+0000] {dag.py:2941} INFO - Sync 1 DAGs
[2023-11-20T19:33:42.974+0000] {logging_mixin.py:151} INFO - [2023-11-20T19:33:42.973+0000] {dag.py:3722} INFO - Setting next_dagrun for example_dag_decorator to None, run_after=None
[2023-11-20T19:33:43.029+0000] {processor.py:179} INFO - Processing /home/airflow/.local/lib/python3.8/site-packages/airflow/example_dags/example_dag_decorator.py took 0.619 seconds
[2023-11-20T19:34:15.879+0000] {processor.py:157} INFO - Started process (PID=1388) to work on /home/airflow/.local/lib/python3.8/site-packages/airflow/example_dags/example_dag_decorator.py
[2023-11-20T19:34:15.886+0000] {processor.py:829} INFO - Processing file /home/airflow/.local/lib/python3.8/site-packages/airflow/example_dags/example_dag_decorator.py for tasks to queue
[2023-11-20T19:34:15.891+0000] {logging_mixin.py:151} INFO - [2023-11-20T19:34:15.890+0000] {dagbag.py:536} INFO - Filling up the DagBag from /home/airflow/.local/lib/python3.8/site-packages/airflow/example_dags/example_dag_decorator.py
[2023-11-20T19:34:16.622+0000] {processor.py:839} INFO - DAG(s) dict_keys(['example_dag_decorator']) retrieved from /home/airflow/.local/lib/python3.8/site-packages/airflow/example_dags/example_dag_decorator.py
[2023-11-20T19:34:22.451+0000] {logging_mixin.py:151} INFO - [2023-11-20T19:34:22.441+0000] {dag.py:2941} INFO - Sync 1 DAGs
[2023-11-20T19:34:22.504+0000] {logging_mixin.py:151} INFO - [2023-11-20T19:34:22.503+0000] {dag.py:3722} INFO - Setting next_dagrun for example_dag_decorator to None, run_after=None
[2023-11-20T19:34:22.602+0000] {processor.py:179} INFO - Processing /home/airflow/.local/lib/python3.8/site-packages/airflow/example_dags/example_dag_decorator.py took 6.741 seconds
[2023-11-20T19:34:56.312+0000] {processor.py:157} INFO - Started process (PID=1451) to work on /home/airflow/.local/lib/python3.8/site-packages/airflow/example_dags/example_dag_decorator.py
[2023-11-20T19:34:56.316+0000] {processor.py:829} INFO - Processing file /home/airflow/.local/lib/python3.8/site-packages/airflow/example_dags/example_dag_decorator.py for tasks to queue
[2023-11-20T19:34:56.320+0000] {logging_mixin.py:151} INFO - [2023-11-20T19:34:56.319+0000] {dagbag.py:536} INFO - Filling up the DagBag from /home/airflow/.local/lib/python3.8/site-packages/airflow/example_dags/example_dag_decorator.py
[2023-11-20T19:34:56.689+0000] {processor.py:839} INFO - DAG(s) dict_keys(['example_dag_decorator']) retrieved from /home/airflow/.local/lib/python3.8/site-packages/airflow/example_dags/example_dag_decorator.py
[2023-11-20T19:34:57.880+0000] {logging_mixin.py:151} INFO - [2023-11-20T19:34:57.879+0000] {dag.py:2941} INFO - Sync 1 DAGs
[2023-11-20T19:34:57.979+0000] {logging_mixin.py:151} INFO - [2023-11-20T19:34:57.979+0000] {dag.py:3722} INFO - Setting next_dagrun for example_dag_decorator to None, run_after=None
[2023-11-20T19:34:58.179+0000] {processor.py:179} INFO - Processing /home/airflow/.local/lib/python3.8/site-packages/airflow/example_dags/example_dag_decorator.py took 1.878 seconds
[2023-11-20T19:35:34.125+0000] {processor.py:157} INFO - Started process (PID=1497) to work on /home/airflow/.local/lib/python3.8/site-packages/airflow/example_dags/example_dag_decorator.py
[2023-11-20T19:35:34.131+0000] {processor.py:829} INFO - Processing file /home/airflow/.local/lib/python3.8/site-packages/airflow/example_dags/example_dag_decorator.py for tasks to queue
[2023-11-20T19:35:34.134+0000] {logging_mixin.py:151} INFO - [2023-11-20T19:35:34.134+0000] {dagbag.py:536} INFO - Filling up the DagBag from /home/airflow/.local/lib/python3.8/site-packages/airflow/example_dags/example_dag_decorator.py
[2023-11-20T19:35:35.265+0000] {processor.py:839} INFO - DAG(s) dict_keys(['example_dag_decorator']) retrieved from /home/airflow/.local/lib/python3.8/site-packages/airflow/example_dags/example_dag_decorator.py
[2023-11-20T19:35:36.428+0000] {logging_mixin.py:151} INFO - [2023-11-20T19:35:36.427+0000] {dag.py:2941} INFO - Sync 1 DAGs
[2023-11-20T19:35:36.492+0000] {logging_mixin.py:151} INFO - [2023-11-20T19:35:36.491+0000] {dag.py:3722} INFO - Setting next_dagrun for example_dag_decorator to None, run_after=None
[2023-11-20T19:35:36.564+0000] {processor.py:179} INFO - Processing /home/airflow/.local/lib/python3.8/site-packages/airflow/example_dags/example_dag_decorator.py took 2.452 seconds
[2023-11-20T19:36:07.646+0000] {processor.py:157} INFO - Started process (PID=1556) to work on /home/airflow/.local/lib/python3.8/site-packages/airflow/example_dags/example_dag_decorator.py
[2023-11-20T19:36:07.647+0000] {processor.py:829} INFO - Processing file /home/airflow/.local/lib/python3.8/site-packages/airflow/example_dags/example_dag_decorator.py for tasks to queue
[2023-11-20T19:36:07.649+0000] {logging_mixin.py:151} INFO - [2023-11-20T19:36:07.648+0000] {dagbag.py:536} INFO - Filling up the DagBag from /home/airflow/.local/lib/python3.8/site-packages/airflow/example_dags/example_dag_decorator.py
[2023-11-20T19:36:07.993+0000] {processor.py:839} INFO - DAG(s) dict_keys(['example_dag_decorator']) retrieved from /home/airflow/.local/lib/python3.8/site-packages/airflow/example_dags/example_dag_decorator.py
[2023-11-20T19:36:10.168+0000] {logging_mixin.py:151} INFO - [2023-11-20T19:36:10.166+0000] {dag.py:2941} INFO - Sync 1 DAGs
[2023-11-20T19:36:10.195+0000] {logging_mixin.py:151} INFO - [2023-11-20T19:36:10.194+0000] {dag.py:3722} INFO - Setting next_dagrun for example_dag_decorator to None, run_after=None
[2023-11-20T19:36:10.238+0000] {processor.py:179} INFO - Processing /home/airflow/.local/lib/python3.8/site-packages/airflow/example_dags/example_dag_decorator.py took 2.602 seconds
[2023-11-20T19:36:40.460+0000] {processor.py:157} INFO - Started process (PID=1615) to work on /home/airflow/.local/lib/python3.8/site-packages/airflow/example_dags/example_dag_decorator.py
[2023-11-20T19:36:40.462+0000] {processor.py:829} INFO - Processing file /home/airflow/.local/lib/python3.8/site-packages/airflow/example_dags/example_dag_decorator.py for tasks to queue
[2023-11-20T19:36:40.465+0000] {logging_mixin.py:151} INFO - [2023-11-20T19:36:40.464+0000] {dagbag.py:536} INFO - Filling up the DagBag from /home/airflow/.local/lib/python3.8/site-packages/airflow/example_dags/example_dag_decorator.py
[2023-11-20T19:36:40.688+0000] {processor.py:839} INFO - DAG(s) dict_keys(['example_dag_decorator']) retrieved from /home/airflow/.local/lib/python3.8/site-packages/airflow/example_dags/example_dag_decorator.py
[2023-11-20T19:36:41.225+0000] {logging_mixin.py:151} INFO - [2023-11-20T19:36:41.225+0000] {dag.py:2941} INFO - Sync 1 DAGs
[2023-11-20T19:36:41.252+0000] {logging_mixin.py:151} INFO - [2023-11-20T19:36:41.252+0000] {dag.py:3722} INFO - Setting next_dagrun for example_dag_decorator to None, run_after=None
[2023-11-20T19:36:41.285+0000] {processor.py:179} INFO - Processing /home/airflow/.local/lib/python3.8/site-packages/airflow/example_dags/example_dag_decorator.py took 0.833 seconds
[2023-11-20T19:37:25.425+0000] {processor.py:157} INFO - Started process (PID=1682) to work on /home/airflow/.local/lib/python3.8/site-packages/airflow/example_dags/example_dag_decorator.py
[2023-11-20T19:37:25.428+0000] {processor.py:829} INFO - Processing file /home/airflow/.local/lib/python3.8/site-packages/airflow/example_dags/example_dag_decorator.py for tasks to queue
[2023-11-20T19:37:25.433+0000] {logging_mixin.py:151} INFO - [2023-11-20T19:37:25.432+0000] {dagbag.py:536} INFO - Filling up the DagBag from /home/airflow/.local/lib/python3.8/site-packages/airflow/example_dags/example_dag_decorator.py
[2023-11-20T19:37:25.865+0000] {processor.py:839} INFO - DAG(s) dict_keys(['example_dag_decorator']) retrieved from /home/airflow/.local/lib/python3.8/site-packages/airflow/example_dags/example_dag_decorator.py
[2023-11-20T19:37:28.854+0000] {logging_mixin.py:151} INFO - [2023-11-20T19:37:28.853+0000] {dag.py:2941} INFO - Sync 1 DAGs
[2023-11-20T19:37:28.955+0000] {logging_mixin.py:151} INFO - [2023-11-20T19:37:28.954+0000] {dag.py:3722} INFO - Setting next_dagrun for example_dag_decorator to None, run_after=None
[2023-11-20T19:37:29.111+0000] {processor.py:179} INFO - Processing /home/airflow/.local/lib/python3.8/site-packages/airflow/example_dags/example_dag_decorator.py took 3.690 seconds
[2023-11-20T19:38:06.728+0000] {processor.py:157} INFO - Started process (PID=1742) to work on /home/airflow/.local/lib/python3.8/site-packages/airflow/example_dags/example_dag_decorator.py
[2023-11-20T19:38:06.732+0000] {processor.py:829} INFO - Processing file /home/airflow/.local/lib/python3.8/site-packages/airflow/example_dags/example_dag_decorator.py for tasks to queue
[2023-11-20T19:38:06.763+0000] {logging_mixin.py:151} INFO - [2023-11-20T19:38:06.760+0000] {dagbag.py:536} INFO - Filling up the DagBag from /home/airflow/.local/lib/python3.8/site-packages/airflow/example_dags/example_dag_decorator.py
[2023-11-20T19:38:07.295+0000] {processor.py:839} INFO - DAG(s) dict_keys(['example_dag_decorator']) retrieved from /home/airflow/.local/lib/python3.8/site-packages/airflow/example_dags/example_dag_decorator.py
[2023-11-20T19:38:08.520+0000] {logging_mixin.py:151} INFO - [2023-11-20T19:38:08.517+0000] {dag.py:2941} INFO - Sync 1 DAGs
[2023-11-20T19:38:11.810+0000] {logging_mixin.py:151} INFO - [2023-11-20T19:38:11.809+0000] {dag.py:3722} INFO - Setting next_dagrun for example_dag_decorator to None, run_after=None
[2023-11-20T19:38:11.905+0000] {processor.py:179} INFO - Processing /home/airflow/.local/lib/python3.8/site-packages/airflow/example_dags/example_dag_decorator.py took 5.189 seconds
[2023-11-20T19:38:41.977+0000] {processor.py:157} INFO - Started process (PID=1807) to work on /home/airflow/.local/lib/python3.8/site-packages/airflow/example_dags/example_dag_decorator.py
[2023-11-20T19:38:41.980+0000] {processor.py:829} INFO - Processing file /home/airflow/.local/lib/python3.8/site-packages/airflow/example_dags/example_dag_decorator.py for tasks to queue
[2023-11-20T19:38:41.982+0000] {logging_mixin.py:151} INFO - [2023-11-20T19:38:41.981+0000] {dagbag.py:536} INFO - Filling up the DagBag from /home/airflow/.local/lib/python3.8/site-packages/airflow/example_dags/example_dag_decorator.py
[2023-11-20T19:38:42.105+0000] {processor.py:839} INFO - DAG(s) dict_keys(['example_dag_decorator']) retrieved from /home/airflow/.local/lib/python3.8/site-packages/airflow/example_dags/example_dag_decorator.py
[2023-11-20T19:38:42.946+0000] {logging_mixin.py:151} INFO - [2023-11-20T19:38:42.945+0000] {dag.py:2941} INFO - Sync 1 DAGs
[2023-11-20T19:38:42.963+0000] {logging_mixin.py:151} INFO - [2023-11-20T19:38:42.963+0000] {dag.py:3722} INFO - Setting next_dagrun for example_dag_decorator to None, run_after=None
[2023-11-20T19:38:43.017+0000] {processor.py:179} INFO - Processing /home/airflow/.local/lib/python3.8/site-packages/airflow/example_dags/example_dag_decorator.py took 1.045 seconds
[2023-11-20T19:39:19.726+0000] {processor.py:157} INFO - Started process (PID=1870) to work on /home/airflow/.local/lib/python3.8/site-packages/airflow/example_dags/example_dag_decorator.py
[2023-11-20T19:39:19.730+0000] {processor.py:829} INFO - Processing file /home/airflow/.local/lib/python3.8/site-packages/airflow/example_dags/example_dag_decorator.py for tasks to queue
[2023-11-20T19:39:19.733+0000] {logging_mixin.py:151} INFO - [2023-11-20T19:39:19.732+0000] {dagbag.py:536} INFO - Filling up the DagBag from /home/airflow/.local/lib/python3.8/site-packages/airflow/example_dags/example_dag_decorator.py
[2023-11-20T19:39:20.080+0000] {processor.py:839} INFO - DAG(s) dict_keys(['example_dag_decorator']) retrieved from /home/airflow/.local/lib/python3.8/site-packages/airflow/example_dags/example_dag_decorator.py
[2023-11-20T19:39:21.467+0000] {logging_mixin.py:151} INFO - [2023-11-20T19:39:21.467+0000] {dag.py:2941} INFO - Sync 1 DAGs
[2023-11-20T19:39:21.501+0000] {logging_mixin.py:151} INFO - [2023-11-20T19:39:21.500+0000] {dag.py:3722} INFO - Setting next_dagrun for example_dag_decorator to None, run_after=None
[2023-11-20T19:39:21.552+0000] {processor.py:179} INFO - Processing /home/airflow/.local/lib/python3.8/site-packages/airflow/example_dags/example_dag_decorator.py took 1.846 seconds
[2023-11-20T19:39:52.747+0000] {processor.py:157} INFO - Started process (PID=1929) to work on /home/airflow/.local/lib/python3.8/site-packages/airflow/example_dags/example_dag_decorator.py
[2023-11-20T19:39:52.768+0000] {processor.py:829} INFO - Processing file /home/airflow/.local/lib/python3.8/site-packages/airflow/example_dags/example_dag_decorator.py for tasks to queue
[2023-11-20T19:39:52.772+0000] {logging_mixin.py:151} INFO - [2023-11-20T19:39:52.771+0000] {dagbag.py:536} INFO - Filling up the DagBag from /home/airflow/.local/lib/python3.8/site-packages/airflow/example_dags/example_dag_decorator.py
[2023-11-20T19:39:52.988+0000] {processor.py:839} INFO - DAG(s) dict_keys(['example_dag_decorator']) retrieved from /home/airflow/.local/lib/python3.8/site-packages/airflow/example_dags/example_dag_decorator.py
[2023-11-20T19:39:58.996+0000] {logging_mixin.py:151} INFO - [2023-11-20T19:39:58.993+0000] {dag.py:2941} INFO - Sync 1 DAGs
[2023-11-20T19:39:59.080+0000] {logging_mixin.py:151} INFO - [2023-11-20T19:39:59.079+0000] {dag.py:3722} INFO - Setting next_dagrun for example_dag_decorator to None, run_after=None
[2023-11-20T19:39:59.174+0000] {processor.py:179} INFO - Processing /home/airflow/.local/lib/python3.8/site-packages/airflow/example_dags/example_dag_decorator.py took 6.435 seconds
[2023-11-20T19:40:29.825+0000] {processor.py:157} INFO - Started process (PID=1989) to work on /home/airflow/.local/lib/python3.8/site-packages/airflow/example_dags/example_dag_decorator.py
[2023-11-20T19:40:29.836+0000] {processor.py:829} INFO - Processing file /home/airflow/.local/lib/python3.8/site-packages/airflow/example_dags/example_dag_decorator.py for tasks to queue
[2023-11-20T19:40:29.849+0000] {logging_mixin.py:151} INFO - [2023-11-20T19:40:29.843+0000] {dagbag.py:536} INFO - Filling up the DagBag from /home/airflow/.local/lib/python3.8/site-packages/airflow/example_dags/example_dag_decorator.py
[2023-11-20T19:40:30.173+0000] {processor.py:839} INFO - DAG(s) dict_keys(['example_dag_decorator']) retrieved from /home/airflow/.local/lib/python3.8/site-packages/airflow/example_dags/example_dag_decorator.py
[2023-11-20T19:40:32.243+0000] {logging_mixin.py:151} INFO - [2023-11-20T19:40:32.242+0000] {dag.py:2941} INFO - Sync 1 DAGs
[2023-11-20T19:40:32.407+0000] {logging_mixin.py:151} INFO - [2023-11-20T19:40:32.404+0000] {dag.py:3722} INFO - Setting next_dagrun for example_dag_decorator to None, run_after=None
[2023-11-20T19:40:32.476+0000] {processor.py:179} INFO - Processing /home/airflow/.local/lib/python3.8/site-packages/airflow/example_dags/example_dag_decorator.py took 2.667 seconds
