[2023-11-20T19:20:04.239+0000] {processor.py:157} INFO - Started process (PID=143) to work on /home/airflow/.local/lib/python3.8/site-packages/airflow/example_dags/example_latest_only_with_trigger.py
[2023-11-20T19:20:04.288+0000] {processor.py:829} INFO - Processing file /home/airflow/.local/lib/python3.8/site-packages/airflow/example_dags/example_latest_only_with_trigger.py for tasks to queue
[2023-11-20T19:20:04.335+0000] {logging_mixin.py:151} INFO - [2023-11-20T19:20:04.315+0000] {dagbag.py:536} INFO - Filling up the DagBag from /home/airflow/.local/lib/python3.8/site-packages/airflow/example_dags/example_latest_only_with_trigger.py
[2023-11-20T19:20:04.673+0000] {processor.py:839} INFO - DAG(s) dict_keys(['latest_only_with_trigger']) retrieved from /home/airflow/.local/lib/python3.8/site-packages/airflow/example_dags/example_latest_only_with_trigger.py
[2023-11-20T19:20:06.116+0000] {logging_mixin.py:151} INFO - [2023-11-20T19:20:06.107+0000] {dag.py:2941} INFO - Sync 1 DAGs
[2023-11-20T19:20:10.597+0000] {logging_mixin.py:151} INFO - [2023-11-20T19:20:10.567+0000] {dag.py:3722} INFO - Setting next_dagrun for latest_only_with_trigger to 2023-11-20T15:20:10.491053+00:00, run_after=2023-11-20T19:20:10.491053+00:00
[2023-11-20T19:20:12.783+0000] {processor.py:179} INFO - Processing /home/airflow/.local/lib/python3.8/site-packages/airflow/example_dags/example_latest_only_with_trigger.py took 8.833 seconds
[2023-11-20T19:21:50.972+0000] {processor.py:157} INFO - Started process (PID=210) to work on /home/airflow/.local/lib/python3.8/site-packages/airflow/example_dags/example_latest_only_with_trigger.py
[2023-11-20T19:21:50.977+0000] {processor.py:829} INFO - Processing file /home/airflow/.local/lib/python3.8/site-packages/airflow/example_dags/example_latest_only_with_trigger.py for tasks to queue
[2023-11-20T19:21:50.981+0000] {logging_mixin.py:151} INFO - [2023-11-20T19:21:50.980+0000] {dagbag.py:536} INFO - Filling up the DagBag from /home/airflow/.local/lib/python3.8/site-packages/airflow/example_dags/example_latest_only_with_trigger.py
[2023-11-20T19:21:51.021+0000] {processor.py:839} INFO - DAG(s) dict_keys(['latest_only_with_trigger']) retrieved from /home/airflow/.local/lib/python3.8/site-packages/airflow/example_dags/example_latest_only_with_trigger.py
[2023-11-20T19:21:51.268+0000] {logging_mixin.py:151} INFO - [2023-11-20T19:21:51.263+0000] {dag.py:2941} INFO - Sync 1 DAGs
[2023-11-20T19:21:51.377+0000] {logging_mixin.py:151} INFO - [2023-11-20T19:21:51.375+0000] {dag.py:3722} INFO - Setting next_dagrun for latest_only_with_trigger to 2023-11-20T15:21:51.374770+00:00, run_after=2023-11-20T19:21:51.374770+00:00
[2023-11-20T19:21:51.503+0000] {processor.py:179} INFO - Processing /home/airflow/.local/lib/python3.8/site-packages/airflow/example_dags/example_latest_only_with_trigger.py took 0.546 seconds
[2023-11-20T19:22:42.979+0000] {processor.py:157} INFO - Started process (PID=277) to work on /home/airflow/.local/lib/python3.8/site-packages/airflow/example_dags/example_latest_only_with_trigger.py
[2023-11-20T19:22:42.983+0000] {processor.py:829} INFO - Processing file /home/airflow/.local/lib/python3.8/site-packages/airflow/example_dags/example_latest_only_with_trigger.py for tasks to queue
[2023-11-20T19:22:42.984+0000] {logging_mixin.py:151} INFO - [2023-11-20T19:22:42.984+0000] {dagbag.py:536} INFO - Filling up the DagBag from /home/airflow/.local/lib/python3.8/site-packages/airflow/example_dags/example_latest_only_with_trigger.py
[2023-11-20T19:22:42.993+0000] {processor.py:839} INFO - DAG(s) dict_keys(['latest_only_with_trigger']) retrieved from /home/airflow/.local/lib/python3.8/site-packages/airflow/example_dags/example_latest_only_with_trigger.py
[2023-11-20T19:22:43.029+0000] {logging_mixin.py:151} INFO - [2023-11-20T19:22:43.029+0000] {dag.py:2941} INFO - Sync 1 DAGs
[2023-11-20T19:22:43.059+0000] {logging_mixin.py:151} INFO - [2023-11-20T19:22:43.058+0000] {dag.py:3722} INFO - Setting next_dagrun for latest_only_with_trigger to 2023-11-20T15:22:43.058473+00:00, run_after=2023-11-20T19:22:43.058473+00:00
[2023-11-20T19:22:43.091+0000] {processor.py:179} INFO - Processing /home/airflow/.local/lib/python3.8/site-packages/airflow/example_dags/example_latest_only_with_trigger.py took 0.117 seconds
[2023-11-20T19:23:21.494+0000] {processor.py:157} INFO - Started process (PID=337) to work on /home/airflow/.local/lib/python3.8/site-packages/airflow/example_dags/example_latest_only_with_trigger.py
[2023-11-20T19:23:21.499+0000] {processor.py:829} INFO - Processing file /home/airflow/.local/lib/python3.8/site-packages/airflow/example_dags/example_latest_only_with_trigger.py for tasks to queue
[2023-11-20T19:23:21.501+0000] {logging_mixin.py:151} INFO - [2023-11-20T19:23:21.501+0000] {dagbag.py:536} INFO - Filling up the DagBag from /home/airflow/.local/lib/python3.8/site-packages/airflow/example_dags/example_latest_only_with_trigger.py
[2023-11-20T19:23:21.529+0000] {processor.py:839} INFO - DAG(s) dict_keys(['latest_only_with_trigger']) retrieved from /home/airflow/.local/lib/python3.8/site-packages/airflow/example_dags/example_latest_only_with_trigger.py
[2023-11-20T19:23:21.608+0000] {logging_mixin.py:151} INFO - [2023-11-20T19:23:21.607+0000] {dag.py:2941} INFO - Sync 1 DAGs
[2023-11-20T19:23:21.681+0000] {logging_mixin.py:151} INFO - [2023-11-20T19:23:21.681+0000] {dag.py:3722} INFO - Setting next_dagrun for latest_only_with_trigger to 2023-11-20T15:23:21.680324+00:00, run_after=2023-11-20T19:23:21.680324+00:00
[2023-11-20T19:23:21.734+0000] {processor.py:179} INFO - Processing /home/airflow/.local/lib/python3.8/site-packages/airflow/example_dags/example_latest_only_with_trigger.py took 0.247 seconds
[2023-11-20T19:24:00.329+0000] {processor.py:157} INFO - Started process (PID=402) to work on /home/airflow/.local/lib/python3.8/site-packages/airflow/example_dags/example_latest_only_with_trigger.py
[2023-11-20T19:24:00.336+0000] {processor.py:829} INFO - Processing file /home/airflow/.local/lib/python3.8/site-packages/airflow/example_dags/example_latest_only_with_trigger.py for tasks to queue
[2023-11-20T19:24:00.339+0000] {logging_mixin.py:151} INFO - [2023-11-20T19:24:00.338+0000] {dagbag.py:536} INFO - Filling up the DagBag from /home/airflow/.local/lib/python3.8/site-packages/airflow/example_dags/example_latest_only_with_trigger.py
[2023-11-20T19:24:00.415+0000] {processor.py:839} INFO - DAG(s) dict_keys(['latest_only_with_trigger']) retrieved from /home/airflow/.local/lib/python3.8/site-packages/airflow/example_dags/example_latest_only_with_trigger.py
[2023-11-20T19:24:00.531+0000] {logging_mixin.py:151} INFO - [2023-11-20T19:24:00.531+0000] {dag.py:2941} INFO - Sync 1 DAGs
[2023-11-20T19:24:00.610+0000] {logging_mixin.py:151} INFO - [2023-11-20T19:24:00.610+0000] {dag.py:3722} INFO - Setting next_dagrun for latest_only_with_trigger to 2023-11-20T15:24:00.609666+00:00, run_after=2023-11-20T19:24:00.609666+00:00
[2023-11-20T19:24:00.656+0000] {processor.py:179} INFO - Processing /home/airflow/.local/lib/python3.8/site-packages/airflow/example_dags/example_latest_only_with_trigger.py took 0.343 seconds
[2023-11-20T19:24:31.115+0000] {processor.py:157} INFO - Started process (PID=462) to work on /home/airflow/.local/lib/python3.8/site-packages/airflow/example_dags/example_latest_only_with_trigger.py
[2023-11-20T19:24:31.118+0000] {processor.py:829} INFO - Processing file /home/airflow/.local/lib/python3.8/site-packages/airflow/example_dags/example_latest_only_with_trigger.py for tasks to queue
[2023-11-20T19:24:31.119+0000] {logging_mixin.py:151} INFO - [2023-11-20T19:24:31.119+0000] {dagbag.py:536} INFO - Filling up the DagBag from /home/airflow/.local/lib/python3.8/site-packages/airflow/example_dags/example_latest_only_with_trigger.py
[2023-11-20T19:24:31.129+0000] {processor.py:839} INFO - DAG(s) dict_keys(['latest_only_with_trigger']) retrieved from /home/airflow/.local/lib/python3.8/site-packages/airflow/example_dags/example_latest_only_with_trigger.py
[2023-11-20T19:24:31.163+0000] {logging_mixin.py:151} INFO - [2023-11-20T19:24:31.162+0000] {dag.py:2941} INFO - Sync 1 DAGs
[2023-11-20T19:24:31.197+0000] {logging_mixin.py:151} INFO - [2023-11-20T19:24:31.197+0000] {dag.py:3722} INFO - Setting next_dagrun for latest_only_with_trigger to 2023-11-20T15:24:31.196810+00:00, run_after=2023-11-20T19:24:31.196810+00:00
[2023-11-20T19:24:31.226+0000] {processor.py:179} INFO - Processing /home/airflow/.local/lib/python3.8/site-packages/airflow/example_dags/example_latest_only_with_trigger.py took 0.115 seconds
[2023-11-20T19:25:26.417+0000] {processor.py:157} INFO - Started process (PID=539) to work on /home/airflow/.local/lib/python3.8/site-packages/airflow/example_dags/example_latest_only_with_trigger.py
[2023-11-20T19:25:26.423+0000] {processor.py:829} INFO - Processing file /home/airflow/.local/lib/python3.8/site-packages/airflow/example_dags/example_latest_only_with_trigger.py for tasks to queue
[2023-11-20T19:25:26.437+0000] {logging_mixin.py:151} INFO - [2023-11-20T19:25:26.429+0000] {dagbag.py:536} INFO - Filling up the DagBag from /home/airflow/.local/lib/python3.8/site-packages/airflow/example_dags/example_latest_only_with_trigger.py
[2023-11-20T19:25:26.488+0000] {processor.py:839} INFO - DAG(s) dict_keys(['latest_only_with_trigger']) retrieved from /home/airflow/.local/lib/python3.8/site-packages/airflow/example_dags/example_latest_only_with_trigger.py
[2023-11-20T19:25:26.559+0000] {logging_mixin.py:151} INFO - [2023-11-20T19:25:26.558+0000] {dag.py:2941} INFO - Sync 1 DAGs
[2023-11-20T19:25:26.625+0000] {logging_mixin.py:151} INFO - [2023-11-20T19:25:26.625+0000] {dag.py:3722} INFO - Setting next_dagrun for latest_only_with_trigger to 2023-11-20T15:25:26.624969+00:00, run_after=2023-11-20T19:25:26.624969+00:00
[2023-11-20T19:25:26.668+0000] {processor.py:179} INFO - Processing /home/airflow/.local/lib/python3.8/site-packages/airflow/example_dags/example_latest_only_with_trigger.py took 0.284 seconds
[2023-11-20T19:25:57.390+0000] {processor.py:157} INFO - Started process (PID=600) to work on /home/airflow/.local/lib/python3.8/site-packages/airflow/example_dags/example_latest_only_with_trigger.py
[2023-11-20T19:25:57.395+0000] {processor.py:829} INFO - Processing file /home/airflow/.local/lib/python3.8/site-packages/airflow/example_dags/example_latest_only_with_trigger.py for tasks to queue
[2023-11-20T19:25:57.397+0000] {logging_mixin.py:151} INFO - [2023-11-20T19:25:57.396+0000] {dagbag.py:536} INFO - Filling up the DagBag from /home/airflow/.local/lib/python3.8/site-packages/airflow/example_dags/example_latest_only_with_trigger.py
[2023-11-20T19:25:57.408+0000] {processor.py:839} INFO - DAG(s) dict_keys(['latest_only_with_trigger']) retrieved from /home/airflow/.local/lib/python3.8/site-packages/airflow/example_dags/example_latest_only_with_trigger.py
[2023-11-20T19:25:57.448+0000] {logging_mixin.py:151} INFO - [2023-11-20T19:25:57.448+0000] {dag.py:2941} INFO - Sync 1 DAGs
[2023-11-20T19:25:57.479+0000] {logging_mixin.py:151} INFO - [2023-11-20T19:25:57.478+0000] {dag.py:3722} INFO - Setting next_dagrun for latest_only_with_trigger to 2023-11-20T15:25:57.478214+00:00, run_after=2023-11-20T19:25:57.478214+00:00
[2023-11-20T19:25:57.511+0000] {processor.py:179} INFO - Processing /home/airflow/.local/lib/python3.8/site-packages/airflow/example_dags/example_latest_only_with_trigger.py took 0.126 seconds
[2023-11-20T19:26:29.826+0000] {processor.py:157} INFO - Started process (PID=661) to work on /home/airflow/.local/lib/python3.8/site-packages/airflow/example_dags/example_latest_only_with_trigger.py
[2023-11-20T19:26:29.835+0000] {processor.py:829} INFO - Processing file /home/airflow/.local/lib/python3.8/site-packages/airflow/example_dags/example_latest_only_with_trigger.py for tasks to queue
[2023-11-20T19:26:29.837+0000] {logging_mixin.py:151} INFO - [2023-11-20T19:26:29.836+0000] {dagbag.py:536} INFO - Filling up the DagBag from /home/airflow/.local/lib/python3.8/site-packages/airflow/example_dags/example_latest_only_with_trigger.py
[2023-11-20T19:26:29.856+0000] {processor.py:839} INFO - DAG(s) dict_keys(['latest_only_with_trigger']) retrieved from /home/airflow/.local/lib/python3.8/site-packages/airflow/example_dags/example_latest_only_with_trigger.py
[2023-11-20T19:26:29.892+0000] {logging_mixin.py:151} INFO - [2023-11-20T19:26:29.892+0000] {dag.py:2941} INFO - Sync 1 DAGs
[2023-11-20T19:26:29.925+0000] {logging_mixin.py:151} INFO - [2023-11-20T19:26:29.924+0000] {dag.py:3722} INFO - Setting next_dagrun for latest_only_with_trigger to 2023-11-20T15:26:29.924416+00:00, run_after=2023-11-20T19:26:29.924416+00:00
[2023-11-20T19:26:29.955+0000] {processor.py:179} INFO - Processing /home/airflow/.local/lib/python3.8/site-packages/airflow/example_dags/example_latest_only_with_trigger.py took 0.135 seconds
[2023-11-20T19:27:04.397+0000] {processor.py:157} INFO - Started process (PID=721) to work on /home/airflow/.local/lib/python3.8/site-packages/airflow/example_dags/example_latest_only_with_trigger.py
[2023-11-20T19:27:04.399+0000] {processor.py:829} INFO - Processing file /home/airflow/.local/lib/python3.8/site-packages/airflow/example_dags/example_latest_only_with_trigger.py for tasks to queue
[2023-11-20T19:27:04.405+0000] {logging_mixin.py:151} INFO - [2023-11-20T19:27:04.405+0000] {dagbag.py:536} INFO - Filling up the DagBag from /home/airflow/.local/lib/python3.8/site-packages/airflow/example_dags/example_latest_only_with_trigger.py
[2023-11-20T19:27:04.414+0000] {processor.py:839} INFO - DAG(s) dict_keys(['latest_only_with_trigger']) retrieved from /home/airflow/.local/lib/python3.8/site-packages/airflow/example_dags/example_latest_only_with_trigger.py
[2023-11-20T19:27:04.477+0000] {logging_mixin.py:151} INFO - [2023-11-20T19:27:04.477+0000] {dag.py:2941} INFO - Sync 1 DAGs
[2023-11-20T19:27:04.510+0000] {logging_mixin.py:151} INFO - [2023-11-20T19:27:04.510+0000] {dag.py:3722} INFO - Setting next_dagrun for latest_only_with_trigger to 2023-11-20T15:27:04.510354+00:00, run_after=2023-11-20T19:27:04.510354+00:00
[2023-11-20T19:27:04.539+0000] {processor.py:179} INFO - Processing /home/airflow/.local/lib/python3.8/site-packages/airflow/example_dags/example_latest_only_with_trigger.py took 0.146 seconds
[2023-11-20T19:27:37.840+0000] {processor.py:157} INFO - Started process (PID=781) to work on /home/airflow/.local/lib/python3.8/site-packages/airflow/example_dags/example_latest_only_with_trigger.py
[2023-11-20T19:27:37.843+0000] {processor.py:829} INFO - Processing file /home/airflow/.local/lib/python3.8/site-packages/airflow/example_dags/example_latest_only_with_trigger.py for tasks to queue
[2023-11-20T19:27:37.845+0000] {logging_mixin.py:151} INFO - [2023-11-20T19:27:37.845+0000] {dagbag.py:536} INFO - Filling up the DagBag from /home/airflow/.local/lib/python3.8/site-packages/airflow/example_dags/example_latest_only_with_trigger.py
[2023-11-20T19:27:37.862+0000] {processor.py:839} INFO - DAG(s) dict_keys(['latest_only_with_trigger']) retrieved from /home/airflow/.local/lib/python3.8/site-packages/airflow/example_dags/example_latest_only_with_trigger.py
[2023-11-20T19:27:37.921+0000] {logging_mixin.py:151} INFO - [2023-11-20T19:27:37.919+0000] {dag.py:2941} INFO - Sync 1 DAGs
[2023-11-20T19:27:37.975+0000] {logging_mixin.py:151} INFO - [2023-11-20T19:27:37.975+0000] {dag.py:3722} INFO - Setting next_dagrun for latest_only_with_trigger to 2023-11-20T15:27:37.974782+00:00, run_after=2023-11-20T19:27:37.974782+00:00
[2023-11-20T19:27:38.041+0000] {processor.py:179} INFO - Processing /home/airflow/.local/lib/python3.8/site-packages/airflow/example_dags/example_latest_only_with_trigger.py took 0.208 seconds
[2023-11-20T19:28:11.493+0000] {processor.py:157} INFO - Started process (PID=842) to work on /home/airflow/.local/lib/python3.8/site-packages/airflow/example_dags/example_latest_only_with_trigger.py
[2023-11-20T19:28:11.495+0000] {processor.py:829} INFO - Processing file /home/airflow/.local/lib/python3.8/site-packages/airflow/example_dags/example_latest_only_with_trigger.py for tasks to queue
[2023-11-20T19:28:11.497+0000] {logging_mixin.py:151} INFO - [2023-11-20T19:28:11.496+0000] {dagbag.py:536} INFO - Filling up the DagBag from /home/airflow/.local/lib/python3.8/site-packages/airflow/example_dags/example_latest_only_with_trigger.py
[2023-11-20T19:28:11.520+0000] {processor.py:839} INFO - DAG(s) dict_keys(['latest_only_with_trigger']) retrieved from /home/airflow/.local/lib/python3.8/site-packages/airflow/example_dags/example_latest_only_with_trigger.py
[2023-11-20T19:28:11.591+0000] {logging_mixin.py:151} INFO - [2023-11-20T19:28:11.590+0000] {dag.py:2941} INFO - Sync 1 DAGs
[2023-11-20T19:28:11.659+0000] {logging_mixin.py:151} INFO - [2023-11-20T19:28:11.658+0000] {dag.py:3722} INFO - Setting next_dagrun for latest_only_with_trigger to 2023-11-20T15:28:11.658412+00:00, run_after=2023-11-20T19:28:11.658412+00:00
[2023-11-20T19:28:11.700+0000] {processor.py:179} INFO - Processing /home/airflow/.local/lib/python3.8/site-packages/airflow/example_dags/example_latest_only_with_trigger.py took 0.216 seconds
[2023-11-20T19:28:44.723+0000] {processor.py:157} INFO - Started process (PID=914) to work on /home/airflow/.local/lib/python3.8/site-packages/airflow/example_dags/example_latest_only_with_trigger.py
[2023-11-20T19:28:44.726+0000] {processor.py:829} INFO - Processing file /home/airflow/.local/lib/python3.8/site-packages/airflow/example_dags/example_latest_only_with_trigger.py for tasks to queue
[2023-11-20T19:28:44.728+0000] {logging_mixin.py:151} INFO - [2023-11-20T19:28:44.727+0000] {dagbag.py:536} INFO - Filling up the DagBag from /home/airflow/.local/lib/python3.8/site-packages/airflow/example_dags/example_latest_only_with_trigger.py
[2023-11-20T19:28:44.743+0000] {processor.py:839} INFO - DAG(s) dict_keys(['latest_only_with_trigger']) retrieved from /home/airflow/.local/lib/python3.8/site-packages/airflow/example_dags/example_latest_only_with_trigger.py
[2023-11-20T19:28:44.790+0000] {logging_mixin.py:151} INFO - [2023-11-20T19:28:44.789+0000] {dag.py:2941} INFO - Sync 1 DAGs
[2023-11-20T19:28:44.848+0000] {logging_mixin.py:151} INFO - [2023-11-20T19:28:44.847+0000] {dag.py:3722} INFO - Setting next_dagrun for latest_only_with_trigger to 2023-11-20T15:28:44.846029+00:00, run_after=2023-11-20T19:28:44.846029+00:00
[2023-11-20T19:28:44.888+0000] {processor.py:179} INFO - Processing /home/airflow/.local/lib/python3.8/site-packages/airflow/example_dags/example_latest_only_with_trigger.py took 0.173 seconds
[2023-11-20T19:29:26.475+0000] {processor.py:157} INFO - Started process (PID=975) to work on /home/airflow/.local/lib/python3.8/site-packages/airflow/example_dags/example_latest_only_with_trigger.py
[2023-11-20T19:29:26.482+0000] {processor.py:829} INFO - Processing file /home/airflow/.local/lib/python3.8/site-packages/airflow/example_dags/example_latest_only_with_trigger.py for tasks to queue
[2023-11-20T19:29:26.500+0000] {logging_mixin.py:151} INFO - [2023-11-20T19:29:26.497+0000] {dagbag.py:536} INFO - Filling up the DagBag from /home/airflow/.local/lib/python3.8/site-packages/airflow/example_dags/example_latest_only_with_trigger.py
[2023-11-20T19:29:26.675+0000] {processor.py:839} INFO - DAG(s) dict_keys(['latest_only_with_trigger']) retrieved from /home/airflow/.local/lib/python3.8/site-packages/airflow/example_dags/example_latest_only_with_trigger.py
[2023-11-20T19:29:26.827+0000] {logging_mixin.py:151} INFO - [2023-11-20T19:29:26.826+0000] {dag.py:2941} INFO - Sync 1 DAGs
[2023-11-20T19:29:26.975+0000] {logging_mixin.py:151} INFO - [2023-11-20T19:29:26.975+0000] {dag.py:3722} INFO - Setting next_dagrun for latest_only_with_trigger to 2023-11-20T15:29:26.974317+00:00, run_after=2023-11-20T19:29:26.974317+00:00
[2023-11-20T19:29:27.082+0000] {processor.py:179} INFO - Processing /home/airflow/.local/lib/python3.8/site-packages/airflow/example_dags/example_latest_only_with_trigger.py took 0.634 seconds
[2023-11-20T19:29:57.600+0000] {processor.py:157} INFO - Started process (PID=1036) to work on /home/airflow/.local/lib/python3.8/site-packages/airflow/example_dags/example_latest_only_with_trigger.py
[2023-11-20T19:29:57.609+0000] {processor.py:829} INFO - Processing file /home/airflow/.local/lib/python3.8/site-packages/airflow/example_dags/example_latest_only_with_trigger.py for tasks to queue
[2023-11-20T19:29:57.615+0000] {logging_mixin.py:151} INFO - [2023-11-20T19:29:57.614+0000] {dagbag.py:536} INFO - Filling up the DagBag from /home/airflow/.local/lib/python3.8/site-packages/airflow/example_dags/example_latest_only_with_trigger.py
[2023-11-20T19:29:57.640+0000] {processor.py:839} INFO - DAG(s) dict_keys(['latest_only_with_trigger']) retrieved from /home/airflow/.local/lib/python3.8/site-packages/airflow/example_dags/example_latest_only_with_trigger.py
[2023-11-20T19:29:57.707+0000] {logging_mixin.py:151} INFO - [2023-11-20T19:29:57.706+0000] {dag.py:2941} INFO - Sync 1 DAGs
[2023-11-20T19:29:57.761+0000] {logging_mixin.py:151} INFO - [2023-11-20T19:29:57.761+0000] {dag.py:3722} INFO - Setting next_dagrun for latest_only_with_trigger to 2023-11-20T15:29:57.760515+00:00, run_after=2023-11-20T19:29:57.760515+00:00
[2023-11-20T19:29:57.798+0000] {processor.py:179} INFO - Processing /home/airflow/.local/lib/python3.8/site-packages/airflow/example_dags/example_latest_only_with_trigger.py took 0.212 seconds
[2023-11-20T19:30:29.860+0000] {processor.py:157} INFO - Started process (PID=1096) to work on /home/airflow/.local/lib/python3.8/site-packages/airflow/example_dags/example_latest_only_with_trigger.py
[2023-11-20T19:30:29.866+0000] {processor.py:829} INFO - Processing file /home/airflow/.local/lib/python3.8/site-packages/airflow/example_dags/example_latest_only_with_trigger.py for tasks to queue
[2023-11-20T19:30:29.873+0000] {logging_mixin.py:151} INFO - [2023-11-20T19:30:29.872+0000] {dagbag.py:536} INFO - Filling up the DagBag from /home/airflow/.local/lib/python3.8/site-packages/airflow/example_dags/example_latest_only_with_trigger.py
[2023-11-20T19:30:29.887+0000] {processor.py:839} INFO - DAG(s) dict_keys(['latest_only_with_trigger']) retrieved from /home/airflow/.local/lib/python3.8/site-packages/airflow/example_dags/example_latest_only_with_trigger.py
[2023-11-20T19:30:29.950+0000] {logging_mixin.py:151} INFO - [2023-11-20T19:30:29.950+0000] {dag.py:2941} INFO - Sync 1 DAGs
[2023-11-20T19:30:29.990+0000] {logging_mixin.py:151} INFO - [2023-11-20T19:30:29.989+0000] {dag.py:3722} INFO - Setting next_dagrun for latest_only_with_trigger to 2023-11-20T15:30:29.989356+00:00, run_after=2023-11-20T19:30:29.989356+00:00
[2023-11-20T19:30:30.026+0000] {processor.py:179} INFO - Processing /home/airflow/.local/lib/python3.8/site-packages/airflow/example_dags/example_latest_only_with_trigger.py took 0.179 seconds
[2023-11-20T19:31:13.574+0000] {processor.py:157} INFO - Started process (PID=1156) to work on /home/airflow/.local/lib/python3.8/site-packages/airflow/example_dags/example_latest_only_with_trigger.py
[2023-11-20T19:31:13.580+0000] {processor.py:829} INFO - Processing file /home/airflow/.local/lib/python3.8/site-packages/airflow/example_dags/example_latest_only_with_trigger.py for tasks to queue
[2023-11-20T19:31:13.586+0000] {logging_mixin.py:151} INFO - [2023-11-20T19:31:13.585+0000] {dagbag.py:536} INFO - Filling up the DagBag from /home/airflow/.local/lib/python3.8/site-packages/airflow/example_dags/example_latest_only_with_trigger.py
[2023-11-20T19:31:13.617+0000] {processor.py:839} INFO - DAG(s) dict_keys(['latest_only_with_trigger']) retrieved from /home/airflow/.local/lib/python3.8/site-packages/airflow/example_dags/example_latest_only_with_trigger.py
[2023-11-20T19:31:13.930+0000] {logging_mixin.py:151} INFO - [2023-11-20T19:31:13.928+0000] {dag.py:2941} INFO - Sync 1 DAGs
[2023-11-20T19:31:14.270+0000] {logging_mixin.py:151} INFO - [2023-11-20T19:31:14.266+0000] {dag.py:3722} INFO - Setting next_dagrun for latest_only_with_trigger to 2023-11-20T15:31:14.229968+00:00, run_after=2023-11-20T19:31:14.229968+00:00
[2023-11-20T19:31:14.530+0000] {processor.py:179} INFO - Processing /home/airflow/.local/lib/python3.8/site-packages/airflow/example_dags/example_latest_only_with_trigger.py took 0.981 seconds
[2023-11-20T19:31:44.845+0000] {processor.py:157} INFO - Started process (PID=1216) to work on /home/airflow/.local/lib/python3.8/site-packages/airflow/example_dags/example_latest_only_with_trigger.py
[2023-11-20T19:31:44.850+0000] {processor.py:829} INFO - Processing file /home/airflow/.local/lib/python3.8/site-packages/airflow/example_dags/example_latest_only_with_trigger.py for tasks to queue
[2023-11-20T19:31:44.856+0000] {logging_mixin.py:151} INFO - [2023-11-20T19:31:44.854+0000] {dagbag.py:536} INFO - Filling up the DagBag from /home/airflow/.local/lib/python3.8/site-packages/airflow/example_dags/example_latest_only_with_trigger.py
[2023-11-20T19:31:44.877+0000] {processor.py:839} INFO - DAG(s) dict_keys(['latest_only_with_trigger']) retrieved from /home/airflow/.local/lib/python3.8/site-packages/airflow/example_dags/example_latest_only_with_trigger.py
[2023-11-20T19:31:44.933+0000] {logging_mixin.py:151} INFO - [2023-11-20T19:31:44.933+0000] {dag.py:2941} INFO - Sync 1 DAGs
[2023-11-20T19:31:44.987+0000] {logging_mixin.py:151} INFO - [2023-11-20T19:31:44.986+0000] {dag.py:3722} INFO - Setting next_dagrun for latest_only_with_trigger to 2023-11-20T15:31:44.986409+00:00, run_after=2023-11-20T19:31:44.986409+00:00
[2023-11-20T19:31:45.028+0000] {processor.py:179} INFO - Processing /home/airflow/.local/lib/python3.8/site-packages/airflow/example_dags/example_latest_only_with_trigger.py took 0.192 seconds
[2023-11-20T19:33:31.945+0000] {processor.py:157} INFO - Started process (PID=1295) to work on /home/airflow/.local/lib/python3.8/site-packages/airflow/example_dags/example_latest_only_with_trigger.py
[2023-11-20T19:33:31.949+0000] {processor.py:829} INFO - Processing file /home/airflow/.local/lib/python3.8/site-packages/airflow/example_dags/example_latest_only_with_trigger.py for tasks to queue
[2023-11-20T19:33:31.951+0000] {logging_mixin.py:151} INFO - [2023-11-20T19:33:31.950+0000] {dagbag.py:536} INFO - Filling up the DagBag from /home/airflow/.local/lib/python3.8/site-packages/airflow/example_dags/example_latest_only_with_trigger.py
[2023-11-20T19:33:31.974+0000] {processor.py:839} INFO - DAG(s) dict_keys(['latest_only_with_trigger']) retrieved from /home/airflow/.local/lib/python3.8/site-packages/airflow/example_dags/example_latest_only_with_trigger.py
[2023-11-20T19:33:32.047+0000] {logging_mixin.py:151} INFO - [2023-11-20T19:33:32.047+0000] {dag.py:2941} INFO - Sync 1 DAGs
[2023-11-20T19:33:32.176+0000] {logging_mixin.py:151} INFO - [2023-11-20T19:33:32.175+0000] {dag.py:3722} INFO - Setting next_dagrun for latest_only_with_trigger to 2023-11-20T15:33:32.172720+00:00, run_after=2023-11-20T19:33:32.172720+00:00
[2023-11-20T19:33:32.280+0000] {processor.py:179} INFO - Processing /home/airflow/.local/lib/python3.8/site-packages/airflow/example_dags/example_latest_only_with_trigger.py took 0.344 seconds
[2023-11-20T19:34:04.178+0000] {processor.py:157} INFO - Started process (PID=1354) to work on /home/airflow/.local/lib/python3.8/site-packages/airflow/example_dags/example_latest_only_with_trigger.py
[2023-11-20T19:34:04.185+0000] {processor.py:829} INFO - Processing file /home/airflow/.local/lib/python3.8/site-packages/airflow/example_dags/example_latest_only_with_trigger.py for tasks to queue
[2023-11-20T19:34:04.187+0000] {logging_mixin.py:151} INFO - [2023-11-20T19:34:04.186+0000] {dagbag.py:536} INFO - Filling up the DagBag from /home/airflow/.local/lib/python3.8/site-packages/airflow/example_dags/example_latest_only_with_trigger.py
[2023-11-20T19:34:04.199+0000] {processor.py:839} INFO - DAG(s) dict_keys(['latest_only_with_trigger']) retrieved from /home/airflow/.local/lib/python3.8/site-packages/airflow/example_dags/example_latest_only_with_trigger.py
[2023-11-20T19:34:04.244+0000] {logging_mixin.py:151} INFO - [2023-11-20T19:34:04.244+0000] {dag.py:2941} INFO - Sync 1 DAGs
[2023-11-20T19:34:04.288+0000] {logging_mixin.py:151} INFO - [2023-11-20T19:34:04.287+0000] {dag.py:3722} INFO - Setting next_dagrun for latest_only_with_trigger to 2023-11-20T15:34:04.287336+00:00, run_after=2023-11-20T19:34:04.287336+00:00
[2023-11-20T19:34:04.321+0000] {processor.py:179} INFO - Processing /home/airflow/.local/lib/python3.8/site-packages/airflow/example_dags/example_latest_only_with_trigger.py took 0.149 seconds
[2023-11-20T19:34:47.717+0000] {processor.py:157} INFO - Started process (PID=1421) to work on /home/airflow/.local/lib/python3.8/site-packages/airflow/example_dags/example_latest_only_with_trigger.py
[2023-11-20T19:34:47.728+0000] {processor.py:829} INFO - Processing file /home/airflow/.local/lib/python3.8/site-packages/airflow/example_dags/example_latest_only_with_trigger.py for tasks to queue
[2023-11-20T19:34:47.733+0000] {logging_mixin.py:151} INFO - [2023-11-20T19:34:47.731+0000] {dagbag.py:536} INFO - Filling up the DagBag from /home/airflow/.local/lib/python3.8/site-packages/airflow/example_dags/example_latest_only_with_trigger.py
[2023-11-20T19:34:47.819+0000] {processor.py:839} INFO - DAG(s) dict_keys(['latest_only_with_trigger']) retrieved from /home/airflow/.local/lib/python3.8/site-packages/airflow/example_dags/example_latest_only_with_trigger.py
[2023-11-20T19:34:47.966+0000] {logging_mixin.py:151} INFO - [2023-11-20T19:34:47.965+0000] {dag.py:2941} INFO - Sync 1 DAGs
[2023-11-20T19:34:48.145+0000] {logging_mixin.py:151} INFO - [2023-11-20T19:34:48.143+0000] {dag.py:3722} INFO - Setting next_dagrun for latest_only_with_trigger to 2023-11-20T15:34:48.141996+00:00, run_after=2023-11-20T19:34:48.141996+00:00
[2023-11-20T19:34:48.269+0000] {processor.py:179} INFO - Processing /home/airflow/.local/lib/python3.8/site-packages/airflow/example_dags/example_latest_only_with_trigger.py took 0.565 seconds
[2023-11-20T19:35:19.128+0000] {processor.py:157} INFO - Started process (PID=1479) to work on /home/airflow/.local/lib/python3.8/site-packages/airflow/example_dags/example_latest_only_with_trigger.py
[2023-11-20T19:35:19.134+0000] {processor.py:829} INFO - Processing file /home/airflow/.local/lib/python3.8/site-packages/airflow/example_dags/example_latest_only_with_trigger.py for tasks to queue
[2023-11-20T19:35:19.138+0000] {logging_mixin.py:151} INFO - [2023-11-20T19:35:19.137+0000] {dagbag.py:536} INFO - Filling up the DagBag from /home/airflow/.local/lib/python3.8/site-packages/airflow/example_dags/example_latest_only_with_trigger.py
[2023-11-20T19:35:19.614+0000] {processor.py:839} INFO - DAG(s) dict_keys(['latest_only_with_trigger']) retrieved from /home/airflow/.local/lib/python3.8/site-packages/airflow/example_dags/example_latest_only_with_trigger.py
[2023-11-20T19:35:20.175+0000] {logging_mixin.py:151} INFO - [2023-11-20T19:35:20.169+0000] {dag.py:2941} INFO - Sync 1 DAGs
[2023-11-20T19:35:20.885+0000] {logging_mixin.py:151} INFO - [2023-11-20T19:35:20.881+0000] {dag.py:3722} INFO - Setting next_dagrun for latest_only_with_trigger to 2023-11-20T15:35:20.880030+00:00, run_after=2023-11-20T19:35:20.880030+00:00
[2023-11-20T19:35:21.106+0000] {processor.py:179} INFO - Processing /home/airflow/.local/lib/python3.8/site-packages/airflow/example_dags/example_latest_only_with_trigger.py took 1.994 seconds
[2023-11-20T19:35:51.436+0000] {processor.py:157} INFO - Started process (PID=1539) to work on /home/airflow/.local/lib/python3.8/site-packages/airflow/example_dags/example_latest_only_with_trigger.py
[2023-11-20T19:35:51.440+0000] {processor.py:829} INFO - Processing file /home/airflow/.local/lib/python3.8/site-packages/airflow/example_dags/example_latest_only_with_trigger.py for tasks to queue
[2023-11-20T19:35:51.442+0000] {logging_mixin.py:151} INFO - [2023-11-20T19:35:51.441+0000] {dagbag.py:536} INFO - Filling up the DagBag from /home/airflow/.local/lib/python3.8/site-packages/airflow/example_dags/example_latest_only_with_trigger.py
[2023-11-20T19:35:51.456+0000] {processor.py:839} INFO - DAG(s) dict_keys(['latest_only_with_trigger']) retrieved from /home/airflow/.local/lib/python3.8/site-packages/airflow/example_dags/example_latest_only_with_trigger.py
[2023-11-20T19:35:51.508+0000] {logging_mixin.py:151} INFO - [2023-11-20T19:35:51.507+0000] {dag.py:2941} INFO - Sync 1 DAGs
[2023-11-20T19:35:51.552+0000] {logging_mixin.py:151} INFO - [2023-11-20T19:35:51.552+0000] {dag.py:3722} INFO - Setting next_dagrun for latest_only_with_trigger to 2023-11-20T15:35:51.552136+00:00, run_after=2023-11-20T19:35:51.552136+00:00
[2023-11-20T19:35:51.591+0000] {processor.py:179} INFO - Processing /home/airflow/.local/lib/python3.8/site-packages/airflow/example_dags/example_latest_only_with_trigger.py took 0.165 seconds
[2023-11-20T19:36:21.762+0000] {processor.py:157} INFO - Started process (PID=1599) to work on /home/airflow/.local/lib/python3.8/site-packages/airflow/example_dags/example_latest_only_with_trigger.py
[2023-11-20T19:36:21.778+0000] {processor.py:829} INFO - Processing file /home/airflow/.local/lib/python3.8/site-packages/airflow/example_dags/example_latest_only_with_trigger.py for tasks to queue
[2023-11-20T19:36:21.781+0000] {logging_mixin.py:151} INFO - [2023-11-20T19:36:21.780+0000] {dagbag.py:536} INFO - Filling up the DagBag from /home/airflow/.local/lib/python3.8/site-packages/airflow/example_dags/example_latest_only_with_trigger.py
[2023-11-20T19:36:21.803+0000] {processor.py:839} INFO - DAG(s) dict_keys(['latest_only_with_trigger']) retrieved from /home/airflow/.local/lib/python3.8/site-packages/airflow/example_dags/example_latest_only_with_trigger.py
[2023-11-20T19:36:21.921+0000] {logging_mixin.py:151} INFO - [2023-11-20T19:36:21.921+0000] {dag.py:2941} INFO - Sync 1 DAGs
[2023-11-20T19:36:22.023+0000] {logging_mixin.py:151} INFO - [2023-11-20T19:36:22.022+0000] {dag.py:3722} INFO - Setting next_dagrun for latest_only_with_trigger to 2023-11-20T15:36:22.021253+00:00, run_after=2023-11-20T19:36:22.021253+00:00
[2023-11-20T19:36:22.139+0000] {processor.py:179} INFO - Processing /home/airflow/.local/lib/python3.8/site-packages/airflow/example_dags/example_latest_only_with_trigger.py took 0.386 seconds
[2023-11-20T19:36:52.239+0000] {processor.py:157} INFO - Started process (PID=1659) to work on /home/airflow/.local/lib/python3.8/site-packages/airflow/example_dags/example_latest_only_with_trigger.py
[2023-11-20T19:36:52.243+0000] {processor.py:829} INFO - Processing file /home/airflow/.local/lib/python3.8/site-packages/airflow/example_dags/example_latest_only_with_trigger.py for tasks to queue
[2023-11-20T19:36:52.249+0000] {logging_mixin.py:151} INFO - [2023-11-20T19:36:52.248+0000] {dagbag.py:536} INFO - Filling up the DagBag from /home/airflow/.local/lib/python3.8/site-packages/airflow/example_dags/example_latest_only_with_trigger.py
[2023-11-20T19:36:52.274+0000] {processor.py:839} INFO - DAG(s) dict_keys(['latest_only_with_trigger']) retrieved from /home/airflow/.local/lib/python3.8/site-packages/airflow/example_dags/example_latest_only_with_trigger.py
[2023-11-20T19:36:52.664+0000] {logging_mixin.py:151} INFO - [2023-11-20T19:36:52.646+0000] {dag.py:2941} INFO - Sync 1 DAGs
[2023-11-20T19:36:52.780+0000] {logging_mixin.py:151} INFO - [2023-11-20T19:36:52.774+0000] {dag.py:3722} INFO - Setting next_dagrun for latest_only_with_trigger to 2023-11-20T15:36:52.769873+00:00, run_after=2023-11-20T19:36:52.769873+00:00
[2023-11-20T19:36:53.493+0000] {processor.py:179} INFO - Processing /home/airflow/.local/lib/python3.8/site-packages/airflow/example_dags/example_latest_only_with_trigger.py took 1.266 seconds
[2023-11-20T19:37:34.512+0000] {processor.py:157} INFO - Started process (PID=1717) to work on /home/airflow/.local/lib/python3.8/site-packages/airflow/example_dags/example_latest_only_with_trigger.py
[2023-11-20T19:37:34.514+0000] {processor.py:829} INFO - Processing file /home/airflow/.local/lib/python3.8/site-packages/airflow/example_dags/example_latest_only_with_trigger.py for tasks to queue
[2023-11-20T19:37:34.516+0000] {logging_mixin.py:151} INFO - [2023-11-20T19:37:34.515+0000] {dagbag.py:536} INFO - Filling up the DagBag from /home/airflow/.local/lib/python3.8/site-packages/airflow/example_dags/example_latest_only_with_trigger.py
[2023-11-20T19:37:34.528+0000] {processor.py:839} INFO - DAG(s) dict_keys(['latest_only_with_trigger']) retrieved from /home/airflow/.local/lib/python3.8/site-packages/airflow/example_dags/example_latest_only_with_trigger.py
[2023-11-20T19:37:34.575+0000] {logging_mixin.py:151} INFO - [2023-11-20T19:37:34.575+0000] {dag.py:2941} INFO - Sync 1 DAGs
[2023-11-20T19:37:34.683+0000] {logging_mixin.py:151} INFO - [2023-11-20T19:37:34.683+0000] {dag.py:3722} INFO - Setting next_dagrun for latest_only_with_trigger to 2023-11-20T15:37:34.682606+00:00, run_after=2023-11-20T19:37:34.682606+00:00
[2023-11-20T19:37:34.773+0000] {processor.py:179} INFO - Processing /home/airflow/.local/lib/python3.8/site-packages/airflow/example_dags/example_latest_only_with_trigger.py took 0.267 seconds
[2023-11-20T19:38:15.468+0000] {processor.py:157} INFO - Started process (PID=1763) to work on /home/airflow/.local/lib/python3.8/site-packages/airflow/example_dags/example_latest_only_with_trigger.py
[2023-11-20T19:38:15.471+0000] {processor.py:829} INFO - Processing file /home/airflow/.local/lib/python3.8/site-packages/airflow/example_dags/example_latest_only_with_trigger.py for tasks to queue
[2023-11-20T19:38:15.476+0000] {logging_mixin.py:151} INFO - [2023-11-20T19:38:15.472+0000] {dagbag.py:536} INFO - Filling up the DagBag from /home/airflow/.local/lib/python3.8/site-packages/airflow/example_dags/example_latest_only_with_trigger.py
[2023-11-20T19:38:15.504+0000] {processor.py:839} INFO - DAG(s) dict_keys(['latest_only_with_trigger']) retrieved from /home/airflow/.local/lib/python3.8/site-packages/airflow/example_dags/example_latest_only_with_trigger.py
[2023-11-20T19:38:15.599+0000] {logging_mixin.py:151} INFO - [2023-11-20T19:38:15.598+0000] {dag.py:2941} INFO - Sync 1 DAGs
[2023-11-20T19:38:15.809+0000] {logging_mixin.py:151} INFO - [2023-11-20T19:38:15.808+0000] {dag.py:3722} INFO - Setting next_dagrun for latest_only_with_trigger to 2023-11-20T15:38:15.806655+00:00, run_after=2023-11-20T19:38:15.806655+00:00
[2023-11-20T19:38:15.909+0000] {processor.py:179} INFO - Processing /home/airflow/.local/lib/python3.8/site-packages/airflow/example_dags/example_latest_only_with_trigger.py took 0.448 seconds
[2023-11-20T19:38:46.962+0000] {processor.py:157} INFO - Started process (PID=1830) to work on /home/airflow/.local/lib/python3.8/site-packages/airflow/example_dags/example_latest_only_with_trigger.py
[2023-11-20T19:38:46.965+0000] {processor.py:829} INFO - Processing file /home/airflow/.local/lib/python3.8/site-packages/airflow/example_dags/example_latest_only_with_trigger.py for tasks to queue
[2023-11-20T19:38:46.968+0000] {logging_mixin.py:151} INFO - [2023-11-20T19:38:46.967+0000] {dagbag.py:536} INFO - Filling up the DagBag from /home/airflow/.local/lib/python3.8/site-packages/airflow/example_dags/example_latest_only_with_trigger.py
[2023-11-20T19:38:46.995+0000] {processor.py:839} INFO - DAG(s) dict_keys(['latest_only_with_trigger']) retrieved from /home/airflow/.local/lib/python3.8/site-packages/airflow/example_dags/example_latest_only_with_trigger.py
[2023-11-20T19:38:47.069+0000] {logging_mixin.py:151} INFO - [2023-11-20T19:38:47.069+0000] {dag.py:2941} INFO - Sync 1 DAGs
[2023-11-20T19:38:47.170+0000] {logging_mixin.py:151} INFO - [2023-11-20T19:38:47.170+0000] {dag.py:3722} INFO - Setting next_dagrun for latest_only_with_trigger to 2023-11-20T15:38:47.168931+00:00, run_after=2023-11-20T19:38:47.168931+00:00
[2023-11-20T19:38:47.251+0000] {processor.py:179} INFO - Processing /home/airflow/.local/lib/python3.8/site-packages/airflow/example_dags/example_latest_only_with_trigger.py took 0.305 seconds
[2023-11-20T19:39:24.275+0000] {processor.py:157} INFO - Started process (PID=1890) to work on /home/airflow/.local/lib/python3.8/site-packages/airflow/example_dags/example_latest_only_with_trigger.py
[2023-11-20T19:39:24.277+0000] {processor.py:829} INFO - Processing file /home/airflow/.local/lib/python3.8/site-packages/airflow/example_dags/example_latest_only_with_trigger.py for tasks to queue
[2023-11-20T19:39:24.281+0000] {logging_mixin.py:151} INFO - [2023-11-20T19:39:24.280+0000] {dagbag.py:536} INFO - Filling up the DagBag from /home/airflow/.local/lib/python3.8/site-packages/airflow/example_dags/example_latest_only_with_trigger.py
[2023-11-20T19:39:24.312+0000] {processor.py:839} INFO - DAG(s) dict_keys(['latest_only_with_trigger']) retrieved from /home/airflow/.local/lib/python3.8/site-packages/airflow/example_dags/example_latest_only_with_trigger.py
[2023-11-20T19:39:24.396+0000] {logging_mixin.py:151} INFO - [2023-11-20T19:39:24.395+0000] {dag.py:2941} INFO - Sync 1 DAGs
[2023-11-20T19:39:24.460+0000] {logging_mixin.py:151} INFO - [2023-11-20T19:39:24.459+0000] {dag.py:3722} INFO - Setting next_dagrun for latest_only_with_trigger to 2023-11-20T15:39:24.459359+00:00, run_after=2023-11-20T19:39:24.459359+00:00
[2023-11-20T19:39:24.510+0000] {processor.py:179} INFO - Processing /home/airflow/.local/lib/python3.8/site-packages/airflow/example_dags/example_latest_only_with_trigger.py took 0.240 seconds
[2023-11-20T19:40:03.846+0000] {processor.py:157} INFO - Started process (PID=1952) to work on /home/airflow/.local/lib/python3.8/site-packages/airflow/example_dags/example_latest_only_with_trigger.py
[2023-11-20T19:40:03.853+0000] {processor.py:829} INFO - Processing file /home/airflow/.local/lib/python3.8/site-packages/airflow/example_dags/example_latest_only_with_trigger.py for tasks to queue
[2023-11-20T19:40:03.855+0000] {logging_mixin.py:151} INFO - [2023-11-20T19:40:03.854+0000] {dagbag.py:536} INFO - Filling up the DagBag from /home/airflow/.local/lib/python3.8/site-packages/airflow/example_dags/example_latest_only_with_trigger.py
[2023-11-20T19:40:03.866+0000] {processor.py:839} INFO - DAG(s) dict_keys(['latest_only_with_trigger']) retrieved from /home/airflow/.local/lib/python3.8/site-packages/airflow/example_dags/example_latest_only_with_trigger.py
[2023-11-20T19:40:03.915+0000] {logging_mixin.py:151} INFO - [2023-11-20T19:40:03.915+0000] {dag.py:2941} INFO - Sync 1 DAGs
[2023-11-20T19:40:03.969+0000] {logging_mixin.py:151} INFO - [2023-11-20T19:40:03.969+0000] {dag.py:3722} INFO - Setting next_dagrun for latest_only_with_trigger to 2023-11-20T15:40:03.969092+00:00, run_after=2023-11-20T19:40:03.969092+00:00
[2023-11-20T19:40:04.018+0000] {processor.py:179} INFO - Processing /home/airflow/.local/lib/python3.8/site-packages/airflow/example_dags/example_latest_only_with_trigger.py took 0.189 seconds
[2023-11-20T19:40:37.521+0000] {processor.py:157} INFO - Started process (PID=2011) to work on /home/airflow/.local/lib/python3.8/site-packages/airflow/example_dags/example_latest_only_with_trigger.py
[2023-11-20T19:40:37.539+0000] {processor.py:829} INFO - Processing file /home/airflow/.local/lib/python3.8/site-packages/airflow/example_dags/example_latest_only_with_trigger.py for tasks to queue
[2023-11-20T19:40:37.571+0000] {logging_mixin.py:151} INFO - [2023-11-20T19:40:37.567+0000] {dagbag.py:536} INFO - Filling up the DagBag from /home/airflow/.local/lib/python3.8/site-packages/airflow/example_dags/example_latest_only_with_trigger.py
[2023-11-20T19:40:37.654+0000] {processor.py:839} INFO - DAG(s) dict_keys(['latest_only_with_trigger']) retrieved from /home/airflow/.local/lib/python3.8/site-packages/airflow/example_dags/example_latest_only_with_trigger.py
[2023-11-20T19:40:38.101+0000] {logging_mixin.py:151} INFO - [2023-11-20T19:40:38.099+0000] {dag.py:2941} INFO - Sync 1 DAGs
[2023-11-20T19:40:38.316+0000] {logging_mixin.py:151} INFO - [2023-11-20T19:40:38.315+0000] {dag.py:3722} INFO - Setting next_dagrun for latest_only_with_trigger to 2023-11-20T15:40:38.314213+00:00, run_after=2023-11-20T19:40:38.314213+00:00
[2023-11-20T19:40:38.450+0000] {processor.py:179} INFO - Processing /home/airflow/.local/lib/python3.8/site-packages/airflow/example_dags/example_latest_only_with_trigger.py took 0.962 seconds
