[2023-11-20T19:19:41.069+0000] {processor.py:157} INFO - Started process (PID=127) to work on /home/airflow/.local/lib/python3.8/site-packages/airflow/example_dags/example_setup_teardown_taskflow.py
[2023-11-20T19:19:41.094+0000] {processor.py:829} INFO - Processing file /home/airflow/.local/lib/python3.8/site-packages/airflow/example_dags/example_setup_teardown_taskflow.py for tasks to queue
[2023-11-20T19:19:41.105+0000] {logging_mixin.py:151} INFO - [2023-11-20T19:19:41.103+0000] {dagbag.py:536} INFO - Filling up the DagBag from /home/airflow/.local/lib/python3.8/site-packages/airflow/example_dags/example_setup_teardown_taskflow.py
[2023-11-20T19:19:41.261+0000] {processor.py:839} INFO - DAG(s) dict_keys(['example_setup_teardown_taskflow']) retrieved from /home/airflow/.local/lib/python3.8/site-packages/airflow/example_dags/example_setup_teardown_taskflow.py
[2023-11-20T19:19:41.684+0000] {logging_mixin.py:151} INFO - [2023-11-20T19:19:41.682+0000] {dag.py:2941} INFO - Sync 1 DAGs
[2023-11-20T19:19:42.245+0000] {logging_mixin.py:151} INFO - [2023-11-20T19:19:42.244+0000] {dag.py:3722} INFO - Setting next_dagrun for example_setup_teardown_taskflow to 2023-11-19T19:19:42.234526+00:00, run_after=2023-11-20T19:19:42.234526+00:00
[2023-11-20T19:19:43.045+0000] {processor.py:179} INFO - Processing /home/airflow/.local/lib/python3.8/site-packages/airflow/example_dags/example_setup_teardown_taskflow.py took 2.061 seconds
[2023-11-20T19:21:47.129+0000] {processor.py:157} INFO - Started process (PID=201) to work on /home/airflow/.local/lib/python3.8/site-packages/airflow/example_dags/example_setup_teardown_taskflow.py
[2023-11-20T19:21:47.135+0000] {processor.py:829} INFO - Processing file /home/airflow/.local/lib/python3.8/site-packages/airflow/example_dags/example_setup_teardown_taskflow.py for tasks to queue
[2023-11-20T19:21:47.142+0000] {logging_mixin.py:151} INFO - [2023-11-20T19:21:47.141+0000] {dagbag.py:536} INFO - Filling up the DagBag from /home/airflow/.local/lib/python3.8/site-packages/airflow/example_dags/example_setup_teardown_taskflow.py
[2023-11-20T19:21:47.197+0000] {processor.py:839} INFO - DAG(s) dict_keys(['example_setup_teardown_taskflow']) retrieved from /home/airflow/.local/lib/python3.8/site-packages/airflow/example_dags/example_setup_teardown_taskflow.py
[2023-11-20T19:21:47.292+0000] {logging_mixin.py:151} INFO - [2023-11-20T19:21:47.286+0000] {dag.py:2941} INFO - Sync 1 DAGs
[2023-11-20T19:21:47.477+0000] {logging_mixin.py:151} INFO - [2023-11-20T19:21:47.476+0000] {dag.py:3722} INFO - Setting next_dagrun for example_setup_teardown_taskflow to 2023-11-19T19:21:47.475355+00:00, run_after=2023-11-20T19:21:47.475355+00:00
[2023-11-20T19:21:47.584+0000] {processor.py:179} INFO - Processing /home/airflow/.local/lib/python3.8/site-packages/airflow/example_dags/example_setup_teardown_taskflow.py took 0.471 seconds
[2023-11-20T19:22:41.525+0000] {processor.py:157} INFO - Started process (PID=268) to work on /home/airflow/.local/lib/python3.8/site-packages/airflow/example_dags/example_setup_teardown_taskflow.py
[2023-11-20T19:22:41.529+0000] {processor.py:829} INFO - Processing file /home/airflow/.local/lib/python3.8/site-packages/airflow/example_dags/example_setup_teardown_taskflow.py for tasks to queue
[2023-11-20T19:22:41.532+0000] {logging_mixin.py:151} INFO - [2023-11-20T19:22:41.531+0000] {dagbag.py:536} INFO - Filling up the DagBag from /home/airflow/.local/lib/python3.8/site-packages/airflow/example_dags/example_setup_teardown_taskflow.py
[2023-11-20T19:22:41.560+0000] {processor.py:839} INFO - DAG(s) dict_keys(['example_setup_teardown_taskflow']) retrieved from /home/airflow/.local/lib/python3.8/site-packages/airflow/example_dags/example_setup_teardown_taskflow.py
[2023-11-20T19:22:41.607+0000] {logging_mixin.py:151} INFO - [2023-11-20T19:22:41.606+0000] {dag.py:2941} INFO - Sync 1 DAGs
[2023-11-20T19:22:41.665+0000] {logging_mixin.py:151} INFO - [2023-11-20T19:22:41.665+0000] {dag.py:3722} INFO - Setting next_dagrun for example_setup_teardown_taskflow to 2023-11-19T19:22:41.664289+00:00, run_after=2023-11-20T19:22:41.664289+00:00
[2023-11-20T19:22:41.700+0000] {processor.py:179} INFO - Processing /home/airflow/.local/lib/python3.8/site-packages/airflow/example_dags/example_setup_teardown_taskflow.py took 0.183 seconds
[2023-11-20T19:23:19.343+0000] {processor.py:157} INFO - Started process (PID=328) to work on /home/airflow/.local/lib/python3.8/site-packages/airflow/example_dags/example_setup_teardown_taskflow.py
[2023-11-20T19:23:19.347+0000] {processor.py:829} INFO - Processing file /home/airflow/.local/lib/python3.8/site-packages/airflow/example_dags/example_setup_teardown_taskflow.py for tasks to queue
[2023-11-20T19:23:19.350+0000] {logging_mixin.py:151} INFO - [2023-11-20T19:23:19.349+0000] {dagbag.py:536} INFO - Filling up the DagBag from /home/airflow/.local/lib/python3.8/site-packages/airflow/example_dags/example_setup_teardown_taskflow.py
[2023-11-20T19:23:19.406+0000] {processor.py:839} INFO - DAG(s) dict_keys(['example_setup_teardown_taskflow']) retrieved from /home/airflow/.local/lib/python3.8/site-packages/airflow/example_dags/example_setup_teardown_taskflow.py
[2023-11-20T19:23:19.444+0000] {logging_mixin.py:151} INFO - [2023-11-20T19:23:19.444+0000] {dag.py:2941} INFO - Sync 1 DAGs
[2023-11-20T19:23:19.487+0000] {logging_mixin.py:151} INFO - [2023-11-20T19:23:19.487+0000] {dag.py:3722} INFO - Setting next_dagrun for example_setup_teardown_taskflow to 2023-11-19T19:23:19.486878+00:00, run_after=2023-11-20T19:23:19.486878+00:00
[2023-11-20T19:23:19.689+0000] {processor.py:179} INFO - Processing /home/airflow/.local/lib/python3.8/site-packages/airflow/example_dags/example_setup_teardown_taskflow.py took 0.357 seconds
[2023-11-20T19:23:57.640+0000] {processor.py:157} INFO - Started process (PID=393) to work on /home/airflow/.local/lib/python3.8/site-packages/airflow/example_dags/example_setup_teardown_taskflow.py
[2023-11-20T19:23:57.645+0000] {processor.py:829} INFO - Processing file /home/airflow/.local/lib/python3.8/site-packages/airflow/example_dags/example_setup_teardown_taskflow.py for tasks to queue
[2023-11-20T19:23:57.646+0000] {logging_mixin.py:151} INFO - [2023-11-20T19:23:57.646+0000] {dagbag.py:536} INFO - Filling up the DagBag from /home/airflow/.local/lib/python3.8/site-packages/airflow/example_dags/example_setup_teardown_taskflow.py
[2023-11-20T19:23:57.664+0000] {processor.py:839} INFO - DAG(s) dict_keys(['example_setup_teardown_taskflow']) retrieved from /home/airflow/.local/lib/python3.8/site-packages/airflow/example_dags/example_setup_teardown_taskflow.py
[2023-11-20T19:23:57.709+0000] {logging_mixin.py:151} INFO - [2023-11-20T19:23:57.709+0000] {dag.py:2941} INFO - Sync 1 DAGs
[2023-11-20T19:23:57.765+0000] {logging_mixin.py:151} INFO - [2023-11-20T19:23:57.765+0000] {dag.py:3722} INFO - Setting next_dagrun for example_setup_teardown_taskflow to 2023-11-19T19:23:57.764522+00:00, run_after=2023-11-20T19:23:57.764522+00:00
[2023-11-20T19:23:57.803+0000] {processor.py:179} INFO - Processing /home/airflow/.local/lib/python3.8/site-packages/airflow/example_dags/example_setup_teardown_taskflow.py took 0.168 seconds
[2023-11-20T19:24:28.326+0000] {processor.py:157} INFO - Started process (PID=453) to work on /home/airflow/.local/lib/python3.8/site-packages/airflow/example_dags/example_setup_teardown_taskflow.py
[2023-11-20T19:24:28.328+0000] {processor.py:829} INFO - Processing file /home/airflow/.local/lib/python3.8/site-packages/airflow/example_dags/example_setup_teardown_taskflow.py for tasks to queue
[2023-11-20T19:24:28.329+0000] {logging_mixin.py:151} INFO - [2023-11-20T19:24:28.329+0000] {dagbag.py:536} INFO - Filling up the DagBag from /home/airflow/.local/lib/python3.8/site-packages/airflow/example_dags/example_setup_teardown_taskflow.py
[2023-11-20T19:24:28.342+0000] {processor.py:839} INFO - DAG(s) dict_keys(['example_setup_teardown_taskflow']) retrieved from /home/airflow/.local/lib/python3.8/site-packages/airflow/example_dags/example_setup_teardown_taskflow.py
[2023-11-20T19:24:28.376+0000] {logging_mixin.py:151} INFO - [2023-11-20T19:24:28.375+0000] {dag.py:2941} INFO - Sync 1 DAGs
[2023-11-20T19:24:28.405+0000] {logging_mixin.py:151} INFO - [2023-11-20T19:24:28.404+0000] {dag.py:3722} INFO - Setting next_dagrun for example_setup_teardown_taskflow to 2023-11-19T19:24:28.404477+00:00, run_after=2023-11-20T19:24:28.404477+00:00
[2023-11-20T19:24:28.437+0000] {processor.py:179} INFO - Processing /home/airflow/.local/lib/python3.8/site-packages/airflow/example_dags/example_setup_teardown_taskflow.py took 0.115 seconds
[2023-11-20T19:25:22.480+0000] {processor.py:157} INFO - Started process (PID=521) to work on /home/airflow/.local/lib/python3.8/site-packages/airflow/example_dags/example_setup_teardown_taskflow.py
[2023-11-20T19:25:22.498+0000] {processor.py:829} INFO - Processing file /home/airflow/.local/lib/python3.8/site-packages/airflow/example_dags/example_setup_teardown_taskflow.py for tasks to queue
[2023-11-20T19:25:22.500+0000] {logging_mixin.py:151} INFO - [2023-11-20T19:25:22.499+0000] {dagbag.py:536} INFO - Filling up the DagBag from /home/airflow/.local/lib/python3.8/site-packages/airflow/example_dags/example_setup_teardown_taskflow.py
[2023-11-20T19:25:22.519+0000] {processor.py:839} INFO - DAG(s) dict_keys(['example_setup_teardown_taskflow']) retrieved from /home/airflow/.local/lib/python3.8/site-packages/airflow/example_dags/example_setup_teardown_taskflow.py
[2023-11-20T19:25:22.566+0000] {logging_mixin.py:151} INFO - [2023-11-20T19:25:22.566+0000] {dag.py:2941} INFO - Sync 1 DAGs
[2023-11-20T19:25:22.692+0000] {logging_mixin.py:151} INFO - [2023-11-20T19:25:22.692+0000] {dag.py:3722} INFO - Setting next_dagrun for example_setup_teardown_taskflow to 2023-11-19T19:25:22.691577+00:00, run_after=2023-11-20T19:25:22.691577+00:00
[2023-11-20T19:25:22.744+0000] {processor.py:179} INFO - Processing /home/airflow/.local/lib/python3.8/site-packages/airflow/example_dags/example_setup_teardown_taskflow.py took 0.276 seconds
[2023-11-20T19:25:55.387+0000] {processor.py:157} INFO - Started process (PID=584) to work on /home/airflow/.local/lib/python3.8/site-packages/airflow/example_dags/example_setup_teardown_taskflow.py
[2023-11-20T19:25:55.389+0000] {processor.py:829} INFO - Processing file /home/airflow/.local/lib/python3.8/site-packages/airflow/example_dags/example_setup_teardown_taskflow.py for tasks to queue
[2023-11-20T19:25:55.391+0000] {logging_mixin.py:151} INFO - [2023-11-20T19:25:55.390+0000] {dagbag.py:536} INFO - Filling up the DagBag from /home/airflow/.local/lib/python3.8/site-packages/airflow/example_dags/example_setup_teardown_taskflow.py
[2023-11-20T19:25:55.421+0000] {processor.py:839} INFO - DAG(s) dict_keys(['example_setup_teardown_taskflow']) retrieved from /home/airflow/.local/lib/python3.8/site-packages/airflow/example_dags/example_setup_teardown_taskflow.py
[2023-11-20T19:25:55.465+0000] {logging_mixin.py:151} INFO - [2023-11-20T19:25:55.465+0000] {dag.py:2941} INFO - Sync 1 DAGs
[2023-11-20T19:25:55.501+0000] {logging_mixin.py:151} INFO - [2023-11-20T19:25:55.500+0000] {dag.py:3722} INFO - Setting next_dagrun for example_setup_teardown_taskflow to 2023-11-19T19:25:55.500499+00:00, run_after=2023-11-20T19:25:55.500499+00:00
[2023-11-20T19:25:55.525+0000] {processor.py:179} INFO - Processing /home/airflow/.local/lib/python3.8/site-packages/airflow/example_dags/example_setup_teardown_taskflow.py took 0.143 seconds
[2023-11-20T19:26:28.991+0000] {processor.py:157} INFO - Started process (PID=652) to work on /home/airflow/.local/lib/python3.8/site-packages/airflow/example_dags/example_setup_teardown_taskflow.py
[2023-11-20T19:26:28.998+0000] {processor.py:829} INFO - Processing file /home/airflow/.local/lib/python3.8/site-packages/airflow/example_dags/example_setup_teardown_taskflow.py for tasks to queue
[2023-11-20T19:26:28.999+0000] {logging_mixin.py:151} INFO - [2023-11-20T19:26:28.999+0000] {dagbag.py:536} INFO - Filling up the DagBag from /home/airflow/.local/lib/python3.8/site-packages/airflow/example_dags/example_setup_teardown_taskflow.py
[2023-11-20T19:26:29.012+0000] {processor.py:839} INFO - DAG(s) dict_keys(['example_setup_teardown_taskflow']) retrieved from /home/airflow/.local/lib/python3.8/site-packages/airflow/example_dags/example_setup_teardown_taskflow.py
[2023-11-20T19:26:29.050+0000] {logging_mixin.py:151} INFO - [2023-11-20T19:26:29.049+0000] {dag.py:2941} INFO - Sync 1 DAGs
[2023-11-20T19:26:29.081+0000] {logging_mixin.py:151} INFO - [2023-11-20T19:26:29.081+0000] {dag.py:3722} INFO - Setting next_dagrun for example_setup_teardown_taskflow to 2023-11-19T19:26:29.081102+00:00, run_after=2023-11-20T19:26:29.081102+00:00
[2023-11-20T19:26:29.107+0000] {processor.py:179} INFO - Processing /home/airflow/.local/lib/python3.8/site-packages/airflow/example_dags/example_setup_teardown_taskflow.py took 0.120 seconds
[2023-11-20T19:27:03.219+0000] {processor.py:157} INFO - Started process (PID=712) to work on /home/airflow/.local/lib/python3.8/site-packages/airflow/example_dags/example_setup_teardown_taskflow.py
[2023-11-20T19:27:03.228+0000] {processor.py:829} INFO - Processing file /home/airflow/.local/lib/python3.8/site-packages/airflow/example_dags/example_setup_teardown_taskflow.py for tasks to queue
[2023-11-20T19:27:03.230+0000] {logging_mixin.py:151} INFO - [2023-11-20T19:27:03.229+0000] {dagbag.py:536} INFO - Filling up the DagBag from /home/airflow/.local/lib/python3.8/site-packages/airflow/example_dags/example_setup_teardown_taskflow.py
[2023-11-20T19:27:03.267+0000] {processor.py:839} INFO - DAG(s) dict_keys(['example_setup_teardown_taskflow']) retrieved from /home/airflow/.local/lib/python3.8/site-packages/airflow/example_dags/example_setup_teardown_taskflow.py
[2023-11-20T19:27:03.355+0000] {logging_mixin.py:151} INFO - [2023-11-20T19:27:03.355+0000] {dag.py:2941} INFO - Sync 1 DAGs
[2023-11-20T19:27:03.415+0000] {logging_mixin.py:151} INFO - [2023-11-20T19:27:03.415+0000] {dag.py:3722} INFO - Setting next_dagrun for example_setup_teardown_taskflow to 2023-11-19T19:27:03.414715+00:00, run_after=2023-11-20T19:27:03.414715+00:00
[2023-11-20T19:27:03.473+0000] {processor.py:179} INFO - Processing /home/airflow/.local/lib/python3.8/site-packages/airflow/example_dags/example_setup_teardown_taskflow.py took 0.257 seconds
[2023-11-20T19:27:36.660+0000] {processor.py:157} INFO - Started process (PID=772) to work on /home/airflow/.local/lib/python3.8/site-packages/airflow/example_dags/example_setup_teardown_taskflow.py
[2023-11-20T19:27:36.662+0000] {processor.py:829} INFO - Processing file /home/airflow/.local/lib/python3.8/site-packages/airflow/example_dags/example_setup_teardown_taskflow.py for tasks to queue
[2023-11-20T19:27:36.665+0000] {logging_mixin.py:151} INFO - [2023-11-20T19:27:36.664+0000] {dagbag.py:536} INFO - Filling up the DagBag from /home/airflow/.local/lib/python3.8/site-packages/airflow/example_dags/example_setup_teardown_taskflow.py
[2023-11-20T19:27:36.686+0000] {processor.py:839} INFO - DAG(s) dict_keys(['example_setup_teardown_taskflow']) retrieved from /home/airflow/.local/lib/python3.8/site-packages/airflow/example_dags/example_setup_teardown_taskflow.py
[2023-11-20T19:27:36.738+0000] {logging_mixin.py:151} INFO - [2023-11-20T19:27:36.737+0000] {dag.py:2941} INFO - Sync 1 DAGs
[2023-11-20T19:27:36.789+0000] {logging_mixin.py:151} INFO - [2023-11-20T19:27:36.789+0000] {dag.py:3722} INFO - Setting next_dagrun for example_setup_teardown_taskflow to 2023-11-19T19:27:36.788637+00:00, run_after=2023-11-20T19:27:36.788637+00:00
[2023-11-20T19:27:36.844+0000] {processor.py:179} INFO - Processing /home/airflow/.local/lib/python3.8/site-packages/airflow/example_dags/example_setup_teardown_taskflow.py took 0.193 seconds
[2023-11-20T19:28:09.742+0000] {processor.py:157} INFO - Started process (PID=833) to work on /home/airflow/.local/lib/python3.8/site-packages/airflow/example_dags/example_setup_teardown_taskflow.py
[2023-11-20T19:28:09.745+0000] {processor.py:829} INFO - Processing file /home/airflow/.local/lib/python3.8/site-packages/airflow/example_dags/example_setup_teardown_taskflow.py for tasks to queue
[2023-11-20T19:28:09.747+0000] {logging_mixin.py:151} INFO - [2023-11-20T19:28:09.747+0000] {dagbag.py:536} INFO - Filling up the DagBag from /home/airflow/.local/lib/python3.8/site-packages/airflow/example_dags/example_setup_teardown_taskflow.py
[2023-11-20T19:28:09.782+0000] {processor.py:839} INFO - DAG(s) dict_keys(['example_setup_teardown_taskflow']) retrieved from /home/airflow/.local/lib/python3.8/site-packages/airflow/example_dags/example_setup_teardown_taskflow.py
[2023-11-20T19:28:09.855+0000] {logging_mixin.py:151} INFO - [2023-11-20T19:28:09.855+0000] {dag.py:2941} INFO - Sync 1 DAGs
[2023-11-20T19:28:09.928+0000] {logging_mixin.py:151} INFO - [2023-11-20T19:28:09.928+0000] {dag.py:3722} INFO - Setting next_dagrun for example_setup_teardown_taskflow to 2023-11-19T19:28:09.927433+00:00, run_after=2023-11-20T19:28:09.927433+00:00
[2023-11-20T19:28:09.976+0000] {processor.py:179} INFO - Processing /home/airflow/.local/lib/python3.8/site-packages/airflow/example_dags/example_setup_teardown_taskflow.py took 0.241 seconds
[2023-11-20T19:28:42.152+0000] {processor.py:157} INFO - Started process (PID=893) to work on /home/airflow/.local/lib/python3.8/site-packages/airflow/example_dags/example_setup_teardown_taskflow.py
[2023-11-20T19:28:42.154+0000] {processor.py:829} INFO - Processing file /home/airflow/.local/lib/python3.8/site-packages/airflow/example_dags/example_setup_teardown_taskflow.py for tasks to queue
[2023-11-20T19:28:42.157+0000] {logging_mixin.py:151} INFO - [2023-11-20T19:28:42.156+0000] {dagbag.py:536} INFO - Filling up the DagBag from /home/airflow/.local/lib/python3.8/site-packages/airflow/example_dags/example_setup_teardown_taskflow.py
[2023-11-20T19:28:42.183+0000] {processor.py:839} INFO - DAG(s) dict_keys(['example_setup_teardown_taskflow']) retrieved from /home/airflow/.local/lib/python3.8/site-packages/airflow/example_dags/example_setup_teardown_taskflow.py
[2023-11-20T19:28:42.241+0000] {logging_mixin.py:151} INFO - [2023-11-20T19:28:42.240+0000] {dag.py:2941} INFO - Sync 1 DAGs
[2023-11-20T19:28:42.306+0000] {logging_mixin.py:151} INFO - [2023-11-20T19:28:42.305+0000] {dag.py:3722} INFO - Setting next_dagrun for example_setup_teardown_taskflow to 2023-11-19T19:28:42.305034+00:00, run_after=2023-11-20T19:28:42.305034+00:00
[2023-11-20T19:28:42.356+0000] {processor.py:179} INFO - Processing /home/airflow/.local/lib/python3.8/site-packages/airflow/example_dags/example_setup_teardown_taskflow.py took 0.210 seconds
[2023-11-20T19:29:22.741+0000] {processor.py:157} INFO - Started process (PID=966) to work on /home/airflow/.local/lib/python3.8/site-packages/airflow/example_dags/example_setup_teardown_taskflow.py
[2023-11-20T19:29:22.743+0000] {processor.py:829} INFO - Processing file /home/airflow/.local/lib/python3.8/site-packages/airflow/example_dags/example_setup_teardown_taskflow.py for tasks to queue
[2023-11-20T19:29:22.746+0000] {logging_mixin.py:151} INFO - [2023-11-20T19:29:22.745+0000] {dagbag.py:536} INFO - Filling up the DagBag from /home/airflow/.local/lib/python3.8/site-packages/airflow/example_dags/example_setup_teardown_taskflow.py
[2023-11-20T19:29:22.793+0000] {processor.py:839} INFO - DAG(s) dict_keys(['example_setup_teardown_taskflow']) retrieved from /home/airflow/.local/lib/python3.8/site-packages/airflow/example_dags/example_setup_teardown_taskflow.py
[2023-11-20T19:29:22.878+0000] {logging_mixin.py:151} INFO - [2023-11-20T19:29:22.876+0000] {dag.py:2941} INFO - Sync 1 DAGs
[2023-11-20T19:29:22.965+0000] {logging_mixin.py:151} INFO - [2023-11-20T19:29:22.965+0000] {dag.py:3722} INFO - Setting next_dagrun for example_setup_teardown_taskflow to 2023-11-19T19:29:22.964058+00:00, run_after=2023-11-20T19:29:22.964058+00:00
[2023-11-20T19:29:23.037+0000] {processor.py:179} INFO - Processing /home/airflow/.local/lib/python3.8/site-packages/airflow/example_dags/example_setup_teardown_taskflow.py took 0.305 seconds
[2023-11-20T19:29:54.391+0000] {processor.py:157} INFO - Started process (PID=1027) to work on /home/airflow/.local/lib/python3.8/site-packages/airflow/example_dags/example_setup_teardown_taskflow.py
[2023-11-20T19:29:54.396+0000] {processor.py:829} INFO - Processing file /home/airflow/.local/lib/python3.8/site-packages/airflow/example_dags/example_setup_teardown_taskflow.py for tasks to queue
[2023-11-20T19:29:54.400+0000] {logging_mixin.py:151} INFO - [2023-11-20T19:29:54.399+0000] {dagbag.py:536} INFO - Filling up the DagBag from /home/airflow/.local/lib/python3.8/site-packages/airflow/example_dags/example_setup_teardown_taskflow.py
[2023-11-20T19:29:54.431+0000] {processor.py:839} INFO - DAG(s) dict_keys(['example_setup_teardown_taskflow']) retrieved from /home/airflow/.local/lib/python3.8/site-packages/airflow/example_dags/example_setup_teardown_taskflow.py
[2023-11-20T19:29:54.489+0000] {logging_mixin.py:151} INFO - [2023-11-20T19:29:54.488+0000] {dag.py:2941} INFO - Sync 1 DAGs
[2023-11-20T19:29:54.572+0000] {logging_mixin.py:151} INFO - [2023-11-20T19:29:54.572+0000] {dag.py:3722} INFO - Setting next_dagrun for example_setup_teardown_taskflow to 2023-11-19T19:29:54.571322+00:00, run_after=2023-11-20T19:29:54.571322+00:00
[2023-11-20T19:29:54.651+0000] {processor.py:179} INFO - Processing /home/airflow/.local/lib/python3.8/site-packages/airflow/example_dags/example_setup_teardown_taskflow.py took 0.268 seconds
[2023-11-20T19:30:27.926+0000] {processor.py:157} INFO - Started process (PID=1087) to work on /home/airflow/.local/lib/python3.8/site-packages/airflow/example_dags/example_setup_teardown_taskflow.py
[2023-11-20T19:30:27.929+0000] {processor.py:829} INFO - Processing file /home/airflow/.local/lib/python3.8/site-packages/airflow/example_dags/example_setup_teardown_taskflow.py for tasks to queue
[2023-11-20T19:30:27.931+0000] {logging_mixin.py:151} INFO - [2023-11-20T19:30:27.930+0000] {dagbag.py:536} INFO - Filling up the DagBag from /home/airflow/.local/lib/python3.8/site-packages/airflow/example_dags/example_setup_teardown_taskflow.py
[2023-11-20T19:30:27.975+0000] {processor.py:839} INFO - DAG(s) dict_keys(['example_setup_teardown_taskflow']) retrieved from /home/airflow/.local/lib/python3.8/site-packages/airflow/example_dags/example_setup_teardown_taskflow.py
[2023-11-20T19:30:28.077+0000] {logging_mixin.py:151} INFO - [2023-11-20T19:30:28.076+0000] {dag.py:2941} INFO - Sync 1 DAGs
[2023-11-20T19:30:28.147+0000] {logging_mixin.py:151} INFO - [2023-11-20T19:30:28.146+0000] {dag.py:3722} INFO - Setting next_dagrun for example_setup_teardown_taskflow to 2023-11-19T19:30:28.144098+00:00, run_after=2023-11-20T19:30:28.144098+00:00
[2023-11-20T19:30:28.202+0000] {processor.py:179} INFO - Processing /home/airflow/.local/lib/python3.8/site-packages/airflow/example_dags/example_setup_teardown_taskflow.py took 0.288 seconds
[2023-11-20T19:31:10.284+0000] {processor.py:157} INFO - Started process (PID=1147) to work on /home/airflow/.local/lib/python3.8/site-packages/airflow/example_dags/example_setup_teardown_taskflow.py
[2023-11-20T19:31:10.291+0000] {processor.py:829} INFO - Processing file /home/airflow/.local/lib/python3.8/site-packages/airflow/example_dags/example_setup_teardown_taskflow.py for tasks to queue
[2023-11-20T19:31:10.293+0000] {logging_mixin.py:151} INFO - [2023-11-20T19:31:10.292+0000] {dagbag.py:536} INFO - Filling up the DagBag from /home/airflow/.local/lib/python3.8/site-packages/airflow/example_dags/example_setup_teardown_taskflow.py
[2023-11-20T19:31:10.328+0000] {processor.py:839} INFO - DAG(s) dict_keys(['example_setup_teardown_taskflow']) retrieved from /home/airflow/.local/lib/python3.8/site-packages/airflow/example_dags/example_setup_teardown_taskflow.py
[2023-11-20T19:31:10.487+0000] {logging_mixin.py:151} INFO - [2023-11-20T19:31:10.486+0000] {dag.py:2941} INFO - Sync 1 DAGs
[2023-11-20T19:31:10.707+0000] {logging_mixin.py:151} INFO - [2023-11-20T19:31:10.706+0000] {dag.py:3722} INFO - Setting next_dagrun for example_setup_teardown_taskflow to 2023-11-19T19:31:10.705680+00:00, run_after=2023-11-20T19:31:10.705680+00:00
[2023-11-20T19:31:10.818+0000] {processor.py:179} INFO - Processing /home/airflow/.local/lib/python3.8/site-packages/airflow/example_dags/example_setup_teardown_taskflow.py took 0.552 seconds
[2023-11-20T19:31:43.190+0000] {processor.py:157} INFO - Started process (PID=1207) to work on /home/airflow/.local/lib/python3.8/site-packages/airflow/example_dags/example_setup_teardown_taskflow.py
[2023-11-20T19:31:43.198+0000] {processor.py:829} INFO - Processing file /home/airflow/.local/lib/python3.8/site-packages/airflow/example_dags/example_setup_teardown_taskflow.py for tasks to queue
[2023-11-20T19:31:43.202+0000] {logging_mixin.py:151} INFO - [2023-11-20T19:31:43.201+0000] {dagbag.py:536} INFO - Filling up the DagBag from /home/airflow/.local/lib/python3.8/site-packages/airflow/example_dags/example_setup_teardown_taskflow.py
[2023-11-20T19:31:43.245+0000] {processor.py:839} INFO - DAG(s) dict_keys(['example_setup_teardown_taskflow']) retrieved from /home/airflow/.local/lib/python3.8/site-packages/airflow/example_dags/example_setup_teardown_taskflow.py
[2023-11-20T19:31:43.347+0000] {logging_mixin.py:151} INFO - [2023-11-20T19:31:43.346+0000] {dag.py:2941} INFO - Sync 1 DAGs
[2023-11-20T19:31:43.444+0000] {logging_mixin.py:151} INFO - [2023-11-20T19:31:43.444+0000] {dag.py:3722} INFO - Setting next_dagrun for example_setup_teardown_taskflow to 2023-11-19T19:31:43.444119+00:00, run_after=2023-11-20T19:31:43.444119+00:00
[2023-11-20T19:31:43.517+0000] {processor.py:179} INFO - Processing /home/airflow/.local/lib/python3.8/site-packages/airflow/example_dags/example_setup_teardown_taskflow.py took 0.344 seconds
[2023-11-20T19:33:26.647+0000] {processor.py:157} INFO - Started process (PID=1286) to work on /home/airflow/.local/lib/python3.8/site-packages/airflow/example_dags/example_setup_teardown_taskflow.py
[2023-11-20T19:33:26.651+0000] {processor.py:829} INFO - Processing file /home/airflow/.local/lib/python3.8/site-packages/airflow/example_dags/example_setup_teardown_taskflow.py for tasks to queue
[2023-11-20T19:33:26.654+0000] {logging_mixin.py:151} INFO - [2023-11-20T19:33:26.653+0000] {dagbag.py:536} INFO - Filling up the DagBag from /home/airflow/.local/lib/python3.8/site-packages/airflow/example_dags/example_setup_teardown_taskflow.py
[2023-11-20T19:33:26.739+0000] {processor.py:839} INFO - DAG(s) dict_keys(['example_setup_teardown_taskflow']) retrieved from /home/airflow/.local/lib/python3.8/site-packages/airflow/example_dags/example_setup_teardown_taskflow.py
[2023-11-20T19:33:27.012+0000] {logging_mixin.py:151} INFO - [2023-11-20T19:33:27.011+0000] {dag.py:2941} INFO - Sync 1 DAGs
[2023-11-20T19:33:27.978+0000] {logging_mixin.py:151} INFO - [2023-11-20T19:33:27.953+0000] {dag.py:3722} INFO - Setting next_dagrun for example_setup_teardown_taskflow to 2023-11-19T19:33:27.911198+00:00, run_after=2023-11-20T19:33:27.911198+00:00
[2023-11-20T19:33:28.318+0000] {processor.py:179} INFO - Processing /home/airflow/.local/lib/python3.8/site-packages/airflow/example_dags/example_setup_teardown_taskflow.py took 1.682 seconds
[2023-11-20T19:34:00.731+0000] {processor.py:157} INFO - Started process (PID=1343) to work on /home/airflow/.local/lib/python3.8/site-packages/airflow/example_dags/example_setup_teardown_taskflow.py
[2023-11-20T19:34:00.796+0000] {processor.py:829} INFO - Processing file /home/airflow/.local/lib/python3.8/site-packages/airflow/example_dags/example_setup_teardown_taskflow.py for tasks to queue
[2023-11-20T19:34:00.815+0000] {logging_mixin.py:151} INFO - [2023-11-20T19:34:00.811+0000] {dagbag.py:536} INFO - Filling up the DagBag from /home/airflow/.local/lib/python3.8/site-packages/airflow/example_dags/example_setup_teardown_taskflow.py
[2023-11-20T19:34:00.949+0000] {processor.py:839} INFO - DAG(s) dict_keys(['example_setup_teardown_taskflow']) retrieved from /home/airflow/.local/lib/python3.8/site-packages/airflow/example_dags/example_setup_teardown_taskflow.py
[2023-11-20T19:34:01.127+0000] {logging_mixin.py:151} INFO - [2023-11-20T19:34:01.126+0000] {dag.py:2941} INFO - Sync 1 DAGs
[2023-11-20T19:34:01.268+0000] {logging_mixin.py:151} INFO - [2023-11-20T19:34:01.267+0000] {dag.py:3722} INFO - Setting next_dagrun for example_setup_teardown_taskflow to 2023-11-19T19:34:01.263491+00:00, run_after=2023-11-20T19:34:01.263491+00:00
[2023-11-20T19:34:01.410+0000] {processor.py:179} INFO - Processing /home/airflow/.local/lib/python3.8/site-packages/airflow/example_dags/example_setup_teardown_taskflow.py took 0.730 seconds
[2023-11-20T19:34:32.713+0000] {processor.py:157} INFO - Started process (PID=1403) to work on /home/airflow/.local/lib/python3.8/site-packages/airflow/example_dags/example_setup_teardown_taskflow.py
[2023-11-20T19:34:32.725+0000] {processor.py:829} INFO - Processing file /home/airflow/.local/lib/python3.8/site-packages/airflow/example_dags/example_setup_teardown_taskflow.py for tasks to queue
[2023-11-20T19:34:32.732+0000] {logging_mixin.py:151} INFO - [2023-11-20T19:34:32.729+0000] {dagbag.py:536} INFO - Filling up the DagBag from /home/airflow/.local/lib/python3.8/site-packages/airflow/example_dags/example_setup_teardown_taskflow.py
[2023-11-20T19:34:33.061+0000] {processor.py:839} INFO - DAG(s) dict_keys(['example_setup_teardown_taskflow']) retrieved from /home/airflow/.local/lib/python3.8/site-packages/airflow/example_dags/example_setup_teardown_taskflow.py
[2023-11-20T19:34:34.679+0000] {logging_mixin.py:151} INFO - [2023-11-20T19:34:34.676+0000] {dag.py:2941} INFO - Sync 1 DAGs
[2023-11-20T19:34:35.125+0000] {logging_mixin.py:151} INFO - [2023-11-20T19:34:35.121+0000] {dag.py:3722} INFO - Setting next_dagrun for example_setup_teardown_taskflow to 2023-11-19T19:34:35.109620+00:00, run_after=2023-11-20T19:34:35.109620+00:00
[2023-11-20T19:34:35.474+0000] {processor.py:179} INFO - Processing /home/airflow/.local/lib/python3.8/site-packages/airflow/example_dags/example_setup_teardown_taskflow.py took 2.829 seconds
[2023-11-20T19:35:06.499+0000] {processor.py:157} INFO - Started process (PID=1463) to work on /home/airflow/.local/lib/python3.8/site-packages/airflow/example_dags/example_setup_teardown_taskflow.py
[2023-11-20T19:35:06.504+0000] {processor.py:829} INFO - Processing file /home/airflow/.local/lib/python3.8/site-packages/airflow/example_dags/example_setup_teardown_taskflow.py for tasks to queue
[2023-11-20T19:35:06.510+0000] {logging_mixin.py:151} INFO - [2023-11-20T19:35:06.507+0000] {dagbag.py:536} INFO - Filling up the DagBag from /home/airflow/.local/lib/python3.8/site-packages/airflow/example_dags/example_setup_teardown_taskflow.py
[2023-11-20T19:35:06.570+0000] {processor.py:839} INFO - DAG(s) dict_keys(['example_setup_teardown_taskflow']) retrieved from /home/airflow/.local/lib/python3.8/site-packages/airflow/example_dags/example_setup_teardown_taskflow.py
[2023-11-20T19:35:06.654+0000] {logging_mixin.py:151} INFO - [2023-11-20T19:35:06.653+0000] {dag.py:2941} INFO - Sync 1 DAGs
[2023-11-20T19:35:06.722+0000] {logging_mixin.py:151} INFO - [2023-11-20T19:35:06.721+0000] {dag.py:3722} INFO - Setting next_dagrun for example_setup_teardown_taskflow to 2023-11-19T19:35:06.720818+00:00, run_after=2023-11-20T19:35:06.720818+00:00
[2023-11-20T19:35:06.776+0000] {processor.py:179} INFO - Processing /home/airflow/.local/lib/python3.8/site-packages/airflow/example_dags/example_setup_teardown_taskflow.py took 0.293 seconds
[2023-11-20T19:35:41.243+0000] {processor.py:157} INFO - Started process (PID=1530) to work on /home/airflow/.local/lib/python3.8/site-packages/airflow/example_dags/example_setup_teardown_taskflow.py
[2023-11-20T19:35:41.253+0000] {processor.py:829} INFO - Processing file /home/airflow/.local/lib/python3.8/site-packages/airflow/example_dags/example_setup_teardown_taskflow.py for tasks to queue
[2023-11-20T19:35:41.257+0000] {logging_mixin.py:151} INFO - [2023-11-20T19:35:41.256+0000] {dagbag.py:536} INFO - Filling up the DagBag from /home/airflow/.local/lib/python3.8/site-packages/airflow/example_dags/example_setup_teardown_taskflow.py
[2023-11-20T19:35:41.325+0000] {processor.py:839} INFO - DAG(s) dict_keys(['example_setup_teardown_taskflow']) retrieved from /home/airflow/.local/lib/python3.8/site-packages/airflow/example_dags/example_setup_teardown_taskflow.py
[2023-11-20T19:35:41.415+0000] {logging_mixin.py:151} INFO - [2023-11-20T19:35:41.414+0000] {dag.py:2941} INFO - Sync 1 DAGs
[2023-11-20T19:35:41.537+0000] {logging_mixin.py:151} INFO - [2023-11-20T19:35:41.537+0000] {dag.py:3722} INFO - Setting next_dagrun for example_setup_teardown_taskflow to 2023-11-19T19:35:41.532706+00:00, run_after=2023-11-20T19:35:41.532706+00:00
[2023-11-20T19:35:41.640+0000] {processor.py:179} INFO - Processing /home/airflow/.local/lib/python3.8/site-packages/airflow/example_dags/example_setup_teardown_taskflow.py took 0.413 seconds
[2023-11-20T19:36:12.180+0000] {processor.py:157} INFO - Started process (PID=1585) to work on /home/airflow/.local/lib/python3.8/site-packages/airflow/example_dags/example_setup_teardown_taskflow.py
[2023-11-20T19:36:12.182+0000] {processor.py:829} INFO - Processing file /home/airflow/.local/lib/python3.8/site-packages/airflow/example_dags/example_setup_teardown_taskflow.py for tasks to queue
[2023-11-20T19:36:12.183+0000] {logging_mixin.py:151} INFO - [2023-11-20T19:36:12.183+0000] {dagbag.py:536} INFO - Filling up the DagBag from /home/airflow/.local/lib/python3.8/site-packages/airflow/example_dags/example_setup_teardown_taskflow.py
[2023-11-20T19:36:12.198+0000] {processor.py:839} INFO - DAG(s) dict_keys(['example_setup_teardown_taskflow']) retrieved from /home/airflow/.local/lib/python3.8/site-packages/airflow/example_dags/example_setup_teardown_taskflow.py
[2023-11-20T19:36:12.234+0000] {logging_mixin.py:151} INFO - [2023-11-20T19:36:12.233+0000] {dag.py:2941} INFO - Sync 1 DAGs
[2023-11-20T19:36:12.266+0000] {logging_mixin.py:151} INFO - [2023-11-20T19:36:12.266+0000] {dag.py:3722} INFO - Setting next_dagrun for example_setup_teardown_taskflow to 2023-11-19T19:36:12.265882+00:00, run_after=2023-11-20T19:36:12.265882+00:00
[2023-11-20T19:36:12.293+0000] {processor.py:179} INFO - Processing /home/airflow/.local/lib/python3.8/site-packages/airflow/example_dags/example_setup_teardown_taskflow.py took 0.118 seconds
[2023-11-20T19:36:43.360+0000] {processor.py:157} INFO - Started process (PID=1636) to work on /home/airflow/.local/lib/python3.8/site-packages/airflow/example_dags/example_setup_teardown_taskflow.py
[2023-11-20T19:36:43.361+0000] {processor.py:829} INFO - Processing file /home/airflow/.local/lib/python3.8/site-packages/airflow/example_dags/example_setup_teardown_taskflow.py for tasks to queue
[2023-11-20T19:36:43.363+0000] {logging_mixin.py:151} INFO - [2023-11-20T19:36:43.362+0000] {dagbag.py:536} INFO - Filling up the DagBag from /home/airflow/.local/lib/python3.8/site-packages/airflow/example_dags/example_setup_teardown_taskflow.py
[2023-11-20T19:36:43.380+0000] {processor.py:839} INFO - DAG(s) dict_keys(['example_setup_teardown_taskflow']) retrieved from /home/airflow/.local/lib/python3.8/site-packages/airflow/example_dags/example_setup_teardown_taskflow.py
[2023-11-20T19:36:43.448+0000] {logging_mixin.py:151} INFO - [2023-11-20T19:36:43.448+0000] {dag.py:2941} INFO - Sync 1 DAGs
[2023-11-20T19:36:43.502+0000] {logging_mixin.py:151} INFO - [2023-11-20T19:36:43.502+0000] {dag.py:3722} INFO - Setting next_dagrun for example_setup_teardown_taskflow to 2023-11-19T19:36:43.502052+00:00, run_after=2023-11-20T19:36:43.502052+00:00
[2023-11-20T19:36:43.549+0000] {processor.py:179} INFO - Processing /home/airflow/.local/lib/python3.8/site-packages/airflow/example_dags/example_setup_teardown_taskflow.py took 0.194 seconds
[2023-11-20T19:37:30.006+0000] {processor.py:157} INFO - Started process (PID=1694) to work on /home/airflow/.local/lib/python3.8/site-packages/airflow/example_dags/example_setup_teardown_taskflow.py
[2023-11-20T19:37:30.014+0000] {processor.py:829} INFO - Processing file /home/airflow/.local/lib/python3.8/site-packages/airflow/example_dags/example_setup_teardown_taskflow.py for tasks to queue
[2023-11-20T19:37:30.018+0000] {logging_mixin.py:151} INFO - [2023-11-20T19:37:30.016+0000] {dagbag.py:536} INFO - Filling up the DagBag from /home/airflow/.local/lib/python3.8/site-packages/airflow/example_dags/example_setup_teardown_taskflow.py
[2023-11-20T19:37:30.067+0000] {processor.py:839} INFO - DAG(s) dict_keys(['example_setup_teardown_taskflow']) retrieved from /home/airflow/.local/lib/python3.8/site-packages/airflow/example_dags/example_setup_teardown_taskflow.py
[2023-11-20T19:37:30.131+0000] {logging_mixin.py:151} INFO - [2023-11-20T19:37:30.131+0000] {dag.py:2941} INFO - Sync 1 DAGs
[2023-11-20T19:37:30.190+0000] {logging_mixin.py:151} INFO - [2023-11-20T19:37:30.189+0000] {dag.py:3722} INFO - Setting next_dagrun for example_setup_teardown_taskflow to 2023-11-19T19:37:30.189285+00:00, run_after=2023-11-20T19:37:30.189285+00:00
[2023-11-20T19:37:30.232+0000] {processor.py:179} INFO - Processing /home/airflow/.local/lib/python3.8/site-packages/airflow/example_dags/example_setup_teardown_taskflow.py took 0.248 seconds
[2023-11-20T19:38:13.034+0000] {processor.py:157} INFO - Started process (PID=1754) to work on /home/airflow/.local/lib/python3.8/site-packages/airflow/example_dags/example_setup_teardown_taskflow.py
[2023-11-20T19:38:13.040+0000] {processor.py:829} INFO - Processing file /home/airflow/.local/lib/python3.8/site-packages/airflow/example_dags/example_setup_teardown_taskflow.py for tasks to queue
[2023-11-20T19:38:13.045+0000] {logging_mixin.py:151} INFO - [2023-11-20T19:38:13.044+0000] {dagbag.py:536} INFO - Filling up the DagBag from /home/airflow/.local/lib/python3.8/site-packages/airflow/example_dags/example_setup_teardown_taskflow.py
[2023-11-20T19:38:13.094+0000] {processor.py:839} INFO - DAG(s) dict_keys(['example_setup_teardown_taskflow']) retrieved from /home/airflow/.local/lib/python3.8/site-packages/airflow/example_dags/example_setup_teardown_taskflow.py
[2023-11-20T19:38:13.177+0000] {logging_mixin.py:151} INFO - [2023-11-20T19:38:13.177+0000] {dag.py:2941} INFO - Sync 1 DAGs
[2023-11-20T19:38:13.268+0000] {logging_mixin.py:151} INFO - [2023-11-20T19:38:13.267+0000] {dag.py:3722} INFO - Setting next_dagrun for example_setup_teardown_taskflow to 2023-11-19T19:38:13.266646+00:00, run_after=2023-11-20T19:38:13.266646+00:00
[2023-11-20T19:38:13.353+0000] {processor.py:179} INFO - Processing /home/airflow/.local/lib/python3.8/site-packages/airflow/example_dags/example_setup_teardown_taskflow.py took 0.331 seconds
[2023-11-20T19:38:43.980+0000] {processor.py:157} INFO - Started process (PID=1814) to work on /home/airflow/.local/lib/python3.8/site-packages/airflow/example_dags/example_setup_teardown_taskflow.py
[2023-11-20T19:38:43.982+0000] {processor.py:829} INFO - Processing file /home/airflow/.local/lib/python3.8/site-packages/airflow/example_dags/example_setup_teardown_taskflow.py for tasks to queue
[2023-11-20T19:38:43.985+0000] {logging_mixin.py:151} INFO - [2023-11-20T19:38:43.984+0000] {dagbag.py:536} INFO - Filling up the DagBag from /home/airflow/.local/lib/python3.8/site-packages/airflow/example_dags/example_setup_teardown_taskflow.py
[2023-11-20T19:38:44.014+0000] {processor.py:839} INFO - DAG(s) dict_keys(['example_setup_teardown_taskflow']) retrieved from /home/airflow/.local/lib/python3.8/site-packages/airflow/example_dags/example_setup_teardown_taskflow.py
[2023-11-20T19:38:44.084+0000] {logging_mixin.py:151} INFO - [2023-11-20T19:38:44.083+0000] {dag.py:2941} INFO - Sync 1 DAGs
[2023-11-20T19:38:44.139+0000] {logging_mixin.py:151} INFO - [2023-11-20T19:38:44.139+0000] {dag.py:3722} INFO - Setting next_dagrun for example_setup_teardown_taskflow to 2023-11-19T19:38:44.138552+00:00, run_after=2023-11-20T19:38:44.138552+00:00
[2023-11-20T19:38:44.183+0000] {processor.py:179} INFO - Processing /home/airflow/.local/lib/python3.8/site-packages/airflow/example_dags/example_setup_teardown_taskflow.py took 0.211 seconds
[2023-11-20T19:39:22.511+0000] {processor.py:157} INFO - Started process (PID=1881) to work on /home/airflow/.local/lib/python3.8/site-packages/airflow/example_dags/example_setup_teardown_taskflow.py
[2023-11-20T19:39:22.514+0000] {processor.py:829} INFO - Processing file /home/airflow/.local/lib/python3.8/site-packages/airflow/example_dags/example_setup_teardown_taskflow.py for tasks to queue
[2023-11-20T19:39:22.517+0000] {logging_mixin.py:151} INFO - [2023-11-20T19:39:22.516+0000] {dagbag.py:536} INFO - Filling up the DagBag from /home/airflow/.local/lib/python3.8/site-packages/airflow/example_dags/example_setup_teardown_taskflow.py
[2023-11-20T19:39:22.549+0000] {processor.py:839} INFO - DAG(s) dict_keys(['example_setup_teardown_taskflow']) retrieved from /home/airflow/.local/lib/python3.8/site-packages/airflow/example_dags/example_setup_teardown_taskflow.py
[2023-11-20T19:39:22.623+0000] {logging_mixin.py:151} INFO - [2023-11-20T19:39:22.623+0000] {dag.py:2941} INFO - Sync 1 DAGs
[2023-11-20T19:39:22.700+0000] {logging_mixin.py:151} INFO - [2023-11-20T19:39:22.700+0000] {dag.py:3722} INFO - Setting next_dagrun for example_setup_teardown_taskflow to 2023-11-19T19:39:22.699293+00:00, run_after=2023-11-20T19:39:22.699293+00:00
[2023-11-20T19:39:22.759+0000] {processor.py:179} INFO - Processing /home/airflow/.local/lib/python3.8/site-packages/airflow/example_dags/example_setup_teardown_taskflow.py took 0.261 seconds
[2023-11-20T19:40:01.833+0000] {processor.py:157} INFO - Started process (PID=1943) to work on /home/airflow/.local/lib/python3.8/site-packages/airflow/example_dags/example_setup_teardown_taskflow.py
[2023-11-20T19:40:01.839+0000] {processor.py:829} INFO - Processing file /home/airflow/.local/lib/python3.8/site-packages/airflow/example_dags/example_setup_teardown_taskflow.py for tasks to queue
[2023-11-20T19:40:01.842+0000] {logging_mixin.py:151} INFO - [2023-11-20T19:40:01.841+0000] {dagbag.py:536} INFO - Filling up the DagBag from /home/airflow/.local/lib/python3.8/site-packages/airflow/example_dags/example_setup_teardown_taskflow.py
[2023-11-20T19:40:01.884+0000] {processor.py:839} INFO - DAG(s) dict_keys(['example_setup_teardown_taskflow']) retrieved from /home/airflow/.local/lib/python3.8/site-packages/airflow/example_dags/example_setup_teardown_taskflow.py
[2023-11-20T19:40:01.960+0000] {logging_mixin.py:151} INFO - [2023-11-20T19:40:01.959+0000] {dag.py:2941} INFO - Sync 1 DAGs
[2023-11-20T19:40:02.058+0000] {logging_mixin.py:151} INFO - [2023-11-20T19:40:02.057+0000] {dag.py:3722} INFO - Setting next_dagrun for example_setup_teardown_taskflow to 2023-11-19T19:40:02.050336+00:00, run_after=2023-11-20T19:40:02.050336+00:00
[2023-11-20T19:40:02.137+0000] {processor.py:179} INFO - Processing /home/airflow/.local/lib/python3.8/site-packages/airflow/example_dags/example_setup_teardown_taskflow.py took 0.310 seconds
[2023-11-20T19:40:35.171+0000] {processor.py:157} INFO - Started process (PID=2002) to work on /home/airflow/.local/lib/python3.8/site-packages/airflow/example_dags/example_setup_teardown_taskflow.py
[2023-11-20T19:40:35.174+0000] {processor.py:829} INFO - Processing file /home/airflow/.local/lib/python3.8/site-packages/airflow/example_dags/example_setup_teardown_taskflow.py for tasks to queue
[2023-11-20T19:40:35.177+0000] {logging_mixin.py:151} INFO - [2023-11-20T19:40:35.177+0000] {dagbag.py:536} INFO - Filling up the DagBag from /home/airflow/.local/lib/python3.8/site-packages/airflow/example_dags/example_setup_teardown_taskflow.py
[2023-11-20T19:40:35.221+0000] {processor.py:839} INFO - DAG(s) dict_keys(['example_setup_teardown_taskflow']) retrieved from /home/airflow/.local/lib/python3.8/site-packages/airflow/example_dags/example_setup_teardown_taskflow.py
[2023-11-20T19:40:35.332+0000] {logging_mixin.py:151} INFO - [2023-11-20T19:40:35.331+0000] {dag.py:2941} INFO - Sync 1 DAGs
[2023-11-20T19:40:35.422+0000] {logging_mixin.py:151} INFO - [2023-11-20T19:40:35.422+0000] {dag.py:3722} INFO - Setting next_dagrun for example_setup_teardown_taskflow to 2023-11-19T19:40:35.420373+00:00, run_after=2023-11-20T19:40:35.420373+00:00
[2023-11-20T19:40:35.517+0000] {processor.py:179} INFO - Processing /home/airflow/.local/lib/python3.8/site-packages/airflow/example_dags/example_setup_teardown_taskflow.py took 0.356 seconds
