[2023-11-20T19:20:19.991+0000] {processor.py:157} INFO - Started process (PID=153) to work on /home/airflow/.local/lib/python3.8/site-packages/airflow/example_dags/example_datasets.py
[2023-11-20T19:20:20.006+0000] {processor.py:829} INFO - Processing file /home/airflow/.local/lib/python3.8/site-packages/airflow/example_dags/example_datasets.py for tasks to queue
[2023-11-20T19:20:20.008+0000] {logging_mixin.py:151} INFO - [2023-11-20T19:20:20.007+0000] {dagbag.py:536} INFO - Filling up the DagBag from /home/airflow/.local/lib/python3.8/site-packages/airflow/example_dags/example_datasets.py
[2023-11-20T19:20:20.093+0000] {processor.py:839} INFO - DAG(s) dict_keys(['dataset_produces_1', 'dataset_produces_2', 'dataset_consumes_unknown_never_scheduled', 'dataset_consumes_1', 'dataset_consumes_1_and_2', 'dataset_consumes_1_never_scheduled']) retrieved from /home/airflow/.local/lib/python3.8/site-packages/airflow/example_dags/example_datasets.py
[2023-11-20T19:20:20.238+0000] {logging_mixin.py:151} INFO - [2023-11-20T19:20:20.237+0000] {dag.py:2941} INFO - Sync 6 DAGs
[2023-11-20T19:20:20.325+0000] {logging_mixin.py:151} INFO - [2023-11-20T19:20:20.325+0000] {dag.py:3722} INFO - Setting next_dagrun for dataset_consumes_1 to None, run_after=None
[2023-11-20T19:20:20.334+0000] {logging_mixin.py:151} INFO - [2023-11-20T19:20:20.334+0000] {dag.py:3722} INFO - Setting next_dagrun for dataset_consumes_1_and_2 to None, run_after=None
[2023-11-20T19:20:20.337+0000] {logging_mixin.py:151} INFO - [2023-11-20T19:20:20.337+0000] {dag.py:3722} INFO - Setting next_dagrun for dataset_consumes_1_never_scheduled to None, run_after=None
[2023-11-20T19:20:20.340+0000] {logging_mixin.py:151} INFO - [2023-11-20T19:20:20.340+0000] {dag.py:3722} INFO - Setting next_dagrun for dataset_consumes_unknown_never_scheduled to None, run_after=None
[2023-11-20T19:20:20.348+0000] {logging_mixin.py:151} INFO - [2023-11-20T19:20:20.347+0000] {dag.py:3722} INFO - Setting next_dagrun for dataset_produces_1 to 2023-11-19T00:00:00+00:00, run_after=2023-11-20T00:00:00+00:00
[2023-11-20T19:20:20.354+0000] {logging_mixin.py:151} INFO - [2023-11-20T19:20:20.353+0000] {dag.py:3722} INFO - Setting next_dagrun for dataset_produces_2 to None, run_after=None
[2023-11-20T19:20:20.601+0000] {processor.py:179} INFO - Processing /home/airflow/.local/lib/python3.8/site-packages/airflow/example_dags/example_datasets.py took 0.641 seconds
[2023-11-20T19:21:53.837+0000] {processor.py:157} INFO - Started process (PID=220) to work on /home/airflow/.local/lib/python3.8/site-packages/airflow/example_dags/example_datasets.py
[2023-11-20T19:21:53.840+0000] {processor.py:829} INFO - Processing file /home/airflow/.local/lib/python3.8/site-packages/airflow/example_dags/example_datasets.py for tasks to queue
[2023-11-20T19:21:53.842+0000] {logging_mixin.py:151} INFO - [2023-11-20T19:21:53.842+0000] {dagbag.py:536} INFO - Filling up the DagBag from /home/airflow/.local/lib/python3.8/site-packages/airflow/example_dags/example_datasets.py
[2023-11-20T19:21:53.883+0000] {processor.py:839} INFO - DAG(s) dict_keys(['dataset_consumes_1', 'dataset_consumes_1_and_2', 'dataset_produces_2', 'dataset_consumes_1_never_scheduled', 'dataset_produces_1', 'dataset_consumes_unknown_never_scheduled']) retrieved from /home/airflow/.local/lib/python3.8/site-packages/airflow/example_dags/example_datasets.py
[2023-11-20T19:21:54.209+0000] {logging_mixin.py:151} INFO - [2023-11-20T19:21:54.207+0000] {dag.py:2941} INFO - Sync 6 DAGs
[2023-11-20T19:21:54.295+0000] {logging_mixin.py:151} INFO - [2023-11-20T19:21:54.294+0000] {dag.py:3722} INFO - Setting next_dagrun for dataset_consumes_1 to None, run_after=None
[2023-11-20T19:21:54.310+0000] {logging_mixin.py:151} INFO - [2023-11-20T19:21:54.310+0000] {dag.py:3722} INFO - Setting next_dagrun for dataset_consumes_1_and_2 to None, run_after=None
[2023-11-20T19:21:54.318+0000] {logging_mixin.py:151} INFO - [2023-11-20T19:21:54.317+0000] {dag.py:3722} INFO - Setting next_dagrun for dataset_consumes_1_never_scheduled to None, run_after=None
[2023-11-20T19:21:54.324+0000] {logging_mixin.py:151} INFO - [2023-11-20T19:21:54.323+0000] {dag.py:3722} INFO - Setting next_dagrun for dataset_consumes_unknown_never_scheduled to None, run_after=None
[2023-11-20T19:21:54.341+0000] {logging_mixin.py:151} INFO - [2023-11-20T19:21:54.340+0000] {dag.py:3722} INFO - Setting next_dagrun for dataset_produces_1 to 2023-11-19T00:00:00+00:00, run_after=2023-11-20T00:00:00+00:00
[2023-11-20T19:21:54.359+0000] {logging_mixin.py:151} INFO - [2023-11-20T19:21:54.359+0000] {dag.py:3722} INFO - Setting next_dagrun for dataset_produces_2 to None, run_after=None
[2023-11-20T19:21:54.508+0000] {processor.py:179} INFO - Processing /home/airflow/.local/lib/python3.8/site-packages/airflow/example_dags/example_datasets.py took 0.678 seconds
[2023-11-20T19:22:44.266+0000] {processor.py:157} INFO - Started process (PID=287) to work on /home/airflow/.local/lib/python3.8/site-packages/airflow/example_dags/example_datasets.py
[2023-11-20T19:22:44.269+0000] {processor.py:829} INFO - Processing file /home/airflow/.local/lib/python3.8/site-packages/airflow/example_dags/example_datasets.py for tasks to queue
[2023-11-20T19:22:44.271+0000] {logging_mixin.py:151} INFO - [2023-11-20T19:22:44.271+0000] {dagbag.py:536} INFO - Filling up the DagBag from /home/airflow/.local/lib/python3.8/site-packages/airflow/example_dags/example_datasets.py
[2023-11-20T19:22:44.292+0000] {processor.py:839} INFO - DAG(s) dict_keys(['dataset_produces_2', 'dataset_consumes_1_and_2', 'dataset_consumes_1_never_scheduled', 'dataset_consumes_1', 'dataset_produces_1', 'dataset_consumes_unknown_never_scheduled']) retrieved from /home/airflow/.local/lib/python3.8/site-packages/airflow/example_dags/example_datasets.py
[2023-11-20T19:22:44.374+0000] {logging_mixin.py:151} INFO - [2023-11-20T19:22:44.374+0000] {dag.py:2941} INFO - Sync 6 DAGs
[2023-11-20T19:22:44.408+0000] {logging_mixin.py:151} INFO - [2023-11-20T19:22:44.408+0000] {dag.py:3722} INFO - Setting next_dagrun for dataset_consumes_1 to None, run_after=None
[2023-11-20T19:22:44.413+0000] {logging_mixin.py:151} INFO - [2023-11-20T19:22:44.412+0000] {dag.py:3722} INFO - Setting next_dagrun for dataset_consumes_1_and_2 to None, run_after=None
[2023-11-20T19:22:44.415+0000] {logging_mixin.py:151} INFO - [2023-11-20T19:22:44.415+0000] {dag.py:3722} INFO - Setting next_dagrun for dataset_consumes_1_never_scheduled to None, run_after=None
[2023-11-20T19:22:44.417+0000] {logging_mixin.py:151} INFO - [2023-11-20T19:22:44.416+0000] {dag.py:3722} INFO - Setting next_dagrun for dataset_consumes_unknown_never_scheduled to None, run_after=None
[2023-11-20T19:22:44.424+0000] {logging_mixin.py:151} INFO - [2023-11-20T19:22:44.424+0000] {dag.py:3722} INFO - Setting next_dagrun for dataset_produces_1 to 2023-11-19T00:00:00+00:00, run_after=2023-11-20T00:00:00+00:00
[2023-11-20T19:22:44.427+0000] {logging_mixin.py:151} INFO - [2023-11-20T19:22:44.426+0000] {dag.py:3722} INFO - Setting next_dagrun for dataset_produces_2 to None, run_after=None
[2023-11-20T19:22:44.494+0000] {processor.py:179} INFO - Processing /home/airflow/.local/lib/python3.8/site-packages/airflow/example_dags/example_datasets.py took 0.233 seconds
[2023-11-20T19:23:22.607+0000] {processor.py:157} INFO - Started process (PID=347) to work on /home/airflow/.local/lib/python3.8/site-packages/airflow/example_dags/example_datasets.py
[2023-11-20T19:23:22.610+0000] {processor.py:829} INFO - Processing file /home/airflow/.local/lib/python3.8/site-packages/airflow/example_dags/example_datasets.py for tasks to queue
[2023-11-20T19:23:22.613+0000] {logging_mixin.py:151} INFO - [2023-11-20T19:23:22.612+0000] {dagbag.py:536} INFO - Filling up the DagBag from /home/airflow/.local/lib/python3.8/site-packages/airflow/example_dags/example_datasets.py
[2023-11-20T19:23:22.640+0000] {processor.py:839} INFO - DAG(s) dict_keys(['dataset_consumes_1_never_scheduled', 'dataset_consumes_1_and_2', 'dataset_consumes_1', 'dataset_produces_1', 'dataset_produces_2', 'dataset_consumes_unknown_never_scheduled']) retrieved from /home/airflow/.local/lib/python3.8/site-packages/airflow/example_dags/example_datasets.py
[2023-11-20T19:23:22.700+0000] {logging_mixin.py:151} INFO - [2023-11-20T19:23:22.700+0000] {dag.py:2941} INFO - Sync 6 DAGs
[2023-11-20T19:23:22.740+0000] {logging_mixin.py:151} INFO - [2023-11-20T19:23:22.740+0000] {dag.py:3722} INFO - Setting next_dagrun for dataset_consumes_1 to None, run_after=None
[2023-11-20T19:23:22.745+0000] {logging_mixin.py:151} INFO - [2023-11-20T19:23:22.744+0000] {dag.py:3722} INFO - Setting next_dagrun for dataset_consumes_1_and_2 to None, run_after=None
[2023-11-20T19:23:22.748+0000] {logging_mixin.py:151} INFO - [2023-11-20T19:23:22.747+0000] {dag.py:3722} INFO - Setting next_dagrun for dataset_consumes_1_never_scheduled to None, run_after=None
[2023-11-20T19:23:22.751+0000] {logging_mixin.py:151} INFO - [2023-11-20T19:23:22.751+0000] {dag.py:3722} INFO - Setting next_dagrun for dataset_consumes_unknown_never_scheduled to None, run_after=None
[2023-11-20T19:23:22.757+0000] {logging_mixin.py:151} INFO - [2023-11-20T19:23:22.757+0000] {dag.py:3722} INFO - Setting next_dagrun for dataset_produces_1 to 2023-11-19T00:00:00+00:00, run_after=2023-11-20T00:00:00+00:00
[2023-11-20T19:23:22.759+0000] {logging_mixin.py:151} INFO - [2023-11-20T19:23:22.759+0000] {dag.py:3722} INFO - Setting next_dagrun for dataset_produces_2 to None, run_after=None
[2023-11-20T19:23:22.809+0000] {processor.py:179} INFO - Processing /home/airflow/.local/lib/python3.8/site-packages/airflow/example_dags/example_datasets.py took 0.209 seconds
[2023-11-20T19:24:01.801+0000] {processor.py:157} INFO - Started process (PID=412) to work on /home/airflow/.local/lib/python3.8/site-packages/airflow/example_dags/example_datasets.py
[2023-11-20T19:24:01.804+0000] {processor.py:829} INFO - Processing file /home/airflow/.local/lib/python3.8/site-packages/airflow/example_dags/example_datasets.py for tasks to queue
[2023-11-20T19:24:01.807+0000] {logging_mixin.py:151} INFO - [2023-11-20T19:24:01.806+0000] {dagbag.py:536} INFO - Filling up the DagBag from /home/airflow/.local/lib/python3.8/site-packages/airflow/example_dags/example_datasets.py
[2023-11-20T19:24:01.833+0000] {processor.py:839} INFO - DAG(s) dict_keys(['dataset_consumes_1_never_scheduled', 'dataset_consumes_1_and_2', 'dataset_consumes_1', 'dataset_produces_2', 'dataset_consumes_unknown_never_scheduled', 'dataset_produces_1']) retrieved from /home/airflow/.local/lib/python3.8/site-packages/airflow/example_dags/example_datasets.py
[2023-11-20T19:24:01.918+0000] {logging_mixin.py:151} INFO - [2023-11-20T19:24:01.918+0000] {dag.py:2941} INFO - Sync 6 DAGs
[2023-11-20T19:24:01.959+0000] {logging_mixin.py:151} INFO - [2023-11-20T19:24:01.959+0000] {dag.py:3722} INFO - Setting next_dagrun for dataset_consumes_1 to None, run_after=None
[2023-11-20T19:24:01.966+0000] {logging_mixin.py:151} INFO - [2023-11-20T19:24:01.965+0000] {dag.py:3722} INFO - Setting next_dagrun for dataset_consumes_1_and_2 to None, run_after=None
[2023-11-20T19:24:01.968+0000] {logging_mixin.py:151} INFO - [2023-11-20T19:24:01.968+0000] {dag.py:3722} INFO - Setting next_dagrun for dataset_consumes_1_never_scheduled to None, run_after=None
[2023-11-20T19:24:01.971+0000] {logging_mixin.py:151} INFO - [2023-11-20T19:24:01.971+0000] {dag.py:3722} INFO - Setting next_dagrun for dataset_consumes_unknown_never_scheduled to None, run_after=None
[2023-11-20T19:24:01.978+0000] {logging_mixin.py:151} INFO - [2023-11-20T19:24:01.977+0000] {dag.py:3722} INFO - Setting next_dagrun for dataset_produces_1 to 2023-11-19T00:00:00+00:00, run_after=2023-11-20T00:00:00+00:00
[2023-11-20T19:24:01.981+0000] {logging_mixin.py:151} INFO - [2023-11-20T19:24:01.981+0000] {dag.py:3722} INFO - Setting next_dagrun for dataset_produces_2 to None, run_after=None
[2023-11-20T19:24:02.046+0000] {processor.py:179} INFO - Processing /home/airflow/.local/lib/python3.8/site-packages/airflow/example_dags/example_datasets.py took 0.251 seconds
[2023-11-20T19:24:32.168+0000] {processor.py:157} INFO - Started process (PID=473) to work on /home/airflow/.local/lib/python3.8/site-packages/airflow/example_dags/example_datasets.py
[2023-11-20T19:24:32.170+0000] {processor.py:829} INFO - Processing file /home/airflow/.local/lib/python3.8/site-packages/airflow/example_dags/example_datasets.py for tasks to queue
[2023-11-20T19:24:32.171+0000] {logging_mixin.py:151} INFO - [2023-11-20T19:24:32.171+0000] {dagbag.py:536} INFO - Filling up the DagBag from /home/airflow/.local/lib/python3.8/site-packages/airflow/example_dags/example_datasets.py
[2023-11-20T19:24:32.187+0000] {processor.py:839} INFO - DAG(s) dict_keys(['dataset_produces_1', 'dataset_produces_2', 'dataset_consumes_1', 'dataset_consumes_unknown_never_scheduled', 'dataset_consumes_1_and_2', 'dataset_consumes_1_never_scheduled']) retrieved from /home/airflow/.local/lib/python3.8/site-packages/airflow/example_dags/example_datasets.py
[2023-11-20T19:24:32.250+0000] {logging_mixin.py:151} INFO - [2023-11-20T19:24:32.250+0000] {dag.py:2941} INFO - Sync 6 DAGs
[2023-11-20T19:24:32.284+0000] {logging_mixin.py:151} INFO - [2023-11-20T19:24:32.284+0000] {dag.py:3722} INFO - Setting next_dagrun for dataset_consumes_1 to None, run_after=None
[2023-11-20T19:24:32.288+0000] {logging_mixin.py:151} INFO - [2023-11-20T19:24:32.288+0000] {dag.py:3722} INFO - Setting next_dagrun for dataset_consumes_1_and_2 to None, run_after=None
[2023-11-20T19:24:32.290+0000] {logging_mixin.py:151} INFO - [2023-11-20T19:24:32.290+0000] {dag.py:3722} INFO - Setting next_dagrun for dataset_consumes_1_never_scheduled to None, run_after=None
[2023-11-20T19:24:32.292+0000] {logging_mixin.py:151} INFO - [2023-11-20T19:24:32.292+0000] {dag.py:3722} INFO - Setting next_dagrun for dataset_consumes_unknown_never_scheduled to None, run_after=None
[2023-11-20T19:24:32.296+0000] {logging_mixin.py:151} INFO - [2023-11-20T19:24:32.296+0000] {dag.py:3722} INFO - Setting next_dagrun for dataset_produces_1 to 2023-11-19T00:00:00+00:00, run_after=2023-11-20T00:00:00+00:00
[2023-11-20T19:24:32.298+0000] {logging_mixin.py:151} INFO - [2023-11-20T19:24:32.298+0000] {dag.py:3722} INFO - Setting next_dagrun for dataset_produces_2 to None, run_after=None
[2023-11-20T19:24:32.340+0000] {processor.py:179} INFO - Processing /home/airflow/.local/lib/python3.8/site-packages/airflow/example_dags/example_datasets.py took 0.176 seconds
[2023-11-20T19:25:28.184+0000] {processor.py:157} INFO - Started process (PID=549) to work on /home/airflow/.local/lib/python3.8/site-packages/airflow/example_dags/example_datasets.py
[2023-11-20T19:25:28.187+0000] {processor.py:829} INFO - Processing file /home/airflow/.local/lib/python3.8/site-packages/airflow/example_dags/example_datasets.py for tasks to queue
[2023-11-20T19:25:28.189+0000] {logging_mixin.py:151} INFO - [2023-11-20T19:25:28.188+0000] {dagbag.py:536} INFO - Filling up the DagBag from /home/airflow/.local/lib/python3.8/site-packages/airflow/example_dags/example_datasets.py
[2023-11-20T19:25:28.215+0000] {processor.py:839} INFO - DAG(s) dict_keys(['dataset_consumes_unknown_never_scheduled', 'dataset_consumes_1', 'dataset_produces_2', 'dataset_consumes_1_never_scheduled', 'dataset_consumes_1_and_2', 'dataset_produces_1']) retrieved from /home/airflow/.local/lib/python3.8/site-packages/airflow/example_dags/example_datasets.py
[2023-11-20T19:25:28.289+0000] {logging_mixin.py:151} INFO - [2023-11-20T19:25:28.289+0000] {dag.py:2941} INFO - Sync 6 DAGs
[2023-11-20T19:25:28.334+0000] {logging_mixin.py:151} INFO - [2023-11-20T19:25:28.334+0000] {dag.py:3722} INFO - Setting next_dagrun for dataset_consumes_1 to None, run_after=None
[2023-11-20T19:25:28.342+0000] {logging_mixin.py:151} INFO - [2023-11-20T19:25:28.342+0000] {dag.py:3722} INFO - Setting next_dagrun for dataset_consumes_1_and_2 to None, run_after=None
[2023-11-20T19:25:28.346+0000] {logging_mixin.py:151} INFO - [2023-11-20T19:25:28.345+0000] {dag.py:3722} INFO - Setting next_dagrun for dataset_consumes_1_never_scheduled to None, run_after=None
[2023-11-20T19:25:28.350+0000] {logging_mixin.py:151} INFO - [2023-11-20T19:25:28.350+0000] {dag.py:3722} INFO - Setting next_dagrun for dataset_consumes_unknown_never_scheduled to None, run_after=None
[2023-11-20T19:25:28.360+0000] {logging_mixin.py:151} INFO - [2023-11-20T19:25:28.360+0000] {dag.py:3722} INFO - Setting next_dagrun for dataset_produces_1 to 2023-11-19T00:00:00+00:00, run_after=2023-11-20T00:00:00+00:00
[2023-11-20T19:25:28.373+0000] {logging_mixin.py:151} INFO - [2023-11-20T19:25:28.373+0000] {dag.py:3722} INFO - Setting next_dagrun for dataset_produces_2 to None, run_after=None
[2023-11-20T19:25:28.597+0000] {processor.py:179} INFO - Processing /home/airflow/.local/lib/python3.8/site-packages/airflow/example_dags/example_datasets.py took 0.421 seconds
[2023-11-20T19:25:58.965+0000] {processor.py:157} INFO - Started process (PID=611) to work on /home/airflow/.local/lib/python3.8/site-packages/airflow/example_dags/example_datasets.py
[2023-11-20T19:25:58.971+0000] {processor.py:829} INFO - Processing file /home/airflow/.local/lib/python3.8/site-packages/airflow/example_dags/example_datasets.py for tasks to queue
[2023-11-20T19:25:58.974+0000] {logging_mixin.py:151} INFO - [2023-11-20T19:25:58.973+0000] {dagbag.py:536} INFO - Filling up the DagBag from /home/airflow/.local/lib/python3.8/site-packages/airflow/example_dags/example_datasets.py
[2023-11-20T19:25:59.013+0000] {processor.py:839} INFO - DAG(s) dict_keys(['dataset_consumes_unknown_never_scheduled', 'dataset_produces_1', 'dataset_produces_2', 'dataset_consumes_1_never_scheduled', 'dataset_consumes_1_and_2', 'dataset_consumes_1']) retrieved from /home/airflow/.local/lib/python3.8/site-packages/airflow/example_dags/example_datasets.py
[2023-11-20T19:25:59.107+0000] {logging_mixin.py:151} INFO - [2023-11-20T19:25:59.106+0000] {dag.py:2941} INFO - Sync 6 DAGs
[2023-11-20T19:25:59.147+0000] {logging_mixin.py:151} INFO - [2023-11-20T19:25:59.147+0000] {dag.py:3722} INFO - Setting next_dagrun for dataset_consumes_1 to None, run_after=None
[2023-11-20T19:25:59.151+0000] {logging_mixin.py:151} INFO - [2023-11-20T19:25:59.151+0000] {dag.py:3722} INFO - Setting next_dagrun for dataset_consumes_1_and_2 to None, run_after=None
[2023-11-20T19:25:59.153+0000] {logging_mixin.py:151} INFO - [2023-11-20T19:25:59.153+0000] {dag.py:3722} INFO - Setting next_dagrun for dataset_consumes_1_never_scheduled to None, run_after=None
[2023-11-20T19:25:59.155+0000] {logging_mixin.py:151} INFO - [2023-11-20T19:25:59.155+0000] {dag.py:3722} INFO - Setting next_dagrun for dataset_consumes_unknown_never_scheduled to None, run_after=None
[2023-11-20T19:25:59.159+0000] {logging_mixin.py:151} INFO - [2023-11-20T19:25:59.159+0000] {dag.py:3722} INFO - Setting next_dagrun for dataset_produces_1 to 2023-11-19T00:00:00+00:00, run_after=2023-11-20T00:00:00+00:00
[2023-11-20T19:25:59.163+0000] {logging_mixin.py:151} INFO - [2023-11-20T19:25:59.163+0000] {dag.py:3722} INFO - Setting next_dagrun for dataset_produces_2 to None, run_after=None
[2023-11-20T19:25:59.227+0000] {processor.py:179} INFO - Processing /home/airflow/.local/lib/python3.8/site-packages/airflow/example_dags/example_datasets.py took 0.274 seconds
[2023-11-20T19:26:30.799+0000] {processor.py:157} INFO - Started process (PID=671) to work on /home/airflow/.local/lib/python3.8/site-packages/airflow/example_dags/example_datasets.py
[2023-11-20T19:26:30.805+0000] {processor.py:829} INFO - Processing file /home/airflow/.local/lib/python3.8/site-packages/airflow/example_dags/example_datasets.py for tasks to queue
[2023-11-20T19:26:30.806+0000] {logging_mixin.py:151} INFO - [2023-11-20T19:26:30.806+0000] {dagbag.py:536} INFO - Filling up the DagBag from /home/airflow/.local/lib/python3.8/site-packages/airflow/example_dags/example_datasets.py
[2023-11-20T19:26:30.819+0000] {processor.py:839} INFO - DAG(s) dict_keys(['dataset_produces_1', 'dataset_consumes_1_never_scheduled', 'dataset_consumes_1_and_2', 'dataset_produces_2', 'dataset_consumes_unknown_never_scheduled', 'dataset_consumes_1']) retrieved from /home/airflow/.local/lib/python3.8/site-packages/airflow/example_dags/example_datasets.py
[2023-11-20T19:26:30.866+0000] {logging_mixin.py:151} INFO - [2023-11-20T19:26:30.866+0000] {dag.py:2941} INFO - Sync 6 DAGs
[2023-11-20T19:26:30.914+0000] {logging_mixin.py:151} INFO - [2023-11-20T19:26:30.914+0000] {dag.py:3722} INFO - Setting next_dagrun for dataset_consumes_1 to None, run_after=None
[2023-11-20T19:26:30.921+0000] {logging_mixin.py:151} INFO - [2023-11-20T19:26:30.921+0000] {dag.py:3722} INFO - Setting next_dagrun for dataset_consumes_1_and_2 to None, run_after=None
[2023-11-20T19:26:30.924+0000] {logging_mixin.py:151} INFO - [2023-11-20T19:26:30.923+0000] {dag.py:3722} INFO - Setting next_dagrun for dataset_consumes_1_never_scheduled to None, run_after=None
[2023-11-20T19:26:30.926+0000] {logging_mixin.py:151} INFO - [2023-11-20T19:26:30.925+0000] {dag.py:3722} INFO - Setting next_dagrun for dataset_consumes_unknown_never_scheduled to None, run_after=None
[2023-11-20T19:26:30.932+0000] {logging_mixin.py:151} INFO - [2023-11-20T19:26:30.932+0000] {dag.py:3722} INFO - Setting next_dagrun for dataset_produces_1 to 2023-11-19T00:00:00+00:00, run_after=2023-11-20T00:00:00+00:00
[2023-11-20T19:26:30.935+0000] {logging_mixin.py:151} INFO - [2023-11-20T19:26:30.935+0000] {dag.py:3722} INFO - Setting next_dagrun for dataset_produces_2 to None, run_after=None
[2023-11-20T19:26:30.986+0000] {processor.py:179} INFO - Processing /home/airflow/.local/lib/python3.8/site-packages/airflow/example_dags/example_datasets.py took 0.192 seconds
[2023-11-20T19:27:06.166+0000] {processor.py:157} INFO - Started process (PID=731) to work on /home/airflow/.local/lib/python3.8/site-packages/airflow/example_dags/example_datasets.py
[2023-11-20T19:27:06.170+0000] {processor.py:829} INFO - Processing file /home/airflow/.local/lib/python3.8/site-packages/airflow/example_dags/example_datasets.py for tasks to queue
[2023-11-20T19:27:06.172+0000] {logging_mixin.py:151} INFO - [2023-11-20T19:27:06.171+0000] {dagbag.py:536} INFO - Filling up the DagBag from /home/airflow/.local/lib/python3.8/site-packages/airflow/example_dags/example_datasets.py
[2023-11-20T19:27:06.185+0000] {processor.py:839} INFO - DAG(s) dict_keys(['dataset_consumes_1', 'dataset_consumes_1_never_scheduled', 'dataset_consumes_unknown_never_scheduled', 'dataset_produces_1', 'dataset_produces_2', 'dataset_consumes_1_and_2']) retrieved from /home/airflow/.local/lib/python3.8/site-packages/airflow/example_dags/example_datasets.py
[2023-11-20T19:27:06.237+0000] {logging_mixin.py:151} INFO - [2023-11-20T19:27:06.236+0000] {dag.py:2941} INFO - Sync 6 DAGs
[2023-11-20T19:27:06.272+0000] {logging_mixin.py:151} INFO - [2023-11-20T19:27:06.272+0000] {dag.py:3722} INFO - Setting next_dagrun for dataset_consumes_1 to None, run_after=None
[2023-11-20T19:27:06.277+0000] {logging_mixin.py:151} INFO - [2023-11-20T19:27:06.277+0000] {dag.py:3722} INFO - Setting next_dagrun for dataset_consumes_1_and_2 to None, run_after=None
[2023-11-20T19:27:06.279+0000] {logging_mixin.py:151} INFO - [2023-11-20T19:27:06.279+0000] {dag.py:3722} INFO - Setting next_dagrun for dataset_consumes_1_never_scheduled to None, run_after=None
[2023-11-20T19:27:06.281+0000] {logging_mixin.py:151} INFO - [2023-11-20T19:27:06.281+0000] {dag.py:3722} INFO - Setting next_dagrun for dataset_consumes_unknown_never_scheduled to None, run_after=None
[2023-11-20T19:27:06.285+0000] {logging_mixin.py:151} INFO - [2023-11-20T19:27:06.285+0000] {dag.py:3722} INFO - Setting next_dagrun for dataset_produces_1 to 2023-11-19T00:00:00+00:00, run_after=2023-11-20T00:00:00+00:00
[2023-11-20T19:27:06.287+0000] {logging_mixin.py:151} INFO - [2023-11-20T19:27:06.287+0000] {dag.py:3722} INFO - Setting next_dagrun for dataset_produces_2 to None, run_after=None
[2023-11-20T19:27:06.342+0000] {processor.py:179} INFO - Processing /home/airflow/.local/lib/python3.8/site-packages/airflow/example_dags/example_datasets.py took 0.182 seconds
[2023-11-20T19:27:41.015+0000] {processor.py:157} INFO - Started process (PID=796) to work on /home/airflow/.local/lib/python3.8/site-packages/airflow/example_dags/example_datasets.py
[2023-11-20T19:27:41.018+0000] {processor.py:829} INFO - Processing file /home/airflow/.local/lib/python3.8/site-packages/airflow/example_dags/example_datasets.py for tasks to queue
[2023-11-20T19:27:41.020+0000] {logging_mixin.py:151} INFO - [2023-11-20T19:27:41.020+0000] {dagbag.py:536} INFO - Filling up the DagBag from /home/airflow/.local/lib/python3.8/site-packages/airflow/example_dags/example_datasets.py
[2023-11-20T19:27:41.044+0000] {processor.py:839} INFO - DAG(s) dict_keys(['dataset_produces_2', 'dataset_consumes_unknown_never_scheduled', 'dataset_consumes_1_and_2', 'dataset_produces_1', 'dataset_consumes_1', 'dataset_consumes_1_never_scheduled']) retrieved from /home/airflow/.local/lib/python3.8/site-packages/airflow/example_dags/example_datasets.py
[2023-11-20T19:27:41.142+0000] {logging_mixin.py:151} INFO - [2023-11-20T19:27:41.142+0000] {dag.py:2941} INFO - Sync 6 DAGs
[2023-11-20T19:27:41.214+0000] {logging_mixin.py:151} INFO - [2023-11-20T19:27:41.213+0000] {dag.py:3722} INFO - Setting next_dagrun for dataset_consumes_1 to None, run_after=None
[2023-11-20T19:27:41.220+0000] {logging_mixin.py:151} INFO - [2023-11-20T19:27:41.220+0000] {dag.py:3722} INFO - Setting next_dagrun for dataset_consumes_1_and_2 to None, run_after=None
[2023-11-20T19:27:41.222+0000] {logging_mixin.py:151} INFO - [2023-11-20T19:27:41.222+0000] {dag.py:3722} INFO - Setting next_dagrun for dataset_consumes_1_never_scheduled to None, run_after=None
[2023-11-20T19:27:41.224+0000] {logging_mixin.py:151} INFO - [2023-11-20T19:27:41.224+0000] {dag.py:3722} INFO - Setting next_dagrun for dataset_consumes_unknown_never_scheduled to None, run_after=None
[2023-11-20T19:27:41.231+0000] {logging_mixin.py:151} INFO - [2023-11-20T19:27:41.231+0000] {dag.py:3722} INFO - Setting next_dagrun for dataset_produces_1 to 2023-11-19T00:00:00+00:00, run_after=2023-11-20T00:00:00+00:00
[2023-11-20T19:27:41.235+0000] {logging_mixin.py:151} INFO - [2023-11-20T19:27:41.234+0000] {dag.py:3722} INFO - Setting next_dagrun for dataset_produces_2 to None, run_after=None
[2023-11-20T19:27:41.316+0000] {processor.py:179} INFO - Processing /home/airflow/.local/lib/python3.8/site-packages/airflow/example_dags/example_datasets.py took 0.311 seconds
[2023-11-20T19:28:13.396+0000] {processor.py:157} INFO - Started process (PID=857) to work on /home/airflow/.local/lib/python3.8/site-packages/airflow/example_dags/example_datasets.py
[2023-11-20T19:28:13.403+0000] {processor.py:829} INFO - Processing file /home/airflow/.local/lib/python3.8/site-packages/airflow/example_dags/example_datasets.py for tasks to queue
[2023-11-20T19:28:13.407+0000] {logging_mixin.py:151} INFO - [2023-11-20T19:28:13.405+0000] {dagbag.py:536} INFO - Filling up the DagBag from /home/airflow/.local/lib/python3.8/site-packages/airflow/example_dags/example_datasets.py
[2023-11-20T19:28:13.457+0000] {processor.py:839} INFO - DAG(s) dict_keys(['dataset_consumes_1_and_2', 'dataset_produces_1', 'dataset_consumes_unknown_never_scheduled', 'dataset_consumes_1', 'dataset_produces_2', 'dataset_consumes_1_never_scheduled']) retrieved from /home/airflow/.local/lib/python3.8/site-packages/airflow/example_dags/example_datasets.py
[2023-11-20T19:28:13.715+0000] {logging_mixin.py:151} INFO - [2023-11-20T19:28:13.714+0000] {dag.py:2941} INFO - Sync 6 DAGs
[2023-11-20T19:28:13.815+0000] {logging_mixin.py:151} INFO - [2023-11-20T19:28:13.814+0000] {dag.py:3722} INFO - Setting next_dagrun for dataset_consumes_1 to None, run_after=None
[2023-11-20T19:28:13.835+0000] {logging_mixin.py:151} INFO - [2023-11-20T19:28:13.834+0000] {dag.py:3722} INFO - Setting next_dagrun for dataset_consumes_1_and_2 to None, run_after=None
[2023-11-20T19:28:13.844+0000] {logging_mixin.py:151} INFO - [2023-11-20T19:28:13.843+0000] {dag.py:3722} INFO - Setting next_dagrun for dataset_consumes_1_never_scheduled to None, run_after=None
[2023-11-20T19:28:13.855+0000] {logging_mixin.py:151} INFO - [2023-11-20T19:28:13.854+0000] {dag.py:3722} INFO - Setting next_dagrun for dataset_consumes_unknown_never_scheduled to None, run_after=None
[2023-11-20T19:28:13.873+0000] {logging_mixin.py:151} INFO - [2023-11-20T19:28:13.871+0000] {dag.py:3722} INFO - Setting next_dagrun for dataset_produces_1 to 2023-11-19T00:00:00+00:00, run_after=2023-11-20T00:00:00+00:00
[2023-11-20T19:28:13.880+0000] {logging_mixin.py:151} INFO - [2023-11-20T19:28:13.879+0000] {dag.py:3722} INFO - Setting next_dagrun for dataset_produces_2 to None, run_after=None
[2023-11-20T19:28:13.982+0000] {processor.py:179} INFO - Processing /home/airflow/.local/lib/python3.8/site-packages/airflow/example_dags/example_datasets.py took 0.608 seconds
[2023-11-20T19:28:46.170+0000] {processor.py:157} INFO - Started process (PID=925) to work on /home/airflow/.local/lib/python3.8/site-packages/airflow/example_dags/example_datasets.py
[2023-11-20T19:28:46.178+0000] {processor.py:829} INFO - Processing file /home/airflow/.local/lib/python3.8/site-packages/airflow/example_dags/example_datasets.py for tasks to queue
[2023-11-20T19:28:46.185+0000] {logging_mixin.py:151} INFO - [2023-11-20T19:28:46.182+0000] {dagbag.py:536} INFO - Filling up the DagBag from /home/airflow/.local/lib/python3.8/site-packages/airflow/example_dags/example_datasets.py
[2023-11-20T19:28:46.225+0000] {processor.py:839} INFO - DAG(s) dict_keys(['dataset_consumes_1_never_scheduled', 'dataset_produces_1', 'dataset_produces_2', 'dataset_consumes_1', 'dataset_consumes_unknown_never_scheduled', 'dataset_consumes_1_and_2']) retrieved from /home/airflow/.local/lib/python3.8/site-packages/airflow/example_dags/example_datasets.py
[2023-11-20T19:28:46.325+0000] {logging_mixin.py:151} INFO - [2023-11-20T19:28:46.325+0000] {dag.py:2941} INFO - Sync 6 DAGs
[2023-11-20T19:28:46.392+0000] {logging_mixin.py:151} INFO - [2023-11-20T19:28:46.390+0000] {dag.py:3722} INFO - Setting next_dagrun for dataset_consumes_1 to None, run_after=None
[2023-11-20T19:28:46.403+0000] {logging_mixin.py:151} INFO - [2023-11-20T19:28:46.403+0000] {dag.py:3722} INFO - Setting next_dagrun for dataset_consumes_1_and_2 to None, run_after=None
[2023-11-20T19:28:46.411+0000] {logging_mixin.py:151} INFO - [2023-11-20T19:28:46.410+0000] {dag.py:3722} INFO - Setting next_dagrun for dataset_consumes_1_never_scheduled to None, run_after=None
[2023-11-20T19:28:46.417+0000] {logging_mixin.py:151} INFO - [2023-11-20T19:28:46.416+0000] {dag.py:3722} INFO - Setting next_dagrun for dataset_consumes_unknown_never_scheduled to None, run_after=None
[2023-11-20T19:28:46.432+0000] {logging_mixin.py:151} INFO - [2023-11-20T19:28:46.431+0000] {dag.py:3722} INFO - Setting next_dagrun for dataset_produces_1 to 2023-11-19T00:00:00+00:00, run_after=2023-11-20T00:00:00+00:00
[2023-11-20T19:28:46.437+0000] {logging_mixin.py:151} INFO - [2023-11-20T19:28:46.436+0000] {dag.py:3722} INFO - Setting next_dagrun for dataset_produces_2 to None, run_after=None
[2023-11-20T19:28:46.621+0000] {processor.py:179} INFO - Processing /home/airflow/.local/lib/python3.8/site-packages/airflow/example_dags/example_datasets.py took 0.472 seconds
[2023-11-20T19:29:29.358+0000] {processor.py:157} INFO - Started process (PID=985) to work on /home/airflow/.local/lib/python3.8/site-packages/airflow/example_dags/example_datasets.py
[2023-11-20T19:29:29.360+0000] {processor.py:829} INFO - Processing file /home/airflow/.local/lib/python3.8/site-packages/airflow/example_dags/example_datasets.py for tasks to queue
[2023-11-20T19:29:29.362+0000] {logging_mixin.py:151} INFO - [2023-11-20T19:29:29.361+0000] {dagbag.py:536} INFO - Filling up the DagBag from /home/airflow/.local/lib/python3.8/site-packages/airflow/example_dags/example_datasets.py
[2023-11-20T19:29:29.401+0000] {processor.py:839} INFO - DAG(s) dict_keys(['dataset_consumes_unknown_never_scheduled', 'dataset_consumes_1_and_2', 'dataset_produces_1', 'dataset_produces_2', 'dataset_consumes_1', 'dataset_consumes_1_never_scheduled']) retrieved from /home/airflow/.local/lib/python3.8/site-packages/airflow/example_dags/example_datasets.py
[2023-11-20T19:29:29.496+0000] {logging_mixin.py:151} INFO - [2023-11-20T19:29:29.495+0000] {dag.py:2941} INFO - Sync 6 DAGs
[2023-11-20T19:29:29.550+0000] {logging_mixin.py:151} INFO - [2023-11-20T19:29:29.550+0000] {dag.py:3722} INFO - Setting next_dagrun for dataset_consumes_1 to None, run_after=None
[2023-11-20T19:29:29.562+0000] {logging_mixin.py:151} INFO - [2023-11-20T19:29:29.560+0000] {dag.py:3722} INFO - Setting next_dagrun for dataset_consumes_1_and_2 to None, run_after=None
[2023-11-20T19:29:29.567+0000] {logging_mixin.py:151} INFO - [2023-11-20T19:29:29.567+0000] {dag.py:3722} INFO - Setting next_dagrun for dataset_consumes_1_never_scheduled to None, run_after=None
[2023-11-20T19:29:29.572+0000] {logging_mixin.py:151} INFO - [2023-11-20T19:29:29.572+0000] {dag.py:3722} INFO - Setting next_dagrun for dataset_consumes_unknown_never_scheduled to None, run_after=None
[2023-11-20T19:29:29.579+0000] {logging_mixin.py:151} INFO - [2023-11-20T19:29:29.579+0000] {dag.py:3722} INFO - Setting next_dagrun for dataset_produces_1 to 2023-11-19T00:00:00+00:00, run_after=2023-11-20T00:00:00+00:00
[2023-11-20T19:29:29.584+0000] {logging_mixin.py:151} INFO - [2023-11-20T19:29:29.584+0000] {dag.py:3722} INFO - Setting next_dagrun for dataset_produces_2 to None, run_after=None
[2023-11-20T19:29:29.725+0000] {processor.py:179} INFO - Processing /home/airflow/.local/lib/python3.8/site-packages/airflow/example_dags/example_datasets.py took 0.375 seconds
[2023-11-20T19:30:00.108+0000] {processor.py:157} INFO - Started process (PID=1046) to work on /home/airflow/.local/lib/python3.8/site-packages/airflow/example_dags/example_datasets.py
[2023-11-20T19:30:00.113+0000] {processor.py:829} INFO - Processing file /home/airflow/.local/lib/python3.8/site-packages/airflow/example_dags/example_datasets.py for tasks to queue
[2023-11-20T19:30:00.123+0000] {logging_mixin.py:151} INFO - [2023-11-20T19:30:00.119+0000] {dagbag.py:536} INFO - Filling up the DagBag from /home/airflow/.local/lib/python3.8/site-packages/airflow/example_dags/example_datasets.py
[2023-11-20T19:30:00.200+0000] {processor.py:839} INFO - DAG(s) dict_keys(['dataset_consumes_unknown_never_scheduled', 'dataset_consumes_1_and_2', 'dataset_produces_2', 'dataset_produces_1', 'dataset_consumes_1', 'dataset_consumes_1_never_scheduled']) retrieved from /home/airflow/.local/lib/python3.8/site-packages/airflow/example_dags/example_datasets.py
[2023-11-20T19:30:00.366+0000] {logging_mixin.py:151} INFO - [2023-11-20T19:30:00.366+0000] {dag.py:2941} INFO - Sync 6 DAGs
[2023-11-20T19:30:00.472+0000] {logging_mixin.py:151} INFO - [2023-11-20T19:30:00.471+0000] {dag.py:3722} INFO - Setting next_dagrun for dataset_consumes_1 to None, run_after=None
[2023-11-20T19:30:00.485+0000] {logging_mixin.py:151} INFO - [2023-11-20T19:30:00.484+0000] {dag.py:3722} INFO - Setting next_dagrun for dataset_consumes_1_and_2 to None, run_after=None
[2023-11-20T19:30:00.487+0000] {logging_mixin.py:151} INFO - [2023-11-20T19:30:00.487+0000] {dag.py:3722} INFO - Setting next_dagrun for dataset_consumes_1_never_scheduled to None, run_after=None
[2023-11-20T19:30:00.489+0000] {logging_mixin.py:151} INFO - [2023-11-20T19:30:00.489+0000] {dag.py:3722} INFO - Setting next_dagrun for dataset_consumes_unknown_never_scheduled to None, run_after=None
[2023-11-20T19:30:00.499+0000] {logging_mixin.py:151} INFO - [2023-11-20T19:30:00.499+0000] {dag.py:3722} INFO - Setting next_dagrun for dataset_produces_1 to 2023-11-19T00:00:00+00:00, run_after=2023-11-20T00:00:00+00:00
[2023-11-20T19:30:00.507+0000] {logging_mixin.py:151} INFO - [2023-11-20T19:30:00.506+0000] {dag.py:3722} INFO - Setting next_dagrun for dataset_produces_2 to None, run_after=None
[2023-11-20T19:30:00.614+0000] {processor.py:179} INFO - Processing /home/airflow/.local/lib/python3.8/site-packages/airflow/example_dags/example_datasets.py took 0.521 seconds
[2023-11-20T19:30:31.209+0000] {processor.py:157} INFO - Started process (PID=1106) to work on /home/airflow/.local/lib/python3.8/site-packages/airflow/example_dags/example_datasets.py
[2023-11-20T19:30:31.212+0000] {processor.py:829} INFO - Processing file /home/airflow/.local/lib/python3.8/site-packages/airflow/example_dags/example_datasets.py for tasks to queue
[2023-11-20T19:30:31.214+0000] {logging_mixin.py:151} INFO - [2023-11-20T19:30:31.213+0000] {dagbag.py:536} INFO - Filling up the DagBag from /home/airflow/.local/lib/python3.8/site-packages/airflow/example_dags/example_datasets.py
[2023-11-20T19:30:31.236+0000] {processor.py:839} INFO - DAG(s) dict_keys(['dataset_produces_1', 'dataset_consumes_1', 'dataset_consumes_1_never_scheduled', 'dataset_consumes_unknown_never_scheduled', 'dataset_consumes_1_and_2', 'dataset_produces_2']) retrieved from /home/airflow/.local/lib/python3.8/site-packages/airflow/example_dags/example_datasets.py
[2023-11-20T19:30:31.326+0000] {logging_mixin.py:151} INFO - [2023-11-20T19:30:31.326+0000] {dag.py:2941} INFO - Sync 6 DAGs
[2023-11-20T19:30:31.399+0000] {logging_mixin.py:151} INFO - [2023-11-20T19:30:31.398+0000] {dag.py:3722} INFO - Setting next_dagrun for dataset_consumes_1 to None, run_after=None
[2023-11-20T19:30:31.409+0000] {logging_mixin.py:151} INFO - [2023-11-20T19:30:31.409+0000] {dag.py:3722} INFO - Setting next_dagrun for dataset_consumes_1_and_2 to None, run_after=None
[2023-11-20T19:30:31.413+0000] {logging_mixin.py:151} INFO - [2023-11-20T19:30:31.413+0000] {dag.py:3722} INFO - Setting next_dagrun for dataset_consumes_1_never_scheduled to None, run_after=None
[2023-11-20T19:30:31.417+0000] {logging_mixin.py:151} INFO - [2023-11-20T19:30:31.416+0000] {dag.py:3722} INFO - Setting next_dagrun for dataset_consumes_unknown_never_scheduled to None, run_after=None
[2023-11-20T19:30:31.424+0000] {logging_mixin.py:151} INFO - [2023-11-20T19:30:31.423+0000] {dag.py:3722} INFO - Setting next_dagrun for dataset_produces_1 to 2023-11-19T00:00:00+00:00, run_after=2023-11-20T00:00:00+00:00
[2023-11-20T19:30:31.429+0000] {logging_mixin.py:151} INFO - [2023-11-20T19:30:31.428+0000] {dag.py:3722} INFO - Setting next_dagrun for dataset_produces_2 to None, run_after=None
[2023-11-20T19:30:31.504+0000] {processor.py:179} INFO - Processing /home/airflow/.local/lib/python3.8/site-packages/airflow/example_dags/example_datasets.py took 0.307 seconds
[2023-11-20T19:31:21.995+0000] {processor.py:157} INFO - Started process (PID=1173) to work on /home/airflow/.local/lib/python3.8/site-packages/airflow/example_dags/example_datasets.py
[2023-11-20T19:31:22.000+0000] {processor.py:829} INFO - Processing file /home/airflow/.local/lib/python3.8/site-packages/airflow/example_dags/example_datasets.py for tasks to queue
[2023-11-20T19:31:22.006+0000] {logging_mixin.py:151} INFO - [2023-11-20T19:31:22.003+0000] {dagbag.py:536} INFO - Filling up the DagBag from /home/airflow/.local/lib/python3.8/site-packages/airflow/example_dags/example_datasets.py
[2023-11-20T19:31:22.082+0000] {processor.py:839} INFO - DAG(s) dict_keys(['dataset_produces_1', 'dataset_consumes_1', 'dataset_consumes_1_never_scheduled', 'dataset_consumes_1_and_2', 'dataset_consumes_unknown_never_scheduled', 'dataset_produces_2']) retrieved from /home/airflow/.local/lib/python3.8/site-packages/airflow/example_dags/example_datasets.py
[2023-11-20T19:31:22.256+0000] {logging_mixin.py:151} INFO - [2023-11-20T19:31:22.256+0000] {dag.py:2941} INFO - Sync 6 DAGs
[2023-11-20T19:31:22.494+0000] {logging_mixin.py:151} INFO - [2023-11-20T19:31:22.493+0000] {dag.py:3722} INFO - Setting next_dagrun for dataset_consumes_1 to None, run_after=None
[2023-11-20T19:31:22.625+0000] {logging_mixin.py:151} INFO - [2023-11-20T19:31:22.618+0000] {dag.py:3722} INFO - Setting next_dagrun for dataset_consumes_1_and_2 to None, run_after=None
[2023-11-20T19:31:22.641+0000] {logging_mixin.py:151} INFO - [2023-11-20T19:31:22.640+0000] {dag.py:3722} INFO - Setting next_dagrun for dataset_consumes_1_never_scheduled to None, run_after=None
[2023-11-20T19:31:22.660+0000] {logging_mixin.py:151} INFO - [2023-11-20T19:31:22.659+0000] {dag.py:3722} INFO - Setting next_dagrun for dataset_consumes_unknown_never_scheduled to None, run_after=None
[2023-11-20T19:31:22.706+0000] {logging_mixin.py:151} INFO - [2023-11-20T19:31:22.705+0000] {dag.py:3722} INFO - Setting next_dagrun for dataset_produces_1 to 2023-11-19T00:00:00+00:00, run_after=2023-11-20T00:00:00+00:00
[2023-11-20T19:31:22.715+0000] {logging_mixin.py:151} INFO - [2023-11-20T19:31:22.714+0000] {dag.py:3722} INFO - Setting next_dagrun for dataset_produces_2 to None, run_after=None
[2023-11-20T19:31:22.881+0000] {processor.py:179} INFO - Processing /home/airflow/.local/lib/python3.8/site-packages/airflow/example_dags/example_datasets.py took 0.905 seconds
[2023-11-20T19:31:56.368+0000] {processor.py:157} INFO - Started process (PID=1233) to work on /home/airflow/.local/lib/python3.8/site-packages/airflow/example_dags/example_datasets.py
[2023-11-20T19:31:56.375+0000] {processor.py:829} INFO - Processing file /home/airflow/.local/lib/python3.8/site-packages/airflow/example_dags/example_datasets.py for tasks to queue
[2023-11-20T19:31:56.378+0000] {logging_mixin.py:151} INFO - [2023-11-20T19:31:56.378+0000] {dagbag.py:536} INFO - Filling up the DagBag from /home/airflow/.local/lib/python3.8/site-packages/airflow/example_dags/example_datasets.py
[2023-11-20T19:31:56.467+0000] {processor.py:839} INFO - DAG(s) dict_keys(['dataset_produces_2', 'dataset_produces_1', 'dataset_consumes_1_never_scheduled', 'dataset_consumes_1', 'dataset_consumes_unknown_never_scheduled', 'dataset_consumes_1_and_2']) retrieved from /home/airflow/.local/lib/python3.8/site-packages/airflow/example_dags/example_datasets.py
[2023-11-20T19:31:56.878+0000] {logging_mixin.py:151} INFO - [2023-11-20T19:31:56.875+0000] {dag.py:2941} INFO - Sync 6 DAGs
[2023-11-20T19:31:57.110+0000] {logging_mixin.py:151} INFO - [2023-11-20T19:31:57.109+0000] {dag.py:3722} INFO - Setting next_dagrun for dataset_consumes_1 to None, run_after=None
[2023-11-20T19:31:57.122+0000] {logging_mixin.py:151} INFO - [2023-11-20T19:31:57.121+0000] {dag.py:3722} INFO - Setting next_dagrun for dataset_consumes_1_and_2 to None, run_after=None
[2023-11-20T19:31:57.127+0000] {logging_mixin.py:151} INFO - [2023-11-20T19:31:57.126+0000] {dag.py:3722} INFO - Setting next_dagrun for dataset_consumes_1_never_scheduled to None, run_after=None
[2023-11-20T19:31:57.131+0000] {logging_mixin.py:151} INFO - [2023-11-20T19:31:57.130+0000] {dag.py:3722} INFO - Setting next_dagrun for dataset_consumes_unknown_never_scheduled to None, run_after=None
[2023-11-20T19:31:57.172+0000] {logging_mixin.py:151} INFO - [2023-11-20T19:31:57.172+0000] {dag.py:3722} INFO - Setting next_dagrun for dataset_produces_1 to 2023-11-19T00:00:00+00:00, run_after=2023-11-20T00:00:00+00:00
[2023-11-20T19:31:57.184+0000] {logging_mixin.py:151} INFO - [2023-11-20T19:31:57.183+0000] {dag.py:3722} INFO - Setting next_dagrun for dataset_produces_2 to None, run_after=None
[2023-11-20T19:31:57.656+0000] {processor.py:179} INFO - Processing /home/airflow/.local/lib/python3.8/site-packages/airflow/example_dags/example_datasets.py took 1.295 seconds
[2023-11-20T19:33:33.694+0000] {processor.py:157} INFO - Started process (PID=1305) to work on /home/airflow/.local/lib/python3.8/site-packages/airflow/example_dags/example_datasets.py
[2023-11-20T19:33:33.697+0000] {processor.py:829} INFO - Processing file /home/airflow/.local/lib/python3.8/site-packages/airflow/example_dags/example_datasets.py for tasks to queue
[2023-11-20T19:33:33.700+0000] {logging_mixin.py:151} INFO - [2023-11-20T19:33:33.700+0000] {dagbag.py:536} INFO - Filling up the DagBag from /home/airflow/.local/lib/python3.8/site-packages/airflow/example_dags/example_datasets.py
[2023-11-20T19:33:33.727+0000] {processor.py:839} INFO - DAG(s) dict_keys(['dataset_consumes_1_and_2', 'dataset_produces_1', 'dataset_produces_2', 'dataset_consumes_1_never_scheduled', 'dataset_consumes_1', 'dataset_consumes_unknown_never_scheduled']) retrieved from /home/airflow/.local/lib/python3.8/site-packages/airflow/example_dags/example_datasets.py
[2023-11-20T19:33:34.002+0000] {logging_mixin.py:151} INFO - [2023-11-20T19:33:33.999+0000] {dag.py:2941} INFO - Sync 6 DAGs
[2023-11-20T19:33:34.752+0000] {logging_mixin.py:151} INFO - [2023-11-20T19:33:34.751+0000] {dag.py:3722} INFO - Setting next_dagrun for dataset_consumes_1 to None, run_after=None
[2023-11-20T19:33:34.813+0000] {logging_mixin.py:151} INFO - [2023-11-20T19:33:34.813+0000] {dag.py:3722} INFO - Setting next_dagrun for dataset_consumes_1_and_2 to None, run_after=None
[2023-11-20T19:33:34.828+0000] {logging_mixin.py:151} INFO - [2023-11-20T19:33:34.828+0000] {dag.py:3722} INFO - Setting next_dagrun for dataset_consumes_1_never_scheduled to None, run_after=None
[2023-11-20T19:33:34.833+0000] {logging_mixin.py:151} INFO - [2023-11-20T19:33:34.833+0000] {dag.py:3722} INFO - Setting next_dagrun for dataset_consumes_unknown_never_scheduled to None, run_after=None
[2023-11-20T19:33:34.849+0000] {logging_mixin.py:151} INFO - [2023-11-20T19:33:34.848+0000] {dag.py:3722} INFO - Setting next_dagrun for dataset_produces_1 to 2023-11-19T00:00:00+00:00, run_after=2023-11-20T00:00:00+00:00
[2023-11-20T19:33:34.854+0000] {logging_mixin.py:151} INFO - [2023-11-20T19:33:34.852+0000] {dag.py:3722} INFO - Setting next_dagrun for dataset_produces_2 to None, run_after=None
[2023-11-20T19:33:35.112+0000] {processor.py:179} INFO - Processing /home/airflow/.local/lib/python3.8/site-packages/airflow/example_dags/example_datasets.py took 1.426 seconds
[2023-11-20T19:34:06.779+0000] {processor.py:157} INFO - Started process (PID=1371) to work on /home/airflow/.local/lib/python3.8/site-packages/airflow/example_dags/example_datasets.py
[2023-11-20T19:34:06.795+0000] {processor.py:829} INFO - Processing file /home/airflow/.local/lib/python3.8/site-packages/airflow/example_dags/example_datasets.py for tasks to queue
[2023-11-20T19:34:06.800+0000] {logging_mixin.py:151} INFO - [2023-11-20T19:34:06.799+0000] {dagbag.py:536} INFO - Filling up the DagBag from /home/airflow/.local/lib/python3.8/site-packages/airflow/example_dags/example_datasets.py
[2023-11-20T19:34:07.224+0000] {processor.py:839} INFO - DAG(s) dict_keys(['dataset_consumes_1_never_scheduled', 'dataset_consumes_1', 'dataset_produces_2', 'dataset_consumes_unknown_never_scheduled', 'dataset_consumes_1_and_2', 'dataset_produces_1']) retrieved from /home/airflow/.local/lib/python3.8/site-packages/airflow/example_dags/example_datasets.py
[2023-11-20T19:34:07.310+0000] {logging_mixin.py:151} INFO - [2023-11-20T19:34:07.309+0000] {dag.py:2941} INFO - Sync 6 DAGs
[2023-11-20T19:34:07.426+0000] {logging_mixin.py:151} INFO - [2023-11-20T19:34:07.425+0000] {dag.py:3722} INFO - Setting next_dagrun for dataset_consumes_1 to None, run_after=None
[2023-11-20T19:34:07.464+0000] {logging_mixin.py:151} INFO - [2023-11-20T19:34:07.463+0000] {dag.py:3722} INFO - Setting next_dagrun for dataset_consumes_1_and_2 to None, run_after=None
[2023-11-20T19:34:07.472+0000] {logging_mixin.py:151} INFO - [2023-11-20T19:34:07.471+0000] {dag.py:3722} INFO - Setting next_dagrun for dataset_consumes_1_never_scheduled to None, run_after=None
[2023-11-20T19:34:07.477+0000] {logging_mixin.py:151} INFO - [2023-11-20T19:34:07.476+0000] {dag.py:3722} INFO - Setting next_dagrun for dataset_consumes_unknown_never_scheduled to None, run_after=None
[2023-11-20T19:34:07.490+0000] {logging_mixin.py:151} INFO - [2023-11-20T19:34:07.489+0000] {dag.py:3722} INFO - Setting next_dagrun for dataset_produces_1 to 2023-11-19T00:00:00+00:00, run_after=2023-11-20T00:00:00+00:00
[2023-11-20T19:34:07.498+0000] {logging_mixin.py:151} INFO - [2023-11-20T19:34:07.497+0000] {dag.py:3722} INFO - Setting next_dagrun for dataset_produces_2 to None, run_after=None
[2023-11-20T19:34:07.827+0000] {processor.py:179} INFO - Processing /home/airflow/.local/lib/python3.8/site-packages/airflow/example_dags/example_datasets.py took 1.059 seconds
[2023-11-20T19:34:53.214+0000] {processor.py:157} INFO - Started process (PID=1435) to work on /home/airflow/.local/lib/python3.8/site-packages/airflow/example_dags/example_datasets.py
[2023-11-20T19:34:53.216+0000] {processor.py:829} INFO - Processing file /home/airflow/.local/lib/python3.8/site-packages/airflow/example_dags/example_datasets.py for tasks to queue
[2023-11-20T19:34:53.218+0000] {logging_mixin.py:151} INFO - [2023-11-20T19:34:53.218+0000] {dagbag.py:536} INFO - Filling up the DagBag from /home/airflow/.local/lib/python3.8/site-packages/airflow/example_dags/example_datasets.py
[2023-11-20T19:34:53.258+0000] {processor.py:839} INFO - DAG(s) dict_keys(['dataset_produces_2', 'dataset_consumes_unknown_never_scheduled', 'dataset_consumes_1', 'dataset_produces_1', 'dataset_consumes_1_never_scheduled', 'dataset_consumes_1_and_2']) retrieved from /home/airflow/.local/lib/python3.8/site-packages/airflow/example_dags/example_datasets.py
[2023-11-20T19:34:53.443+0000] {logging_mixin.py:151} INFO - [2023-11-20T19:34:53.441+0000] {dag.py:2941} INFO - Sync 6 DAGs
[2023-11-20T19:34:53.536+0000] {logging_mixin.py:151} INFO - [2023-11-20T19:34:53.536+0000] {dag.py:3722} INFO - Setting next_dagrun for dataset_consumes_1 to None, run_after=None
[2023-11-20T19:34:53.558+0000] {logging_mixin.py:151} INFO - [2023-11-20T19:34:53.558+0000] {dag.py:3722} INFO - Setting next_dagrun for dataset_consumes_1_and_2 to None, run_after=None
[2023-11-20T19:34:53.568+0000] {logging_mixin.py:151} INFO - [2023-11-20T19:34:53.567+0000] {dag.py:3722} INFO - Setting next_dagrun for dataset_consumes_1_never_scheduled to None, run_after=None
[2023-11-20T19:34:53.574+0000] {logging_mixin.py:151} INFO - [2023-11-20T19:34:53.573+0000] {dag.py:3722} INFO - Setting next_dagrun for dataset_consumes_unknown_never_scheduled to None, run_after=None
[2023-11-20T19:34:53.588+0000] {logging_mixin.py:151} INFO - [2023-11-20T19:34:53.587+0000] {dag.py:3722} INFO - Setting next_dagrun for dataset_produces_1 to 2023-11-19T00:00:00+00:00, run_after=2023-11-20T00:00:00+00:00
[2023-11-20T19:34:53.597+0000] {logging_mixin.py:151} INFO - [2023-11-20T19:34:53.596+0000] {dag.py:3722} INFO - Setting next_dagrun for dataset_produces_2 to None, run_after=None
[2023-11-20T19:34:53.770+0000] {processor.py:179} INFO - Processing /home/airflow/.local/lib/python3.8/site-packages/airflow/example_dags/example_datasets.py took 0.573 seconds
[2023-11-20T19:35:38.247+0000] {processor.py:157} INFO - Started process (PID=1509) to work on /home/airflow/.local/lib/python3.8/site-packages/airflow/example_dags/example_datasets.py
[2023-11-20T19:35:38.252+0000] {processor.py:829} INFO - Processing file /home/airflow/.local/lib/python3.8/site-packages/airflow/example_dags/example_datasets.py for tasks to queue
[2023-11-20T19:35:38.255+0000] {logging_mixin.py:151} INFO - [2023-11-20T19:35:38.254+0000] {dagbag.py:536} INFO - Filling up the DagBag from /home/airflow/.local/lib/python3.8/site-packages/airflow/example_dags/example_datasets.py
[2023-11-20T19:35:38.295+0000] {processor.py:839} INFO - DAG(s) dict_keys(['dataset_produces_2', 'dataset_consumes_1', 'dataset_produces_1', 'dataset_consumes_unknown_never_scheduled', 'dataset_consumes_1_never_scheduled', 'dataset_consumes_1_and_2']) retrieved from /home/airflow/.local/lib/python3.8/site-packages/airflow/example_dags/example_datasets.py
[2023-11-20T19:35:38.416+0000] {logging_mixin.py:151} INFO - [2023-11-20T19:35:38.415+0000] {dag.py:2941} INFO - Sync 6 DAGs
[2023-11-20T19:35:38.512+0000] {logging_mixin.py:151} INFO - [2023-11-20T19:35:38.510+0000] {dag.py:3722} INFO - Setting next_dagrun for dataset_consumes_1 to None, run_after=None
[2023-11-20T19:35:38.527+0000] {logging_mixin.py:151} INFO - [2023-11-20T19:35:38.527+0000] {dag.py:3722} INFO - Setting next_dagrun for dataset_consumes_1_and_2 to None, run_after=None
[2023-11-20T19:35:38.535+0000] {logging_mixin.py:151} INFO - [2023-11-20T19:35:38.535+0000] {dag.py:3722} INFO - Setting next_dagrun for dataset_consumes_1_never_scheduled to None, run_after=None
[2023-11-20T19:35:38.539+0000] {logging_mixin.py:151} INFO - [2023-11-20T19:35:38.538+0000] {dag.py:3722} INFO - Setting next_dagrun for dataset_consumes_unknown_never_scheduled to None, run_after=None
[2023-11-20T19:35:38.551+0000] {logging_mixin.py:151} INFO - [2023-11-20T19:35:38.551+0000] {dag.py:3722} INFO - Setting next_dagrun for dataset_produces_1 to 2023-11-19T00:00:00+00:00, run_after=2023-11-20T00:00:00+00:00
[2023-11-20T19:35:38.557+0000] {logging_mixin.py:151} INFO - [2023-11-20T19:35:38.556+0000] {dag.py:3722} INFO - Setting next_dagrun for dataset_produces_2 to None, run_after=None
[2023-11-20T19:35:38.650+0000] {processor.py:179} INFO - Processing /home/airflow/.local/lib/python3.8/site-packages/airflow/example_dags/example_datasets.py took 0.412 seconds
[2023-11-20T19:36:11.388+0000] {processor.py:157} INFO - Started process (PID=1569) to work on /home/airflow/.local/lib/python3.8/site-packages/airflow/example_dags/example_datasets.py
[2023-11-20T19:36:11.392+0000] {processor.py:829} INFO - Processing file /home/airflow/.local/lib/python3.8/site-packages/airflow/example_dags/example_datasets.py for tasks to queue
[2023-11-20T19:36:11.394+0000] {logging_mixin.py:151} INFO - [2023-11-20T19:36:11.393+0000] {dagbag.py:536} INFO - Filling up the DagBag from /home/airflow/.local/lib/python3.8/site-packages/airflow/example_dags/example_datasets.py
[2023-11-20T19:36:11.412+0000] {processor.py:839} INFO - DAG(s) dict_keys(['dataset_consumes_unknown_never_scheduled', 'dataset_consumes_1', 'dataset_consumes_1_and_2', 'dataset_produces_2', 'dataset_produces_1', 'dataset_consumes_1_never_scheduled']) retrieved from /home/airflow/.local/lib/python3.8/site-packages/airflow/example_dags/example_datasets.py
[2023-11-20T19:36:11.478+0000] {logging_mixin.py:151} INFO - [2023-11-20T19:36:11.478+0000] {dag.py:2941} INFO - Sync 6 DAGs
[2023-11-20T19:36:11.538+0000] {logging_mixin.py:151} INFO - [2023-11-20T19:36:11.537+0000] {dag.py:3722} INFO - Setting next_dagrun for dataset_consumes_1 to None, run_after=None
[2023-11-20T19:36:11.544+0000] {logging_mixin.py:151} INFO - [2023-11-20T19:36:11.544+0000] {dag.py:3722} INFO - Setting next_dagrun for dataset_consumes_1_and_2 to None, run_after=None
[2023-11-20T19:36:11.548+0000] {logging_mixin.py:151} INFO - [2023-11-20T19:36:11.547+0000] {dag.py:3722} INFO - Setting next_dagrun for dataset_consumes_1_never_scheduled to None, run_after=None
[2023-11-20T19:36:11.551+0000] {logging_mixin.py:151} INFO - [2023-11-20T19:36:11.551+0000] {dag.py:3722} INFO - Setting next_dagrun for dataset_consumes_unknown_never_scheduled to None, run_after=None
[2023-11-20T19:36:11.557+0000] {logging_mixin.py:151} INFO - [2023-11-20T19:36:11.557+0000] {dag.py:3722} INFO - Setting next_dagrun for dataset_produces_1 to 2023-11-19T00:00:00+00:00, run_after=2023-11-20T00:00:00+00:00
[2023-11-20T19:36:11.563+0000] {logging_mixin.py:151} INFO - [2023-11-20T19:36:11.562+0000] {dag.py:3722} INFO - Setting next_dagrun for dataset_produces_2 to None, run_after=None
[2023-11-20T19:36:11.632+0000] {processor.py:179} INFO - Processing /home/airflow/.local/lib/python3.8/site-packages/airflow/example_dags/example_datasets.py took 0.249 seconds
[2023-11-20T19:36:43.726+0000] {processor.py:157} INFO - Started process (PID=1639) to work on /home/airflow/.local/lib/python3.8/site-packages/airflow/example_dags/example_datasets.py
[2023-11-20T19:36:43.729+0000] {processor.py:829} INFO - Processing file /home/airflow/.local/lib/python3.8/site-packages/airflow/example_dags/example_datasets.py for tasks to queue
[2023-11-20T19:36:43.730+0000] {logging_mixin.py:151} INFO - [2023-11-20T19:36:43.730+0000] {dagbag.py:536} INFO - Filling up the DagBag from /home/airflow/.local/lib/python3.8/site-packages/airflow/example_dags/example_datasets.py
[2023-11-20T19:36:43.751+0000] {processor.py:839} INFO - DAG(s) dict_keys(['dataset_produces_1', 'dataset_produces_2', 'dataset_consumes_1_and_2', 'dataset_consumes_unknown_never_scheduled', 'dataset_consumes_1', 'dataset_consumes_1_never_scheduled']) retrieved from /home/airflow/.local/lib/python3.8/site-packages/airflow/example_dags/example_datasets.py
[2023-11-20T19:36:43.816+0000] {logging_mixin.py:151} INFO - [2023-11-20T19:36:43.815+0000] {dag.py:2941} INFO - Sync 6 DAGs
[2023-11-20T19:36:43.862+0000] {logging_mixin.py:151} INFO - [2023-11-20T19:36:43.862+0000] {dag.py:3722} INFO - Setting next_dagrun for dataset_consumes_1 to None, run_after=None
[2023-11-20T19:36:43.867+0000] {logging_mixin.py:151} INFO - [2023-11-20T19:36:43.867+0000] {dag.py:3722} INFO - Setting next_dagrun for dataset_consumes_1_and_2 to None, run_after=None
[2023-11-20T19:36:43.869+0000] {logging_mixin.py:151} INFO - [2023-11-20T19:36:43.869+0000] {dag.py:3722} INFO - Setting next_dagrun for dataset_consumes_1_never_scheduled to None, run_after=None
[2023-11-20T19:36:43.871+0000] {logging_mixin.py:151} INFO - [2023-11-20T19:36:43.871+0000] {dag.py:3722} INFO - Setting next_dagrun for dataset_consumes_unknown_never_scheduled to None, run_after=None
[2023-11-20T19:36:43.876+0000] {logging_mixin.py:151} INFO - [2023-11-20T19:36:43.876+0000] {dag.py:3722} INFO - Setting next_dagrun for dataset_produces_1 to 2023-11-19T00:00:00+00:00, run_after=2023-11-20T00:00:00+00:00
[2023-11-20T19:36:43.878+0000] {logging_mixin.py:151} INFO - [2023-11-20T19:36:43.878+0000] {dag.py:3722} INFO - Setting next_dagrun for dataset_produces_2 to None, run_after=None
[2023-11-20T19:36:43.961+0000] {processor.py:179} INFO - Processing /home/airflow/.local/lib/python3.8/site-packages/airflow/example_dags/example_datasets.py took 0.239 seconds
[2023-11-20T19:37:31.013+0000] {processor.py:157} INFO - Started process (PID=1700) to work on /home/airflow/.local/lib/python3.8/site-packages/airflow/example_dags/example_datasets.py
[2023-11-20T19:37:31.015+0000] {processor.py:829} INFO - Processing file /home/airflow/.local/lib/python3.8/site-packages/airflow/example_dags/example_datasets.py for tasks to queue
[2023-11-20T19:37:31.019+0000] {logging_mixin.py:151} INFO - [2023-11-20T19:37:31.018+0000] {dagbag.py:536} INFO - Filling up the DagBag from /home/airflow/.local/lib/python3.8/site-packages/airflow/example_dags/example_datasets.py
[2023-11-20T19:37:31.059+0000] {processor.py:839} INFO - DAG(s) dict_keys(['dataset_consumes_1_never_scheduled', 'dataset_produces_2', 'dataset_consumes_unknown_never_scheduled', 'dataset_produces_1', 'dataset_consumes_1_and_2', 'dataset_consumes_1']) retrieved from /home/airflow/.local/lib/python3.8/site-packages/airflow/example_dags/example_datasets.py
[2023-11-20T19:37:31.207+0000] {logging_mixin.py:151} INFO - [2023-11-20T19:37:31.206+0000] {dag.py:2941} INFO - Sync 6 DAGs
[2023-11-20T19:37:31.418+0000] {logging_mixin.py:151} INFO - [2023-11-20T19:37:31.418+0000] {dag.py:3722} INFO - Setting next_dagrun for dataset_consumes_1 to None, run_after=None
[2023-11-20T19:37:31.425+0000] {logging_mixin.py:151} INFO - [2023-11-20T19:37:31.425+0000] {dag.py:3722} INFO - Setting next_dagrun for dataset_consumes_1_and_2 to None, run_after=None
[2023-11-20T19:37:31.428+0000] {logging_mixin.py:151} INFO - [2023-11-20T19:37:31.427+0000] {dag.py:3722} INFO - Setting next_dagrun for dataset_consumes_1_never_scheduled to None, run_after=None
[2023-11-20T19:37:31.431+0000] {logging_mixin.py:151} INFO - [2023-11-20T19:37:31.430+0000] {dag.py:3722} INFO - Setting next_dagrun for dataset_consumes_unknown_never_scheduled to None, run_after=None
[2023-11-20T19:37:31.439+0000] {logging_mixin.py:151} INFO - [2023-11-20T19:37:31.439+0000] {dag.py:3722} INFO - Setting next_dagrun for dataset_produces_1 to 2023-11-19T00:00:00+00:00, run_after=2023-11-20T00:00:00+00:00
[2023-11-20T19:37:31.453+0000] {logging_mixin.py:151} INFO - [2023-11-20T19:37:31.452+0000] {dag.py:3722} INFO - Setting next_dagrun for dataset_produces_2 to None, run_after=None
[2023-11-20T19:37:31.526+0000] {processor.py:179} INFO - Processing /home/airflow/.local/lib/python3.8/site-packages/airflow/example_dags/example_datasets.py took 0.523 seconds
[2023-11-20T19:38:18.551+0000] {processor.py:157} INFO - Started process (PID=1776) to work on /home/airflow/.local/lib/python3.8/site-packages/airflow/example_dags/example_datasets.py
[2023-11-20T19:38:18.566+0000] {processor.py:829} INFO - Processing file /home/airflow/.local/lib/python3.8/site-packages/airflow/example_dags/example_datasets.py for tasks to queue
[2023-11-20T19:38:18.595+0000] {logging_mixin.py:151} INFO - [2023-11-20T19:38:18.593+0000] {dagbag.py:536} INFO - Filling up the DagBag from /home/airflow/.local/lib/python3.8/site-packages/airflow/example_dags/example_datasets.py
[2023-11-20T19:38:18.695+0000] {processor.py:839} INFO - DAG(s) dict_keys(['dataset_consumes_1_never_scheduled', 'dataset_produces_1', 'dataset_consumes_unknown_never_scheduled', 'dataset_consumes_1_and_2', 'dataset_produces_2', 'dataset_consumes_1']) retrieved from /home/airflow/.local/lib/python3.8/site-packages/airflow/example_dags/example_datasets.py
[2023-11-20T19:38:18.941+0000] {logging_mixin.py:151} INFO - [2023-11-20T19:38:18.939+0000] {dag.py:2941} INFO - Sync 6 DAGs
[2023-11-20T19:38:19.084+0000] {logging_mixin.py:151} INFO - [2023-11-20T19:38:19.084+0000] {dag.py:3722} INFO - Setting next_dagrun for dataset_consumes_1 to None, run_after=None
[2023-11-20T19:38:19.098+0000] {logging_mixin.py:151} INFO - [2023-11-20T19:38:19.097+0000] {dag.py:3722} INFO - Setting next_dagrun for dataset_consumes_1_and_2 to None, run_after=None
[2023-11-20T19:38:19.101+0000] {logging_mixin.py:151} INFO - [2023-11-20T19:38:19.101+0000] {dag.py:3722} INFO - Setting next_dagrun for dataset_consumes_1_never_scheduled to None, run_after=None
[2023-11-20T19:38:19.105+0000] {logging_mixin.py:151} INFO - [2023-11-20T19:38:19.104+0000] {dag.py:3722} INFO - Setting next_dagrun for dataset_consumes_unknown_never_scheduled to None, run_after=None
[2023-11-20T19:38:19.121+0000] {logging_mixin.py:151} INFO - [2023-11-20T19:38:19.120+0000] {dag.py:3722} INFO - Setting next_dagrun for dataset_produces_1 to 2023-11-19T00:00:00+00:00, run_after=2023-11-20T00:00:00+00:00
[2023-11-20T19:38:19.130+0000] {logging_mixin.py:151} INFO - [2023-11-20T19:38:19.129+0000] {dag.py:3722} INFO - Setting next_dagrun for dataset_produces_2 to None, run_after=None
[2023-11-20T19:38:19.326+0000] {processor.py:179} INFO - Processing /home/airflow/.local/lib/python3.8/site-packages/airflow/example_dags/example_datasets.py took 0.783 seconds
[2023-11-20T19:38:49.946+0000] {processor.py:157} INFO - Started process (PID=1836) to work on /home/airflow/.local/lib/python3.8/site-packages/airflow/example_dags/example_datasets.py
[2023-11-20T19:38:49.950+0000] {processor.py:829} INFO - Processing file /home/airflow/.local/lib/python3.8/site-packages/airflow/example_dags/example_datasets.py for tasks to queue
[2023-11-20T19:38:49.955+0000] {logging_mixin.py:151} INFO - [2023-11-20T19:38:49.954+0000] {dagbag.py:536} INFO - Filling up the DagBag from /home/airflow/.local/lib/python3.8/site-packages/airflow/example_dags/example_datasets.py
[2023-11-20T19:38:49.989+0000] {processor.py:839} INFO - DAG(s) dict_keys(['dataset_consumes_1_and_2', 'dataset_consumes_1_never_scheduled', 'dataset_consumes_unknown_never_scheduled', 'dataset_produces_2', 'dataset_consumes_1', 'dataset_produces_1']) retrieved from /home/airflow/.local/lib/python3.8/site-packages/airflow/example_dags/example_datasets.py
[2023-11-20T19:38:50.110+0000] {logging_mixin.py:151} INFO - [2023-11-20T19:38:50.109+0000] {dag.py:2941} INFO - Sync 6 DAGs
[2023-11-20T19:38:50.163+0000] {logging_mixin.py:151} INFO - [2023-11-20T19:38:50.163+0000] {dag.py:3722} INFO - Setting next_dagrun for dataset_consumes_1 to None, run_after=None
[2023-11-20T19:38:50.176+0000] {logging_mixin.py:151} INFO - [2023-11-20T19:38:50.175+0000] {dag.py:3722} INFO - Setting next_dagrun for dataset_consumes_1_and_2 to None, run_after=None
[2023-11-20T19:38:50.182+0000] {logging_mixin.py:151} INFO - [2023-11-20T19:38:50.181+0000] {dag.py:3722} INFO - Setting next_dagrun for dataset_consumes_1_never_scheduled to None, run_after=None
[2023-11-20T19:38:50.186+0000] {logging_mixin.py:151} INFO - [2023-11-20T19:38:50.186+0000] {dag.py:3722} INFO - Setting next_dagrun for dataset_consumes_unknown_never_scheduled to None, run_after=None
[2023-11-20T19:38:50.197+0000] {logging_mixin.py:151} INFO - [2023-11-20T19:38:50.197+0000] {dag.py:3722} INFO - Setting next_dagrun for dataset_produces_1 to 2023-11-19T00:00:00+00:00, run_after=2023-11-20T00:00:00+00:00
[2023-11-20T19:38:50.203+0000] {logging_mixin.py:151} INFO - [2023-11-20T19:38:50.202+0000] {dag.py:3722} INFO - Setting next_dagrun for dataset_produces_2 to None, run_after=None
[2023-11-20T19:38:50.326+0000] {processor.py:179} INFO - Processing /home/airflow/.local/lib/python3.8/site-packages/airflow/example_dags/example_datasets.py took 0.390 seconds
[2023-11-20T19:39:25.550+0000] {processor.py:157} INFO - Started process (PID=1900) to work on /home/airflow/.local/lib/python3.8/site-packages/airflow/example_dags/example_datasets.py
[2023-11-20T19:39:25.553+0000] {processor.py:829} INFO - Processing file /home/airflow/.local/lib/python3.8/site-packages/airflow/example_dags/example_datasets.py for tasks to queue
[2023-11-20T19:39:25.556+0000] {logging_mixin.py:151} INFO - [2023-11-20T19:39:25.555+0000] {dagbag.py:536} INFO - Filling up the DagBag from /home/airflow/.local/lib/python3.8/site-packages/airflow/example_dags/example_datasets.py
[2023-11-20T19:39:25.578+0000] {processor.py:839} INFO - DAG(s) dict_keys(['dataset_produces_2', 'dataset_consumes_1_and_2', 'dataset_produces_1', 'dataset_consumes_1', 'dataset_consumes_1_never_scheduled', 'dataset_consumes_unknown_never_scheduled']) retrieved from /home/airflow/.local/lib/python3.8/site-packages/airflow/example_dags/example_datasets.py
[2023-11-20T19:39:25.673+0000] {logging_mixin.py:151} INFO - [2023-11-20T19:39:25.672+0000] {dag.py:2941} INFO - Sync 6 DAGs
[2023-11-20T19:39:25.754+0000] {logging_mixin.py:151} INFO - [2023-11-20T19:39:25.754+0000] {dag.py:3722} INFO - Setting next_dagrun for dataset_consumes_1 to None, run_after=None
[2023-11-20T19:39:25.767+0000] {logging_mixin.py:151} INFO - [2023-11-20T19:39:25.767+0000] {dag.py:3722} INFO - Setting next_dagrun for dataset_consumes_1_and_2 to None, run_after=None
[2023-11-20T19:39:25.770+0000] {logging_mixin.py:151} INFO - [2023-11-20T19:39:25.769+0000] {dag.py:3722} INFO - Setting next_dagrun for dataset_consumes_1_never_scheduled to None, run_after=None
[2023-11-20T19:39:25.772+0000] {logging_mixin.py:151} INFO - [2023-11-20T19:39:25.772+0000] {dag.py:3722} INFO - Setting next_dagrun for dataset_consumes_unknown_never_scheduled to None, run_after=None
[2023-11-20T19:39:25.782+0000] {logging_mixin.py:151} INFO - [2023-11-20T19:39:25.781+0000] {dag.py:3722} INFO - Setting next_dagrun for dataset_produces_1 to 2023-11-19T00:00:00+00:00, run_after=2023-11-20T00:00:00+00:00
[2023-11-20T19:39:25.788+0000] {logging_mixin.py:151} INFO - [2023-11-20T19:39:25.788+0000] {dag.py:3722} INFO - Setting next_dagrun for dataset_produces_2 to None, run_after=None
[2023-11-20T19:39:25.899+0000] {processor.py:179} INFO - Processing /home/airflow/.local/lib/python3.8/site-packages/airflow/example_dags/example_datasets.py took 0.362 seconds
[2023-11-20T19:40:05.719+0000] {processor.py:157} INFO - Started process (PID=1962) to work on /home/airflow/.local/lib/python3.8/site-packages/airflow/example_dags/example_datasets.py
[2023-11-20T19:40:05.734+0000] {processor.py:829} INFO - Processing file /home/airflow/.local/lib/python3.8/site-packages/airflow/example_dags/example_datasets.py for tasks to queue
[2023-11-20T19:40:05.747+0000] {logging_mixin.py:151} INFO - [2023-11-20T19:40:05.737+0000] {dagbag.py:536} INFO - Filling up the DagBag from /home/airflow/.local/lib/python3.8/site-packages/airflow/example_dags/example_datasets.py
[2023-11-20T19:40:05.866+0000] {processor.py:839} INFO - DAG(s) dict_keys(['dataset_consumes_1', 'dataset_produces_1', 'dataset_consumes_1_never_scheduled', 'dataset_consumes_unknown_never_scheduled', 'dataset_produces_2', 'dataset_consumes_1_and_2']) retrieved from /home/airflow/.local/lib/python3.8/site-packages/airflow/example_dags/example_datasets.py
[2023-11-20T19:40:06.178+0000] {logging_mixin.py:151} INFO - [2023-11-20T19:40:06.176+0000] {dag.py:2941} INFO - Sync 6 DAGs
[2023-11-20T19:40:06.307+0000] {logging_mixin.py:151} INFO - [2023-11-20T19:40:06.306+0000] {dag.py:3722} INFO - Setting next_dagrun for dataset_consumes_1 to None, run_after=None
[2023-11-20T19:40:06.313+0000] {logging_mixin.py:151} INFO - [2023-11-20T19:40:06.313+0000] {dag.py:3722} INFO - Setting next_dagrun for dataset_consumes_1_and_2 to None, run_after=None
[2023-11-20T19:40:06.316+0000] {logging_mixin.py:151} INFO - [2023-11-20T19:40:06.316+0000] {dag.py:3722} INFO - Setting next_dagrun for dataset_consumes_1_never_scheduled to None, run_after=None
[2023-11-20T19:40:06.319+0000] {logging_mixin.py:151} INFO - [2023-11-20T19:40:06.319+0000] {dag.py:3722} INFO - Setting next_dagrun for dataset_consumes_unknown_never_scheduled to None, run_after=None
[2023-11-20T19:40:06.326+0000] {logging_mixin.py:151} INFO - [2023-11-20T19:40:06.326+0000] {dag.py:3722} INFO - Setting next_dagrun for dataset_produces_1 to 2023-11-19T00:00:00+00:00, run_after=2023-11-20T00:00:00+00:00
[2023-11-20T19:40:06.330+0000] {logging_mixin.py:151} INFO - [2023-11-20T19:40:06.329+0000] {dag.py:3722} INFO - Setting next_dagrun for dataset_produces_2 to None, run_after=None
[2023-11-20T19:40:06.501+0000] {processor.py:179} INFO - Processing /home/airflow/.local/lib/python3.8/site-packages/airflow/example_dags/example_datasets.py took 0.840 seconds
[2023-11-20T19:40:41.020+0000] {processor.py:157} INFO - Started process (PID=2021) to work on /home/airflow/.local/lib/python3.8/site-packages/airflow/example_dags/example_datasets.py
[2023-11-20T19:40:41.023+0000] {processor.py:829} INFO - Processing file /home/airflow/.local/lib/python3.8/site-packages/airflow/example_dags/example_datasets.py for tasks to queue
[2023-11-20T19:40:41.025+0000] {logging_mixin.py:151} INFO - [2023-11-20T19:40:41.024+0000] {dagbag.py:536} INFO - Filling up the DagBag from /home/airflow/.local/lib/python3.8/site-packages/airflow/example_dags/example_datasets.py
[2023-11-20T19:40:41.076+0000] {processor.py:839} INFO - DAG(s) dict_keys(['dataset_consumes_1_and_2', 'dataset_produces_1', 'dataset_consumes_unknown_never_scheduled', 'dataset_consumes_1', 'dataset_produces_2', 'dataset_consumes_1_never_scheduled']) retrieved from /home/airflow/.local/lib/python3.8/site-packages/airflow/example_dags/example_datasets.py
[2023-11-20T19:40:41.284+0000] {logging_mixin.py:151} INFO - [2023-11-20T19:40:41.283+0000] {dag.py:2941} INFO - Sync 6 DAGs
[2023-11-20T19:40:41.376+0000] {logging_mixin.py:151} INFO - [2023-11-20T19:40:41.375+0000] {dag.py:3722} INFO - Setting next_dagrun for dataset_consumes_1 to None, run_after=None
[2023-11-20T19:40:41.385+0000] {logging_mixin.py:151} INFO - [2023-11-20T19:40:41.385+0000] {dag.py:3722} INFO - Setting next_dagrun for dataset_consumes_1_and_2 to None, run_after=None
[2023-11-20T19:40:41.396+0000] {logging_mixin.py:151} INFO - [2023-11-20T19:40:41.395+0000] {dag.py:3722} INFO - Setting next_dagrun for dataset_consumes_1_never_scheduled to None, run_after=None
[2023-11-20T19:40:41.400+0000] {logging_mixin.py:151} INFO - [2023-11-20T19:40:41.399+0000] {dag.py:3722} INFO - Setting next_dagrun for dataset_consumes_unknown_never_scheduled to None, run_after=None
[2023-11-20T19:40:41.415+0000] {logging_mixin.py:151} INFO - [2023-11-20T19:40:41.414+0000] {dag.py:3722} INFO - Setting next_dagrun for dataset_produces_1 to 2023-11-19T00:00:00+00:00, run_after=2023-11-20T00:00:00+00:00
[2023-11-20T19:40:41.424+0000] {logging_mixin.py:151} INFO - [2023-11-20T19:40:41.424+0000] {dag.py:3722} INFO - Setting next_dagrun for dataset_produces_2 to None, run_after=None
[2023-11-20T19:40:42.648+0000] {processor.py:179} INFO - Processing /home/airflow/.local/lib/python3.8/site-packages/airflow/example_dags/example_datasets.py took 1.637 seconds
