[2023-11-20T19:19:49.067+0000] {processor.py:157} INFO - Started process (PID=132) to work on /home/airflow/.local/lib/python3.8/site-packages/airflow/example_dags/example_branch_day_of_week_operator.py
[2023-11-20T19:19:49.139+0000] {processor.py:829} INFO - Processing file /home/airflow/.local/lib/python3.8/site-packages/airflow/example_dags/example_branch_day_of_week_operator.py for tasks to queue
[2023-11-20T19:19:49.185+0000] {logging_mixin.py:151} INFO - [2023-11-20T19:19:49.171+0000] {dagbag.py:536} INFO - Filling up the DagBag from /home/airflow/.local/lib/python3.8/site-packages/airflow/example_dags/example_branch_day_of_week_operator.py
[2023-11-20T19:19:49.372+0000] {processor.py:839} INFO - DAG(s) dict_keys(['example_weekday_branch_operator']) retrieved from /home/airflow/.local/lib/python3.8/site-packages/airflow/example_dags/example_branch_day_of_week_operator.py
[2023-11-20T19:19:49.499+0000] {logging_mixin.py:151} INFO - [2023-11-20T19:19:49.499+0000] {dag.py:2941} INFO - Sync 1 DAGs
[2023-11-20T19:19:49.794+0000] {logging_mixin.py:151} INFO - [2023-11-20T19:19:49.793+0000] {dag.py:3722} INFO - Setting next_dagrun for example_weekday_branch_operator to 2023-11-19T00:00:00+00:00, run_after=2023-11-20T00:00:00+00:00
[2023-11-20T19:19:50.079+0000] {processor.py:179} INFO - Processing /home/airflow/.local/lib/python3.8/site-packages/airflow/example_dags/example_branch_day_of_week_operator.py took 1.097 seconds
[2023-11-20T19:21:49.270+0000] {processor.py:157} INFO - Started process (PID=206) to work on /home/airflow/.local/lib/python3.8/site-packages/airflow/example_dags/example_branch_day_of_week_operator.py
[2023-11-20T19:21:49.273+0000] {processor.py:829} INFO - Processing file /home/airflow/.local/lib/python3.8/site-packages/airflow/example_dags/example_branch_day_of_week_operator.py for tasks to queue
[2023-11-20T19:21:49.288+0000] {logging_mixin.py:151} INFO - [2023-11-20T19:21:49.287+0000] {dagbag.py:536} INFO - Filling up the DagBag from /home/airflow/.local/lib/python3.8/site-packages/airflow/example_dags/example_branch_day_of_week_operator.py
[2023-11-20T19:21:49.379+0000] {processor.py:839} INFO - DAG(s) dict_keys(['example_weekday_branch_operator']) retrieved from /home/airflow/.local/lib/python3.8/site-packages/airflow/example_dags/example_branch_day_of_week_operator.py
[2023-11-20T19:21:49.665+0000] {logging_mixin.py:151} INFO - [2023-11-20T19:21:49.664+0000] {dag.py:2941} INFO - Sync 1 DAGs
[2023-11-20T19:21:49.849+0000] {logging_mixin.py:151} INFO - [2023-11-20T19:21:49.848+0000] {dag.py:3722} INFO - Setting next_dagrun for example_weekday_branch_operator to 2023-11-19T00:00:00+00:00, run_after=2023-11-20T00:00:00+00:00
[2023-11-20T19:21:49.962+0000] {processor.py:179} INFO - Processing /home/airflow/.local/lib/python3.8/site-packages/airflow/example_dags/example_branch_day_of_week_operator.py took 0.708 seconds
[2023-11-20T19:22:42.156+0000] {processor.py:157} INFO - Started process (PID=273) to work on /home/airflow/.local/lib/python3.8/site-packages/airflow/example_dags/example_branch_day_of_week_operator.py
[2023-11-20T19:22:42.159+0000] {processor.py:829} INFO - Processing file /home/airflow/.local/lib/python3.8/site-packages/airflow/example_dags/example_branch_day_of_week_operator.py for tasks to queue
[2023-11-20T19:22:42.161+0000] {logging_mixin.py:151} INFO - [2023-11-20T19:22:42.161+0000] {dagbag.py:536} INFO - Filling up the DagBag from /home/airflow/.local/lib/python3.8/site-packages/airflow/example_dags/example_branch_day_of_week_operator.py
[2023-11-20T19:22:42.173+0000] {processor.py:839} INFO - DAG(s) dict_keys(['example_weekday_branch_operator']) retrieved from /home/airflow/.local/lib/python3.8/site-packages/airflow/example_dags/example_branch_day_of_week_operator.py
[2023-11-20T19:22:42.222+0000] {logging_mixin.py:151} INFO - [2023-11-20T19:22:42.221+0000] {dag.py:2941} INFO - Sync 1 DAGs
[2023-11-20T19:22:42.351+0000] {logging_mixin.py:151} INFO - [2023-11-20T19:22:42.350+0000] {dag.py:3722} INFO - Setting next_dagrun for example_weekday_branch_operator to 2023-11-19T00:00:00+00:00, run_after=2023-11-20T00:00:00+00:00
[2023-11-20T19:22:42.398+0000] {processor.py:179} INFO - Processing /home/airflow/.local/lib/python3.8/site-packages/airflow/example_dags/example_branch_day_of_week_operator.py took 0.246 seconds
[2023-11-20T19:23:20.947+0000] {processor.py:157} INFO - Started process (PID=333) to work on /home/airflow/.local/lib/python3.8/site-packages/airflow/example_dags/example_branch_day_of_week_operator.py
[2023-11-20T19:23:20.950+0000] {processor.py:829} INFO - Processing file /home/airflow/.local/lib/python3.8/site-packages/airflow/example_dags/example_branch_day_of_week_operator.py for tasks to queue
[2023-11-20T19:23:20.952+0000] {logging_mixin.py:151} INFO - [2023-11-20T19:23:20.951+0000] {dagbag.py:536} INFO - Filling up the DagBag from /home/airflow/.local/lib/python3.8/site-packages/airflow/example_dags/example_branch_day_of_week_operator.py
[2023-11-20T19:23:20.966+0000] {processor.py:839} INFO - DAG(s) dict_keys(['example_weekday_branch_operator']) retrieved from /home/airflow/.local/lib/python3.8/site-packages/airflow/example_dags/example_branch_day_of_week_operator.py
[2023-11-20T19:23:21.006+0000] {logging_mixin.py:151} INFO - [2023-11-20T19:23:21.006+0000] {dag.py:2941} INFO - Sync 1 DAGs
[2023-11-20T19:23:21.042+0000] {logging_mixin.py:151} INFO - [2023-11-20T19:23:21.042+0000] {dag.py:3722} INFO - Setting next_dagrun for example_weekday_branch_operator to 2023-11-19T00:00:00+00:00, run_after=2023-11-20T00:00:00+00:00
[2023-11-20T19:23:21.091+0000] {processor.py:179} INFO - Processing /home/airflow/.local/lib/python3.8/site-packages/airflow/example_dags/example_branch_day_of_week_operator.py took 0.149 seconds
[2023-11-20T19:23:58.191+0000] {processor.py:157} INFO - Started process (PID=398) to work on /home/airflow/.local/lib/python3.8/site-packages/airflow/example_dags/example_branch_day_of_week_operator.py
[2023-11-20T19:23:58.197+0000] {processor.py:829} INFO - Processing file /home/airflow/.local/lib/python3.8/site-packages/airflow/example_dags/example_branch_day_of_week_operator.py for tasks to queue
[2023-11-20T19:23:58.199+0000] {logging_mixin.py:151} INFO - [2023-11-20T19:23:58.198+0000] {dagbag.py:536} INFO - Filling up the DagBag from /home/airflow/.local/lib/python3.8/site-packages/airflow/example_dags/example_branch_day_of_week_operator.py
[2023-11-20T19:23:58.218+0000] {processor.py:839} INFO - DAG(s) dict_keys(['example_weekday_branch_operator']) retrieved from /home/airflow/.local/lib/python3.8/site-packages/airflow/example_dags/example_branch_day_of_week_operator.py
[2023-11-20T19:23:58.286+0000] {logging_mixin.py:151} INFO - [2023-11-20T19:23:58.285+0000] {dag.py:2941} INFO - Sync 1 DAGs
[2023-11-20T19:23:58.344+0000] {logging_mixin.py:151} INFO - [2023-11-20T19:23:58.344+0000] {dag.py:3722} INFO - Setting next_dagrun for example_weekday_branch_operator to 2023-11-19T00:00:00+00:00, run_after=2023-11-20T00:00:00+00:00
[2023-11-20T19:23:58.399+0000] {processor.py:179} INFO - Processing /home/airflow/.local/lib/python3.8/site-packages/airflow/example_dags/example_branch_day_of_week_operator.py took 0.218 seconds
[2023-11-20T19:24:28.811+0000] {processor.py:157} INFO - Started process (PID=458) to work on /home/airflow/.local/lib/python3.8/site-packages/airflow/example_dags/example_branch_day_of_week_operator.py
[2023-11-20T19:24:28.813+0000] {processor.py:829} INFO - Processing file /home/airflow/.local/lib/python3.8/site-packages/airflow/example_dags/example_branch_day_of_week_operator.py for tasks to queue
[2023-11-20T19:24:28.814+0000] {logging_mixin.py:151} INFO - [2023-11-20T19:24:28.814+0000] {dagbag.py:536} INFO - Filling up the DagBag from /home/airflow/.local/lib/python3.8/site-packages/airflow/example_dags/example_branch_day_of_week_operator.py
[2023-11-20T19:24:28.825+0000] {processor.py:839} INFO - DAG(s) dict_keys(['example_weekday_branch_operator']) retrieved from /home/airflow/.local/lib/python3.8/site-packages/airflow/example_dags/example_branch_day_of_week_operator.py
[2023-11-20T19:24:28.852+0000] {logging_mixin.py:151} INFO - [2023-11-20T19:24:28.852+0000] {dag.py:2941} INFO - Sync 1 DAGs
[2023-11-20T19:24:28.884+0000] {logging_mixin.py:151} INFO - [2023-11-20T19:24:28.884+0000] {dag.py:3722} INFO - Setting next_dagrun for example_weekday_branch_operator to 2023-11-19T00:00:00+00:00, run_after=2023-11-20T00:00:00+00:00
[2023-11-20T19:24:28.907+0000] {processor.py:179} INFO - Processing /home/airflow/.local/lib/python3.8/site-packages/airflow/example_dags/example_branch_day_of_week_operator.py took 0.101 seconds
[2023-11-20T19:25:23.238+0000] {processor.py:157} INFO - Started process (PID=526) to work on /home/airflow/.local/lib/python3.8/site-packages/airflow/example_dags/example_branch_day_of_week_operator.py
[2023-11-20T19:25:23.243+0000] {processor.py:829} INFO - Processing file /home/airflow/.local/lib/python3.8/site-packages/airflow/example_dags/example_branch_day_of_week_operator.py for tasks to queue
[2023-11-20T19:25:23.252+0000] {logging_mixin.py:151} INFO - [2023-11-20T19:25:23.251+0000] {dagbag.py:536} INFO - Filling up the DagBag from /home/airflow/.local/lib/python3.8/site-packages/airflow/example_dags/example_branch_day_of_week_operator.py
[2023-11-20T19:25:23.278+0000] {processor.py:839} INFO - DAG(s) dict_keys(['example_weekday_branch_operator']) retrieved from /home/airflow/.local/lib/python3.8/site-packages/airflow/example_dags/example_branch_day_of_week_operator.py
[2023-11-20T19:25:23.327+0000] {logging_mixin.py:151} INFO - [2023-11-20T19:25:23.326+0000] {dag.py:2941} INFO - Sync 1 DAGs
[2023-11-20T19:25:23.378+0000] {logging_mixin.py:151} INFO - [2023-11-20T19:25:23.377+0000] {dag.py:3722} INFO - Setting next_dagrun for example_weekday_branch_operator to 2023-11-19T00:00:00+00:00, run_after=2023-11-20T00:00:00+00:00
[2023-11-20T19:25:23.447+0000] {processor.py:179} INFO - Processing /home/airflow/.local/lib/python3.8/site-packages/airflow/example_dags/example_branch_day_of_week_operator.py took 0.217 seconds
[2023-11-20T19:25:56.012+0000] {processor.py:157} INFO - Started process (PID=589) to work on /home/airflow/.local/lib/python3.8/site-packages/airflow/example_dags/example_branch_day_of_week_operator.py
[2023-11-20T19:25:56.019+0000] {processor.py:829} INFO - Processing file /home/airflow/.local/lib/python3.8/site-packages/airflow/example_dags/example_branch_day_of_week_operator.py for tasks to queue
[2023-11-20T19:25:56.021+0000] {logging_mixin.py:151} INFO - [2023-11-20T19:25:56.021+0000] {dagbag.py:536} INFO - Filling up the DagBag from /home/airflow/.local/lib/python3.8/site-packages/airflow/example_dags/example_branch_day_of_week_operator.py
[2023-11-20T19:25:56.035+0000] {processor.py:839} INFO - DAG(s) dict_keys(['example_weekday_branch_operator']) retrieved from /home/airflow/.local/lib/python3.8/site-packages/airflow/example_dags/example_branch_day_of_week_operator.py
[2023-11-20T19:25:56.071+0000] {logging_mixin.py:151} INFO - [2023-11-20T19:25:56.070+0000] {dag.py:2941} INFO - Sync 1 DAGs
[2023-11-20T19:25:56.104+0000] {logging_mixin.py:151} INFO - [2023-11-20T19:25:56.104+0000] {dag.py:3722} INFO - Setting next_dagrun for example_weekday_branch_operator to 2023-11-19T00:00:00+00:00, run_after=2023-11-20T00:00:00+00:00
[2023-11-20T19:25:56.129+0000] {processor.py:179} INFO - Processing /home/airflow/.local/lib/python3.8/site-packages/airflow/example_dags/example_branch_day_of_week_operator.py took 0.124 seconds
[2023-11-20T19:26:29.341+0000] {processor.py:157} INFO - Started process (PID=657) to work on /home/airflow/.local/lib/python3.8/site-packages/airflow/example_dags/example_branch_day_of_week_operator.py
[2023-11-20T19:26:29.345+0000] {processor.py:829} INFO - Processing file /home/airflow/.local/lib/python3.8/site-packages/airflow/example_dags/example_branch_day_of_week_operator.py for tasks to queue
[2023-11-20T19:26:29.346+0000] {logging_mixin.py:151} INFO - [2023-11-20T19:26:29.346+0000] {dagbag.py:536} INFO - Filling up the DagBag from /home/airflow/.local/lib/python3.8/site-packages/airflow/example_dags/example_branch_day_of_week_operator.py
[2023-11-20T19:26:29.356+0000] {processor.py:839} INFO - DAG(s) dict_keys(['example_weekday_branch_operator']) retrieved from /home/airflow/.local/lib/python3.8/site-packages/airflow/example_dags/example_branch_day_of_week_operator.py
[2023-11-20T19:26:29.384+0000] {logging_mixin.py:151} INFO - [2023-11-20T19:26:29.383+0000] {dag.py:2941} INFO - Sync 1 DAGs
[2023-11-20T19:26:29.421+0000] {logging_mixin.py:151} INFO - [2023-11-20T19:26:29.420+0000] {dag.py:3722} INFO - Setting next_dagrun for example_weekday_branch_operator to 2023-11-19T00:00:00+00:00, run_after=2023-11-20T00:00:00+00:00
[2023-11-20T19:26:29.447+0000] {processor.py:179} INFO - Processing /home/airflow/.local/lib/python3.8/site-packages/airflow/example_dags/example_branch_day_of_week_operator.py took 0.111 seconds
[2023-11-20T19:27:03.965+0000] {processor.py:157} INFO - Started process (PID=717) to work on /home/airflow/.local/lib/python3.8/site-packages/airflow/example_dags/example_branch_day_of_week_operator.py
[2023-11-20T19:27:03.967+0000] {processor.py:829} INFO - Processing file /home/airflow/.local/lib/python3.8/site-packages/airflow/example_dags/example_branch_day_of_week_operator.py for tasks to queue
[2023-11-20T19:27:03.969+0000] {logging_mixin.py:151} INFO - [2023-11-20T19:27:03.968+0000] {dagbag.py:536} INFO - Filling up the DagBag from /home/airflow/.local/lib/python3.8/site-packages/airflow/example_dags/example_branch_day_of_week_operator.py
[2023-11-20T19:27:03.978+0000] {processor.py:839} INFO - DAG(s) dict_keys(['example_weekday_branch_operator']) retrieved from /home/airflow/.local/lib/python3.8/site-packages/airflow/example_dags/example_branch_day_of_week_operator.py
[2023-11-20T19:27:04.009+0000] {logging_mixin.py:151} INFO - [2023-11-20T19:27:04.008+0000] {dag.py:2941} INFO - Sync 1 DAGs
[2023-11-20T19:27:04.040+0000] {logging_mixin.py:151} INFO - [2023-11-20T19:27:04.040+0000] {dag.py:3722} INFO - Setting next_dagrun for example_weekday_branch_operator to 2023-11-19T00:00:00+00:00, run_after=2023-11-20T00:00:00+00:00
[2023-11-20T19:27:04.115+0000] {processor.py:179} INFO - Processing /home/airflow/.local/lib/python3.8/site-packages/airflow/example_dags/example_branch_day_of_week_operator.py took 0.155 seconds
[2023-11-20T19:27:37.284+0000] {processor.py:157} INFO - Started process (PID=777) to work on /home/airflow/.local/lib/python3.8/site-packages/airflow/example_dags/example_branch_day_of_week_operator.py
[2023-11-20T19:27:37.287+0000] {processor.py:829} INFO - Processing file /home/airflow/.local/lib/python3.8/site-packages/airflow/example_dags/example_branch_day_of_week_operator.py for tasks to queue
[2023-11-20T19:27:37.289+0000] {logging_mixin.py:151} INFO - [2023-11-20T19:27:37.288+0000] {dagbag.py:536} INFO - Filling up the DagBag from /home/airflow/.local/lib/python3.8/site-packages/airflow/example_dags/example_branch_day_of_week_operator.py
[2023-11-20T19:27:37.325+0000] {processor.py:839} INFO - DAG(s) dict_keys(['example_weekday_branch_operator']) retrieved from /home/airflow/.local/lib/python3.8/site-packages/airflow/example_dags/example_branch_day_of_week_operator.py
[2023-11-20T19:27:37.395+0000] {logging_mixin.py:151} INFO - [2023-11-20T19:27:37.394+0000] {dag.py:2941} INFO - Sync 1 DAGs
[2023-11-20T19:27:37.466+0000] {logging_mixin.py:151} INFO - [2023-11-20T19:27:37.466+0000] {dag.py:3722} INFO - Setting next_dagrun for example_weekday_branch_operator to 2023-11-19T00:00:00+00:00, run_after=2023-11-20T00:00:00+00:00
[2023-11-20T19:27:37.502+0000] {processor.py:179} INFO - Processing /home/airflow/.local/lib/python3.8/site-packages/airflow/example_dags/example_branch_day_of_week_operator.py took 0.227 seconds
[2023-11-20T19:28:10.500+0000] {processor.py:157} INFO - Started process (PID=838) to work on /home/airflow/.local/lib/python3.8/site-packages/airflow/example_dags/example_branch_day_of_week_operator.py
[2023-11-20T19:28:10.503+0000] {processor.py:829} INFO - Processing file /home/airflow/.local/lib/python3.8/site-packages/airflow/example_dags/example_branch_day_of_week_operator.py for tasks to queue
[2023-11-20T19:28:10.508+0000] {logging_mixin.py:151} INFO - [2023-11-20T19:28:10.507+0000] {dagbag.py:536} INFO - Filling up the DagBag from /home/airflow/.local/lib/python3.8/site-packages/airflow/example_dags/example_branch_day_of_week_operator.py
[2023-11-20T19:28:10.539+0000] {processor.py:839} INFO - DAG(s) dict_keys(['example_weekday_branch_operator']) retrieved from /home/airflow/.local/lib/python3.8/site-packages/airflow/example_dags/example_branch_day_of_week_operator.py
[2023-11-20T19:28:10.615+0000] {logging_mixin.py:151} INFO - [2023-11-20T19:28:10.614+0000] {dag.py:2941} INFO - Sync 1 DAGs
[2023-11-20T19:28:10.772+0000] {logging_mixin.py:151} INFO - [2023-11-20T19:28:10.771+0000] {dag.py:3722} INFO - Setting next_dagrun for example_weekday_branch_operator to 2023-11-19T00:00:00+00:00, run_after=2023-11-20T00:00:00+00:00
[2023-11-20T19:28:10.877+0000] {processor.py:179} INFO - Processing /home/airflow/.local/lib/python3.8/site-packages/airflow/example_dags/example_branch_day_of_week_operator.py took 0.385 seconds
[2023-11-20T19:28:44.148+0000] {processor.py:157} INFO - Started process (PID=910) to work on /home/airflow/.local/lib/python3.8/site-packages/airflow/example_dags/example_branch_day_of_week_operator.py
[2023-11-20T19:28:44.151+0000] {processor.py:829} INFO - Processing file /home/airflow/.local/lib/python3.8/site-packages/airflow/example_dags/example_branch_day_of_week_operator.py for tasks to queue
[2023-11-20T19:28:44.156+0000] {logging_mixin.py:151} INFO - [2023-11-20T19:28:44.155+0000] {dagbag.py:536} INFO - Filling up the DagBag from /home/airflow/.local/lib/python3.8/site-packages/airflow/example_dags/example_branch_day_of_week_operator.py
[2023-11-20T19:28:44.184+0000] {processor.py:839} INFO - DAG(s) dict_keys(['example_weekday_branch_operator']) retrieved from /home/airflow/.local/lib/python3.8/site-packages/airflow/example_dags/example_branch_day_of_week_operator.py
[2023-11-20T19:28:44.255+0000] {logging_mixin.py:151} INFO - [2023-11-20T19:28:44.254+0000] {dag.py:2941} INFO - Sync 1 DAGs
[2023-11-20T19:28:44.327+0000] {logging_mixin.py:151} INFO - [2023-11-20T19:28:44.327+0000] {dag.py:3722} INFO - Setting next_dagrun for example_weekday_branch_operator to 2023-11-19T00:00:00+00:00, run_after=2023-11-20T00:00:00+00:00
[2023-11-20T19:28:44.384+0000] {processor.py:179} INFO - Processing /home/airflow/.local/lib/python3.8/site-packages/airflow/example_dags/example_branch_day_of_week_operator.py took 0.246 seconds
[2023-11-20T19:29:24.639+0000] {processor.py:157} INFO - Started process (PID=971) to work on /home/airflow/.local/lib/python3.8/site-packages/airflow/example_dags/example_branch_day_of_week_operator.py
[2023-11-20T19:29:24.646+0000] {processor.py:829} INFO - Processing file /home/airflow/.local/lib/python3.8/site-packages/airflow/example_dags/example_branch_day_of_week_operator.py for tasks to queue
[2023-11-20T19:29:24.658+0000] {logging_mixin.py:151} INFO - [2023-11-20T19:29:24.652+0000] {dagbag.py:536} INFO - Filling up the DagBag from /home/airflow/.local/lib/python3.8/site-packages/airflow/example_dags/example_branch_day_of_week_operator.py
[2023-11-20T19:29:24.715+0000] {processor.py:839} INFO - DAG(s) dict_keys(['example_weekday_branch_operator']) retrieved from /home/airflow/.local/lib/python3.8/site-packages/airflow/example_dags/example_branch_day_of_week_operator.py
[2023-11-20T19:29:24.891+0000] {logging_mixin.py:151} INFO - [2023-11-20T19:29:24.890+0000] {dag.py:2941} INFO - Sync 1 DAGs
[2023-11-20T19:29:25.028+0000] {logging_mixin.py:151} INFO - [2023-11-20T19:29:25.028+0000] {dag.py:3722} INFO - Setting next_dagrun for example_weekday_branch_operator to 2023-11-19T00:00:00+00:00, run_after=2023-11-20T00:00:00+00:00
[2023-11-20T19:29:25.219+0000] {processor.py:179} INFO - Processing /home/airflow/.local/lib/python3.8/site-packages/airflow/example_dags/example_branch_day_of_week_operator.py took 0.630 seconds
[2023-11-20T19:29:56.035+0000] {processor.py:157} INFO - Started process (PID=1032) to work on /home/airflow/.local/lib/python3.8/site-packages/airflow/example_dags/example_branch_day_of_week_operator.py
[2023-11-20T19:29:56.041+0000] {processor.py:829} INFO - Processing file /home/airflow/.local/lib/python3.8/site-packages/airflow/example_dags/example_branch_day_of_week_operator.py for tasks to queue
[2023-11-20T19:29:56.045+0000] {logging_mixin.py:151} INFO - [2023-11-20T19:29:56.044+0000] {dagbag.py:536} INFO - Filling up the DagBag from /home/airflow/.local/lib/python3.8/site-packages/airflow/example_dags/example_branch_day_of_week_operator.py
[2023-11-20T19:29:56.074+0000] {processor.py:839} INFO - DAG(s) dict_keys(['example_weekday_branch_operator']) retrieved from /home/airflow/.local/lib/python3.8/site-packages/airflow/example_dags/example_branch_day_of_week_operator.py
[2023-11-20T19:29:56.124+0000] {logging_mixin.py:151} INFO - [2023-11-20T19:29:56.123+0000] {dag.py:2941} INFO - Sync 1 DAGs
[2023-11-20T19:29:56.190+0000] {logging_mixin.py:151} INFO - [2023-11-20T19:29:56.189+0000] {dag.py:3722} INFO - Setting next_dagrun for example_weekday_branch_operator to 2023-11-19T00:00:00+00:00, run_after=2023-11-20T00:00:00+00:00
[2023-11-20T19:29:56.249+0000] {processor.py:179} INFO - Processing /home/airflow/.local/lib/python3.8/site-packages/airflow/example_dags/example_branch_day_of_week_operator.py took 0.223 seconds
[2023-11-20T19:30:28.758+0000] {processor.py:157} INFO - Started process (PID=1092) to work on /home/airflow/.local/lib/python3.8/site-packages/airflow/example_dags/example_branch_day_of_week_operator.py
[2023-11-20T19:30:28.760+0000] {processor.py:829} INFO - Processing file /home/airflow/.local/lib/python3.8/site-packages/airflow/example_dags/example_branch_day_of_week_operator.py for tasks to queue
[2023-11-20T19:30:28.763+0000] {logging_mixin.py:151} INFO - [2023-11-20T19:30:28.762+0000] {dagbag.py:536} INFO - Filling up the DagBag from /home/airflow/.local/lib/python3.8/site-packages/airflow/example_dags/example_branch_day_of_week_operator.py
[2023-11-20T19:30:28.788+0000] {processor.py:839} INFO - DAG(s) dict_keys(['example_weekday_branch_operator']) retrieved from /home/airflow/.local/lib/python3.8/site-packages/airflow/example_dags/example_branch_day_of_week_operator.py
[2023-11-20T19:30:28.883+0000] {logging_mixin.py:151} INFO - [2023-11-20T19:30:28.882+0000] {dag.py:2941} INFO - Sync 1 DAGs
[2023-11-20T19:30:28.961+0000] {logging_mixin.py:151} INFO - [2023-11-20T19:30:28.961+0000] {dag.py:3722} INFO - Setting next_dagrun for example_weekday_branch_operator to 2023-11-19T00:00:00+00:00, run_after=2023-11-20T00:00:00+00:00
[2023-11-20T19:30:29.019+0000] {processor.py:179} INFO - Processing /home/airflow/.local/lib/python3.8/site-packages/airflow/example_dags/example_branch_day_of_week_operator.py took 0.271 seconds
[2023-11-20T19:31:11.959+0000] {processor.py:157} INFO - Started process (PID=1152) to work on /home/airflow/.local/lib/python3.8/site-packages/airflow/example_dags/example_branch_day_of_week_operator.py
[2023-11-20T19:31:11.962+0000] {processor.py:829} INFO - Processing file /home/airflow/.local/lib/python3.8/site-packages/airflow/example_dags/example_branch_day_of_week_operator.py for tasks to queue
[2023-11-20T19:31:11.965+0000] {logging_mixin.py:151} INFO - [2023-11-20T19:31:11.965+0000] {dagbag.py:536} INFO - Filling up the DagBag from /home/airflow/.local/lib/python3.8/site-packages/airflow/example_dags/example_branch_day_of_week_operator.py
[2023-11-20T19:31:11.986+0000] {processor.py:839} INFO - DAG(s) dict_keys(['example_weekday_branch_operator']) retrieved from /home/airflow/.local/lib/python3.8/site-packages/airflow/example_dags/example_branch_day_of_week_operator.py
[2023-11-20T19:31:12.162+0000] {logging_mixin.py:151} INFO - [2023-11-20T19:31:12.161+0000] {dag.py:2941} INFO - Sync 1 DAGs
[2023-11-20T19:31:12.291+0000] {logging_mixin.py:151} INFO - [2023-11-20T19:31:12.289+0000] {dag.py:3722} INFO - Setting next_dagrun for example_weekday_branch_operator to 2023-11-19T00:00:00+00:00, run_after=2023-11-20T00:00:00+00:00
[2023-11-20T19:31:12.385+0000] {processor.py:179} INFO - Processing /home/airflow/.local/lib/python3.8/site-packages/airflow/example_dags/example_branch_day_of_week_operator.py took 0.438 seconds
[2023-11-20T19:31:44.080+0000] {processor.py:157} INFO - Started process (PID=1212) to work on /home/airflow/.local/lib/python3.8/site-packages/airflow/example_dags/example_branch_day_of_week_operator.py
[2023-11-20T19:31:44.083+0000] {processor.py:829} INFO - Processing file /home/airflow/.local/lib/python3.8/site-packages/airflow/example_dags/example_branch_day_of_week_operator.py for tasks to queue
[2023-11-20T19:31:44.086+0000] {logging_mixin.py:151} INFO - [2023-11-20T19:31:44.085+0000] {dagbag.py:536} INFO - Filling up the DagBag from /home/airflow/.local/lib/python3.8/site-packages/airflow/example_dags/example_branch_day_of_week_operator.py
[2023-11-20T19:31:44.109+0000] {processor.py:839} INFO - DAG(s) dict_keys(['example_weekday_branch_operator']) retrieved from /home/airflow/.local/lib/python3.8/site-packages/airflow/example_dags/example_branch_day_of_week_operator.py
[2023-11-20T19:31:44.224+0000] {logging_mixin.py:151} INFO - [2023-11-20T19:31:44.223+0000] {dag.py:2941} INFO - Sync 1 DAGs
[2023-11-20T19:31:44.301+0000] {logging_mixin.py:151} INFO - [2023-11-20T19:31:44.301+0000] {dag.py:3722} INFO - Setting next_dagrun for example_weekday_branch_operator to 2023-11-19T00:00:00+00:00, run_after=2023-11-20T00:00:00+00:00
[2023-11-20T19:31:44.361+0000] {processor.py:179} INFO - Processing /home/airflow/.local/lib/python3.8/site-packages/airflow/example_dags/example_branch_day_of_week_operator.py took 0.290 seconds
[2023-11-20T19:33:31.043+0000] {processor.py:157} INFO - Started process (PID=1291) to work on /home/airflow/.local/lib/python3.8/site-packages/airflow/example_dags/example_branch_day_of_week_operator.py
[2023-11-20T19:33:31.046+0000] {processor.py:829} INFO - Processing file /home/airflow/.local/lib/python3.8/site-packages/airflow/example_dags/example_branch_day_of_week_operator.py for tasks to queue
[2023-11-20T19:33:31.047+0000] {logging_mixin.py:151} INFO - [2023-11-20T19:33:31.047+0000] {dagbag.py:536} INFO - Filling up the DagBag from /home/airflow/.local/lib/python3.8/site-packages/airflow/example_dags/example_branch_day_of_week_operator.py
[2023-11-20T19:33:31.064+0000] {processor.py:839} INFO - DAG(s) dict_keys(['example_weekday_branch_operator']) retrieved from /home/airflow/.local/lib/python3.8/site-packages/airflow/example_dags/example_branch_day_of_week_operator.py
[2023-11-20T19:33:31.119+0000] {logging_mixin.py:151} INFO - [2023-11-20T19:33:31.118+0000] {dag.py:2941} INFO - Sync 1 DAGs
[2023-11-20T19:33:31.176+0000] {logging_mixin.py:151} INFO - [2023-11-20T19:33:31.175+0000] {dag.py:3722} INFO - Setting next_dagrun for example_weekday_branch_operator to 2023-11-19T00:00:00+00:00, run_after=2023-11-20T00:00:00+00:00
[2023-11-20T19:33:31.225+0000] {processor.py:179} INFO - Processing /home/airflow/.local/lib/python3.8/site-packages/airflow/example_dags/example_branch_day_of_week_operator.py took 0.187 seconds
[2023-11-20T19:34:02.656+0000] {processor.py:157} INFO - Started process (PID=1350) to work on /home/airflow/.local/lib/python3.8/site-packages/airflow/example_dags/example_branch_day_of_week_operator.py
[2023-11-20T19:34:02.662+0000] {processor.py:829} INFO - Processing file /home/airflow/.local/lib/python3.8/site-packages/airflow/example_dags/example_branch_day_of_week_operator.py for tasks to queue
[2023-11-20T19:34:02.664+0000] {logging_mixin.py:151} INFO - [2023-11-20T19:34:02.663+0000] {dagbag.py:536} INFO - Filling up the DagBag from /home/airflow/.local/lib/python3.8/site-packages/airflow/example_dags/example_branch_day_of_week_operator.py
[2023-11-20T19:34:02.712+0000] {processor.py:839} INFO - DAG(s) dict_keys(['example_weekday_branch_operator']) retrieved from /home/airflow/.local/lib/python3.8/site-packages/airflow/example_dags/example_branch_day_of_week_operator.py
[2023-11-20T19:34:02.834+0000] {logging_mixin.py:151} INFO - [2023-11-20T19:34:02.833+0000] {dag.py:2941} INFO - Sync 1 DAGs
[2023-11-20T19:34:03.170+0000] {logging_mixin.py:151} INFO - [2023-11-20T19:34:03.170+0000] {dag.py:3722} INFO - Setting next_dagrun for example_weekday_branch_operator to 2023-11-19T00:00:00+00:00, run_after=2023-11-20T00:00:00+00:00
[2023-11-20T19:34:03.206+0000] {processor.py:179} INFO - Processing /home/airflow/.local/lib/python3.8/site-packages/airflow/example_dags/example_branch_day_of_week_operator.py took 0.555 seconds
[2023-11-20T19:34:41.420+0000] {processor.py:157} INFO - Started process (PID=1417) to work on /home/airflow/.local/lib/python3.8/site-packages/airflow/example_dags/example_branch_day_of_week_operator.py
[2023-11-20T19:34:41.437+0000] {processor.py:829} INFO - Processing file /home/airflow/.local/lib/python3.8/site-packages/airflow/example_dags/example_branch_day_of_week_operator.py for tasks to queue
[2023-11-20T19:34:41.464+0000] {logging_mixin.py:151} INFO - [2023-11-20T19:34:41.460+0000] {dagbag.py:536} INFO - Filling up the DagBag from /home/airflow/.local/lib/python3.8/site-packages/airflow/example_dags/example_branch_day_of_week_operator.py
[2023-11-20T19:34:41.668+0000] {processor.py:839} INFO - DAG(s) dict_keys(['example_weekday_branch_operator']) retrieved from /home/airflow/.local/lib/python3.8/site-packages/airflow/example_dags/example_branch_day_of_week_operator.py
[2023-11-20T19:34:42.052+0000] {logging_mixin.py:151} INFO - [2023-11-20T19:34:42.049+0000] {dag.py:2941} INFO - Sync 1 DAGs
[2023-11-20T19:34:43.135+0000] {logging_mixin.py:151} INFO - [2023-11-20T19:34:43.126+0000] {dag.py:3722} INFO - Setting next_dagrun for example_weekday_branch_operator to 2023-11-19T00:00:00+00:00, run_after=2023-11-20T00:00:00+00:00
[2023-11-20T19:34:43.521+0000] {processor.py:179} INFO - Processing /home/airflow/.local/lib/python3.8/site-packages/airflow/example_dags/example_branch_day_of_week_operator.py took 2.140 seconds
[2023-11-20T19:35:14.510+0000] {processor.py:157} INFO - Started process (PID=1475) to work on /home/airflow/.local/lib/python3.8/site-packages/airflow/example_dags/example_branch_day_of_week_operator.py
[2023-11-20T19:35:14.574+0000] {processor.py:829} INFO - Processing file /home/airflow/.local/lib/python3.8/site-packages/airflow/example_dags/example_branch_day_of_week_operator.py for tasks to queue
[2023-11-20T19:35:14.633+0000] {logging_mixin.py:151} INFO - [2023-11-20T19:35:14.613+0000] {dagbag.py:536} INFO - Filling up the DagBag from /home/airflow/.local/lib/python3.8/site-packages/airflow/example_dags/example_branch_day_of_week_operator.py
[2023-11-20T19:35:14.946+0000] {processor.py:839} INFO - DAG(s) dict_keys(['example_weekday_branch_operator']) retrieved from /home/airflow/.local/lib/python3.8/site-packages/airflow/example_dags/example_branch_day_of_week_operator.py
[2023-11-20T19:35:15.925+0000] {logging_mixin.py:151} INFO - [2023-11-20T19:35:15.913+0000] {dag.py:2941} INFO - Sync 1 DAGs
[2023-11-20T19:35:16.227+0000] {logging_mixin.py:151} INFO - [2023-11-20T19:35:16.226+0000] {dag.py:3722} INFO - Setting next_dagrun for example_weekday_branch_operator to 2023-11-19T00:00:00+00:00, run_after=2023-11-20T00:00:00+00:00
[2023-11-20T19:35:16.355+0000] {processor.py:179} INFO - Processing /home/airflow/.local/lib/python3.8/site-packages/airflow/example_dags/example_branch_day_of_week_operator.py took 1.906 seconds
[2023-11-20T19:35:47.135+0000] {processor.py:157} INFO - Started process (PID=1535) to work on /home/airflow/.local/lib/python3.8/site-packages/airflow/example_dags/example_branch_day_of_week_operator.py
[2023-11-20T19:35:47.140+0000] {processor.py:829} INFO - Processing file /home/airflow/.local/lib/python3.8/site-packages/airflow/example_dags/example_branch_day_of_week_operator.py for tasks to queue
[2023-11-20T19:35:47.144+0000] {logging_mixin.py:151} INFO - [2023-11-20T19:35:47.143+0000] {dagbag.py:536} INFO - Filling up the DagBag from /home/airflow/.local/lib/python3.8/site-packages/airflow/example_dags/example_branch_day_of_week_operator.py
[2023-11-20T19:35:47.184+0000] {processor.py:839} INFO - DAG(s) dict_keys(['example_weekday_branch_operator']) retrieved from /home/airflow/.local/lib/python3.8/site-packages/airflow/example_dags/example_branch_day_of_week_operator.py
[2023-11-20T19:35:47.301+0000] {logging_mixin.py:151} INFO - [2023-11-20T19:35:47.299+0000] {dag.py:2941} INFO - Sync 1 DAGs
[2023-11-20T19:35:47.525+0000] {logging_mixin.py:151} INFO - [2023-11-20T19:35:47.517+0000] {dag.py:3722} INFO - Setting next_dagrun for example_weekday_branch_operator to 2023-11-19T00:00:00+00:00, run_after=2023-11-20T00:00:00+00:00
[2023-11-20T19:35:47.610+0000] {processor.py:179} INFO - Processing /home/airflow/.local/lib/python3.8/site-packages/airflow/example_dags/example_branch_day_of_week_operator.py took 0.490 seconds
[2023-11-20T19:36:18.193+0000] {processor.py:157} INFO - Started process (PID=1595) to work on /home/airflow/.local/lib/python3.8/site-packages/airflow/example_dags/example_branch_day_of_week_operator.py
[2023-11-20T19:36:18.214+0000] {processor.py:829} INFO - Processing file /home/airflow/.local/lib/python3.8/site-packages/airflow/example_dags/example_branch_day_of_week_operator.py for tasks to queue
[2023-11-20T19:36:18.228+0000] {logging_mixin.py:151} INFO - [2023-11-20T19:36:18.223+0000] {dagbag.py:536} INFO - Filling up the DagBag from /home/airflow/.local/lib/python3.8/site-packages/airflow/example_dags/example_branch_day_of_week_operator.py
[2023-11-20T19:36:18.335+0000] {processor.py:839} INFO - DAG(s) dict_keys(['example_weekday_branch_operator']) retrieved from /home/airflow/.local/lib/python3.8/site-packages/airflow/example_dags/example_branch_day_of_week_operator.py
[2023-11-20T19:36:18.595+0000] {logging_mixin.py:151} INFO - [2023-11-20T19:36:18.588+0000] {dag.py:2941} INFO - Sync 1 DAGs
[2023-11-20T19:36:18.830+0000] {logging_mixin.py:151} INFO - [2023-11-20T19:36:18.829+0000] {dag.py:3722} INFO - Setting next_dagrun for example_weekday_branch_operator to 2023-11-19T00:00:00+00:00, run_after=2023-11-20T00:00:00+00:00
[2023-11-20T19:36:18.933+0000] {processor.py:179} INFO - Processing /home/airflow/.local/lib/python3.8/site-packages/airflow/example_dags/example_branch_day_of_week_operator.py took 0.896 seconds
[2023-11-20T19:36:50.029+0000] {processor.py:157} INFO - Started process (PID=1655) to work on /home/airflow/.local/lib/python3.8/site-packages/airflow/example_dags/example_branch_day_of_week_operator.py
[2023-11-20T19:36:50.050+0000] {processor.py:829} INFO - Processing file /home/airflow/.local/lib/python3.8/site-packages/airflow/example_dags/example_branch_day_of_week_operator.py for tasks to queue
[2023-11-20T19:36:50.054+0000] {logging_mixin.py:151} INFO - [2023-11-20T19:36:50.054+0000] {dagbag.py:536} INFO - Filling up the DagBag from /home/airflow/.local/lib/python3.8/site-packages/airflow/example_dags/example_branch_day_of_week_operator.py
[2023-11-20T19:36:50.079+0000] {processor.py:839} INFO - DAG(s) dict_keys(['example_weekday_branch_operator']) retrieved from /home/airflow/.local/lib/python3.8/site-packages/airflow/example_dags/example_branch_day_of_week_operator.py
[2023-11-20T19:36:50.222+0000] {logging_mixin.py:151} INFO - [2023-11-20T19:36:50.220+0000] {dag.py:2941} INFO - Sync 1 DAGs
[2023-11-20T19:36:50.328+0000] {logging_mixin.py:151} INFO - [2023-11-20T19:36:50.327+0000] {dag.py:3722} INFO - Setting next_dagrun for example_weekday_branch_operator to 2023-11-19T00:00:00+00:00, run_after=2023-11-20T00:00:00+00:00
[2023-11-20T19:36:50.431+0000] {processor.py:179} INFO - Processing /home/airflow/.local/lib/python3.8/site-packages/airflow/example_dags/example_branch_day_of_week_operator.py took 0.425 seconds
[2023-11-20T19:37:33.626+0000] {processor.py:157} INFO - Started process (PID=1713) to work on /home/airflow/.local/lib/python3.8/site-packages/airflow/example_dags/example_branch_day_of_week_operator.py
[2023-11-20T19:37:33.627+0000] {processor.py:829} INFO - Processing file /home/airflow/.local/lib/python3.8/site-packages/airflow/example_dags/example_branch_day_of_week_operator.py for tasks to queue
[2023-11-20T19:37:33.629+0000] {logging_mixin.py:151} INFO - [2023-11-20T19:37:33.629+0000] {dagbag.py:536} INFO - Filling up the DagBag from /home/airflow/.local/lib/python3.8/site-packages/airflow/example_dags/example_branch_day_of_week_operator.py
[2023-11-20T19:37:33.663+0000] {processor.py:839} INFO - DAG(s) dict_keys(['example_weekday_branch_operator']) retrieved from /home/airflow/.local/lib/python3.8/site-packages/airflow/example_dags/example_branch_day_of_week_operator.py
[2023-11-20T19:37:33.727+0000] {logging_mixin.py:151} INFO - [2023-11-20T19:37:33.726+0000] {dag.py:2941} INFO - Sync 1 DAGs
[2023-11-20T19:37:33.811+0000] {logging_mixin.py:151} INFO - [2023-11-20T19:37:33.810+0000] {dag.py:3722} INFO - Setting next_dagrun for example_weekday_branch_operator to 2023-11-19T00:00:00+00:00, run_after=2023-11-20T00:00:00+00:00
[2023-11-20T19:37:33.876+0000] {processor.py:179} INFO - Processing /home/airflow/.local/lib/python3.8/site-packages/airflow/example_dags/example_branch_day_of_week_operator.py took 0.258 seconds
[2023-11-20T19:38:14.454+0000] {processor.py:157} INFO - Started process (PID=1759) to work on /home/airflow/.local/lib/python3.8/site-packages/airflow/example_dags/example_branch_day_of_week_operator.py
[2023-11-20T19:38:14.457+0000] {processor.py:829} INFO - Processing file /home/airflow/.local/lib/python3.8/site-packages/airflow/example_dags/example_branch_day_of_week_operator.py for tasks to queue
[2023-11-20T19:38:14.459+0000] {logging_mixin.py:151} INFO - [2023-11-20T19:38:14.459+0000] {dagbag.py:536} INFO - Filling up the DagBag from /home/airflow/.local/lib/python3.8/site-packages/airflow/example_dags/example_branch_day_of_week_operator.py
[2023-11-20T19:38:14.486+0000] {processor.py:839} INFO - DAG(s) dict_keys(['example_weekday_branch_operator']) retrieved from /home/airflow/.local/lib/python3.8/site-packages/airflow/example_dags/example_branch_day_of_week_operator.py
[2023-11-20T19:38:14.556+0000] {logging_mixin.py:151} INFO - [2023-11-20T19:38:14.556+0000] {dag.py:2941} INFO - Sync 1 DAGs
[2023-11-20T19:38:14.664+0000] {logging_mixin.py:151} INFO - [2023-11-20T19:38:14.664+0000] {dag.py:3722} INFO - Setting next_dagrun for example_weekday_branch_operator to 2023-11-19T00:00:00+00:00, run_after=2023-11-20T00:00:00+00:00
[2023-11-20T19:38:14.778+0000] {processor.py:179} INFO - Processing /home/airflow/.local/lib/python3.8/site-packages/airflow/example_dags/example_branch_day_of_week_operator.py took 0.331 seconds
[2023-11-20T19:38:45.057+0000] {processor.py:157} INFO - Started process (PID=1819) to work on /home/airflow/.local/lib/python3.8/site-packages/airflow/example_dags/example_branch_day_of_week_operator.py
[2023-11-20T19:38:45.074+0000] {processor.py:829} INFO - Processing file /home/airflow/.local/lib/python3.8/site-packages/airflow/example_dags/example_branch_day_of_week_operator.py for tasks to queue
[2023-11-20T19:38:45.076+0000] {logging_mixin.py:151} INFO - [2023-11-20T19:38:45.075+0000] {dagbag.py:536} INFO - Filling up the DagBag from /home/airflow/.local/lib/python3.8/site-packages/airflow/example_dags/example_branch_day_of_week_operator.py
[2023-11-20T19:38:45.101+0000] {processor.py:839} INFO - DAG(s) dict_keys(['example_weekday_branch_operator']) retrieved from /home/airflow/.local/lib/python3.8/site-packages/airflow/example_dags/example_branch_day_of_week_operator.py
[2023-11-20T19:38:45.171+0000] {logging_mixin.py:151} INFO - [2023-11-20T19:38:45.171+0000] {dag.py:2941} INFO - Sync 1 DAGs
[2023-11-20T19:38:45.236+0000] {logging_mixin.py:151} INFO - [2023-11-20T19:38:45.235+0000] {dag.py:3722} INFO - Setting next_dagrun for example_weekday_branch_operator to 2023-11-19T00:00:00+00:00, run_after=2023-11-20T00:00:00+00:00
[2023-11-20T19:38:45.276+0000] {processor.py:179} INFO - Processing /home/airflow/.local/lib/python3.8/site-packages/airflow/example_dags/example_branch_day_of_week_operator.py took 0.225 seconds
[2023-11-20T19:39:23.327+0000] {processor.py:157} INFO - Started process (PID=1886) to work on /home/airflow/.local/lib/python3.8/site-packages/airflow/example_dags/example_branch_day_of_week_operator.py
[2023-11-20T19:39:23.331+0000] {processor.py:829} INFO - Processing file /home/airflow/.local/lib/python3.8/site-packages/airflow/example_dags/example_branch_day_of_week_operator.py for tasks to queue
[2023-11-20T19:39:23.335+0000] {logging_mixin.py:151} INFO - [2023-11-20T19:39:23.333+0000] {dagbag.py:536} INFO - Filling up the DagBag from /home/airflow/.local/lib/python3.8/site-packages/airflow/example_dags/example_branch_day_of_week_operator.py
[2023-11-20T19:39:23.384+0000] {processor.py:839} INFO - DAG(s) dict_keys(['example_weekday_branch_operator']) retrieved from /home/airflow/.local/lib/python3.8/site-packages/airflow/example_dags/example_branch_day_of_week_operator.py
[2023-11-20T19:39:23.550+0000] {logging_mixin.py:151} INFO - [2023-11-20T19:39:23.547+0000] {dag.py:2941} INFO - Sync 1 DAGs
[2023-11-20T19:39:23.664+0000] {logging_mixin.py:151} INFO - [2023-11-20T19:39:23.663+0000] {dag.py:3722} INFO - Setting next_dagrun for example_weekday_branch_operator to 2023-11-19T00:00:00+00:00, run_after=2023-11-20T00:00:00+00:00
[2023-11-20T19:39:23.762+0000] {processor.py:179} INFO - Processing /home/airflow/.local/lib/python3.8/site-packages/airflow/example_dags/example_branch_day_of_week_operator.py took 0.445 seconds
[2023-11-20T19:40:02.683+0000] {processor.py:157} INFO - Started process (PID=1948) to work on /home/airflow/.local/lib/python3.8/site-packages/airflow/example_dags/example_branch_day_of_week_operator.py
[2023-11-20T19:40:02.688+0000] {processor.py:829} INFO - Processing file /home/airflow/.local/lib/python3.8/site-packages/airflow/example_dags/example_branch_day_of_week_operator.py for tasks to queue
[2023-11-20T19:40:02.692+0000] {logging_mixin.py:151} INFO - [2023-11-20T19:40:02.690+0000] {dagbag.py:536} INFO - Filling up the DagBag from /home/airflow/.local/lib/python3.8/site-packages/airflow/example_dags/example_branch_day_of_week_operator.py
[2023-11-20T19:40:02.727+0000] {processor.py:839} INFO - DAG(s) dict_keys(['example_weekday_branch_operator']) retrieved from /home/airflow/.local/lib/python3.8/site-packages/airflow/example_dags/example_branch_day_of_week_operator.py
[2023-11-20T19:40:02.804+0000] {logging_mixin.py:151} INFO - [2023-11-20T19:40:02.804+0000] {dag.py:2941} INFO - Sync 1 DAGs
[2023-11-20T19:40:02.868+0000] {logging_mixin.py:151} INFO - [2023-11-20T19:40:02.868+0000] {dag.py:3722} INFO - Setting next_dagrun for example_weekday_branch_operator to 2023-11-19T00:00:00+00:00, run_after=2023-11-20T00:00:00+00:00
[2023-11-20T19:40:02.971+0000] {processor.py:179} INFO - Processing /home/airflow/.local/lib/python3.8/site-packages/airflow/example_dags/example_branch_day_of_week_operator.py took 0.296 seconds
[2023-11-20T19:40:36.225+0000] {processor.py:157} INFO - Started process (PID=2007) to work on /home/airflow/.local/lib/python3.8/site-packages/airflow/example_dags/example_branch_day_of_week_operator.py
[2023-11-20T19:40:36.229+0000] {processor.py:829} INFO - Processing file /home/airflow/.local/lib/python3.8/site-packages/airflow/example_dags/example_branch_day_of_week_operator.py for tasks to queue
[2023-11-20T19:40:36.234+0000] {logging_mixin.py:151} INFO - [2023-11-20T19:40:36.233+0000] {dagbag.py:536} INFO - Filling up the DagBag from /home/airflow/.local/lib/python3.8/site-packages/airflow/example_dags/example_branch_day_of_week_operator.py
[2023-11-20T19:40:36.303+0000] {processor.py:839} INFO - DAG(s) dict_keys(['example_weekday_branch_operator']) retrieved from /home/airflow/.local/lib/python3.8/site-packages/airflow/example_dags/example_branch_day_of_week_operator.py
[2023-11-20T19:40:36.426+0000] {logging_mixin.py:151} INFO - [2023-11-20T19:40:36.425+0000] {dag.py:2941} INFO - Sync 1 DAGs
[2023-11-20T19:40:36.555+0000] {logging_mixin.py:151} INFO - [2023-11-20T19:40:36.554+0000] {dag.py:3722} INFO - Setting next_dagrun for example_weekday_branch_operator to 2023-11-19T00:00:00+00:00, run_after=2023-11-20T00:00:00+00:00
[2023-11-20T19:40:36.617+0000] {processor.py:179} INFO - Processing /home/airflow/.local/lib/python3.8/site-packages/airflow/example_dags/example_branch_day_of_week_operator.py took 0.400 seconds
