[2023-11-20T19:19:42.145+0000] {processor.py:157} INFO - Started process (PID=128) to work on /home/airflow/.local/lib/python3.8/site-packages/airflow/example_dags/example_branch_labels.py
[2023-11-20T19:19:42.155+0000] {processor.py:829} INFO - Processing file /home/airflow/.local/lib/python3.8/site-packages/airflow/example_dags/example_branch_labels.py for tasks to queue
[2023-11-20T19:19:42.166+0000] {logging_mixin.py:151} INFO - [2023-11-20T19:19:42.162+0000] {dagbag.py:536} INFO - Filling up the DagBag from /home/airflow/.local/lib/python3.8/site-packages/airflow/example_dags/example_branch_labels.py
[2023-11-20T19:19:43.222+0000] {processor.py:839} INFO - DAG(s) dict_keys(['example_branch_labels']) retrieved from /home/airflow/.local/lib/python3.8/site-packages/airflow/example_dags/example_branch_labels.py
[2023-11-20T19:19:45.752+0000] {logging_mixin.py:151} INFO - [2023-11-20T19:19:45.743+0000] {dag.py:2941} INFO - Sync 1 DAGs
[2023-11-20T19:19:46.248+0000] {logging_mixin.py:151} INFO - [2023-11-20T19:19:46.245+0000] {dag.py:3722} INFO - Setting next_dagrun for example_branch_labels to 2023-11-19T00:00:00+00:00, run_after=2023-11-20T00:00:00+00:00
[2023-11-20T19:19:46.438+0000] {processor.py:179} INFO - Processing /home/airflow/.local/lib/python3.8/site-packages/airflow/example_dags/example_branch_labels.py took 4.356 seconds
[2023-11-20T19:21:47.816+0000] {processor.py:157} INFO - Started process (PID=202) to work on /home/airflow/.local/lib/python3.8/site-packages/airflow/example_dags/example_branch_labels.py
[2023-11-20T19:21:47.820+0000] {processor.py:829} INFO - Processing file /home/airflow/.local/lib/python3.8/site-packages/airflow/example_dags/example_branch_labels.py for tasks to queue
[2023-11-20T19:21:47.823+0000] {logging_mixin.py:151} INFO - [2023-11-20T19:21:47.822+0000] {dagbag.py:536} INFO - Filling up the DagBag from /home/airflow/.local/lib/python3.8/site-packages/airflow/example_dags/example_branch_labels.py
[2023-11-20T19:21:47.860+0000] {processor.py:839} INFO - DAG(s) dict_keys(['example_branch_labels']) retrieved from /home/airflow/.local/lib/python3.8/site-packages/airflow/example_dags/example_branch_labels.py
[2023-11-20T19:21:47.948+0000] {logging_mixin.py:151} INFO - [2023-11-20T19:21:47.947+0000] {dag.py:2941} INFO - Sync 1 DAGs
[2023-11-20T19:21:48.043+0000] {logging_mixin.py:151} INFO - [2023-11-20T19:21:48.041+0000] {dag.py:3722} INFO - Setting next_dagrun for example_branch_labels to 2023-11-19T00:00:00+00:00, run_after=2023-11-20T00:00:00+00:00
[2023-11-20T19:21:48.127+0000] {processor.py:179} INFO - Processing /home/airflow/.local/lib/python3.8/site-packages/airflow/example_dags/example_branch_labels.py took 0.329 seconds
[2023-11-20T19:22:41.741+0000] {processor.py:157} INFO - Started process (PID=269) to work on /home/airflow/.local/lib/python3.8/site-packages/airflow/example_dags/example_branch_labels.py
[2023-11-20T19:22:41.745+0000] {processor.py:829} INFO - Processing file /home/airflow/.local/lib/python3.8/site-packages/airflow/example_dags/example_branch_labels.py for tasks to queue
[2023-11-20T19:22:41.746+0000] {logging_mixin.py:151} INFO - [2023-11-20T19:22:41.746+0000] {dagbag.py:536} INFO - Filling up the DagBag from /home/airflow/.local/lib/python3.8/site-packages/airflow/example_dags/example_branch_labels.py
[2023-11-20T19:22:41.758+0000] {processor.py:839} INFO - DAG(s) dict_keys(['example_branch_labels']) retrieved from /home/airflow/.local/lib/python3.8/site-packages/airflow/example_dags/example_branch_labels.py
[2023-11-20T19:22:41.804+0000] {logging_mixin.py:151} INFO - [2023-11-20T19:22:41.804+0000] {dag.py:2941} INFO - Sync 1 DAGs
[2023-11-20T19:22:41.845+0000] {logging_mixin.py:151} INFO - [2023-11-20T19:22:41.844+0000] {dag.py:3722} INFO - Setting next_dagrun for example_branch_labels to 2023-11-19T00:00:00+00:00, run_after=2023-11-20T00:00:00+00:00
[2023-11-20T19:22:41.887+0000] {processor.py:179} INFO - Processing /home/airflow/.local/lib/python3.8/site-packages/airflow/example_dags/example_branch_labels.py took 0.151 seconds
[2023-11-20T19:23:19.424+0000] {processor.py:157} INFO - Started process (PID=329) to work on /home/airflow/.local/lib/python3.8/site-packages/airflow/example_dags/example_branch_labels.py
[2023-11-20T19:23:19.427+0000] {processor.py:829} INFO - Processing file /home/airflow/.local/lib/python3.8/site-packages/airflow/example_dags/example_branch_labels.py for tasks to queue
[2023-11-20T19:23:19.429+0000] {logging_mixin.py:151} INFO - [2023-11-20T19:23:19.428+0000] {dagbag.py:536} INFO - Filling up the DagBag from /home/airflow/.local/lib/python3.8/site-packages/airflow/example_dags/example_branch_labels.py
[2023-11-20T19:23:19.458+0000] {processor.py:839} INFO - DAG(s) dict_keys(['example_branch_labels']) retrieved from /home/airflow/.local/lib/python3.8/site-packages/airflow/example_dags/example_branch_labels.py
[2023-11-20T19:23:19.508+0000] {logging_mixin.py:151} INFO - [2023-11-20T19:23:19.508+0000] {dag.py:2941} INFO - Sync 1 DAGs
[2023-11-20T19:23:19.576+0000] {logging_mixin.py:151} INFO - [2023-11-20T19:23:19.576+0000] {dag.py:3722} INFO - Setting next_dagrun for example_branch_labels to 2023-11-19T00:00:00+00:00, run_after=2023-11-20T00:00:00+00:00
[2023-11-20T19:23:19.654+0000] {processor.py:179} INFO - Processing /home/airflow/.local/lib/python3.8/site-packages/airflow/example_dags/example_branch_labels.py took 0.235 seconds
[2023-11-20T19:23:57.739+0000] {processor.py:157} INFO - Started process (PID=394) to work on /home/airflow/.local/lib/python3.8/site-packages/airflow/example_dags/example_branch_labels.py
[2023-11-20T19:23:57.743+0000] {processor.py:829} INFO - Processing file /home/airflow/.local/lib/python3.8/site-packages/airflow/example_dags/example_branch_labels.py for tasks to queue
[2023-11-20T19:23:57.744+0000] {logging_mixin.py:151} INFO - [2023-11-20T19:23:57.744+0000] {dagbag.py:536} INFO - Filling up the DagBag from /home/airflow/.local/lib/python3.8/site-packages/airflow/example_dags/example_branch_labels.py
[2023-11-20T19:23:57.761+0000] {processor.py:839} INFO - DAG(s) dict_keys(['example_branch_labels']) retrieved from /home/airflow/.local/lib/python3.8/site-packages/airflow/example_dags/example_branch_labels.py
[2023-11-20T19:23:57.811+0000] {logging_mixin.py:151} INFO - [2023-11-20T19:23:57.810+0000] {dag.py:2941} INFO - Sync 1 DAGs
[2023-11-20T19:23:57.864+0000] {logging_mixin.py:151} INFO - [2023-11-20T19:23:57.863+0000] {dag.py:3722} INFO - Setting next_dagrun for example_branch_labels to 2023-11-19T00:00:00+00:00, run_after=2023-11-20T00:00:00+00:00
[2023-11-20T19:23:57.902+0000] {processor.py:179} INFO - Processing /home/airflow/.local/lib/python3.8/site-packages/airflow/example_dags/example_branch_labels.py took 0.171 seconds
[2023-11-20T19:24:28.467+0000] {processor.py:157} INFO - Started process (PID=454) to work on /home/airflow/.local/lib/python3.8/site-packages/airflow/example_dags/example_branch_labels.py
[2023-11-20T19:24:28.469+0000] {processor.py:829} INFO - Processing file /home/airflow/.local/lib/python3.8/site-packages/airflow/example_dags/example_branch_labels.py for tasks to queue
[2023-11-20T19:24:28.470+0000] {logging_mixin.py:151} INFO - [2023-11-20T19:24:28.470+0000] {dagbag.py:536} INFO - Filling up the DagBag from /home/airflow/.local/lib/python3.8/site-packages/airflow/example_dags/example_branch_labels.py
[2023-11-20T19:24:28.481+0000] {processor.py:839} INFO - DAG(s) dict_keys(['example_branch_labels']) retrieved from /home/airflow/.local/lib/python3.8/site-packages/airflow/example_dags/example_branch_labels.py
[2023-11-20T19:24:28.513+0000] {logging_mixin.py:151} INFO - [2023-11-20T19:24:28.513+0000] {dag.py:2941} INFO - Sync 1 DAGs
[2023-11-20T19:24:28.542+0000] {logging_mixin.py:151} INFO - [2023-11-20T19:24:28.542+0000] {dag.py:3722} INFO - Setting next_dagrun for example_branch_labels to 2023-11-19T00:00:00+00:00, run_after=2023-11-20T00:00:00+00:00
[2023-11-20T19:24:28.562+0000] {processor.py:179} INFO - Processing /home/airflow/.local/lib/python3.8/site-packages/airflow/example_dags/example_branch_labels.py took 0.101 seconds
[2023-11-20T19:25:22.541+0000] {processor.py:157} INFO - Started process (PID=522) to work on /home/airflow/.local/lib/python3.8/site-packages/airflow/example_dags/example_branch_labels.py
[2023-11-20T19:25:22.547+0000] {processor.py:829} INFO - Processing file /home/airflow/.local/lib/python3.8/site-packages/airflow/example_dags/example_branch_labels.py for tasks to queue
[2023-11-20T19:25:22.549+0000] {logging_mixin.py:151} INFO - [2023-11-20T19:25:22.549+0000] {dagbag.py:536} INFO - Filling up the DagBag from /home/airflow/.local/lib/python3.8/site-packages/airflow/example_dags/example_branch_labels.py
[2023-11-20T19:25:22.567+0000] {processor.py:839} INFO - DAG(s) dict_keys(['example_branch_labels']) retrieved from /home/airflow/.local/lib/python3.8/site-packages/airflow/example_dags/example_branch_labels.py
[2023-11-20T19:25:22.714+0000] {logging_mixin.py:151} INFO - [2023-11-20T19:25:22.713+0000] {dag.py:2941} INFO - Sync 1 DAGs
[2023-11-20T19:25:22.758+0000] {logging_mixin.py:151} INFO - [2023-11-20T19:25:22.758+0000] {dag.py:3722} INFO - Setting next_dagrun for example_branch_labels to 2023-11-19T00:00:00+00:00, run_after=2023-11-20T00:00:00+00:00
[2023-11-20T19:25:22.799+0000] {processor.py:179} INFO - Processing /home/airflow/.local/lib/python3.8/site-packages/airflow/example_dags/example_branch_labels.py took 0.265 seconds
[2023-11-20T19:25:55.454+0000] {processor.py:157} INFO - Started process (PID=585) to work on /home/airflow/.local/lib/python3.8/site-packages/airflow/example_dags/example_branch_labels.py
[2023-11-20T19:25:55.458+0000] {processor.py:829} INFO - Processing file /home/airflow/.local/lib/python3.8/site-packages/airflow/example_dags/example_branch_labels.py for tasks to queue
[2023-11-20T19:25:55.459+0000] {logging_mixin.py:151} INFO - [2023-11-20T19:25:55.459+0000] {dagbag.py:536} INFO - Filling up the DagBag from /home/airflow/.local/lib/python3.8/site-packages/airflow/example_dags/example_branch_labels.py
[2023-11-20T19:25:55.471+0000] {processor.py:839} INFO - DAG(s) dict_keys(['example_branch_labels']) retrieved from /home/airflow/.local/lib/python3.8/site-packages/airflow/example_dags/example_branch_labels.py
[2023-11-20T19:25:55.515+0000] {logging_mixin.py:151} INFO - [2023-11-20T19:25:55.515+0000] {dag.py:2941} INFO - Sync 1 DAGs
[2023-11-20T19:25:55.559+0000] {logging_mixin.py:151} INFO - [2023-11-20T19:25:55.558+0000] {dag.py:3722} INFO - Setting next_dagrun for example_branch_labels to 2023-11-19T00:00:00+00:00, run_after=2023-11-20T00:00:00+00:00
[2023-11-20T19:25:55.585+0000] {processor.py:179} INFO - Processing /home/airflow/.local/lib/python3.8/site-packages/airflow/example_dags/example_branch_labels.py took 0.134 seconds
[2023-11-20T19:26:29.073+0000] {processor.py:157} INFO - Started process (PID=653) to work on /home/airflow/.local/lib/python3.8/site-packages/airflow/example_dags/example_branch_labels.py
[2023-11-20T19:26:29.080+0000] {processor.py:829} INFO - Processing file /home/airflow/.local/lib/python3.8/site-packages/airflow/example_dags/example_branch_labels.py for tasks to queue
[2023-11-20T19:26:29.082+0000] {logging_mixin.py:151} INFO - [2023-11-20T19:26:29.081+0000] {dagbag.py:536} INFO - Filling up the DagBag from /home/airflow/.local/lib/python3.8/site-packages/airflow/example_dags/example_branch_labels.py
[2023-11-20T19:26:29.093+0000] {processor.py:839} INFO - DAG(s) dict_keys(['example_branch_labels']) retrieved from /home/airflow/.local/lib/python3.8/site-packages/airflow/example_dags/example_branch_labels.py
[2023-11-20T19:26:29.127+0000] {logging_mixin.py:151} INFO - [2023-11-20T19:26:29.127+0000] {dag.py:2941} INFO - Sync 1 DAGs
[2023-11-20T19:26:29.158+0000] {logging_mixin.py:151} INFO - [2023-11-20T19:26:29.158+0000] {dag.py:3722} INFO - Setting next_dagrun for example_branch_labels to 2023-11-19T00:00:00+00:00, run_after=2023-11-20T00:00:00+00:00
[2023-11-20T19:26:29.180+0000] {processor.py:179} INFO - Processing /home/airflow/.local/lib/python3.8/site-packages/airflow/example_dags/example_branch_labels.py took 0.111 seconds
[2023-11-20T19:27:03.366+0000] {processor.py:157} INFO - Started process (PID=713) to work on /home/airflow/.local/lib/python3.8/site-packages/airflow/example_dags/example_branch_labels.py
[2023-11-20T19:27:03.371+0000] {processor.py:829} INFO - Processing file /home/airflow/.local/lib/python3.8/site-packages/airflow/example_dags/example_branch_labels.py for tasks to queue
[2023-11-20T19:27:03.374+0000] {logging_mixin.py:151} INFO - [2023-11-20T19:27:03.373+0000] {dagbag.py:536} INFO - Filling up the DagBag from /home/airflow/.local/lib/python3.8/site-packages/airflow/example_dags/example_branch_labels.py
[2023-11-20T19:27:03.399+0000] {processor.py:839} INFO - DAG(s) dict_keys(['example_branch_labels']) retrieved from /home/airflow/.local/lib/python3.8/site-packages/airflow/example_dags/example_branch_labels.py
[2023-11-20T19:27:03.457+0000] {logging_mixin.py:151} INFO - [2023-11-20T19:27:03.456+0000] {dag.py:2941} INFO - Sync 1 DAGs
[2023-11-20T19:27:03.569+0000] {logging_mixin.py:151} INFO - [2023-11-20T19:27:03.568+0000] {dag.py:3722} INFO - Setting next_dagrun for example_branch_labels to 2023-11-19T00:00:00+00:00, run_after=2023-11-20T00:00:00+00:00
[2023-11-20T19:27:03.694+0000] {processor.py:179} INFO - Processing /home/airflow/.local/lib/python3.8/site-packages/airflow/example_dags/example_branch_labels.py took 0.339 seconds
[2023-11-20T19:27:36.767+0000] {processor.py:157} INFO - Started process (PID=773) to work on /home/airflow/.local/lib/python3.8/site-packages/airflow/example_dags/example_branch_labels.py
[2023-11-20T19:27:36.769+0000] {processor.py:829} INFO - Processing file /home/airflow/.local/lib/python3.8/site-packages/airflow/example_dags/example_branch_labels.py for tasks to queue
[2023-11-20T19:27:36.770+0000] {logging_mixin.py:151} INFO - [2023-11-20T19:27:36.770+0000] {dagbag.py:536} INFO - Filling up the DagBag from /home/airflow/.local/lib/python3.8/site-packages/airflow/example_dags/example_branch_labels.py
[2023-11-20T19:27:36.787+0000] {processor.py:839} INFO - DAG(s) dict_keys(['example_branch_labels']) retrieved from /home/airflow/.local/lib/python3.8/site-packages/airflow/example_dags/example_branch_labels.py
[2023-11-20T19:27:36.861+0000] {logging_mixin.py:151} INFO - [2023-11-20T19:27:36.860+0000] {dag.py:2941} INFO - Sync 1 DAGs
[2023-11-20T19:27:36.907+0000] {logging_mixin.py:151} INFO - [2023-11-20T19:27:36.907+0000] {dag.py:3722} INFO - Setting next_dagrun for example_branch_labels to 2023-11-19T00:00:00+00:00, run_after=2023-11-20T00:00:00+00:00
[2023-11-20T19:27:36.954+0000] {processor.py:179} INFO - Processing /home/airflow/.local/lib/python3.8/site-packages/airflow/example_dags/example_branch_labels.py took 0.192 seconds
[2023-11-20T19:28:09.968+0000] {processor.py:157} INFO - Started process (PID=834) to work on /home/airflow/.local/lib/python3.8/site-packages/airflow/example_dags/example_branch_labels.py
[2023-11-20T19:28:09.973+0000] {processor.py:829} INFO - Processing file /home/airflow/.local/lib/python3.8/site-packages/airflow/example_dags/example_branch_labels.py for tasks to queue
[2023-11-20T19:28:09.975+0000] {logging_mixin.py:151} INFO - [2023-11-20T19:28:09.974+0000] {dagbag.py:536} INFO - Filling up the DagBag from /home/airflow/.local/lib/python3.8/site-packages/airflow/example_dags/example_branch_labels.py
[2023-11-20T19:28:09.991+0000] {processor.py:839} INFO - DAG(s) dict_keys(['example_branch_labels']) retrieved from /home/airflow/.local/lib/python3.8/site-packages/airflow/example_dags/example_branch_labels.py
[2023-11-20T19:28:10.050+0000] {logging_mixin.py:151} INFO - [2023-11-20T19:28:10.050+0000] {dag.py:2941} INFO - Sync 1 DAGs
[2023-11-20T19:28:10.113+0000] {logging_mixin.py:151} INFO - [2023-11-20T19:28:10.113+0000] {dag.py:3722} INFO - Setting next_dagrun for example_branch_labels to 2023-11-19T00:00:00+00:00, run_after=2023-11-20T00:00:00+00:00
[2023-11-20T19:28:10.173+0000] {processor.py:179} INFO - Processing /home/airflow/.local/lib/python3.8/site-packages/airflow/example_dags/example_branch_labels.py took 0.213 seconds
[2023-11-20T19:28:42.245+0000] {processor.py:157} INFO - Started process (PID=894) to work on /home/airflow/.local/lib/python3.8/site-packages/airflow/example_dags/example_branch_labels.py
[2023-11-20T19:28:42.249+0000] {processor.py:829} INFO - Processing file /home/airflow/.local/lib/python3.8/site-packages/airflow/example_dags/example_branch_labels.py for tasks to queue
[2023-11-20T19:28:42.251+0000] {logging_mixin.py:151} INFO - [2023-11-20T19:28:42.251+0000] {dagbag.py:536} INFO - Filling up the DagBag from /home/airflow/.local/lib/python3.8/site-packages/airflow/example_dags/example_branch_labels.py
[2023-11-20T19:28:42.274+0000] {processor.py:839} INFO - DAG(s) dict_keys(['example_branch_labels']) retrieved from /home/airflow/.local/lib/python3.8/site-packages/airflow/example_dags/example_branch_labels.py
[2023-11-20T19:28:42.336+0000] {logging_mixin.py:151} INFO - [2023-11-20T19:28:42.336+0000] {dag.py:2941} INFO - Sync 1 DAGs
[2023-11-20T19:28:42.515+0000] {logging_mixin.py:151} INFO - [2023-11-20T19:28:42.515+0000] {dag.py:3722} INFO - Setting next_dagrun for example_branch_labels to 2023-11-19T00:00:00+00:00, run_after=2023-11-20T00:00:00+00:00
[2023-11-20T19:28:42.607+0000] {processor.py:179} INFO - Processing /home/airflow/.local/lib/python3.8/site-packages/airflow/example_dags/example_branch_labels.py took 0.371 seconds
[2023-11-20T19:29:22.899+0000] {processor.py:157} INFO - Started process (PID=967) to work on /home/airflow/.local/lib/python3.8/site-packages/airflow/example_dags/example_branch_labels.py
[2023-11-20T19:29:22.907+0000] {processor.py:829} INFO - Processing file /home/airflow/.local/lib/python3.8/site-packages/airflow/example_dags/example_branch_labels.py for tasks to queue
[2023-11-20T19:29:22.911+0000] {logging_mixin.py:151} INFO - [2023-11-20T19:29:22.910+0000] {dagbag.py:536} INFO - Filling up the DagBag from /home/airflow/.local/lib/python3.8/site-packages/airflow/example_dags/example_branch_labels.py
[2023-11-20T19:29:22.937+0000] {processor.py:839} INFO - DAG(s) dict_keys(['example_branch_labels']) retrieved from /home/airflow/.local/lib/python3.8/site-packages/airflow/example_dags/example_branch_labels.py
[2023-11-20T19:29:23.054+0000] {logging_mixin.py:151} INFO - [2023-11-20T19:29:23.053+0000] {dag.py:2941} INFO - Sync 1 DAGs
[2023-11-20T19:29:23.191+0000] {logging_mixin.py:151} INFO - [2023-11-20T19:29:23.191+0000] {dag.py:3722} INFO - Setting next_dagrun for example_branch_labels to 2023-11-19T00:00:00+00:00, run_after=2023-11-20T00:00:00+00:00
[2023-11-20T19:29:23.250+0000] {processor.py:179} INFO - Processing /home/airflow/.local/lib/python3.8/site-packages/airflow/example_dags/example_branch_labels.py took 0.363 seconds
[2023-11-20T19:29:54.435+0000] {processor.py:157} INFO - Started process (PID=1028) to work on /home/airflow/.local/lib/python3.8/site-packages/airflow/example_dags/example_branch_labels.py
[2023-11-20T19:29:54.443+0000] {processor.py:829} INFO - Processing file /home/airflow/.local/lib/python3.8/site-packages/airflow/example_dags/example_branch_labels.py for tasks to queue
[2023-11-20T19:29:54.448+0000] {logging_mixin.py:151} INFO - [2023-11-20T19:29:54.447+0000] {dagbag.py:536} INFO - Filling up the DagBag from /home/airflow/.local/lib/python3.8/site-packages/airflow/example_dags/example_branch_labels.py
[2023-11-20T19:29:54.467+0000] {processor.py:839} INFO - DAG(s) dict_keys(['example_branch_labels']) retrieved from /home/airflow/.local/lib/python3.8/site-packages/airflow/example_dags/example_branch_labels.py
[2023-11-20T19:29:54.556+0000] {logging_mixin.py:151} INFO - [2023-11-20T19:29:54.555+0000] {dag.py:2941} INFO - Sync 1 DAGs
[2023-11-20T19:29:54.676+0000] {logging_mixin.py:151} INFO - [2023-11-20T19:29:54.676+0000] {dag.py:3722} INFO - Setting next_dagrun for example_branch_labels to 2023-11-19T00:00:00+00:00, run_after=2023-11-20T00:00:00+00:00
[2023-11-20T19:29:54.720+0000] {processor.py:179} INFO - Processing /home/airflow/.local/lib/python3.8/site-packages/airflow/example_dags/example_branch_labels.py took 0.289 seconds
[2023-11-20T19:30:28.201+0000] {processor.py:157} INFO - Started process (PID=1088) to work on /home/airflow/.local/lib/python3.8/site-packages/airflow/example_dags/example_branch_labels.py
[2023-11-20T19:30:28.204+0000] {processor.py:829} INFO - Processing file /home/airflow/.local/lib/python3.8/site-packages/airflow/example_dags/example_branch_labels.py for tasks to queue
[2023-11-20T19:30:28.212+0000] {logging_mixin.py:151} INFO - [2023-11-20T19:30:28.211+0000] {dagbag.py:536} INFO - Filling up the DagBag from /home/airflow/.local/lib/python3.8/site-packages/airflow/example_dags/example_branch_labels.py
[2023-11-20T19:30:28.245+0000] {processor.py:839} INFO - DAG(s) dict_keys(['example_branch_labels']) retrieved from /home/airflow/.local/lib/python3.8/site-packages/airflow/example_dags/example_branch_labels.py
[2023-11-20T19:30:28.315+0000] {logging_mixin.py:151} INFO - [2023-11-20T19:30:28.314+0000] {dag.py:2941} INFO - Sync 1 DAGs
[2023-11-20T19:30:28.398+0000] {logging_mixin.py:151} INFO - [2023-11-20T19:30:28.398+0000] {dag.py:3722} INFO - Setting next_dagrun for example_branch_labels to 2023-11-19T00:00:00+00:00, run_after=2023-11-20T00:00:00+00:00
[2023-11-20T19:30:28.474+0000] {processor.py:179} INFO - Processing /home/airflow/.local/lib/python3.8/site-packages/airflow/example_dags/example_branch_labels.py took 0.283 seconds
[2023-11-20T19:31:10.717+0000] {processor.py:157} INFO - Started process (PID=1148) to work on /home/airflow/.local/lib/python3.8/site-packages/airflow/example_dags/example_branch_labels.py
[2023-11-20T19:31:10.722+0000] {processor.py:829} INFO - Processing file /home/airflow/.local/lib/python3.8/site-packages/airflow/example_dags/example_branch_labels.py for tasks to queue
[2023-11-20T19:31:10.730+0000] {logging_mixin.py:151} INFO - [2023-11-20T19:31:10.725+0000] {dagbag.py:536} INFO - Filling up the DagBag from /home/airflow/.local/lib/python3.8/site-packages/airflow/example_dags/example_branch_labels.py
[2023-11-20T19:31:10.801+0000] {processor.py:839} INFO - DAG(s) dict_keys(['example_branch_labels']) retrieved from /home/airflow/.local/lib/python3.8/site-packages/airflow/example_dags/example_branch_labels.py
[2023-11-20T19:31:10.966+0000] {logging_mixin.py:151} INFO - [2023-11-20T19:31:10.965+0000] {dag.py:2941} INFO - Sync 1 DAGs
[2023-11-20T19:31:11.207+0000] {logging_mixin.py:151} INFO - [2023-11-20T19:31:11.207+0000] {dag.py:3722} INFO - Setting next_dagrun for example_branch_labels to 2023-11-19T00:00:00+00:00, run_after=2023-11-20T00:00:00+00:00
[2023-11-20T19:31:11.287+0000] {processor.py:179} INFO - Processing /home/airflow/.local/lib/python3.8/site-packages/airflow/example_dags/example_branch_labels.py took 0.586 seconds
[2023-11-20T19:31:43.468+0000] {processor.py:157} INFO - Started process (PID=1208) to work on /home/airflow/.local/lib/python3.8/site-packages/airflow/example_dags/example_branch_labels.py
[2023-11-20T19:31:43.478+0000] {processor.py:829} INFO - Processing file /home/airflow/.local/lib/python3.8/site-packages/airflow/example_dags/example_branch_labels.py for tasks to queue
[2023-11-20T19:31:43.487+0000] {logging_mixin.py:151} INFO - [2023-11-20T19:31:43.486+0000] {dagbag.py:536} INFO - Filling up the DagBag from /home/airflow/.local/lib/python3.8/site-packages/airflow/example_dags/example_branch_labels.py
[2023-11-20T19:31:43.517+0000] {processor.py:839} INFO - DAG(s) dict_keys(['example_branch_labels']) retrieved from /home/airflow/.local/lib/python3.8/site-packages/airflow/example_dags/example_branch_labels.py
[2023-11-20T19:31:43.575+0000] {logging_mixin.py:151} INFO - [2023-11-20T19:31:43.574+0000] {dag.py:2941} INFO - Sync 1 DAGs
[2023-11-20T19:31:43.655+0000] {logging_mixin.py:151} INFO - [2023-11-20T19:31:43.654+0000] {dag.py:3722} INFO - Setting next_dagrun for example_branch_labels to 2023-11-19T00:00:00+00:00, run_after=2023-11-20T00:00:00+00:00
[2023-11-20T19:31:43.722+0000] {processor.py:179} INFO - Processing /home/airflow/.local/lib/python3.8/site-packages/airflow/example_dags/example_branch_labels.py took 0.269 seconds
[2023-11-20T19:33:29.109+0000] {processor.py:157} INFO - Started process (PID=1287) to work on /home/airflow/.local/lib/python3.8/site-packages/airflow/example_dags/example_branch_labels.py
[2023-11-20T19:33:29.123+0000] {processor.py:829} INFO - Processing file /home/airflow/.local/lib/python3.8/site-packages/airflow/example_dags/example_branch_labels.py for tasks to queue
[2023-11-20T19:33:29.128+0000] {logging_mixin.py:151} INFO - [2023-11-20T19:33:29.126+0000] {dagbag.py:536} INFO - Filling up the DagBag from /home/airflow/.local/lib/python3.8/site-packages/airflow/example_dags/example_branch_labels.py
[2023-11-20T19:33:29.184+0000] {processor.py:839} INFO - DAG(s) dict_keys(['example_branch_labels']) retrieved from /home/airflow/.local/lib/python3.8/site-packages/airflow/example_dags/example_branch_labels.py
[2023-11-20T19:33:29.342+0000] {logging_mixin.py:151} INFO - [2023-11-20T19:33:29.342+0000] {dag.py:2941} INFO - Sync 1 DAGs
[2023-11-20T19:33:29.522+0000] {logging_mixin.py:151} INFO - [2023-11-20T19:33:29.521+0000] {dag.py:3722} INFO - Setting next_dagrun for example_branch_labels to 2023-11-19T00:00:00+00:00, run_after=2023-11-20T00:00:00+00:00
[2023-11-20T19:33:29.647+0000] {processor.py:179} INFO - Processing /home/airflow/.local/lib/python3.8/site-packages/airflow/example_dags/example_branch_labels.py took 0.579 seconds
[2023-11-20T19:34:00.811+0000] {processor.py:157} INFO - Started process (PID=1344) to work on /home/airflow/.local/lib/python3.8/site-packages/airflow/example_dags/example_branch_labels.py
[2023-11-20T19:34:00.836+0000] {processor.py:829} INFO - Processing file /home/airflow/.local/lib/python3.8/site-packages/airflow/example_dags/example_branch_labels.py for tasks to queue
[2023-11-20T19:34:00.851+0000] {logging_mixin.py:151} INFO - [2023-11-20T19:34:00.850+0000] {dagbag.py:536} INFO - Filling up the DagBag from /home/airflow/.local/lib/python3.8/site-packages/airflow/example_dags/example_branch_labels.py
[2023-11-20T19:34:00.938+0000] {processor.py:839} INFO - DAG(s) dict_keys(['example_branch_labels']) retrieved from /home/airflow/.local/lib/python3.8/site-packages/airflow/example_dags/example_branch_labels.py
[2023-11-20T19:34:01.127+0000] {logging_mixin.py:151} INFO - [2023-11-20T19:34:01.127+0000] {dag.py:2941} INFO - Sync 1 DAGs
[2023-11-20T19:34:01.276+0000] {logging_mixin.py:151} INFO - [2023-11-20T19:34:01.275+0000] {dag.py:3722} INFO - Setting next_dagrun for example_branch_labels to 2023-11-19T00:00:00+00:00, run_after=2023-11-20T00:00:00+00:00
[2023-11-20T19:34:01.434+0000] {processor.py:179} INFO - Processing /home/airflow/.local/lib/python3.8/site-packages/airflow/example_dags/example_branch_labels.py took 0.707 seconds
[2023-11-20T19:34:32.732+0000] {processor.py:157} INFO - Started process (PID=1404) to work on /home/airflow/.local/lib/python3.8/site-packages/airflow/example_dags/example_branch_labels.py
[2023-11-20T19:34:32.758+0000] {processor.py:829} INFO - Processing file /home/airflow/.local/lib/python3.8/site-packages/airflow/example_dags/example_branch_labels.py for tasks to queue
[2023-11-20T19:34:32.800+0000] {logging_mixin.py:151} INFO - [2023-11-20T19:34:32.776+0000] {dagbag.py:536} INFO - Filling up the DagBag from /home/airflow/.local/lib/python3.8/site-packages/airflow/example_dags/example_branch_labels.py
[2023-11-20T19:34:33.061+0000] {processor.py:839} INFO - DAG(s) dict_keys(['example_branch_labels']) retrieved from /home/airflow/.local/lib/python3.8/site-packages/airflow/example_dags/example_branch_labels.py
[2023-11-20T19:34:34.681+0000] {logging_mixin.py:151} INFO - [2023-11-20T19:34:34.679+0000] {dag.py:2941} INFO - Sync 1 DAGs
[2023-11-20T19:34:35.181+0000] {logging_mixin.py:151} INFO - [2023-11-20T19:34:35.172+0000] {dag.py:3722} INFO - Setting next_dagrun for example_branch_labels to 2023-11-19T00:00:00+00:00, run_after=2023-11-20T00:00:00+00:00
[2023-11-20T19:34:35.540+0000] {processor.py:179} INFO - Processing /home/airflow/.local/lib/python3.8/site-packages/airflow/example_dags/example_branch_labels.py took 2.838 seconds
[2023-11-20T19:35:06.510+0000] {processor.py:157} INFO - Started process (PID=1464) to work on /home/airflow/.local/lib/python3.8/site-packages/airflow/example_dags/example_branch_labels.py
[2023-11-20T19:35:06.517+0000] {processor.py:829} INFO - Processing file /home/airflow/.local/lib/python3.8/site-packages/airflow/example_dags/example_branch_labels.py for tasks to queue
[2023-11-20T19:35:06.520+0000] {logging_mixin.py:151} INFO - [2023-11-20T19:35:06.520+0000] {dagbag.py:536} INFO - Filling up the DagBag from /home/airflow/.local/lib/python3.8/site-packages/airflow/example_dags/example_branch_labels.py
[2023-11-20T19:35:06.564+0000] {processor.py:839} INFO - DAG(s) dict_keys(['example_branch_labels']) retrieved from /home/airflow/.local/lib/python3.8/site-packages/airflow/example_dags/example_branch_labels.py
[2023-11-20T19:35:06.654+0000] {logging_mixin.py:151} INFO - [2023-11-20T19:35:06.653+0000] {dag.py:2941} INFO - Sync 1 DAGs
[2023-11-20T19:35:06.727+0000] {logging_mixin.py:151} INFO - [2023-11-20T19:35:06.727+0000] {dag.py:3722} INFO - Setting next_dagrun for example_branch_labels to 2023-11-19T00:00:00+00:00, run_after=2023-11-20T00:00:00+00:00
[2023-11-20T19:35:06.774+0000] {processor.py:179} INFO - Processing /home/airflow/.local/lib/python3.8/site-packages/airflow/example_dags/example_branch_labels.py took 0.276 seconds
[2023-11-20T19:35:41.712+0000] {processor.py:157} INFO - Started process (PID=1531) to work on /home/airflow/.local/lib/python3.8/site-packages/airflow/example_dags/example_branch_labels.py
[2023-11-20T19:35:41.727+0000] {processor.py:829} INFO - Processing file /home/airflow/.local/lib/python3.8/site-packages/airflow/example_dags/example_branch_labels.py for tasks to queue
[2023-11-20T19:35:41.744+0000] {logging_mixin.py:151} INFO - [2023-11-20T19:35:41.743+0000] {dagbag.py:536} INFO - Filling up the DagBag from /home/airflow/.local/lib/python3.8/site-packages/airflow/example_dags/example_branch_labels.py
[2023-11-20T19:35:41.780+0000] {processor.py:839} INFO - DAG(s) dict_keys(['example_branch_labels']) retrieved from /home/airflow/.local/lib/python3.8/site-packages/airflow/example_dags/example_branch_labels.py
[2023-11-20T19:35:41.850+0000] {logging_mixin.py:151} INFO - [2023-11-20T19:35:41.850+0000] {dag.py:2941} INFO - Sync 1 DAGs
[2023-11-20T19:35:41.969+0000] {logging_mixin.py:151} INFO - [2023-11-20T19:35:41.969+0000] {dag.py:3722} INFO - Setting next_dagrun for example_branch_labels to 2023-11-19T00:00:00+00:00, run_after=2023-11-20T00:00:00+00:00
[2023-11-20T19:35:42.052+0000] {processor.py:179} INFO - Processing /home/airflow/.local/lib/python3.8/site-packages/airflow/example_dags/example_branch_labels.py took 0.352 seconds
[2023-11-20T19:36:12.197+0000] {processor.py:157} INFO - Started process (PID=1586) to work on /home/airflow/.local/lib/python3.8/site-packages/airflow/example_dags/example_branch_labels.py
[2023-11-20T19:36:12.199+0000] {processor.py:829} INFO - Processing file /home/airflow/.local/lib/python3.8/site-packages/airflow/example_dags/example_branch_labels.py for tasks to queue
[2023-11-20T19:36:12.201+0000] {logging_mixin.py:151} INFO - [2023-11-20T19:36:12.200+0000] {dagbag.py:536} INFO - Filling up the DagBag from /home/airflow/.local/lib/python3.8/site-packages/airflow/example_dags/example_branch_labels.py
[2023-11-20T19:36:12.217+0000] {processor.py:839} INFO - DAG(s) dict_keys(['example_branch_labels']) retrieved from /home/airflow/.local/lib/python3.8/site-packages/airflow/example_dags/example_branch_labels.py
[2023-11-20T19:36:12.247+0000] {logging_mixin.py:151} INFO - [2023-11-20T19:36:12.247+0000] {dag.py:2941} INFO - Sync 1 DAGs
[2023-11-20T19:36:12.285+0000] {logging_mixin.py:151} INFO - [2023-11-20T19:36:12.285+0000] {dag.py:3722} INFO - Setting next_dagrun for example_branch_labels to 2023-11-19T00:00:00+00:00, run_after=2023-11-20T00:00:00+00:00
[2023-11-20T19:36:12.316+0000] {processor.py:179} INFO - Processing /home/airflow/.local/lib/python3.8/site-packages/airflow/example_dags/example_branch_labels.py took 0.123 seconds
[2023-11-20T19:36:43.507+0000] {processor.py:157} INFO - Started process (PID=1637) to work on /home/airflow/.local/lib/python3.8/site-packages/airflow/example_dags/example_branch_labels.py
[2023-11-20T19:36:43.508+0000] {processor.py:829} INFO - Processing file /home/airflow/.local/lib/python3.8/site-packages/airflow/example_dags/example_branch_labels.py for tasks to queue
[2023-11-20T19:36:43.510+0000] {logging_mixin.py:151} INFO - [2023-11-20T19:36:43.510+0000] {dagbag.py:536} INFO - Filling up the DagBag from /home/airflow/.local/lib/python3.8/site-packages/airflow/example_dags/example_branch_labels.py
[2023-11-20T19:36:43.525+0000] {processor.py:839} INFO - DAG(s) dict_keys(['example_branch_labels']) retrieved from /home/airflow/.local/lib/python3.8/site-packages/airflow/example_dags/example_branch_labels.py
[2023-11-20T19:36:43.581+0000] {logging_mixin.py:151} INFO - [2023-11-20T19:36:43.581+0000] {dag.py:2941} INFO - Sync 1 DAGs
[2023-11-20T19:36:43.655+0000] {logging_mixin.py:151} INFO - [2023-11-20T19:36:43.655+0000] {dag.py:3722} INFO - Setting next_dagrun for example_branch_labels to 2023-11-19T00:00:00+00:00, run_after=2023-11-20T00:00:00+00:00
[2023-11-20T19:36:43.681+0000] {processor.py:179} INFO - Processing /home/airflow/.local/lib/python3.8/site-packages/airflow/example_dags/example_branch_labels.py took 0.179 seconds
[2023-11-20T19:37:30.028+0000] {processor.py:157} INFO - Started process (PID=1695) to work on /home/airflow/.local/lib/python3.8/site-packages/airflow/example_dags/example_branch_labels.py
[2023-11-20T19:37:30.031+0000] {processor.py:829} INFO - Processing file /home/airflow/.local/lib/python3.8/site-packages/airflow/example_dags/example_branch_labels.py for tasks to queue
[2023-11-20T19:37:30.034+0000] {logging_mixin.py:151} INFO - [2023-11-20T19:37:30.033+0000] {dagbag.py:536} INFO - Filling up the DagBag from /home/airflow/.local/lib/python3.8/site-packages/airflow/example_dags/example_branch_labels.py
[2023-11-20T19:37:30.060+0000] {processor.py:839} INFO - DAG(s) dict_keys(['example_branch_labels']) retrieved from /home/airflow/.local/lib/python3.8/site-packages/airflow/example_dags/example_branch_labels.py
[2023-11-20T19:37:30.127+0000] {logging_mixin.py:151} INFO - [2023-11-20T19:37:30.126+0000] {dag.py:2941} INFO - Sync 1 DAGs
[2023-11-20T19:37:30.209+0000] {logging_mixin.py:151} INFO - [2023-11-20T19:37:30.209+0000] {dag.py:3722} INFO - Setting next_dagrun for example_branch_labels to 2023-11-19T00:00:00+00:00, run_after=2023-11-20T00:00:00+00:00
[2023-11-20T19:37:30.247+0000] {processor.py:179} INFO - Processing /home/airflow/.local/lib/python3.8/site-packages/airflow/example_dags/example_branch_labels.py took 0.226 seconds
[2023-11-20T19:38:13.373+0000] {processor.py:157} INFO - Started process (PID=1755) to work on /home/airflow/.local/lib/python3.8/site-packages/airflow/example_dags/example_branch_labels.py
[2023-11-20T19:38:13.378+0000] {processor.py:829} INFO - Processing file /home/airflow/.local/lib/python3.8/site-packages/airflow/example_dags/example_branch_labels.py for tasks to queue
[2023-11-20T19:38:13.388+0000] {logging_mixin.py:151} INFO - [2023-11-20T19:38:13.388+0000] {dagbag.py:536} INFO - Filling up the DagBag from /home/airflow/.local/lib/python3.8/site-packages/airflow/example_dags/example_branch_labels.py
[2023-11-20T19:38:13.467+0000] {processor.py:839} INFO - DAG(s) dict_keys(['example_branch_labels']) retrieved from /home/airflow/.local/lib/python3.8/site-packages/airflow/example_dags/example_branch_labels.py
[2023-11-20T19:38:13.656+0000] {logging_mixin.py:151} INFO - [2023-11-20T19:38:13.655+0000] {dag.py:2941} INFO - Sync 1 DAGs
[2023-11-20T19:38:13.900+0000] {logging_mixin.py:151} INFO - [2023-11-20T19:38:13.900+0000] {dag.py:3722} INFO - Setting next_dagrun for example_branch_labels to 2023-11-19T00:00:00+00:00, run_after=2023-11-20T00:00:00+00:00
[2023-11-20T19:38:13.995+0000] {processor.py:179} INFO - Processing /home/airflow/.local/lib/python3.8/site-packages/airflow/example_dags/example_branch_labels.py took 0.635 seconds
[2023-11-20T19:38:44.240+0000] {processor.py:157} INFO - Started process (PID=1815) to work on /home/airflow/.local/lib/python3.8/site-packages/airflow/example_dags/example_branch_labels.py
[2023-11-20T19:38:44.244+0000] {processor.py:829} INFO - Processing file /home/airflow/.local/lib/python3.8/site-packages/airflow/example_dags/example_branch_labels.py for tasks to queue
[2023-11-20T19:38:44.248+0000] {logging_mixin.py:151} INFO - [2023-11-20T19:38:44.247+0000] {dagbag.py:536} INFO - Filling up the DagBag from /home/airflow/.local/lib/python3.8/site-packages/airflow/example_dags/example_branch_labels.py
[2023-11-20T19:38:44.278+0000] {processor.py:839} INFO - DAG(s) dict_keys(['example_branch_labels']) retrieved from /home/airflow/.local/lib/python3.8/site-packages/airflow/example_dags/example_branch_labels.py
[2023-11-20T19:38:44.391+0000] {logging_mixin.py:151} INFO - [2023-11-20T19:38:44.390+0000] {dag.py:2941} INFO - Sync 1 DAGs
[2023-11-20T19:38:44.476+0000] {logging_mixin.py:151} INFO - [2023-11-20T19:38:44.476+0000] {dag.py:3722} INFO - Setting next_dagrun for example_branch_labels to 2023-11-19T00:00:00+00:00, run_after=2023-11-20T00:00:00+00:00
[2023-11-20T19:38:44.554+0000] {processor.py:179} INFO - Processing /home/airflow/.local/lib/python3.8/site-packages/airflow/example_dags/example_branch_labels.py took 0.321 seconds
[2023-11-20T19:39:22.817+0000] {processor.py:157} INFO - Started process (PID=1882) to work on /home/airflow/.local/lib/python3.8/site-packages/airflow/example_dags/example_branch_labels.py
[2023-11-20T19:39:22.822+0000] {processor.py:829} INFO - Processing file /home/airflow/.local/lib/python3.8/site-packages/airflow/example_dags/example_branch_labels.py for tasks to queue
[2023-11-20T19:39:22.825+0000] {logging_mixin.py:151} INFO - [2023-11-20T19:39:22.824+0000] {dagbag.py:536} INFO - Filling up the DagBag from /home/airflow/.local/lib/python3.8/site-packages/airflow/example_dags/example_branch_labels.py
[2023-11-20T19:39:22.846+0000] {processor.py:839} INFO - DAG(s) dict_keys(['example_branch_labels']) retrieved from /home/airflow/.local/lib/python3.8/site-packages/airflow/example_dags/example_branch_labels.py
[2023-11-20T19:39:22.894+0000] {logging_mixin.py:151} INFO - [2023-11-20T19:39:22.894+0000] {dag.py:2941} INFO - Sync 1 DAGs
[2023-11-20T19:39:22.939+0000] {logging_mixin.py:151} INFO - [2023-11-20T19:39:22.938+0000] {dag.py:3722} INFO - Setting next_dagrun for example_branch_labels to 2023-11-19T00:00:00+00:00, run_after=2023-11-20T00:00:00+00:00
[2023-11-20T19:39:22.994+0000] {processor.py:179} INFO - Processing /home/airflow/.local/lib/python3.8/site-packages/airflow/example_dags/example_branch_labels.py took 0.199 seconds
[2023-11-20T19:40:01.965+0000] {processor.py:157} INFO - Started process (PID=1944) to work on /home/airflow/.local/lib/python3.8/site-packages/airflow/example_dags/example_branch_labels.py
[2023-11-20T19:40:01.968+0000] {processor.py:829} INFO - Processing file /home/airflow/.local/lib/python3.8/site-packages/airflow/example_dags/example_branch_labels.py for tasks to queue
[2023-11-20T19:40:01.970+0000] {logging_mixin.py:151} INFO - [2023-11-20T19:40:01.969+0000] {dagbag.py:536} INFO - Filling up the DagBag from /home/airflow/.local/lib/python3.8/site-packages/airflow/example_dags/example_branch_labels.py
[2023-11-20T19:40:02.005+0000] {processor.py:839} INFO - DAG(s) dict_keys(['example_branch_labels']) retrieved from /home/airflow/.local/lib/python3.8/site-packages/airflow/example_dags/example_branch_labels.py
[2023-11-20T19:40:02.121+0000] {logging_mixin.py:151} INFO - [2023-11-20T19:40:02.120+0000] {dag.py:2941} INFO - Sync 1 DAGs
[2023-11-20T19:40:02.253+0000] {logging_mixin.py:151} INFO - [2023-11-20T19:40:02.253+0000] {dag.py:3722} INFO - Setting next_dagrun for example_branch_labels to 2023-11-19T00:00:00+00:00, run_after=2023-11-20T00:00:00+00:00
[2023-11-20T19:40:02.336+0000] {processor.py:179} INFO - Processing /home/airflow/.local/lib/python3.8/site-packages/airflow/example_dags/example_branch_labels.py took 0.377 seconds
[2023-11-20T19:40:35.176+0000] {processor.py:157} INFO - Started process (PID=2003) to work on /home/airflow/.local/lib/python3.8/site-packages/airflow/example_dags/example_branch_labels.py
[2023-11-20T19:40:35.179+0000] {processor.py:829} INFO - Processing file /home/airflow/.local/lib/python3.8/site-packages/airflow/example_dags/example_branch_labels.py for tasks to queue
[2023-11-20T19:40:35.183+0000] {logging_mixin.py:151} INFO - [2023-11-20T19:40:35.182+0000] {dagbag.py:536} INFO - Filling up the DagBag from /home/airflow/.local/lib/python3.8/site-packages/airflow/example_dags/example_branch_labels.py
[2023-11-20T19:40:35.212+0000] {processor.py:839} INFO - DAG(s) dict_keys(['example_branch_labels']) retrieved from /home/airflow/.local/lib/python3.8/site-packages/airflow/example_dags/example_branch_labels.py
[2023-11-20T19:40:35.318+0000] {logging_mixin.py:151} INFO - [2023-11-20T19:40:35.317+0000] {dag.py:2941} INFO - Sync 1 DAGs
[2023-11-20T19:40:35.418+0000] {logging_mixin.py:151} INFO - [2023-11-20T19:40:35.418+0000] {dag.py:3722} INFO - Setting next_dagrun for example_branch_labels to 2023-11-19T00:00:00+00:00, run_after=2023-11-20T00:00:00+00:00
[2023-11-20T19:40:35.518+0000] {processor.py:179} INFO - Processing /home/airflow/.local/lib/python3.8/site-packages/airflow/example_dags/example_branch_labels.py took 0.349 seconds
