[2023-11-20T19:19:35.534+0000] {processor.py:157} INFO - Started process (PID=125) to work on /home/airflow/.local/lib/python3.8/site-packages/airflow/example_dags/example_python_operator.py
[2023-11-20T19:19:35.571+0000] {processor.py:829} INFO - Processing file /home/airflow/.local/lib/python3.8/site-packages/airflow/example_dags/example_python_operator.py for tasks to queue
[2023-11-20T19:19:35.591+0000] {logging_mixin.py:151} INFO - [2023-11-20T19:19:35.590+0000] {dagbag.py:536} INFO - Filling up the DagBag from /home/airflow/.local/lib/python3.8/site-packages/airflow/example_dags/example_python_operator.py
[2023-11-20T19:19:37.223+0000] {processor.py:839} INFO - DAG(s) dict_keys(['example_python_operator']) retrieved from /home/airflow/.local/lib/python3.8/site-packages/airflow/example_dags/example_python_operator.py
[2023-11-20T19:19:41.267+0000] {logging_mixin.py:151} INFO - [2023-11-20T19:19:41.265+0000] {dag.py:2941} INFO - Sync 1 DAGs
[2023-11-20T19:19:41.333+0000] {logging_mixin.py:151} INFO - [2023-11-20T19:19:41.332+0000] {dag.py:3722} INFO - Setting next_dagrun for example_python_operator to None, run_after=None
[2023-11-20T19:19:41.550+0000] {processor.py:179} INFO - Processing /home/airflow/.local/lib/python3.8/site-packages/airflow/example_dags/example_python_operator.py took 6.431 seconds
[2023-11-20T19:21:46.584+0000] {processor.py:157} INFO - Started process (PID=199) to work on /home/airflow/.local/lib/python3.8/site-packages/airflow/example_dags/example_python_operator.py
[2023-11-20T19:21:46.593+0000] {processor.py:829} INFO - Processing file /home/airflow/.local/lib/python3.8/site-packages/airflow/example_dags/example_python_operator.py for tasks to queue
[2023-11-20T19:21:46.599+0000] {logging_mixin.py:151} INFO - [2023-11-20T19:21:46.597+0000] {dagbag.py:536} INFO - Filling up the DagBag from /home/airflow/.local/lib/python3.8/site-packages/airflow/example_dags/example_python_operator.py
[2023-11-20T19:21:46.653+0000] {processor.py:839} INFO - DAG(s) dict_keys(['example_python_operator']) retrieved from /home/airflow/.local/lib/python3.8/site-packages/airflow/example_dags/example_python_operator.py
[2023-11-20T19:21:46.782+0000] {logging_mixin.py:151} INFO - [2023-11-20T19:21:46.781+0000] {dag.py:2941} INFO - Sync 1 DAGs
[2023-11-20T19:21:46.909+0000] {logging_mixin.py:151} INFO - [2023-11-20T19:21:46.903+0000] {dag.py:3722} INFO - Setting next_dagrun for example_python_operator to None, run_after=None
[2023-11-20T19:21:47.021+0000] {processor.py:179} INFO - Processing /home/airflow/.local/lib/python3.8/site-packages/airflow/example_dags/example_python_operator.py took 0.466 seconds
[2023-11-20T19:22:41.295+0000] {processor.py:157} INFO - Started process (PID=266) to work on /home/airflow/.local/lib/python3.8/site-packages/airflow/example_dags/example_python_operator.py
[2023-11-20T19:22:41.299+0000] {processor.py:829} INFO - Processing file /home/airflow/.local/lib/python3.8/site-packages/airflow/example_dags/example_python_operator.py for tasks to queue
[2023-11-20T19:22:41.301+0000] {logging_mixin.py:151} INFO - [2023-11-20T19:22:41.300+0000] {dagbag.py:536} INFO - Filling up the DagBag from /home/airflow/.local/lib/python3.8/site-packages/airflow/example_dags/example_python_operator.py
[2023-11-20T19:22:41.334+0000] {processor.py:839} INFO - DAG(s) dict_keys(['example_python_operator']) retrieved from /home/airflow/.local/lib/python3.8/site-packages/airflow/example_dags/example_python_operator.py
[2023-11-20T19:22:41.396+0000] {logging_mixin.py:151} INFO - [2023-11-20T19:22:41.396+0000] {dag.py:2941} INFO - Sync 1 DAGs
[2023-11-20T19:22:41.419+0000] {logging_mixin.py:151} INFO - [2023-11-20T19:22:41.418+0000] {dag.py:3722} INFO - Setting next_dagrun for example_python_operator to None, run_after=None
[2023-11-20T19:22:41.464+0000] {processor.py:179} INFO - Processing /home/airflow/.local/lib/python3.8/site-packages/airflow/example_dags/example_python_operator.py took 0.176 seconds
[2023-11-20T19:23:18.802+0000] {processor.py:157} INFO - Started process (PID=326) to work on /home/airflow/.local/lib/python3.8/site-packages/airflow/example_dags/example_python_operator.py
[2023-11-20T19:23:18.806+0000] {processor.py:829} INFO - Processing file /home/airflow/.local/lib/python3.8/site-packages/airflow/example_dags/example_python_operator.py for tasks to queue
[2023-11-20T19:23:18.807+0000] {logging_mixin.py:151} INFO - [2023-11-20T19:23:18.807+0000] {dagbag.py:536} INFO - Filling up the DagBag from /home/airflow/.local/lib/python3.8/site-packages/airflow/example_dags/example_python_operator.py
[2023-11-20T19:23:18.830+0000] {processor.py:839} INFO - DAG(s) dict_keys(['example_python_operator']) retrieved from /home/airflow/.local/lib/python3.8/site-packages/airflow/example_dags/example_python_operator.py
[2023-11-20T19:23:18.875+0000] {logging_mixin.py:151} INFO - [2023-11-20T19:23:18.875+0000] {dag.py:2941} INFO - Sync 1 DAGs
[2023-11-20T19:23:18.927+0000] {logging_mixin.py:151} INFO - [2023-11-20T19:23:18.927+0000] {dag.py:3722} INFO - Setting next_dagrun for example_python_operator to None, run_after=None
[2023-11-20T19:23:19.227+0000] {processor.py:179} INFO - Processing /home/airflow/.local/lib/python3.8/site-packages/airflow/example_dags/example_python_operator.py took 0.432 seconds
[2023-11-20T19:23:52.489+0000] {processor.py:157} INFO - Started process (PID=386) to work on /home/airflow/.local/lib/python3.8/site-packages/airflow/example_dags/example_python_operator.py
[2023-11-20T19:23:52.525+0000] {processor.py:829} INFO - Processing file /home/airflow/.local/lib/python3.8/site-packages/airflow/example_dags/example_python_operator.py for tasks to queue
[2023-11-20T19:23:52.528+0000] {logging_mixin.py:151} INFO - [2023-11-20T19:23:52.526+0000] {dagbag.py:536} INFO - Filling up the DagBag from /home/airflow/.local/lib/python3.8/site-packages/airflow/example_dags/example_python_operator.py
[2023-11-20T19:23:52.706+0000] {processor.py:839} INFO - DAG(s) dict_keys(['example_python_operator']) retrieved from /home/airflow/.local/lib/python3.8/site-packages/airflow/example_dags/example_python_operator.py
[2023-11-20T19:23:53.247+0000] {logging_mixin.py:151} INFO - [2023-11-20T19:23:53.243+0000] {dag.py:2941} INFO - Sync 1 DAGs
[2023-11-20T19:23:53.782+0000] {logging_mixin.py:151} INFO - [2023-11-20T19:23:53.780+0000] {dag.py:3722} INFO - Setting next_dagrun for example_python_operator to None, run_after=None
[2023-11-20T19:23:53.927+0000] {processor.py:179} INFO - Processing /home/airflow/.local/lib/python3.8/site-packages/airflow/example_dags/example_python_operator.py took 1.456 seconds
[2023-11-20T19:24:24.397+0000] {processor.py:157} INFO - Started process (PID=444) to work on /home/airflow/.local/lib/python3.8/site-packages/airflow/example_dags/example_python_operator.py
[2023-11-20T19:24:24.400+0000] {processor.py:829} INFO - Processing file /home/airflow/.local/lib/python3.8/site-packages/airflow/example_dags/example_python_operator.py for tasks to queue
[2023-11-20T19:24:24.402+0000] {logging_mixin.py:151} INFO - [2023-11-20T19:24:24.401+0000] {dagbag.py:536} INFO - Filling up the DagBag from /home/airflow/.local/lib/python3.8/site-packages/airflow/example_dags/example_python_operator.py
[2023-11-20T19:24:24.419+0000] {processor.py:839} INFO - DAG(s) dict_keys(['example_python_operator']) retrieved from /home/airflow/.local/lib/python3.8/site-packages/airflow/example_dags/example_python_operator.py
[2023-11-20T19:24:24.451+0000] {logging_mixin.py:151} INFO - [2023-11-20T19:24:24.451+0000] {dag.py:2941} INFO - Sync 1 DAGs
[2023-11-20T19:24:24.467+0000] {logging_mixin.py:151} INFO - [2023-11-20T19:24:24.467+0000] {dag.py:3722} INFO - Setting next_dagrun for example_python_operator to None, run_after=None
[2023-11-20T19:24:24.490+0000] {processor.py:179} INFO - Processing /home/airflow/.local/lib/python3.8/site-packages/airflow/example_dags/example_python_operator.py took 0.099 seconds
[2023-11-20T19:24:54.806+0000] {processor.py:157} INFO - Started process (PID=505) to work on /home/airflow/.local/lib/python3.8/site-packages/airflow/example_dags/example_python_operator.py
[2023-11-20T19:24:54.820+0000] {processor.py:829} INFO - Processing file /home/airflow/.local/lib/python3.8/site-packages/airflow/example_dags/example_python_operator.py for tasks to queue
[2023-11-20T19:24:54.824+0000] {logging_mixin.py:151} INFO - [2023-11-20T19:24:54.822+0000] {dagbag.py:536} INFO - Filling up the DagBag from /home/airflow/.local/lib/python3.8/site-packages/airflow/example_dags/example_python_operator.py
[2023-11-20T19:24:54.946+0000] {processor.py:839} INFO - DAG(s) dict_keys(['example_python_operator']) retrieved from /home/airflow/.local/lib/python3.8/site-packages/airflow/example_dags/example_python_operator.py
[2023-11-20T19:24:55.048+0000] {logging_mixin.py:151} INFO - [2023-11-20T19:24:55.047+0000] {dag.py:2941} INFO - Sync 1 DAGs
[2023-11-20T19:24:55.437+0000] {logging_mixin.py:151} INFO - [2023-11-20T19:24:55.435+0000] {dag.py:3722} INFO - Setting next_dagrun for example_python_operator to None, run_after=None
[2023-11-20T19:24:55.844+0000] {processor.py:179} INFO - Processing /home/airflow/.local/lib/python3.8/site-packages/airflow/example_dags/example_python_operator.py took 1.088 seconds
[2023-11-20T19:25:33.549+0000] {processor.py:157} INFO - Started process (PID=566) to work on /home/airflow/.local/lib/python3.8/site-packages/airflow/example_dags/example_python_operator.py
[2023-11-20T19:25:33.584+0000] {processor.py:829} INFO - Processing file /home/airflow/.local/lib/python3.8/site-packages/airflow/example_dags/example_python_operator.py for tasks to queue
[2023-11-20T19:25:33.596+0000] {logging_mixin.py:151} INFO - [2023-11-20T19:25:33.593+0000] {dagbag.py:536} INFO - Filling up the DagBag from /home/airflow/.local/lib/python3.8/site-packages/airflow/example_dags/example_python_operator.py
[2023-11-20T19:25:33.781+0000] {processor.py:839} INFO - DAG(s) dict_keys(['example_python_operator']) retrieved from /home/airflow/.local/lib/python3.8/site-packages/airflow/example_dags/example_python_operator.py
[2023-11-20T19:25:33.982+0000] {logging_mixin.py:151} INFO - [2023-11-20T19:25:33.982+0000] {dag.py:2941} INFO - Sync 1 DAGs
[2023-11-20T19:25:34.078+0000] {logging_mixin.py:151} INFO - [2023-11-20T19:25:34.078+0000] {dag.py:3722} INFO - Setting next_dagrun for example_python_operator to None, run_after=None
[2023-11-20T19:25:34.300+0000] {processor.py:179} INFO - Processing /home/airflow/.local/lib/python3.8/site-packages/airflow/example_dags/example_python_operator.py took 0.836 seconds
[2023-11-20T19:26:05.212+0000] {processor.py:157} INFO - Started process (PID=625) to work on /home/airflow/.local/lib/python3.8/site-packages/airflow/example_dags/example_python_operator.py
[2023-11-20T19:26:05.225+0000] {processor.py:829} INFO - Processing file /home/airflow/.local/lib/python3.8/site-packages/airflow/example_dags/example_python_operator.py for tasks to queue
[2023-11-20T19:26:05.226+0000] {logging_mixin.py:151} INFO - [2023-11-20T19:26:05.226+0000] {dagbag.py:536} INFO - Filling up the DagBag from /home/airflow/.local/lib/python3.8/site-packages/airflow/example_dags/example_python_operator.py
[2023-11-20T19:26:05.266+0000] {processor.py:839} INFO - DAG(s) dict_keys(['example_python_operator']) retrieved from /home/airflow/.local/lib/python3.8/site-packages/airflow/example_dags/example_python_operator.py
[2023-11-20T19:26:05.349+0000] {logging_mixin.py:151} INFO - [2023-11-20T19:26:05.348+0000] {dag.py:2941} INFO - Sync 1 DAGs
[2023-11-20T19:26:05.385+0000] {logging_mixin.py:151} INFO - [2023-11-20T19:26:05.385+0000] {dag.py:3722} INFO - Setting next_dagrun for example_python_operator to None, run_after=None
[2023-11-20T19:26:05.417+0000] {processor.py:179} INFO - Processing /home/airflow/.local/lib/python3.8/site-packages/airflow/example_dags/example_python_operator.py took 0.212 seconds
[2023-11-20T19:26:35.780+0000] {processor.py:157} INFO - Started process (PID=686) to work on /home/airflow/.local/lib/python3.8/site-packages/airflow/example_dags/example_python_operator.py
[2023-11-20T19:26:35.783+0000] {processor.py:829} INFO - Processing file /home/airflow/.local/lib/python3.8/site-packages/airflow/example_dags/example_python_operator.py for tasks to queue
[2023-11-20T19:26:35.786+0000] {logging_mixin.py:151} INFO - [2023-11-20T19:26:35.785+0000] {dagbag.py:536} INFO - Filling up the DagBag from /home/airflow/.local/lib/python3.8/site-packages/airflow/example_dags/example_python_operator.py
[2023-11-20T19:26:35.814+0000] {processor.py:839} INFO - DAG(s) dict_keys(['example_python_operator']) retrieved from /home/airflow/.local/lib/python3.8/site-packages/airflow/example_dags/example_python_operator.py
[2023-11-20T19:26:35.863+0000] {logging_mixin.py:151} INFO - [2023-11-20T19:26:35.863+0000] {dag.py:2941} INFO - Sync 1 DAGs
[2023-11-20T19:26:35.906+0000] {logging_mixin.py:151} INFO - [2023-11-20T19:26:35.905+0000] {dag.py:3722} INFO - Setting next_dagrun for example_python_operator to None, run_after=None
[2023-11-20T19:26:35.999+0000] {processor.py:179} INFO - Processing /home/airflow/.local/lib/python3.8/site-packages/airflow/example_dags/example_python_operator.py took 0.227 seconds
[2023-11-20T19:27:07.388+0000] {processor.py:157} INFO - Started process (PID=742) to work on /home/airflow/.local/lib/python3.8/site-packages/airflow/example_dags/example_python_operator.py
[2023-11-20T19:27:07.394+0000] {processor.py:829} INFO - Processing file /home/airflow/.local/lib/python3.8/site-packages/airflow/example_dags/example_python_operator.py for tasks to queue
[2023-11-20T19:27:07.396+0000] {logging_mixin.py:151} INFO - [2023-11-20T19:27:07.396+0000] {dagbag.py:536} INFO - Filling up the DagBag from /home/airflow/.local/lib/python3.8/site-packages/airflow/example_dags/example_python_operator.py
[2023-11-20T19:27:07.437+0000] {processor.py:839} INFO - DAG(s) dict_keys(['example_python_operator']) retrieved from /home/airflow/.local/lib/python3.8/site-packages/airflow/example_dags/example_python_operator.py
[2023-11-20T19:27:07.473+0000] {logging_mixin.py:151} INFO - [2023-11-20T19:27:07.472+0000] {dag.py:2941} INFO - Sync 1 DAGs
[2023-11-20T19:27:07.490+0000] {logging_mixin.py:151} INFO - [2023-11-20T19:27:07.489+0000] {dag.py:3722} INFO - Setting next_dagrun for example_python_operator to None, run_after=None
[2023-11-20T19:27:07.516+0000] {processor.py:179} INFO - Processing /home/airflow/.local/lib/python3.8/site-packages/airflow/example_dags/example_python_operator.py took 0.133 seconds
[2023-11-20T19:27:38.333+0000] {processor.py:157} INFO - Started process (PID=785) to work on /home/airflow/.local/lib/python3.8/site-packages/airflow/example_dags/example_python_operator.py
[2023-11-20T19:27:38.340+0000] {processor.py:829} INFO - Processing file /home/airflow/.local/lib/python3.8/site-packages/airflow/example_dags/example_python_operator.py for tasks to queue
[2023-11-20T19:27:38.344+0000] {logging_mixin.py:151} INFO - [2023-11-20T19:27:38.343+0000] {dagbag.py:536} INFO - Filling up the DagBag from /home/airflow/.local/lib/python3.8/site-packages/airflow/example_dags/example_python_operator.py
[2023-11-20T19:27:38.383+0000] {processor.py:839} INFO - DAG(s) dict_keys(['example_python_operator']) retrieved from /home/airflow/.local/lib/python3.8/site-packages/airflow/example_dags/example_python_operator.py
[2023-11-20T19:27:38.455+0000] {logging_mixin.py:151} INFO - [2023-11-20T19:27:38.454+0000] {dag.py:2941} INFO - Sync 1 DAGs
[2023-11-20T19:27:38.494+0000] {logging_mixin.py:151} INFO - [2023-11-20T19:27:38.494+0000] {dag.py:3722} INFO - Setting next_dagrun for example_python_operator to None, run_after=None
[2023-11-20T19:27:38.552+0000] {processor.py:179} INFO - Processing /home/airflow/.local/lib/python3.8/site-packages/airflow/example_dags/example_python_operator.py took 0.228 seconds
[2023-11-20T19:28:11.965+0000] {processor.py:157} INFO - Started process (PID=846) to work on /home/airflow/.local/lib/python3.8/site-packages/airflow/example_dags/example_python_operator.py
[2023-11-20T19:28:11.967+0000] {processor.py:829} INFO - Processing file /home/airflow/.local/lib/python3.8/site-packages/airflow/example_dags/example_python_operator.py for tasks to queue
[2023-11-20T19:28:11.970+0000] {logging_mixin.py:151} INFO - [2023-11-20T19:28:11.969+0000] {dagbag.py:536} INFO - Filling up the DagBag from /home/airflow/.local/lib/python3.8/site-packages/airflow/example_dags/example_python_operator.py
[2023-11-20T19:28:11.997+0000] {processor.py:839} INFO - DAG(s) dict_keys(['example_python_operator']) retrieved from /home/airflow/.local/lib/python3.8/site-packages/airflow/example_dags/example_python_operator.py
[2023-11-20T19:28:12.055+0000] {logging_mixin.py:151} INFO - [2023-11-20T19:28:12.054+0000] {dag.py:2941} INFO - Sync 1 DAGs
[2023-11-20T19:28:12.086+0000] {logging_mixin.py:151} INFO - [2023-11-20T19:28:12.086+0000] {dag.py:3722} INFO - Setting next_dagrun for example_python_operator to None, run_after=None
[2023-11-20T19:28:12.130+0000] {processor.py:179} INFO - Processing /home/airflow/.local/lib/python3.8/site-packages/airflow/example_dags/example_python_operator.py took 0.176 seconds
[2023-11-20T19:28:43.794+0000] {processor.py:157} INFO - Started process (PID=901) to work on /home/airflow/.local/lib/python3.8/site-packages/airflow/example_dags/example_python_operator.py
[2023-11-20T19:28:43.798+0000] {processor.py:829} INFO - Processing file /home/airflow/.local/lib/python3.8/site-packages/airflow/example_dags/example_python_operator.py for tasks to queue
[2023-11-20T19:28:43.800+0000] {logging_mixin.py:151} INFO - [2023-11-20T19:28:43.800+0000] {dagbag.py:536} INFO - Filling up the DagBag from /home/airflow/.local/lib/python3.8/site-packages/airflow/example_dags/example_python_operator.py
[2023-11-20T19:28:43.838+0000] {processor.py:839} INFO - DAG(s) dict_keys(['example_python_operator']) retrieved from /home/airflow/.local/lib/python3.8/site-packages/airflow/example_dags/example_python_operator.py
[2023-11-20T19:28:43.964+0000] {logging_mixin.py:151} INFO - [2023-11-20T19:28:43.964+0000] {dag.py:2941} INFO - Sync 1 DAGs
[2023-11-20T19:28:44.007+0000] {logging_mixin.py:151} INFO - [2023-11-20T19:28:44.006+0000] {dag.py:3722} INFO - Setting next_dagrun for example_python_operator to None, run_after=None
[2023-11-20T19:28:44.073+0000] {processor.py:179} INFO - Processing /home/airflow/.local/lib/python3.8/site-packages/airflow/example_dags/example_python_operator.py took 0.290 seconds
[2023-11-20T19:29:22.399+0000] {processor.py:157} INFO - Started process (PID=964) to work on /home/airflow/.local/lib/python3.8/site-packages/airflow/example_dags/example_python_operator.py
[2023-11-20T19:29:22.405+0000] {processor.py:829} INFO - Processing file /home/airflow/.local/lib/python3.8/site-packages/airflow/example_dags/example_python_operator.py for tasks to queue
[2023-11-20T19:29:22.415+0000] {logging_mixin.py:151} INFO - [2023-11-20T19:29:22.414+0000] {dagbag.py:536} INFO - Filling up the DagBag from /home/airflow/.local/lib/python3.8/site-packages/airflow/example_dags/example_python_operator.py
[2023-11-20T19:29:22.449+0000] {processor.py:839} INFO - DAG(s) dict_keys(['example_python_operator']) retrieved from /home/airflow/.local/lib/python3.8/site-packages/airflow/example_dags/example_python_operator.py
[2023-11-20T19:29:22.546+0000] {logging_mixin.py:151} INFO - [2023-11-20T19:29:22.546+0000] {dag.py:2941} INFO - Sync 1 DAGs
[2023-11-20T19:29:22.602+0000] {logging_mixin.py:151} INFO - [2023-11-20T19:29:22.601+0000] {dag.py:3722} INFO - Setting next_dagrun for example_python_operator to None, run_after=None
[2023-11-20T19:29:22.675+0000] {processor.py:179} INFO - Processing /home/airflow/.local/lib/python3.8/site-packages/airflow/example_dags/example_python_operator.py took 0.283 seconds
[2023-11-20T19:29:54.150+0000] {processor.py:157} INFO - Started process (PID=1025) to work on /home/airflow/.local/lib/python3.8/site-packages/airflow/example_dags/example_python_operator.py
[2023-11-20T19:29:54.159+0000] {processor.py:829} INFO - Processing file /home/airflow/.local/lib/python3.8/site-packages/airflow/example_dags/example_python_operator.py for tasks to queue
[2023-11-20T19:29:54.161+0000] {logging_mixin.py:151} INFO - [2023-11-20T19:29:54.160+0000] {dagbag.py:536} INFO - Filling up the DagBag from /home/airflow/.local/lib/python3.8/site-packages/airflow/example_dags/example_python_operator.py
[2023-11-20T19:29:54.192+0000] {processor.py:839} INFO - DAG(s) dict_keys(['example_python_operator']) retrieved from /home/airflow/.local/lib/python3.8/site-packages/airflow/example_dags/example_python_operator.py
[2023-11-20T19:29:54.263+0000] {logging_mixin.py:151} INFO - [2023-11-20T19:29:54.262+0000] {dag.py:2941} INFO - Sync 1 DAGs
[2023-11-20T19:29:54.289+0000] {logging_mixin.py:151} INFO - [2023-11-20T19:29:54.288+0000] {dag.py:3722} INFO - Setting next_dagrun for example_python_operator to None, run_after=None
[2023-11-20T19:29:54.337+0000] {processor.py:179} INFO - Processing /home/airflow/.local/lib/python3.8/site-packages/airflow/example_dags/example_python_operator.py took 0.196 seconds
[2023-11-20T19:30:27.457+0000] {processor.py:157} INFO - Started process (PID=1085) to work on /home/airflow/.local/lib/python3.8/site-packages/airflow/example_dags/example_python_operator.py
[2023-11-20T19:30:27.462+0000] {processor.py:829} INFO - Processing file /home/airflow/.local/lib/python3.8/site-packages/airflow/example_dags/example_python_operator.py for tasks to queue
[2023-11-20T19:30:27.468+0000] {logging_mixin.py:151} INFO - [2023-11-20T19:30:27.465+0000] {dagbag.py:536} INFO - Filling up the DagBag from /home/airflow/.local/lib/python3.8/site-packages/airflow/example_dags/example_python_operator.py
[2023-11-20T19:30:27.515+0000] {processor.py:839} INFO - DAG(s) dict_keys(['example_python_operator']) retrieved from /home/airflow/.local/lib/python3.8/site-packages/airflow/example_dags/example_python_operator.py
[2023-11-20T19:30:27.689+0000] {logging_mixin.py:151} INFO - [2023-11-20T19:30:27.684+0000] {dag.py:2941} INFO - Sync 1 DAGs
[2023-11-20T19:30:27.766+0000] {logging_mixin.py:151} INFO - [2023-11-20T19:30:27.766+0000] {dag.py:3722} INFO - Setting next_dagrun for example_python_operator to None, run_after=None
[2023-11-20T19:30:27.841+0000] {processor.py:179} INFO - Processing /home/airflow/.local/lib/python3.8/site-packages/airflow/example_dags/example_python_operator.py took 0.393 seconds
[2023-11-20T19:31:09.863+0000] {processor.py:157} INFO - Started process (PID=1145) to work on /home/airflow/.local/lib/python3.8/site-packages/airflow/example_dags/example_python_operator.py
[2023-11-20T19:31:09.868+0000] {processor.py:829} INFO - Processing file /home/airflow/.local/lib/python3.8/site-packages/airflow/example_dags/example_python_operator.py for tasks to queue
[2023-11-20T19:31:09.872+0000] {logging_mixin.py:151} INFO - [2023-11-20T19:31:09.871+0000] {dagbag.py:536} INFO - Filling up the DagBag from /home/airflow/.local/lib/python3.8/site-packages/airflow/example_dags/example_python_operator.py
[2023-11-20T19:31:09.904+0000] {processor.py:839} INFO - DAG(s) dict_keys(['example_python_operator']) retrieved from /home/airflow/.local/lib/python3.8/site-packages/airflow/example_dags/example_python_operator.py
[2023-11-20T19:31:10.044+0000] {logging_mixin.py:151} INFO - [2023-11-20T19:31:10.043+0000] {dag.py:2941} INFO - Sync 1 DAGs
[2023-11-20T19:31:10.094+0000] {logging_mixin.py:151} INFO - [2023-11-20T19:31:10.094+0000] {dag.py:3722} INFO - Setting next_dagrun for example_python_operator to None, run_after=None
[2023-11-20T19:31:10.167+0000] {processor.py:179} INFO - Processing /home/airflow/.local/lib/python3.8/site-packages/airflow/example_dags/example_python_operator.py took 0.318 seconds
[2023-11-20T19:31:42.333+0000] {processor.py:157} INFO - Started process (PID=1205) to work on /home/airflow/.local/lib/python3.8/site-packages/airflow/example_dags/example_python_operator.py
[2023-11-20T19:31:42.352+0000] {processor.py:829} INFO - Processing file /home/airflow/.local/lib/python3.8/site-packages/airflow/example_dags/example_python_operator.py for tasks to queue
[2023-11-20T19:31:42.360+0000] {logging_mixin.py:151} INFO - [2023-11-20T19:31:42.358+0000] {dagbag.py:536} INFO - Filling up the DagBag from /home/airflow/.local/lib/python3.8/site-packages/airflow/example_dags/example_python_operator.py
[2023-11-20T19:31:42.612+0000] {processor.py:839} INFO - DAG(s) dict_keys(['example_python_operator']) retrieved from /home/airflow/.local/lib/python3.8/site-packages/airflow/example_dags/example_python_operator.py
[2023-11-20T19:31:42.880+0000] {logging_mixin.py:151} INFO - [2023-11-20T19:31:42.879+0000] {dag.py:2941} INFO - Sync 1 DAGs
[2023-11-20T19:31:42.952+0000] {logging_mixin.py:151} INFO - [2023-11-20T19:31:42.952+0000] {dag.py:3722} INFO - Setting next_dagrun for example_python_operator to None, run_after=None
[2023-11-20T19:31:43.055+0000] {processor.py:179} INFO - Processing /home/airflow/.local/lib/python3.8/site-packages/airflow/example_dags/example_python_operator.py took 0.740 seconds
[2023-11-20T19:33:24.731+0000] {processor.py:157} INFO - Started process (PID=1284) to work on /home/airflow/.local/lib/python3.8/site-packages/airflow/example_dags/example_python_operator.py
[2023-11-20T19:33:24.814+0000] {processor.py:829} INFO - Processing file /home/airflow/.local/lib/python3.8/site-packages/airflow/example_dags/example_python_operator.py for tasks to queue
[2023-11-20T19:33:24.904+0000] {logging_mixin.py:151} INFO - [2023-11-20T19:33:24.898+0000] {dagbag.py:536} INFO - Filling up the DagBag from /home/airflow/.local/lib/python3.8/site-packages/airflow/example_dags/example_python_operator.py
[2023-11-20T19:33:25.221+0000] {processor.py:839} INFO - DAG(s) dict_keys(['example_python_operator']) retrieved from /home/airflow/.local/lib/python3.8/site-packages/airflow/example_dags/example_python_operator.py
[2023-11-20T19:33:25.774+0000] {logging_mixin.py:151} INFO - [2023-11-20T19:33:25.766+0000] {dag.py:2941} INFO - Sync 1 DAGs
[2023-11-20T19:33:25.934+0000] {logging_mixin.py:151} INFO - [2023-11-20T19:33:25.931+0000] {dag.py:3722} INFO - Setting next_dagrun for example_python_operator to None, run_after=None
[2023-11-20T19:33:26.054+0000] {processor.py:179} INFO - Processing /home/airflow/.local/lib/python3.8/site-packages/airflow/example_dags/example_python_operator.py took 1.699 seconds
[2023-11-20T19:33:56.936+0000] {processor.py:157} INFO - Started process (PID=1341) to work on /home/airflow/.local/lib/python3.8/site-packages/airflow/example_dags/example_python_operator.py
[2023-11-20T19:33:56.944+0000] {processor.py:829} INFO - Processing file /home/airflow/.local/lib/python3.8/site-packages/airflow/example_dags/example_python_operator.py for tasks to queue
[2023-11-20T19:33:56.953+0000] {logging_mixin.py:151} INFO - [2023-11-20T19:33:56.952+0000] {dagbag.py:536} INFO - Filling up the DagBag from /home/airflow/.local/lib/python3.8/site-packages/airflow/example_dags/example_python_operator.py
[2023-11-20T19:33:56.997+0000] {processor.py:839} INFO - DAG(s) dict_keys(['example_python_operator']) retrieved from /home/airflow/.local/lib/python3.8/site-packages/airflow/example_dags/example_python_operator.py
[2023-11-20T19:33:57.072+0000] {logging_mixin.py:151} INFO - [2023-11-20T19:33:57.072+0000] {dag.py:2941} INFO - Sync 1 DAGs
[2023-11-20T19:33:57.118+0000] {logging_mixin.py:151} INFO - [2023-11-20T19:33:57.118+0000] {dag.py:3722} INFO - Setting next_dagrun for example_python_operator to None, run_after=None
[2023-11-20T19:33:57.168+0000] {processor.py:179} INFO - Processing /home/airflow/.local/lib/python3.8/site-packages/airflow/example_dags/example_python_operator.py took 0.241 seconds
[2023-11-20T19:34:27.728+0000] {processor.py:157} INFO - Started process (PID=1401) to work on /home/airflow/.local/lib/python3.8/site-packages/airflow/example_dags/example_python_operator.py
[2023-11-20T19:34:27.735+0000] {processor.py:829} INFO - Processing file /home/airflow/.local/lib/python3.8/site-packages/airflow/example_dags/example_python_operator.py for tasks to queue
[2023-11-20T19:34:27.747+0000] {logging_mixin.py:151} INFO - [2023-11-20T19:34:27.746+0000] {dagbag.py:536} INFO - Filling up the DagBag from /home/airflow/.local/lib/python3.8/site-packages/airflow/example_dags/example_python_operator.py
[2023-11-20T19:34:27.851+0000] {processor.py:839} INFO - DAG(s) dict_keys(['example_python_operator']) retrieved from /home/airflow/.local/lib/python3.8/site-packages/airflow/example_dags/example_python_operator.py
[2023-11-20T19:34:27.985+0000] {logging_mixin.py:151} INFO - [2023-11-20T19:34:27.984+0000] {dag.py:2941} INFO - Sync 1 DAGs
[2023-11-20T19:34:28.044+0000] {logging_mixin.py:151} INFO - [2023-11-20T19:34:28.043+0000] {dag.py:3722} INFO - Setting next_dagrun for example_python_operator to None, run_after=None
[2023-11-20T19:34:28.099+0000] {processor.py:179} INFO - Processing /home/airflow/.local/lib/python3.8/site-packages/airflow/example_dags/example_python_operator.py took 0.383 seconds
[2023-11-20T19:34:59.093+0000] {processor.py:157} INFO - Started process (PID=1461) to work on /home/airflow/.local/lib/python3.8/site-packages/airflow/example_dags/example_python_operator.py
[2023-11-20T19:34:59.099+0000] {processor.py:829} INFO - Processing file /home/airflow/.local/lib/python3.8/site-packages/airflow/example_dags/example_python_operator.py for tasks to queue
[2023-11-20T19:34:59.101+0000] {logging_mixin.py:151} INFO - [2023-11-20T19:34:59.100+0000] {dagbag.py:536} INFO - Filling up the DagBag from /home/airflow/.local/lib/python3.8/site-packages/airflow/example_dags/example_python_operator.py
[2023-11-20T19:34:59.130+0000] {processor.py:839} INFO - DAG(s) dict_keys(['example_python_operator']) retrieved from /home/airflow/.local/lib/python3.8/site-packages/airflow/example_dags/example_python_operator.py
[2023-11-20T19:34:59.194+0000] {logging_mixin.py:151} INFO - [2023-11-20T19:34:59.194+0000] {dag.py:2941} INFO - Sync 1 DAGs
[2023-11-20T19:34:59.221+0000] {logging_mixin.py:151} INFO - [2023-11-20T19:34:59.221+0000] {dag.py:3722} INFO - Setting next_dagrun for example_python_operator to None, run_after=None
[2023-11-20T19:34:59.275+0000] {processor.py:179} INFO - Processing /home/airflow/.local/lib/python3.8/site-packages/airflow/example_dags/example_python_operator.py took 0.190 seconds
[2023-11-20T19:35:37.956+0000] {processor.py:157} INFO - Started process (PID=1507) to work on /home/airflow/.local/lib/python3.8/site-packages/airflow/example_dags/example_python_operator.py
[2023-11-20T19:35:37.963+0000] {processor.py:829} INFO - Processing file /home/airflow/.local/lib/python3.8/site-packages/airflow/example_dags/example_python_operator.py for tasks to queue
[2023-11-20T19:35:37.967+0000] {logging_mixin.py:151} INFO - [2023-11-20T19:35:37.966+0000] {dagbag.py:536} INFO - Filling up the DagBag from /home/airflow/.local/lib/python3.8/site-packages/airflow/example_dags/example_python_operator.py
[2023-11-20T19:35:38.004+0000] {processor.py:839} INFO - DAG(s) dict_keys(['example_python_operator']) retrieved from /home/airflow/.local/lib/python3.8/site-packages/airflow/example_dags/example_python_operator.py
[2023-11-20T19:35:38.072+0000] {logging_mixin.py:151} INFO - [2023-11-20T19:35:38.071+0000] {dag.py:2941} INFO - Sync 1 DAGs
[2023-11-20T19:35:38.111+0000] {logging_mixin.py:151} INFO - [2023-11-20T19:35:38.111+0000] {dag.py:3722} INFO - Setting next_dagrun for example_python_operator to None, run_after=None
[2023-11-20T19:35:38.163+0000] {processor.py:179} INFO - Processing /home/airflow/.local/lib/python3.8/site-packages/airflow/example_dags/example_python_operator.py took 0.218 seconds
[2023-11-20T19:36:11.230+0000] {processor.py:157} INFO - Started process (PID=1567) to work on /home/airflow/.local/lib/python3.8/site-packages/airflow/example_dags/example_python_operator.py
[2023-11-20T19:36:11.234+0000] {processor.py:829} INFO - Processing file /home/airflow/.local/lib/python3.8/site-packages/airflow/example_dags/example_python_operator.py for tasks to queue
[2023-11-20T19:36:11.235+0000] {logging_mixin.py:151} INFO - [2023-11-20T19:36:11.235+0000] {dagbag.py:536} INFO - Filling up the DagBag from /home/airflow/.local/lib/python3.8/site-packages/airflow/example_dags/example_python_operator.py
[2023-11-20T19:36:11.253+0000] {processor.py:839} INFO - DAG(s) dict_keys(['example_python_operator']) retrieved from /home/airflow/.local/lib/python3.8/site-packages/airflow/example_dags/example_python_operator.py
[2023-11-20T19:36:11.292+0000] {logging_mixin.py:151} INFO - [2023-11-20T19:36:11.292+0000] {dag.py:2941} INFO - Sync 1 DAGs
[2023-11-20T19:36:11.316+0000] {logging_mixin.py:151} INFO - [2023-11-20T19:36:11.316+0000] {dag.py:3722} INFO - Setting next_dagrun for example_python_operator to None, run_after=None
[2023-11-20T19:36:11.349+0000] {processor.py:179} INFO - Processing /home/airflow/.local/lib/python3.8/site-packages/airflow/example_dags/example_python_operator.py took 0.124 seconds
[2023-11-20T19:36:43.126+0000] {processor.py:157} INFO - Started process (PID=1634) to work on /home/airflow/.local/lib/python3.8/site-packages/airflow/example_dags/example_python_operator.py
[2023-11-20T19:36:43.128+0000] {processor.py:829} INFO - Processing file /home/airflow/.local/lib/python3.8/site-packages/airflow/example_dags/example_python_operator.py for tasks to queue
[2023-11-20T19:36:43.130+0000] {logging_mixin.py:151} INFO - [2023-11-20T19:36:43.130+0000] {dagbag.py:536} INFO - Filling up the DagBag from /home/airflow/.local/lib/python3.8/site-packages/airflow/example_dags/example_python_operator.py
[2023-11-20T19:36:43.167+0000] {processor.py:839} INFO - DAG(s) dict_keys(['example_python_operator']) retrieved from /home/airflow/.local/lib/python3.8/site-packages/airflow/example_dags/example_python_operator.py
[2023-11-20T19:36:43.222+0000] {logging_mixin.py:151} INFO - [2023-11-20T19:36:43.222+0000] {dag.py:2941} INFO - Sync 1 DAGs
[2023-11-20T19:36:43.254+0000] {logging_mixin.py:151} INFO - [2023-11-20T19:36:43.254+0000] {dag.py:3722} INFO - Setting next_dagrun for example_python_operator to None, run_after=None
[2023-11-20T19:36:43.308+0000] {processor.py:179} INFO - Processing /home/airflow/.local/lib/python3.8/site-packages/airflow/example_dags/example_python_operator.py took 0.188 seconds
[2023-11-20T19:37:29.715+0000] {processor.py:157} INFO - Started process (PID=1692) to work on /home/airflow/.local/lib/python3.8/site-packages/airflow/example_dags/example_python_operator.py
[2023-11-20T19:37:29.717+0000] {processor.py:829} INFO - Processing file /home/airflow/.local/lib/python3.8/site-packages/airflow/example_dags/example_python_operator.py for tasks to queue
[2023-11-20T19:37:29.720+0000] {logging_mixin.py:151} INFO - [2023-11-20T19:37:29.719+0000] {dagbag.py:536} INFO - Filling up the DagBag from /home/airflow/.local/lib/python3.8/site-packages/airflow/example_dags/example_python_operator.py
[2023-11-20T19:37:29.748+0000] {processor.py:839} INFO - DAG(s) dict_keys(['example_python_operator']) retrieved from /home/airflow/.local/lib/python3.8/site-packages/airflow/example_dags/example_python_operator.py
[2023-11-20T19:37:29.822+0000] {logging_mixin.py:151} INFO - [2023-11-20T19:37:29.821+0000] {dag.py:2941} INFO - Sync 1 DAGs
[2023-11-20T19:37:29.861+0000] {logging_mixin.py:151} INFO - [2023-11-20T19:37:29.861+0000] {dag.py:3722} INFO - Setting next_dagrun for example_python_operator to None, run_after=None
[2023-11-20T19:37:29.916+0000] {processor.py:179} INFO - Processing /home/airflow/.local/lib/python3.8/site-packages/airflow/example_dags/example_python_operator.py took 0.207 seconds
[2023-11-20T19:38:12.592+0000] {processor.py:157} INFO - Started process (PID=1752) to work on /home/airflow/.local/lib/python3.8/site-packages/airflow/example_dags/example_python_operator.py
[2023-11-20T19:38:12.603+0000] {processor.py:829} INFO - Processing file /home/airflow/.local/lib/python3.8/site-packages/airflow/example_dags/example_python_operator.py for tasks to queue
[2023-11-20T19:38:12.607+0000] {logging_mixin.py:151} INFO - [2023-11-20T19:38:12.605+0000] {dagbag.py:536} INFO - Filling up the DagBag from /home/airflow/.local/lib/python3.8/site-packages/airflow/example_dags/example_python_operator.py
[2023-11-20T19:38:12.683+0000] {processor.py:839} INFO - DAG(s) dict_keys(['example_python_operator']) retrieved from /home/airflow/.local/lib/python3.8/site-packages/airflow/example_dags/example_python_operator.py
[2023-11-20T19:38:12.798+0000] {logging_mixin.py:151} INFO - [2023-11-20T19:38:12.797+0000] {dag.py:2941} INFO - Sync 1 DAGs
[2023-11-20T19:38:12.877+0000] {logging_mixin.py:151} INFO - [2023-11-20T19:38:12.876+0000] {dag.py:3722} INFO - Setting next_dagrun for example_python_operator to None, run_after=None
[2023-11-20T19:38:12.956+0000] {processor.py:179} INFO - Processing /home/airflow/.local/lib/python3.8/site-packages/airflow/example_dags/example_python_operator.py took 0.384 seconds
[2023-11-20T19:38:43.694+0000] {processor.py:157} INFO - Started process (PID=1812) to work on /home/airflow/.local/lib/python3.8/site-packages/airflow/example_dags/example_python_operator.py
[2023-11-20T19:38:43.704+0000] {processor.py:829} INFO - Processing file /home/airflow/.local/lib/python3.8/site-packages/airflow/example_dags/example_python_operator.py for tasks to queue
[2023-11-20T19:38:43.713+0000] {logging_mixin.py:151} INFO - [2023-11-20T19:38:43.712+0000] {dagbag.py:536} INFO - Filling up the DagBag from /home/airflow/.local/lib/python3.8/site-packages/airflow/example_dags/example_python_operator.py
[2023-11-20T19:38:43.770+0000] {processor.py:839} INFO - DAG(s) dict_keys(['example_python_operator']) retrieved from /home/airflow/.local/lib/python3.8/site-packages/airflow/example_dags/example_python_operator.py
[2023-11-20T19:38:43.854+0000] {logging_mixin.py:151} INFO - [2023-11-20T19:38:43.854+0000] {dag.py:2941} INFO - Sync 1 DAGs
[2023-11-20T19:38:43.882+0000] {logging_mixin.py:151} INFO - [2023-11-20T19:38:43.882+0000] {dag.py:3722} INFO - Setting next_dagrun for example_python_operator to None, run_after=None
[2023-11-20T19:38:43.922+0000] {processor.py:179} INFO - Processing /home/airflow/.local/lib/python3.8/site-packages/airflow/example_dags/example_python_operator.py took 0.257 seconds
[2023-11-20T19:39:21.973+0000] {processor.py:157} INFO - Started process (PID=1879) to work on /home/airflow/.local/lib/python3.8/site-packages/airflow/example_dags/example_python_operator.py
[2023-11-20T19:39:21.977+0000] {processor.py:829} INFO - Processing file /home/airflow/.local/lib/python3.8/site-packages/airflow/example_dags/example_python_operator.py for tasks to queue
[2023-11-20T19:39:21.981+0000] {logging_mixin.py:151} INFO - [2023-11-20T19:39:21.980+0000] {dagbag.py:536} INFO - Filling up the DagBag from /home/airflow/.local/lib/python3.8/site-packages/airflow/example_dags/example_python_operator.py
[2023-11-20T19:39:22.030+0000] {processor.py:839} INFO - DAG(s) dict_keys(['example_python_operator']) retrieved from /home/airflow/.local/lib/python3.8/site-packages/airflow/example_dags/example_python_operator.py
[2023-11-20T19:39:22.104+0000] {logging_mixin.py:151} INFO - [2023-11-20T19:39:22.103+0000] {dag.py:2941} INFO - Sync 1 DAGs
[2023-11-20T19:39:22.173+0000] {logging_mixin.py:151} INFO - [2023-11-20T19:39:22.169+0000] {dag.py:3722} INFO - Setting next_dagrun for example_python_operator to None, run_after=None
[2023-11-20T19:39:22.367+0000] {processor.py:179} INFO - Processing /home/airflow/.local/lib/python3.8/site-packages/airflow/example_dags/example_python_operator.py took 0.402 seconds
[2023-11-20T19:40:01.002+0000] {processor.py:157} INFO - Started process (PID=1939) to work on /home/airflow/.local/lib/python3.8/site-packages/airflow/example_dags/example_python_operator.py
[2023-11-20T19:40:01.012+0000] {processor.py:829} INFO - Processing file /home/airflow/.local/lib/python3.8/site-packages/airflow/example_dags/example_python_operator.py for tasks to queue
[2023-11-20T19:40:01.014+0000] {logging_mixin.py:151} INFO - [2023-11-20T19:40:01.014+0000] {dagbag.py:536} INFO - Filling up the DagBag from /home/airflow/.local/lib/python3.8/site-packages/airflow/example_dags/example_python_operator.py
[2023-11-20T19:40:01.047+0000] {processor.py:839} INFO - DAG(s) dict_keys(['example_python_operator']) retrieved from /home/airflow/.local/lib/python3.8/site-packages/airflow/example_dags/example_python_operator.py
[2023-11-20T19:40:01.103+0000] {logging_mixin.py:151} INFO - [2023-11-20T19:40:01.103+0000] {dag.py:2941} INFO - Sync 1 DAGs
[2023-11-20T19:40:01.132+0000] {logging_mixin.py:151} INFO - [2023-11-20T19:40:01.131+0000] {dag.py:3722} INFO - Setting next_dagrun for example_python_operator to None, run_after=None
[2023-11-20T19:40:01.253+0000] {processor.py:179} INFO - Processing /home/airflow/.local/lib/python3.8/site-packages/airflow/example_dags/example_python_operator.py took 0.269 seconds
[2023-11-20T19:40:34.391+0000] {processor.py:157} INFO - Started process (PID=2000) to work on /home/airflow/.local/lib/python3.8/site-packages/airflow/example_dags/example_python_operator.py
[2023-11-20T19:40:34.397+0000] {processor.py:829} INFO - Processing file /home/airflow/.local/lib/python3.8/site-packages/airflow/example_dags/example_python_operator.py for tasks to queue
[2023-11-20T19:40:34.401+0000] {logging_mixin.py:151} INFO - [2023-11-20T19:40:34.400+0000] {dagbag.py:536} INFO - Filling up the DagBag from /home/airflow/.local/lib/python3.8/site-packages/airflow/example_dags/example_python_operator.py
[2023-11-20T19:40:34.457+0000] {processor.py:839} INFO - DAG(s) dict_keys(['example_python_operator']) retrieved from /home/airflow/.local/lib/python3.8/site-packages/airflow/example_dags/example_python_operator.py
[2023-11-20T19:40:34.574+0000] {logging_mixin.py:151} INFO - [2023-11-20T19:40:34.574+0000] {dag.py:2941} INFO - Sync 1 DAGs
[2023-11-20T19:40:34.630+0000] {logging_mixin.py:151} INFO - [2023-11-20T19:40:34.629+0000] {dag.py:3722} INFO - Setting next_dagrun for example_python_operator to None, run_after=None
[2023-11-20T19:40:34.722+0000] {processor.py:179} INFO - Processing /home/airflow/.local/lib/python3.8/site-packages/airflow/example_dags/example_python_operator.py took 0.343 seconds
