[2023-11-20T19:19:27.230+0000] {processor.py:157} INFO - Started process (PID=123) to work on /home/airflow/.local/lib/python3.8/site-packages/airflow/example_dags/tutorial_dag.py
[2023-11-20T19:19:27.621+0000] {processor.py:829} INFO - Processing file /home/airflow/.local/lib/python3.8/site-packages/airflow/example_dags/tutorial_dag.py for tasks to queue
[2023-11-20T19:19:27.879+0000] {logging_mixin.py:151} INFO - [2023-11-20T19:19:27.774+0000] {dagbag.py:536} INFO - Filling up the DagBag from /home/airflow/.local/lib/python3.8/site-packages/airflow/example_dags/tutorial_dag.py
[2023-11-20T19:19:29.302+0000] {processor.py:839} INFO - DAG(s) dict_keys(['tutorial_dag']) retrieved from /home/airflow/.local/lib/python3.8/site-packages/airflow/example_dags/tutorial_dag.py
[2023-11-20T19:19:30.336+0000] {logging_mixin.py:151} INFO - [2023-11-20T19:19:30.335+0000] {dag.py:2941} INFO - Sync 1 DAGs
[2023-11-20T19:19:30.645+0000] {logging_mixin.py:151} INFO - [2023-11-20T19:19:30.643+0000] {dag.py:3722} INFO - Setting next_dagrun for tutorial_dag to None, run_after=None
[2023-11-20T19:19:31.889+0000] {processor.py:179} INFO - Processing /home/airflow/.local/lib/python3.8/site-packages/airflow/example_dags/tutorial_dag.py took 5.083 seconds
[2023-11-20T19:21:46.155+0000] {processor.py:157} INFO - Started process (PID=197) to work on /home/airflow/.local/lib/python3.8/site-packages/airflow/example_dags/tutorial_dag.py
[2023-11-20T19:21:46.160+0000] {processor.py:829} INFO - Processing file /home/airflow/.local/lib/python3.8/site-packages/airflow/example_dags/tutorial_dag.py for tasks to queue
[2023-11-20T19:21:46.162+0000] {logging_mixin.py:151} INFO - [2023-11-20T19:21:46.161+0000] {dagbag.py:536} INFO - Filling up the DagBag from /home/airflow/.local/lib/python3.8/site-packages/airflow/example_dags/tutorial_dag.py
[2023-11-20T19:21:46.172+0000] {processor.py:839} INFO - DAG(s) dict_keys(['tutorial_dag']) retrieved from /home/airflow/.local/lib/python3.8/site-packages/airflow/example_dags/tutorial_dag.py
[2023-11-20T19:21:46.257+0000] {logging_mixin.py:151} INFO - [2023-11-20T19:21:46.256+0000] {dag.py:2941} INFO - Sync 1 DAGs
[2023-11-20T19:21:46.305+0000] {logging_mixin.py:151} INFO - [2023-11-20T19:21:46.304+0000] {dag.py:3722} INFO - Setting next_dagrun for tutorial_dag to None, run_after=None
[2023-11-20T19:21:46.414+0000] {processor.py:179} INFO - Processing /home/airflow/.local/lib/python3.8/site-packages/airflow/example_dags/tutorial_dag.py took 0.267 seconds
[2023-11-20T19:22:41.127+0000] {processor.py:157} INFO - Started process (PID=264) to work on /home/airflow/.local/lib/python3.8/site-packages/airflow/example_dags/tutorial_dag.py
[2023-11-20T19:22:41.131+0000] {processor.py:829} INFO - Processing file /home/airflow/.local/lib/python3.8/site-packages/airflow/example_dags/tutorial_dag.py for tasks to queue
[2023-11-20T19:22:41.134+0000] {logging_mixin.py:151} INFO - [2023-11-20T19:22:41.133+0000] {dagbag.py:536} INFO - Filling up the DagBag from /home/airflow/.local/lib/python3.8/site-packages/airflow/example_dags/tutorial_dag.py
[2023-11-20T19:22:41.145+0000] {processor.py:839} INFO - DAG(s) dict_keys(['tutorial_dag']) retrieved from /home/airflow/.local/lib/python3.8/site-packages/airflow/example_dags/tutorial_dag.py
[2023-11-20T19:22:41.190+0000] {logging_mixin.py:151} INFO - [2023-11-20T19:22:41.190+0000] {dag.py:2941} INFO - Sync 1 DAGs
[2023-11-20T19:22:41.214+0000] {logging_mixin.py:151} INFO - [2023-11-20T19:22:41.214+0000] {dag.py:3722} INFO - Setting next_dagrun for tutorial_dag to None, run_after=None
[2023-11-20T19:22:41.250+0000] {processor.py:179} INFO - Processing /home/airflow/.local/lib/python3.8/site-packages/airflow/example_dags/tutorial_dag.py took 0.130 seconds
[2023-11-20T19:23:18.201+0000] {processor.py:157} INFO - Started process (PID=324) to work on /home/airflow/.local/lib/python3.8/site-packages/airflow/example_dags/tutorial_dag.py
[2023-11-20T19:23:18.205+0000] {processor.py:829} INFO - Processing file /home/airflow/.local/lib/python3.8/site-packages/airflow/example_dags/tutorial_dag.py for tasks to queue
[2023-11-20T19:23:18.207+0000] {logging_mixin.py:151} INFO - [2023-11-20T19:23:18.206+0000] {dagbag.py:536} INFO - Filling up the DagBag from /home/airflow/.local/lib/python3.8/site-packages/airflow/example_dags/tutorial_dag.py
[2023-11-20T19:23:18.226+0000] {processor.py:839} INFO - DAG(s) dict_keys(['tutorial_dag']) retrieved from /home/airflow/.local/lib/python3.8/site-packages/airflow/example_dags/tutorial_dag.py
[2023-11-20T19:23:18.279+0000] {logging_mixin.py:151} INFO - [2023-11-20T19:23:18.279+0000] {dag.py:2941} INFO - Sync 1 DAGs
[2023-11-20T19:23:18.322+0000] {logging_mixin.py:151} INFO - [2023-11-20T19:23:18.322+0000] {dag.py:3722} INFO - Setting next_dagrun for tutorial_dag to None, run_after=None
[2023-11-20T19:23:18.365+0000] {processor.py:179} INFO - Processing /home/airflow/.local/lib/python3.8/site-packages/airflow/example_dags/tutorial_dag.py took 0.178 seconds
[2023-11-20T19:23:51.159+0000] {processor.py:157} INFO - Started process (PID=384) to work on /home/airflow/.local/lib/python3.8/site-packages/airflow/example_dags/tutorial_dag.py
[2023-11-20T19:23:51.167+0000] {processor.py:829} INFO - Processing file /home/airflow/.local/lib/python3.8/site-packages/airflow/example_dags/tutorial_dag.py for tasks to queue
[2023-11-20T19:23:51.170+0000] {logging_mixin.py:151} INFO - [2023-11-20T19:23:51.169+0000] {dagbag.py:536} INFO - Filling up the DagBag from /home/airflow/.local/lib/python3.8/site-packages/airflow/example_dags/tutorial_dag.py
[2023-11-20T19:23:51.179+0000] {processor.py:839} INFO - DAG(s) dict_keys(['tutorial_dag']) retrieved from /home/airflow/.local/lib/python3.8/site-packages/airflow/example_dags/tutorial_dag.py
[2023-11-20T19:23:51.241+0000] {logging_mixin.py:151} INFO - [2023-11-20T19:23:51.241+0000] {dag.py:2941} INFO - Sync 1 DAGs
[2023-11-20T19:23:51.311+0000] {logging_mixin.py:151} INFO - [2023-11-20T19:23:51.310+0000] {dag.py:3722} INFO - Setting next_dagrun for tutorial_dag to None, run_after=None
[2023-11-20T19:23:51.352+0000] {processor.py:179} INFO - Processing /home/airflow/.local/lib/python3.8/site-packages/airflow/example_dags/tutorial_dag.py took 0.200 seconds
[2023-11-20T19:24:22.207+0000] {processor.py:157} INFO - Started process (PID=442) to work on /home/airflow/.local/lib/python3.8/site-packages/airflow/example_dags/tutorial_dag.py
[2023-11-20T19:24:22.209+0000] {processor.py:829} INFO - Processing file /home/airflow/.local/lib/python3.8/site-packages/airflow/example_dags/tutorial_dag.py for tasks to queue
[2023-11-20T19:24:22.211+0000] {logging_mixin.py:151} INFO - [2023-11-20T19:24:22.210+0000] {dagbag.py:536} INFO - Filling up the DagBag from /home/airflow/.local/lib/python3.8/site-packages/airflow/example_dags/tutorial_dag.py
[2023-11-20T19:24:22.220+0000] {processor.py:839} INFO - DAG(s) dict_keys(['tutorial_dag']) retrieved from /home/airflow/.local/lib/python3.8/site-packages/airflow/example_dags/tutorial_dag.py
[2023-11-20T19:24:22.286+0000] {logging_mixin.py:151} INFO - [2023-11-20T19:24:22.286+0000] {dag.py:2941} INFO - Sync 1 DAGs
[2023-11-20T19:24:22.306+0000] {logging_mixin.py:151} INFO - [2023-11-20T19:24:22.306+0000] {dag.py:3722} INFO - Setting next_dagrun for tutorial_dag to None, run_after=None
[2023-11-20T19:24:22.334+0000] {processor.py:179} INFO - Processing /home/airflow/.local/lib/python3.8/site-packages/airflow/example_dags/tutorial_dag.py took 0.130 seconds
[2023-11-20T19:24:53.460+0000] {processor.py:157} INFO - Started process (PID=503) to work on /home/airflow/.local/lib/python3.8/site-packages/airflow/example_dags/tutorial_dag.py
[2023-11-20T19:24:53.465+0000] {processor.py:829} INFO - Processing file /home/airflow/.local/lib/python3.8/site-packages/airflow/example_dags/tutorial_dag.py for tasks to queue
[2023-11-20T19:24:53.467+0000] {logging_mixin.py:151} INFO - [2023-11-20T19:24:53.467+0000] {dagbag.py:536} INFO - Filling up the DagBag from /home/airflow/.local/lib/python3.8/site-packages/airflow/example_dags/tutorial_dag.py
[2023-11-20T19:24:53.477+0000] {processor.py:839} INFO - DAG(s) dict_keys(['tutorial_dag']) retrieved from /home/airflow/.local/lib/python3.8/site-packages/airflow/example_dags/tutorial_dag.py
[2023-11-20T19:24:53.531+0000] {logging_mixin.py:151} INFO - [2023-11-20T19:24:53.531+0000] {dag.py:2941} INFO - Sync 1 DAGs
[2023-11-20T19:24:53.560+0000] {logging_mixin.py:151} INFO - [2023-11-20T19:24:53.559+0000] {dag.py:3722} INFO - Setting next_dagrun for tutorial_dag to None, run_after=None
[2023-11-20T19:24:53.606+0000] {processor.py:179} INFO - Processing /home/airflow/.local/lib/python3.8/site-packages/airflow/example_dags/tutorial_dag.py took 0.151 seconds
[2023-11-20T19:25:31.891+0000] {processor.py:157} INFO - Started process (PID=564) to work on /home/airflow/.local/lib/python3.8/site-packages/airflow/example_dags/tutorial_dag.py
[2023-11-20T19:25:31.894+0000] {processor.py:829} INFO - Processing file /home/airflow/.local/lib/python3.8/site-packages/airflow/example_dags/tutorial_dag.py for tasks to queue
[2023-11-20T19:25:31.896+0000] {logging_mixin.py:151} INFO - [2023-11-20T19:25:31.895+0000] {dagbag.py:536} INFO - Filling up the DagBag from /home/airflow/.local/lib/python3.8/site-packages/airflow/example_dags/tutorial_dag.py
[2023-11-20T19:25:31.906+0000] {processor.py:839} INFO - DAG(s) dict_keys(['tutorial_dag']) retrieved from /home/airflow/.local/lib/python3.8/site-packages/airflow/example_dags/tutorial_dag.py
[2023-11-20T19:25:31.956+0000] {logging_mixin.py:151} INFO - [2023-11-20T19:25:31.956+0000] {dag.py:2941} INFO - Sync 1 DAGs
[2023-11-20T19:25:32.004+0000] {logging_mixin.py:151} INFO - [2023-11-20T19:25:32.003+0000] {dag.py:3722} INFO - Setting next_dagrun for tutorial_dag to None, run_after=None
[2023-11-20T19:25:32.490+0000] {processor.py:179} INFO - Processing /home/airflow/.local/lib/python3.8/site-packages/airflow/example_dags/tutorial_dag.py took 0.604 seconds
[2023-11-20T19:26:02.942+0000] {processor.py:157} INFO - Started process (PID=623) to work on /home/airflow/.local/lib/python3.8/site-packages/airflow/example_dags/tutorial_dag.py
[2023-11-20T19:26:02.948+0000] {processor.py:829} INFO - Processing file /home/airflow/.local/lib/python3.8/site-packages/airflow/example_dags/tutorial_dag.py for tasks to queue
[2023-11-20T19:26:02.951+0000] {logging_mixin.py:151} INFO - [2023-11-20T19:26:02.950+0000] {dagbag.py:536} INFO - Filling up the DagBag from /home/airflow/.local/lib/python3.8/site-packages/airflow/example_dags/tutorial_dag.py
[2023-11-20T19:26:02.960+0000] {processor.py:839} INFO - DAG(s) dict_keys(['tutorial_dag']) retrieved from /home/airflow/.local/lib/python3.8/site-packages/airflow/example_dags/tutorial_dag.py
[2023-11-20T19:26:03.000+0000] {logging_mixin.py:151} INFO - [2023-11-20T19:26:02.999+0000] {dag.py:2941} INFO - Sync 1 DAGs
[2023-11-20T19:26:03.045+0000] {logging_mixin.py:151} INFO - [2023-11-20T19:26:03.039+0000] {dag.py:3722} INFO - Setting next_dagrun for tutorial_dag to None, run_after=None
[2023-11-20T19:26:03.112+0000] {processor.py:179} INFO - Processing /home/airflow/.local/lib/python3.8/site-packages/airflow/example_dags/tutorial_dag.py took 0.175 seconds
[2023-11-20T19:26:33.708+0000] {processor.py:157} INFO - Started process (PID=684) to work on /home/airflow/.local/lib/python3.8/site-packages/airflow/example_dags/tutorial_dag.py
[2023-11-20T19:26:33.720+0000] {processor.py:829} INFO - Processing file /home/airflow/.local/lib/python3.8/site-packages/airflow/example_dags/tutorial_dag.py for tasks to queue
[2023-11-20T19:26:33.724+0000] {logging_mixin.py:151} INFO - [2023-11-20T19:26:33.723+0000] {dagbag.py:536} INFO - Filling up the DagBag from /home/airflow/.local/lib/python3.8/site-packages/airflow/example_dags/tutorial_dag.py
[2023-11-20T19:26:33.736+0000] {processor.py:839} INFO - DAG(s) dict_keys(['tutorial_dag']) retrieved from /home/airflow/.local/lib/python3.8/site-packages/airflow/example_dags/tutorial_dag.py
[2023-11-20T19:26:33.788+0000] {logging_mixin.py:151} INFO - [2023-11-20T19:26:33.788+0000] {dag.py:2941} INFO - Sync 1 DAGs
[2023-11-20T19:26:33.819+0000] {logging_mixin.py:151} INFO - [2023-11-20T19:26:33.818+0000] {dag.py:3722} INFO - Setting next_dagrun for tutorial_dag to None, run_after=None
[2023-11-20T19:26:33.874+0000] {processor.py:179} INFO - Processing /home/airflow/.local/lib/python3.8/site-packages/airflow/example_dags/tutorial_dag.py took 0.175 seconds
[2023-11-20T19:27:07.076+0000] {processor.py:157} INFO - Started process (PID=740) to work on /home/airflow/.local/lib/python3.8/site-packages/airflow/example_dags/tutorial_dag.py
[2023-11-20T19:27:07.084+0000] {processor.py:829} INFO - Processing file /home/airflow/.local/lib/python3.8/site-packages/airflow/example_dags/tutorial_dag.py for tasks to queue
[2023-11-20T19:27:07.085+0000] {logging_mixin.py:151} INFO - [2023-11-20T19:27:07.085+0000] {dagbag.py:536} INFO - Filling up the DagBag from /home/airflow/.local/lib/python3.8/site-packages/airflow/example_dags/tutorial_dag.py
[2023-11-20T19:27:07.094+0000] {processor.py:839} INFO - DAG(s) dict_keys(['tutorial_dag']) retrieved from /home/airflow/.local/lib/python3.8/site-packages/airflow/example_dags/tutorial_dag.py
[2023-11-20T19:27:07.146+0000] {logging_mixin.py:151} INFO - [2023-11-20T19:27:07.142+0000] {dag.py:2941} INFO - Sync 1 DAGs
[2023-11-20T19:27:07.192+0000] {logging_mixin.py:151} INFO - [2023-11-20T19:27:07.191+0000] {dag.py:3722} INFO - Setting next_dagrun for tutorial_dag to None, run_after=None
[2023-11-20T19:27:07.232+0000] {processor.py:179} INFO - Processing /home/airflow/.local/lib/python3.8/site-packages/airflow/example_dags/tutorial_dag.py took 0.163 seconds
[2023-11-20T19:27:38.091+0000] {processor.py:157} INFO - Started process (PID=783) to work on /home/airflow/.local/lib/python3.8/site-packages/airflow/example_dags/tutorial_dag.py
[2023-11-20T19:27:38.093+0000] {processor.py:829} INFO - Processing file /home/airflow/.local/lib/python3.8/site-packages/airflow/example_dags/tutorial_dag.py for tasks to queue
[2023-11-20T19:27:38.096+0000] {logging_mixin.py:151} INFO - [2023-11-20T19:27:38.095+0000] {dagbag.py:536} INFO - Filling up the DagBag from /home/airflow/.local/lib/python3.8/site-packages/airflow/example_dags/tutorial_dag.py
[2023-11-20T19:27:38.108+0000] {processor.py:839} INFO - DAG(s) dict_keys(['tutorial_dag']) retrieved from /home/airflow/.local/lib/python3.8/site-packages/airflow/example_dags/tutorial_dag.py
[2023-11-20T19:27:38.155+0000] {logging_mixin.py:151} INFO - [2023-11-20T19:27:38.154+0000] {dag.py:2941} INFO - Sync 1 DAGs
[2023-11-20T19:27:38.198+0000] {logging_mixin.py:151} INFO - [2023-11-20T19:27:38.197+0000] {dag.py:3722} INFO - Setting next_dagrun for tutorial_dag to None, run_after=None
[2023-11-20T19:27:38.265+0000] {processor.py:179} INFO - Processing /home/airflow/.local/lib/python3.8/site-packages/airflow/example_dags/tutorial_dag.py took 0.180 seconds
[2023-11-20T19:28:11.756+0000] {processor.py:157} INFO - Started process (PID=844) to work on /home/airflow/.local/lib/python3.8/site-packages/airflow/example_dags/tutorial_dag.py
[2023-11-20T19:28:11.758+0000] {processor.py:829} INFO - Processing file /home/airflow/.local/lib/python3.8/site-packages/airflow/example_dags/tutorial_dag.py for tasks to queue
[2023-11-20T19:28:11.760+0000] {logging_mixin.py:151} INFO - [2023-11-20T19:28:11.760+0000] {dagbag.py:536} INFO - Filling up the DagBag from /home/airflow/.local/lib/python3.8/site-packages/airflow/example_dags/tutorial_dag.py
[2023-11-20T19:28:11.774+0000] {processor.py:839} INFO - DAG(s) dict_keys(['tutorial_dag']) retrieved from /home/airflow/.local/lib/python3.8/site-packages/airflow/example_dags/tutorial_dag.py
[2023-11-20T19:28:11.818+0000] {logging_mixin.py:151} INFO - [2023-11-20T19:28:11.818+0000] {dag.py:2941} INFO - Sync 1 DAGs
[2023-11-20T19:28:11.862+0000] {logging_mixin.py:151} INFO - [2023-11-20T19:28:11.862+0000] {dag.py:3722} INFO - Setting next_dagrun for tutorial_dag to None, run_after=None
[2023-11-20T19:28:11.911+0000] {processor.py:179} INFO - Processing /home/airflow/.local/lib/python3.8/site-packages/airflow/example_dags/tutorial_dag.py took 0.162 seconds
[2023-11-20T19:28:43.205+0000] {processor.py:157} INFO - Started process (PID=899) to work on /home/airflow/.local/lib/python3.8/site-packages/airflow/example_dags/tutorial_dag.py
[2023-11-20T19:28:43.210+0000] {processor.py:829} INFO - Processing file /home/airflow/.local/lib/python3.8/site-packages/airflow/example_dags/tutorial_dag.py for tasks to queue
[2023-11-20T19:28:43.213+0000] {logging_mixin.py:151} INFO - [2023-11-20T19:28:43.213+0000] {dagbag.py:536} INFO - Filling up the DagBag from /home/airflow/.local/lib/python3.8/site-packages/airflow/example_dags/tutorial_dag.py
[2023-11-20T19:28:43.234+0000] {processor.py:839} INFO - DAG(s) dict_keys(['tutorial_dag']) retrieved from /home/airflow/.local/lib/python3.8/site-packages/airflow/example_dags/tutorial_dag.py
[2023-11-20T19:28:43.337+0000] {logging_mixin.py:151} INFO - [2023-11-20T19:28:43.336+0000] {dag.py:2941} INFO - Sync 1 DAGs
[2023-11-20T19:28:43.403+0000] {logging_mixin.py:151} INFO - [2023-11-20T19:28:43.402+0000] {dag.py:3722} INFO - Setting next_dagrun for tutorial_dag to None, run_after=None
[2023-11-20T19:28:43.562+0000] {processor.py:179} INFO - Processing /home/airflow/.local/lib/python3.8/site-packages/airflow/example_dags/tutorial_dag.py took 0.382 seconds
[2023-11-20T19:29:21.991+0000] {processor.py:157} INFO - Started process (PID=962) to work on /home/airflow/.local/lib/python3.8/site-packages/airflow/example_dags/tutorial_dag.py
[2023-11-20T19:29:21.993+0000] {processor.py:829} INFO - Processing file /home/airflow/.local/lib/python3.8/site-packages/airflow/example_dags/tutorial_dag.py for tasks to queue
[2023-11-20T19:29:21.996+0000] {logging_mixin.py:151} INFO - [2023-11-20T19:29:21.995+0000] {dagbag.py:536} INFO - Filling up the DagBag from /home/airflow/.local/lib/python3.8/site-packages/airflow/example_dags/tutorial_dag.py
[2023-11-20T19:29:22.017+0000] {processor.py:839} INFO - DAG(s) dict_keys(['tutorial_dag']) retrieved from /home/airflow/.local/lib/python3.8/site-packages/airflow/example_dags/tutorial_dag.py
[2023-11-20T19:29:22.112+0000] {logging_mixin.py:151} INFO - [2023-11-20T19:29:22.112+0000] {dag.py:2941} INFO - Sync 1 DAGs
[2023-11-20T19:29:22.169+0000] {logging_mixin.py:151} INFO - [2023-11-20T19:29:22.168+0000] {dag.py:3722} INFO - Setting next_dagrun for tutorial_dag to None, run_after=None
[2023-11-20T19:29:22.316+0000] {processor.py:179} INFO - Processing /home/airflow/.local/lib/python3.8/site-packages/airflow/example_dags/tutorial_dag.py took 0.334 seconds
[2023-11-20T19:29:53.754+0000] {processor.py:157} INFO - Started process (PID=1023) to work on /home/airflow/.local/lib/python3.8/site-packages/airflow/example_dags/tutorial_dag.py
[2023-11-20T19:29:53.759+0000] {processor.py:829} INFO - Processing file /home/airflow/.local/lib/python3.8/site-packages/airflow/example_dags/tutorial_dag.py for tasks to queue
[2023-11-20T19:29:53.761+0000] {logging_mixin.py:151} INFO - [2023-11-20T19:29:53.760+0000] {dagbag.py:536} INFO - Filling up the DagBag from /home/airflow/.local/lib/python3.8/site-packages/airflow/example_dags/tutorial_dag.py
[2023-11-20T19:29:53.774+0000] {processor.py:839} INFO - DAG(s) dict_keys(['tutorial_dag']) retrieved from /home/airflow/.local/lib/python3.8/site-packages/airflow/example_dags/tutorial_dag.py
[2023-11-20T19:29:53.829+0000] {logging_mixin.py:151} INFO - [2023-11-20T19:29:53.828+0000] {dag.py:2941} INFO - Sync 1 DAGs
[2023-11-20T19:29:53.859+0000] {logging_mixin.py:151} INFO - [2023-11-20T19:29:53.859+0000] {dag.py:3722} INFO - Setting next_dagrun for tutorial_dag to None, run_after=None
[2023-11-20T19:29:53.896+0000] {processor.py:179} INFO - Processing /home/airflow/.local/lib/python3.8/site-packages/airflow/example_dags/tutorial_dag.py took 0.153 seconds
[2023-11-20T19:30:27.103+0000] {processor.py:157} INFO - Started process (PID=1083) to work on /home/airflow/.local/lib/python3.8/site-packages/airflow/example_dags/tutorial_dag.py
[2023-11-20T19:30:27.110+0000] {processor.py:829} INFO - Processing file /home/airflow/.local/lib/python3.8/site-packages/airflow/example_dags/tutorial_dag.py for tasks to queue
[2023-11-20T19:30:27.115+0000] {logging_mixin.py:151} INFO - [2023-11-20T19:30:27.114+0000] {dagbag.py:536} INFO - Filling up the DagBag from /home/airflow/.local/lib/python3.8/site-packages/airflow/example_dags/tutorial_dag.py
[2023-11-20T19:30:27.136+0000] {processor.py:839} INFO - DAG(s) dict_keys(['tutorial_dag']) retrieved from /home/airflow/.local/lib/python3.8/site-packages/airflow/example_dags/tutorial_dag.py
[2023-11-20T19:30:27.250+0000] {logging_mixin.py:151} INFO - [2023-11-20T19:30:27.250+0000] {dag.py:2941} INFO - Sync 1 DAGs
[2023-11-20T19:30:27.321+0000] {logging_mixin.py:151} INFO - [2023-11-20T19:30:27.320+0000] {dag.py:3722} INFO - Setting next_dagrun for tutorial_dag to None, run_after=None
[2023-11-20T19:30:27.391+0000] {processor.py:179} INFO - Processing /home/airflow/.local/lib/python3.8/site-packages/airflow/example_dags/tutorial_dag.py took 0.303 seconds
[2023-11-20T19:31:09.341+0000] {processor.py:157} INFO - Started process (PID=1143) to work on /home/airflow/.local/lib/python3.8/site-packages/airflow/example_dags/tutorial_dag.py
[2023-11-20T19:31:09.345+0000] {processor.py:829} INFO - Processing file /home/airflow/.local/lib/python3.8/site-packages/airflow/example_dags/tutorial_dag.py for tasks to queue
[2023-11-20T19:31:09.349+0000] {logging_mixin.py:151} INFO - [2023-11-20T19:31:09.348+0000] {dagbag.py:536} INFO - Filling up the DagBag from /home/airflow/.local/lib/python3.8/site-packages/airflow/example_dags/tutorial_dag.py
[2023-11-20T19:31:09.374+0000] {processor.py:839} INFO - DAG(s) dict_keys(['tutorial_dag']) retrieved from /home/airflow/.local/lib/python3.8/site-packages/airflow/example_dags/tutorial_dag.py
[2023-11-20T19:31:09.500+0000] {logging_mixin.py:151} INFO - [2023-11-20T19:31:09.499+0000] {dag.py:2941} INFO - Sync 1 DAGs
[2023-11-20T19:31:09.637+0000] {logging_mixin.py:151} INFO - [2023-11-20T19:31:09.636+0000] {dag.py:3722} INFO - Setting next_dagrun for tutorial_dag to None, run_after=None
[2023-11-20T19:31:09.722+0000] {processor.py:179} INFO - Processing /home/airflow/.local/lib/python3.8/site-packages/airflow/example_dags/tutorial_dag.py took 0.393 seconds
[2023-11-20T19:31:41.686+0000] {processor.py:157} INFO - Started process (PID=1203) to work on /home/airflow/.local/lib/python3.8/site-packages/airflow/example_dags/tutorial_dag.py
[2023-11-20T19:31:41.690+0000] {processor.py:829} INFO - Processing file /home/airflow/.local/lib/python3.8/site-packages/airflow/example_dags/tutorial_dag.py for tasks to queue
[2023-11-20T19:31:41.695+0000] {logging_mixin.py:151} INFO - [2023-11-20T19:31:41.695+0000] {dagbag.py:536} INFO - Filling up the DagBag from /home/airflow/.local/lib/python3.8/site-packages/airflow/example_dags/tutorial_dag.py
[2023-11-20T19:31:41.712+0000] {processor.py:839} INFO - DAG(s) dict_keys(['tutorial_dag']) retrieved from /home/airflow/.local/lib/python3.8/site-packages/airflow/example_dags/tutorial_dag.py
[2023-11-20T19:31:41.841+0000] {logging_mixin.py:151} INFO - [2023-11-20T19:31:41.840+0000] {dag.py:2941} INFO - Sync 1 DAGs
[2023-11-20T19:31:41.899+0000] {logging_mixin.py:151} INFO - [2023-11-20T19:31:41.898+0000] {dag.py:3722} INFO - Setting next_dagrun for tutorial_dag to None, run_after=None
[2023-11-20T19:31:42.097+0000] {processor.py:179} INFO - Processing /home/airflow/.local/lib/python3.8/site-packages/airflow/example_dags/tutorial_dag.py took 0.420 seconds
[2023-11-20T19:33:21.787+0000] {processor.py:157} INFO - Started process (PID=1282) to work on /home/airflow/.local/lib/python3.8/site-packages/airflow/example_dags/tutorial_dag.py
[2023-11-20T19:33:21.792+0000] {processor.py:829} INFO - Processing file /home/airflow/.local/lib/python3.8/site-packages/airflow/example_dags/tutorial_dag.py for tasks to queue
[2023-11-20T19:33:21.796+0000] {logging_mixin.py:151} INFO - [2023-11-20T19:33:21.795+0000] {dagbag.py:536} INFO - Filling up the DagBag from /home/airflow/.local/lib/python3.8/site-packages/airflow/example_dags/tutorial_dag.py
[2023-11-20T19:33:21.821+0000] {processor.py:839} INFO - DAG(s) dict_keys(['tutorial_dag']) retrieved from /home/airflow/.local/lib/python3.8/site-packages/airflow/example_dags/tutorial_dag.py
[2023-11-20T19:33:21.889+0000] {logging_mixin.py:151} INFO - [2023-11-20T19:33:21.889+0000] {dag.py:2941} INFO - Sync 1 DAGs
[2023-11-20T19:33:21.922+0000] {logging_mixin.py:151} INFO - [2023-11-20T19:33:21.922+0000] {dag.py:3722} INFO - Setting next_dagrun for tutorial_dag to None, run_after=None
[2023-11-20T19:33:22.085+0000] {processor.py:179} INFO - Processing /home/airflow/.local/lib/python3.8/site-packages/airflow/example_dags/tutorial_dag.py took 0.307 seconds
[2023-11-20T19:33:52.584+0000] {processor.py:157} INFO - Started process (PID=1339) to work on /home/airflow/.local/lib/python3.8/site-packages/airflow/example_dags/tutorial_dag.py
[2023-11-20T19:33:52.588+0000] {processor.py:829} INFO - Processing file /home/airflow/.local/lib/python3.8/site-packages/airflow/example_dags/tutorial_dag.py for tasks to queue
[2023-11-20T19:33:52.592+0000] {logging_mixin.py:151} INFO - [2023-11-20T19:33:52.591+0000] {dagbag.py:536} INFO - Filling up the DagBag from /home/airflow/.local/lib/python3.8/site-packages/airflow/example_dags/tutorial_dag.py
[2023-11-20T19:33:52.613+0000] {processor.py:839} INFO - DAG(s) dict_keys(['tutorial_dag']) retrieved from /home/airflow/.local/lib/python3.8/site-packages/airflow/example_dags/tutorial_dag.py
[2023-11-20T19:33:52.699+0000] {logging_mixin.py:151} INFO - [2023-11-20T19:33:52.698+0000] {dag.py:2941} INFO - Sync 1 DAGs
[2023-11-20T19:33:52.744+0000] {logging_mixin.py:151} INFO - [2023-11-20T19:33:52.744+0000] {dag.py:3722} INFO - Setting next_dagrun for tutorial_dag to None, run_after=None
[2023-11-20T19:33:52.792+0000] {processor.py:179} INFO - Processing /home/airflow/.local/lib/python3.8/site-packages/airflow/example_dags/tutorial_dag.py took 0.219 seconds
[2023-11-20T19:34:24.211+0000] {processor.py:157} INFO - Started process (PID=1399) to work on /home/airflow/.local/lib/python3.8/site-packages/airflow/example_dags/tutorial_dag.py
[2023-11-20T19:34:24.213+0000] {processor.py:829} INFO - Processing file /home/airflow/.local/lib/python3.8/site-packages/airflow/example_dags/tutorial_dag.py for tasks to queue
[2023-11-20T19:34:24.224+0000] {logging_mixin.py:151} INFO - [2023-11-20T19:34:24.216+0000] {dagbag.py:536} INFO - Filling up the DagBag from /home/airflow/.local/lib/python3.8/site-packages/airflow/example_dags/tutorial_dag.py
[2023-11-20T19:34:24.311+0000] {processor.py:839} INFO - DAG(s) dict_keys(['tutorial_dag']) retrieved from /home/airflow/.local/lib/python3.8/site-packages/airflow/example_dags/tutorial_dag.py
[2023-11-20T19:34:24.424+0000] {logging_mixin.py:151} INFO - [2023-11-20T19:34:24.423+0000] {dag.py:2941} INFO - Sync 1 DAGs
[2023-11-20T19:34:24.476+0000] {logging_mixin.py:151} INFO - [2023-11-20T19:34:24.476+0000] {dag.py:3722} INFO - Setting next_dagrun for tutorial_dag to None, run_after=None
[2023-11-20T19:34:24.556+0000] {processor.py:179} INFO - Processing /home/airflow/.local/lib/python3.8/site-packages/airflow/example_dags/tutorial_dag.py took 0.370 seconds
[2023-11-20T19:34:58.876+0000] {processor.py:157} INFO - Started process (PID=1459) to work on /home/airflow/.local/lib/python3.8/site-packages/airflow/example_dags/tutorial_dag.py
[2023-11-20T19:34:58.879+0000] {processor.py:829} INFO - Processing file /home/airflow/.local/lib/python3.8/site-packages/airflow/example_dags/tutorial_dag.py for tasks to queue
[2023-11-20T19:34:58.885+0000] {logging_mixin.py:151} INFO - [2023-11-20T19:34:58.881+0000] {dagbag.py:536} INFO - Filling up the DagBag from /home/airflow/.local/lib/python3.8/site-packages/airflow/example_dags/tutorial_dag.py
[2023-11-20T19:34:58.916+0000] {processor.py:839} INFO - DAG(s) dict_keys(['tutorial_dag']) retrieved from /home/airflow/.local/lib/python3.8/site-packages/airflow/example_dags/tutorial_dag.py
[2023-11-20T19:34:58.974+0000] {logging_mixin.py:151} INFO - [2023-11-20T19:34:58.974+0000] {dag.py:2941} INFO - Sync 1 DAGs
[2023-11-20T19:34:59.009+0000] {logging_mixin.py:151} INFO - [2023-11-20T19:34:59.009+0000] {dag.py:3722} INFO - Setting next_dagrun for tutorial_dag to None, run_after=None
[2023-11-20T19:34:59.052+0000] {processor.py:179} INFO - Processing /home/airflow/.local/lib/python3.8/site-packages/airflow/example_dags/tutorial_dag.py took 0.183 seconds
[2023-11-20T19:35:37.704+0000] {processor.py:157} INFO - Started process (PID=1505) to work on /home/airflow/.local/lib/python3.8/site-packages/airflow/example_dags/tutorial_dag.py
[2023-11-20T19:35:37.707+0000] {processor.py:829} INFO - Processing file /home/airflow/.local/lib/python3.8/site-packages/airflow/example_dags/tutorial_dag.py for tasks to queue
[2023-11-20T19:35:37.710+0000] {logging_mixin.py:151} INFO - [2023-11-20T19:35:37.709+0000] {dagbag.py:536} INFO - Filling up the DagBag from /home/airflow/.local/lib/python3.8/site-packages/airflow/example_dags/tutorial_dag.py
[2023-11-20T19:35:37.727+0000] {processor.py:839} INFO - DAG(s) dict_keys(['tutorial_dag']) retrieved from /home/airflow/.local/lib/python3.8/site-packages/airflow/example_dags/tutorial_dag.py
[2023-11-20T19:35:37.800+0000] {logging_mixin.py:151} INFO - [2023-11-20T19:35:37.800+0000] {dag.py:2941} INFO - Sync 1 DAGs
[2023-11-20T19:35:37.842+0000] {logging_mixin.py:151} INFO - [2023-11-20T19:35:37.841+0000] {dag.py:3722} INFO - Setting next_dagrun for tutorial_dag to None, run_after=None
[2023-11-20T19:35:37.891+0000] {processor.py:179} INFO - Processing /home/airflow/.local/lib/python3.8/site-packages/airflow/example_dags/tutorial_dag.py took 0.194 seconds
[2023-11-20T19:36:11.098+0000] {processor.py:157} INFO - Started process (PID=1565) to work on /home/airflow/.local/lib/python3.8/site-packages/airflow/example_dags/tutorial_dag.py
[2023-11-20T19:36:11.101+0000] {processor.py:829} INFO - Processing file /home/airflow/.local/lib/python3.8/site-packages/airflow/example_dags/tutorial_dag.py for tasks to queue
[2023-11-20T19:36:11.102+0000] {logging_mixin.py:151} INFO - [2023-11-20T19:36:11.102+0000] {dagbag.py:536} INFO - Filling up the DagBag from /home/airflow/.local/lib/python3.8/site-packages/airflow/example_dags/tutorial_dag.py
[2023-11-20T19:36:11.113+0000] {processor.py:839} INFO - DAG(s) dict_keys(['tutorial_dag']) retrieved from /home/airflow/.local/lib/python3.8/site-packages/airflow/example_dags/tutorial_dag.py
[2023-11-20T19:36:11.147+0000] {logging_mixin.py:151} INFO - [2023-11-20T19:36:11.147+0000] {dag.py:2941} INFO - Sync 1 DAGs
[2023-11-20T19:36:11.169+0000] {logging_mixin.py:151} INFO - [2023-11-20T19:36:11.169+0000] {dag.py:3722} INFO - Setting next_dagrun for tutorial_dag to None, run_after=None
[2023-11-20T19:36:11.197+0000] {processor.py:179} INFO - Processing /home/airflow/.local/lib/python3.8/site-packages/airflow/example_dags/tutorial_dag.py took 0.105 seconds
[2023-11-20T19:36:42.929+0000] {processor.py:157} INFO - Started process (PID=1632) to work on /home/airflow/.local/lib/python3.8/site-packages/airflow/example_dags/tutorial_dag.py
[2023-11-20T19:36:42.931+0000] {processor.py:829} INFO - Processing file /home/airflow/.local/lib/python3.8/site-packages/airflow/example_dags/tutorial_dag.py for tasks to queue
[2023-11-20T19:36:42.932+0000] {logging_mixin.py:151} INFO - [2023-11-20T19:36:42.932+0000] {dagbag.py:536} INFO - Filling up the DagBag from /home/airflow/.local/lib/python3.8/site-packages/airflow/example_dags/tutorial_dag.py
[2023-11-20T19:36:42.952+0000] {processor.py:839} INFO - DAG(s) dict_keys(['tutorial_dag']) retrieved from /home/airflow/.local/lib/python3.8/site-packages/airflow/example_dags/tutorial_dag.py
[2023-11-20T19:36:42.999+0000] {logging_mixin.py:151} INFO - [2023-11-20T19:36:42.999+0000] {dag.py:2941} INFO - Sync 1 DAGs
[2023-11-20T19:36:43.023+0000] {logging_mixin.py:151} INFO - [2023-11-20T19:36:43.022+0000] {dag.py:3722} INFO - Setting next_dagrun for tutorial_dag to None, run_after=None
[2023-11-20T19:36:43.075+0000] {processor.py:179} INFO - Processing /home/airflow/.local/lib/python3.8/site-packages/airflow/example_dags/tutorial_dag.py took 0.151 seconds
[2023-11-20T19:37:29.272+0000] {processor.py:157} INFO - Started process (PID=1690) to work on /home/airflow/.local/lib/python3.8/site-packages/airflow/example_dags/tutorial_dag.py
[2023-11-20T19:37:29.274+0000] {processor.py:829} INFO - Processing file /home/airflow/.local/lib/python3.8/site-packages/airflow/example_dags/tutorial_dag.py for tasks to queue
[2023-11-20T19:37:29.276+0000] {logging_mixin.py:151} INFO - [2023-11-20T19:37:29.276+0000] {dagbag.py:536} INFO - Filling up the DagBag from /home/airflow/.local/lib/python3.8/site-packages/airflow/example_dags/tutorial_dag.py
[2023-11-20T19:37:29.304+0000] {processor.py:839} INFO - DAG(s) dict_keys(['tutorial_dag']) retrieved from /home/airflow/.local/lib/python3.8/site-packages/airflow/example_dags/tutorial_dag.py
[2023-11-20T19:37:29.369+0000] {logging_mixin.py:151} INFO - [2023-11-20T19:37:29.369+0000] {dag.py:2941} INFO - Sync 1 DAGs
[2023-11-20T19:37:29.407+0000] {logging_mixin.py:151} INFO - [2023-11-20T19:37:29.407+0000] {dag.py:3722} INFO - Setting next_dagrun for tutorial_dag to None, run_after=None
[2023-11-20T19:37:29.456+0000] {processor.py:179} INFO - Processing /home/airflow/.local/lib/python3.8/site-packages/airflow/example_dags/tutorial_dag.py took 0.191 seconds
[2023-11-20T19:38:12.035+0000] {processor.py:157} INFO - Started process (PID=1750) to work on /home/airflow/.local/lib/python3.8/site-packages/airflow/example_dags/tutorial_dag.py
[2023-11-20T19:38:12.041+0000] {processor.py:829} INFO - Processing file /home/airflow/.local/lib/python3.8/site-packages/airflow/example_dags/tutorial_dag.py for tasks to queue
[2023-11-20T19:38:12.046+0000] {logging_mixin.py:151} INFO - [2023-11-20T19:38:12.044+0000] {dagbag.py:536} INFO - Filling up the DagBag from /home/airflow/.local/lib/python3.8/site-packages/airflow/example_dags/tutorial_dag.py
[2023-11-20T19:38:12.063+0000] {processor.py:839} INFO - DAG(s) dict_keys(['tutorial_dag']) retrieved from /home/airflow/.local/lib/python3.8/site-packages/airflow/example_dags/tutorial_dag.py
[2023-11-20T19:38:12.203+0000] {logging_mixin.py:151} INFO - [2023-11-20T19:38:12.202+0000] {dag.py:2941} INFO - Sync 1 DAGs
[2023-11-20T19:38:12.293+0000] {logging_mixin.py:151} INFO - [2023-11-20T19:38:12.292+0000] {dag.py:3722} INFO - Setting next_dagrun for tutorial_dag to None, run_after=None
[2023-11-20T19:38:12.365+0000] {processor.py:179} INFO - Processing /home/airflow/.local/lib/python3.8/site-packages/airflow/example_dags/tutorial_dag.py took 0.349 seconds
[2023-11-20T19:38:43.093+0000] {processor.py:157} INFO - Started process (PID=1810) to work on /home/airflow/.local/lib/python3.8/site-packages/airflow/example_dags/tutorial_dag.py
[2023-11-20T19:38:43.097+0000] {processor.py:829} INFO - Processing file /home/airflow/.local/lib/python3.8/site-packages/airflow/example_dags/tutorial_dag.py for tasks to queue
[2023-11-20T19:38:43.101+0000] {logging_mixin.py:151} INFO - [2023-11-20T19:38:43.100+0000] {dagbag.py:536} INFO - Filling up the DagBag from /home/airflow/.local/lib/python3.8/site-packages/airflow/example_dags/tutorial_dag.py
[2023-11-20T19:38:43.116+0000] {processor.py:839} INFO - DAG(s) dict_keys(['tutorial_dag']) retrieved from /home/airflow/.local/lib/python3.8/site-packages/airflow/example_dags/tutorial_dag.py
[2023-11-20T19:38:43.215+0000] {logging_mixin.py:151} INFO - [2023-11-20T19:38:43.212+0000] {dag.py:2941} INFO - Sync 1 DAGs
[2023-11-20T19:38:43.271+0000] {logging_mixin.py:151} INFO - [2023-11-20T19:38:43.270+0000] {dag.py:3722} INFO - Setting next_dagrun for tutorial_dag to None, run_after=None
[2023-11-20T19:38:43.328+0000] {processor.py:179} INFO - Processing /home/airflow/.local/lib/python3.8/site-packages/airflow/example_dags/tutorial_dag.py took 0.244 seconds
[2023-11-20T19:39:21.714+0000] {processor.py:157} INFO - Started process (PID=1877) to work on /home/airflow/.local/lib/python3.8/site-packages/airflow/example_dags/tutorial_dag.py
[2023-11-20T19:39:21.718+0000] {processor.py:829} INFO - Processing file /home/airflow/.local/lib/python3.8/site-packages/airflow/example_dags/tutorial_dag.py for tasks to queue
[2023-11-20T19:39:21.721+0000] {logging_mixin.py:151} INFO - [2023-11-20T19:39:21.720+0000] {dagbag.py:536} INFO - Filling up the DagBag from /home/airflow/.local/lib/python3.8/site-packages/airflow/example_dags/tutorial_dag.py
[2023-11-20T19:39:21.737+0000] {processor.py:839} INFO - DAG(s) dict_keys(['tutorial_dag']) retrieved from /home/airflow/.local/lib/python3.8/site-packages/airflow/example_dags/tutorial_dag.py
[2023-11-20T19:39:21.803+0000] {logging_mixin.py:151} INFO - [2023-11-20T19:39:21.803+0000] {dag.py:2941} INFO - Sync 1 DAGs
[2023-11-20T19:39:21.839+0000] {logging_mixin.py:151} INFO - [2023-11-20T19:39:21.839+0000] {dag.py:3722} INFO - Setting next_dagrun for tutorial_dag to None, run_after=None
[2023-11-20T19:39:21.913+0000] {processor.py:179} INFO - Processing /home/airflow/.local/lib/python3.8/site-packages/airflow/example_dags/tutorial_dag.py took 0.209 seconds
[2023-11-20T19:40:00.584+0000] {processor.py:157} INFO - Started process (PID=1937) to work on /home/airflow/.local/lib/python3.8/site-packages/airflow/example_dags/tutorial_dag.py
[2023-11-20T19:40:00.598+0000] {processor.py:829} INFO - Processing file /home/airflow/.local/lib/python3.8/site-packages/airflow/example_dags/tutorial_dag.py for tasks to queue
[2023-11-20T19:40:00.606+0000] {logging_mixin.py:151} INFO - [2023-11-20T19:40:00.604+0000] {dagbag.py:536} INFO - Filling up the DagBag from /home/airflow/.local/lib/python3.8/site-packages/airflow/example_dags/tutorial_dag.py
[2023-11-20T19:40:00.635+0000] {processor.py:839} INFO - DAG(s) dict_keys(['tutorial_dag']) retrieved from /home/airflow/.local/lib/python3.8/site-packages/airflow/example_dags/tutorial_dag.py
[2023-11-20T19:40:00.748+0000] {logging_mixin.py:151} INFO - [2023-11-20T19:40:00.747+0000] {dag.py:2941} INFO - Sync 1 DAGs
[2023-11-20T19:40:00.791+0000] {logging_mixin.py:151} INFO - [2023-11-20T19:40:00.791+0000] {dag.py:3722} INFO - Setting next_dagrun for tutorial_dag to None, run_after=None
[2023-11-20T19:40:00.843+0000] {processor.py:179} INFO - Processing /home/airflow/.local/lib/python3.8/site-packages/airflow/example_dags/tutorial_dag.py took 0.273 seconds
[2023-11-20T19:40:33.621+0000] {processor.py:157} INFO - Started process (PID=1998) to work on /home/airflow/.local/lib/python3.8/site-packages/airflow/example_dags/tutorial_dag.py
[2023-11-20T19:40:33.629+0000] {processor.py:829} INFO - Processing file /home/airflow/.local/lib/python3.8/site-packages/airflow/example_dags/tutorial_dag.py for tasks to queue
[2023-11-20T19:40:33.632+0000] {logging_mixin.py:151} INFO - [2023-11-20T19:40:33.630+0000] {dagbag.py:536} INFO - Filling up the DagBag from /home/airflow/.local/lib/python3.8/site-packages/airflow/example_dags/tutorial_dag.py
[2023-11-20T19:40:33.666+0000] {processor.py:839} INFO - DAG(s) dict_keys(['tutorial_dag']) retrieved from /home/airflow/.local/lib/python3.8/site-packages/airflow/example_dags/tutorial_dag.py
[2023-11-20T19:40:33.935+0000] {logging_mixin.py:151} INFO - [2023-11-20T19:40:33.933+0000] {dag.py:2941} INFO - Sync 1 DAGs
[2023-11-20T19:40:34.055+0000] {logging_mixin.py:151} INFO - [2023-11-20T19:40:34.055+0000] {dag.py:3722} INFO - Setting next_dagrun for tutorial_dag to None, run_after=None
[2023-11-20T19:40:34.188+0000] {processor.py:179} INFO - Processing /home/airflow/.local/lib/python3.8/site-packages/airflow/example_dags/tutorial_dag.py took 0.577 seconds
