[2023-11-20T19:20:28.344+0000] {processor.py:157} INFO - Started process (PID=160) to work on /home/airflow/.local/lib/python3.8/site-packages/airflow/example_dags/tutorial.py
[2023-11-20T19:20:28.768+0000] {processor.py:829} INFO - Processing file /home/airflow/.local/lib/python3.8/site-packages/airflow/example_dags/tutorial.py for tasks to queue
[2023-11-20T19:20:28.998+0000] {logging_mixin.py:151} INFO - [2023-11-20T19:20:28.950+0000] {dagbag.py:536} INFO - Filling up the DagBag from /home/airflow/.local/lib/python3.8/site-packages/airflow/example_dags/tutorial.py
[2023-11-20T19:20:29.595+0000] {processor.py:839} INFO - DAG(s) dict_keys(['tutorial']) retrieved from /home/airflow/.local/lib/python3.8/site-packages/airflow/example_dags/tutorial.py
[2023-11-20T19:20:30.209+0000] {logging_mixin.py:151} INFO - [2023-11-20T19:20:30.205+0000] {dag.py:2941} INFO - Sync 1 DAGs
[2023-11-20T19:20:30.855+0000] {logging_mixin.py:151} INFO - [2023-11-20T19:20:30.846+0000] {dag.py:3722} INFO - Setting next_dagrun for tutorial to 2023-11-19T19:20:30.834819+00:00, run_after=2023-11-20T19:20:30.834819+00:00
[2023-11-20T19:20:31.048+0000] {processor.py:179} INFO - Processing /home/airflow/.local/lib/python3.8/site-packages/airflow/example_dags/tutorial.py took 3.608 seconds
[2023-11-20T19:21:55.359+0000] {processor.py:157} INFO - Started process (PID=227) to work on /home/airflow/.local/lib/python3.8/site-packages/airflow/example_dags/tutorial.py
[2023-11-20T19:21:55.367+0000] {processor.py:829} INFO - Processing file /home/airflow/.local/lib/python3.8/site-packages/airflow/example_dags/tutorial.py for tasks to queue
[2023-11-20T19:21:55.368+0000] {logging_mixin.py:151} INFO - [2023-11-20T19:21:55.368+0000] {dagbag.py:536} INFO - Filling up the DagBag from /home/airflow/.local/lib/python3.8/site-packages/airflow/example_dags/tutorial.py
[2023-11-20T19:21:55.382+0000] {processor.py:839} INFO - DAG(s) dict_keys(['tutorial']) retrieved from /home/airflow/.local/lib/python3.8/site-packages/airflow/example_dags/tutorial.py
[2023-11-20T19:21:55.443+0000] {logging_mixin.py:151} INFO - [2023-11-20T19:21:55.443+0000] {dag.py:2941} INFO - Sync 1 DAGs
[2023-11-20T19:21:55.520+0000] {logging_mixin.py:151} INFO - [2023-11-20T19:21:55.520+0000] {dag.py:3722} INFO - Setting next_dagrun for tutorial to 2023-11-19T19:21:55.519150+00:00, run_after=2023-11-20T19:21:55.519150+00:00
[2023-11-20T19:21:55.616+0000] {processor.py:179} INFO - Processing /home/airflow/.local/lib/python3.8/site-packages/airflow/example_dags/tutorial.py took 0.262 seconds
[2023-11-20T19:22:44.951+0000] {processor.py:157} INFO - Started process (PID=294) to work on /home/airflow/.local/lib/python3.8/site-packages/airflow/example_dags/tutorial.py
[2023-11-20T19:22:44.960+0000] {processor.py:829} INFO - Processing file /home/airflow/.local/lib/python3.8/site-packages/airflow/example_dags/tutorial.py for tasks to queue
[2023-11-20T19:22:44.961+0000] {logging_mixin.py:151} INFO - [2023-11-20T19:22:44.961+0000] {dagbag.py:536} INFO - Filling up the DagBag from /home/airflow/.local/lib/python3.8/site-packages/airflow/example_dags/tutorial.py
[2023-11-20T19:22:44.972+0000] {processor.py:839} INFO - DAG(s) dict_keys(['tutorial']) retrieved from /home/airflow/.local/lib/python3.8/site-packages/airflow/example_dags/tutorial.py
[2023-11-20T19:22:45.003+0000] {logging_mixin.py:151} INFO - [2023-11-20T19:22:45.002+0000] {dag.py:2941} INFO - Sync 1 DAGs
[2023-11-20T19:22:45.044+0000] {logging_mixin.py:151} INFO - [2023-11-20T19:22:45.044+0000] {dag.py:3722} INFO - Setting next_dagrun for tutorial to 2023-11-19T19:22:45.044233+00:00, run_after=2023-11-20T19:22:45.044233+00:00
[2023-11-20T19:22:45.078+0000] {processor.py:179} INFO - Processing /home/airflow/.local/lib/python3.8/site-packages/airflow/example_dags/tutorial.py took 0.131 seconds
[2023-11-20T19:23:24.430+0000] {processor.py:157} INFO - Started process (PID=359) to work on /home/airflow/.local/lib/python3.8/site-packages/airflow/example_dags/tutorial.py
[2023-11-20T19:23:24.433+0000] {processor.py:829} INFO - Processing file /home/airflow/.local/lib/python3.8/site-packages/airflow/example_dags/tutorial.py for tasks to queue
[2023-11-20T19:23:24.436+0000] {logging_mixin.py:151} INFO - [2023-11-20T19:23:24.435+0000] {dagbag.py:536} INFO - Filling up the DagBag from /home/airflow/.local/lib/python3.8/site-packages/airflow/example_dags/tutorial.py
[2023-11-20T19:23:24.448+0000] {processor.py:839} INFO - DAG(s) dict_keys(['tutorial']) retrieved from /home/airflow/.local/lib/python3.8/site-packages/airflow/example_dags/tutorial.py
[2023-11-20T19:23:24.492+0000] {logging_mixin.py:151} INFO - [2023-11-20T19:23:24.492+0000] {dag.py:2941} INFO - Sync 1 DAGs
[2023-11-20T19:23:24.532+0000] {logging_mixin.py:151} INFO - [2023-11-20T19:23:24.532+0000] {dag.py:3722} INFO - Setting next_dagrun for tutorial to 2023-11-19T19:23:24.531760+00:00, run_after=2023-11-20T19:23:24.531760+00:00
[2023-11-20T19:23:24.563+0000] {processor.py:179} INFO - Processing /home/airflow/.local/lib/python3.8/site-packages/airflow/example_dags/tutorial.py took 0.139 seconds
[2023-11-20T19:24:02.574+0000] {processor.py:157} INFO - Started process (PID=419) to work on /home/airflow/.local/lib/python3.8/site-packages/airflow/example_dags/tutorial.py
[2023-11-20T19:24:02.595+0000] {processor.py:829} INFO - Processing file /home/airflow/.local/lib/python3.8/site-packages/airflow/example_dags/tutorial.py for tasks to queue
[2023-11-20T19:24:02.633+0000] {logging_mixin.py:151} INFO - [2023-11-20T19:24:02.631+0000] {dagbag.py:536} INFO - Filling up the DagBag from /home/airflow/.local/lib/python3.8/site-packages/airflow/example_dags/tutorial.py
[2023-11-20T19:24:02.673+0000] {processor.py:839} INFO - DAG(s) dict_keys(['tutorial']) retrieved from /home/airflow/.local/lib/python3.8/site-packages/airflow/example_dags/tutorial.py
[2023-11-20T19:24:02.791+0000] {logging_mixin.py:151} INFO - [2023-11-20T19:24:02.791+0000] {dag.py:2941} INFO - Sync 1 DAGs
[2023-11-20T19:24:02.914+0000] {logging_mixin.py:151} INFO - [2023-11-20T19:24:02.913+0000] {dag.py:3722} INFO - Setting next_dagrun for tutorial to 2023-11-19T19:24:02.910103+00:00, run_after=2023-11-20T19:24:02.910103+00:00
[2023-11-20T19:24:02.976+0000] {processor.py:179} INFO - Processing /home/airflow/.local/lib/python3.8/site-packages/airflow/example_dags/tutorial.py took 0.427 seconds
[2023-11-20T19:24:33.690+0000] {processor.py:157} INFO - Started process (PID=479) to work on /home/airflow/.local/lib/python3.8/site-packages/airflow/example_dags/tutorial.py
[2023-11-20T19:24:33.693+0000] {processor.py:829} INFO - Processing file /home/airflow/.local/lib/python3.8/site-packages/airflow/example_dags/tutorial.py for tasks to queue
[2023-11-20T19:24:33.695+0000] {logging_mixin.py:151} INFO - [2023-11-20T19:24:33.694+0000] {dagbag.py:536} INFO - Filling up the DagBag from /home/airflow/.local/lib/python3.8/site-packages/airflow/example_dags/tutorial.py
[2023-11-20T19:24:33.708+0000] {processor.py:839} INFO - DAG(s) dict_keys(['tutorial']) retrieved from /home/airflow/.local/lib/python3.8/site-packages/airflow/example_dags/tutorial.py
[2023-11-20T19:24:33.760+0000] {logging_mixin.py:151} INFO - [2023-11-20T19:24:33.759+0000] {dag.py:2941} INFO - Sync 1 DAGs
[2023-11-20T19:24:33.795+0000] {logging_mixin.py:151} INFO - [2023-11-20T19:24:33.795+0000] {dag.py:3722} INFO - Setting next_dagrun for tutorial to 2023-11-19T19:24:33.795037+00:00, run_after=2023-11-20T19:24:33.795037+00:00
[2023-11-20T19:24:33.842+0000] {processor.py:179} INFO - Processing /home/airflow/.local/lib/python3.8/site-packages/airflow/example_dags/tutorial.py took 0.156 seconds
[2023-11-20T19:25:29.478+0000] {processor.py:157} INFO - Started process (PID=556) to work on /home/airflow/.local/lib/python3.8/site-packages/airflow/example_dags/tutorial.py
[2023-11-20T19:25:29.484+0000] {processor.py:829} INFO - Processing file /home/airflow/.local/lib/python3.8/site-packages/airflow/example_dags/tutorial.py for tasks to queue
[2023-11-20T19:25:29.485+0000] {logging_mixin.py:151} INFO - [2023-11-20T19:25:29.485+0000] {dagbag.py:536} INFO - Filling up the DagBag from /home/airflow/.local/lib/python3.8/site-packages/airflow/example_dags/tutorial.py
[2023-11-20T19:25:29.524+0000] {processor.py:839} INFO - DAG(s) dict_keys(['tutorial']) retrieved from /home/airflow/.local/lib/python3.8/site-packages/airflow/example_dags/tutorial.py
[2023-11-20T19:25:29.799+0000] {logging_mixin.py:151} INFO - [2023-11-20T19:25:29.798+0000] {dag.py:2941} INFO - Sync 1 DAGs
[2023-11-20T19:25:30.016+0000] {logging_mixin.py:151} INFO - [2023-11-20T19:25:30.013+0000] {dag.py:3722} INFO - Setting next_dagrun for tutorial to 2023-11-19T19:25:30.011938+00:00, run_after=2023-11-20T19:25:30.011938+00:00
[2023-11-20T19:25:30.280+0000] {processor.py:179} INFO - Processing /home/airflow/.local/lib/python3.8/site-packages/airflow/example_dags/tutorial.py took 0.808 seconds
[2023-11-20T19:26:00.463+0000] {processor.py:157} INFO - Started process (PID=617) to work on /home/airflow/.local/lib/python3.8/site-packages/airflow/example_dags/tutorial.py
[2023-11-20T19:26:00.470+0000] {processor.py:829} INFO - Processing file /home/airflow/.local/lib/python3.8/site-packages/airflow/example_dags/tutorial.py for tasks to queue
[2023-11-20T19:26:00.471+0000] {logging_mixin.py:151} INFO - [2023-11-20T19:26:00.471+0000] {dagbag.py:536} INFO - Filling up the DagBag from /home/airflow/.local/lib/python3.8/site-packages/airflow/example_dags/tutorial.py
[2023-11-20T19:26:00.481+0000] {processor.py:839} INFO - DAG(s) dict_keys(['tutorial']) retrieved from /home/airflow/.local/lib/python3.8/site-packages/airflow/example_dags/tutorial.py
[2023-11-20T19:26:00.510+0000] {logging_mixin.py:151} INFO - [2023-11-20T19:26:00.510+0000] {dag.py:2941} INFO - Sync 1 DAGs
[2023-11-20T19:26:00.541+0000] {logging_mixin.py:151} INFO - [2023-11-20T19:26:00.541+0000] {dag.py:3722} INFO - Setting next_dagrun for tutorial to 2023-11-19T19:26:00.540656+00:00, run_after=2023-11-20T19:26:00.540656+00:00
[2023-11-20T19:26:00.571+0000] {processor.py:179} INFO - Processing /home/airflow/.local/lib/python3.8/site-packages/airflow/example_dags/tutorial.py took 0.114 seconds
[2023-11-20T19:26:31.320+0000] {processor.py:157} INFO - Started process (PID=678) to work on /home/airflow/.local/lib/python3.8/site-packages/airflow/example_dags/tutorial.py
[2023-11-20T19:26:31.327+0000] {processor.py:829} INFO - Processing file /home/airflow/.local/lib/python3.8/site-packages/airflow/example_dags/tutorial.py for tasks to queue
[2023-11-20T19:26:31.328+0000] {logging_mixin.py:151} INFO - [2023-11-20T19:26:31.328+0000] {dagbag.py:536} INFO - Filling up the DagBag from /home/airflow/.local/lib/python3.8/site-packages/airflow/example_dags/tutorial.py
[2023-11-20T19:26:31.336+0000] {processor.py:839} INFO - DAG(s) dict_keys(['tutorial']) retrieved from /home/airflow/.local/lib/python3.8/site-packages/airflow/example_dags/tutorial.py
[2023-11-20T19:26:31.363+0000] {logging_mixin.py:151} INFO - [2023-11-20T19:26:31.363+0000] {dag.py:2941} INFO - Sync 1 DAGs
[2023-11-20T19:26:31.393+0000] {logging_mixin.py:151} INFO - [2023-11-20T19:26:31.393+0000] {dag.py:3722} INFO - Setting next_dagrun for tutorial to 2023-11-19T19:26:31.393381+00:00, run_after=2023-11-20T19:26:31.393381+00:00
[2023-11-20T19:26:31.418+0000] {processor.py:179} INFO - Processing /home/airflow/.local/lib/python3.8/site-packages/airflow/example_dags/tutorial.py took 0.103 seconds
[2023-11-20T19:27:06.764+0000] {processor.py:157} INFO - Started process (PID=738) to work on /home/airflow/.local/lib/python3.8/site-packages/airflow/example_dags/tutorial.py
[2023-11-20T19:27:06.767+0000] {processor.py:829} INFO - Processing file /home/airflow/.local/lib/python3.8/site-packages/airflow/example_dags/tutorial.py for tasks to queue
[2023-11-20T19:27:06.769+0000] {logging_mixin.py:151} INFO - [2023-11-20T19:27:06.768+0000] {dagbag.py:536} INFO - Filling up the DagBag from /home/airflow/.local/lib/python3.8/site-packages/airflow/example_dags/tutorial.py
[2023-11-20T19:27:06.791+0000] {processor.py:839} INFO - DAG(s) dict_keys(['tutorial']) retrieved from /home/airflow/.local/lib/python3.8/site-packages/airflow/example_dags/tutorial.py
[2023-11-20T19:27:06.866+0000] {logging_mixin.py:151} INFO - [2023-11-20T19:27:06.865+0000] {dag.py:2941} INFO - Sync 1 DAGs
[2023-11-20T19:27:06.967+0000] {logging_mixin.py:151} INFO - [2023-11-20T19:27:06.966+0000] {dag.py:3722} INFO - Setting next_dagrun for tutorial to 2023-11-19T19:27:06.966212+00:00, run_after=2023-11-20T19:27:06.966212+00:00
[2023-11-20T19:27:07.021+0000] {processor.py:179} INFO - Processing /home/airflow/.local/lib/python3.8/site-packages/airflow/example_dags/tutorial.py took 0.263 seconds
[2023-11-20T19:27:42.193+0000] {processor.py:157} INFO - Started process (PID=803) to work on /home/airflow/.local/lib/python3.8/site-packages/airflow/example_dags/tutorial.py
[2023-11-20T19:27:42.198+0000] {processor.py:829} INFO - Processing file /home/airflow/.local/lib/python3.8/site-packages/airflow/example_dags/tutorial.py for tasks to queue
[2023-11-20T19:27:42.203+0000] {logging_mixin.py:151} INFO - [2023-11-20T19:27:42.202+0000] {dagbag.py:536} INFO - Filling up the DagBag from /home/airflow/.local/lib/python3.8/site-packages/airflow/example_dags/tutorial.py
[2023-11-20T19:27:42.225+0000] {processor.py:839} INFO - DAG(s) dict_keys(['tutorial']) retrieved from /home/airflow/.local/lib/python3.8/site-packages/airflow/example_dags/tutorial.py
[2023-11-20T19:27:42.279+0000] {logging_mixin.py:151} INFO - [2023-11-20T19:27:42.279+0000] {dag.py:2941} INFO - Sync 1 DAGs
[2023-11-20T19:27:42.355+0000] {logging_mixin.py:151} INFO - [2023-11-20T19:27:42.354+0000] {dag.py:3722} INFO - Setting next_dagrun for tutorial to 2023-11-19T19:27:42.353767+00:00, run_after=2023-11-20T19:27:42.353767+00:00
[2023-11-20T19:27:42.444+0000] {processor.py:179} INFO - Processing /home/airflow/.local/lib/python3.8/site-packages/airflow/example_dags/tutorial.py took 0.258 seconds
[2023-11-20T19:28:14.534+0000] {processor.py:157} INFO - Started process (PID=871) to work on /home/airflow/.local/lib/python3.8/site-packages/airflow/example_dags/tutorial.py
[2023-11-20T19:28:14.536+0000] {processor.py:829} INFO - Processing file /home/airflow/.local/lib/python3.8/site-packages/airflow/example_dags/tutorial.py for tasks to queue
[2023-11-20T19:28:14.539+0000] {logging_mixin.py:151} INFO - [2023-11-20T19:28:14.538+0000] {dagbag.py:536} INFO - Filling up the DagBag from /home/airflow/.local/lib/python3.8/site-packages/airflow/example_dags/tutorial.py
[2023-11-20T19:28:14.563+0000] {processor.py:839} INFO - DAG(s) dict_keys(['tutorial']) retrieved from /home/airflow/.local/lib/python3.8/site-packages/airflow/example_dags/tutorial.py
[2023-11-20T19:28:14.629+0000] {logging_mixin.py:151} INFO - [2023-11-20T19:28:14.628+0000] {dag.py:2941} INFO - Sync 1 DAGs
[2023-11-20T19:28:14.701+0000] {logging_mixin.py:151} INFO - [2023-11-20T19:28:14.700+0000] {dag.py:3722} INFO - Setting next_dagrun for tutorial to 2023-11-19T19:28:14.700198+00:00, run_after=2023-11-20T19:28:14.700198+00:00
[2023-11-20T19:28:14.741+0000] {processor.py:179} INFO - Processing /home/airflow/.local/lib/python3.8/site-packages/airflow/example_dags/tutorial.py took 0.214 seconds
[2023-11-20T19:28:47.813+0000] {processor.py:157} INFO - Started process (PID=932) to work on /home/airflow/.local/lib/python3.8/site-packages/airflow/example_dags/tutorial.py
[2023-11-20T19:28:47.816+0000] {processor.py:829} INFO - Processing file /home/airflow/.local/lib/python3.8/site-packages/airflow/example_dags/tutorial.py for tasks to queue
[2023-11-20T19:28:47.825+0000] {logging_mixin.py:151} INFO - [2023-11-20T19:28:47.823+0000] {dagbag.py:536} INFO - Filling up the DagBag from /home/airflow/.local/lib/python3.8/site-packages/airflow/example_dags/tutorial.py
[2023-11-20T19:28:47.854+0000] {processor.py:839} INFO - DAG(s) dict_keys(['tutorial']) retrieved from /home/airflow/.local/lib/python3.8/site-packages/airflow/example_dags/tutorial.py
[2023-11-20T19:28:47.979+0000] {logging_mixin.py:151} INFO - [2023-11-20T19:28:47.978+0000] {dag.py:2941} INFO - Sync 1 DAGs
[2023-11-20T19:28:48.141+0000] {logging_mixin.py:151} INFO - [2023-11-20T19:28:48.140+0000] {dag.py:3722} INFO - Setting next_dagrun for tutorial to 2023-11-19T19:28:48.138199+00:00, run_after=2023-11-20T19:28:48.138199+00:00
[2023-11-20T19:28:48.251+0000] {processor.py:179} INFO - Processing /home/airflow/.local/lib/python3.8/site-packages/airflow/example_dags/tutorial.py took 0.448 seconds
[2023-11-20T19:29:30.403+0000] {processor.py:157} INFO - Started process (PID=992) to work on /home/airflow/.local/lib/python3.8/site-packages/airflow/example_dags/tutorial.py
[2023-11-20T19:29:30.405+0000] {processor.py:829} INFO - Processing file /home/airflow/.local/lib/python3.8/site-packages/airflow/example_dags/tutorial.py for tasks to queue
[2023-11-20T19:29:30.407+0000] {logging_mixin.py:151} INFO - [2023-11-20T19:29:30.407+0000] {dagbag.py:536} INFO - Filling up the DagBag from /home/airflow/.local/lib/python3.8/site-packages/airflow/example_dags/tutorial.py
[2023-11-20T19:29:30.426+0000] {processor.py:839} INFO - DAG(s) dict_keys(['tutorial']) retrieved from /home/airflow/.local/lib/python3.8/site-packages/airflow/example_dags/tutorial.py
[2023-11-20T19:29:30.505+0000] {logging_mixin.py:151} INFO - [2023-11-20T19:29:30.504+0000] {dag.py:2941} INFO - Sync 1 DAGs
[2023-11-20T19:29:30.589+0000] {logging_mixin.py:151} INFO - [2023-11-20T19:29:30.588+0000] {dag.py:3722} INFO - Setting next_dagrun for tutorial to 2023-11-19T19:29:30.586715+00:00, run_after=2023-11-20T19:29:30.586715+00:00
[2023-11-20T19:29:30.647+0000] {processor.py:179} INFO - Processing /home/airflow/.local/lib/python3.8/site-packages/airflow/example_dags/tutorial.py took 0.254 seconds
[2023-11-20T19:30:01.733+0000] {processor.py:157} INFO - Started process (PID=1053) to work on /home/airflow/.local/lib/python3.8/site-packages/airflow/example_dags/tutorial.py
[2023-11-20T19:30:01.737+0000] {processor.py:829} INFO - Processing file /home/airflow/.local/lib/python3.8/site-packages/airflow/example_dags/tutorial.py for tasks to queue
[2023-11-20T19:30:01.741+0000] {logging_mixin.py:151} INFO - [2023-11-20T19:30:01.740+0000] {dagbag.py:536} INFO - Filling up the DagBag from /home/airflow/.local/lib/python3.8/site-packages/airflow/example_dags/tutorial.py
[2023-11-20T19:30:01.767+0000] {processor.py:839} INFO - DAG(s) dict_keys(['tutorial']) retrieved from /home/airflow/.local/lib/python3.8/site-packages/airflow/example_dags/tutorial.py
[2023-11-20T19:30:01.837+0000] {logging_mixin.py:151} INFO - [2023-11-20T19:30:01.836+0000] {dag.py:2941} INFO - Sync 1 DAGs
[2023-11-20T19:30:01.934+0000] {logging_mixin.py:151} INFO - [2023-11-20T19:30:01.933+0000] {dag.py:3722} INFO - Setting next_dagrun for tutorial to 2023-11-19T19:30:01.932706+00:00, run_after=2023-11-20T19:30:01.932706+00:00
[2023-11-20T19:30:01.980+0000] {processor.py:179} INFO - Processing /home/airflow/.local/lib/python3.8/site-packages/airflow/example_dags/tutorial.py took 0.257 seconds
[2023-11-20T19:30:32.629+0000] {processor.py:157} INFO - Started process (PID=1113) to work on /home/airflow/.local/lib/python3.8/site-packages/airflow/example_dags/tutorial.py
[2023-11-20T19:30:32.634+0000] {processor.py:829} INFO - Processing file /home/airflow/.local/lib/python3.8/site-packages/airflow/example_dags/tutorial.py for tasks to queue
[2023-11-20T19:30:32.638+0000] {logging_mixin.py:151} INFO - [2023-11-20T19:30:32.637+0000] {dagbag.py:536} INFO - Filling up the DagBag from /home/airflow/.local/lib/python3.8/site-packages/airflow/example_dags/tutorial.py
[2023-11-20T19:30:32.661+0000] {processor.py:839} INFO - DAG(s) dict_keys(['tutorial']) retrieved from /home/airflow/.local/lib/python3.8/site-packages/airflow/example_dags/tutorial.py
[2023-11-20T19:30:32.727+0000] {logging_mixin.py:151} INFO - [2023-11-20T19:30:32.726+0000] {dag.py:2941} INFO - Sync 1 DAGs
[2023-11-20T19:30:32.804+0000] {logging_mixin.py:151} INFO - [2023-11-20T19:30:32.803+0000] {dag.py:3722} INFO - Setting next_dagrun for tutorial to 2023-11-19T19:30:32.802403+00:00, run_after=2023-11-20T19:30:32.802403+00:00
[2023-11-20T19:30:32.881+0000] {processor.py:179} INFO - Processing /home/airflow/.local/lib/python3.8/site-packages/airflow/example_dags/tutorial.py took 0.268 seconds
[2023-11-20T19:31:25.309+0000] {processor.py:157} INFO - Started process (PID=1180) to work on /home/airflow/.local/lib/python3.8/site-packages/airflow/example_dags/tutorial.py
[2023-11-20T19:31:25.319+0000] {processor.py:829} INFO - Processing file /home/airflow/.local/lib/python3.8/site-packages/airflow/example_dags/tutorial.py for tasks to queue
[2023-11-20T19:31:25.326+0000] {logging_mixin.py:151} INFO - [2023-11-20T19:31:25.324+0000] {dagbag.py:536} INFO - Filling up the DagBag from /home/airflow/.local/lib/python3.8/site-packages/airflow/example_dags/tutorial.py
[2023-11-20T19:31:25.369+0000] {processor.py:839} INFO - DAG(s) dict_keys(['tutorial']) retrieved from /home/airflow/.local/lib/python3.8/site-packages/airflow/example_dags/tutorial.py
[2023-11-20T19:31:25.479+0000] {logging_mixin.py:151} INFO - [2023-11-20T19:31:25.478+0000] {dag.py:2941} INFO - Sync 1 DAGs
[2023-11-20T19:31:25.690+0000] {logging_mixin.py:151} INFO - [2023-11-20T19:31:25.686+0000] {dag.py:3722} INFO - Setting next_dagrun for tutorial to 2023-11-19T19:31:25.683233+00:00, run_after=2023-11-20T19:31:25.683233+00:00
[2023-11-20T19:31:25.825+0000] {processor.py:179} INFO - Processing /home/airflow/.local/lib/python3.8/site-packages/airflow/example_dags/tutorial.py took 0.562 seconds
[2023-11-20T19:31:59.727+0000] {processor.py:157} INFO - Started process (PID=1240) to work on /home/airflow/.local/lib/python3.8/site-packages/airflow/example_dags/tutorial.py
[2023-11-20T19:31:59.734+0000] {processor.py:829} INFO - Processing file /home/airflow/.local/lib/python3.8/site-packages/airflow/example_dags/tutorial.py for tasks to queue
[2023-11-20T19:31:59.739+0000] {logging_mixin.py:151} INFO - [2023-11-20T19:31:59.739+0000] {dagbag.py:536} INFO - Filling up the DagBag from /home/airflow/.local/lib/python3.8/site-packages/airflow/example_dags/tutorial.py
[2023-11-20T19:31:59.750+0000] {processor.py:839} INFO - DAG(s) dict_keys(['tutorial']) retrieved from /home/airflow/.local/lib/python3.8/site-packages/airflow/example_dags/tutorial.py
[2023-11-20T19:31:59.780+0000] {logging_mixin.py:151} INFO - [2023-11-20T19:31:59.780+0000] {dag.py:2941} INFO - Sync 1 DAGs
[2023-11-20T19:32:00.171+0000] {logging_mixin.py:151} INFO - [2023-11-20T19:32:00.169+0000] {dag.py:3722} INFO - Setting next_dagrun for tutorial to 2023-11-19T19:32:00.167957+00:00, run_after=2023-11-20T19:32:00.167957+00:00
[2023-11-20T19:32:00.259+0000] {processor.py:179} INFO - Processing /home/airflow/.local/lib/python3.8/site-packages/airflow/example_dags/tutorial.py took 0.536 seconds
[2023-11-20T19:33:36.897+0000] {processor.py:157} INFO - Started process (PID=1318) to work on /home/airflow/.local/lib/python3.8/site-packages/airflow/example_dags/tutorial.py
[2023-11-20T19:33:36.914+0000] {processor.py:829} INFO - Processing file /home/airflow/.local/lib/python3.8/site-packages/airflow/example_dags/tutorial.py for tasks to queue
[2023-11-20T19:33:36.919+0000] {logging_mixin.py:151} INFO - [2023-11-20T19:33:36.918+0000] {dagbag.py:536} INFO - Filling up the DagBag from /home/airflow/.local/lib/python3.8/site-packages/airflow/example_dags/tutorial.py
[2023-11-20T19:33:36.943+0000] {processor.py:839} INFO - DAG(s) dict_keys(['tutorial']) retrieved from /home/airflow/.local/lib/python3.8/site-packages/airflow/example_dags/tutorial.py
[2023-11-20T19:33:37.014+0000] {logging_mixin.py:151} INFO - [2023-11-20T19:33:37.013+0000] {dag.py:2941} INFO - Sync 1 DAGs
[2023-11-20T19:33:37.081+0000] {logging_mixin.py:151} INFO - [2023-11-20T19:33:37.080+0000] {dag.py:3722} INFO - Setting next_dagrun for tutorial to 2023-11-19T19:33:37.080135+00:00, run_after=2023-11-20T19:33:37.080135+00:00
[2023-11-20T19:33:37.128+0000] {processor.py:179} INFO - Processing /home/airflow/.local/lib/python3.8/site-packages/airflow/example_dags/tutorial.py took 0.247 seconds
[2023-11-20T19:34:10.161+0000] {processor.py:157} INFO - Started process (PID=1378) to work on /home/airflow/.local/lib/python3.8/site-packages/airflow/example_dags/tutorial.py
[2023-11-20T19:34:10.165+0000] {processor.py:829} INFO - Processing file /home/airflow/.local/lib/python3.8/site-packages/airflow/example_dags/tutorial.py for tasks to queue
[2023-11-20T19:34:10.173+0000] {logging_mixin.py:151} INFO - [2023-11-20T19:34:10.170+0000] {dagbag.py:536} INFO - Filling up the DagBag from /home/airflow/.local/lib/python3.8/site-packages/airflow/example_dags/tutorial.py
[2023-11-20T19:34:10.219+0000] {processor.py:839} INFO - DAG(s) dict_keys(['tutorial']) retrieved from /home/airflow/.local/lib/python3.8/site-packages/airflow/example_dags/tutorial.py
[2023-11-20T19:34:10.322+0000] {logging_mixin.py:151} INFO - [2023-11-20T19:34:10.321+0000] {dag.py:2941} INFO - Sync 1 DAGs
[2023-11-20T19:34:10.389+0000] {logging_mixin.py:151} INFO - [2023-11-20T19:34:10.389+0000] {dag.py:3722} INFO - Setting next_dagrun for tutorial to 2023-11-19T19:34:10.387318+00:00, run_after=2023-11-20T19:34:10.387318+00:00
[2023-11-20T19:34:10.460+0000] {processor.py:179} INFO - Processing /home/airflow/.local/lib/python3.8/site-packages/airflow/example_dags/tutorial.py took 0.306 seconds
[2023-11-20T19:34:54.635+0000] {processor.py:157} INFO - Started process (PID=1442) to work on /home/airflow/.local/lib/python3.8/site-packages/airflow/example_dags/tutorial.py
[2023-11-20T19:34:54.639+0000] {processor.py:829} INFO - Processing file /home/airflow/.local/lib/python3.8/site-packages/airflow/example_dags/tutorial.py for tasks to queue
[2023-11-20T19:34:54.642+0000] {logging_mixin.py:151} INFO - [2023-11-20T19:34:54.642+0000] {dagbag.py:536} INFO - Filling up the DagBag from /home/airflow/.local/lib/python3.8/site-packages/airflow/example_dags/tutorial.py
[2023-11-20T19:34:54.658+0000] {processor.py:839} INFO - DAG(s) dict_keys(['tutorial']) retrieved from /home/airflow/.local/lib/python3.8/site-packages/airflow/example_dags/tutorial.py
[2023-11-20T19:34:54.720+0000] {logging_mixin.py:151} INFO - [2023-11-20T19:34:54.719+0000] {dag.py:2941} INFO - Sync 1 DAGs
[2023-11-20T19:34:54.807+0000] {logging_mixin.py:151} INFO - [2023-11-20T19:34:54.806+0000] {dag.py:3722} INFO - Setting next_dagrun for tutorial to 2023-11-19T19:34:54.805932+00:00, run_after=2023-11-20T19:34:54.805932+00:00
[2023-11-20T19:34:54.864+0000] {processor.py:179} INFO - Processing /home/airflow/.local/lib/python3.8/site-packages/airflow/example_dags/tutorial.py took 0.238 seconds
[2023-11-20T19:35:40.242+0000] {processor.py:157} INFO - Started process (PID=1516) to work on /home/airflow/.local/lib/python3.8/site-packages/airflow/example_dags/tutorial.py
[2023-11-20T19:35:40.245+0000] {processor.py:829} INFO - Processing file /home/airflow/.local/lib/python3.8/site-packages/airflow/example_dags/tutorial.py for tasks to queue
[2023-11-20T19:35:40.248+0000] {logging_mixin.py:151} INFO - [2023-11-20T19:35:40.247+0000] {dagbag.py:536} INFO - Filling up the DagBag from /home/airflow/.local/lib/python3.8/site-packages/airflow/example_dags/tutorial.py
[2023-11-20T19:35:40.273+0000] {processor.py:839} INFO - DAG(s) dict_keys(['tutorial']) retrieved from /home/airflow/.local/lib/python3.8/site-packages/airflow/example_dags/tutorial.py
[2023-11-20T19:35:40.326+0000] {logging_mixin.py:151} INFO - [2023-11-20T19:35:40.326+0000] {dag.py:2941} INFO - Sync 1 DAGs
[2023-11-20T19:35:40.400+0000] {logging_mixin.py:151} INFO - [2023-11-20T19:35:40.400+0000] {dag.py:3722} INFO - Setting next_dagrun for tutorial to 2023-11-19T19:35:40.400032+00:00, run_after=2023-11-20T19:35:40.400032+00:00
[2023-11-20T19:35:40.462+0000] {processor.py:179} INFO - Processing /home/airflow/.local/lib/python3.8/site-packages/airflow/example_dags/tutorial.py took 0.228 seconds
[2023-11-20T19:36:12.028+0000] {processor.py:157} INFO - Started process (PID=1583) to work on /home/airflow/.local/lib/python3.8/site-packages/airflow/example_dags/tutorial.py
[2023-11-20T19:36:12.029+0000] {processor.py:829} INFO - Processing file /home/airflow/.local/lib/python3.8/site-packages/airflow/example_dags/tutorial.py for tasks to queue
[2023-11-20T19:36:12.031+0000] {logging_mixin.py:151} INFO - [2023-11-20T19:36:12.030+0000] {dagbag.py:536} INFO - Filling up the DagBag from /home/airflow/.local/lib/python3.8/site-packages/airflow/example_dags/tutorial.py
[2023-11-20T19:36:12.040+0000] {processor.py:839} INFO - DAG(s) dict_keys(['tutorial']) retrieved from /home/airflow/.local/lib/python3.8/site-packages/airflow/example_dags/tutorial.py
[2023-11-20T19:36:12.072+0000] {logging_mixin.py:151} INFO - [2023-11-20T19:36:12.071+0000] {dag.py:2941} INFO - Sync 1 DAGs
[2023-11-20T19:36:12.110+0000] {logging_mixin.py:151} INFO - [2023-11-20T19:36:12.110+0000] {dag.py:3722} INFO - Setting next_dagrun for tutorial to 2023-11-19T19:36:12.109693+00:00, run_after=2023-11-20T19:36:12.109693+00:00
[2023-11-20T19:36:12.137+0000] {processor.py:179} INFO - Processing /home/airflow/.local/lib/python3.8/site-packages/airflow/example_dags/tutorial.py took 0.116 seconds
[2023-11-20T19:36:44.670+0000] {processor.py:157} INFO - Started process (PID=1646) to work on /home/airflow/.local/lib/python3.8/site-packages/airflow/example_dags/tutorial.py
[2023-11-20T19:36:44.672+0000] {processor.py:829} INFO - Processing file /home/airflow/.local/lib/python3.8/site-packages/airflow/example_dags/tutorial.py for tasks to queue
[2023-11-20T19:36:44.674+0000] {logging_mixin.py:151} INFO - [2023-11-20T19:36:44.674+0000] {dagbag.py:536} INFO - Filling up the DagBag from /home/airflow/.local/lib/python3.8/site-packages/airflow/example_dags/tutorial.py
[2023-11-20T19:36:44.702+0000] {processor.py:839} INFO - DAG(s) dict_keys(['tutorial']) retrieved from /home/airflow/.local/lib/python3.8/site-packages/airflow/example_dags/tutorial.py
[2023-11-20T19:36:44.757+0000] {logging_mixin.py:151} INFO - [2023-11-20T19:36:44.756+0000] {dag.py:2941} INFO - Sync 1 DAGs
[2023-11-20T19:36:44.900+0000] {logging_mixin.py:151} INFO - [2023-11-20T19:36:44.900+0000] {dag.py:3722} INFO - Setting next_dagrun for tutorial to 2023-11-19T19:36:44.899162+00:00, run_after=2023-11-20T19:36:44.899162+00:00
[2023-11-20T19:36:45.017+0000] {processor.py:179} INFO - Processing /home/airflow/.local/lib/python3.8/site-packages/airflow/example_dags/tutorial.py took 0.356 seconds
[2023-11-20T19:37:32.717+0000] {processor.py:157} INFO - Started process (PID=1707) to work on /home/airflow/.local/lib/python3.8/site-packages/airflow/example_dags/tutorial.py
[2023-11-20T19:37:32.722+0000] {processor.py:829} INFO - Processing file /home/airflow/.local/lib/python3.8/site-packages/airflow/example_dags/tutorial.py for tasks to queue
[2023-11-20T19:37:32.730+0000] {logging_mixin.py:151} INFO - [2023-11-20T19:37:32.729+0000] {dagbag.py:536} INFO - Filling up the DagBag from /home/airflow/.local/lib/python3.8/site-packages/airflow/example_dags/tutorial.py
[2023-11-20T19:37:32.762+0000] {processor.py:839} INFO - DAG(s) dict_keys(['tutorial']) retrieved from /home/airflow/.local/lib/python3.8/site-packages/airflow/example_dags/tutorial.py
[2023-11-20T19:37:32.919+0000] {logging_mixin.py:151} INFO - [2023-11-20T19:37:32.918+0000] {dag.py:2941} INFO - Sync 1 DAGs
[2023-11-20T19:37:32.991+0000] {logging_mixin.py:151} INFO - [2023-11-20T19:37:32.991+0000] {dag.py:3722} INFO - Setting next_dagrun for tutorial to 2023-11-19T19:37:32.990576+00:00, run_after=2023-11-20T19:37:32.990576+00:00
[2023-11-20T19:37:33.076+0000] {processor.py:179} INFO - Processing /home/airflow/.local/lib/python3.8/site-packages/airflow/example_dags/tutorial.py took 0.367 seconds
[2023-11-20T19:38:21.000+0000] {processor.py:157} INFO - Started process (PID=1783) to work on /home/airflow/.local/lib/python3.8/site-packages/airflow/example_dags/tutorial.py
[2023-11-20T19:38:21.006+0000] {processor.py:829} INFO - Processing file /home/airflow/.local/lib/python3.8/site-packages/airflow/example_dags/tutorial.py for tasks to queue
[2023-11-20T19:38:21.007+0000] {logging_mixin.py:151} INFO - [2023-11-20T19:38:21.007+0000] {dagbag.py:536} INFO - Filling up the DagBag from /home/airflow/.local/lib/python3.8/site-packages/airflow/example_dags/tutorial.py
[2023-11-20T19:38:21.024+0000] {processor.py:839} INFO - DAG(s) dict_keys(['tutorial']) retrieved from /home/airflow/.local/lib/python3.8/site-packages/airflow/example_dags/tutorial.py
[2023-11-20T19:38:21.060+0000] {logging_mixin.py:151} INFO - [2023-11-20T19:38:21.060+0000] {dag.py:2941} INFO - Sync 1 DAGs
[2023-11-20T19:38:21.095+0000] {logging_mixin.py:151} INFO - [2023-11-20T19:38:21.095+0000] {dag.py:3722} INFO - Setting next_dagrun for tutorial to 2023-11-19T19:38:21.095016+00:00, run_after=2023-11-20T19:38:21.095016+00:00
[2023-11-20T19:38:21.132+0000] {processor.py:179} INFO - Processing /home/airflow/.local/lib/python3.8/site-packages/airflow/example_dags/tutorial.py took 0.137 seconds
[2023-11-20T19:38:52.024+0000] {processor.py:157} INFO - Started process (PID=1843) to work on /home/airflow/.local/lib/python3.8/site-packages/airflow/example_dags/tutorial.py
[2023-11-20T19:38:52.027+0000] {processor.py:829} INFO - Processing file /home/airflow/.local/lib/python3.8/site-packages/airflow/example_dags/tutorial.py for tasks to queue
[2023-11-20T19:38:52.029+0000] {logging_mixin.py:151} INFO - [2023-11-20T19:38:52.028+0000] {dagbag.py:536} INFO - Filling up the DagBag from /home/airflow/.local/lib/python3.8/site-packages/airflow/example_dags/tutorial.py
[2023-11-20T19:38:52.048+0000] {processor.py:839} INFO - DAG(s) dict_keys(['tutorial']) retrieved from /home/airflow/.local/lib/python3.8/site-packages/airflow/example_dags/tutorial.py
[2023-11-20T19:38:52.089+0000] {logging_mixin.py:151} INFO - [2023-11-20T19:38:52.088+0000] {dag.py:2941} INFO - Sync 1 DAGs
[2023-11-20T19:38:52.129+0000] {logging_mixin.py:151} INFO - [2023-11-20T19:38:52.129+0000] {dag.py:3722} INFO - Setting next_dagrun for tutorial to 2023-11-19T19:38:52.128862+00:00, run_after=2023-11-20T19:38:52.128862+00:00
[2023-11-20T19:38:52.173+0000] {processor.py:179} INFO - Processing /home/airflow/.local/lib/python3.8/site-packages/airflow/example_dags/tutorial.py took 0.155 seconds
[2023-11-20T19:39:26.945+0000] {processor.py:157} INFO - Started process (PID=1907) to work on /home/airflow/.local/lib/python3.8/site-packages/airflow/example_dags/tutorial.py
[2023-11-20T19:39:26.947+0000] {processor.py:829} INFO - Processing file /home/airflow/.local/lib/python3.8/site-packages/airflow/example_dags/tutorial.py for tasks to queue
[2023-11-20T19:39:26.949+0000] {logging_mixin.py:151} INFO - [2023-11-20T19:39:26.948+0000] {dagbag.py:536} INFO - Filling up the DagBag from /home/airflow/.local/lib/python3.8/site-packages/airflow/example_dags/tutorial.py
[2023-11-20T19:39:26.962+0000] {processor.py:839} INFO - DAG(s) dict_keys(['tutorial']) retrieved from /home/airflow/.local/lib/python3.8/site-packages/airflow/example_dags/tutorial.py
[2023-11-20T19:39:27.014+0000] {logging_mixin.py:151} INFO - [2023-11-20T19:39:27.013+0000] {dag.py:2941} INFO - Sync 1 DAGs
[2023-11-20T19:39:27.061+0000] {logging_mixin.py:151} INFO - [2023-11-20T19:39:27.061+0000] {dag.py:3722} INFO - Setting next_dagrun for tutorial to 2023-11-19T19:39:27.061166+00:00, run_after=2023-11-20T19:39:27.061166+00:00
[2023-11-20T19:39:27.095+0000] {processor.py:179} INFO - Processing /home/airflow/.local/lib/python3.8/site-packages/airflow/example_dags/tutorial.py took 0.164 seconds
[2023-11-20T19:40:07.426+0000] {processor.py:157} INFO - Started process (PID=1969) to work on /home/airflow/.local/lib/python3.8/site-packages/airflow/example_dags/tutorial.py
[2023-11-20T19:40:07.428+0000] {processor.py:829} INFO - Processing file /home/airflow/.local/lib/python3.8/site-packages/airflow/example_dags/tutorial.py for tasks to queue
[2023-11-20T19:40:07.431+0000] {logging_mixin.py:151} INFO - [2023-11-20T19:40:07.430+0000] {dagbag.py:536} INFO - Filling up the DagBag from /home/airflow/.local/lib/python3.8/site-packages/airflow/example_dags/tutorial.py
[2023-11-20T19:40:07.454+0000] {processor.py:839} INFO - DAG(s) dict_keys(['tutorial']) retrieved from /home/airflow/.local/lib/python3.8/site-packages/airflow/example_dags/tutorial.py
[2023-11-20T19:40:07.524+0000] {logging_mixin.py:151} INFO - [2023-11-20T19:40:07.524+0000] {dag.py:2941} INFO - Sync 1 DAGs
[2023-11-20T19:40:07.600+0000] {logging_mixin.py:151} INFO - [2023-11-20T19:40:07.600+0000] {dag.py:3722} INFO - Setting next_dagrun for tutorial to 2023-11-19T19:40:07.599822+00:00, run_after=2023-11-20T19:40:07.599822+00:00
[2023-11-20T19:40:07.649+0000] {processor.py:179} INFO - Processing /home/airflow/.local/lib/python3.8/site-packages/airflow/example_dags/tutorial.py took 0.231 seconds
[2023-11-20T19:40:43.106+0000] {processor.py:157} INFO - Started process (PID=2028) to work on /home/airflow/.local/lib/python3.8/site-packages/airflow/example_dags/tutorial.py
[2023-11-20T19:40:43.111+0000] {processor.py:829} INFO - Processing file /home/airflow/.local/lib/python3.8/site-packages/airflow/example_dags/tutorial.py for tasks to queue
[2023-11-20T19:40:43.114+0000] {logging_mixin.py:151} INFO - [2023-11-20T19:40:43.112+0000] {dagbag.py:536} INFO - Filling up the DagBag from /home/airflow/.local/lib/python3.8/site-packages/airflow/example_dags/tutorial.py
[2023-11-20T19:40:43.135+0000] {processor.py:839} INFO - DAG(s) dict_keys(['tutorial']) retrieved from /home/airflow/.local/lib/python3.8/site-packages/airflow/example_dags/tutorial.py
[2023-11-20T19:40:43.238+0000] {logging_mixin.py:151} INFO - [2023-11-20T19:40:43.237+0000] {dag.py:2941} INFO - Sync 1 DAGs
[2023-11-20T19:40:43.412+0000] {logging_mixin.py:151} INFO - [2023-11-20T19:40:43.411+0000] {dag.py:3722} INFO - Setting next_dagrun for tutorial to 2023-11-19T19:40:43.409311+00:00, run_after=2023-11-20T19:40:43.409311+00:00
[2023-11-20T19:40:43.516+0000] {processor.py:179} INFO - Processing /home/airflow/.local/lib/python3.8/site-packages/airflow/example_dags/tutorial.py took 0.427 seconds
