[2023-11-24T14:01:56.094+0000] {taskinstance.py:1159} INFO - Dependencies all met for dep_context=non-requeueable deps ti=<TaskInstance: Projet1.Extract manual__2023-11-24T14:01:53.156723+00:00 [queued]>
[2023-11-24T14:01:56.105+0000] {taskinstance.py:1159} INFO - Dependencies all met for dep_context=requeueable deps ti=<TaskInstance: Projet1.Extract manual__2023-11-24T14:01:53.156723+00:00 [queued]>
[2023-11-24T14:01:56.106+0000] {taskinstance.py:1361} INFO - Starting attempt 1 of 2
[2023-11-24T14:01:56.120+0000] {taskinstance.py:1382} INFO - Executing <Task(PythonOperator): Extract> on 2023-11-24 14:01:53.156723+00:00
[2023-11-24T14:01:56.128+0000] {standard_task_runner.py:57} INFO - Started process 4164 to run task
[2023-11-24T14:01:56.134+0000] {standard_task_runner.py:84} INFO - Running: ['***', 'tasks', 'run', 'Projet1', 'Extract', 'manual__2023-11-24T14:01:53.156723+00:00', '--job-id', '859', '--raw', '--subdir', 'DAGS_FOLDER/Projet.py', '--cfg-path', '/tmp/tmpm73okjjx']
[2023-11-24T14:01:56.136+0000] {standard_task_runner.py:85} INFO - Job 859: Subtask Extract
[2023-11-24T14:01:56.224+0000] {task_command.py:416} INFO - Running <TaskInstance: Projet1.Extract manual__2023-11-24T14:01:53.156723+00:00 [running]> on host b36ebcee5948
[2023-11-24T14:01:56.372+0000] {taskinstance.py:1662} INFO - Exporting env vars: AIRFLOW_CTX_DAG_OWNER='***' AIRFLOW_CTX_DAG_ID='Projet1' AIRFLOW_CTX_TASK_ID='Extract' AIRFLOW_CTX_EXECUTION_DATE='2023-11-24T14:01:53.156723+00:00' AIRFLOW_CTX_TRY_NUMBER='1' AIRFLOW_CTX_DAG_RUN_ID='manual__2023-11-24T14:01:53.156723+00:00'
[2023-11-24T14:01:56.682+0000] {warnings.py:109} WARNING - /opt/***/dags/Projet.py:34: DtypeWarning: Columns (0) have mixed types. Specify dtype option on import or set low_memory=False.
  df_urgences = pd.read_csv(csv_file_path_urgences, delimiter=';')

[2023-11-24T14:01:57.197+0000] {logging_mixin.py:151} INFO - Index(['code_age', 'agess'], dtype='object')
[2023-11-24T14:01:57.198+0000] {logging_mixin.py:151} INFO - Une erreur s'est produite lors de l'extraction des données Age : 'DataFrame' object has no attribute 'append'
[2023-11-24T14:01:57.210+0000] {base.py:73} INFO - Using connection ID 'postgres_connexion' for task execution.
[2023-11-24T14:01:57.469+0000] {base.py:73} INFO - Using connection ID 'postgres_connexion' for task execution.
[2023-11-24T14:01:57.569+0000] {base.py:73} INFO - Using connection ID 'postgres_connexion' for task execution.
[2023-11-24T14:02:19.351+0000] {logging_mixin.py:151} INFO - ########################################################################
[2023-11-24T14:02:19.353+0000] {logging_mixin.py:151} INFO - #                                                                      #
[2023-11-24T14:02:19.354+0000] {logging_mixin.py:151} INFO - #   ce dessous est la visualisation du contenu de la table Urgences :  #
[2023-11-24T14:02:19.354+0000] {logging_mixin.py:151} INFO - #                                                                      #
[2023-11-24T14:02:19.355+0000] {logging_mixin.py:151} INFO - ########################################################################
[2023-11-24T14:02:19.374+0000] {base.py:73} INFO - Using connection ID 'postgres_connexion' for task execution.
[2023-11-24T14:02:19.441+0000] {warnings.py:109} WARNING - /home/***/.local/lib/python3.8/site-packages/***/providers/common/sql/hooks/sql.py:219: UserWarning: pandas only supports SQLAlchemy connectable (engine/connection) or database string URI or sqlite3 DBAPI2 connection. Other DBAPI2 objects are not tested. Please consider using SQLAlchemy.
  return psql.read_sql(sql, con=conn, params=parameters, **kwargs)

[2023-11-24T14:02:19.547+0000] {logging_mixin.py:151} INFO -         h      f    dep
0   382.0  427.0    0.0
1   277.0  346.0    1.0
2   137.0  115.0   10.0
3   164.0  174.0   11.0
4    71.0   47.0   12.0
..    ...    ...    ...
95  293.0  284.0  971.0
96  218.0  225.0  972.0
97  121.0  174.0  973.0
98  453.0  512.0  974.0
99    6.0    6.0  976.0

[100 rows x 3 columns]
[2023-11-24T14:02:19.548+0000] {logging_mixin.py:151} INFO - ========================
[2023-11-24T14:02:20.153+0000] {category.py:223} INFO - Using categorical units to plot a list of strings that are all parsable as floats or dates. If these strings should be plotted as numbers, cast to the appropriate data type before plotting.
[2023-11-24T14:02:20.156+0000] {category.py:223} INFO - Using categorical units to plot a list of strings that are all parsable as floats or dates. If these strings should be plotted as numbers, cast to the appropriate data type before plotting.
[2023-11-24T14:02:20.176+0000] {category.py:223} INFO - Using categorical units to plot a list of strings that are all parsable as floats or dates. If these strings should be plotted as numbers, cast to the appropriate data type before plotting.
[2023-11-24T14:02:20.179+0000] {category.py:223} INFO - Using categorical units to plot a list of strings that are all parsable as floats or dates. If these strings should be plotted as numbers, cast to the appropriate data type before plotting.
[2023-11-24T14:02:20.180+0000] {category.py:223} INFO - Using categorical units to plot a list of strings that are all parsable as floats or dates. If these strings should be plotted as numbers, cast to the appropriate data type before plotting.
[2023-11-24T14:02:20.182+0000] {category.py:223} INFO - Using categorical units to plot a list of strings that are all parsable as floats or dates. If these strings should be plotted as numbers, cast to the appropriate data type before plotting.
[2023-11-24T14:02:20.190+0000] {python.py:194} INFO - Done. Returned value was: None
[2023-11-24T14:02:20.203+0000] {taskinstance.py:1400} INFO - Marking task as SUCCESS. dag_id=Projet1, task_id=Extract, execution_date=20231124T140153, start_date=20231124T140156, end_date=20231124T140220
[2023-11-24T14:02:20.260+0000] {local_task_job_runner.py:228} INFO - Task exited with return code 0
[2023-11-24T14:02:20.311+0000] {taskinstance.py:2778} INFO - 0 downstream tasks scheduled from follow-on schedule check
