[2023-11-09T11:20:04.973+0000] {taskinstance.py:1159} INFO - Dependencies all met for dep_context=non-requeueable deps ti=<TaskInstance: essai.t2 manual__2023-11-09T11:10:32.613246+00:00 [None]>
[2023-11-09T11:20:04.988+0000] {taskinstance.py:1159} INFO - Dependencies all met for dep_context=requeueable deps ti=<TaskInstance: essai.t2 manual__2023-11-09T11:10:32.613246+00:00 [None]>
[2023-11-09T11:20:04.988+0000] {taskinstance.py:1361} INFO - Starting attempt 3 of 4
[2023-11-09T11:20:05.010+0000] {taskinstance.py:1382} INFO - Executing <Task(_PythonDecoratedOperator): t2> on 2023-11-09 11:10:32.613246+00:00
[2023-11-09T11:20:05.018+0000] {standard_task_runner.py:57} INFO - Started process 7765 to run task
[2023-11-09T11:20:05.021+0000] {standard_task_runner.py:84} INFO - Running: ['***', 'tasks', 'run', 'essai', 't2', 'manual__2023-11-09T11:10:32.613246+00:00', '--job-id', '16', '--raw', '--subdir', 'DAGS_FOLDER/Part1.py', '--cfg-path', '/tmp/tmp0jg8bgp0']
[2023-11-09T11:20:05.023+0000] {standard_task_runner.py:85} INFO - Job 16: Subtask t2
[2023-11-09T11:20:05.083+0000] {task_command.py:416} INFO - Running <TaskInstance: essai.t2 manual__2023-11-09T11:10:32.613246+00:00 [running]> on host fb26c01043df
[2023-11-09T11:20:05.186+0000] {taskinstance.py:1662} INFO - Exporting env vars: AIRFLOW_CTX_DAG_EMAIL='***@example.com' AIRFLOW_CTX_DAG_OWNER='***' AIRFLOW_CTX_DAG_ID='essai' AIRFLOW_CTX_TASK_ID='t2' AIRFLOW_CTX_EXECUTION_DATE='2023-11-09T11:10:32.613246+00:00' AIRFLOW_CTX_TRY_NUMBER='3' AIRFLOW_CTX_DAG_RUN_ID='manual__2023-11-09T11:10:32.613246+00:00'
[2023-11-09T11:20:05.191+0000] {taskinstance.py:1937} ERROR - Task failed with exception
Traceback (most recent call last):
  File "/home/airflow/.local/lib/python3.8/site-packages/airflow/decorators/base.py", line 221, in execute
    return_value = super().execute(context)
  File "/home/airflow/.local/lib/python3.8/site-packages/airflow/operators/python.py", line 192, in execute
    return_value = self.execute_callable()
  File "/home/airflow/.local/lib/python3.8/site-packages/airflow/operators/python.py", line 209, in execute_callable
    return self.python_callable(*self.op_args, **self.op_kwargs)
  File "/opt/airflow/dags/Part1.py", line 19, in data_transform
    data = pd.read_csv('${AIRFLOW_HOME}/data/valeurs_foncieres.txt', delimiter='|')
  File "/home/airflow/.local/lib/python3.8/site-packages/pandas/io/parsers/readers.py", line 912, in read_csv
    return _read(filepath_or_buffer, kwds)
  File "/home/airflow/.local/lib/python3.8/site-packages/pandas/io/parsers/readers.py", line 577, in _read
    parser = TextFileReader(filepath_or_buffer, **kwds)
  File "/home/airflow/.local/lib/python3.8/site-packages/pandas/io/parsers/readers.py", line 1407, in __init__
    self._engine = self._make_engine(f, self.engine)
  File "/home/airflow/.local/lib/python3.8/site-packages/pandas/io/parsers/readers.py", line 1661, in _make_engine
    self.handles = get_handle(
  File "/home/airflow/.local/lib/python3.8/site-packages/pandas/io/common.py", line 859, in get_handle
    handle = open(
FileNotFoundError: [Errno 2] No such file or directory: '${AIRFLOW_HOME}/data/valeurs_foncieres.txt'
[2023-11-09T11:20:05.203+0000] {taskinstance.py:1400} INFO - Marking task as UP_FOR_RETRY. dag_id=essai, task_id=t2, execution_date=20231109T111032, start_date=20231109T112004, end_date=20231109T112005
[2023-11-09T11:20:05.217+0000] {standard_task_runner.py:104} ERROR - Failed to execute job 16 for task t2 ([Errno 2] No such file or directory: '${AIRFLOW_HOME}/data/valeurs_foncieres.txt'; 7765)
[2023-11-09T11:20:05.235+0000] {local_task_job_runner.py:228} INFO - Task exited with return code 1
[2023-11-09T11:20:05.253+0000] {taskinstance.py:2778} INFO - 0 downstream tasks scheduled from follow-on schedule check
