[2023-11-15T16:45:18.825+0000] {taskinstance.py:1159} INFO - Dependencies all met for dep_context=non-requeueable deps ti=<TaskInstance: Projet1.Extract manual__2023-11-15T16:45:16.730237+00:00 [queued]>
[2023-11-15T16:45:18.834+0000] {taskinstance.py:1159} INFO - Dependencies all met for dep_context=requeueable deps ti=<TaskInstance: Projet1.Extract manual__2023-11-15T16:45:16.730237+00:00 [queued]>
[2023-11-15T16:45:18.835+0000] {taskinstance.py:1361} INFO - Starting attempt 1 of 1
[2023-11-15T16:45:18.849+0000] {taskinstance.py:1382} INFO - Executing <Task(PythonOperator): Extract> on 2023-11-15 16:45:16.730237+00:00
[2023-11-15T16:45:18.855+0000] {standard_task_runner.py:57} INFO - Started process 54096 to run task
[2023-11-15T16:45:18.859+0000] {standard_task_runner.py:84} INFO - Running: ['***', 'tasks', 'run', 'Projet1', 'Extract', 'manual__2023-11-15T16:45:16.730237+00:00', '--job-id', '190', '--raw', '--subdir', 'DAGS_FOLDER/Projet.py', '--cfg-path', '/tmp/tmpg4v27axw']
[2023-11-15T16:45:18.861+0000] {standard_task_runner.py:85} INFO - Job 190: Subtask Extract
[2023-11-15T16:45:18.917+0000] {task_command.py:416} INFO - Running <TaskInstance: Projet1.Extract manual__2023-11-15T16:45:16.730237+00:00 [running]> on host fb26c01043df
[2023-11-15T16:45:19.097+0000] {taskinstance.py:1662} INFO - Exporting env vars: AIRFLOW_CTX_DAG_OWNER='***' AIRFLOW_CTX_DAG_ID='Projet1' AIRFLOW_CTX_TASK_ID='Extract' AIRFLOW_CTX_EXECUTION_DATE='2023-11-15T16:45:16.730237+00:00' AIRFLOW_CTX_TRY_NUMBER='1' AIRFLOW_CTX_DAG_RUN_ID='manual__2023-11-15T16:45:16.730237+00:00'
[2023-11-15T16:45:19.469+0000] {logging_mixin.py:151} INFO -   Code tranches d'age             Age
0                   0       tous âges
1                   1         0-4 ans
2                   2        5-14 ans
3                   3       15-44 ans
4                   4       45-64 ans
5                   5       65-74 ans
6                   6  75 ans ou plus
[2023-11-15T16:45:19.765+0000] {logging_mixin.py:151} INFO - khchkfchjbmklhnùlkhl===================
[2023-11-15T16:45:19.770+0000] {logging_mixin.py:151} INFO - 0          01
1          01
2          01
3          01
4          01
         ... 
214216    976
214217    976
214218    976
214219    976
214220    976
Name: dep, Length: 214221, dtype: object
[2023-11-15T16:45:19.771+0000] {logging_mixin.py:151} INFO - khchkfchjbmklhnùlkhl===================
[2023-11-15T16:45:22.808+0000] {taskinstance.py:1937} ERROR - Task failed with exception
Traceback (most recent call last):
  File "/home/airflow/.local/lib/python3.8/site-packages/airflow/operators/python.py", line 192, in execute
    return_value = self.execute_callable()
  File "/home/airflow/.local/lib/python3.8/site-packages/airflow/operators/python.py", line 209, in execute_callable
    return self.python_callable(*self.op_args, **self.op_kwargs)
  File "/opt/airflow/dags/Projet.py", line 38, in extract_data
    df_urgences[columns_to_convert] = df_urgences[columns_to_convert].fillna()
  File "/home/airflow/.local/lib/python3.8/site-packages/pandas/core/frame.py", line 5493, in fillna
    return super().fillna(
  File "/home/airflow/.local/lib/python3.8/site-packages/pandas/core/generic.py", line 6859, in fillna
    value, method = validate_fillna_kwargs(value, method)
  File "/home/airflow/.local/lib/python3.8/site-packages/pandas/util/_validators.py", line 288, in validate_fillna_kwargs
    raise ValueError("Must specify a fill 'value' or 'method'.")
ValueError: Must specify a fill 'value' or 'method'.
[2023-11-15T16:45:23.019+0000] {taskinstance.py:1400} INFO - Marking task as FAILED. dag_id=Projet1, task_id=Extract, execution_date=20231115T164516, start_date=20231115T164518, end_date=20231115T164523
[2023-11-15T16:45:23.169+0000] {standard_task_runner.py:104} ERROR - Failed to execute job 190 for task Extract (Must specify a fill 'value' or 'method'.; 54096)
[2023-11-15T16:45:23.431+0000] {local_task_job_runner.py:228} INFO - Task exited with return code 1
[2023-11-15T16:45:23.536+0000] {taskinstance.py:2778} INFO - 0 downstream tasks scheduled from follow-on schedule check
