[2023-11-11T21:46:02.240+0000] {taskinstance.py:1159} INFO - Dependencies all met for dep_context=non-requeueable deps ti=<TaskInstance: A.Extract manual__2023-11-11T21:46:00.094884+00:00 [queued]>
[2023-11-11T21:46:02.252+0000] {taskinstance.py:1159} INFO - Dependencies all met for dep_context=requeueable deps ti=<TaskInstance: A.Extract manual__2023-11-11T21:46:00.094884+00:00 [queued]>
[2023-11-11T21:46:02.253+0000] {taskinstance.py:1361} INFO - Starting attempt 1 of 1
[2023-11-11T21:46:02.283+0000] {taskinstance.py:1382} INFO - Executing <Task(BashOperator): Extract> on 2023-11-11 21:46:00.094884+00:00
[2023-11-11T21:46:02.290+0000] {standard_task_runner.py:57} INFO - Started process 26980 to run task
[2023-11-11T21:46:02.295+0000] {standard_task_runner.py:84} INFO - Running: ['***', 'tasks', 'run', 'A', 'Extract', 'manual__2023-11-11T21:46:00.094884+00:00', '--job-id', '85', '--raw', '--subdir', 'DAGS_FOLDER/Projet.py', '--cfg-path', '/tmp/tmp_e183e4j']
[2023-11-11T21:46:02.298+0000] {standard_task_runner.py:85} INFO - Job 85: Subtask Extract
[2023-11-11T21:46:02.372+0000] {task_command.py:416} INFO - Running <TaskInstance: A.Extract manual__2023-11-11T21:46:00.094884+00:00 [running]> on host fb26c01043df
[2023-11-11T21:46:02.456+0000] {taskinstance.py:1662} INFO - Exporting env vars: AIRFLOW_CTX_DAG_OWNER='***' AIRFLOW_CTX_DAG_ID='A' AIRFLOW_CTX_TASK_ID='Extract' AIRFLOW_CTX_EXECUTION_DATE='2023-11-11T21:46:00.094884+00:00' AIRFLOW_CTX_TRY_NUMBER='1' AIRFLOW_CTX_DAG_RUN_ID='manual__2023-11-11T21:46:00.094884+00:00'
[2023-11-11T21:46:02.461+0000] {subprocess.py:63} INFO - Tmp dir root location: /tmp
[2023-11-11T21:46:02.481+0000] {subprocess.py:75} INFO - Running command: ['/bin/bash', '-c', 'curl --keepalive-time 6000 -o ${AIRFLOW_HOME}/data/valeurs_foncieres.csv file:///Users/celinahamzaoui/Desktop/Cours_Sup_de_vinci/Datawarehouse/TP3/TP_Airflow/data/code-tranches-dage-donnees-urgences.csv']
[2023-11-11T21:46:02.500+0000] {subprocess.py:86} INFO - Output:
[2023-11-11T21:46:02.515+0000] {subprocess.py:93} INFO - curl: (37) Couldn't open file /Users/celinahamzaoui/Desktop/Cours_Sup_de_vinci/Datawarehouse/TP3/TP_Airflow/data/code-tranches-dage-donnees-urgences.csv
[2023-11-11T21:46:02.516+0000] {subprocess.py:97} INFO - Command exited with return code 37
[2023-11-11T21:46:02.530+0000] {taskinstance.py:1937} ERROR - Task failed with exception
Traceback (most recent call last):
  File "/home/airflow/.local/lib/python3.8/site-packages/airflow/operators/bash.py", line 210, in execute
    raise AirflowException(
airflow.exceptions.AirflowException: Bash command failed. The command returned a non-zero exit code 37.
[2023-11-11T21:46:02.534+0000] {taskinstance.py:1400} INFO - Marking task as FAILED. dag_id=A, task_id=Extract, execution_date=20231111T214600, start_date=20231111T214602, end_date=20231111T214602
[2023-11-11T21:46:02.547+0000] {standard_task_runner.py:104} ERROR - Failed to execute job 85 for task Extract (Bash command failed. The command returned a non-zero exit code 37.; 26980)
[2023-11-11T21:46:02.590+0000] {local_task_job_runner.py:228} INFO - Task exited with return code 1
[2023-11-11T21:46:02.612+0000] {taskinstance.py:2778} INFO - 0 downstream tasks scheduled from follow-on schedule check
