[2023-11-19T21:35:48.524+0000] {taskinstance.py:1159} INFO - Dependencies all met for dep_context=non-requeueable deps ti=<TaskInstance: Projet1.create_table manual__2023-11-19T21:35:45.173311+00:00 [queued]>
[2023-11-19T21:35:48.535+0000] {taskinstance.py:1159} INFO - Dependencies all met for dep_context=requeueable deps ti=<TaskInstance: Projet1.create_table manual__2023-11-19T21:35:45.173311+00:00 [queued]>
[2023-11-19T21:35:48.536+0000] {taskinstance.py:1361} INFO - Starting attempt 1 of 1
[2023-11-19T21:35:48.550+0000] {taskinstance.py:1382} INFO - Executing <Task(PostgresOperator): create_table> on 2023-11-19 21:35:45.173311+00:00
[2023-11-19T21:35:48.557+0000] {standard_task_runner.py:57} INFO - Started process 2077 to run task
[2023-11-19T21:35:48.560+0000] {standard_task_runner.py:84} INFO - Running: ['***', 'tasks', 'run', 'Projet1', 'create_table', 'manual__2023-11-19T21:35:45.173311+00:00', '--job-id', '305', '--raw', '--subdir', 'DAGS_FOLDER/Projet.py', '--cfg-path', '/tmp/tmpiiuznxik']
[2023-11-19T21:35:48.562+0000] {standard_task_runner.py:85} INFO - Job 305: Subtask create_table
[2023-11-19T21:35:48.615+0000] {task_command.py:416} INFO - Running <TaskInstance: Projet1.create_table manual__2023-11-19T21:35:45.173311+00:00 [running]> on host b36ebcee5948
[2023-11-19T21:35:48.698+0000] {taskinstance.py:1662} INFO - Exporting env vars: AIRFLOW_CTX_DAG_OWNER='***' AIRFLOW_CTX_DAG_ID='Projet1' AIRFLOW_CTX_TASK_ID='create_table' AIRFLOW_CTX_EXECUTION_DATE='2023-11-19T21:35:45.173311+00:00' AIRFLOW_CTX_TRY_NUMBER='1' AIRFLOW_CTX_DAG_RUN_ID='manual__2023-11-19T21:35:45.173311+00:00'
[2023-11-19T21:35:48.701+0000] {sql.py:274} INFO - Executing: CREATE TABLE IF NOT EXISTS "Urgences"(
    dep VARCHAR(255),
    sursaud_cl_age_corona FLOAT, 
    nbre_pass_corona FLOAT, 
    nbre_pass_tot FLOAT, 
    nbre_hospit_corona FLOAT,
    nbre_pass_corona_h FLOAT, 
    nbre_pass_corona_f FLOAT, 
    nbre_pass_tot_h FLOAT, 
    nbre_pass_tot_f FLOAT,
    nbre_hospit_corona_h FLOAT, 
    nbre_hospit_corona_f FLOAT, 
    nbre_acte_corona FLOAT, 
    nbre_acte_tot FLOAT,
    nbre_acte_corona_h FLOAT, 
    nbre_acte_corona_f FLOAT, 
    nbre_acte_tot_h FLOAT, 
    nbre_acte_tot_f FLOAT
);

  CREATE TABLE IF NOT EXISTS "Departements"
(
    num_dep VARCHAR(255),
    dep_name VARCHAR(255),
    region_name  VARCHAR(255)
);

CREATE TABLE IF NOT EXISTS "Age"
(
   code_age VARCHAR(255),
   age VARCHAR(255)
);

SELECT *
FROM "Urgences"
INNER JOIN "Departements" ON "Urgences".dep = "Departements".num_dep;
[2023-11-19T21:35:48.710+0000] {base.py:73} INFO - Using connection ID 'postgres_connexion' for task execution.
[2023-11-19T21:35:48.718+0000] {base.py:73} INFO - Using connection ID 'postgres_connexion' for task execution.
[2023-11-19T21:35:48.744+0000] {sql.py:418} INFO - Running statement: CREATE TABLE IF NOT EXISTS "Urgences"(
    dep VARCHAR(255),
    sursaud_cl_age_corona FLOAT, 
    nbre_pass_corona FLOAT, 
    nbre_pass_tot FLOAT, 
    nbre_hospit_corona FLOAT,
    nbre_pass_corona_h FLOAT, 
    nbre_pass_corona_f FLOAT, 
    nbre_pass_tot_h FLOAT, 
    nbre_pass_tot_f FLOAT,
    nbre_hospit_corona_h FLOAT, 
    nbre_hospit_corona_f FLOAT, 
    nbre_acte_corona FLOAT, 
    nbre_acte_tot FLOAT,
    nbre_acte_corona_h FLOAT, 
    nbre_acte_corona_f FLOAT, 
    nbre_acte_tot_h FLOAT, 
    nbre_acte_tot_f FLOAT
);

  CREATE TABLE IF NOT EXISTS "Departements"
(
    num_dep VARCHAR(255),
    dep_name VARCHAR(255),
    region_name  VARCHAR(255)
);

CREATE TABLE IF NOT EXISTS "Age"
(
   code_age VARCHAR(255),
   age VARCHAR(255)
);

SELECT *
FROM "Urgences"
INNER JOIN "Departements" ON "Urgences".dep = "Departements".num_dep;, parameters: None
[2023-11-19T21:35:48.751+0000] {taskinstance.py:1937} ERROR - Task failed with exception
Traceback (most recent call last):
  File "/home/airflow/.local/lib/python3.8/site-packages/airflow/providers/common/sql/operators/sql.py", line 280, in execute
    output = hook.run(
  File "/home/airflow/.local/lib/python3.8/site-packages/airflow/providers/common/sql/hooks/sql.py", line 392, in run
    self._run_command(cur, sql_statement, parameters)
  File "/home/airflow/.local/lib/python3.8/site-packages/airflow/providers/common/sql/hooks/sql.py", line 423, in _run_command
    cur.execute(sql_statement)
psycopg2.errors.UndefinedFunction: operator does not exist: double precision = text
LINE 36: INNER JOIN "Departements" ON "Urgences".dep = "Departements"...
                                                     ^
HINT:  No operator matches the given name and argument types. You might need to add explicit type casts.

[2023-11-19T21:35:48.762+0000] {taskinstance.py:1400} INFO - Marking task as FAILED. dag_id=Projet1, task_id=create_table, execution_date=20231119T213545, start_date=20231119T213548, end_date=20231119T213548
[2023-11-19T21:35:48.783+0000] {standard_task_runner.py:104} ERROR - Failed to execute job 305 for task create_table (operator does not exist: double precision = text
LINE 36: INNER JOIN "Departements" ON "Urgences".dep = "Departements"...
                                                     ^
HINT:  No operator matches the given name and argument types. You might need to add explicit type casts.
; 2077)
[2023-11-19T21:35:48.815+0000] {local_task_job_runner.py:228} INFO - Task exited with return code 1
[2023-11-19T21:35:48.840+0000] {taskinstance.py:2778} INFO - 0 downstream tasks scheduled from follow-on schedule check
