[2023-11-09T12:35:30.979+0000] {taskinstance.py:1159} INFO - Dependencies all met for dep_context=non-requeueable deps ti=<TaskInstance: essai.t2 manual__2023-11-09T11:46:14.588619+00:00 [queued]>
[2023-11-09T12:35:31.003+0000] {taskinstance.py:1159} INFO - Dependencies all met for dep_context=requeueable deps ti=<TaskInstance: essai.t2 manual__2023-11-09T11:46:14.588619+00:00 [queued]>
[2023-11-09T12:35:31.004+0000] {taskinstance.py:1361} INFO - Starting attempt 2 of 2
[2023-11-09T12:35:31.031+0000] {taskinstance.py:1382} INFO - Executing <Task(_PythonDecoratedOperator): t2> on 2023-11-09 11:46:14.588619+00:00
[2023-11-09T12:35:31.045+0000] {standard_task_runner.py:57} INFO - Started process 8192 to run task
[2023-11-09T12:35:31.059+0000] {standard_task_runner.py:84} INFO - Running: ['***', 'tasks', 'run', 'essai', 't2', 'manual__2023-11-09T11:46:14.588619+00:00', '--job-id', '36', '--raw', '--subdir', 'DAGS_FOLDER/Part1.py', '--cfg-path', '/tmp/tmpx1oabjdw']
[2023-11-09T12:35:31.065+0000] {standard_task_runner.py:85} INFO - Job 36: Subtask t2
[2023-11-09T12:35:31.228+0000] {task_command.py:416} INFO - Running <TaskInstance: essai.t2 manual__2023-11-09T11:46:14.588619+00:00 [running]> on host fb26c01043df
[2023-11-09T12:35:31.528+0000] {taskinstance.py:1662} INFO - Exporting env vars: AIRFLOW_CTX_DAG_EMAIL='***@example.com' AIRFLOW_CTX_DAG_OWNER='***' AIRFLOW_CTX_DAG_ID='essai' AIRFLOW_CTX_TASK_ID='t2' AIRFLOW_CTX_EXECUTION_DATE='2023-11-09T11:46:14.588619+00:00' AIRFLOW_CTX_TRY_NUMBER='2' AIRFLOW_CTX_DAG_RUN_ID='manual__2023-11-09T11:46:14.588619+00:00'
[2023-11-09T12:35:31.536+0000] {logging_mixin.py:151} INFO - jaweek hlow
[2023-11-09T12:35:31.539+0000] {taskinstance.py:1937} ERROR - Task failed with exception
Traceback (most recent call last):
  File "/home/airflow/.local/lib/python3.8/site-packages/airflow/decorators/base.py", line 221, in execute
    return_value = super().execute(context)
  File "/home/airflow/.local/lib/python3.8/site-packages/airflow/operators/python.py", line 192, in execute
    return_value = self.execute_callable()
  File "/home/airflow/.local/lib/python3.8/site-packages/airflow/operators/python.py", line 209, in execute_callable
    return self.python_callable(*self.op_args, **self.op_kwargs)
  File "/opt/airflow/dags/Part1.py", line 24, in data_transform
    data = data[data['Type local'] == 'appartement']
UnboundLocalError: local variable 'data' referenced before assignment
[2023-11-09T12:35:31.572+0000] {taskinstance.py:1400} INFO - Marking task as FAILED. dag_id=essai, task_id=t2, execution_date=20231109T114614, start_date=20231109T123530, end_date=20231109T123531
[2023-11-09T12:35:31.607+0000] {standard_task_runner.py:104} ERROR - Failed to execute job 36 for task t2 (local variable 'data' referenced before assignment; 8192)
[2023-11-09T12:35:31.713+0000] {local_task_job_runner.py:228} INFO - Task exited with return code 1
[2023-11-09T12:35:31.794+0000] {taskinstance.py:2778} INFO - 0 downstream tasks scheduled from follow-on schedule check
