[2023-11-23T19:20:57.210+0000] {taskinstance.py:1159} INFO - Dependencies all met for dep_context=non-requeueable deps ti=<TaskInstance: Projet1.Extract manual__2023-11-23T19:20:42.572725+00:00 [queued]>
[2023-11-23T19:20:57.227+0000] {taskinstance.py:1159} INFO - Dependencies all met for dep_context=requeueable deps ti=<TaskInstance: Projet1.Extract manual__2023-11-23T19:20:42.572725+00:00 [queued]>
[2023-11-23T19:20:57.228+0000] {taskinstance.py:1361} INFO - Starting attempt 1 of 1
[2023-11-23T19:20:57.248+0000] {taskinstance.py:1382} INFO - Executing <Task(PythonOperator): Extract> on 2023-11-23 19:20:42.572725+00:00
[2023-11-23T19:20:57.255+0000] {standard_task_runner.py:57} INFO - Started process 836 to run task
[2023-11-23T19:20:57.259+0000] {standard_task_runner.py:84} INFO - Running: ['***', 'tasks', 'run', 'Projet1', 'Extract', 'manual__2023-11-23T19:20:42.572725+00:00', '--job-id', '661', '--raw', '--subdir', 'DAGS_FOLDER/Projet.py', '--cfg-path', '/tmp/tmpaszi6u1g']
[2023-11-23T19:20:57.261+0000] {standard_task_runner.py:85} INFO - Job 661: Subtask Extract
[2023-11-23T19:20:57.324+0000] {task_command.py:416} INFO - Running <TaskInstance: Projet1.Extract manual__2023-11-23T19:20:42.572725+00:00 [running]> on host b36ebcee5948
[2023-11-23T19:20:57.430+0000] {taskinstance.py:1662} INFO - Exporting env vars: AIRFLOW_CTX_DAG_OWNER='***' AIRFLOW_CTX_DAG_ID='Projet1' AIRFLOW_CTX_TASK_ID='Extract' AIRFLOW_CTX_EXECUTION_DATE='2023-11-23T19:20:42.572725+00:00' AIRFLOW_CTX_TRY_NUMBER='1' AIRFLOW_CTX_DAG_RUN_ID='manual__2023-11-23T19:20:42.572725+00:00'
[2023-11-23T19:20:57.685+0000] {warnings.py:109} WARNING - /opt/***/dags/Projet.py:31: DtypeWarning: Columns (0) have mixed types. Specify dtype option on import or set low_memory=False.
  df_urgences = pd.read_csv(csv_file_path_urgences, delimiter=';')

[2023-11-23T19:20:58.296+0000] {logging_mixin.py:151} INFO - Index(['code_age', 'agess'], dtype='object')
[2023-11-23T19:20:58.296+0000] {logging_mixin.py:151} INFO - Une erreur s'est produite lors de l'extraction des données Age : 'DataFrame' object has no attribute 'append'
[2023-11-23T19:20:58.306+0000] {base.py:73} INFO - Using connection ID 'postgres_connexion' for task execution.
[2023-11-23T19:20:58.344+0000] {base.py:73} INFO - Using connection ID 'postgres_connexion' for task execution.
[2023-11-23T19:20:58.377+0000] {base.py:73} INFO - Using connection ID 'postgres_connexion' for task execution.
[2023-11-23T19:21:21.268+0000] {logging_mixin.py:151} INFO - ########################################################################
[2023-11-23T19:21:21.269+0000] {logging_mixin.py:151} INFO - #                                                                      #
[2023-11-23T19:21:21.270+0000] {logging_mixin.py:151} INFO - #   ce dessous est la visualisation du contenu de la table Urgences :  #
[2023-11-23T19:21:21.270+0000] {logging_mixin.py:151} INFO - #                                                                      #
[2023-11-23T19:21:21.270+0000] {logging_mixin.py:151} INFO - ########################################################################
[2023-11-23T19:21:21.281+0000] {base.py:73} INFO - Using connection ID 'postgres_connexion' for task execution.
[2023-11-23T19:21:21.291+0000] {warnings.py:109} WARNING - /home/***/.local/lib/python3.8/site-packages/***/providers/common/sql/hooks/sql.py:219: UserWarning: pandas only supports SQLAlchemy connectable (engine/connection) or database string URI or sqlite3 DBAPI2 connection. Other DBAPI2 objects are not tested. Please consider using SQLAlchemy.
  return psql.read_sql(sql, con=conn, params=parameters, **kwargs)

[2023-11-23T19:21:21.511+0000] {logging_mixin.py:151} INFO -        date_de_passage
0           2022-12-26
1           2022-12-26
2           2022-12-26
3           2022-12-26
4           2022-12-26
...                ...
214216      2023-10-24
214217      2023-10-24
214218      2023-10-24
214219      2023-10-24
214220      2023-10-24

[214221 rows x 1 columns]
[2023-11-23T19:21:21.512+0000] {logging_mixin.py:151} INFO - ========================
[2023-11-23T19:21:21.956+0000] {python.py:194} INFO - Done. Returned value was: None
[2023-11-23T19:21:21.969+0000] {taskinstance.py:1400} INFO - Marking task as SUCCESS. dag_id=Projet1, task_id=Extract, execution_date=20231123T192042, start_date=20231123T192057, end_date=20231123T192121
[2023-11-23T19:21:22.029+0000] {local_task_job_runner.py:228} INFO - Task exited with return code 0
[2023-11-23T19:21:22.053+0000] {taskinstance.py:2778} INFO - 0 downstream tasks scheduled from follow-on schedule check
