[2023-11-22T16:25:53.728+0000] {taskinstance.py:1159} INFO - Dependencies all met for dep_context=non-requeueable deps ti=<TaskInstance: Projet1.create_table manual__2023-11-22T16:25:45.528681+00:00 [queued]>
[2023-11-22T16:25:53.745+0000] {taskinstance.py:1159} INFO - Dependencies all met for dep_context=requeueable deps ti=<TaskInstance: Projet1.create_table manual__2023-11-22T16:25:45.528681+00:00 [queued]>
[2023-11-22T16:25:53.745+0000] {taskinstance.py:1361} INFO - Starting attempt 1 of 1
[2023-11-22T16:25:53.766+0000] {taskinstance.py:1382} INFO - Executing <Task(PostgresOperator): create_table> on 2023-11-22 16:25:45.528681+00:00
[2023-11-22T16:25:53.778+0000] {standard_task_runner.py:57} INFO - Started process 2774 to run task
[2023-11-22T16:25:53.784+0000] {standard_task_runner.py:84} INFO - Running: ['***', 'tasks', 'run', 'Projet1', 'create_table', 'manual__2023-11-22T16:25:45.528681+00:00', '--job-id', '404', '--raw', '--subdir', 'DAGS_FOLDER/Projet.py', '--cfg-path', '/tmp/tmpwjh10qiv']
[2023-11-22T16:25:53.786+0000] {standard_task_runner.py:85} INFO - Job 404: Subtask create_table
[2023-11-22T16:25:53.851+0000] {task_command.py:416} INFO - Running <TaskInstance: Projet1.create_table manual__2023-11-22T16:25:45.528681+00:00 [running]> on host b36ebcee5948
[2023-11-22T16:25:53.971+0000] {taskinstance.py:1662} INFO - Exporting env vars: AIRFLOW_CTX_DAG_OWNER='***' AIRFLOW_CTX_DAG_ID='Projet1' AIRFLOW_CTX_TASK_ID='create_table' AIRFLOW_CTX_EXECUTION_DATE='2023-11-22T16:25:45.528681+00:00' AIRFLOW_CTX_TRY_NUMBER='1' AIRFLOW_CTX_DAG_RUN_ID='manual__2023-11-22T16:25:45.528681+00:00'
[2023-11-22T16:25:53.974+0000] {sql.py:274} INFO - Executing: 

-- CREATE TABLE IF NOT EXISTS "Age" (
--     Code_age VARCHAR(255) PRIMARY KEY,
--     age VARCHAR(255) NOT NULL
-- );
-- CREATE TABLE IF NOT EXISTS "Departements" (
--     num_dep VARCHAR(255) PRIMARY KEY,
--     dep_name VARCHAR(255) NOT NULL,
--     region_name VARCHAR(255) NOT NULL
-- );


-- CREATE TABLE IF NOT EXISTS "Urgences" (
--     dep VARCHAR(255) REFERENCES "Departements"(num_dep),
--     sursaud_cl_age_corona VARCHAR(255) REFERENCES "Age"(Code_age),
--     nbre_pass_corona FLOAT, 
--     nbre_pass_tot FLOAT, 
--     nbre_hospit_corona FLOAT,
--     nbre_pass_corona_h FLOAT, 
--     nbre_pass_corona_f FLOAT, 
--     nbre_pass_tot_h FLOAT, 
--     nbre_pass_tot_f FLOAT,
--     nbre_hospit_corona_h FLOAT, 
--     nbre_hospit_corona_f FLOAT, 
--     nbre_acte_corona FLOAT, 
--     nbre_acte_tot FLOAT,
--     nbre_acte_corona_h FLOAT, 
--     nbre_acte_corona_f FLOAT, 
--     nbre_acte_tot_h FLOAT, 
--     nbre_acte_tot_f FLOAT,
--     FOREIGN KEY (dep) REFERENCES "Departements"(num_dep),
--     FOREIGN KEY (sursaud_cl_age_corona) REFERENCES "Age"(Code_age)
-- );




--code qui marche pour la creation et l'alimentation
-- CREATE TABLE IF NOT EXISTS "Urgences"(
--     dep VARCHAR(255),
--     sursaud_cl_age_corona VARCHAR(255), 
--     nbre_pass_corona FLOAT, 
--     nbre_pass_tot FLOAT, 
--     nbre_hospit_corona FLOAT,
--     nbre_pass_corona_h FLOAT, 
--     nbre_pass_corona_f FLOAT, 
--     nbre_pass_tot_h FLOAT, 
--     nbre_pass_tot_f FLOAT,
--     nbre_hospit_corona_h FLOAT, 
--     nbre_hospit_corona_f FLOAT, 
--     nbre_acte_corona FLOAT, 
--     nbre_acte_tot FLOAT,
--     nbre_acte_corona_h FLOAT, 
--     nbre_acte_corona_f FLOAT, 
--     nbre_acte_tot_h FLOAT, 
--     nbre_acte_tot_f FLOAT
-- );

-- CREATE TABLE IF NOT EXISTS "Departements"
-- (
--     num_dep VARCHAR(255) ,
--     dep_name VARCHAR(255),
--     region_name VARCHAR(255)
-- );


-- CREATE TABLE IF NOT EXISTS "Age"
-- (
--    Code_age VARCHAR(255),
--    age VARCHAR(255)
-- );

-- Supprimer la contrainte de clé étrangère dans "Urgences" si elle existe
ALTER TABLE "Urgences" DROP CONSTRAINT IF EXISTS Urgences_dep_fkey CASCADE;

--Supprimer la contrainte de clé étrangère dans "Urgences" si elle existe
ALTER TABLE "Urgences" DROP CONSTRAINT IF EXISTS Urgences_dep_fkey1 CASCADE;

-- Supprimer la table "Urgences" si elle existe
DROP TABLE IF EXISTS "Urgences" CASCADE;

--Supprimer la table "Departements" si elle existe
DROP TABLE IF EXISTS "Departements" CASCADE;
DROP TABLE IF EXISTS "Age" CASCADE;

--Supprimer la table "Age" si elle existe
--pour la suppression des tables et ça fonctionne trés bien: 
DROP TABLE IF EXISTS "De" CASCADE;

DROP TABLE IF EXISTS "D" CASCADE;

DROP TABLE IF EXISTS "Dep";
DROP TABLE IF EXISTS "d";
DROP TABLE IF EXISTS "departements";
DROP TABLE IF EXISTS "prix";
DROP TABLE IF EXISTS "urgences";


[2023-11-22T16:25:53.986+0000] {base.py:73} INFO - Using connection ID 'postgres_connexion' for task execution.
[2023-11-22T16:25:53.997+0000] {base.py:73} INFO - Using connection ID 'postgres_connexion' for task execution.
[2023-11-22T16:25:54.106+0000] {sql.py:418} INFO - Running statement: 

-- CREATE TABLE IF NOT EXISTS "Age" (
--     Code_age VARCHAR(255) PRIMARY KEY,
--     age VARCHAR(255) NOT NULL
-- );
-- CREATE TABLE IF NOT EXISTS "Departements" (
--     num_dep VARCHAR(255) PRIMARY KEY,
--     dep_name VARCHAR(255) NOT NULL,
--     region_name VARCHAR(255) NOT NULL
-- );


-- CREATE TABLE IF NOT EXISTS "Urgences" (
--     dep VARCHAR(255) REFERENCES "Departements"(num_dep),
--     sursaud_cl_age_corona VARCHAR(255) REFERENCES "Age"(Code_age),
--     nbre_pass_corona FLOAT, 
--     nbre_pass_tot FLOAT, 
--     nbre_hospit_corona FLOAT,
--     nbre_pass_corona_h FLOAT, 
--     nbre_pass_corona_f FLOAT, 
--     nbre_pass_tot_h FLOAT, 
--     nbre_pass_tot_f FLOAT,
--     nbre_hospit_corona_h FLOAT, 
--     nbre_hospit_corona_f FLOAT, 
--     nbre_acte_corona FLOAT, 
--     nbre_acte_tot FLOAT,
--     nbre_acte_corona_h FLOAT, 
--     nbre_acte_corona_f FLOAT, 
--     nbre_acte_tot_h FLOAT, 
--     nbre_acte_tot_f FLOAT,
--     FOREIGN KEY (dep) REFERENCES "Departements"(num_dep),
--     FOREIGN KEY (sursaud_cl_age_corona) REFERENCES "Age"(Code_age)
-- );




--code qui marche pour la creation et l'alimentation
-- CREATE TABLE IF NOT EXISTS "Urgences"(
--     dep VARCHAR(255),
--     sursaud_cl_age_corona VARCHAR(255), 
--     nbre_pass_corona FLOAT, 
--     nbre_pass_tot FLOAT, 
--     nbre_hospit_corona FLOAT,
--     nbre_pass_corona_h FLOAT, 
--     nbre_pass_corona_f FLOAT, 
--     nbre_pass_tot_h FLOAT, 
--     nbre_pass_tot_f FLOAT,
--     nbre_hospit_corona_h FLOAT, 
--     nbre_hospit_corona_f FLOAT, 
--     nbre_acte_corona FLOAT, 
--     nbre_acte_tot FLOAT,
--     nbre_acte_corona_h FLOAT, 
--     nbre_acte_corona_f FLOAT, 
--     nbre_acte_tot_h FLOAT, 
--     nbre_acte_tot_f FLOAT
-- );

-- CREATE TABLE IF NOT EXISTS "Departements"
-- (
--     num_dep VARCHAR(255) ,
--     dep_name VARCHAR(255),
--     region_name VARCHAR(255)
-- );


-- CREATE TABLE IF NOT EXISTS "Age"
-- (
--    Code_age VARCHAR(255),
--    age VARCHAR(255)
-- );

-- Supprimer la contrainte de clé étrangère dans "Urgences" si elle existe
ALTER TABLE "Urgences" DROP CONSTRAINT IF EXISTS Urgences_dep_fkey CASCADE;

--Supprimer la contrainte de clé étrangère dans "Urgences" si elle existe
ALTER TABLE "Urgences" DROP CONSTRAINT IF EXISTS Urgences_dep_fkey1 CASCADE;

-- Supprimer la table "Urgences" si elle existe
DROP TABLE IF EXISTS "Urgences" CASCADE;

--Supprimer la table "Departements" si elle existe
DROP TABLE IF EXISTS "Departements" CASCADE;
DROP TABLE IF EXISTS "Age" CASCADE;

--Supprimer la table "Age" si elle existe
--pour la suppression des tables et ça fonctionne trés bien: 
DROP TABLE IF EXISTS "De" CASCADE;

DROP TABLE IF EXISTS "D" CASCADE;

DROP TABLE IF EXISTS "Dep";
DROP TABLE IF EXISTS "d";
DROP TABLE IF EXISTS "departements";
DROP TABLE IF EXISTS "prix";
DROP TABLE IF EXISTS "urgences";

, parameters: None
[2023-11-22T16:25:54.145+0000] {taskinstance.py:1400} INFO - Marking task as SUCCESS. dag_id=Projet1, task_id=create_table, execution_date=20231122T162545, start_date=20231122T162553, end_date=20231122T162554
[2023-11-22T16:25:54.197+0000] {local_task_job_runner.py:228} INFO - Task exited with return code 0
[2023-11-22T16:25:54.219+0000] {taskinstance.py:2778} INFO - 0 downstream tasks scheduled from follow-on schedule check
