[2023-11-19T14:59:49.123+0000] {processor.py:157} INFO - Started process (PID=22143) to work on /opt/airflow/dags/Part1.py
[2023-11-19T14:59:49.210+0000] {processor.py:829} INFO - Processing file /opt/airflow/dags/Part1.py for tasks to queue
[2023-11-19T14:59:49.345+0000] {logging_mixin.py:151} INFO - [2023-11-19T14:59:49.233+0000] {dagbag.py:536} INFO - Filling up the DagBag from /opt/airflow/dags/Part1.py
[2023-11-19T15:00:21.871+0000] {logging_mixin.py:151} INFO - [2023-11-19T15:00:19.850+0000] {timeout.py:68} ERROR - Process timed out, PID: 22143
[2023-11-19T15:00:26.608+0000] {logging_mixin.py:151} INFO - [2023-11-19T15:00:23.278+0000] {dagbag.py:346} ERROR - Failed to import: /opt/airflow/dags/Part1.py
Traceback (most recent call last):
  File "/home/airflow/.local/lib/python3.8/site-packages/airflow/models/dagbag.py", line 342, in parse
    loader.exec_module(new_module)
  File "<frozen importlib._bootstrap_external>", line 843, in exec_module
  File "<frozen importlib._bootstrap>", line 219, in _call_with_frames_removed
  File "/opt/airflow/dags/Part1.py", line 16, in <module>
    import pandas as pd
  File "/home/airflow/.local/lib/python3.8/site-packages/pandas/__init__.py", line 22, in <module>
    from pandas.compat import is_numpy_dev as _is_numpy_dev  # pyright: ignore # noqa:F401
  File "/home/airflow/.local/lib/python3.8/site-packages/pandas/compat/__init__.py", line 25, in <module>
    from pandas.compat.numpy import (
  File "/home/airflow/.local/lib/python3.8/site-packages/pandas/compat/numpy/__init__.py", line 4, in <module>
    from pandas.util.version import Version
  File "/home/airflow/.local/lib/python3.8/site-packages/pandas/util/__init__.py", line 2, in <module>
    from pandas.util._decorators import (  # noqa:F401
  File "/home/airflow/.local/lib/python3.8/site-packages/pandas/util/_decorators.py", line 14, in <module>
    from pandas._libs.properties import cache_readonly
  File "/home/airflow/.local/lib/python3.8/site-packages/pandas/_libs/__init__.py", line 13, in <module>
    from pandas._libs.interval import Interval
  File "pandas/_libs/interval.pyx", line 1, in init pandas._libs.interval
  File "pandas/_libs/hashtable.pyx", line 1, in init pandas._libs.hashtable
  File "pandas/_libs/missing.pyx", line 1, in init pandas._libs.missing
  File "/home/airflow/.local/lib/python3.8/site-packages/pandas/_libs/tslibs/__init__.py", line 39, in <module>
    from pandas._libs.tslibs.conversion import localize_pydatetime
  File "pandas/_libs/tslibs/conversion.pyx", line 1, in init pandas._libs.tslibs.conversion
  File "pandas/_libs/tslibs/offsets.pyx", line 1, in init pandas._libs.tslibs.offsets
  File "pandas/_libs/tslibs/timestamps.pyx", line 1, in init pandas._libs.tslibs.timestamps
  File "pandas/_libs/tslibs/tzconversion.pyx", line 1, in init pandas._libs.tslibs.tzconversion
  File "<frozen importlib._bootstrap>", line 194, in _lock_unlock_module
  File "/home/airflow/.local/lib/python3.8/site-packages/airflow/utils/timeout.py", line 69, in handle_timeout
    raise AirflowTaskTimeout(self.error_message)
airflow.exceptions.AirflowTaskTimeout: DagBag import timeout for /opt/airflow/dags/Part1.py after 30.0s.
Please take a look at these docs to improve your DAG import time:
* https://airflow.apache.org/docs/apache-airflow/2.7.2/best-practices.html#top-level-python-code
* https://airflow.apache.org/docs/apache-airflow/2.7.2/best-practices.html#reducing-dag-complexity, PID: 22143
[2023-11-19T15:00:27.029+0000] {processor.py:841} WARNING - No viable dags retrieved from /opt/airflow/dags/Part1.py
[2023-11-19T15:00:45.332+0000] {processor.py:182} ERROR - Got an exception! Propagating...
Traceback (most recent call last):
  File "/home/airflow/.local/lib/python3.8/site-packages/sqlalchemy/engine/base.py", line 3371, in _wrap_pool_connect
    return fn()
  File "/home/airflow/.local/lib/python3.8/site-packages/sqlalchemy/pool/base.py", line 327, in connect
    return _ConnectionFairy._checkout(self)
  File "/home/airflow/.local/lib/python3.8/site-packages/sqlalchemy/pool/base.py", line 894, in _checkout
    fairy = _ConnectionRecord.checkout(pool)
  File "/home/airflow/.local/lib/python3.8/site-packages/sqlalchemy/pool/base.py", line 493, in checkout
    rec = pool._do_get()
  File "/home/airflow/.local/lib/python3.8/site-packages/sqlalchemy/pool/impl.py", line 146, in _do_get
    self._dec_overflow()
  File "/home/airflow/.local/lib/python3.8/site-packages/sqlalchemy/util/langhelpers.py", line 70, in __exit__
    compat.raise_(
  File "/home/airflow/.local/lib/python3.8/site-packages/sqlalchemy/util/compat.py", line 211, in raise_
    raise exception
  File "/home/airflow/.local/lib/python3.8/site-packages/sqlalchemy/pool/impl.py", line 143, in _do_get
    return self._create_connection()
  File "/home/airflow/.local/lib/python3.8/site-packages/sqlalchemy/pool/base.py", line 273, in _create_connection
    return _ConnectionRecord(self)
  File "/home/airflow/.local/lib/python3.8/site-packages/sqlalchemy/pool/base.py", line 388, in __init__
    self.__connect()
  File "/home/airflow/.local/lib/python3.8/site-packages/sqlalchemy/pool/base.py", line 691, in __connect
    pool.logger.debug("Error on connect(): %s", e)
  File "/home/airflow/.local/lib/python3.8/site-packages/sqlalchemy/util/langhelpers.py", line 70, in __exit__
    compat.raise_(
  File "/home/airflow/.local/lib/python3.8/site-packages/sqlalchemy/util/compat.py", line 211, in raise_
    raise exception
  File "/home/airflow/.local/lib/python3.8/site-packages/sqlalchemy/pool/base.py", line 686, in __connect
    self.dbapi_connection = connection = pool._invoke_creator(self)
  File "/home/airflow/.local/lib/python3.8/site-packages/sqlalchemy/engine/create.py", line 574, in connect
    return dialect.connect(*cargs, **cparams)
  File "/home/airflow/.local/lib/python3.8/site-packages/sqlalchemy/engine/default.py", line 598, in connect
    return self.dbapi.connect(*cargs, **cparams)
  File "/home/airflow/.local/lib/python3.8/site-packages/psycopg2/__init__.py", line 122, in connect
    conn = _connect(dsn, connection_factory=connection_factory, **kwasync)
psycopg2.OperationalError: could not translate host name "postgres" to address: Temporary failure in name resolution


The above exception was the direct cause of the following exception:

Traceback (most recent call last):
  File "/home/airflow/.local/lib/python3.8/site-packages/airflow/dag_processing/processor.py", line 178, in _run_file_processor
    _handle_dag_file_processing()
  File "/home/airflow/.local/lib/python3.8/site-packages/airflow/dag_processing/processor.py", line 159, in _handle_dag_file_processing
    result: tuple[int, int] = dag_file_processor.process_file(
  File "/home/airflow/.local/lib/python3.8/site-packages/airflow/utils/session.py", line 77, in wrapper
    return func(*args, session=session, **kwargs)
  File "/home/airflow/.local/lib/python3.8/site-packages/airflow/dag_processing/processor.py", line 842, in process_file
    DagFileProcessor.update_import_errors(
  File "/home/airflow/.local/lib/python3.8/site-packages/airflow/api_internal/internal_api_call.py", line 114, in wrapper
    return func(*args, **kwargs)
  File "/home/airflow/.local/lib/python3.8/site-packages/airflow/utils/session.py", line 74, in wrapper
    return func(*args, **kwargs)
  File "/home/airflow/.local/lib/python3.8/site-packages/airflow/dag_processing/processor.py", line 625, in update_import_errors
    existing_import_error_files = [x.filename for x in session.query(errors.ImportError.filename).all()]
  File "/home/airflow/.local/lib/python3.8/site-packages/sqlalchemy/orm/query.py", line 2773, in all
    return self._iter().all()
  File "/home/airflow/.local/lib/python3.8/site-packages/sqlalchemy/orm/query.py", line 2916, in _iter
    result = self.session.execute(
  File "/home/airflow/.local/lib/python3.8/site-packages/sqlalchemy/orm/session.py", line 1716, in execute
    conn = self._connection_for_bind(bind)
  File "/home/airflow/.local/lib/python3.8/site-packages/sqlalchemy/orm/session.py", line 1555, in _connection_for_bind
    return self._transaction._connection_for_bind(
  File "/home/airflow/.local/lib/python3.8/site-packages/sqlalchemy/orm/session.py", line 750, in _connection_for_bind
    conn = bind.connect()
  File "/home/airflow/.local/lib/python3.8/site-packages/sqlalchemy/future/engine.py", line 406, in connect
    return super(Engine, self).connect()
  File "/home/airflow/.local/lib/python3.8/site-packages/sqlalchemy/engine/base.py", line 3325, in connect
    return self._connection_cls(self, close_with_result=close_with_result)
  File "/home/airflow/.local/lib/python3.8/site-packages/sqlalchemy/engine/base.py", line 96, in __init__
    else engine.raw_connection()
  File "/home/airflow/.local/lib/python3.8/site-packages/sqlalchemy/engine/base.py", line 3404, in raw_connection
    return self._wrap_pool_connect(self.pool.connect, _connection)
  File "/home/airflow/.local/lib/python3.8/site-packages/sqlalchemy/engine/base.py", line 3374, in _wrap_pool_connect
    Connection._handle_dbapi_exception_noconnection(
  File "/home/airflow/.local/lib/python3.8/site-packages/sqlalchemy/engine/base.py", line 2208, in _handle_dbapi_exception_noconnection
    util.raise_(
  File "/home/airflow/.local/lib/python3.8/site-packages/sqlalchemy/util/compat.py", line 211, in raise_
    raise exception
  File "/home/airflow/.local/lib/python3.8/site-packages/sqlalchemy/engine/base.py", line 3371, in _wrap_pool_connect
    return fn()
  File "/home/airflow/.local/lib/python3.8/site-packages/sqlalchemy/pool/base.py", line 327, in connect
    return _ConnectionFairy._checkout(self)
  File "/home/airflow/.local/lib/python3.8/site-packages/sqlalchemy/pool/base.py", line 894, in _checkout
    fairy = _ConnectionRecord.checkout(pool)
  File "/home/airflow/.local/lib/python3.8/site-packages/sqlalchemy/pool/base.py", line 493, in checkout
    rec = pool._do_get()
  File "/home/airflow/.local/lib/python3.8/site-packages/sqlalchemy/pool/impl.py", line 146, in _do_get
    self._dec_overflow()
  File "/home/airflow/.local/lib/python3.8/site-packages/sqlalchemy/util/langhelpers.py", line 70, in __exit__
    compat.raise_(
  File "/home/airflow/.local/lib/python3.8/site-packages/sqlalchemy/util/compat.py", line 211, in raise_
    raise exception
  File "/home/airflow/.local/lib/python3.8/site-packages/sqlalchemy/pool/impl.py", line 143, in _do_get
    return self._create_connection()
  File "/home/airflow/.local/lib/python3.8/site-packages/sqlalchemy/pool/base.py", line 273, in _create_connection
    return _ConnectionRecord(self)
  File "/home/airflow/.local/lib/python3.8/site-packages/sqlalchemy/pool/base.py", line 388, in __init__
    self.__connect()
  File "/home/airflow/.local/lib/python3.8/site-packages/sqlalchemy/pool/base.py", line 691, in __connect
    pool.logger.debug("Error on connect(): %s", e)
  File "/home/airflow/.local/lib/python3.8/site-packages/sqlalchemy/util/langhelpers.py", line 70, in __exit__
    compat.raise_(
  File "/home/airflow/.local/lib/python3.8/site-packages/sqlalchemy/util/compat.py", line 211, in raise_
    raise exception
  File "/home/airflow/.local/lib/python3.8/site-packages/sqlalchemy/pool/base.py", line 686, in __connect
    self.dbapi_connection = connection = pool._invoke_creator(self)
  File "/home/airflow/.local/lib/python3.8/site-packages/sqlalchemy/engine/create.py", line 574, in connect
    return dialect.connect(*cargs, **cparams)
  File "/home/airflow/.local/lib/python3.8/site-packages/sqlalchemy/engine/default.py", line 598, in connect
    return self.dbapi.connect(*cargs, **cparams)
  File "/home/airflow/.local/lib/python3.8/site-packages/psycopg2/__init__.py", line 122, in connect
    conn = _connect(dsn, connection_factory=connection_factory, **kwasync)
sqlalchemy.exc.OperationalError: (psycopg2.OperationalError) could not translate host name "postgres" to address: Temporary failure in name resolution

(Background on this error at: https://sqlalche.me/e/14/e3q8)
[2023-11-19T15:06:42.176+0000] {processor.py:157} INFO - Started process (PID=66) to work on /opt/airflow/dags/Part1.py
[2023-11-19T15:06:42.184+0000] {processor.py:829} INFO - Processing file /opt/airflow/dags/Part1.py for tasks to queue
[2023-11-19T15:06:42.281+0000] {logging_mixin.py:151} INFO - [2023-11-19T15:06:42.268+0000] {dagbag.py:536} INFO - Filling up the DagBag from /opt/airflow/dags/Part1.py
[2023-11-19T15:07:12.363+0000] {logging_mixin.py:151} INFO - [2023-11-19T15:07:12.360+0000] {timeout.py:68} ERROR - Process timed out, PID: 66
[2023-11-19T15:07:12.386+0000] {logging_mixin.py:151} INFO - [2023-11-19T15:07:12.368+0000] {dagbag.py:346} ERROR - Failed to import: /opt/airflow/dags/Part1.py
Traceback (most recent call last):
  File "/home/airflow/.local/lib/python3.8/site-packages/airflow/models/dagbag.py", line 342, in parse
    loader.exec_module(new_module)
  File "<frozen importlib._bootstrap_external>", line 843, in exec_module
  File "<frozen importlib._bootstrap>", line 219, in _call_with_frames_removed
  File "/opt/airflow/dags/Part1.py", line 16, in <module>
    import pandas as pd
  File "/home/airflow/.local/lib/python3.8/site-packages/pandas/__init__.py", line 48, in <module>
    from pandas.core.api import (
  File "/home/airflow/.local/lib/python3.8/site-packages/pandas/core/api.py", line 47, in <module>
    from pandas.core.groupby import (
  File "/home/airflow/.local/lib/python3.8/site-packages/pandas/core/groupby/__init__.py", line 1, in <module>
    from pandas.core.groupby.generic import (
  File "/home/airflow/.local/lib/python3.8/site-packages/pandas/core/groupby/generic.py", line 77, in <module>
    from pandas.core.frame import DataFrame
  File "/home/airflow/.local/lib/python3.8/site-packages/pandas/core/frame.py", line 182, in <module>
    from pandas.core.generic import NDFrame
  File "/home/airflow/.local/lib/python3.8/site-packages/pandas/core/generic.py", line 160, in <module>
    from pandas.core.internals import (
  File "/home/airflow/.local/lib/python3.8/site-packages/pandas/core/internals/__init__.py", line 1, in <module>
    from pandas.core.internals.api import make_block
  File "/home/airflow/.local/lib/python3.8/site-packages/pandas/core/internals/api.py", line 24, in <module>
    from pandas.core.internals.blocks import (
  File "/home/airflow/.local/lib/python3.8/site-packages/airflow/utils/timeout.py", line 69, in handle_timeout
    raise AirflowTaskTimeout(self.error_message)
airflow.exceptions.AirflowTaskTimeout: DagBag import timeout for /opt/airflow/dags/Part1.py after 30.0s.
Please take a look at these docs to improve your DAG import time:
* https://airflow.apache.org/docs/apache-airflow/2.7.2/best-practices.html#top-level-python-code
* https://airflow.apache.org/docs/apache-airflow/2.7.2/best-practices.html#reducing-dag-complexity, PID: 66
[2023-11-19T15:07:12.390+0000] {processor.py:841} WARNING - No viable dags retrieved from /opt/airflow/dags/Part1.py
[2023-11-19T15:07:12.430+0000] {processor.py:179} INFO - Processing /opt/airflow/dags/Part1.py took 30.380 seconds
[2023-11-19T15:08:20.533+0000] {processor.py:157} INFO - Started process (PID=140) to work on /opt/airflow/dags/Part1.py
[2023-11-19T15:08:20.550+0000] {processor.py:829} INFO - Processing file /opt/airflow/dags/Part1.py for tasks to queue
[2023-11-19T15:08:20.556+0000] {logging_mixin.py:151} INFO - [2023-11-19T15:08:20.555+0000] {dagbag.py:536} INFO - Filling up the DagBag from /opt/airflow/dags/Part1.py
[2023-11-19T15:08:21.441+0000] {processor.py:839} INFO - DAG(s) dict_keys(['essai']) retrieved from /opt/airflow/dags/Part1.py
[2023-11-19T15:08:21.643+0000] {logging_mixin.py:151} INFO - [2023-11-19T15:08:21.643+0000] {dag.py:2941} INFO - Sync 1 DAGs
[2023-11-19T15:08:21.698+0000] {logging_mixin.py:151} INFO - [2023-11-19T15:08:21.698+0000] {dag.py:3722} INFO - Setting next_dagrun for essai to 2023-11-18T15:08:21.697613+00:00, run_after=2023-11-19T15:08:21.697613+00:00
[2023-11-19T15:08:21.770+0000] {processor.py:179} INFO - Processing /opt/airflow/dags/Part1.py took 1.243 seconds
[2023-11-19T15:08:57.483+0000] {processor.py:157} INFO - Started process (PID=202) to work on /opt/airflow/dags/Part1.py
[2023-11-19T15:08:57.492+0000] {processor.py:829} INFO - Processing file /opt/airflow/dags/Part1.py for tasks to queue
[2023-11-19T15:08:57.578+0000] {logging_mixin.py:151} INFO - [2023-11-19T15:08:57.574+0000] {dagbag.py:536} INFO - Filling up the DagBag from /opt/airflow/dags/Part1.py
[2023-11-19T15:09:08.099+0000] {processor.py:839} INFO - DAG(s) dict_keys(['essai']) retrieved from /opt/airflow/dags/Part1.py
[2023-11-19T15:09:08.573+0000] {logging_mixin.py:151} INFO - [2023-11-19T15:09:08.573+0000] {dag.py:2941} INFO - Sync 1 DAGs
[2023-11-19T15:09:08.704+0000] {logging_mixin.py:151} INFO - [2023-11-19T15:09:08.704+0000] {dag.py:3722} INFO - Setting next_dagrun for essai to 2023-11-18T15:09:08.704368+00:00, run_after=2023-11-19T15:09:08.704368+00:00
[2023-11-19T15:09:08.751+0000] {processor.py:179} INFO - Processing /opt/airflow/dags/Part1.py took 11.371 seconds
[2023-11-19T15:09:39.471+0000] {processor.py:157} INFO - Started process (PID=264) to work on /opt/airflow/dags/Part1.py
[2023-11-19T15:09:39.482+0000] {processor.py:829} INFO - Processing file /opt/airflow/dags/Part1.py for tasks to queue
[2023-11-19T15:09:39.495+0000] {logging_mixin.py:151} INFO - [2023-11-19T15:09:39.493+0000] {dagbag.py:536} INFO - Filling up the DagBag from /opt/airflow/dags/Part1.py
[2023-11-19T15:09:42.408+0000] {processor.py:839} INFO - DAG(s) dict_keys(['essai']) retrieved from /opt/airflow/dags/Part1.py
[2023-11-19T15:09:42.510+0000] {logging_mixin.py:151} INFO - [2023-11-19T15:09:42.508+0000] {dag.py:2941} INFO - Sync 1 DAGs
[2023-11-19T15:09:42.594+0000] {logging_mixin.py:151} INFO - [2023-11-19T15:09:42.594+0000] {dag.py:3722} INFO - Setting next_dagrun for essai to 2023-11-18T15:09:42.593857+00:00, run_after=2023-11-19T15:09:42.593857+00:00
[2023-11-19T15:09:42.659+0000] {processor.py:179} INFO - Processing /opt/airflow/dags/Part1.py took 3.206 seconds
[2023-11-19T15:10:17.823+0000] {processor.py:157} INFO - Started process (PID=325) to work on /opt/airflow/dags/Part1.py
[2023-11-19T15:10:17.831+0000] {processor.py:829} INFO - Processing file /opt/airflow/dags/Part1.py for tasks to queue
[2023-11-19T15:10:17.837+0000] {logging_mixin.py:151} INFO - [2023-11-19T15:10:17.836+0000] {dagbag.py:536} INFO - Filling up the DagBag from /opt/airflow/dags/Part1.py
[2023-11-19T15:10:19.085+0000] {processor.py:839} INFO - DAG(s) dict_keys(['essai']) retrieved from /opt/airflow/dags/Part1.py
[2023-11-19T15:10:19.217+0000] {logging_mixin.py:151} INFO - [2023-11-19T15:10:19.216+0000] {dag.py:2941} INFO - Sync 1 DAGs
[2023-11-19T15:10:19.313+0000] {logging_mixin.py:151} INFO - [2023-11-19T15:10:19.312+0000] {dag.py:3722} INFO - Setting next_dagrun for essai to 2023-11-18T15:10:19.310712+00:00, run_after=2023-11-19T15:10:19.310712+00:00
[2023-11-19T15:10:19.647+0000] {processor.py:179} INFO - Processing /opt/airflow/dags/Part1.py took 1.832 seconds
[2023-11-19T15:11:02.579+0000] {processor.py:157} INFO - Started process (PID=394) to work on /opt/airflow/dags/Part1.py
[2023-11-19T15:11:02.582+0000] {processor.py:829} INFO - Processing file /opt/airflow/dags/Part1.py for tasks to queue
[2023-11-19T15:11:02.588+0000] {logging_mixin.py:151} INFO - [2023-11-19T15:11:02.587+0000] {dagbag.py:536} INFO - Filling up the DagBag from /opt/airflow/dags/Part1.py
[2023-11-19T15:11:06.380+0000] {processor.py:839} INFO - DAG(s) dict_keys(['essai']) retrieved from /opt/airflow/dags/Part1.py
[2023-11-19T15:11:06.539+0000] {logging_mixin.py:151} INFO - [2023-11-19T15:11:06.537+0000] {dag.py:2941} INFO - Sync 1 DAGs
[2023-11-19T15:11:06.659+0000] {logging_mixin.py:151} INFO - [2023-11-19T15:11:06.659+0000] {dag.py:3722} INFO - Setting next_dagrun for essai to 2023-11-18T15:11:06.656842+00:00, run_after=2023-11-19T15:11:06.656842+00:00
[2023-11-19T15:11:06.745+0000] {processor.py:179} INFO - Processing /opt/airflow/dags/Part1.py took 4.189 seconds
[2023-11-19T15:11:37.764+0000] {processor.py:157} INFO - Started process (PID=456) to work on /opt/airflow/dags/Part1.py
[2023-11-19T15:11:37.767+0000] {processor.py:829} INFO - Processing file /opt/airflow/dags/Part1.py for tasks to queue
[2023-11-19T15:11:37.781+0000] {logging_mixin.py:151} INFO - [2023-11-19T15:11:37.780+0000] {dagbag.py:536} INFO - Filling up the DagBag from /opt/airflow/dags/Part1.py
[2023-11-19T15:11:40.655+0000] {processor.py:839} INFO - DAG(s) dict_keys(['essai']) retrieved from /opt/airflow/dags/Part1.py
[2023-11-19T15:11:40.826+0000] {logging_mixin.py:151} INFO - [2023-11-19T15:11:40.824+0000] {dag.py:2941} INFO - Sync 1 DAGs
[2023-11-19T15:11:41.110+0000] {logging_mixin.py:151} INFO - [2023-11-19T15:11:41.107+0000] {dag.py:3722} INFO - Setting next_dagrun for essai to 2023-11-18T15:11:41.105530+00:00, run_after=2023-11-19T15:11:41.105530+00:00
[2023-11-19T15:11:41.226+0000] {processor.py:179} INFO - Processing /opt/airflow/dags/Part1.py took 3.475 seconds
[2023-11-19T15:12:12.605+0000] {processor.py:157} INFO - Started process (PID=518) to work on /opt/airflow/dags/Part1.py
[2023-11-19T15:12:12.615+0000] {processor.py:829} INFO - Processing file /opt/airflow/dags/Part1.py for tasks to queue
[2023-11-19T15:12:12.626+0000] {logging_mixin.py:151} INFO - [2023-11-19T15:12:12.625+0000] {dagbag.py:536} INFO - Filling up the DagBag from /opt/airflow/dags/Part1.py
[2023-11-19T15:12:15.074+0000] {processor.py:839} INFO - DAG(s) dict_keys(['essai']) retrieved from /opt/airflow/dags/Part1.py
[2023-11-19T15:12:15.266+0000] {logging_mixin.py:151} INFO - [2023-11-19T15:12:15.263+0000] {dag.py:2941} INFO - Sync 1 DAGs
[2023-11-19T15:12:15.367+0000] {logging_mixin.py:151} INFO - [2023-11-19T15:12:15.366+0000] {dag.py:3722} INFO - Setting next_dagrun for essai to 2023-11-18T15:12:15.364874+00:00, run_after=2023-11-19T15:12:15.364874+00:00
[2023-11-19T15:12:15.472+0000] {processor.py:179} INFO - Processing /opt/airflow/dags/Part1.py took 2.877 seconds
[2023-11-19T15:12:54.976+0000] {processor.py:157} INFO - Started process (PID=579) to work on /opt/airflow/dags/Part1.py
[2023-11-19T15:12:54.980+0000] {processor.py:829} INFO - Processing file /opt/airflow/dags/Part1.py for tasks to queue
[2023-11-19T15:12:54.990+0000] {logging_mixin.py:151} INFO - [2023-11-19T15:12:54.989+0000] {dagbag.py:536} INFO - Filling up the DagBag from /opt/airflow/dags/Part1.py
[2023-11-19T15:12:56.686+0000] {processor.py:839} INFO - DAG(s) dict_keys(['essai']) retrieved from /opt/airflow/dags/Part1.py
[2023-11-19T15:12:56.754+0000] {logging_mixin.py:151} INFO - [2023-11-19T15:12:56.753+0000] {dag.py:2941} INFO - Sync 1 DAGs
[2023-11-19T15:12:56.824+0000] {logging_mixin.py:151} INFO - [2023-11-19T15:12:56.823+0000] {dag.py:3722} INFO - Setting next_dagrun for essai to 2023-11-18T15:12:56.823368+00:00, run_after=2023-11-19T15:12:56.823368+00:00
[2023-11-19T15:12:56.892+0000] {processor.py:179} INFO - Processing /opt/airflow/dags/Part1.py took 1.925 seconds
[2023-11-19T15:13:27.358+0000] {processor.py:157} INFO - Started process (PID=641) to work on /opt/airflow/dags/Part1.py
[2023-11-19T15:13:27.360+0000] {processor.py:829} INFO - Processing file /opt/airflow/dags/Part1.py for tasks to queue
[2023-11-19T15:13:27.378+0000] {logging_mixin.py:151} INFO - [2023-11-19T15:13:27.377+0000] {dagbag.py:536} INFO - Filling up the DagBag from /opt/airflow/dags/Part1.py
[2023-11-19T15:13:28.163+0000] {processor.py:839} INFO - DAG(s) dict_keys(['essai']) retrieved from /opt/airflow/dags/Part1.py
[2023-11-19T15:13:28.202+0000] {logging_mixin.py:151} INFO - [2023-11-19T15:13:28.201+0000] {dag.py:2941} INFO - Sync 1 DAGs
[2023-11-19T15:13:28.243+0000] {logging_mixin.py:151} INFO - [2023-11-19T15:13:28.243+0000] {dag.py:3722} INFO - Setting next_dagrun for essai to 2023-11-18T15:13:28.243237+00:00, run_after=2023-11-19T15:13:28.243237+00:00
[2023-11-19T15:13:28.269+0000] {processor.py:179} INFO - Processing /opt/airflow/dags/Part1.py took 0.916 seconds
[2023-11-19T15:13:58.460+0000] {processor.py:157} INFO - Started process (PID=703) to work on /opt/airflow/dags/Part1.py
[2023-11-19T15:13:58.462+0000] {processor.py:829} INFO - Processing file /opt/airflow/dags/Part1.py for tasks to queue
[2023-11-19T15:13:58.465+0000] {logging_mixin.py:151} INFO - [2023-11-19T15:13:58.465+0000] {dagbag.py:536} INFO - Filling up the DagBag from /opt/airflow/dags/Part1.py
[2023-11-19T15:13:59.156+0000] {processor.py:839} INFO - DAG(s) dict_keys(['essai']) retrieved from /opt/airflow/dags/Part1.py
[2023-11-19T15:13:59.187+0000] {logging_mixin.py:151} INFO - [2023-11-19T15:13:59.187+0000] {dag.py:2941} INFO - Sync 1 DAGs
[2023-11-19T15:13:59.214+0000] {logging_mixin.py:151} INFO - [2023-11-19T15:13:59.214+0000] {dag.py:3722} INFO - Setting next_dagrun for essai to 2023-11-18T15:13:59.213894+00:00, run_after=2023-11-19T15:13:59.213894+00:00
[2023-11-19T15:13:59.241+0000] {processor.py:179} INFO - Processing /opt/airflow/dags/Part1.py took 0.785 seconds
[2023-11-19T15:14:29.395+0000] {processor.py:157} INFO - Started process (PID=772) to work on /opt/airflow/dags/Part1.py
[2023-11-19T15:14:29.397+0000] {processor.py:829} INFO - Processing file /opt/airflow/dags/Part1.py for tasks to queue
[2023-11-19T15:14:29.399+0000] {logging_mixin.py:151} INFO - [2023-11-19T15:14:29.399+0000] {dagbag.py:536} INFO - Filling up the DagBag from /opt/airflow/dags/Part1.py
[2023-11-19T15:14:29.935+0000] {processor.py:839} INFO - DAG(s) dict_keys(['essai']) retrieved from /opt/airflow/dags/Part1.py
[2023-11-19T15:14:29.955+0000] {logging_mixin.py:151} INFO - [2023-11-19T15:14:29.955+0000] {dag.py:2941} INFO - Sync 1 DAGs
[2023-11-19T15:14:29.995+0000] {logging_mixin.py:151} INFO - [2023-11-19T15:14:29.995+0000] {dag.py:3722} INFO - Setting next_dagrun for essai to 2023-11-18T15:14:29.994531+00:00, run_after=2023-11-19T15:14:29.994531+00:00
[2023-11-19T15:14:30.017+0000] {processor.py:179} INFO - Processing /opt/airflow/dags/Part1.py took 0.626 seconds
[2023-11-19T15:15:01.941+0000] {processor.py:157} INFO - Started process (PID=835) to work on /opt/airflow/dags/Part1.py
[2023-11-19T15:15:01.942+0000] {processor.py:829} INFO - Processing file /opt/airflow/dags/Part1.py for tasks to queue
[2023-11-19T15:15:01.945+0000] {logging_mixin.py:151} INFO - [2023-11-19T15:15:01.945+0000] {dagbag.py:536} INFO - Filling up the DagBag from /opt/airflow/dags/Part1.py
[2023-11-19T15:15:02.440+0000] {processor.py:839} INFO - DAG(s) dict_keys(['essai']) retrieved from /opt/airflow/dags/Part1.py
[2023-11-19T15:15:02.458+0000] {logging_mixin.py:151} INFO - [2023-11-19T15:15:02.457+0000] {dag.py:2941} INFO - Sync 1 DAGs
[2023-11-19T15:15:02.479+0000] {logging_mixin.py:151} INFO - [2023-11-19T15:15:02.479+0000] {dag.py:3722} INFO - Setting next_dagrun for essai to 2023-11-18T15:15:02.479372+00:00, run_after=2023-11-19T15:15:02.479372+00:00
[2023-11-19T15:15:02.500+0000] {processor.py:179} INFO - Processing /opt/airflow/dags/Part1.py took 0.565 seconds
[2023-11-19T15:15:37.858+0000] {processor.py:157} INFO - Started process (PID=895) to work on /opt/airflow/dags/Part1.py
[2023-11-19T15:15:37.866+0000] {processor.py:829} INFO - Processing file /opt/airflow/dags/Part1.py for tasks to queue
[2023-11-19T15:15:37.875+0000] {logging_mixin.py:151} INFO - [2023-11-19T15:15:37.874+0000] {dagbag.py:536} INFO - Filling up the DagBag from /opt/airflow/dags/Part1.py
[2023-11-19T15:15:42.420+0000] {processor.py:839} INFO - DAG(s) dict_keys(['essai']) retrieved from /opt/airflow/dags/Part1.py
[2023-11-19T15:15:42.931+0000] {logging_mixin.py:151} INFO - [2023-11-19T15:15:42.905+0000] {dag.py:2941} INFO - Sync 1 DAGs
[2023-11-19T15:15:44.169+0000] {logging_mixin.py:151} INFO - [2023-11-19T15:15:44.156+0000] {dag.py:3722} INFO - Setting next_dagrun for essai to 2023-11-18T15:15:44.151189+00:00, run_after=2023-11-19T15:15:44.151189+00:00
[2023-11-19T15:15:44.498+0000] {processor.py:179} INFO - Processing /opt/airflow/dags/Part1.py took 6.655 seconds
[2023-11-19T15:16:15.556+0000] {processor.py:157} INFO - Started process (PID=958) to work on /opt/airflow/dags/Part1.py
[2023-11-19T15:16:15.592+0000] {processor.py:829} INFO - Processing file /opt/airflow/dags/Part1.py for tasks to queue
[2023-11-19T15:16:15.598+0000] {logging_mixin.py:151} INFO - [2023-11-19T15:16:15.598+0000] {dagbag.py:536} INFO - Filling up the DagBag from /opt/airflow/dags/Part1.py
[2023-11-19T15:16:16.886+0000] {processor.py:839} INFO - DAG(s) dict_keys(['essai']) retrieved from /opt/airflow/dags/Part1.py
[2023-11-19T15:16:16.944+0000] {logging_mixin.py:151} INFO - [2023-11-19T15:16:16.944+0000] {dag.py:2941} INFO - Sync 1 DAGs
[2023-11-19T15:16:17.021+0000] {logging_mixin.py:151} INFO - [2023-11-19T15:16:17.020+0000] {dag.py:3722} INFO - Setting next_dagrun for essai to 2023-11-18T15:16:17.020074+00:00, run_after=2023-11-19T15:16:17.020074+00:00
[2023-11-19T15:16:17.107+0000] {processor.py:179} INFO - Processing /opt/airflow/dags/Part1.py took 1.560 seconds
[2023-11-19T15:16:47.472+0000] {processor.py:157} INFO - Started process (PID=1020) to work on /opt/airflow/dags/Part1.py
[2023-11-19T15:16:47.475+0000] {processor.py:829} INFO - Processing file /opt/airflow/dags/Part1.py for tasks to queue
[2023-11-19T15:16:47.478+0000] {logging_mixin.py:151} INFO - [2023-11-19T15:16:47.478+0000] {dagbag.py:536} INFO - Filling up the DagBag from /opt/airflow/dags/Part1.py
[2023-11-19T15:16:48.085+0000] {processor.py:839} INFO - DAG(s) dict_keys(['essai']) retrieved from /opt/airflow/dags/Part1.py
[2023-11-19T15:16:48.105+0000] {logging_mixin.py:151} INFO - [2023-11-19T15:16:48.105+0000] {dag.py:2941} INFO - Sync 1 DAGs
[2023-11-19T15:16:48.128+0000] {logging_mixin.py:151} INFO - [2023-11-19T15:16:48.128+0000] {dag.py:3722} INFO - Setting next_dagrun for essai to 2023-11-18T15:16:48.128553+00:00, run_after=2023-11-19T15:16:48.128553+00:00
[2023-11-19T15:16:48.147+0000] {processor.py:179} INFO - Processing /opt/airflow/dags/Part1.py took 0.680 seconds
[2023-11-19T15:17:18.296+0000] {processor.py:157} INFO - Started process (PID=1083) to work on /opt/airflow/dags/Part1.py
[2023-11-19T15:17:18.298+0000] {processor.py:829} INFO - Processing file /opt/airflow/dags/Part1.py for tasks to queue
[2023-11-19T15:17:18.301+0000] {logging_mixin.py:151} INFO - [2023-11-19T15:17:18.301+0000] {dagbag.py:536} INFO - Filling up the DagBag from /opt/airflow/dags/Part1.py
[2023-11-19T15:17:18.856+0000] {processor.py:839} INFO - DAG(s) dict_keys(['essai']) retrieved from /opt/airflow/dags/Part1.py
[2023-11-19T15:17:18.878+0000] {logging_mixin.py:151} INFO - [2023-11-19T15:17:18.877+0000] {dag.py:2941} INFO - Sync 1 DAGs
[2023-11-19T15:17:18.904+0000] {logging_mixin.py:151} INFO - [2023-11-19T15:17:18.904+0000] {dag.py:3722} INFO - Setting next_dagrun for essai to 2023-11-18T15:17:18.903976+00:00, run_after=2023-11-19T15:17:18.903976+00:00
[2023-11-19T15:17:18.931+0000] {processor.py:179} INFO - Processing /opt/airflow/dags/Part1.py took 0.639 seconds
[2023-11-19T15:17:49.353+0000] {processor.py:157} INFO - Started process (PID=1145) to work on /opt/airflow/dags/Part1.py
[2023-11-19T15:17:49.355+0000] {processor.py:829} INFO - Processing file /opt/airflow/dags/Part1.py for tasks to queue
[2023-11-19T15:17:49.357+0000] {logging_mixin.py:151} INFO - [2023-11-19T15:17:49.357+0000] {dagbag.py:536} INFO - Filling up the DagBag from /opt/airflow/dags/Part1.py
[2023-11-19T15:17:49.851+0000] {processor.py:839} INFO - DAG(s) dict_keys(['essai']) retrieved from /opt/airflow/dags/Part1.py
[2023-11-19T15:17:49.887+0000] {logging_mixin.py:151} INFO - [2023-11-19T15:17:49.887+0000] {dag.py:2941} INFO - Sync 1 DAGs
[2023-11-19T15:17:49.912+0000] {logging_mixin.py:151} INFO - [2023-11-19T15:17:49.911+0000] {dag.py:3722} INFO - Setting next_dagrun for essai to 2023-11-18T15:17:49.911523+00:00, run_after=2023-11-19T15:17:49.911523+00:00
[2023-11-19T15:17:49.934+0000] {processor.py:179} INFO - Processing /opt/airflow/dags/Part1.py took 0.585 seconds
[2023-11-19T15:18:20.472+0000] {processor.py:157} INFO - Started process (PID=1207) to work on /opt/airflow/dags/Part1.py
[2023-11-19T15:18:20.477+0000] {processor.py:829} INFO - Processing file /opt/airflow/dags/Part1.py for tasks to queue
[2023-11-19T15:18:20.483+0000] {logging_mixin.py:151} INFO - [2023-11-19T15:18:20.482+0000] {dagbag.py:536} INFO - Filling up the DagBag from /opt/airflow/dags/Part1.py
[2023-11-19T15:18:23.737+0000] {processor.py:839} INFO - DAG(s) dict_keys(['essai']) retrieved from /opt/airflow/dags/Part1.py
[2023-11-19T15:18:23.931+0000] {logging_mixin.py:151} INFO - [2023-11-19T15:18:23.931+0000] {dag.py:2941} INFO - Sync 1 DAGs
[2023-11-19T15:18:24.250+0000] {logging_mixin.py:151} INFO - [2023-11-19T15:18:24.248+0000] {dag.py:3722} INFO - Setting next_dagrun for essai to 2023-11-18T15:18:24.247501+00:00, run_after=2023-11-19T15:18:24.247501+00:00
[2023-11-19T15:18:24.377+0000] {processor.py:179} INFO - Processing /opt/airflow/dags/Part1.py took 3.916 seconds
[2023-11-19T15:18:54.913+0000] {processor.py:157} INFO - Started process (PID=1270) to work on /opt/airflow/dags/Part1.py
[2023-11-19T15:18:54.922+0000] {processor.py:829} INFO - Processing file /opt/airflow/dags/Part1.py for tasks to queue
[2023-11-19T15:18:54.928+0000] {logging_mixin.py:151} INFO - [2023-11-19T15:18:54.928+0000] {dagbag.py:536} INFO - Filling up the DagBag from /opt/airflow/dags/Part1.py
[2023-11-19T15:18:56.076+0000] {processor.py:839} INFO - DAG(s) dict_keys(['essai']) retrieved from /opt/airflow/dags/Part1.py
[2023-11-19T15:18:56.132+0000] {logging_mixin.py:151} INFO - [2023-11-19T15:18:56.132+0000] {dag.py:2941} INFO - Sync 1 DAGs
[2023-11-19T15:18:56.213+0000] {logging_mixin.py:151} INFO - [2023-11-19T15:18:56.211+0000] {dag.py:3722} INFO - Setting next_dagrun for essai to 2023-11-18T15:18:56.210004+00:00, run_after=2023-11-19T15:18:56.210004+00:00
[2023-11-19T15:18:56.271+0000] {processor.py:179} INFO - Processing /opt/airflow/dags/Part1.py took 1.368 seconds
[2023-11-19T15:19:26.488+0000] {processor.py:157} INFO - Started process (PID=1333) to work on /opt/airflow/dags/Part1.py
[2023-11-19T15:19:26.491+0000] {processor.py:829} INFO - Processing file /opt/airflow/dags/Part1.py for tasks to queue
[2023-11-19T15:19:26.496+0000] {logging_mixin.py:151} INFO - [2023-11-19T15:19:26.495+0000] {dagbag.py:536} INFO - Filling up the DagBag from /opt/airflow/dags/Part1.py
[2023-11-19T15:19:27.350+0000] {processor.py:839} INFO - DAG(s) dict_keys(['essai']) retrieved from /opt/airflow/dags/Part1.py
[2023-11-19T15:19:27.376+0000] {logging_mixin.py:151} INFO - [2023-11-19T15:19:27.375+0000] {dag.py:2941} INFO - Sync 1 DAGs
[2023-11-19T15:19:27.405+0000] {logging_mixin.py:151} INFO - [2023-11-19T15:19:27.405+0000] {dag.py:3722} INFO - Setting next_dagrun for essai to 2023-11-18T15:19:27.404864+00:00, run_after=2023-11-19T15:19:27.404864+00:00
[2023-11-19T15:19:27.441+0000] {processor.py:179} INFO - Processing /opt/airflow/dags/Part1.py took 0.958 seconds
[2023-11-19T15:19:57.850+0000] {processor.py:157} INFO - Started process (PID=1395) to work on /opt/airflow/dags/Part1.py
[2023-11-19T15:19:57.853+0000] {processor.py:829} INFO - Processing file /opt/airflow/dags/Part1.py for tasks to queue
[2023-11-19T15:19:57.862+0000] {logging_mixin.py:151} INFO - [2023-11-19T15:19:57.861+0000] {dagbag.py:536} INFO - Filling up the DagBag from /opt/airflow/dags/Part1.py
[2023-11-19T15:19:58.417+0000] {processor.py:839} INFO - DAG(s) dict_keys(['essai']) retrieved from /opt/airflow/dags/Part1.py
[2023-11-19T15:19:58.436+0000] {logging_mixin.py:151} INFO - [2023-11-19T15:19:58.436+0000] {dag.py:2941} INFO - Sync 1 DAGs
[2023-11-19T15:19:58.459+0000] {logging_mixin.py:151} INFO - [2023-11-19T15:19:58.459+0000] {dag.py:3722} INFO - Setting next_dagrun for essai to 2023-11-18T15:19:58.459390+00:00, run_after=2023-11-19T15:19:58.459390+00:00
[2023-11-19T15:19:58.480+0000] {processor.py:179} INFO - Processing /opt/airflow/dags/Part1.py took 0.639 seconds
[2023-11-19T15:20:28.806+0000] {processor.py:157} INFO - Started process (PID=1458) to work on /opt/airflow/dags/Part1.py
[2023-11-19T15:20:28.808+0000] {processor.py:829} INFO - Processing file /opt/airflow/dags/Part1.py for tasks to queue
[2023-11-19T15:20:28.811+0000] {logging_mixin.py:151} INFO - [2023-11-19T15:20:28.811+0000] {dagbag.py:536} INFO - Filling up the DagBag from /opt/airflow/dags/Part1.py
[2023-11-19T15:20:29.359+0000] {processor.py:839} INFO - DAG(s) dict_keys(['essai']) retrieved from /opt/airflow/dags/Part1.py
[2023-11-19T15:20:29.381+0000] {logging_mixin.py:151} INFO - [2023-11-19T15:20:29.380+0000] {dag.py:2941} INFO - Sync 1 DAGs
[2023-11-19T15:20:29.404+0000] {logging_mixin.py:151} INFO - [2023-11-19T15:20:29.404+0000] {dag.py:3722} INFO - Setting next_dagrun for essai to 2023-11-18T15:20:29.404341+00:00, run_after=2023-11-19T15:20:29.404341+00:00
[2023-11-19T15:20:29.423+0000] {processor.py:179} INFO - Processing /opt/airflow/dags/Part1.py took 0.623 seconds
[2023-11-19T15:21:00.257+0000] {processor.py:157} INFO - Started process (PID=1520) to work on /opt/airflow/dags/Part1.py
[2023-11-19T15:21:00.262+0000] {processor.py:829} INFO - Processing file /opt/airflow/dags/Part1.py for tasks to queue
[2023-11-19T15:21:00.268+0000] {logging_mixin.py:151} INFO - [2023-11-19T15:21:00.267+0000] {dagbag.py:536} INFO - Filling up the DagBag from /opt/airflow/dags/Part1.py
[2023-11-19T15:21:01.288+0000] {processor.py:839} INFO - DAG(s) dict_keys(['essai']) retrieved from /opt/airflow/dags/Part1.py
[2023-11-19T15:21:01.333+0000] {logging_mixin.py:151} INFO - [2023-11-19T15:21:01.333+0000] {dag.py:2941} INFO - Sync 1 DAGs
[2023-11-19T15:21:01.386+0000] {logging_mixin.py:151} INFO - [2023-11-19T15:21:01.386+0000] {dag.py:3722} INFO - Setting next_dagrun for essai to 2023-11-18T15:21:01.385839+00:00, run_after=2023-11-19T15:21:01.385839+00:00
[2023-11-19T15:21:01.433+0000] {processor.py:179} INFO - Processing /opt/airflow/dags/Part1.py took 1.183 seconds
[2023-11-19T15:21:31.657+0000] {processor.py:157} INFO - Started process (PID=1583) to work on /opt/airflow/dags/Part1.py
[2023-11-19T15:21:31.659+0000] {processor.py:829} INFO - Processing file /opt/airflow/dags/Part1.py for tasks to queue
[2023-11-19T15:21:31.663+0000] {logging_mixin.py:151} INFO - [2023-11-19T15:21:31.663+0000] {dagbag.py:536} INFO - Filling up the DagBag from /opt/airflow/dags/Part1.py
[2023-11-19T15:21:32.242+0000] {processor.py:839} INFO - DAG(s) dict_keys(['essai']) retrieved from /opt/airflow/dags/Part1.py
[2023-11-19T15:21:32.265+0000] {logging_mixin.py:151} INFO - [2023-11-19T15:21:32.264+0000] {dag.py:2941} INFO - Sync 1 DAGs
[2023-11-19T15:21:32.294+0000] {logging_mixin.py:151} INFO - [2023-11-19T15:21:32.293+0000] {dag.py:3722} INFO - Setting next_dagrun for essai to 2023-11-18T15:21:32.293497+00:00, run_after=2023-11-19T15:21:32.293497+00:00
[2023-11-19T15:21:32.317+0000] {processor.py:179} INFO - Processing /opt/airflow/dags/Part1.py took 0.665 seconds
[2023-11-19T15:22:02.939+0000] {processor.py:157} INFO - Started process (PID=1652) to work on /opt/airflow/dags/Part1.py
[2023-11-19T15:22:02.941+0000] {processor.py:829} INFO - Processing file /opt/airflow/dags/Part1.py for tasks to queue
[2023-11-19T15:22:02.944+0000] {logging_mixin.py:151} INFO - [2023-11-19T15:22:02.943+0000] {dagbag.py:536} INFO - Filling up the DagBag from /opt/airflow/dags/Part1.py
[2023-11-19T15:22:03.459+0000] {processor.py:839} INFO - DAG(s) dict_keys(['essai']) retrieved from /opt/airflow/dags/Part1.py
[2023-11-19T15:22:03.478+0000] {logging_mixin.py:151} INFO - [2023-11-19T15:22:03.478+0000] {dag.py:2941} INFO - Sync 1 DAGs
[2023-11-19T15:22:03.501+0000] {logging_mixin.py:151} INFO - [2023-11-19T15:22:03.501+0000] {dag.py:3722} INFO - Setting next_dagrun for essai to 2023-11-18T15:22:03.501288+00:00, run_after=2023-11-19T15:22:03.501288+00:00
[2023-11-19T15:22:03.522+0000] {processor.py:179} INFO - Processing /opt/airflow/dags/Part1.py took 0.588 seconds
[2023-11-19T15:22:33.618+0000] {processor.py:157} INFO - Started process (PID=1715) to work on /opt/airflow/dags/Part1.py
[2023-11-19T15:22:33.619+0000] {processor.py:829} INFO - Processing file /opt/airflow/dags/Part1.py for tasks to queue
[2023-11-19T15:22:33.622+0000] {logging_mixin.py:151} INFO - [2023-11-19T15:22:33.621+0000] {dagbag.py:536} INFO - Filling up the DagBag from /opt/airflow/dags/Part1.py
[2023-11-19T15:22:33.947+0000] {processor.py:839} INFO - DAG(s) dict_keys(['essai']) retrieved from /opt/airflow/dags/Part1.py
[2023-11-19T15:22:33.969+0000] {logging_mixin.py:151} INFO - [2023-11-19T15:22:33.969+0000] {dag.py:2941} INFO - Sync 1 DAGs
[2023-11-19T15:22:33.995+0000] {logging_mixin.py:151} INFO - [2023-11-19T15:22:33.995+0000] {dag.py:3722} INFO - Setting next_dagrun for essai to 2023-11-18T15:22:33.994819+00:00, run_after=2023-11-19T15:22:33.994819+00:00
[2023-11-19T15:22:34.017+0000] {processor.py:179} INFO - Processing /opt/airflow/dags/Part1.py took 0.404 seconds
[2023-11-19T15:23:04.189+0000] {processor.py:157} INFO - Started process (PID=1775) to work on /opt/airflow/dags/Part1.py
[2023-11-19T15:23:04.191+0000] {processor.py:829} INFO - Processing file /opt/airflow/dags/Part1.py for tasks to queue
[2023-11-19T15:23:04.195+0000] {logging_mixin.py:151} INFO - [2023-11-19T15:23:04.194+0000] {dagbag.py:536} INFO - Filling up the DagBag from /opt/airflow/dags/Part1.py
[2023-11-19T15:23:04.563+0000] {processor.py:839} INFO - DAG(s) dict_keys(['essai']) retrieved from /opt/airflow/dags/Part1.py
[2023-11-19T15:23:04.585+0000] {logging_mixin.py:151} INFO - [2023-11-19T15:23:04.585+0000] {dag.py:2941} INFO - Sync 1 DAGs
[2023-11-19T15:23:04.611+0000] {logging_mixin.py:151} INFO - [2023-11-19T15:23:04.610+0000] {dag.py:3722} INFO - Setting next_dagrun for essai to 2023-11-18T15:23:04.610678+00:00, run_after=2023-11-19T15:23:04.610678+00:00
[2023-11-19T15:23:04.634+0000] {processor.py:179} INFO - Processing /opt/airflow/dags/Part1.py took 0.451 seconds
[2023-11-19T15:23:36.095+0000] {processor.py:157} INFO - Started process (PID=1832) to work on /opt/airflow/dags/Part1.py
[2023-11-19T15:23:36.098+0000] {processor.py:829} INFO - Processing file /opt/airflow/dags/Part1.py for tasks to queue
[2023-11-19T15:23:36.105+0000] {logging_mixin.py:151} INFO - [2023-11-19T15:23:36.102+0000] {dagbag.py:536} INFO - Filling up the DagBag from /opt/airflow/dags/Part1.py
[2023-11-19T15:23:37.551+0000] {processor.py:839} INFO - DAG(s) dict_keys(['essai']) retrieved from /opt/airflow/dags/Part1.py
[2023-11-19T15:23:37.702+0000] {logging_mixin.py:151} INFO - [2023-11-19T15:23:37.700+0000] {dag.py:2941} INFO - Sync 1 DAGs
[2023-11-19T15:23:37.822+0000] {logging_mixin.py:151} INFO - [2023-11-19T15:23:37.821+0000] {dag.py:3722} INFO - Setting next_dagrun for essai to 2023-11-18T15:23:37.821005+00:00, run_after=2023-11-19T15:23:37.821005+00:00
[2023-11-19T15:23:37.888+0000] {processor.py:179} INFO - Processing /opt/airflow/dags/Part1.py took 1.818 seconds
[2023-11-19T15:24:08.880+0000] {processor.py:157} INFO - Started process (PID=1897) to work on /opt/airflow/dags/Part1.py
[2023-11-19T15:24:08.882+0000] {processor.py:829} INFO - Processing file /opt/airflow/dags/Part1.py for tasks to queue
[2023-11-19T15:24:08.885+0000] {logging_mixin.py:151} INFO - [2023-11-19T15:24:08.885+0000] {dagbag.py:536} INFO - Filling up the DagBag from /opt/airflow/dags/Part1.py
[2023-11-19T15:24:09.393+0000] {processor.py:839} INFO - DAG(s) dict_keys(['essai']) retrieved from /opt/airflow/dags/Part1.py
[2023-11-19T15:24:09.429+0000] {logging_mixin.py:151} INFO - [2023-11-19T15:24:09.428+0000] {dag.py:2941} INFO - Sync 1 DAGs
[2023-11-19T15:24:09.492+0000] {logging_mixin.py:151} INFO - [2023-11-19T15:24:09.491+0000] {dag.py:3722} INFO - Setting next_dagrun for essai to 2023-11-18T15:24:09.491480+00:00, run_after=2023-11-19T15:24:09.491480+00:00
[2023-11-19T15:24:09.526+0000] {processor.py:179} INFO - Processing /opt/airflow/dags/Part1.py took 0.652 seconds
[2023-11-19T15:24:39.770+0000] {processor.py:157} INFO - Started process (PID=1958) to work on /opt/airflow/dags/Part1.py
[2023-11-19T15:24:39.772+0000] {processor.py:829} INFO - Processing file /opt/airflow/dags/Part1.py for tasks to queue
[2023-11-19T15:24:39.775+0000] {logging_mixin.py:151} INFO - [2023-11-19T15:24:39.775+0000] {dagbag.py:536} INFO - Filling up the DagBag from /opt/airflow/dags/Part1.py
[2023-11-19T15:24:40.233+0000] {processor.py:839} INFO - DAG(s) dict_keys(['essai']) retrieved from /opt/airflow/dags/Part1.py
[2023-11-19T15:24:40.257+0000] {logging_mixin.py:151} INFO - [2023-11-19T15:24:40.257+0000] {dag.py:2941} INFO - Sync 1 DAGs
[2023-11-19T15:24:40.286+0000] {logging_mixin.py:151} INFO - [2023-11-19T15:24:40.286+0000] {dag.py:3722} INFO - Setting next_dagrun for essai to 2023-11-18T15:24:40.285861+00:00, run_after=2023-11-19T15:24:40.285861+00:00
[2023-11-19T15:24:40.308+0000] {processor.py:179} INFO - Processing /opt/airflow/dags/Part1.py took 0.543 seconds
[2023-11-19T15:25:10.347+0000] {processor.py:157} INFO - Started process (PID=2023) to work on /opt/airflow/dags/Part1.py
[2023-11-19T15:25:10.349+0000] {processor.py:829} INFO - Processing file /opt/airflow/dags/Part1.py for tasks to queue
[2023-11-19T15:25:10.352+0000] {logging_mixin.py:151} INFO - [2023-11-19T15:25:10.352+0000] {dagbag.py:536} INFO - Filling up the DagBag from /opt/airflow/dags/Part1.py
[2023-11-19T15:25:10.958+0000] {processor.py:839} INFO - DAG(s) dict_keys(['essai']) retrieved from /opt/airflow/dags/Part1.py
[2023-11-19T15:25:10.983+0000] {logging_mixin.py:151} INFO - [2023-11-19T15:25:10.983+0000] {dag.py:2941} INFO - Sync 1 DAGs
[2023-11-19T15:25:11.010+0000] {logging_mixin.py:151} INFO - [2023-11-19T15:25:11.010+0000] {dag.py:3722} INFO - Setting next_dagrun for essai to 2023-11-18T15:25:11.009914+00:00, run_after=2023-11-19T15:25:11.009914+00:00
[2023-11-19T15:25:11.034+0000] {processor.py:179} INFO - Processing /opt/airflow/dags/Part1.py took 0.692 seconds
[2023-11-19T15:25:41.773+0000] {processor.py:157} INFO - Started process (PID=2086) to work on /opt/airflow/dags/Part1.py
[2023-11-19T15:25:41.776+0000] {processor.py:829} INFO - Processing file /opt/airflow/dags/Part1.py for tasks to queue
[2023-11-19T15:25:41.781+0000] {logging_mixin.py:151} INFO - [2023-11-19T15:25:41.781+0000] {dagbag.py:536} INFO - Filling up the DagBag from /opt/airflow/dags/Part1.py
[2023-11-19T15:25:42.276+0000] {processor.py:839} INFO - DAG(s) dict_keys(['essai']) retrieved from /opt/airflow/dags/Part1.py
[2023-11-19T15:25:42.303+0000] {logging_mixin.py:151} INFO - [2023-11-19T15:25:42.303+0000] {dag.py:2941} INFO - Sync 1 DAGs
[2023-11-19T15:25:42.334+0000] {logging_mixin.py:151} INFO - [2023-11-19T15:25:42.334+0000] {dag.py:3722} INFO - Setting next_dagrun for essai to 2023-11-18T15:25:42.334199+00:00, run_after=2023-11-19T15:25:42.334199+00:00
[2023-11-19T15:25:42.363+0000] {processor.py:179} INFO - Processing /opt/airflow/dags/Part1.py took 0.597 seconds
[2023-11-19T15:26:13.183+0000] {processor.py:157} INFO - Started process (PID=2149) to work on /opt/airflow/dags/Part1.py
[2023-11-19T15:26:13.185+0000] {processor.py:829} INFO - Processing file /opt/airflow/dags/Part1.py for tasks to queue
[2023-11-19T15:26:13.189+0000] {logging_mixin.py:151} INFO - [2023-11-19T15:26:13.188+0000] {dagbag.py:536} INFO - Filling up the DagBag from /opt/airflow/dags/Part1.py
[2023-11-19T15:26:13.704+0000] {processor.py:839} INFO - DAG(s) dict_keys(['essai']) retrieved from /opt/airflow/dags/Part1.py
[2023-11-19T15:26:13.739+0000] {logging_mixin.py:151} INFO - [2023-11-19T15:26:13.739+0000] {dag.py:2941} INFO - Sync 1 DAGs
[2023-11-19T15:26:13.773+0000] {logging_mixin.py:151} INFO - [2023-11-19T15:26:13.773+0000] {dag.py:3722} INFO - Setting next_dagrun for essai to 2023-11-18T15:26:13.773051+00:00, run_after=2023-11-19T15:26:13.773051+00:00
[2023-11-19T15:26:13.799+0000] {processor.py:179} INFO - Processing /opt/airflow/dags/Part1.py took 0.621 seconds
[2023-11-19T15:26:44.172+0000] {processor.py:157} INFO - Started process (PID=2211) to work on /opt/airflow/dags/Part1.py
[2023-11-19T15:26:44.174+0000] {processor.py:829} INFO - Processing file /opt/airflow/dags/Part1.py for tasks to queue
[2023-11-19T15:26:44.177+0000] {logging_mixin.py:151} INFO - [2023-11-19T15:26:44.177+0000] {dagbag.py:536} INFO - Filling up the DagBag from /opt/airflow/dags/Part1.py
[2023-11-19T15:26:44.578+0000] {processor.py:839} INFO - DAG(s) dict_keys(['essai']) retrieved from /opt/airflow/dags/Part1.py
[2023-11-19T15:26:44.600+0000] {logging_mixin.py:151} INFO - [2023-11-19T15:26:44.600+0000] {dag.py:2941} INFO - Sync 1 DAGs
[2023-11-19T15:26:44.625+0000] {logging_mixin.py:151} INFO - [2023-11-19T15:26:44.624+0000] {dag.py:3722} INFO - Setting next_dagrun for essai to 2023-11-18T15:26:44.624741+00:00, run_after=2023-11-19T15:26:44.624741+00:00
[2023-11-19T15:26:44.650+0000] {processor.py:179} INFO - Processing /opt/airflow/dags/Part1.py took 0.482 seconds
[2023-11-19T15:27:14.791+0000] {processor.py:157} INFO - Started process (PID=2273) to work on /opt/airflow/dags/Part1.py
[2023-11-19T15:27:14.793+0000] {processor.py:829} INFO - Processing file /opt/airflow/dags/Part1.py for tasks to queue
[2023-11-19T15:27:14.796+0000] {logging_mixin.py:151} INFO - [2023-11-19T15:27:14.795+0000] {dagbag.py:536} INFO - Filling up the DagBag from /opt/airflow/dags/Part1.py
[2023-11-19T15:27:15.190+0000] {processor.py:839} INFO - DAG(s) dict_keys(['essai']) retrieved from /opt/airflow/dags/Part1.py
[2023-11-19T15:27:15.215+0000] {logging_mixin.py:151} INFO - [2023-11-19T15:27:15.215+0000] {dag.py:2941} INFO - Sync 1 DAGs
[2023-11-19T15:27:15.245+0000] {logging_mixin.py:151} INFO - [2023-11-19T15:27:15.244+0000] {dag.py:3722} INFO - Setting next_dagrun for essai to 2023-11-18T15:27:15.244544+00:00, run_after=2023-11-19T15:27:15.244544+00:00
[2023-11-19T15:27:15.277+0000] {processor.py:179} INFO - Processing /opt/airflow/dags/Part1.py took 0.490 seconds
[2023-11-19T15:27:45.437+0000] {processor.py:157} INFO - Started process (PID=2336) to work on /opt/airflow/dags/Part1.py
[2023-11-19T15:27:45.439+0000] {processor.py:829} INFO - Processing file /opt/airflow/dags/Part1.py for tasks to queue
[2023-11-19T15:27:45.441+0000] {logging_mixin.py:151} INFO - [2023-11-19T15:27:45.441+0000] {dagbag.py:536} INFO - Filling up the DagBag from /opt/airflow/dags/Part1.py
[2023-11-19T15:27:45.891+0000] {processor.py:839} INFO - DAG(s) dict_keys(['essai']) retrieved from /opt/airflow/dags/Part1.py
[2023-11-19T15:27:45.920+0000] {logging_mixin.py:151} INFO - [2023-11-19T15:27:45.920+0000] {dag.py:2941} INFO - Sync 1 DAGs
[2023-11-19T15:27:45.947+0000] {logging_mixin.py:151} INFO - [2023-11-19T15:27:45.946+0000] {dag.py:3722} INFO - Setting next_dagrun for essai to 2023-11-18T15:27:45.946740+00:00, run_after=2023-11-19T15:27:45.946740+00:00
[2023-11-19T15:27:45.972+0000] {processor.py:179} INFO - Processing /opt/airflow/dags/Part1.py took 0.540 seconds
[2023-11-19T15:28:16.132+0000] {processor.py:157} INFO - Started process (PID=2399) to work on /opt/airflow/dags/Part1.py
[2023-11-19T15:28:16.134+0000] {processor.py:829} INFO - Processing file /opt/airflow/dags/Part1.py for tasks to queue
[2023-11-19T15:28:16.137+0000] {logging_mixin.py:151} INFO - [2023-11-19T15:28:16.136+0000] {dagbag.py:536} INFO - Filling up the DagBag from /opt/airflow/dags/Part1.py
[2023-11-19T15:28:16.462+0000] {processor.py:839} INFO - DAG(s) dict_keys(['essai']) retrieved from /opt/airflow/dags/Part1.py
[2023-11-19T15:28:16.484+0000] {logging_mixin.py:151} INFO - [2023-11-19T15:28:16.484+0000] {dag.py:2941} INFO - Sync 1 DAGs
[2023-11-19T15:28:16.509+0000] {logging_mixin.py:151} INFO - [2023-11-19T15:28:16.509+0000] {dag.py:3722} INFO - Setting next_dagrun for essai to 2023-11-18T15:28:16.509244+00:00, run_after=2023-11-19T15:28:16.509244+00:00
[2023-11-19T15:28:16.531+0000] {processor.py:179} INFO - Processing /opt/airflow/dags/Part1.py took 0.402 seconds
[2023-11-19T15:28:47.067+0000] {processor.py:157} INFO - Started process (PID=2461) to work on /opt/airflow/dags/Part1.py
[2023-11-19T15:28:47.068+0000] {processor.py:829} INFO - Processing file /opt/airflow/dags/Part1.py for tasks to queue
[2023-11-19T15:28:47.071+0000] {logging_mixin.py:151} INFO - [2023-11-19T15:28:47.070+0000] {dagbag.py:536} INFO - Filling up the DagBag from /opt/airflow/dags/Part1.py
[2023-11-19T15:28:47.395+0000] {processor.py:839} INFO - DAG(s) dict_keys(['essai']) retrieved from /opt/airflow/dags/Part1.py
[2023-11-19T15:28:47.417+0000] {logging_mixin.py:151} INFO - [2023-11-19T15:28:47.417+0000] {dag.py:2941} INFO - Sync 1 DAGs
[2023-11-19T15:28:47.444+0000] {logging_mixin.py:151} INFO - [2023-11-19T15:28:47.444+0000] {dag.py:3722} INFO - Setting next_dagrun for essai to 2023-11-18T15:28:47.443953+00:00, run_after=2023-11-19T15:28:47.443953+00:00
[2023-11-19T15:28:47.468+0000] {processor.py:179} INFO - Processing /opt/airflow/dags/Part1.py took 0.405 seconds
[2023-11-19T15:29:17.754+0000] {processor.py:157} INFO - Started process (PID=2522) to work on /opt/airflow/dags/Part1.py
[2023-11-19T15:29:17.755+0000] {processor.py:829} INFO - Processing file /opt/airflow/dags/Part1.py for tasks to queue
[2023-11-19T15:29:17.758+0000] {logging_mixin.py:151} INFO - [2023-11-19T15:29:17.758+0000] {dagbag.py:536} INFO - Filling up the DagBag from /opt/airflow/dags/Part1.py
[2023-11-19T15:29:18.153+0000] {processor.py:839} INFO - DAG(s) dict_keys(['essai']) retrieved from /opt/airflow/dags/Part1.py
[2023-11-19T15:29:18.175+0000] {logging_mixin.py:151} INFO - [2023-11-19T15:29:18.175+0000] {dag.py:2941} INFO - Sync 1 DAGs
[2023-11-19T15:29:18.203+0000] {logging_mixin.py:151} INFO - [2023-11-19T15:29:18.203+0000] {dag.py:3722} INFO - Setting next_dagrun for essai to 2023-11-18T15:29:18.203181+00:00, run_after=2023-11-19T15:29:18.203181+00:00
[2023-11-19T15:29:18.227+0000] {processor.py:179} INFO - Processing /opt/airflow/dags/Part1.py took 0.477 seconds
[2023-11-19T15:29:48.523+0000] {processor.py:157} INFO - Started process (PID=2577) to work on /opt/airflow/dags/Part1.py
[2023-11-19T15:29:48.525+0000] {processor.py:829} INFO - Processing file /opt/airflow/dags/Part1.py for tasks to queue
[2023-11-19T15:29:48.528+0000] {logging_mixin.py:151} INFO - [2023-11-19T15:29:48.527+0000] {dagbag.py:536} INFO - Filling up the DagBag from /opt/airflow/dags/Part1.py
[2023-11-19T15:29:48.937+0000] {processor.py:839} INFO - DAG(s) dict_keys(['essai']) retrieved from /opt/airflow/dags/Part1.py
[2023-11-19T15:29:48.966+0000] {logging_mixin.py:151} INFO - [2023-11-19T15:29:48.966+0000] {dag.py:2941} INFO - Sync 1 DAGs
[2023-11-19T15:29:48.997+0000] {logging_mixin.py:151} INFO - [2023-11-19T15:29:48.997+0000] {dag.py:3722} INFO - Setting next_dagrun for essai to 2023-11-18T15:29:48.996675+00:00, run_after=2023-11-19T15:29:48.996675+00:00
[2023-11-19T15:29:49.025+0000] {processor.py:179} INFO - Processing /opt/airflow/dags/Part1.py took 0.506 seconds
[2023-11-19T15:30:20.243+0000] {processor.py:157} INFO - Started process (PID=2639) to work on /opt/airflow/dags/Part1.py
[2023-11-19T15:30:20.248+0000] {processor.py:829} INFO - Processing file /opt/airflow/dags/Part1.py for tasks to queue
[2023-11-19T15:30:20.252+0000] {logging_mixin.py:151} INFO - [2023-11-19T15:30:20.251+0000] {dagbag.py:536} INFO - Filling up the DagBag from /opt/airflow/dags/Part1.py
[2023-11-19T15:30:20.647+0000] {processor.py:839} INFO - DAG(s) dict_keys(['essai']) retrieved from /opt/airflow/dags/Part1.py
[2023-11-19T15:30:20.680+0000] {logging_mixin.py:151} INFO - [2023-11-19T15:30:20.679+0000] {dag.py:2941} INFO - Sync 1 DAGs
[2023-11-19T15:30:20.726+0000] {logging_mixin.py:151} INFO - [2023-11-19T15:30:20.725+0000] {dag.py:3722} INFO - Setting next_dagrun for essai to 2023-11-18T15:30:20.725748+00:00, run_after=2023-11-19T15:30:20.725748+00:00
[2023-11-19T15:30:20.750+0000] {processor.py:179} INFO - Processing /opt/airflow/dags/Part1.py took 0.515 seconds
[2023-11-19T15:30:50.926+0000] {processor.py:157} INFO - Started process (PID=2702) to work on /opt/airflow/dags/Part1.py
[2023-11-19T15:30:50.927+0000] {processor.py:829} INFO - Processing file /opt/airflow/dags/Part1.py for tasks to queue
[2023-11-19T15:30:50.930+0000] {logging_mixin.py:151} INFO - [2023-11-19T15:30:50.930+0000] {dagbag.py:536} INFO - Filling up the DagBag from /opt/airflow/dags/Part1.py
[2023-11-19T15:30:51.362+0000] {processor.py:839} INFO - DAG(s) dict_keys(['essai']) retrieved from /opt/airflow/dags/Part1.py
[2023-11-19T15:30:51.390+0000] {logging_mixin.py:151} INFO - [2023-11-19T15:30:51.390+0000] {dag.py:2941} INFO - Sync 1 DAGs
[2023-11-19T15:30:51.423+0000] {logging_mixin.py:151} INFO - [2023-11-19T15:30:51.423+0000] {dag.py:3722} INFO - Setting next_dagrun for essai to 2023-11-18T15:30:51.422980+00:00, run_after=2023-11-19T15:30:51.422980+00:00
[2023-11-19T15:30:51.450+0000] {processor.py:179} INFO - Processing /opt/airflow/dags/Part1.py took 0.528 seconds
[2023-11-19T15:31:21.613+0000] {processor.py:157} INFO - Started process (PID=2764) to work on /opt/airflow/dags/Part1.py
[2023-11-19T15:31:21.614+0000] {processor.py:829} INFO - Processing file /opt/airflow/dags/Part1.py for tasks to queue
[2023-11-19T15:31:21.617+0000] {logging_mixin.py:151} INFO - [2023-11-19T15:31:21.617+0000] {dagbag.py:536} INFO - Filling up the DagBag from /opt/airflow/dags/Part1.py
[2023-11-19T15:31:21.978+0000] {processor.py:839} INFO - DAG(s) dict_keys(['essai']) retrieved from /opt/airflow/dags/Part1.py
[2023-11-19T15:31:22.001+0000] {logging_mixin.py:151} INFO - [2023-11-19T15:31:22.001+0000] {dag.py:2941} INFO - Sync 1 DAGs
[2023-11-19T15:31:22.026+0000] {logging_mixin.py:151} INFO - [2023-11-19T15:31:22.026+0000] {dag.py:3722} INFO - Setting next_dagrun for essai to 2023-11-18T15:31:22.025845+00:00, run_after=2023-11-19T15:31:22.025845+00:00
[2023-11-19T15:31:22.050+0000] {processor.py:179} INFO - Processing /opt/airflow/dags/Part1.py took 0.441 seconds
[2023-11-19T15:31:52.136+0000] {processor.py:157} INFO - Started process (PID=2822) to work on /opt/airflow/dags/Part1.py
[2023-11-19T15:31:52.138+0000] {processor.py:829} INFO - Processing file /opt/airflow/dags/Part1.py for tasks to queue
[2023-11-19T15:31:52.141+0000] {logging_mixin.py:151} INFO - [2023-11-19T15:31:52.140+0000] {dagbag.py:536} INFO - Filling up the DagBag from /opt/airflow/dags/Part1.py
[2023-11-19T15:31:52.512+0000] {processor.py:839} INFO - DAG(s) dict_keys(['essai']) retrieved from /opt/airflow/dags/Part1.py
[2023-11-19T15:31:52.537+0000] {logging_mixin.py:151} INFO - [2023-11-19T15:31:52.537+0000] {dag.py:2941} INFO - Sync 1 DAGs
[2023-11-19T15:31:52.578+0000] {logging_mixin.py:151} INFO - [2023-11-19T15:31:52.578+0000] {dag.py:3722} INFO - Setting next_dagrun for essai to 2023-11-18T15:31:52.577864+00:00, run_after=2023-11-19T15:31:52.577864+00:00
[2023-11-19T15:31:52.653+0000] {processor.py:179} INFO - Processing /opt/airflow/dags/Part1.py took 0.522 seconds
[2023-11-19T15:32:24.254+0000] {processor.py:157} INFO - Started process (PID=2887) to work on /opt/airflow/dags/Part1.py
[2023-11-19T15:32:24.257+0000] {processor.py:829} INFO - Processing file /opt/airflow/dags/Part1.py for tasks to queue
[2023-11-19T15:32:24.267+0000] {logging_mixin.py:151} INFO - [2023-11-19T15:32:24.264+0000] {dagbag.py:536} INFO - Filling up the DagBag from /opt/airflow/dags/Part1.py
[2023-11-19T15:32:25.066+0000] {processor.py:839} INFO - DAG(s) dict_keys(['essai']) retrieved from /opt/airflow/dags/Part1.py
[2023-11-19T15:32:25.145+0000] {logging_mixin.py:151} INFO - [2023-11-19T15:32:25.145+0000] {dag.py:2941} INFO - Sync 1 DAGs
[2023-11-19T15:32:25.221+0000] {logging_mixin.py:151} INFO - [2023-11-19T15:32:25.221+0000] {dag.py:3722} INFO - Setting next_dagrun for essai to 2023-11-18T15:32:25.220764+00:00, run_after=2023-11-19T15:32:25.220764+00:00
[2023-11-19T15:32:25.264+0000] {processor.py:179} INFO - Processing /opt/airflow/dags/Part1.py took 1.019 seconds
[2023-11-19T15:32:55.639+0000] {processor.py:157} INFO - Started process (PID=2949) to work on /opt/airflow/dags/Part1.py
[2023-11-19T15:32:55.640+0000] {processor.py:829} INFO - Processing file /opt/airflow/dags/Part1.py for tasks to queue
[2023-11-19T15:32:55.644+0000] {logging_mixin.py:151} INFO - [2023-11-19T15:32:55.644+0000] {dagbag.py:536} INFO - Filling up the DagBag from /opt/airflow/dags/Part1.py
[2023-11-19T15:32:56.128+0000] {processor.py:839} INFO - DAG(s) dict_keys(['essai']) retrieved from /opt/airflow/dags/Part1.py
[2023-11-19T15:32:56.157+0000] {logging_mixin.py:151} INFO - [2023-11-19T15:32:56.156+0000] {dag.py:2941} INFO - Sync 1 DAGs
[2023-11-19T15:32:56.184+0000] {logging_mixin.py:151} INFO - [2023-11-19T15:32:56.184+0000] {dag.py:3722} INFO - Setting next_dagrun for essai to 2023-11-18T15:32:56.184239+00:00, run_after=2023-11-19T15:32:56.184239+00:00
[2023-11-19T15:32:56.207+0000] {processor.py:179} INFO - Processing /opt/airflow/dags/Part1.py took 0.574 seconds
[2023-11-19T15:33:26.871+0000] {processor.py:157} INFO - Started process (PID=3011) to work on /opt/airflow/dags/Part1.py
[2023-11-19T15:33:26.872+0000] {processor.py:829} INFO - Processing file /opt/airflow/dags/Part1.py for tasks to queue
[2023-11-19T15:33:26.876+0000] {logging_mixin.py:151} INFO - [2023-11-19T15:33:26.875+0000] {dagbag.py:536} INFO - Filling up the DagBag from /opt/airflow/dags/Part1.py
[2023-11-19T15:33:27.315+0000] {processor.py:839} INFO - DAG(s) dict_keys(['essai']) retrieved from /opt/airflow/dags/Part1.py
[2023-11-19T15:33:27.339+0000] {logging_mixin.py:151} INFO - [2023-11-19T15:33:27.338+0000] {dag.py:2941} INFO - Sync 1 DAGs
[2023-11-19T15:33:27.364+0000] {logging_mixin.py:151} INFO - [2023-11-19T15:33:27.364+0000] {dag.py:3722} INFO - Setting next_dagrun for essai to 2023-11-18T15:33:27.363861+00:00, run_after=2023-11-19T15:33:27.363861+00:00
[2023-11-19T15:33:27.386+0000] {processor.py:179} INFO - Processing /opt/airflow/dags/Part1.py took 0.521 seconds
[2023-11-19T15:33:57.560+0000] {processor.py:157} INFO - Started process (PID=3073) to work on /opt/airflow/dags/Part1.py
[2023-11-19T15:33:57.561+0000] {processor.py:829} INFO - Processing file /opt/airflow/dags/Part1.py for tasks to queue
[2023-11-19T15:33:57.564+0000] {logging_mixin.py:151} INFO - [2023-11-19T15:33:57.563+0000] {dagbag.py:536} INFO - Filling up the DagBag from /opt/airflow/dags/Part1.py
[2023-11-19T15:33:57.918+0000] {processor.py:839} INFO - DAG(s) dict_keys(['essai']) retrieved from /opt/airflow/dags/Part1.py
[2023-11-19T15:33:57.941+0000] {logging_mixin.py:151} INFO - [2023-11-19T15:33:57.940+0000] {dag.py:2941} INFO - Sync 1 DAGs
[2023-11-19T15:33:57.967+0000] {logging_mixin.py:151} INFO - [2023-11-19T15:33:57.967+0000] {dag.py:3722} INFO - Setting next_dagrun for essai to 2023-11-18T15:33:57.967069+00:00, run_after=2023-11-19T15:33:57.967069+00:00
[2023-11-19T15:33:57.989+0000] {processor.py:179} INFO - Processing /opt/airflow/dags/Part1.py took 0.433 seconds
[2023-11-19T15:34:28.117+0000] {processor.py:157} INFO - Started process (PID=3136) to work on /opt/airflow/dags/Part1.py
[2023-11-19T15:34:28.120+0000] {processor.py:829} INFO - Processing file /opt/airflow/dags/Part1.py for tasks to queue
[2023-11-19T15:34:28.125+0000] {logging_mixin.py:151} INFO - [2023-11-19T15:34:28.125+0000] {dagbag.py:536} INFO - Filling up the DagBag from /opt/airflow/dags/Part1.py
[2023-11-19T15:34:28.731+0000] {processor.py:839} INFO - DAG(s) dict_keys(['essai']) retrieved from /opt/airflow/dags/Part1.py
[2023-11-19T15:34:28.767+0000] {logging_mixin.py:151} INFO - [2023-11-19T15:34:28.767+0000] {dag.py:2941} INFO - Sync 1 DAGs
[2023-11-19T15:34:28.815+0000] {logging_mixin.py:151} INFO - [2023-11-19T15:34:28.815+0000] {dag.py:3722} INFO - Setting next_dagrun for essai to 2023-11-18T15:34:28.814636+00:00, run_after=2023-11-19T15:34:28.814636+00:00
[2023-11-19T15:34:28.855+0000] {processor.py:179} INFO - Processing /opt/airflow/dags/Part1.py took 0.747 seconds
[2023-11-19T15:34:59.005+0000] {processor.py:157} INFO - Started process (PID=3197) to work on /opt/airflow/dags/Part1.py
[2023-11-19T15:34:59.007+0000] {processor.py:829} INFO - Processing file /opt/airflow/dags/Part1.py for tasks to queue
[2023-11-19T15:34:59.010+0000] {logging_mixin.py:151} INFO - [2023-11-19T15:34:59.009+0000] {dagbag.py:536} INFO - Filling up the DagBag from /opt/airflow/dags/Part1.py
[2023-11-19T15:34:59.351+0000] {processor.py:839} INFO - DAG(s) dict_keys(['essai']) retrieved from /opt/airflow/dags/Part1.py
[2023-11-19T15:34:59.373+0000] {logging_mixin.py:151} INFO - [2023-11-19T15:34:59.373+0000] {dag.py:2941} INFO - Sync 1 DAGs
[2023-11-19T15:34:59.398+0000] {logging_mixin.py:151} INFO - [2023-11-19T15:34:59.398+0000] {dag.py:3722} INFO - Setting next_dagrun for essai to 2023-11-18T15:34:59.397919+00:00, run_after=2023-11-19T15:34:59.397919+00:00
[2023-11-19T15:34:59.420+0000] {processor.py:179} INFO - Processing /opt/airflow/dags/Part1.py took 0.419 seconds
[2023-11-19T15:35:29.925+0000] {processor.py:157} INFO - Started process (PID=3255) to work on /opt/airflow/dags/Part1.py
[2023-11-19T15:35:29.926+0000] {processor.py:829} INFO - Processing file /opt/airflow/dags/Part1.py for tasks to queue
[2023-11-19T15:35:29.929+0000] {logging_mixin.py:151} INFO - [2023-11-19T15:35:29.929+0000] {dagbag.py:536} INFO - Filling up the DagBag from /opt/airflow/dags/Part1.py
[2023-11-19T15:35:30.245+0000] {processor.py:839} INFO - DAG(s) dict_keys(['essai']) retrieved from /opt/airflow/dags/Part1.py
[2023-11-19T15:35:30.267+0000] {logging_mixin.py:151} INFO - [2023-11-19T15:35:30.266+0000] {dag.py:2941} INFO - Sync 1 DAGs
[2023-11-19T15:35:30.291+0000] {logging_mixin.py:151} INFO - [2023-11-19T15:35:30.291+0000] {dag.py:3722} INFO - Setting next_dagrun for essai to 2023-11-18T15:35:30.290963+00:00, run_after=2023-11-19T15:35:30.290963+00:00
[2023-11-19T15:35:30.310+0000] {processor.py:179} INFO - Processing /opt/airflow/dags/Part1.py took 0.389 seconds
[2023-11-19T15:36:00.589+0000] {processor.py:157} INFO - Started process (PID=3317) to work on /opt/airflow/dags/Part1.py
[2023-11-19T15:36:00.591+0000] {processor.py:829} INFO - Processing file /opt/airflow/dags/Part1.py for tasks to queue
[2023-11-19T15:36:00.595+0000] {logging_mixin.py:151} INFO - [2023-11-19T15:36:00.595+0000] {dagbag.py:536} INFO - Filling up the DagBag from /opt/airflow/dags/Part1.py
[2023-11-19T15:36:00.969+0000] {processor.py:839} INFO - DAG(s) dict_keys(['essai']) retrieved from /opt/airflow/dags/Part1.py
[2023-11-19T15:36:00.994+0000] {logging_mixin.py:151} INFO - [2023-11-19T15:36:00.994+0000] {dag.py:2941} INFO - Sync 1 DAGs
[2023-11-19T15:36:01.023+0000] {logging_mixin.py:151} INFO - [2023-11-19T15:36:01.022+0000] {dag.py:3722} INFO - Setting next_dagrun for essai to 2023-11-18T15:36:01.022618+00:00, run_after=2023-11-19T15:36:01.022618+00:00
[2023-11-19T15:36:01.049+0000] {processor.py:179} INFO - Processing /opt/airflow/dags/Part1.py took 0.464 seconds
[2023-11-19T15:36:32.020+0000] {processor.py:157} INFO - Started process (PID=3379) to work on /opt/airflow/dags/Part1.py
[2023-11-19T15:36:32.021+0000] {processor.py:829} INFO - Processing file /opt/airflow/dags/Part1.py for tasks to queue
[2023-11-19T15:36:32.024+0000] {logging_mixin.py:151} INFO - [2023-11-19T15:36:32.024+0000] {dagbag.py:536} INFO - Filling up the DagBag from /opt/airflow/dags/Part1.py
[2023-11-19T15:36:32.589+0000] {processor.py:839} INFO - DAG(s) dict_keys(['essai']) retrieved from /opt/airflow/dags/Part1.py
[2023-11-19T15:36:32.624+0000] {logging_mixin.py:151} INFO - [2023-11-19T15:36:32.624+0000] {dag.py:2941} INFO - Sync 1 DAGs
[2023-11-19T15:36:32.665+0000] {logging_mixin.py:151} INFO - [2023-11-19T15:36:32.665+0000] {dag.py:3722} INFO - Setting next_dagrun for essai to 2023-11-18T15:36:32.664667+00:00, run_after=2023-11-19T15:36:32.664667+00:00
[2023-11-19T15:36:32.696+0000] {processor.py:179} INFO - Processing /opt/airflow/dags/Part1.py took 0.682 seconds
[2023-11-19T15:37:02.805+0000] {processor.py:157} INFO - Started process (PID=3443) to work on /opt/airflow/dags/Part1.py
[2023-11-19T15:37:02.807+0000] {processor.py:829} INFO - Processing file /opt/airflow/dags/Part1.py for tasks to queue
[2023-11-19T15:37:02.809+0000] {logging_mixin.py:151} INFO - [2023-11-19T15:37:02.809+0000] {dagbag.py:536} INFO - Filling up the DagBag from /opt/airflow/dags/Part1.py
[2023-11-19T15:37:03.130+0000] {processor.py:839} INFO - DAG(s) dict_keys(['essai']) retrieved from /opt/airflow/dags/Part1.py
[2023-11-19T15:37:03.152+0000] {logging_mixin.py:151} INFO - [2023-11-19T15:37:03.151+0000] {dag.py:2941} INFO - Sync 1 DAGs
[2023-11-19T15:37:03.177+0000] {logging_mixin.py:151} INFO - [2023-11-19T15:37:03.177+0000] {dag.py:3722} INFO - Setting next_dagrun for essai to 2023-11-18T15:37:03.177316+00:00, run_after=2023-11-19T15:37:03.177316+00:00
[2023-11-19T15:37:03.200+0000] {processor.py:179} INFO - Processing /opt/airflow/dags/Part1.py took 0.399 seconds
[2023-11-19T15:37:33.404+0000] {processor.py:157} INFO - Started process (PID=3505) to work on /opt/airflow/dags/Part1.py
[2023-11-19T15:37:33.406+0000] {processor.py:829} INFO - Processing file /opt/airflow/dags/Part1.py for tasks to queue
[2023-11-19T15:37:33.409+0000] {logging_mixin.py:151} INFO - [2023-11-19T15:37:33.408+0000] {dagbag.py:536} INFO - Filling up the DagBag from /opt/airflow/dags/Part1.py
[2023-11-19T15:37:33.740+0000] {processor.py:839} INFO - DAG(s) dict_keys(['essai']) retrieved from /opt/airflow/dags/Part1.py
[2023-11-19T15:37:33.764+0000] {logging_mixin.py:151} INFO - [2023-11-19T15:37:33.764+0000] {dag.py:2941} INFO - Sync 1 DAGs
[2023-11-19T15:37:33.797+0000] {logging_mixin.py:151} INFO - [2023-11-19T15:37:33.797+0000] {dag.py:3722} INFO - Setting next_dagrun for essai to 2023-11-18T15:37:33.797225+00:00, run_after=2023-11-19T15:37:33.797225+00:00
[2023-11-19T15:37:33.821+0000] {processor.py:179} INFO - Processing /opt/airflow/dags/Part1.py took 0.420 seconds
