[2023-11-19T22:38:08.551+0000] {taskinstance.py:1159} INFO - Dependencies all met for dep_context=non-requeueable deps ti=<TaskInstance: Projet1.join_table manual__2023-11-19T22:36:58.751167+00:00 [queued]>
[2023-11-19T22:38:08.580+0000] {taskinstance.py:1159} INFO - Dependencies all met for dep_context=requeueable deps ti=<TaskInstance: Projet1.join_table manual__2023-11-19T22:36:58.751167+00:00 [queued]>
[2023-11-19T22:38:08.581+0000] {taskinstance.py:1361} INFO - Starting attempt 1 of 1
[2023-11-19T22:38:08.601+0000] {taskinstance.py:1382} INFO - Executing <Task(PostgresOperator): join_table> on 2023-11-19 22:36:58.751167+00:00
[2023-11-19T22:38:08.620+0000] {standard_task_runner.py:57} INFO - Started process 2989 to run task
[2023-11-19T22:38:08.629+0000] {standard_task_runner.py:84} INFO - Running: ['***', 'tasks', 'run', 'Projet1', 'join_table', 'manual__2023-11-19T22:36:58.751167+00:00', '--job-id', '321', '--raw', '--subdir', 'DAGS_FOLDER/Projet.py', '--cfg-path', '/tmp/tmpu1xey9g7']
[2023-11-19T22:38:08.634+0000] {standard_task_runner.py:85} INFO - Job 321: Subtask join_table
[2023-11-19T22:38:08.745+0000] {task_command.py:416} INFO - Running <TaskInstance: Projet1.join_table manual__2023-11-19T22:36:58.751167+00:00 [running]> on host b36ebcee5948
[2023-11-19T22:38:08.922+0000] {taskinstance.py:1662} INFO - Exporting env vars: AIRFLOW_CTX_DAG_OWNER='***' AIRFLOW_CTX_DAG_ID='Projet1' AIRFLOW_CTX_TASK_ID='join_table' AIRFLOW_CTX_EXECUTION_DATE='2023-11-19T22:36:58.751167+00:00' AIRFLOW_CTX_TRY_NUMBER='1' AIRFLOW_CTX_DAG_RUN_ID='manual__2023-11-19T22:36:58.751167+00:00'
[2023-11-19T22:38:08.935+0000] {sql.py:274} INFO - Executing: -- Utilisez la conversion explicite des types de données dans la clause INNER JOIN
SELECT *
FROM "Urgences"
INNER JOIN "Departements" ON "Urgences".dep = "Departements".num_dep;


SELECT *
FROM "Urgences"
INNER JOIN Age ON "Urgences".sursaud_cl_age_corona = "Age"."Code tranches d'age";

--je dois renommer la colonne tranches d'age a cause de ' sino  on aura des erreurs 
[2023-11-19T22:38:08.956+0000] {base.py:73} INFO - Using connection ID 'postgres_connexion' for task execution.
[2023-11-19T22:38:08.970+0000] {base.py:73} INFO - Using connection ID 'postgres_connexion' for task execution.
[2023-11-19T22:38:09.008+0000] {sql.py:418} INFO - Running statement: -- Utilisez la conversion explicite des types de données dans la clause INNER JOIN
SELECT *
FROM "Urgences"
INNER JOIN "Departements" ON "Urgences".dep = "Departements".num_dep;


SELECT *
FROM "Urgences"
INNER JOIN Age ON "Urgences".sursaud_cl_age_corona = "Age"."Code tranches d'age";

--je dois renommer la colonne tranches d'age a cause de ' sino  on aura des erreurs , parameters: None
[2023-11-19T22:38:09.295+0000] {taskinstance.py:1937} ERROR - Task failed with exception
Traceback (most recent call last):
  File "/home/airflow/.local/lib/python3.8/site-packages/airflow/providers/common/sql/operators/sql.py", line 280, in execute
    output = hook.run(
  File "/home/airflow/.local/lib/python3.8/site-packages/airflow/providers/common/sql/hooks/sql.py", line 392, in run
    self._run_command(cur, sql_statement, parameters)
  File "/home/airflow/.local/lib/python3.8/site-packages/airflow/providers/common/sql/hooks/sql.py", line 423, in _run_command
    cur.execute(sql_statement)
psycopg2.errors.UndefinedTable: relation "age" does not exist
LINE 9: INNER JOIN Age ON "Urgences".sursaud_cl_age_corona = "Age"."...
                   ^

[2023-11-19T22:38:09.314+0000] {taskinstance.py:1400} INFO - Marking task as FAILED. dag_id=Projet1, task_id=join_table, execution_date=20231119T223658, start_date=20231119T223808, end_date=20231119T223809
[2023-11-19T22:38:09.342+0000] {standard_task_runner.py:104} ERROR - Failed to execute job 321 for task join_table (relation "age" does not exist
LINE 9: INNER JOIN Age ON "Urgences".sursaud_cl_age_corona = "Age"."...
                   ^
; 2989)
[2023-11-19T22:38:09.368+0000] {local_task_job_runner.py:228} INFO - Task exited with return code 1
[2023-11-19T22:38:09.405+0000] {taskinstance.py:2778} INFO - 0 downstream tasks scheduled from follow-on schedule check
