[2023-11-12T22:12:34.800+0000] {taskinstance.py:1159} INFO - Dependencies all met for dep_context=non-requeueable deps ti=<TaskInstance: Projet1.Extract manual__2023-11-12T22:12:32.129984+00:00 [queued]>
[2023-11-12T22:12:34.809+0000] {taskinstance.py:1159} INFO - Dependencies all met for dep_context=requeueable deps ti=<TaskInstance: Projet1.Extract manual__2023-11-12T22:12:32.129984+00:00 [queued]>
[2023-11-12T22:12:34.810+0000] {taskinstance.py:1361} INFO - Starting attempt 1 of 1
[2023-11-12T22:12:34.823+0000] {taskinstance.py:1382} INFO - Executing <Task(PythonOperator): Extract> on 2023-11-12 22:12:32.129984+00:00
[2023-11-12T22:12:34.830+0000] {standard_task_runner.py:57} INFO - Started process 34022 to run task
[2023-11-12T22:12:34.834+0000] {standard_task_runner.py:84} INFO - Running: ['***', 'tasks', 'run', 'Projet1', 'Extract', 'manual__2023-11-12T22:12:32.129984+00:00', '--job-id', '161', '--raw', '--subdir', 'DAGS_FOLDER/Projet.py', '--cfg-path', '/tmp/tmpp5xu8m4o']
[2023-11-12T22:12:34.836+0000] {standard_task_runner.py:85} INFO - Job 161: Subtask Extract
[2023-11-12T22:12:34.901+0000] {task_command.py:416} INFO - Running <TaskInstance: Projet1.Extract manual__2023-11-12T22:12:32.129984+00:00 [running]> on host fb26c01043df
[2023-11-12T22:12:34.993+0000] {taskinstance.py:1662} INFO - Exporting env vars: AIRFLOW_CTX_DAG_OWNER='***' AIRFLOW_CTX_DAG_ID='Projet1' AIRFLOW_CTX_TASK_ID='Extract' AIRFLOW_CTX_EXECUTION_DATE='2023-11-12T22:12:32.129984+00:00' AIRFLOW_CTX_TRY_NUMBER='1' AIRFLOW_CTX_DAG_RUN_ID='manual__2023-11-12T22:12:32.129984+00:00'
[2023-11-12T22:12:35.257+0000] {logging_mixin.py:151} INFO -        dep;date_de_passage;sursaud_cl_age_corona;nbre_pass_corona;nbre_pass_tot;nbre_hospit_corona;nbre_pass_corona_h;nbre_pass_corona_f;nbre_pass_tot_h;nbre_pass_tot_f;nbre_hospit_corona_h;nbre_hospit_corona_f;nbre_acte_corona;nbre_acte_tot;nbre_acte_corona_h;nbre_acte_corona_f;nbre_acte_tot_h;nbre_acte_tot_f
0           01;2022-12-26;0;9;435;4;6;3;219;216;1;3;;;;;;                                                                                                                                                                                                                                                              
1                      01;2022-12-26;1;0;58;0;;;;;;;;;;;;                                                                                                                                                                                                                                                              
2                      01;2022-12-26;2;0;30;0;;;;;;;;;;;;                                                                                                                                                                                                                                                              
3                     01;2022-12-26;3;1;138;0;;;;;;;;;;;;                                                                                                                                                                                                                                                              
4                      01;2022-12-26;4;1;88;0;;;;;;;;;;;;                                                                                                                                                                                                                                                              
...                                                   ...                                                                                                                                                                                                                                                              
214216                 976;2023-10-24;2;0;4;0;;;;;;;;;;;;                                                                                                                                                                                                                                                              
214217                976;2023-10-24;3;0;22;0;;;;;;;;;;;;                                                                                                                                                                                                                                                              
214218                 976;2023-10-24;4;0;6;0;;;;;;;;;;;;                                                                                                                                                                                                                                                              
214219                 976;2023-10-24;5;0;1;0;;;;;;;;;;;;                                                                                                                                                                                                                                                              
214220                    976;2023-10-24;6;;;;;;;;;;;;;;;                                                                                                                                                                                                                                                              

[214221 rows x 1 columns]
[2023-11-12T22:12:35.260+0000] {taskinstance.py:1937} ERROR - Task failed with exception
Traceback (most recent call last):
  File "/home/airflow/.local/lib/python3.8/site-packages/airflow/operators/python.py", line 192, in execute
    return_value = self.execute_callable()
  File "/home/airflow/.local/lib/python3.8/site-packages/airflow/operators/python.py", line 209, in execute_callable
    return self.python_callable(*self.op_args, **self.op_kwargs)
  File "/opt/airflow/dags/Projet.py", line 19, in extract_data
    df_age = pd.read_csv(csv_file_path_age, dtype="unicode",  sep=",", usecols = [ "Code tranches d'age", "Age"])
  File "/home/airflow/.local/lib/python3.8/site-packages/pandas/io/parsers/readers.py", line 912, in read_csv
    return _read(filepath_or_buffer, kwds)
  File "/home/airflow/.local/lib/python3.8/site-packages/pandas/io/parsers/readers.py", line 577, in _read
    parser = TextFileReader(filepath_or_buffer, **kwds)
  File "/home/airflow/.local/lib/python3.8/site-packages/pandas/io/parsers/readers.py", line 1407, in __init__
    self._engine = self._make_engine(f, self.engine)
  File "/home/airflow/.local/lib/python3.8/site-packages/pandas/io/parsers/readers.py", line 1679, in _make_engine
    return mapping[engine](f, **self.options)
  File "/home/airflow/.local/lib/python3.8/site-packages/pandas/io/parsers/c_parser_wrapper.py", line 140, in __init__
    self._validate_usecols_names(usecols, self.orig_names)
  File "/home/airflow/.local/lib/python3.8/site-packages/pandas/io/parsers/base_parser.py", line 959, in _validate_usecols_names
    raise ValueError(
ValueError: Usecols do not match columns, columns expected but not found: ["Code tranches d'age", 'Age']
[2023-11-12T22:12:35.272+0000] {taskinstance.py:1400} INFO - Marking task as FAILED. dag_id=Projet1, task_id=Extract, execution_date=20231112T221232, start_date=20231112T221234, end_date=20231112T221235
[2023-11-12T22:12:35.284+0000] {standard_task_runner.py:104} ERROR - Failed to execute job 161 for task Extract (Usecols do not match columns, columns expected but not found: ["Code tranches d'age", 'Age']; 34022)
[2023-11-12T22:12:35.331+0000] {local_task_job_runner.py:228} INFO - Task exited with return code 1
[2023-11-12T22:12:35.365+0000] {taskinstance.py:2778} INFO - 0 downstream tasks scheduled from follow-on schedule check
