[2023-11-22T13:47:23.028+0000] {taskinstance.py:1159} INFO - Dependencies all met for dep_context=non-requeueable deps ti=<TaskInstance: Projet1.create_table manual__2023-11-22T13:47:06.949908+00:00 [queued]>
[2023-11-22T13:47:23.112+0000] {taskinstance.py:1159} INFO - Dependencies all met for dep_context=requeueable deps ti=<TaskInstance: Projet1.create_table manual__2023-11-22T13:47:06.949908+00:00 [queued]>
[2023-11-22T13:47:23.114+0000] {taskinstance.py:1361} INFO - Starting attempt 1 of 1
[2023-11-22T13:47:23.195+0000] {taskinstance.py:1382} INFO - Executing <Task(PostgresOperator): create_table> on 2023-11-22 13:47:06.949908+00:00
[2023-11-22T13:47:23.243+0000] {standard_task_runner.py:57} INFO - Started process 403 to run task
[2023-11-22T13:47:23.251+0000] {standard_task_runner.py:84} INFO - Running: ['***', 'tasks', 'run', 'Projet1', 'create_table', 'manual__2023-11-22T13:47:06.949908+00:00', '--job-id', '366', '--raw', '--subdir', 'DAGS_FOLDER/Projet.py', '--cfg-path', '/tmp/tmp24s6jlme']
[2023-11-22T13:47:23.254+0000] {standard_task_runner.py:85} INFO - Job 366: Subtask create_table
[2023-11-22T13:47:23.389+0000] {task_command.py:416} INFO - Running <TaskInstance: Projet1.create_table manual__2023-11-22T13:47:06.949908+00:00 [running]> on host b36ebcee5948
[2023-11-22T13:47:23.664+0000] {taskinstance.py:1662} INFO - Exporting env vars: AIRFLOW_CTX_DAG_OWNER='***' AIRFLOW_CTX_DAG_ID='Projet1' AIRFLOW_CTX_TASK_ID='create_table' AIRFLOW_CTX_EXECUTION_DATE='2023-11-22T13:47:06.949908+00:00' AIRFLOW_CTX_TRY_NUMBER='1' AIRFLOW_CTX_DAG_RUN_ID='manual__2023-11-22T13:47:06.949908+00:00'
[2023-11-22T13:47:23.676+0000] {sql.py:274} INFO - Executing: 
-- DROP TABLE IF EXISTS "Urgences";

-- CREATE TABLE IF NOT EXISTS "Urgences"(
--     dep VARCHAR(255),
--     sursaud_cl_age_corona VARCHAR(255), 
--     nbre_pass_corona FLOAT, 
--     nbre_pass_tot FLOAT, 
--     nbre_hospit_corona FLOAT,
--     nbre_pass_corona_h FLOAT, 
--     nbre_pass_corona_f FLOAT, 
--     nbre_pass_tot_h FLOAT, 
--     nbre_pass_tot_f FLOAT,
--     nbre_hospit_corona_h FLOAT, 
--     nbre_hospit_corona_f FLOAT, 
--     nbre_acte_corona FLOAT, 
--     nbre_acte_tot FLOAT,
--     nbre_acte_corona_h FLOAT, 
--     nbre_acte_corona_f FLOAT, 
--     nbre_acte_tot_h FLOAT, 
--     nbre_acte_tot_f FLOAT,
--     FOREIGN KEY (dep) REFERENCES "Departements"(num_dep),
--     FOREIGN KEY (sursaud_cl_age_corona) REFERENCES "Age"(Code_age)
-- );

-- DROP TABLE IF EXISTS "Departements";
-- CREATE TABLE IF NOT EXISTS "Departements"
-- (
--     num_dep VARCHAR(255) PRIMARY KEY,
--     dep_name VARCHAR(255),
--     region_name VARCHAR(255)
-- );


-- DROP TABLE IF EXISTS "Age";

-- CREATE TABLE IF NOT EXISTS "Age"
-- (
--    Code_age VARCHAR(255) PRIMARY KEY,
--    age VARCHAR(255)
-- );
-- Supprimer la table si elle existe déjà
DROP TABLE IF EXISTS "Urgences";

-- Supprimer la table "Departements" si elle existe déjà
DROP TABLE IF EXISTS "Departements";

-- Supprimer la table "Age" si elle existe déjà
DROP TABLE IF EXISTS "Age";

-- Créer la nouvelle table "Departements"
CREATE TABLE "Departements" (
    num_dep VARCHAR(255) PRIMARY KEY,
    dep_name VARCHAR(255),
    region_name VARCHAR(255)
);

-- Créer la nouvelle table "Age"
CREATE TABLE "Age" (
   Code_age VARCHAR(255) PRIMARY KEY,
   age VARCHAR(255)
);

-- Créer la nouvelle table "Urgences" avec les clés étrangères
CREATE TABLE "Urgences" (
    dep VARCHAR(255) REFERENCES "Departements"(num_dep),
    sursaud_cl_age_corona VARCHAR(255), 
    nbre_pass_corona FLOAT, 
    nbre_pass_tot FLOAT, 
    nbre_hospit_corona FLOAT,
    nbre_pass_corona_h FLOAT, 
    nbre_pass_corona_f FLOAT, 
    nbre_pass_tot_h FLOAT, 
    nbre_pass_tot_f FLOAT,
    nbre_hospit_corona_h FLOAT, 
    nbre_hospit_corona_f FLOAT, 
    nbre_acte_corona FLOAT, 
    nbre_acte_tot FLOAT,
    nbre_acte_corona_h FLOAT, 
    nbre_acte_corona_f FLOAT, 
    nbre_acte_tot_h FLOAT, 
    nbre_acte_tot_f FLOAT,
    FOREIGN KEY (dep) REFERENCES "Departements"(num_dep),
    FOREIGN KEY (sursaud_cl_age_corona) REFERENCES "Age"(Code_age)
);




[2023-11-22T13:47:23.703+0000] {base.py:73} INFO - Using connection ID 'postgres_connexion' for task execution.
[2023-11-22T13:47:23.724+0000] {base.py:73} INFO - Using connection ID 'postgres_connexion' for task execution.
[2023-11-22T13:47:24.115+0000] {sql.py:418} INFO - Running statement: 
-- DROP TABLE IF EXISTS "Urgences";

-- CREATE TABLE IF NOT EXISTS "Urgences"(
--     dep VARCHAR(255),
--     sursaud_cl_age_corona VARCHAR(255), 
--     nbre_pass_corona FLOAT, 
--     nbre_pass_tot FLOAT, 
--     nbre_hospit_corona FLOAT,
--     nbre_pass_corona_h FLOAT, 
--     nbre_pass_corona_f FLOAT, 
--     nbre_pass_tot_h FLOAT, 
--     nbre_pass_tot_f FLOAT,
--     nbre_hospit_corona_h FLOAT, 
--     nbre_hospit_corona_f FLOAT, 
--     nbre_acte_corona FLOAT, 
--     nbre_acte_tot FLOAT,
--     nbre_acte_corona_h FLOAT, 
--     nbre_acte_corona_f FLOAT, 
--     nbre_acte_tot_h FLOAT, 
--     nbre_acte_tot_f FLOAT,
--     FOREIGN KEY (dep) REFERENCES "Departements"(num_dep),
--     FOREIGN KEY (sursaud_cl_age_corona) REFERENCES "Age"(Code_age)
-- );

-- DROP TABLE IF EXISTS "Departements";
-- CREATE TABLE IF NOT EXISTS "Departements"
-- (
--     num_dep VARCHAR(255) PRIMARY KEY,
--     dep_name VARCHAR(255),
--     region_name VARCHAR(255)
-- );


-- DROP TABLE IF EXISTS "Age";

-- CREATE TABLE IF NOT EXISTS "Age"
-- (
--    Code_age VARCHAR(255) PRIMARY KEY,
--    age VARCHAR(255)
-- );
-- Supprimer la table si elle existe déjà
DROP TABLE IF EXISTS "Urgences";

-- Supprimer la table "Departements" si elle existe déjà
DROP TABLE IF EXISTS "Departements";

-- Supprimer la table "Age" si elle existe déjà
DROP TABLE IF EXISTS "Age";

-- Créer la nouvelle table "Departements"
CREATE TABLE "Departements" (
    num_dep VARCHAR(255) PRIMARY KEY,
    dep_name VARCHAR(255),
    region_name VARCHAR(255)
);

-- Créer la nouvelle table "Age"
CREATE TABLE "Age" (
   Code_age VARCHAR(255) PRIMARY KEY,
   age VARCHAR(255)
);

-- Créer la nouvelle table "Urgences" avec les clés étrangères
CREATE TABLE "Urgences" (
    dep VARCHAR(255) REFERENCES "Departements"(num_dep),
    sursaud_cl_age_corona VARCHAR(255), 
    nbre_pass_corona FLOAT, 
    nbre_pass_tot FLOAT, 
    nbre_hospit_corona FLOAT,
    nbre_pass_corona_h FLOAT, 
    nbre_pass_corona_f FLOAT, 
    nbre_pass_tot_h FLOAT, 
    nbre_pass_tot_f FLOAT,
    nbre_hospit_corona_h FLOAT, 
    nbre_hospit_corona_f FLOAT, 
    nbre_acte_corona FLOAT, 
    nbre_acte_tot FLOAT,
    nbre_acte_corona_h FLOAT, 
    nbre_acte_corona_f FLOAT, 
    nbre_acte_tot_h FLOAT, 
    nbre_acte_tot_f FLOAT,
    FOREIGN KEY (dep) REFERENCES "Departements"(num_dep),
    FOREIGN KEY (sursaud_cl_age_corona) REFERENCES "Age"(Code_age)
);



, parameters: None
[2023-11-22T13:47:24.395+0000] {taskinstance.py:1400} INFO - Marking task as SUCCESS. dag_id=Projet1, task_id=create_table, execution_date=20231122T134706, start_date=20231122T134723, end_date=20231122T134724
[2023-11-22T13:47:24.446+0000] {local_task_job_runner.py:228} INFO - Task exited with return code 0
[2023-11-22T13:47:24.516+0000] {taskinstance.py:2778} INFO - 1 downstream tasks scheduled from follow-on schedule check
