[2023-11-15T16:48:48.343+0000] {taskinstance.py:1159} INFO - Dependencies all met for dep_context=non-requeueable deps ti=<TaskInstance: Projet1.Extract manual__2023-11-15T16:48:45.704403+00:00 [queued]>
[2023-11-15T16:48:48.355+0000] {taskinstance.py:1159} INFO - Dependencies all met for dep_context=requeueable deps ti=<TaskInstance: Projet1.Extract manual__2023-11-15T16:48:45.704403+00:00 [queued]>
[2023-11-15T16:48:48.356+0000] {taskinstance.py:1361} INFO - Starting attempt 1 of 1
[2023-11-15T16:48:48.372+0000] {taskinstance.py:1382} INFO - Executing <Task(PythonOperator): Extract> on 2023-11-15 16:48:45.704403+00:00
[2023-11-15T16:48:48.383+0000] {standard_task_runner.py:57} INFO - Started process 54158 to run task
[2023-11-15T16:48:48.389+0000] {standard_task_runner.py:84} INFO - Running: ['***', 'tasks', 'run', 'Projet1', 'Extract', 'manual__2023-11-15T16:48:45.704403+00:00', '--job-id', '192', '--raw', '--subdir', 'DAGS_FOLDER/Projet.py', '--cfg-path', '/tmp/tmp4w8_qop0']
[2023-11-15T16:48:48.392+0000] {standard_task_runner.py:85} INFO - Job 192: Subtask Extract
[2023-11-15T16:48:48.494+0000] {task_command.py:416} INFO - Running <TaskInstance: Projet1.Extract manual__2023-11-15T16:48:45.704403+00:00 [running]> on host fb26c01043df
[2023-11-15T16:48:48.621+0000] {taskinstance.py:1662} INFO - Exporting env vars: AIRFLOW_CTX_DAG_OWNER='***' AIRFLOW_CTX_DAG_ID='Projet1' AIRFLOW_CTX_TASK_ID='Extract' AIRFLOW_CTX_EXECUTION_DATE='2023-11-15T16:48:45.704403+00:00' AIRFLOW_CTX_TRY_NUMBER='1' AIRFLOW_CTX_DAG_RUN_ID='manual__2023-11-15T16:48:45.704403+00:00'
[2023-11-15T16:48:48.952+0000] {warnings.py:109} WARNING - /opt/***/dags/Projet.py:15: DtypeWarning: Columns (0) have mixed types. Specify dtype option on import or set low_memory=False.
  df_urgences = pd.read_csv(csv_file_path_urgences,  delimiter=';' )

[2023-11-15T16:48:49.013+0000] {logging_mixin.py:151} INFO -    Code tranches d'age             Age
0                    0       tous âges
1                    1         0-4 ans
2                    2        5-14 ans
3                    3       15-44 ans
4                    4       45-64 ans
5                    5       65-74 ans
6                    6  75 ans ou plus
[2023-11-15T16:48:49.216+0000] {logging_mixin.py:151} INFO - khchkfchjbmklhnùlkhl===================
[2023-11-15T16:48:49.218+0000] {logging_mixin.py:151} INFO - 0           1
1           1
2           1
3           1
4           1
         ... 
214216    976
214217    976
214218    976
214219    976
214220    976
Name: dep, Length: 214221, dtype: object
[2023-11-15T16:48:49.219+0000] {logging_mixin.py:151} INFO - khchkfchjbmklhnùlkhl===================
[2023-11-15T16:48:49.221+0000] {python.py:194} INFO - Done. Returned value was: None
[2023-11-15T16:48:49.232+0000] {taskinstance.py:1400} INFO - Marking task as SUCCESS. dag_id=Projet1, task_id=Extract, execution_date=20231115T164845, start_date=20231115T164848, end_date=20231115T164849
[2023-11-15T16:48:49.293+0000] {local_task_job_runner.py:228} INFO - Task exited with return code 0
[2023-11-15T16:48:49.325+0000] {taskinstance.py:2778} INFO - 1 downstream tasks scheduled from follow-on schedule check
