[2023-11-11T16:58:40.570+0000] {taskinstance.py:1159} INFO - Dependencies all met for dep_context=non-requeueable deps ti=<TaskInstance: ProjetETL.telechargement_fichier1 manual__2023-11-11T16:53:35.473752+00:00 [queued]>
[2023-11-11T16:58:40.579+0000] {taskinstance.py:1159} INFO - Dependencies all met for dep_context=requeueable deps ti=<TaskInstance: ProjetETL.telechargement_fichier1 manual__2023-11-11T16:53:35.473752+00:00 [queued]>
[2023-11-11T16:58:40.580+0000] {taskinstance.py:1361} INFO - Starting attempt 2 of 2
[2023-11-11T16:58:40.594+0000] {taskinstance.py:1382} INFO - Executing <Task(BashOperator): telechargement_fichier1> on 2023-11-11 16:53:35.473752+00:00
[2023-11-11T16:58:40.600+0000] {standard_task_runner.py:57} INFO - Started process 24948 to run task
[2023-11-11T16:58:40.603+0000] {standard_task_runner.py:84} INFO - Running: ['***', 'tasks', 'run', 'ProjetETL', 'telechargement_fichier1', 'manual__2023-11-11T16:53:35.473752+00:00', '--job-id', '68', '--raw', '--subdir', 'DAGS_FOLDER/Projet.py', '--cfg-path', '/tmp/tmptmvia9u9']
[2023-11-11T16:58:40.605+0000] {standard_task_runner.py:85} INFO - Job 68: Subtask telechargement_fichier1
[2023-11-11T16:58:40.654+0000] {task_command.py:416} INFO - Running <TaskInstance: ProjetETL.telechargement_fichier1 manual__2023-11-11T16:53:35.473752+00:00 [running]> on host fb26c01043df
[2023-11-11T16:58:40.737+0000] {taskinstance.py:1662} INFO - Exporting env vars: AIRFLOW_CTX_DAG_EMAIL='***@example.com' AIRFLOW_CTX_DAG_OWNER='***' AIRFLOW_CTX_DAG_ID='ProjetETL' AIRFLOW_CTX_TASK_ID='telechargement_fichier1' AIRFLOW_CTX_EXECUTION_DATE='2023-11-11T16:53:35.473752+00:00' AIRFLOW_CTX_TRY_NUMBER='2' AIRFLOW_CTX_DAG_RUN_ID='manual__2023-11-11T16:53:35.473752+00:00'
[2023-11-11T16:58:40.741+0000] {subprocess.py:63} INFO - Tmp dir root location: /tmp
[2023-11-11T16:58:40.742+0000] {subprocess.py:75} INFO - Running command: ['/bin/bash', '-c', 'curl --keepalive-time 600 -o $AIRFLOW_HOME/data/code-tranches-dage-donnees-urgences.csv']
[2023-11-11T16:58:40.754+0000] {subprocess.py:86} INFO - Output:
[2023-11-11T16:58:40.767+0000] {subprocess.py:93} INFO - curl: no URL specified!
[2023-11-11T16:58:40.768+0000] {subprocess.py:93} INFO - curl: try 'curl --help' or 'curl --manual' for more information
[2023-11-11T16:58:40.769+0000] {subprocess.py:97} INFO - Command exited with return code 2
[2023-11-11T16:58:40.781+0000] {taskinstance.py:1937} ERROR - Task failed with exception
Traceback (most recent call last):
  File "/home/airflow/.local/lib/python3.8/site-packages/airflow/operators/bash.py", line 210, in execute
    raise AirflowException(
airflow.exceptions.AirflowException: Bash command failed. The command returned a non-zero exit code 2.
[2023-11-11T16:58:40.785+0000] {taskinstance.py:1400} INFO - Marking task as FAILED. dag_id=ProjetETL, task_id=telechargement_fichier1, execution_date=20231111T165335, start_date=20231111T165840, end_date=20231111T165840
[2023-11-11T16:58:40.801+0000] {standard_task_runner.py:104} ERROR - Failed to execute job 68 for task telechargement_fichier1 (Bash command failed. The command returned a non-zero exit code 2.; 24948)
[2023-11-11T16:58:40.816+0000] {local_task_job_runner.py:228} INFO - Task exited with return code 1
[2023-11-11T16:58:40.834+0000] {taskinstance.py:2778} INFO - 0 downstream tasks scheduled from follow-on schedule check
