[2023-11-08T11:28:00.405+0000] {taskinstance.py:1159} INFO - Dependencies all met for dep_context=non-requeueable deps ti=<TaskInstance: FirstDag.templated scheduled__2023-11-07T11:27:15.179567+00:00 [queued]>
[2023-11-08T11:28:00.417+0000] {taskinstance.py:1159} INFO - Dependencies all met for dep_context=requeueable deps ti=<TaskInstance: FirstDag.templated scheduled__2023-11-07T11:27:15.179567+00:00 [queued]>
[2023-11-08T11:28:00.418+0000] {taskinstance.py:1361} INFO - Starting attempt 1 of 2
[2023-11-08T11:28:00.441+0000] {taskinstance.py:1382} INFO - Executing <Task(BashOperator): templated> on 2023-11-07 11:27:15.179567+00:00
[2023-11-08T11:28:00.447+0000] {standard_task_runner.py:57} INFO - Started process 135 to run task
[2023-11-08T11:28:00.458+0000] {standard_task_runner.py:84} INFO - Running: ['***', 'tasks', 'run', 'FirstDag', 'templated', 'scheduled__2023-11-07T11:27:15.179567+00:00', '--job-id', '13', '--raw', '--subdir', 'DAGS_FOLDER/test/dag_sample.py', '--cfg-path', '/tmp/tmpoixs4mct']
[2023-11-08T11:28:00.477+0000] {standard_task_runner.py:85} INFO - Job 13: Subtask templated
[2023-11-08T11:28:00.706+0000] {task_command.py:416} INFO - Running <TaskInstance: FirstDag.templated scheduled__2023-11-07T11:27:15.179567+00:00 [running]> on host 804f32b99ebb
[2023-11-08T11:28:00.992+0000] {taskinstance.py:1662} INFO - Exporting env vars: AIRFLOW_CTX_DAG_EMAIL='***@example.com' AIRFLOW_CTX_DAG_OWNER='***' AIRFLOW_CTX_DAG_ID='FirstDag' AIRFLOW_CTX_TASK_ID='templated' AIRFLOW_CTX_EXECUTION_DATE='2023-11-07T11:27:15.179567+00:00' AIRFLOW_CTX_TRY_NUMBER='1' AIRFLOW_CTX_DAG_RUN_ID='scheduled__2023-11-07T11:27:15.179567+00:00'
[2023-11-08T11:28:01.074+0000] {subprocess.py:63} INFO - Tmp dir root location: /tmp
[2023-11-08T11:28:01.081+0000] {subprocess.py:75} INFO - Running command: ['/bin/bash', '-c', '\n\n    echo "2023-11-07"\n    echo "2023-11-14"\n    echo "Parameter I passed in"\n\n    echo "2023-11-07"\n    echo "2023-11-14"\n    echo "Parameter I passed in"\n\n    echo "2023-11-07"\n    echo "2023-11-14"\n    echo "Parameter I passed in"\n\n    echo "2023-11-07"\n    echo "2023-11-14"\n    echo "Parameter I passed in"\n\n    echo "2023-11-07"\n    echo "2023-11-14"\n    echo "Parameter I passed in"\n']
[2023-11-08T11:28:01.155+0000] {subprocess.py:86} INFO - Output:
[2023-11-08T11:28:01.164+0000] {subprocess.py:93} INFO - 2023-11-07
[2023-11-08T11:28:01.166+0000] {subprocess.py:93} INFO - 2023-11-14
[2023-11-08T11:28:01.170+0000] {subprocess.py:93} INFO - Parameter I passed in
[2023-11-08T11:28:01.172+0000] {subprocess.py:93} INFO - 2023-11-07
[2023-11-08T11:28:01.173+0000] {subprocess.py:93} INFO - 2023-11-14
[2023-11-08T11:28:01.174+0000] {subprocess.py:93} INFO - Parameter I passed in
[2023-11-08T11:28:01.175+0000] {subprocess.py:93} INFO - 2023-11-07
[2023-11-08T11:28:01.176+0000] {subprocess.py:93} INFO - 2023-11-14
[2023-11-08T11:28:01.177+0000] {subprocess.py:93} INFO - Parameter I passed in
[2023-11-08T11:28:01.178+0000] {subprocess.py:93} INFO - 2023-11-07
[2023-11-08T11:28:01.178+0000] {subprocess.py:93} INFO - 2023-11-14
[2023-11-08T11:28:01.180+0000] {subprocess.py:93} INFO - Parameter I passed in
[2023-11-08T11:28:01.181+0000] {subprocess.py:93} INFO - 2023-11-07
[2023-11-08T11:28:01.181+0000] {subprocess.py:93} INFO - 2023-11-14
[2023-11-08T11:28:01.182+0000] {subprocess.py:93} INFO - Parameter I passed in
[2023-11-08T11:28:01.183+0000] {subprocess.py:97} INFO - Command exited with return code 0
[2023-11-08T11:28:01.247+0000] {taskinstance.py:1400} INFO - Marking task as SUCCESS. dag_id=FirstDag, task_id=templated, execution_date=20231107T112715, start_date=20231108T112800, end_date=20231108T112801
[2023-11-08T11:28:01.280+0000] {local_task_job_runner.py:228} INFO - Task exited with return code 0
[2023-11-08T11:28:01.310+0000] {taskinstance.py:2778} INFO - 0 downstream tasks scheduled from follow-on schedule check
