[2023-11-22T14:39:53.224+0000] {taskinstance.py:1159} INFO - Dependencies all met for dep_context=non-requeueable deps ti=<TaskInstance: Projet1.create_table manual__2023-11-22T14:39:48.900244+00:00 [queued]>
[2023-11-22T14:39:53.238+0000] {taskinstance.py:1159} INFO - Dependencies all met for dep_context=requeueable deps ti=<TaskInstance: Projet1.create_table manual__2023-11-22T14:39:48.900244+00:00 [queued]>
[2023-11-22T14:39:53.239+0000] {taskinstance.py:1361} INFO - Starting attempt 1 of 1
[2023-11-22T14:39:53.261+0000] {taskinstance.py:1382} INFO - Executing <Task(PostgresOperator): create_table> on 2023-11-22 14:39:48.900244+00:00
[2023-11-22T14:39:53.271+0000] {standard_task_runner.py:57} INFO - Started process 1205 to run task
[2023-11-22T14:39:53.274+0000] {standard_task_runner.py:84} INFO - Running: ['***', 'tasks', 'run', 'Projet1', 'create_table', 'manual__2023-11-22T14:39:48.900244+00:00', '--job-id', '395', '--raw', '--subdir', 'DAGS_FOLDER/Projet.py', '--cfg-path', '/tmp/tmpwwm_mam6']
[2023-11-22T14:39:53.276+0000] {standard_task_runner.py:85} INFO - Job 395: Subtask create_table
[2023-11-22T14:39:53.360+0000] {task_command.py:416} INFO - Running <TaskInstance: Projet1.create_table manual__2023-11-22T14:39:48.900244+00:00 [running]> on host b36ebcee5948
[2023-11-22T14:39:53.464+0000] {taskinstance.py:1662} INFO - Exporting env vars: AIRFLOW_CTX_DAG_OWNER='***' AIRFLOW_CTX_DAG_ID='Projet1' AIRFLOW_CTX_TASK_ID='create_table' AIRFLOW_CTX_EXECUTION_DATE='2023-11-22T14:39:48.900244+00:00' AIRFLOW_CTX_TRY_NUMBER='1' AIRFLOW_CTX_DAG_RUN_ID='manual__2023-11-22T14:39:48.900244+00:00'
[2023-11-22T14:39:53.467+0000] {sql.py:274} INFO - Executing: 

-- CREATE TABLE IF NOT EXISTS "Urgences"(
--     dep VARCHAR(255),
--     sursaud_cl_age_corona VARCHAR(255), 
--     nbre_pass_corona FLOAT, 
--     nbre_pass_tot FLOAT, 
--     nbre_hospit_corona FLOAT,
--     nbre_pass_corona_h FLOAT, 
--     nbre_pass_corona_f FLOAT, 
--     nbre_pass_tot_h FLOAT, 
--     nbre_pass_tot_f FLOAT,
--     nbre_hospit_corona_h FLOAT, 
--     nbre_hospit_corona_f FLOAT, 
--     nbre_acte_corona FLOAT, 
--     nbre_acte_tot FLOAT,
--     nbre_acte_corona_h FLOAT, 
--     nbre_acte_corona_f FLOAT, 
--     nbre_acte_tot_h FLOAT, 
--     nbre_acte_tot_f FLOAT
-- );

-- CREATE TABLE IF NOT EXISTS "Departements"
-- (
--     num_dep VARCHAR(255) ,
--     dep_name VARCHAR(255),
--     region_name VARCHAR(255)
-- );


-- CREATE TABLE IF NOT EXISTS "Age"
-- (
--    Code_age VARCHAR(255),
--    age VARCHAR(255)
-- );

-- Supprimer la contrainte de clé étrangère dans "Urgences" si elle existe
ALTER TABLE "Urgences" DROP CONSTRAINT IF EXISTS Urgences_dep_fkey CASCADE;

-- Supprimer la contrainte de clé étrangère dans "Urgences" si elle existe
ALTER TABLE "Urgences" DROP CONSTRAINT IF EXISTS Urgences_dep_fkey1 CASCADE;

-- Supprimer la table "Urgences" si elle existe
DROP TABLE IF EXISTS "Urgences" CASCADE;

-- Supprimer la table "Departements" si elle existe
DROP TABLE IF EXISTS "Departements" CASCADE;

-- Supprimer la table "Age" si elle existe

DROP TABLE IF EXISTS "De" CASCADE;

DROP TABLE IF EXISTS "D" CASCADE;

DROP TABLE IF EXISTS "Dep";
DROP TABLE IF EXISTS "d";
DROP TABLE IF EXISTS "departements";
DROP TABLE IF EXISTS "prix";
DROP TABLE IF EXISTS "urgences";


[2023-11-22T14:39:53.479+0000] {base.py:73} INFO - Using connection ID 'postgres_connexion' for task execution.
[2023-11-22T14:39:53.486+0000] {base.py:73} INFO - Using connection ID 'postgres_connexion' for task execution.
[2023-11-22T14:39:53.522+0000] {sql.py:418} INFO - Running statement: 

-- CREATE TABLE IF NOT EXISTS "Urgences"(
--     dep VARCHAR(255),
--     sursaud_cl_age_corona VARCHAR(255), 
--     nbre_pass_corona FLOAT, 
--     nbre_pass_tot FLOAT, 
--     nbre_hospit_corona FLOAT,
--     nbre_pass_corona_h FLOAT, 
--     nbre_pass_corona_f FLOAT, 
--     nbre_pass_tot_h FLOAT, 
--     nbre_pass_tot_f FLOAT,
--     nbre_hospit_corona_h FLOAT, 
--     nbre_hospit_corona_f FLOAT, 
--     nbre_acte_corona FLOAT, 
--     nbre_acte_tot FLOAT,
--     nbre_acte_corona_h FLOAT, 
--     nbre_acte_corona_f FLOAT, 
--     nbre_acte_tot_h FLOAT, 
--     nbre_acte_tot_f FLOAT
-- );

-- CREATE TABLE IF NOT EXISTS "Departements"
-- (
--     num_dep VARCHAR(255) ,
--     dep_name VARCHAR(255),
--     region_name VARCHAR(255)
-- );


-- CREATE TABLE IF NOT EXISTS "Age"
-- (
--    Code_age VARCHAR(255),
--    age VARCHAR(255)
-- );

-- Supprimer la contrainte de clé étrangère dans "Urgences" si elle existe
ALTER TABLE "Urgences" DROP CONSTRAINT IF EXISTS Urgences_dep_fkey CASCADE;

-- Supprimer la contrainte de clé étrangère dans "Urgences" si elle existe
ALTER TABLE "Urgences" DROP CONSTRAINT IF EXISTS Urgences_dep_fkey1 CASCADE;

-- Supprimer la table "Urgences" si elle existe
DROP TABLE IF EXISTS "Urgences" CASCADE;

-- Supprimer la table "Departements" si elle existe
DROP TABLE IF EXISTS "Departements" CASCADE;

-- Supprimer la table "Age" si elle existe

DROP TABLE IF EXISTS "De" CASCADE;

DROP TABLE IF EXISTS "D" CASCADE;

DROP TABLE IF EXISTS "Dep";
DROP TABLE IF EXISTS "d";
DROP TABLE IF EXISTS "departements";
DROP TABLE IF EXISTS "prix";
DROP TABLE IF EXISTS "urgences";

, parameters: None
[2023-11-22T14:39:53.534+0000] {taskinstance.py:1937} ERROR - Task failed with exception
Traceback (most recent call last):
  File "/home/airflow/.local/lib/python3.8/site-packages/airflow/providers/common/sql/operators/sql.py", line 280, in execute
    output = hook.run(
  File "/home/airflow/.local/lib/python3.8/site-packages/airflow/providers/common/sql/hooks/sql.py", line 392, in run
    self._run_command(cur, sql_statement, parameters)
  File "/home/airflow/.local/lib/python3.8/site-packages/airflow/providers/common/sql/hooks/sql.py", line 423, in _run_command
    cur.execute(sql_statement)
psycopg2.errors.UndefinedTable: relation "Urgences" does not exist

[2023-11-22T14:39:53.547+0000] {taskinstance.py:1400} INFO - Marking task as FAILED. dag_id=Projet1, task_id=create_table, execution_date=20231122T143948, start_date=20231122T143953, end_date=20231122T143953
[2023-11-22T14:39:53.560+0000] {standard_task_runner.py:104} ERROR - Failed to execute job 395 for task create_table (relation "Urgences" does not exist
; 1205)
[2023-11-22T14:39:53.569+0000] {local_task_job_runner.py:228} INFO - Task exited with return code 1
[2023-11-22T14:39:53.592+0000] {taskinstance.py:2778} INFO - 0 downstream tasks scheduled from follow-on schedule check
