[2023-11-20T22:03:11.326+0000] {taskinstance.py:1159} INFO - Dependencies all met for dep_context=non-requeueable deps ti=<TaskInstance: Projet1.join_table manual__2023-11-20T22:02:01.831389+00:00 [queued]>
[2023-11-20T22:03:11.353+0000] {taskinstance.py:1159} INFO - Dependencies all met for dep_context=requeueable deps ti=<TaskInstance: Projet1.join_table manual__2023-11-20T22:02:01.831389+00:00 [queued]>
[2023-11-20T22:03:11.354+0000] {taskinstance.py:1361} INFO - Starting attempt 1 of 1
[2023-11-20T22:03:11.377+0000] {taskinstance.py:1382} INFO - Executing <Task(PostgresOperator): join_table> on 2023-11-20 22:02:01.831389+00:00
[2023-11-20T22:03:11.388+0000] {standard_task_runner.py:57} INFO - Started process 2458 to run task
[2023-11-20T22:03:11.394+0000] {standard_task_runner.py:84} INFO - Running: ['***', 'tasks', 'run', 'Projet1', 'join_table', 'manual__2023-11-20T22:02:01.831389+00:00', '--job-id', '352', '--raw', '--subdir', 'DAGS_FOLDER/Projet.py', '--cfg-path', '/tmp/tmpqrtgw44m']
[2023-11-20T22:03:11.397+0000] {standard_task_runner.py:85} INFO - Job 352: Subtask join_table
[2023-11-20T22:03:11.477+0000] {task_command.py:416} INFO - Running <TaskInstance: Projet1.join_table manual__2023-11-20T22:02:01.831389+00:00 [running]> on host b36ebcee5948
[2023-11-20T22:03:11.576+0000] {taskinstance.py:1662} INFO - Exporting env vars: AIRFLOW_CTX_DAG_OWNER='***' AIRFLOW_CTX_DAG_ID='Projet1' AIRFLOW_CTX_TASK_ID='join_table' AIRFLOW_CTX_EXECUTION_DATE='2023-11-20T22:02:01.831389+00:00' AIRFLOW_CTX_TRY_NUMBER='1' AIRFLOW_CTX_DAG_RUN_ID='manual__2023-11-20T22:02:01.831389+00:00'
[2023-11-20T22:03:11.579+0000] {sql.py:274} INFO - Executing: SELECT *
FROM "Urgences"
INNER JOIN "Departements" ON "Urgences".dep = "Departements".num_dep;




--SELECT *
--FROM Urgences
--INNER JOIN Age ON Urgences.sursaud_cl_age_corona = Age.Code tranches d'age;



[2023-11-20T22:03:11.590+0000] {base.py:73} INFO - Using connection ID 'postgres_connexion' for task execution.
[2023-11-20T22:03:11.600+0000] {base.py:73} INFO - Using connection ID 'postgres_connexion' for task execution.
[2023-11-20T22:03:11.617+0000] {sql.py:418} INFO - Running statement: SELECT *
FROM "Urgences"
INNER JOIN "Departements" ON "Urgences".dep = "Departements".num_dep;




--SELECT *
--FROM Urgences
--INNER JOIN Age ON Urgences.sursaud_cl_age_corona = Age.Code tranches d'age;


, parameters: None
[2023-11-20T22:03:11.700+0000] {sql.py:427} INFO - Rows affected: 0
[2023-11-20T22:03:11.730+0000] {taskinstance.py:1400} INFO - Marking task as SUCCESS. dag_id=Projet1, task_id=join_table, execution_date=20231120T220201, start_date=20231120T220311, end_date=20231120T220311
[2023-11-20T22:03:11.768+0000] {local_task_job_runner.py:228} INFO - Task exited with return code 0
[2023-11-20T22:03:11.799+0000] {taskinstance.py:2778} INFO - 1 downstream tasks scheduled from follow-on schedule check
