[2023-11-23T19:07:53.828+0000] {taskinstance.py:1159} INFO - Dependencies all met for dep_context=non-requeueable deps ti=<TaskInstance: Projet1.install_matplotlib manual__2023-11-23T19:07:49.752638+00:00 [queued]>
[2023-11-23T19:07:53.842+0000] {taskinstance.py:1159} INFO - Dependencies all met for dep_context=requeueable deps ti=<TaskInstance: Projet1.install_matplotlib manual__2023-11-23T19:07:49.752638+00:00 [queued]>
[2023-11-23T19:07:53.842+0000] {taskinstance.py:1361} INFO - Starting attempt 1 of 1
[2023-11-23T19:07:53.856+0000] {taskinstance.py:1382} INFO - Executing <Task(BashOperator): install_matplotlib> on 2023-11-23 19:07:49.752638+00:00
[2023-11-23T19:07:53.862+0000] {standard_task_runner.py:57} INFO - Started process 538 to run task
[2023-11-23T19:07:53.865+0000] {standard_task_runner.py:84} INFO - Running: ['***', 'tasks', 'run', 'Projet1', 'install_matplotlib', 'manual__2023-11-23T19:07:49.752638+00:00', '--job-id', '642', '--raw', '--subdir', 'DAGS_FOLDER/Projet.py', '--cfg-path', '/tmp/tmp82tsv5pw']
[2023-11-23T19:07:53.867+0000] {standard_task_runner.py:85} INFO - Job 642: Subtask install_matplotlib
[2023-11-23T19:07:53.916+0000] {task_command.py:416} INFO - Running <TaskInstance: Projet1.install_matplotlib manual__2023-11-23T19:07:49.752638+00:00 [running]> on host b36ebcee5948
[2023-11-23T19:07:54.004+0000] {taskinstance.py:1662} INFO - Exporting env vars: AIRFLOW_CTX_DAG_OWNER='***' AIRFLOW_CTX_DAG_ID='Projet1' AIRFLOW_CTX_TASK_ID='install_matplotlib' AIRFLOW_CTX_EXECUTION_DATE='2023-11-23T19:07:49.752638+00:00' AIRFLOW_CTX_TRY_NUMBER='1' AIRFLOW_CTX_DAG_RUN_ID='manual__2023-11-23T19:07:49.752638+00:00'
[2023-11-23T19:07:54.014+0000] {subprocess.py:63} INFO - Tmp dir root location: /tmp
[2023-11-23T19:07:54.016+0000] {subprocess.py:75} INFO - Running command: ['/bin/bash', '-c', 'pip install matplotlib']
[2023-11-23T19:07:54.031+0000] {subprocess.py:86} INFO - Output:
[2023-11-23T19:07:55.654+0000] {subprocess.py:93} INFO - Defaulting to user installation because normal site-packages is not writeable
[2023-11-23T19:07:55.980+0000] {subprocess.py:93} INFO - Requirement already satisfied: matplotlib in /home/***/.local/lib/python3.8/site-packages (3.7.4)
[2023-11-23T19:07:55.992+0000] {subprocess.py:93} INFO - Requirement already satisfied: pillow>=6.2.0 in /home/***/.local/lib/python3.8/site-packages (from matplotlib) (10.1.0)
[2023-11-23T19:07:55.993+0000] {subprocess.py:93} INFO - Requirement already satisfied: python-dateutil>=2.7 in /home/***/.local/lib/python3.8/site-packages (from matplotlib) (2.8.2)
[2023-11-23T19:07:55.994+0000] {subprocess.py:93} INFO - Requirement already satisfied: contourpy>=1.0.1 in /home/***/.local/lib/python3.8/site-packages (from matplotlib) (1.1.1)
[2023-11-23T19:07:55.995+0000] {subprocess.py:93} INFO - Requirement already satisfied: pyparsing>=2.3.1 in /home/***/.local/lib/python3.8/site-packages (from matplotlib) (3.1.1)
[2023-11-23T19:07:55.996+0000] {subprocess.py:93} INFO - Requirement already satisfied: kiwisolver>=1.0.1 in /home/***/.local/lib/python3.8/site-packages (from matplotlib) (1.4.5)
[2023-11-23T19:07:55.996+0000] {subprocess.py:93} INFO - Requirement already satisfied: packaging>=20.0 in /home/***/.local/lib/python3.8/site-packages (from matplotlib) (23.2)
[2023-11-23T19:07:55.997+0000] {subprocess.py:93} INFO - Requirement already satisfied: cycler>=0.10 in /home/***/.local/lib/python3.8/site-packages (from matplotlib) (0.12.1)
[2023-11-23T19:07:55.999+0000] {subprocess.py:93} INFO - Requirement already satisfied: importlib-resources>=3.2.0 in /home/***/.local/lib/python3.8/site-packages (from matplotlib) (6.1.0)
[2023-11-23T19:07:55.999+0000] {subprocess.py:93} INFO - Requirement already satisfied: numpy<2,>=1.20 in /home/***/.local/lib/python3.8/site-packages (from matplotlib) (1.24.4)
[2023-11-23T19:07:56.000+0000] {subprocess.py:93} INFO - Requirement already satisfied: fonttools>=4.22.0 in /home/***/.local/lib/python3.8/site-packages (from matplotlib) (4.45.1)
[2023-11-23T19:07:56.109+0000] {subprocess.py:93} INFO - Requirement already satisfied: zipp>=3.1.0 in /home/***/.local/lib/python3.8/site-packages (from importlib-resources>=3.2.0->matplotlib) (3.17.0)
[2023-11-23T19:07:56.141+0000] {subprocess.py:93} INFO - Requirement already satisfied: six>=1.5 in /home/***/.local/lib/python3.8/site-packages (from python-dateutil>=2.7->matplotlib) (1.16.0)
[2023-11-23T19:08:03.583+0000] {subprocess.py:93} INFO - 
[2023-11-23T19:08:03.584+0000] {subprocess.py:93} INFO - [notice] A new release of pip is available: 23.0.1 -> 23.3.1
[2023-11-23T19:08:03.584+0000] {subprocess.py:93} INFO - [notice] To update, run: pip install --upgrade pip
[2023-11-23T19:08:03.797+0000] {subprocess.py:97} INFO - Command exited with return code 0
[2023-11-23T19:08:03.829+0000] {taskinstance.py:1400} INFO - Marking task as SUCCESS. dag_id=Projet1, task_id=install_matplotlib, execution_date=20231123T190749, start_date=20231123T190753, end_date=20231123T190803
[2023-11-23T19:08:03.865+0000] {local_task_job_runner.py:228} INFO - Task exited with return code 0
[2023-11-23T19:08:03.887+0000] {taskinstance.py:2778} INFO - 1 downstream tasks scheduled from follow-on schedule check
